#                                                                            --- full sequence --- -------------- this domain -------------   hmm coord   ali coord   env coord
# target name        accession   tlen query name           accession   qlen   E-value  score  bias   #  of  c-Evalue  i-Evalue  score  bias  from    to  from    to  from    to  acc description of target
#------------------- ---------- ----- -------------------- ---------- ----- --------- ------ ----- --- --- --------- --------- ------ ----- ----- ----- ----- ----- ----- ----- ---- ---------------------
408_g                -            484 11057at5794          -            390  2.9e-206  683.1  20.3   1   1  5.3e-207  2.2e-204  676.9  20.3     1   390     9   456     9   456 0.91 -
2206_g               -            532 11057at5794          -            390   6.8e-81  270.3  14.8   1   2   0.00023     0.094    9.7   0.1     8    30    14    35     7    69 0.71 -
2206_g               -            532 11057at5794          -            390   6.8e-81  270.3  14.8   2   2   1.7e-80   6.9e-78  260.4  11.2    24   382   121   530   117   532 0.83 -
620_g                -            823 11057at5794          -            390   5.6e-09   33.5   0.4   1   3      0.38   1.6e+02   -0.8   0.1   183   241     8    72     5    93 0.74 -
620_g                -            823 11057at5794          -            390   5.6e-09   33.5   0.4   2   3   2.7e-07   0.00011   19.4   0.0    52   104   246   298   239   358 0.80 -
620_g                -            823 11057at5794          -            390   5.6e-09   33.5   0.4   3   3   0.00015      0.06   10.4   0.0    51    98   518   564   509   576 0.85 -
1815_g               -           1129 11057at5794          -            390   1.3e-06   25.7   0.0   1   2   5.6e-05     0.023   11.8   0.0    52    76   360   384   353   409 0.89 -
1815_g               -           1129 11057at5794          -            390   1.3e-06   25.7   0.0   2   2   7.7e-05     0.032   11.3   0.0    51   100   737   785   731   812 0.85 -
1193_g               -            703 11057at5794          -            390   3.4e-06   24.4   0.5   1   2   1.6e-07   6.5e-05   20.2   0.0    52    90   288   325   278   377 0.83 -
1193_g               -            703 11057at5794          -            390   3.4e-06   24.4   0.5   2   2     0.049        20    2.1   0.1   225   271   614   662   584   697 0.76 -
4508_g               -            783 11057at5794          -            390   6.8e-05   20.1   0.0   1   2   0.00026      0.11    9.5   0.0    52   104   291   343   270   385 0.82 -
4508_g               -            783 11057at5794          -            390   6.8e-05   20.1   0.0   2   2   0.00079      0.33    8.0   0.0    39    81   557   600   541   633 0.74 -
2159_g               -            965 11057at5794          -            390   9.5e-05   19.6   0.2   1   3    0.0073         3    4.8   0.0    46    87   234   274   217   295 0.81 -
2159_g               -            965 11057at5794          -            390   9.5e-05   19.6   0.2   2   3       1.9     8e+02   -3.2   0.1   119   159   522   562   515   582 0.66 -
2159_g               -            965 11057at5794          -            390   9.5e-05   19.6   0.2   3   3   5.7e-05     0.023   11.7   0.0    52    99   605   651   594   775 0.67 -
2561_g               -            424 11057at5794          -            390    0.0004   17.5   0.0   1   1   1.7e-06   0.00071   16.7   0.0    52   144   199   293   188   311 0.71 -
1265_g               -            449 11057at5794          -            390    0.0024   15.0   0.0   1   1   1.1e-05    0.0047   14.0   0.0    51    94   155   197   146   212 0.82 -
1790_g               -           1031 11057at5794          -            390    0.0037   14.4   4.8   1   3       1.9     8e+02   -3.2   0.3   329   380   263   317   241   320 0.72 -
1790_g               -           1031 11057at5794          -            390    0.0037   14.4   4.8   2   3    0.0056       2.3    5.2   0.0    44    76   476   508   455   527 0.82 -
1790_g               -           1031 11057at5794          -            390    0.0037   14.4   4.8   3   3   0.00014      0.06   10.4   0.3   306   372   607   676   601   695 0.68 -
2481_g               -            946 11057at5794          -            390    0.0042   14.2   0.0   1   1     2e-05    0.0081   13.3   0.0    52    95   274   316   266   355 0.73 -
2025_g               -            441 11057at5794          -            390     0.017   12.2   0.0   1   1   8.8e-05     0.036   11.1   0.0    52    90   193   230   183   290 0.81 -
#
# Program:         hmmsearch
# Version:         3.1b2 (February 2015)
# Pipeline mode:   SEARCH
# Query file:      /mnt/e/Bioinformatics/Semester2/BINP29/Malaria Project/Genomes/Parsed/busco_downloads/lineages/apicomplexa_odb10/hmms/11057at5794.hmm
# Target file:     /mnt/e/Bioinformatics/Semester2/BINP29/Malaria Project/Genomes/Parsed/Pk_new.faa
# Option settings: hmmsearch --domtblout /mnt/e/Bioinformatics/Semester2/BINP29/Malaria Project/Genomes/Parsed/Pk/run_apicomplexa_odb10/hmmer_output/initial_run_results/11057at5794.out --cpu 1 /mnt/e/Bioinformatics/Semester2/BINP29/Malaria Project/Genomes/Parsed/busco_downloads/lineages/apicomplexa_odb10/hmms/11057at5794.hmm /mnt/e/Bioinformatics/Semester2/BINP29/Malaria Project/Genomes/Parsed/Pk_new.faa 
# Current dir:     /mnt/e/Bioinformatics/Semester2/BINP29/Malaria Project/Genomes/Parsed
# Date:            Wed Mar  1 19:30:08 2023
# [ok]
