#                                                                            --- full sequence --- -------------- this domain -------------   hmm coord   ali coord   env coord
# target name        accession   tlen query name           accession   qlen   E-value  score  bias   #  of  c-Evalue  i-Evalue  score  bias  from    to  from    to  from    to  acc description of target
#------------------- ---------- ----- -------------------- ---------- ----- --------- ------ ----- --- --- --------- --------- ------ ----- ----- ----- ----- ----- ----- ----- ---- ---------------------
3330_g               -            482 11259at5794          -            280   9.5e-31  105.3   4.6   1   3   1.5e-18   1.2e-15   55.7   0.0    91   184    34   132    26   139 0.85 -
3330_g               -            482 11259at5794          -            280   9.5e-31  105.3   4.6   2   3      0.11        92    0.4   2.0     8    81   151   224   144   228 0.72 -
3330_g               -            482 11259at5794          -            280   9.5e-31  105.3   4.6   3   3   3.6e-16     3e-13   47.9   0.0    94   189   360   463   320   471 0.83 -
815_g                -            210 11259at5794          -            280   1.7e-20   71.7   1.0   1   1   3.1e-23   2.6e-20   71.1   1.0    86   193    23   139     9   142 0.76 -
1114_g               -            633 11259at5794          -            280   1.7e-14   52.0   4.3   1   2   6.7e-05     0.056   10.9   0.1    87   185   117   223   107   260 0.73 -
1114_g               -            633 11259at5794          -            280   1.7e-14   52.0   4.3   2   2   2.2e-13   1.8e-10   38.8   1.2    96   184   501   603   490   614 0.69 -
1269_g               -            105 11259at5794          -            280     5e-07   27.5   0.0   1   1     7e-10   5.8e-07   27.3   0.0    96   165    11    86     3    97 0.84 -
4529_g               -            497 11259at5794          -            280    0.0011   16.5   5.8   1   4       0.1        87    0.5   0.2    17    44   136   163   107   173 0.60 -
4529_g               -            497 11259at5794          -            280    0.0011   16.5   5.8   2   4      0.15   1.3e+02   -0.1   0.1    72   105   242   275   231   284 0.85 -
4529_g               -            497 11259at5794          -            280    0.0011   16.5   5.8   3   4   0.00031      0.25    8.8   0.0   146   165   286   305   280   316 0.85 -
4529_g               -            497 11259at5794          -            280    0.0011   16.5   5.8   4   4    0.0015       1.2    6.5   0.0   138   166   415   443   353   474 0.75 -
888_g                -            158 11259at5794          -            280    0.0074   13.8   0.0   1   1   1.1e-05    0.0089   13.5   0.0   129   163   103   137    49   153 0.80 -
#
# Program:         hmmsearch
# Version:         3.1b2 (February 2015)
# Pipeline mode:   SEARCH
# Query file:      /mnt/e/Bioinformatics/Semester2/BINP29/Malaria Project/Genomes/Parsed/busco_downloads/lineages/apicomplexa_odb10/hmms/11259at5794.hmm
# Target file:     /mnt/e/Bioinformatics/Semester2/BINP29/Malaria Project/Genomes/Parsed/Pk_new.faa
# Option settings: hmmsearch --domtblout /mnt/e/Bioinformatics/Semester2/BINP29/Malaria Project/Genomes/Parsed/Pk/run_apicomplexa_odb10/hmmer_output/initial_run_results/11259at5794.out --cpu 1 /mnt/e/Bioinformatics/Semester2/BINP29/Malaria Project/Genomes/Parsed/busco_downloads/lineages/apicomplexa_odb10/hmms/11259at5794.hmm /mnt/e/Bioinformatics/Semester2/BINP29/Malaria Project/Genomes/Parsed/Pk_new.faa 
# Current dir:     /mnt/e/Bioinformatics/Semester2/BINP29/Malaria Project/Genomes/Parsed
# Date:            Wed Mar  1 19:30:09 2023
# [ok]
