#                                                                            --- full sequence --- -------------- this domain -------------   hmm coord   ali coord   env coord
# target name        accession   tlen query name           accession   qlen   E-value  score  bias   #  of  c-Evalue  i-Evalue  score  bias  from    to  from    to  from    to  acc description of target
#------------------- ---------- ----- -------------------- ---------- ----- --------- ------ ----- --- --- --------- --------- ------ ----- ----- ----- ----- ----- ----- ----- ---- ---------------------
3458_g               -            476 11405at5794          -            289   1.8e-91  304.4  12.3   1   5   2.4e-07     4e-05   21.0   0.0     1    26     6    35     6    43 0.86 -
3458_g               -            476 11405at5794          -            289   1.8e-91  304.4  12.3   2   5   6.3e-06     0.001   16.3   0.0    24    57    56    94    52   100 0.81 -
3458_g               -            476 11405at5794          -            289   1.8e-91  304.4  12.3   3   5   9.3e-31   1.5e-28   97.8   0.2    52   144   156   261   149   282 0.82 -
3458_g               -            476 11405at5794          -            289   1.8e-91  304.4  12.3   4   5   7.3e-07   0.00012   19.4   0.0   145   175   290   326   284   334 0.82 -
3458_g               -            476 11405at5794          -            289   1.8e-91  304.4  12.3   5   5   1.8e-47     3e-45  152.7   2.6   163   286   337   476   333   476 0.90 -
2794_g               -            447 11405at5794          -            289   5.2e-19   66.5   0.0   1   1   1.2e-18   1.9e-16   58.1   0.0    60   283   151   427   138   433 0.71 -
739_g                -           1365 11405at5794          -            289   1.6e-16   58.4   9.2   1   6   0.00026     0.042   11.0   0.0   176   241     8    77     3    81 0.78 -
739_g                -           1365 11405at5794          -            289   1.6e-16   58.4   9.2   2   6   1.5e-05    0.0024   15.1   0.2   180   238    57   116    50   117 0.84 -
739_g                -           1365 11405at5794          -            289   1.6e-16   58.4   9.2   3   6   4.6e-08   7.6e-06   23.3   1.1   183   246   102   166    89   178 0.83 -
739_g                -           1365 11405at5794          -            289   1.6e-16   58.4   9.2   4   6   1.2e-08     2e-06   25.2   0.2   175   241   243   316   196   320 0.83 -
739_g                -           1365 11405at5794          -            289   1.6e-16   58.4   9.2   5   6       5.5   9.1e+02   -3.2   0.0    78   134   340   397   336   402 0.65 -
739_g                -           1365 11405at5794          -            289   1.6e-16   58.4   9.2   6   6       3.4   5.7e+02   -2.5   0.0    79   103   562   588   556   603 0.69 -
1639_g               -            486 11405at5794          -            289   2.8e-12   44.5  10.0   1   5   7.1e-05     0.012   12.9   1.8    50    93   116   160    40   163 0.73 -
1639_g               -            486 11405at5794          -            289   2.8e-12   44.5  10.0   2   5   1.9e-05    0.0032   14.7   0.4    50    96   116   163    99   182 0.74 -
1639_g               -            486 11405at5794          -            289   2.8e-12   44.5  10.0   3   5      0.16        26    1.9   0.5   182   241   199   217   181   226 0.59 -
1639_g               -            486 11405at5794          -            289   2.8e-12   44.5  10.0   4   5   1.6e-09   2.6e-07   28.1   0.8   184   283   305   403   284   404 0.86 -
1639_g               -            486 11405at5794          -            289   2.8e-12   44.5  10.0   5   5   8.8e-08   1.5e-05   22.4   0.1   187   280   351   457   350   466 0.79 -
1024_g               -            546 11405at5794          -            289   1.7e-11   41.9   5.0   1   2   4.9e-11   8.1e-09   33.1   2.4    80   250   294   486   287   535 0.78 -
1024_g               -            546 11405at5794          -            289   1.7e-11   41.9   5.0   2   2      0.12        21    2.2   0.2   212   240   514   542   501   545 0.78 -
901_g                -            629 11405at5794          -            289   1.9e-10   38.5   1.2   1   3     0.024         4    4.6   0.0   156   238   246   322   243   334 0.61 -
901_g                -            629 11405at5794          -            289   1.9e-10   38.5   1.2   2   3   0.00039     0.064   10.4   0.0   201   265   403   462   398   466 0.76 -
901_g                -            629 11405at5794          -            289   1.9e-10   38.5   1.2   3   3   3.8e-07   6.2e-05   20.3   0.0   181   281   465   564   453   573 0.80 -
4513_g               -            591 11405at5794          -            289   3.6e-10   37.5   8.5   1   3         8   1.3e+03   -3.7   0.1   156   180   174   198   171   204 0.82 -
4513_g               -            591 11405at5794          -            289   3.6e-10   37.5   8.5   2   3   2.1e-05    0.0035   14.6   0.2   181   241   291   352   276   360 0.79 -
4513_g               -            591 11405at5794          -            289   3.6e-10   37.5   8.5   3   3   1.2e-08     2e-06   25.2   0.5   183   267   377   458   365   478 0.74 -
2467_g               -            499 11405at5794          -            289     4e-10   37.4   0.9   1   3       7.9   1.3e+03   -3.7   0.0   157   240   189   204   184   211 0.50 -
2467_g               -            499 11405at5794          -            289     4e-10   37.4   0.9   2   3     1e-10   1.7e-08   32.0   0.2   183   240   294   353   281   359 0.90 -
2467_g               -            499 11405at5794          -            289     4e-10   37.4   0.9   3   3     0.089        15    2.7   0.0   179   199   426   446   370   451 0.79 -
2485_g               -            470 11405at5794          -            289     4e-10   37.4  15.0   1   3       5.4   8.9e+02   -3.2   0.0   127   150    96   120    81   141 0.58 -
2485_g               -            470 11405at5794          -            289     4e-10   37.4  15.0   2   3   1.5e-10   2.5e-08   31.5   3.7   161   240   202   284   186   288 0.82 -
2485_g               -            470 11405at5794          -            289     4e-10   37.4  15.0   3   3     6e-07   9.8e-05   19.7   3.5    62   200   252   384   249   449 0.69 -
2285_g               -            613 11405at5794          -            289   1.4e-09   35.6   4.1   1   4   0.00091      0.15    9.2   0.0   182   240   340   400   317   406 0.85 -
2285_g               -            613 11405at5794          -            289   1.4e-09   35.6   4.1   2   4   0.00052     0.086   10.0   0.1    60    93   450   483   436   497 0.91 -
2285_g               -            613 11405at5794          -            289   1.4e-09   35.6   4.1   3   4     0.002      0.32    8.1   0.1    71   145   504   575   488   579 0.80 -
2285_g               -            613 11405at5794          -            289   1.4e-09   35.6   4.1   4   4   3.9e-05    0.0065   13.7   0.7   183   235   558   612   544   613 0.86 -
867_g                -            363 11405at5794          -            289   1.1e-08   32.7   0.0   1   3   0.00024     0.039   11.1   0.0    59   100   109   152    97   163 0.71 -
867_g                -            363 11405at5794          -            289   1.1e-08   32.7   0.0   2   3    0.0014      0.24    8.6   0.0   185   245   192   255   188   258 0.83 -
867_g                -            363 11405at5794          -            289   1.1e-08   32.7   0.0   3   3     0.001      0.17    9.1   0.0   202   238   322   358   310   361 0.87 -
2588_g               -            561 11405at5794          -            289   3.3e-08   31.1   0.3   1   1   4.5e-10   7.5e-08   29.9   0.3   181   249    90   168    71   182 0.80 -
3341_g               -            284 11405at5794          -            289   5.5e-08   30.4   9.2   1   3    0.0026      0.43    7.7   0.3   205   242    31    67    23    73 0.84 -
3341_g               -            284 11405at5794          -            289   5.5e-08   30.4   9.2   2   3   2.1e-05    0.0035   14.6   1.2   173   240    78   152    71   156 0.77 -
3341_g               -            284 11405at5794          -            289   5.5e-08   30.4   9.2   3   3   0.00042      0.07   10.3   0.0   183   240   178   234   154   239 0.77 -
3176_g               -           1456 11405at5794          -            289   1.1e-07   29.3   2.0   1   1   1.3e-07   2.1e-05   21.9   2.0    31   232   112   311   105   359 0.74 -
1406_g               -            805 11405at5794          -            289   2.7e-07   28.1   2.3   1   3      0.51        84    0.2   0.0    66    97    70   101    57   142 0.70 -
1406_g               -            805 11405at5794          -            289   2.7e-07   28.1   2.3   2   3   1.1e-05    0.0018   15.5   0.0   182   232   269   323   238   330 0.84 -
1406_g               -            805 11405at5794          -            289   2.7e-07   28.1   2.3   3   3   0.00068      0.11    9.7   0.1   162   227   394   460   387   473 0.83 -
606_g                -            525 11405at5794          -            289   3.1e-07   27.9   1.9   1   4   3.2e-05    0.0053   14.0   0.1   181   266   202   293   164   307 0.80 -
606_g                -            525 11405at5794          -            289   3.1e-07   27.9   1.9   2   4    0.0082       1.4    6.1   0.2   184   239   315   375   291   383 0.74 -
606_g                -            525 11405at5794          -            289   3.1e-07   27.9   1.9   3   4   0.00015     0.025   11.8   0.1   186   240   363   420   348   427 0.83 -
606_g                -            525 11405at5794          -            289   3.1e-07   27.9   1.9   4   4     0.038       6.2    3.9   0.0   182   217   403   438   391   455 0.77 -
1559_g               -            744 11405at5794          -            289   3.2e-07   27.8  23.1   1   7    0.0052      0.86    6.7   0.2   202   238     9    44     2    54 0.85 -
1559_g               -            744 11405at5794          -            289   3.2e-07   27.8  23.1   2   7      0.33        55    0.8   0.1   204   235   130   160    76   162 0.62 -
1559_g               -            744 11405at5794          -            289   3.2e-07   27.8  23.1   3   7      0.32        53    0.9   0.1   204   237   130   162   112   177 0.84 -
1559_g               -            744 11405at5794          -            289   3.2e-07   27.8  23.1   4   7   1.9e-05    0.0032   14.7   0.6   206   255   242   291   232   293 0.91 -
1559_g               -            744 11405at5794          -            289   3.2e-07   27.8  23.1   5   7     0.023       3.8    4.6   0.8   203   239   284   319   277   337 0.88 -
1559_g               -            744 11405at5794          -            289   3.2e-07   27.8  23.1   6   7   0.00022     0.036   11.3   0.7   201   243   657   698   628   704 0.76 -
1559_g               -            744 11405at5794          -            289   3.2e-07   27.8  23.1   7   7     0.078        13    2.9   0.0   174   198   712   743   702   744 0.82 -
1360_g               -           1237 11405at5794          -            289   1.7e-06   25.5  12.4   1   5   0.00078      0.13    9.4   0.0   183   242    83   143    71   170 0.73 -
1360_g               -           1237 11405at5794          -            289   1.7e-06   25.5  12.4   2   5   0.00018      0.03   11.5   0.9   176   230   170   226   158   244 0.79 -
1360_g               -           1237 11405at5794          -            289   1.7e-06   25.5  12.4   3   5       2.6   4.4e+02   -2.1   0.0    80   179   667   688   644   713 0.59 -
1360_g               -           1237 11405at5794          -            289   1.7e-06   25.5  12.4   4   5    0.0046      0.76    6.9   0.2   206   241   875   909   858   943 0.75 -
1360_g               -           1237 11405at5794          -            289   1.7e-06   25.5  12.4   5   5      0.15        25    1.9   0.2   171   238   922   990   912  1022 0.72 -
2299_g               -            448 11405at5794          -            289   3.6e-06   24.4   3.4   1   2   6.9e-08   1.1e-05   22.8   1.3   195   281   294   380   258   388 0.75 -
2299_g               -            448 11405at5794          -            289   3.6e-06   24.4   3.4   2   2      0.42        69    0.5   0.0   203   235   404   436   391   446 0.80 -
140_g                -            842 11405at5794          -            289   5.4e-06   23.8   9.4   1   4      0.16        26    1.9   0.0   201   238   503   539   490   541 0.80 -
140_g                -            842 11405at5794          -            289   5.4e-06   23.8   9.4   2   4   6.8e-07   0.00011   19.5   0.4   182   240   567   626   554   672 0.74 -
140_g                -            842 11405at5794          -            289   5.4e-06   23.8   9.4   3   4     0.076        13    2.9   0.1   181   238   695   757   682   760 0.70 -
140_g                -            842 11405at5794          -            289   5.4e-06   23.8   9.4   4   4     0.012       1.9    5.6   0.5   184   240   744   804   740   813 0.79 -
1714_g               -            751 11405at5794          -            289   1.4e-05   22.4   2.1   1   3   1.3e-05    0.0022   15.2   0.0   201   241   342   382   318   403 0.83 -
1714_g               -            751 11405at5794          -            289   1.4e-05   22.4   2.1   2   3      0.04       6.6    3.8   0.6   181   233   411   464   388   472 0.64 -
1714_g               -            751 11405at5794          -            289   1.4e-05   22.4   2.1   3   3      0.65   1.1e+02   -0.1   0.0   198   270   600   669   576   683 0.74 -
2988_g               -            481 11405at5794          -            289   1.5e-05   22.4   3.8   1   5     0.051       8.5    3.5   0.1   135   238    33   139    17   144 0.61 -
2988_g               -            481 11405at5794          -            289   1.5e-05   22.4   3.8   2   5   0.00016     0.026   11.7   0.0   182   261   208   285   190   296 0.81 -
2988_g               -            481 11405at5794          -            289   1.5e-05   22.4   3.8   3   5    0.0078       1.3    6.2   0.2   176   239   281   350   272   397 0.62 -
2988_g               -            481 11405at5794          -            289   1.5e-05   22.4   3.8   4   5      0.31        51    0.9   0.1   191   239   343   393   326   445 0.65 -
2988_g               -            481 11405at5794          -            289   1.5e-05   22.4   3.8   5   5      0.51        84    0.2   0.0    67    95   426   454   402   468 0.76 -
3756_g               -            699 11405at5794          -            289   2.7e-05   21.5   2.0   1   4      0.13        21    2.2   0.0   190   240    78   127    75   148 0.63 -
3756_g               -            699 11405at5794          -            289   2.7e-05   21.5   2.0   2   4   4.3e-05    0.0071   13.6   0.0   202   242   189   229   179   267 0.82 -
3756_g               -            699 11405at5794          -            289   2.7e-05   21.5   2.0   3   4     0.075        12    2.9   0.0   209   239   305   335   294   340 0.77 -
3756_g               -            699 11405at5794          -            289   2.7e-05   21.5   2.0   4   4       7.2   1.2e+03   -3.6   0.1    43    83   550   591   545   600 0.73 -
2354_g               -            620 11405at5794          -            289   2.7e-05   21.5   2.1   1   2   8.9e-06    0.0015   15.8   1.1   167   241   350   433   339   476 0.76 -
2354_g               -            620 11405at5794          -            289   2.7e-05   21.5   2.1   2   2     0.066        11    3.1   0.1   143   173   529   559   437   580 0.62 -
3991_g               -            857 11405at5794          -            289   4.3e-05   20.8   4.3   1   4    0.0028      0.47    7.6   0.1   115   230   558   684   543   695 0.70 -
3991_g               -            857 11405at5794          -            289   4.3e-05   20.8   4.3   2   4   8.1e-05     0.013   12.7   0.1   183   240   678   738   659   744 0.76 -
3991_g               -            857 11405at5794          -            289   4.3e-05   20.8   4.3   3   4      0.34        56    0.8   0.1   153   185   757   795   748   803 0.55 -
3991_g               -            857 11405at5794          -            289   4.3e-05   20.8   4.3   4   4       5.1   8.5e+02   -3.1   0.0   179   198   807   826   800   831 0.80 -
3624_g               -            689 11405at5794          -            289   5.1e-05   20.6   1.6   1   3      0.15        24    2.0   0.0    88   141   417   471   399   495 0.76 -
3624_g               -            689 11405at5794          -            289   5.1e-05   20.6   1.6   2   3   6.9e-05     0.011   12.9   0.3   182   248   555   624   552   638 0.76 -
3624_g               -            689 11405at5794          -            289   5.1e-05   20.6   1.6   3   3     0.032       5.3    4.2   0.1   199   247   620   667   617   672 0.74 -
59_g                 -            323 11405at5794          -            289   0.00028   18.2   4.7   1   3   0.00037     0.062   10.5   0.1   205   240    56    90     8    94 0.76 -
59_g                 -            323 11405at5794          -            289   0.00028   18.2   4.7   2   3    0.0028      0.45    7.7   0.5   183   242   114   175   103   221 0.70 -
59_g                 -            323 11405at5794          -            289   0.00028   18.2   4.7   3   3       1.9   3.2e+02   -1.7   0.0   188   243   249   307   241   314 0.53 -
314_g                -            978 11405at5794          -            289   0.00071   16.9   3.1   1   2   0.00011     0.019   12.2   1.5    60   216   227   380   208   391 0.85 -
314_g                -            978 11405at5794          -            289   0.00071   16.9   3.1   2   2      0.14        23    2.0   0.0   207   238   851   881   829   924 0.86 -
1026_g               -           2127 11405at5794          -            289    0.0035   14.6   0.2   1   3    0.0001     0.017   12.3   0.1   202   241  1815  1853  1802  1856 0.87 -
1026_g               -           2127 11405at5794          -            289    0.0035   14.6   0.2   2   3       6.3     1e+03   -3.4   0.0   187   235  1923  1980  1917  1983 0.61 -
1026_g               -           2127 11405at5794          -            289    0.0035   14.6   0.2   3   3       3.5   5.8e+02   -2.5   0.0   127   149  2067  2088  2050  2092 0.81 -
381_g                -            374 11405at5794          -            289     0.016   12.4   2.7   1   3    0.0002     0.034   11.4   0.2   178   241    23    88    10    95 0.89 -
381_g                -            374 11405at5794          -            289     0.016   12.4   2.7   2   3       2.5   4.1e+02   -2.0   0.0   156   179   112   135   110   181 0.64 -
381_g                -            374 11405at5794          -            289     0.016   12.4   2.7   3   3      0.61     1e+02   -0.0   0.1   169   239   231   306   205   318 0.57 -
#
# Program:         hmmsearch
# Version:         3.1b2 (February 2015)
# Pipeline mode:   SEARCH
# Query file:      /mnt/e/Bioinformatics/Semester2/BINP29/Malaria Project/Genomes/Parsed/busco_downloads/lineages/apicomplexa_odb10/hmms/11405at5794.hmm
# Target file:     /mnt/e/Bioinformatics/Semester2/BINP29/Malaria Project/Genomes/Parsed/Pk_new.faa
# Option settings: hmmsearch --domtblout /mnt/e/Bioinformatics/Semester2/BINP29/Malaria Project/Genomes/Parsed/Pk/run_apicomplexa_odb10/hmmer_output/initial_run_results/11405at5794.out --cpu 1 /mnt/e/Bioinformatics/Semester2/BINP29/Malaria Project/Genomes/Parsed/busco_downloads/lineages/apicomplexa_odb10/hmms/11405at5794.hmm /mnt/e/Bioinformatics/Semester2/BINP29/Malaria Project/Genomes/Parsed/Pk_new.faa 
# Current dir:     /mnt/e/Bioinformatics/Semester2/BINP29/Malaria Project/Genomes/Parsed
# Date:            Wed Mar  1 19:30:09 2023
# [ok]
