#                                                                            --- full sequence --- -------------- this domain -------------   hmm coord   ali coord   env coord
# target name        accession   tlen query name           accession   qlen   E-value  score  bias   #  of  c-Evalue  i-Evalue  score  bias  from    to  from    to  from    to  acc description of target
#------------------- ---------- ----- -------------------- ---------- ----- --------- ------ ----- --- --- --------- --------- ------ ----- ----- ----- ----- ----- ----- ----- ---- ---------------------
1360_g               -           1237 11677at5794          -            656  1.5e-206  685.7  55.3   1   6   5.7e-66   8.8e-64  214.0   7.1     1   208     4   262     4   280 0.80 -
1360_g               -           1237 11677at5794          -            656  1.5e-206  685.7  55.3   2   6   4.8e-08   7.5e-06   22.6   6.1   186   225   391   434   388   468 0.76 -
1360_g               -           1237 11677at5794          -            656  1.5e-206  685.7  55.3   3   6     9e-23   1.4e-20   71.3   0.5   239   344   647   769   633   778 0.83 -
1360_g               -           1237 11677at5794          -            656  1.5e-206  685.7  55.3   4   6  1.3e-100   1.9e-98  328.5   6.7   320   563   809  1062   793  1076 0.94 -
1360_g               -           1237 11677at5794          -            656  1.5e-206  685.7  55.3   5   6   1.6e-16   2.4e-14   50.7   0.2   565   615  1094  1145  1078  1156 0.86 -
1360_g               -           1237 11677at5794          -            656  1.5e-206  685.7  55.3   6   6   2.9e-08   4.5e-06   23.3   0.8   611   656  1168  1225  1164  1225 0.84 -
3341_g               -            284 11677at5794          -            656   2.3e-30  103.6   6.4   1   3   1.2e-17   1.9e-15   54.3   1.0   383   460    31   108    27   119 0.94 -
3341_g               -            284 11677at5794          -            656   2.3e-30  103.6   6.4   2   3   2.3e-15   3.6e-13   46.8   0.2   390   500   123   239   111   243 0.86 -
3341_g               -            284 11677at5794          -            656   2.3e-30  103.6   6.4   3   3     0.024       3.7    3.8   0.0    84   108   258   282   253   284 0.82 -
739_g                -           1365 11677at5794          -            656   7.8e-27   91.9  19.1   1   5   5.8e-15     9e-13   45.4   1.1    56   155    15   125     1   128 0.83 -
739_g                -           1365 11677at5794          -            656   7.8e-27   91.9  19.1   2   5   4.2e-05    0.0065   12.9   0.1   384   418   127   161   125   181 0.81 -
739_g                -           1365 11677at5794          -            656   7.8e-27   91.9  19.1   3   5   3.5e-15   5.3e-13   46.2   0.2    77   185   236   357   207   391 0.80 -
739_g                -           1365 11677at5794          -            656   7.8e-27   91.9  19.1   4   5       6.2   9.5e+02   -4.2   0.1    27    52   563   588   558   608 0.58 -
739_g                -           1365 11677at5794          -            656   7.8e-27   91.9  19.1   5   5      0.93   1.4e+02   -1.5   0.4   273   314   748   789   677   798 0.72 -
4513_g               -            591 11677at5794          -            656   1.4e-22   77.9   5.6   1   4       3.6   5.6e+02   -3.4   4.6   202   230   154   181   128   198 0.63 -
4513_g               -            591 11677at5794          -            656   1.4e-22   77.9   5.6   2   4   3.6e-14   5.5e-12   42.9   0.4   379   465   271   357   266   360 0.90 -
4513_g               -            591 11677at5794          -            656   1.4e-22   77.9   5.6   3   4   4.3e-15   6.7e-13   45.9   0.7    76   160   358   447   356   474 0.86 -
4513_g               -            591 11677at5794          -            656   1.4e-22   77.9   5.6   4   4      0.31        48    0.1   0.0   242   272   445   475   439   497 0.83 -
2022_g               -            524 11677at5794          -            656   4.3e-17   59.7  14.3   1   5       2.2   3.4e+02   -2.7   0.2   630   649    54    73    28   121 0.57 -
2022_g               -            524 11677at5794          -            656   4.3e-17   59.7  14.3   2   5    0.0065         1    5.6   0.2   393   421   221   249   206   264 0.49 -
2022_g               -            524 11677at5794          -            656   4.3e-17   59.7  14.3   3   5   2.8e-15   4.3e-13   46.5   3.6   387   493   265   377   255   381 0.90 -
2022_g               -            524 11677at5794          -            656   4.3e-17   59.7  14.3   4   5   2.1e-09   3.3e-07   27.1   2.9   387   479   307   397   307   419 0.86 -
2022_g               -            524 11677at5794          -            656   4.3e-17   59.7  14.3   5   5    0.0012      0.18    8.1   2.1   243   378   348   481   345   488 0.82 -
140_g                -            842 11677at5794          -            656   6.8e-15   52.5  17.9   1   3   4.7e-11   7.3e-09   32.5   7.7   383   494   507   625   504   630 0.89 -
140_g                -            842 11677at5794          -            656   6.8e-15   52.5  17.9   2   3   1.9e-08     3e-06   23.9   6.5   337   494   545   713   541   719 0.72 -
140_g                -            842 11677at5794          -            656   6.8e-15   52.5  17.9   3   3   2.1e-06   0.00032   17.2   0.3    89   149   740   805   716   811 0.77 -
220_g                -            620 11677at5794          -            656   3.8e-14   50.0   4.3   1   4       7.5   1.2e+03   -4.5   3.4   531   577   178   225   145   239 0.61 -
220_g                -            620 11677at5794          -            656   3.8e-14   50.0   4.3   2   4   9.3e-12   1.4e-09   34.9   0.9    76   187   329   451   321   454 0.84 -
220_g                -            620 11677at5794          -            656   3.8e-14   50.0   4.3   3   4     1e-08   1.6e-06   24.8   0.1    69   154   442   538   439   542 0.83 -
220_g                -            620 11677at5794          -            656   3.8e-14   50.0   4.3   4   4   0.00083      0.13    8.6   0.1   384   496   499   612   498   616 0.75 -
901_g                -            629 11677at5794          -            656   1.4e-13   48.1  19.7   1   4       1.1   1.6e+02   -1.7   8.7   215   415    97   322    89   327 0.55 -
901_g                -            629 11677at5794          -            656   1.4e-13   48.1  19.7   2   4   2.2e-06   0.00034   17.1   0.1    76   149   406   484   401   504 0.79 -
901_g                -            629 11677at5794          -            656   1.4e-13   48.1  19.7   3   4   7.2e-10   1.1e-07   28.6   0.4    91   153   510   575   495   581 0.86 -
901_g                -            629 11677at5794          -            656   1.4e-13   48.1  19.7   4   4    0.0053      0.82    5.9   0.0   383   415   578   610   573   624 0.87 -
606_g                -            525 11677at5794          -            656   5.6e-13   46.1   9.0   1   2   1.6e-07   2.5e-05   20.9   1.1    79   149   190   267   184   271 0.71 -
606_g                -            525 11677at5794          -            656   5.6e-13   46.1   9.0   2   2   4.3e-10   6.7e-08   29.4   1.5   356   472   309   433   286   458 0.74 -
2467_g               -            499 11677at5794          -            656   1.2e-12   45.1   0.8   1   4       8.5   1.3e+03   -4.6   2.5   217   231    21    35     2    58 0.56 -
2467_g               -            499 11677at5794          -            656   1.2e-12   45.1   0.8   2   4         2   3.2e+02   -2.6   2.0   209   235    73   100    61   124 0.58 -
2467_g               -            499 11677at5794          -            656   1.2e-12   45.1   0.8   3   4   7.7e-15   1.2e-12   45.1   0.8    75   151   273   356   266   363 0.87 -
2467_g               -            499 11677at5794          -            656   1.2e-12   45.1   0.8   4   4      0.43        66   -0.4   0.0    57    77   428   448   404   463 0.58 -
1406_g               -            805 11677at5794          -            656   1.1e-11   41.9   5.7   1   3   1.3e-05    0.0021   14.5   0.1   432   495    71   140    65   151 0.82 -
1406_g               -            805 11677at5794          -            656   1.1e-11   41.9   5.7   2   3    0.0082       1.3    5.3   0.0   132   152   270   290   253   295 0.81 -
1406_g               -            805 11677at5794          -            656   1.1e-11   41.9   5.7   3   3   5.3e-08   8.2e-06   22.5   0.8   400   460   414   473   403   486 0.92 -
2988_g               -            481 11677at5794          -            656   2.5e-11   40.7  11.4   1   3   1.1e-08   1.7e-06   24.7   0.9   384   461    65   143    59   150 0.72 -
2988_g               -            481 11677at5794          -            656   2.5e-11   40.7  11.4   2   3     0.044       6.8    2.9   0.1   399   470   207   277   192   288 0.83 -
2988_g               -            481 11677at5794          -            656   2.5e-11   40.7  11.4   3   3   7.4e-07   0.00011   18.7   1.3   318   416   290   393   277   394 0.78 -
2285_g               -            613 11677at5794          -            656     3e-11   40.4  20.8   1   4       5.4   8.3e+02   -4.0   2.6   502   546   217   263   206   287 0.73 -
2285_g               -            613 11677at5794          -            656     3e-11   40.4  20.8   2   4   9.8e-10   1.5e-07   28.2   0.1   383   496   322   444   307   448 0.78 -
2285_g               -            613 11677at5794          -            656     3e-11   40.4  20.8   3   4     7e-06    0.0011   15.5   0.5   360   459   427   527   419   531 0.85 -
2285_g               -            613 11677at5794          -            656     3e-11   40.4  20.8   4   4   5.9e-06   0.00092   15.7   1.2    59   144   520   613   512   613 0.81 -
2794_g               -            447 11677at5794          -            656   3.7e-11   40.1   1.1   1   5    0.0045       0.7    6.2   0.1   427   463   153   191   137   195 0.76 -
2794_g               -            447 11677at5794          -            656   3.7e-11   40.1   1.1   2   5       0.3        47    0.1   0.0   436   460   215   239   203   243 0.79 -
2794_g               -            447 11677at5794          -            656   3.7e-11   40.1   1.1   3   5   1.2e-05    0.0019   14.7   0.0    84   149   260   329   245   340 0.82 -
2794_g               -            447 11677at5794          -            656   3.7e-11   40.1   1.1   4   5   0.00037     0.057    9.8   0.0   384   417   338   372   332   377 0.90 -
2794_g               -            447 11677at5794          -            656   3.7e-11   40.1   1.1   5   5     0.038       5.9    3.1   0.0   113   152   391   435   383   441 0.79 -
1559_g               -            744 11677at5794          -            656   1.8e-10   37.8  25.2   1   4   2.2e-07   3.4e-05   20.4   3.8   387   508    16   137     9   140 0.79 -
1559_g               -            744 11677at5794          -            656   1.8e-10   37.8  25.2   2   4    0.0095       1.5    5.1   0.2   237   272   128   162   121   210 0.63 -
1559_g               -            744 11677at5794          -            656   1.8e-10   37.8  25.2   3   4   5.2e-08     8e-06   22.5   1.1   425   499   241   324   231   335 0.78 -
1559_g               -            744 11677at5794          -            656   1.8e-10   37.8  25.2   4   4     0.016       2.5    4.3   2.0   373   457   650   742   644   744 0.67 -
818_g                -            462 11677at5794          -            656   2.7e-10   37.3   3.5   1   1   4.7e-12   7.3e-10   35.8   2.9    39   187    66   229    35   242 0.63 -
2485_g               -            470 11677at5794          -            656   2.8e-10   37.2   1.3   1   3      0.13        20    1.3   0.2    28    58   182   214   156   222 0.52 -
2485_g               -            470 11677at5794          -            656   2.8e-10   37.2   1.3   2   3   1.8e-12   2.8e-10   37.2   1.3   391   466   216   291   213   295 0.92 -
2485_g               -            470 11677at5794          -            656   2.8e-10   37.2   1.3   3   3      0.18        27    0.9   0.2   437   460   361   384   318   462 0.73 -
2354_g               -            620 11677at5794          -            656   4.9e-10   36.4   8.4   1   4       5.4   8.3e+02   -4.0   0.0    78    89   228   239   226   244 0.80 -
2354_g               -            620 11677at5794          -            656   4.9e-10   36.4   8.4   2   4    0.0017      0.26    7.6   0.4    95   159   312   394   306   405 0.61 -
2354_g               -            620 11677at5794          -            656   4.9e-10   36.4   8.4   3   4   5.8e-10     9e-08   28.9   1.5    79   176   403   505   398   527 0.78 -
2354_g               -            620 11677at5794          -            656   4.9e-10   36.4   8.4   4   4      0.18        28    0.8   0.0   130   162   540   572   520   586 0.62 -
2747_g               -           1049 11677at5794          -            656   9.7e-10   35.4  18.3   1   6   8.1e-05     0.012   11.9   0.2   315   459    87   239    20   257 0.62 -
2747_g               -           1049 11677at5794          -            656   9.7e-10   35.4  18.3   2   6      0.45        69   -0.4   0.1   391   496   354   382   305   409 0.49 -
2747_g               -           1049 11677at5794          -            656   9.7e-10   35.4  18.3   3   6   5.4e-06   0.00083   15.8   0.0    93   148   433   490   418   504 0.68 -
2747_g               -           1049 11677at5794          -            656   9.7e-10   35.4  18.3   4   6   1.2e-05    0.0019   14.6   0.3    75   156   556   649   524   654 0.48 -
2747_g               -           1049 11677at5794          -            656   9.7e-10   35.4  18.3   5   6      0.36        55   -0.1   0.2   429   467   709   748   702   764 0.72 -
2747_g               -           1049 11677at5794          -            656   9.7e-10   35.4  18.3   6   6      0.43        66   -0.4   0.2   218   272   796   849   770   858 0.74 -
314_g                -            978 11677at5794          -            656   7.1e-09   32.6   0.2   1   2   5.4e-05    0.0084   12.5   0.0   384   416   228   260   190   264 0.68 -
314_g                -            978 11677at5794          -            656   7.1e-09   32.6   0.2   2   2   2.2e-06   0.00034   17.1   0.1   355   416   299   363   285   366 0.79 -
4691_g               -            555 11677at5794          -            656   1.7e-07   28.0  17.9   1   3   1.4e-07   2.1e-05   21.1   0.4   385   459    50   127    44   132 0.85 -
4691_g               -            555 11677at5794          -            656   1.7e-07   28.0  17.9   2   3     3e-05    0.0047   13.3   5.0   383   465   168   249   160   342 0.60 -
4691_g               -            555 11677at5794          -            656   1.7e-07   28.0  17.9   3   3      0.25        39    0.4   0.6   139   190   352   410   335   425 0.54 -
2588_g               -            561 11677at5794          -            656   2.1e-07   27.7   0.1   1   2   2.6e-05     0.004   13.6   0.0   114   149    71   109    60   120 0.82 -
2588_g               -            561 11677at5794          -            656   2.1e-07   27.7   0.1   2   2   0.00012     0.018   11.4   0.1    76   117   123   168   112   173 0.82 -
3756_g               -            699 11677at5794          -            656   1.2e-06   25.2   5.0   1   4      0.14        22    1.2   0.0   307   340    96   130    84   163 0.59 -
3756_g               -            699 11677at5794          -            656   1.2e-06   25.2   5.0   2   4   5.9e-05    0.0092   12.4   0.2   115   153   191   232   180   283 0.84 -
3756_g               -            699 11677at5794          -            656   1.2e-06   25.2   5.0   3   4   0.00015     0.023   11.1   0.1   431   492   307   370   297   403 0.68 -
3756_g               -            699 11677at5794          -            656   1.2e-06   25.2   5.0   4   4       1.5   2.4e+02   -2.2   0.0   331   378   456   501   434   504 0.78 -
1024_g               -            546 11677at5794          -            656   1.6e-06   24.8   7.5   1   4      0.28        43    0.3   0.0   254   337   117   203    99   216 0.76 -
1024_g               -            546 11677at5794          -            656   1.6e-06   24.8   7.5   2   4    0.0035      0.54    6.5   0.2    92   110   292   310   282   316 0.58 -
1024_g               -            546 11677at5794          -            656   1.6e-06   24.8   7.5   3   4     1e-06   0.00016   18.2   0.6    92   160   415   488   394   527 0.66 -
1024_g               -            546 11677at5794          -            656   1.6e-06   24.8   7.5   4   4      0.17        26    1.0   0.1   118   150   509   544   491   546 0.54 -
1026_g               -           2127 11677at5794          -            656   2.1e-06   24.4   1.7   1   3         9   1.4e+03   -4.7   2.4   503   567  1178  1240  1168  1249 0.70 -
1026_g               -           2127 11677at5794          -            656   2.1e-06   24.4   1.7   2   3       6.6     1e+03   -4.3   0.0    58    74  1739  1755  1734  1757 0.63 -
1026_g               -           2127 11677at5794          -            656   2.1e-06   24.4   1.7   3   3   1.4e-08   2.1e-06   24.4   1.7   378   445  1813  1879  1809  1941 0.73 -
2619_g               -            801 11677at5794          -            656   2.2e-06   24.3   1.9   1   2     0.033       5.1    3.3   0.1   161   196   203   239   187   302 0.69 -
2619_g               -            801 11677at5794          -            656   2.2e-06   24.3   1.9   2   2   3.1e-07   4.9e-05   19.9   0.2    92   150   435   494   424   497 0.82 -
2299_g               -            448 11677at5794          -            656   1.9e-05   21.3   3.3   1   1   1.6e-07   2.5e-05   20.8   3.3   374   460   294   387   265   429 0.81 -
381_g                -            374 11677at5794          -            656   2.5e-05   20.9   0.1   1   2   1.6e-07   2.5e-05   20.9   0.1    77   184    13   128     7   139 0.75 -
381_g                -            374 11677at5794          -            656   2.5e-05   20.9   0.1   2   2      0.61        95   -0.9   0.8   266   314   267   314   226   350 0.56 -
2391_g               -            431 11677at5794          -            656   3.6e-05   20.3   6.1   1   2    0.0001     0.016   11.6   0.3    88   148    80   142    65   146 0.86 -
2391_g               -            431 11677at5794          -            656   3.6e-05   20.3   6.1   2   2   0.00017     0.027   10.8   0.5   207   273   281   340   268   356 0.69 -
867_g                -            363 11677at5794          -            656   0.00034   17.1   0.0   1   2   2.4e-05    0.0037   13.7   0.0    97   149    90   147    83   156 0.78 -
867_g                -            363 11677at5794          -            656   0.00034   17.1   0.0   2   2      0.25        38    0.4   0.0    61    78   192   209   188   229 0.87 -
3458_g               -            476 11677at5794          -            656   0.00069   16.1   4.4   1   2      0.25        38    0.4   0.0    75   106   221   256   167   264 0.75 -
3458_g               -            476 11677at5794          -            656   0.00069   16.1   4.4   2   2   4.4e-06   0.00069   16.1   4.4   400   460   361   423   346   451 0.74 -
3624_g               -            689 11677at5794          -            656     0.033   10.5   0.5   1   2      0.13        20    1.3   0.0    92   148   407   472   371   482 0.66 -
3624_g               -            689 11677at5794          -            656     0.033   10.5   0.5   2   2    0.0026       0.4    7.0   0.2   402   461   601   662   597   665 0.84 -
#
# Program:         hmmsearch
# Version:         3.1b2 (February 2015)
# Pipeline mode:   SEARCH
# Query file:      /mnt/e/Bioinformatics/Semester2/BINP29/Malaria Project/Genomes/Parsed/busco_downloads/lineages/apicomplexa_odb10/hmms/11677at5794.hmm
# Target file:     /mnt/e/Bioinformatics/Semester2/BINP29/Malaria Project/Genomes/Parsed/Pk_new.faa
# Option settings: hmmsearch --domtblout /mnt/e/Bioinformatics/Semester2/BINP29/Malaria Project/Genomes/Parsed/Pk/run_apicomplexa_odb10/hmmer_output/initial_run_results/11677at5794.out --cpu 1 /mnt/e/Bioinformatics/Semester2/BINP29/Malaria Project/Genomes/Parsed/busco_downloads/lineages/apicomplexa_odb10/hmms/11677at5794.hmm /mnt/e/Bioinformatics/Semester2/BINP29/Malaria Project/Genomes/Parsed/Pk_new.faa 
# Current dir:     /mnt/e/Bioinformatics/Semester2/BINP29/Malaria Project/Genomes/Parsed
# Date:            Wed Mar  1 19:30:10 2023
# [ok]
