#                                                                            --- full sequence --- -------------- this domain -------------   hmm coord   ali coord   env coord
# target name        accession   tlen query name           accession   qlen   E-value  score  bias   #  of  c-Evalue  i-Evalue  score  bias  from    to  from    to  from    to  acc description of target
#------------------- ---------- ----- -------------------- ---------- ----- --------- ------ ----- --- --- --------- --------- ------ ----- ----- ----- ----- ----- ----- ----- ---- ---------------------
978_g                -            523 11711at5794          -            309   3.8e-80  267.5  87.4   1   4     1e-33   7.3e-31  105.6  25.2     2   154    26   200    25   211 0.87 -
978_g                -            523 11711at5794          -            309   3.8e-80  267.5  87.4   2   4      0.37   2.6e+02   -1.3  14.3   122   152   205   235   195   242 0.75 -
978_g                -            523 11711at5794          -            309   3.8e-80  267.5  87.4   3   4   3.5e-33   2.5e-30  103.9  34.2   112   229   236   376   231   386 0.71 -
978_g                -            523 11711at5794          -            309   3.8e-80  267.5  87.4   4   4   1.7e-20   1.2e-17   62.2   1.4   228   304   409   501   405   518 0.69 -
1629_g               -            560 11711at5794          -            309   9.5e-16   56.0  61.1   1   5   1.1e-09     8e-07   26.6   1.5     8   118     2   122     1   156 0.80 -
1629_g               -            560 11711at5794          -            309   9.5e-16   56.0  61.1   2   5         7     5e+03   -6.2  16.1   119   158   198   237   187   238 0.69 -
1629_g               -            560 11711at5794          -            309   9.5e-16   56.0  61.1   3   5   1.6e-08   1.1e-05   22.9  13.6     9   137   235   356   232   364 0.61 -
1629_g               -            560 11711at5794          -            309   9.5e-16   56.0  61.1   4   5   7.1e-10     5e-07   27.3   1.6     7    77   368   437   365   443 0.87 -
1629_g               -            560 11711at5794          -            309   9.5e-16   56.0  61.1   5   5    0.0042       2.9    5.1   0.9    11    38   440   467   436   503 0.80 -
2548_g               -            302 11711at5794          -            309   1.3e-13   49.0  10.7   1   1   8.1e-16   5.7e-13   46.8  10.7     2   129   132   285   131   300 0.80 -
2496_g               -            563 11711at5794          -            309   5.2e-10   37.1  13.1   1   2         7     5e+03   -9.5   7.6   134   158   357   375   339   381 0.49 -
2496_g               -            563 11711at5794          -            309   5.2e-10   37.1  13.1   2   2   7.3e-13   5.2e-10   37.1  13.1     8   108   393   496   391   530 0.72 -
4417_g               -           1109 11711at5794          -            309   2.2e-09   35.1   2.3   1   3       3.6   2.5e+03   -4.6   3.1   113   139    63    87    36   100 0.41 -
4417_g               -           1109 11711at5794          -            309   2.2e-09   35.1   2.3   2   3         7     5e+03   -5.6   6.6   105   145   140   180   136   191 0.79 -
4417_g               -           1109 11711at5794          -            309   2.2e-09   35.1   2.3   3   3   3.1e-12   2.2e-09   35.1   2.3     6    80   248   321   243   383 0.80 -
2648_g               -            994 11711at5794          -            309     2e-05   22.0   4.4   1   2       2.6   1.8e+03   -4.1   0.5   108   130    77    99    72   104 0.79 -
2648_g               -            994 11711at5794          -            309     2e-05   22.0   4.4   2   2   2.8e-08     2e-05   22.0   4.4     3    81   735   813   733   853 0.84 -
477_g                -            653 11711at5794          -            309   0.00088   16.6  10.3   1   3   5.4e-05     0.038   11.3   0.4     6    45   122   161   118   175 0.87 -
477_g                -            653 11711at5794          -            309   0.00088   16.6  10.3   2   3       0.3   2.1e+02   -1.0   0.2   151   166   179   194   171   201 0.89 -
477_g                -            653 11711at5794          -            309   0.00088   16.6  10.3   3   3   7.5e-05     0.053   10.8   0.6    45   122   216   304   197   326 0.78 -
#
# Program:         hmmsearch
# Version:         3.1b2 (February 2015)
# Pipeline mode:   SEARCH
# Query file:      /mnt/e/Bioinformatics/Semester2/BINP29/Malaria Project/Genomes/Parsed/busco_downloads/lineages/apicomplexa_odb10/hmms/11711at5794.hmm
# Target file:     /mnt/e/Bioinformatics/Semester2/BINP29/Malaria Project/Genomes/Parsed/Pk_new.faa
# Option settings: hmmsearch --domtblout /mnt/e/Bioinformatics/Semester2/BINP29/Malaria Project/Genomes/Parsed/Pk/run_apicomplexa_odb10/hmmer_output/initial_run_results/11711at5794.out --cpu 1 /mnt/e/Bioinformatics/Semester2/BINP29/Malaria Project/Genomes/Parsed/busco_downloads/lineages/apicomplexa_odb10/hmms/11711at5794.hmm /mnt/e/Bioinformatics/Semester2/BINP29/Malaria Project/Genomes/Parsed/Pk_new.faa 
# Current dir:     /mnt/e/Bioinformatics/Semester2/BINP29/Malaria Project/Genomes/Parsed
# Date:            Wed Mar  1 19:30:10 2023
# [ok]
