#                                                                            --- full sequence --- -------------- this domain -------------   hmm coord   ali coord   env coord
# target name        accession   tlen query name           accession   qlen   E-value  score  bias   #  of  c-Evalue  i-Evalue  score  bias  from    to  from    to  from    to  acc description of target
#------------------- ---------- ----- -------------------- ---------- ----- --------- ------ ----- --- --- --------- --------- ------ ----- ----- ----- ----- ----- ----- ----- ---- ---------------------
4590_g               -            380 11832at5794          -            322  3.6e-147  487.4   0.0   1   1  9.4e-150  5.1e-147  486.9   0.0     1   321     9   372     9   373 0.92 -
2535_g               -            377 11832at5794          -            322   9.2e-78  259.3   0.0   1   1   1.2e-79   6.6e-77  256.5   0.0     2   321    14   375    13   376 0.90 -
1817_g               -            375 11832at5794          -            322   3.9e-76  254.0   0.1   1   1   4.9e-78   2.7e-75  251.2   0.1     2   321     5   366     4   367 0.89 -
1736_g               -            506 11832at5794          -            322   8.7e-30  101.7   0.0   1   2   2.7e-13   1.5e-10   38.5   0.0    53   139   158   247   140   261 0.86 -
1736_g               -            506 11832at5794          -            322   8.7e-30  101.7   0.0   2   2   3.9e-20   2.2e-17   60.9   0.0   177   321   360   504   353   505 0.82 -
3050_g               -            859 11832at5794          -            322     3e-22   76.9   0.4   1   3     0.018       9.8    2.9   0.0    54    85   111   142   106   162 0.83 -
3050_g               -            859 11832at5794          -            322     3e-22   76.9   0.4   2   3   5.6e-07   0.00031   17.7   0.0   101   181   422   500   412   507 0.87 -
3050_g               -            859 11832at5794          -            322     3e-22   76.9   0.4   3   3   1.6e-17   8.8e-15   52.4   0.0   197   317   736   859   690   859 0.79 -
4523_g               -            491 11832at5794          -            322   1.4e-20   71.4   0.0   1   3   5.3e-15   2.9e-12   44.1   0.0    52   137   106   194    98   207 0.88 -
4523_g               -            491 11832at5794          -            322   1.4e-20   71.4   0.0   2   3    0.0046       2.5    4.8   0.0   172   197   266   291   235   315 0.79 -
4523_g               -            491 11832at5794          -            322   1.4e-20   71.4   0.0   3   3   2.9e-07   0.00016   18.6   0.0   239   319   404   486   383   489 0.82 -
279_g                -            580 11832at5794          -            322   7.3e-19   65.8   0.1   1   2   2.5e-07   0.00014   18.9   0.0    58   145   258   348   249   365 0.88 -
279_g                -            580 11832at5794          -            322   7.3e-19   65.8   0.1   2   2   3.9e-15   2.2e-12   44.5   0.2   161   321   390   572   380   573 0.69 -
3888_g               -            561 11832at5794          -            322   1.4e-12   45.1   0.0   1   2     0.024        13    2.5   0.0    98   172   273   346   264   357 0.74 -
3888_g               -            561 11832at5794          -            322   1.4e-12   45.1   0.0   2   2   7.9e-14   4.3e-11   40.2   0.0   227   321   449   553   442   554 0.82 -
1806_g               -            571 11832at5794          -            322    0.0055   13.6   0.8   1   2    0.0014      0.76    6.6   0.0   236   278    58   100    48   138 0.90 -
1806_g               -            571 11832at5794          -            322    0.0055   13.6   0.8   2   2    0.0035       1.9    5.3   0.1   161   193   417   449   409   475 0.85 -
#
# Program:         hmmsearch
# Version:         3.1b2 (February 2015)
# Pipeline mode:   SEARCH
# Query file:      /mnt/e/Bioinformatics/Semester2/BINP29/Malaria Project/Genomes/Parsed/busco_downloads/lineages/apicomplexa_odb10/hmms/11832at5794.hmm
# Target file:     /mnt/e/Bioinformatics/Semester2/BINP29/Malaria Project/Genomes/Parsed/Pk_new.faa
# Option settings: hmmsearch --domtblout /mnt/e/Bioinformatics/Semester2/BINP29/Malaria Project/Genomes/Parsed/Pk/run_apicomplexa_odb10/hmmer_output/initial_run_results/11832at5794.out --cpu 1 /mnt/e/Bioinformatics/Semester2/BINP29/Malaria Project/Genomes/Parsed/busco_downloads/lineages/apicomplexa_odb10/hmms/11832at5794.hmm /mnt/e/Bioinformatics/Semester2/BINP29/Malaria Project/Genomes/Parsed/Pk_new.faa 
# Current dir:     /mnt/e/Bioinformatics/Semester2/BINP29/Malaria Project/Genomes/Parsed
# Date:            Wed Mar  1 19:30:11 2023
# [ok]
