#                                                                            --- full sequence --- -------------- this domain -------------   hmm coord   ali coord   env coord
# target name        accession   tlen query name           accession   qlen   E-value  score  bias   #  of  c-Evalue  i-Evalue  score  bias  from    to  from    to  from    to  acc description of target
#------------------- ---------- ----- -------------------- ---------- ----- --------- ------ ----- --- --- --------- --------- ------ ----- ----- ----- ----- ----- ----- ----- ---- ---------------------
853_g                -            347 13724at5794          -            242   2.8e-98  326.3   9.1   1   2   3.8e-11   3.1e-08   31.5   0.0     1    54    19    86    19    89 0.82 -
853_g                -            347 13724at5794          -            242   2.8e-98  326.3   9.1   2   2     2e-90   1.7e-87  291.1   6.9    44   242    92   329    85   329 0.88 -
2114_g               -            584 13724at5794          -            242     2e-18   64.8   7.4   1   2     0.052        43    1.6   0.0    23    45    63    85    12   102 0.76 -
2114_g               -            584 13724at5794          -            242     2e-18   64.8   7.4   2   2     7e-21   5.7e-18   63.4   4.5    72   227   304   475   291   491 0.81 -
1109_g               -            585 13724at5794          -            242   3.6e-16   57.5   8.3   1   3      0.45   3.7e+02   -1.5   0.1    25    68    87   138    80   143 0.63 -
1109_g               -            585 13724at5794          -            242   3.6e-16   57.5   8.3   2   3   3.4e-10   2.8e-07   28.3   0.2    51   119   157   237   141   246 0.71 -
1109_g               -            585 13724at5794          -            242   3.6e-16   57.5   8.3   3   3   1.7e-11   1.4e-08   32.6   0.8   140   195   296   351   281   357 0.92 -
3850_g               -           1205 13724at5794          -            242     6e-10   37.1   8.5   1   1   1.3e-12     1e-09   36.3   8.5    19   227   207   431   196   444 0.71 -
262_g                -            464 13724at5794          -            242   2.6e-08   31.7   6.4   1   1   5.5e-11   4.5e-08   31.0   6.4    75   224    90   242    84   256 0.77 -
1057_g               -            524 13724at5794          -            242   0.00019   19.1  11.3   1   2      0.11        90    0.5   0.0   114   160   190   237   182   243 0.77 -
1057_g               -            524 13724at5794          -            242   0.00019   19.1  11.3   2   2   5.2e-07   0.00043   17.9   9.9    73   220   287   439   203   448 0.76 -
#
# Program:         hmmsearch
# Version:         3.1b2 (February 2015)
# Pipeline mode:   SEARCH
# Query file:      /mnt/e/Bioinformatics/Semester2/BINP29/Malaria Project/Genomes/Parsed/busco_downloads/lineages/apicomplexa_odb10/hmms/13724at5794.hmm
# Target file:     /mnt/e/Bioinformatics/Semester2/BINP29/Malaria Project/Genomes/Parsed/Pk_new.faa
# Option settings: hmmsearch --domtblout /mnt/e/Bioinformatics/Semester2/BINP29/Malaria Project/Genomes/Parsed/Pk/run_apicomplexa_odb10/hmmer_output/initial_run_results/13724at5794.out --cpu 1 /mnt/e/Bioinformatics/Semester2/BINP29/Malaria Project/Genomes/Parsed/busco_downloads/lineages/apicomplexa_odb10/hmms/13724at5794.hmm /mnt/e/Bioinformatics/Semester2/BINP29/Malaria Project/Genomes/Parsed/Pk_new.faa 
# Current dir:     /mnt/e/Bioinformatics/Semester2/BINP29/Malaria Project/Genomes/Parsed
# Date:            Wed Mar  1 19:30:13 2023
# [ok]
