#                                                                            --- full sequence --- -------------- this domain -------------   hmm coord   ali coord   env coord
# target name        accession   tlen query name           accession   qlen   E-value  score  bias   #  of  c-Evalue  i-Evalue  score  bias  from    to  from    to  from    to  acc description of target
#------------------- ---------- ----- -------------------- ---------- ----- --------- ------ ----- --- --- --------- --------- ------ ----- ----- ----- ----- ----- ----- ----- ---- ---------------------
4568_g               -            335 14227at5794          -            277  1.1e-157  521.7  17.6   1   1  2.9e-159  3.9e-157  519.9  17.6     1   277    17   332    17   332 0.93 -
1665_g               -            657 14227at5794          -            277   1.5e-40  137.5   7.2   1   1   4.5e-42   6.2e-40  135.5   7.2    18   276    18   314     6   315 0.76 -
463_g                -            287 14227at5794          -            277   1.6e-37  127.6   0.2   1   1   3.2e-39   4.4e-37  126.1   0.2    10   277     3   287     1   287 0.80 -
3483_g               -           1367 14227at5794          -            277   6.5e-28   96.0   3.0   1   3       1.4   1.9e+02   -0.7   0.6    24    78   478   544   471   554 0.59 -
3483_g               -           1367 14227at5794          -            277   6.5e-28   96.0   3.0   2   3     9e-28   1.2e-25   88.6   0.0   101   226   689   814   672   831 0.86 -
3483_g               -           1367 14227at5794          -            277   6.5e-28   96.0   3.0   3   3      0.02       2.8    5.4   0.0   250   276   868   894   843   895 0.93 -
953_g                -            563 14227at5794          -            277   2.6e-26   90.8  10.9   1   1   3.5e-28   4.8e-26   89.9  10.9    22   277   120   379   101   379 0.77 -
4278_g               -            325 14227at5794          -            277   2.2e-25   87.7  11.6   1   1   3.9e-27   5.3e-25   86.5  11.6    12   276    26   311    17   312 0.77 -
959_g                -            301 14227at5794          -            277   3.3e-25   87.1   3.0   1   1   5.3e-27   7.3e-25   86.0   3.0    24   270     4   281     2   286 0.69 -
3035_g               -            529 14227at5794          -            277   1.8e-23   81.5   8.4   1   1   2.4e-25   3.2e-23   80.6   8.4    20   276    69   332    52   333 0.82 -
1301_g               -            853 14227at5794          -            277   1.1e-22   78.8   8.4   1   1   3.5e-24   4.8e-22   76.8   8.4    23   209   454   657   448   710 0.78 -
4705_g               -           1575 14227at5794          -            277     1e-21   75.7   9.3   1   2       5.3   7.3e+02   -2.5   0.0   208   256  1012  1059  1009  1062 0.86 -
4705_g               -           1575 14227at5794          -            277     1e-21   75.7   9.3   2   2   7.2e-24     1e-21   75.7   9.3    13   277  1128  1392  1107  1392 0.71 -
2064_g               -            369 14227at5794          -            277   1.3e-20   72.1   9.9   1   1   2.4e-22   3.4e-20   70.7   9.9    18   214   104   319    99   366 0.79 -
654_g                -            744 14227at5794          -            277   1.6e-20   71.8   3.6   1   4      0.28        39    1.6   0.1    25    47    16    38     4    48 0.82 -
654_g                -            744 14227at5794          -            277   1.6e-20   71.8   3.6   2   4     0.016       2.2    5.7   0.1    58    95    93   126    78   138 0.82 -
654_g                -            744 14227at5794          -            277   1.6e-20   71.8   3.6   3   4   7.2e-11   9.9e-09   33.1   0.0   103   179   183   262   128   269 0.85 -
654_g                -            744 14227at5794          -            277   1.6e-20   71.8   3.6   4   4   7.2e-09   9.9e-07   26.5   0.0   184   276   415   528   405   529 0.72 -
2436_g               -            504 14227at5794          -            277   1.5e-18   65.3   0.9   1   1     2e-20   2.7e-18   64.5   0.9    23   210   105   304    94   360 0.79 -
1606_g               -            853 14227at5794          -            277   7.2e-16   56.5   0.3   1   1   1.2e-17   1.6e-15   55.3   0.3    23   224   542   754   530   776 0.72 -
2369_g               -            961 14227at5794          -            277   8.1e-16   56.3   2.6   1   1   3.9e-17   5.4e-15   53.7   2.6    11   219     6   258     2   267 0.72 -
2543_g               -            711 14227at5794          -            277     1e-15   56.0   0.3   1   1   2.7e-17   3.7e-15   54.2   0.3    18   209   374   581   368   639 0.74 -
1341_g               -            388 14227at5794          -            277   1.6e-15   55.4  12.4   1   1   3.4e-17   4.7e-15   53.8  12.4     8   222    20   272    14   318 0.66 -
1385_g               -            887 14227at5794          -            277   2.4e-15   54.8   8.1   1   2   1.3e-08   1.7e-06   25.8   6.2    15   142   551   697   538   711 0.70 -
1385_g               -            887 14227at5794          -            277   2.4e-15   54.8   8.1   2   2   3.3e-09   4.5e-07   27.7   0.0   142   217   721   792   705   801 0.80 -
63_g                 -            287 14227at5794          -            277   2.9e-14   51.3   1.3   1   1   6.8e-16   9.4e-14   49.6   1.3    24   214     7   214     2   246 0.74 -
757_g                -            351 14227at5794          -            277   2.5e-12   44.9   0.1   1   1   2.3e-14   3.1e-12   44.6   0.1    83   218    95   245    45   302 0.69 -
1729_g               -            359 14227at5794          -            277   2.7e-12   44.8   8.9   1   2       1.7   2.3e+02   -0.9   0.1    14    64     8    57     6    64 0.72 -
1729_g               -            359 14227at5794          -            277   2.7e-12   44.8   8.9   2   2   2.3e-14   3.1e-12   44.6   7.9    28   207    45   226    36   258 0.74 -
1410_g               -           1297 14227at5794          -            277   3.8e-12   44.3   6.9   1   4       4.8   6.6e+02   -2.4   0.0    19    42   762   785   750   791 0.78 -
1410_g               -           1297 14227at5794          -            277   3.8e-12   44.3   6.9   2   4   7.2e-07   9.9e-05   20.0   0.4   109   148   958   997   904  1006 0.68 -
1410_g               -           1297 14227at5794          -            277   3.8e-12   44.3   6.9   3   4   1.9e-08   2.6e-06   25.2   0.2   138   213  1068  1138  1059  1161 0.74 -
1410_g               -           1297 14227at5794          -            277   3.8e-12   44.3   6.9   4   4       1.1   1.5e+02   -0.3   0.0   249   276  1264  1291  1242  1292 0.86 -
464_g                -           3861 14227at5794          -            277   3.7e-11   41.1   1.1   1   1   9.4e-13   1.3e-10   39.3   1.1    98   207  1264  1372  1221  1426 0.83 -
941_g                -            850 14227at5794          -            277   3.7e-11   41.1   0.7   1   3      0.97   1.3e+02   -0.1   0.2    22    57   404   439   388   470 0.80 -
941_g                -            850 14227at5794          -            277   3.7e-11   41.1   0.7   2   3   8.9e-09   1.2e-06   26.2   0.0   109   201   538   638   525   662 0.72 -
941_g                -            850 14227at5794          -            277   3.7e-11   41.1   0.7   3   3   0.00042     0.057   10.9   0.0   248   276   822   850   818   850 0.92 -
4446_g               -           1654 14227at5794          -            277     5e-11   40.6   1.3   1   1   6.5e-13   8.9e-11   39.8   1.3    56   208  1256  1426  1198  1438 0.64 -
1395_g               -           1531 14227at5794          -            277   6.4e-10   37.0   0.1   1   3       7.8   1.1e+03   -3.1   3.4     3    55   550   599   549   625 0.66 -
1395_g               -           1531 14227at5794          -            277   6.4e-10   37.0   0.1   2   3   4.7e-12   6.4e-10   37.0   0.1   101   207   628   735   618   763 0.80 -
1395_g               -           1531 14227at5794          -            277   6.4e-10   37.0   0.1   3   3       6.4   8.8e+02   -2.8   0.0    52    91   903   944   875   970 0.56 -
1485_g               -            295 14227at5794          -            277     6e-09   33.8   1.8   1   2   4.4e-11     6e-09   33.8   1.8    57   155    66   170    44   224 0.72 -
1485_g               -            295 14227at5794          -            277     6e-09   33.8   1.8   2   2      0.95   1.3e+02   -0.1   0.1    58   100   248   290   229   293 0.68 -
2144_g               -            512 14227at5794          -            277   1.3e-08   32.8   3.2   1   2   1.6e-08   2.2e-06   25.4   2.1    55   142   222   311   201   318 0.76 -
2144_g               -            512 14227at5794          -            277   1.3e-08   32.8   3.2   2   2     0.012       1.6    6.2   0.0   170   275   388   502   347   504 0.71 -
845_g                -           1664 14227at5794          -            277     4e-08   31.1   0.3   1   2      0.91   1.3e+02   -0.0   0.0    12    42  1200  1230  1192  1233 0.80 -
845_g                -           1664 14227at5794          -            277     4e-08   31.1   0.3   2   2   3.2e-09   4.4e-07   27.7   0.1    54   205  1387  1552  1355  1570 0.69 -
2549_g               -            726 14227at5794          -            277   4.1e-08   31.1   6.9   1   1   7.3e-10     1e-07   29.8   6.3    54   213    68   252    52   283 0.70 -
4125_g               -            341 14227at5794          -            277   6.9e-08   30.3   0.7   1   1   6.4e-10   8.8e-08   30.0   0.7    58   210    84   235    22   291 0.73 -
4534_g               -           1227 14227at5794          -            277   9.5e-08   29.9   8.3   1   2   6.9e-10   9.5e-08   29.9   8.3    46   147   237   350   230   376 0.68 -
4534_g               -           1227 14227at5794          -            277   9.5e-08   29.9   8.3   2   2      0.38        52    1.2   0.0   172   216   485   529   473   584 0.55 -
2073_g               -            314 14227at5794          -            277   1.5e-06   25.9   6.5   1   1   2.4e-08   3.3e-06   24.8   5.9    24   220     6   230     2   234 0.70 -
814_g                -            408 14227at5794          -            277   2.7e-05   21.8   7.5   1   2   2.8e-07   3.8e-05   21.3   4.3    40   147    55   165    39   182 0.77 -
814_g                -            408 14227at5794          -            277   2.7e-05   21.8   7.5   2   2      0.39        54    1.2   0.1     7    31   198   222   194   315 0.87 -
4030_g               -           1169 14227at5794          -            277   0.00015   19.4   1.0   1   3      0.42        57    1.1   0.0    55    97   818   859   807   870 0.80 -
4030_g               -           1169 14227at5794          -            277   0.00015   19.4   1.0   2   3   7.5e-05      0.01   13.4   0.1   100   156   890   945   868   975 0.79 -
4030_g               -           1169 14227at5794          -            277   0.00015   19.4   1.0   3   3      0.42        58    1.1   0.0   164   207  1050  1091  1041  1096 0.83 -
4062_g               -            613 14227at5794          -            277   0.00041   17.9   0.6   1   2   1.4e-05    0.0019   15.8   0.2    97   145   402   450   379   464 0.84 -
4062_g               -            613 14227at5794          -            277   0.00041   17.9   0.6   2   2       1.2   1.6e+02   -0.4   0.0   248   275   572   599   471   600 0.60 -
#
# Program:         hmmsearch
# Version:         3.1b2 (February 2015)
# Pipeline mode:   SEARCH
# Query file:      /mnt/e/Bioinformatics/Semester2/BINP29/Malaria Project/Genomes/Parsed/busco_downloads/lineages/apicomplexa_odb10/hmms/14227at5794.hmm
# Target file:     /mnt/e/Bioinformatics/Semester2/BINP29/Malaria Project/Genomes/Parsed/Pk_new.faa
# Option settings: hmmsearch --domtblout /mnt/e/Bioinformatics/Semester2/BINP29/Malaria Project/Genomes/Parsed/Pk/run_apicomplexa_odb10/hmmer_output/initial_run_results/14227at5794.out --cpu 1 /mnt/e/Bioinformatics/Semester2/BINP29/Malaria Project/Genomes/Parsed/busco_downloads/lineages/apicomplexa_odb10/hmms/14227at5794.hmm /mnt/e/Bioinformatics/Semester2/BINP29/Malaria Project/Genomes/Parsed/Pk_new.faa 
# Current dir:     /mnt/e/Bioinformatics/Semester2/BINP29/Malaria Project/Genomes/Parsed
# Date:            Wed Mar  1 19:30:14 2023
# [ok]
