#                                                                            --- full sequence --- -------------- this domain -------------   hmm coord   ali coord   env coord
# target name        accession   tlen query name           accession   qlen   E-value  score  bias   #  of  c-Evalue  i-Evalue  score  bias  from    to  from    to  from    to  acc description of target
#------------------- ---------- ----- -------------------- ---------- ----- --------- ------ ----- --- --- --------- --------- ------ ----- ----- ----- ----- ----- ----- ----- ---- ---------------------
3341_g               -            284 14975at5794          -            275  1.3e-147  488.3  11.4   1   1  1.6e-149  1.6e-147  488.1  11.4    19   275     6   282     3   282 0.95 -
739_g                -           1365 14975at5794          -            275   4.8e-26   89.6   8.3   1   5   1.1e-07   1.1e-05   22.9   0.0    40   133     4    97     2   102 0.91 -
739_g                -           1365 14975at5794          -            275   4.8e-26   89.6   8.3   2   5   2.1e-13   2.2e-11   41.6   0.6    74   173    81   178    78   215 0.85 -
739_g                -           1365 14975at5794          -            275   4.8e-26   89.6   8.3   3   5   3.2e-10   3.3e-08   31.2   0.7    34   148   234   349   209   360 0.67 -
739_g                -           1365 14975at5794          -            275   4.8e-26   89.6   8.3   4   5       1.6   1.6e+02   -0.6   0.0    63    94   570   601   557   610 0.83 -
739_g                -           1365 14975at5794          -            275   4.8e-26   89.6   8.3   5   5       8.7     9e+02   -3.1   0.0   103   122   639   658   629   665 0.79 -
4513_g               -            591 14975at5794          -            275   2.5e-25   87.3   9.0   1   2   1.6e-19   1.7e-17   61.6   2.7    68   211   266   414   237   419 0.85 -
4513_g               -            591 14975at5794          -            275   2.5e-25   87.3   9.0   2   2   6.3e-11   6.5e-09   33.5   1.0   158   274   402   522   401   523 0.81 -
140_g                -            842 14975at5794          -            275   6.2e-22   76.2   8.7   1   2   1.8e-19   1.8e-17   61.5   4.3    35   240   506   723   498   733 0.81 -
140_g                -            842 14975at5794          -            275   6.2e-22   76.2   8.7   2   2     9e-06   0.00092   16.6   0.1    51   114   740   807   721   819 0.74 -
220_g                -            620 14975at5794          -            275   1.4e-21   75.1  14.8   1   2   5.9e-08   6.1e-06   23.7   1.9   158   252   331   427   322   432 0.85 -
220_g                -            620 14975at5794          -            275   1.4e-21   75.1  14.8   2   2   1.3e-20   1.3e-18   65.2   5.4    38   238   374   580   370   610 0.83 -
2285_g               -            613 14975at5794          -            275   1.2e-20   71.9   2.1   1   2   1.4e-17   1.5e-15   55.3   0.1    37   230   323   526   304   530 0.85 -
2285_g               -            613 14975at5794          -            275   1.2e-20   71.9   2.1   2   2   2.3e-08   2.4e-06   25.1   2.0    15   151   470   613   464   613 0.80 -
901_g                -            629 14975at5794          -            275   1.1e-19   68.8   3.0   1   3       0.1        11    3.2   0.0    86   134   237   287   224   309 0.81 -
901_g                -            629 14975at5794          -            275   1.1e-19   68.8   3.0   2   3   2.1e-13   2.2e-11   41.6   0.0   121   243   408   539   397   544 0.64 -
901_g                -            629 14975at5794          -            275   1.1e-19   68.8   3.0   3   3   8.3e-08   8.6e-06   23.2   0.3    37   111   536   612   531   623 0.79 -
1559_g               -            744 14975at5794          -            275   3.3e-19   67.2  12.7   1   4   0.00019     0.019   12.2   0.0   156   197    11    52     3    63 0.80 -
1559_g               -            744 14975at5794          -            275   3.3e-19   67.2  12.7   2   4   5.6e-08   5.8e-06   23.8   0.3    38   110    88   164    83   179 0.86 -
1559_g               -            744 14975at5794          -            275   3.3e-19   67.2  12.7   3   4   3.1e-10   3.2e-08   31.2   0.3    36   113   241   322   214   331 0.84 -
1559_g               -            744 14975at5794          -            275   3.3e-19   67.2  12.7   4   4     0.014       1.4    6.1   0.5    41   153   666   742   632   744 0.54 -
1360_g               -           1237 14975at5794          -            275   3.1e-18   64.0  20.4   1   8     0.057       5.9    4.1   0.1   149   238     4   106     2   109 0.63 -
1360_g               -           1237 14975at5794          -            275   3.1e-18   64.0  20.4   2   8   1.1e-08   1.1e-06   26.1   0.3   127   206    71   156    37   162 0.69 -
1360_g               -           1237 14975at5794          -            275   3.1e-18   64.0  20.4   3   8   1.1e-09   1.1e-07   29.4   3.2    38   162   109   242   107   285 0.81 -
1360_g               -           1237 14975at5794          -            275   3.1e-18   64.0  20.4   4   8       6.1   6.3e+02   -2.6   0.0   166   201   372   407   362   411 0.70 -
1360_g               -           1237 14975at5794          -            275   3.1e-18   64.0  20.4   5   8     0.022       2.3    5.4   0.4   203   274   653   720   635   764 0.66 -
1360_g               -           1237 14975at5794          -            275   3.1e-18   64.0  20.4   6   8   1.3e-05    0.0014   16.0   0.1   124   199   836   916   826   921 0.78 -
1360_g               -           1237 14975at5794          -            275   3.1e-18   64.0  20.4   7   8     5e-10   5.2e-08   30.5   1.1    36   120   874   960   868   994 0.82 -
1360_g               -           1237 14975at5794          -            275   3.1e-18   64.0  20.4   8   8       1.7   1.8e+02   -0.7   0.0   215   234   976   995   966  1007 0.79 -
2988_g               -            481 14975at5794          -            275   1.6e-15   55.1   8.2   1   2   1.1e-08   1.2e-06   26.1   2.6    35   272    63   305    57   308 0.50 -
2988_g               -            481 14975at5794          -            275   1.6e-15   55.1   8.2   2   2   1.5e-09   1.6e-07   28.9   0.5    75   157   315   396   295   411 0.71 -
2022_g               -            524 14975at5794          -            275   2.9e-15   54.3   5.2   1   4      0.84        87    0.3   0.1    82   112   216   246   201   262 0.55 -
2022_g               -            524 14975at5794          -            275   2.9e-15   54.3   5.2   2   4   1.8e-10   1.9e-08   31.9   0.5    35   109   260   335   252   339 0.92 -
2022_g               -            524 14975at5794          -            275   2.9e-15   54.3   5.2   3   4     1e-10     1e-08   32.8   0.4    31   112   298   380   297   397 0.91 -
2022_g               -            524 14975at5794          -            275   2.9e-15   54.3   5.2   4   4       5.8     6e+02   -2.5   0.1   208   230   455   478   446   490 0.67 -
2747_g               -           1049 14975at5794          -            275   7.7e-15   52.9  13.7   1   4   0.00028     0.029   11.7   0.0    36   110   161   238   140   258 0.83 -
2747_g               -           1049 14975at5794          -            275   7.7e-15   52.9  13.7   2   4    0.0016      0.16    9.2   0.2    42    92   352   404   342   420 0.80 -
2747_g               -           1049 14975at5794          -            275   7.7e-15   52.9  13.7   3   4   9.1e-10   9.4e-08   29.7   3.9    53   241   430   651   420   656 0.68 -
2747_g               -           1049 14975at5794          -            275   7.7e-15   52.9  13.7   4   4       6.4   6.6e+02   -2.6   0.0    75   101   815   841   812   844 0.78 -
851_g                -            721 14975at5794          -            275   1.8e-13   48.4  12.4   1   4   0.00047     0.048   10.9   0.5    39   229   157   359   153   365 0.56 -
851_g                -            721 14975at5794          -            275   1.8e-13   48.4  12.4   2   4     0.066       6.8    3.9   0.4   185   237   355   409   334   422 0.71 -
851_g                -            721 14975at5794          -            275   1.8e-13   48.4  12.4   3   4   1.6e-05    0.0017   15.7   1.4    91   238   477   631   452   638 0.75 -
851_g                -            721 14975at5794          -            275   1.8e-13   48.4  12.4   4   4   1.1e-06   0.00011   19.6   0.0    45   116   642   714   638   718 0.86 -
606_g                -            525 14975at5794          -            275   2.4e-13   48.0   6.2   1   2   2.8e-05    0.0029   14.9   0.2    81   157   190   268   174   278 0.48 -
606_g                -            525 14975at5794          -            275   2.4e-13   48.0   6.2   2   2   4.8e-11   4.9e-09   33.9   1.4   156   233   341   422   287   453 0.78 -
1406_g               -            805 14975at5794          -            275   7.7e-13   46.3   6.7   1   4   5.5e-06   0.00057   17.3   0.1   165   237    72   146    61   170 0.82 -
1406_g               -            805 14975at5794          -            275   7.7e-13   46.3   6.7   2   4    0.0026      0.27    8.5   0.0   106   156   237   287   224   299 0.81 -
1406_g               -            805 14975at5794          -            275   7.7e-13   46.3   6.7   3   4   2.9e-07     3e-05   21.4   0.3    53   111   414   472   391   484 0.86 -
1406_g               -            805 14975at5794          -            275   7.7e-13   46.3   6.7   4   4       3.3   3.4e+02   -1.7   0.0   180   229   673   722   655   745 0.63 -
394_g                -            886 14975at5794          -            275   1.6e-12   45.3   4.2   1   3   0.00041     0.042   11.1   0.0    16    71   134   188   120   245 0.68 -
394_g                -            886 14975at5794          -            275   1.6e-12   45.3   4.2   2   3     1e-10     1e-08   32.8   0.4    19   110   250   342   235   355 0.74 -
394_g                -            886 14975at5794          -            275   1.6e-12   45.3   4.2   3   3       0.9        92    0.2   0.1   218   251   397   430   371   447 0.81 -
2354_g               -            620 14975at5794          -            275   4.1e-12   44.0  11.1   1   4       4.2   4.4e+02   -2.0   0.0    68    88   218   238   177   243 0.54 -
2354_g               -            620 14975at5794          -            275   4.1e-12   44.0  11.1   2   4     0.095       9.8    3.4   0.0   170   201   302   335   289   342 0.77 -
2354_g               -            620 14975at5794          -            275   4.1e-12   44.0  11.1   3   4   1.7e-10   1.7e-08   32.1   2.7    10   115   363   478   353   486 0.74 -
2354_g               -            620 14975at5794          -            275   4.1e-12   44.0  11.1   4   4   0.00054     0.055   10.7   0.1    87   172   490   575   479   583 0.87 -
4691_g               -            555 14975at5794          -            275   2.8e-11   41.2   3.7   1   3   2.5e-07   2.5e-05   21.7   0.0    39   116    51   132    48   146 0.80 -
4691_g               -            555 14975at5794          -            275   2.8e-11   41.2   3.7   2   3   2.7e-06   0.00028   18.3   0.3    35   128   167   260   148   266 0.77 -
4691_g               -            555 14975at5794          -            275   2.8e-11   41.2   3.7   3   3      0.95        98    0.1   0.0   103   157   353   408   321   442 0.56 -
2794_g               -            447 14975at5794          -            275   4.6e-11   40.5   0.0   1   2   5.6e-10   5.8e-08   30.4   0.0    52   232   169   373   147   374 0.68 -
2794_g               -            447 14975at5794          -            275   4.6e-11   40.5   0.0   2   2      0.18        18    2.5   0.0    38    74   396   435   391   442 0.79 -
59_g                 -            323 14975at5794          -            275   3.7e-10   37.5   6.2   1   2     1e-11     1e-09   36.1   5.0    35   162    55   183    39   209 0.91 -
59_g                 -            323 14975at5794          -            275   3.7e-10   37.5   6.2   2   2       1.8   1.8e+02   -0.8   0.0    83   118   232   267   204   312 0.65 -
2467_g               -            499 14975at5794          -            275   7.7e-10   36.5   0.7   1   2   2.9e-11   2.9e-09   34.6   0.1    27   111   266   353   248   375 0.81 -
2467_g               -            499 14975at5794          -            275   7.7e-10   36.5   0.7   2   2       2.3   2.4e+02   -1.2   0.0   247   274   418   445   406   446 0.79 -
818_g                -            462 14975at5794          -            275   8.8e-10   36.3   0.9   1   2   1.4e-07   1.4e-05   22.5   0.2    74   130   102   157    86   164 0.82 -
818_g                -            462 14975at5794          -            275   8.8e-10   36.3   0.9   2   2   0.00019      0.02   12.2   0.1   171   243   167   238   151   264 0.84 -
2485_g               -            470 14975at5794          -            275   1.1e-09   36.0  15.5   1   3      0.22        22    2.2   0.0   248   272    84   108    71   110 0.84 -
2485_g               -            470 14975at5794          -            275   1.1e-09   36.0  15.5   2   3    0.0019      0.19    9.0   4.3    40   273   167   240   150   242 0.49 -
2485_g               -            470 14975at5794          -            275   1.1e-09   36.0  15.5   3   3   4.7e-10   4.9e-08   30.6   2.3    18   160   231   388   228   427 0.73 -
2299_g               -            448 14975at5794          -            275   3.8e-08   30.9   0.5   1   1   6.1e-10   6.3e-08   30.2   0.5    62   154   290   385   275   432 0.87 -
314_g                -            978 14975at5794          -            275   6.1e-08   30.3   2.8   1   4   0.00013     0.013   12.8   0.0    69   191   219   261   193   275 0.54 -
314_g                -            978 14975at5794          -            275   6.1e-08   30.3   2.8   2   4       0.1        11    3.3   0.1   250   274   296   319   289   321 0.87 -
314_g                -            978 14975at5794          -            275   6.1e-08   30.3   2.8   3   4   0.00075     0.077   10.3   0.0    35    70   329   364   312   376 0.70 -
314_g                -            978 14975at5794          -            275   6.1e-08   30.3   2.8   4   4       0.8        83    0.3   0.1   230   273   838   881   824   884 0.77 -
3756_g               -            699 14975at5794          -            275   7.7e-08   29.9   5.7   1   3   1.1e-07   1.1e-05   22.8   0.7    36   157    93   229    84   267 0.65 -
3756_g               -            699 14975at5794          -            275   7.7e-08   29.9   5.7   2   3    0.0071      0.73    7.1   0.2    82   179   255   363   243   380 0.68 -
3756_g               -            699 14975at5794          -            275   7.7e-08   29.9   5.7   3   3       1.3   1.4e+02   -0.4   0.0   254   273   478   497   463   498 0.83 -
225_g                -            723 14975at5794          -            275   1.5e-07   29.0   0.2   1   2   3.4e-08   3.5e-06   24.5   0.5    39   144   106   218    88   273 0.80 -
225_g                -            723 14975at5794          -            275   1.5e-07   29.0   0.2   2   2       0.4        41    1.3   0.0   154   181   337   364   334   390 0.78 -
2588_g               -            561 14975at5794          -            275   1.8e-07   28.7   0.2   1   2   7.7e-09   7.9e-07   26.6   0.0    75   159    71   163    53   197 0.71 -
2588_g               -            561 14975at5794          -            275   1.8e-07   28.7   0.2   2   2       2.3   2.3e+02   -1.1   0.0    52    74   229   255   217   270 0.64 -
2393_g               -            749 14975at5794          -            275   3.5e-07   27.8  11.6   1   3   1.2e-08   1.3e-06   25.9   2.0    39   154    14   138    11   181 0.78 -
2393_g               -            749 14975at5794          -            275   3.5e-07   27.8  11.6   2   3      0.18        18    2.5   1.1    93   154   204   273   152   290 0.78 -
2393_g               -            749 14975at5794          -            275   3.5e-07   27.8  11.6   3   3     0.028       2.9    5.1   2.5   178   273   209   317   202   319 0.38 -
1024_g               -            546 14975at5794          -            275   2.9e-06   24.8   2.2   1   3     0.036       3.7    4.8   0.1   175   200   292   317   280   332 0.79 -
1024_g               -            546 14975at5794          -            275   2.9e-06   24.8   2.2   2   3   1.3e-05    0.0013   16.1   0.2    45   157   359   478   350   489 0.77 -
1024_g               -            546 14975at5794          -            275   2.9e-06   24.8   2.2   3   3      0.39        41    1.3   0.0   205   233   514   544   502   546 0.67 -
3458_g               -            476 14975at5794          -            275   4.3e-06   24.2   5.7   1   3     0.073       7.6    3.7   0.0    70   110   216   257   207   272 0.84 -
3458_g               -            476 14975at5794          -            275   4.3e-06   24.2   5.7   2   3   0.00017     0.017   12.4   0.6   121   165   344   388   307   396 0.76 -
3458_g               -            476 14975at5794          -            275   4.3e-06   24.2   5.7   3   3    0.0028      0.29    8.4   0.7    36    74   387   426   381   456 0.83 -
506_g                -            489 14975at5794          -            275   8.3e-06   23.3   0.6   1   3   0.00057     0.058   10.7   0.0   141   194   237   290   201   305 0.76 -
506_g                -            489 14975at5794          -            275   8.3e-06   23.3   0.6   2   3     0.032       3.3    4.9   0.0   207   239   326   359   307   391 0.79 -
506_g                -            489 14975at5794          -            275   8.3e-06   23.3   0.6   3   3     0.075       7.7    3.7   0.1    29    88   399   458   390   479 0.76 -
1026_g               -           2127 14975at5794          -            275   9.5e-06   23.1   0.7   1   1   1.2e-06   0.00013   19.4   0.2   156   275  1817  1935  1814  1935 0.86 -
2755_g               -            580 14975at5794          -            275   1.1e-05   22.9   0.0   1   1   1.7e-06   0.00018   18.9   0.0    40   235    61   262    54   300 0.75 -
3624_g               -            689 14975at5794          -            275   2.7e-05   21.6   2.2   1   2     0.013       1.4    6.2   0.0    14   136   365   499   356   515 0.76 -
3624_g               -            689 14975at5794          -            275   2.7e-05   21.6   2.2   2   2   0.00036     0.037   11.3   2.3    94   192   555   661   547   666 0.81 -
381_g                -            374 14975at5794          -            275   6.2e-05   20.4   1.6   1   2   1.4e-06   0.00014   19.2   0.3   122   232    15   129     5   142 0.70 -
381_g                -            374 14975at5794          -            275   6.2e-05   20.4   1.6   2   2       1.2   1.2e+02   -0.2   0.0    43    76   280   313   235   352 0.73 -
3991_g               -            857 14975at5794          -            275   0.00012   19.5   2.3   1   2       1.1   1.2e+02   -0.2   0.0   250   274   559   584   544   638 0.79 -
3991_g               -            857 14975at5794          -            275   0.00012   19.5   2.3   2   2     5e-06   0.00051   17.4   0.5    56   113   680   740   659   783 0.72 -
1837_g               -           3998 14975at5794          -            275   0.00014   19.2   0.1   1   1   3.5e-06   0.00036   17.9   0.1    64   118  2734  2790  2706  2801 0.62 -
867_g                -            363 14975at5794          -            275   0.00026   18.3   0.0   1   2   0.00013     0.014   12.7   0.0    56   111    87   146    62   164 0.78 -
867_g                -            363 14975at5794          -            275   0.00026   18.3   0.0   2   2      0.11        11    3.2   0.0   216   274   190   249   186   250 0.82 -
456_g                -           1318 14975at5794          -            275   0.00064   17.1   0.2   1   2      0.53        55    0.9   0.0   122   194   435   518   367   546 0.67 -
456_g                -           1318 14975at5794          -            275   0.00064   17.1   0.2   2   2   0.00015     0.016   12.5   0.1    41   114   827   903   779   919 0.78 -
2213_g               -           1222 14975at5794          -            275    0.0017   15.7   0.3   1   2       6.7   6.9e+02   -2.7   0.0   175   191   819   835   782   865 0.51 -
2213_g               -           1222 14975at5794          -            275    0.0017   15.7   0.3   2   2   4.9e-05     0.005   14.1   0.1    77   158  1068  1151  1053  1163 0.79 -
3176_g               -           1456 14975at5794          -            275    0.0019   15.5   5.0   1   3     0.035       3.6    4.8   0.3   160   259   147   255   140   266 0.73 -
3176_g               -           1456 14975at5794          -            275    0.0019   15.5   5.0   2   3   0.00027     0.028   11.7   0.1    64   145   269   352   257   373 0.61 -
3176_g               -           1456 14975at5794          -            275    0.0019   15.5   5.0   3   3       2.6   2.7e+02   -1.3   0.0   100   120   847   867   834   888 0.71 -
2374_g               -           3699 14975at5794          -            275    0.0024   15.2   1.1   1   3      0.25        25    2.0   0.0   200   274   851   936   819   937 0.68 -
2374_g               -           3699 14975at5794          -            275    0.0024   15.2   1.1   2   3   0.00082     0.085   10.1   0.0    42   112   990  1063   962  1075 0.85 -
2374_g               -           3699 14975at5794          -            275    0.0024   15.2   1.1   3   3         2   2.1e+02   -1.0   0.0   250   275  1311  1336  1300  1336 0.88 -
1714_g               -            751 14975at5794          -            275    0.0045   14.3   4.2   1   3       7.9   8.1e+02   -2.9   0.0    44    90   201   249   162   263 0.63 -
1714_g               -            751 14975at5794          -            275    0.0045   14.3   4.2   2   3   4.8e-05    0.0049   14.2   0.9   126   198   352   437   349   451 0.70 -
1714_g               -            751 14975at5794          -            275    0.0045   14.3   4.2   3   3       5.1   5.3e+02   -2.3   0.0    61    78   592   609   535   658 0.41 -
1170_g               -            581 14975at5794          -            275    0.0072   13.6   0.2   1   1   0.00017     0.018   12.4   0.2   204   239   287   323   250   368 0.74 -
2391_g               -            431 14975at5794          -            275     0.011   13.0   1.0   1   2      0.19        20    2.3   0.1    22    70    93   142    75   152 0.81 -
2391_g               -            431 14975at5794          -            275     0.011   13.0   1.0   2   2    0.0028      0.29    8.4   0.1    71   112   301   341   291   356 0.84 -
4739_g               -           1287 14975at5794          -            275     0.013   12.8   0.1   1   3       2.9     3e+02   -1.5   0.0   129   178   348   399   341   415 0.69 -
4739_g               -           1287 14975at5794          -            275     0.013   12.8   0.1   2   3     0.041       4.2    4.6   0.0   157   234   526   602   508   621 0.64 -
4739_g               -           1287 14975at5794          -            275     0.013   12.8   0.1   3   3     0.043       4.4    4.5   0.0   217   242  1087  1112  1072  1120 0.83 -
1852_g               -            533 14975at5794          -            275     0.017   12.4   1.2   1   2      0.45        46    1.2   0.0   121   241    72   116    47   152 0.54 -
1852_g               -            533 14975at5794          -            275     0.017   12.4   1.2   2   2    0.0012      0.12    9.6   0.2   168   241   307   382   296   393 0.82 -
#
# Program:         hmmsearch
# Version:         3.1b2 (February 2015)
# Pipeline mode:   SEARCH
# Query file:      /mnt/e/Bioinformatics/Semester2/BINP29/Malaria Project/Genomes/Parsed/busco_downloads/lineages/apicomplexa_odb10/hmms/14975at5794.hmm
# Target file:     /mnt/e/Bioinformatics/Semester2/BINP29/Malaria Project/Genomes/Parsed/Pk_new.faa
# Option settings: hmmsearch --domtblout /mnt/e/Bioinformatics/Semester2/BINP29/Malaria Project/Genomes/Parsed/Pk/run_apicomplexa_odb10/hmmer_output/initial_run_results/14975at5794.out --cpu 1 /mnt/e/Bioinformatics/Semester2/BINP29/Malaria Project/Genomes/Parsed/busco_downloads/lineages/apicomplexa_odb10/hmms/14975at5794.hmm /mnt/e/Bioinformatics/Semester2/BINP29/Malaria Project/Genomes/Parsed/Pk_new.faa 
# Current dir:     /mnt/e/Bioinformatics/Semester2/BINP29/Malaria Project/Genomes/Parsed
# Date:            Wed Mar  1 19:30:15 2023
# [ok]
