#                                                                            --- full sequence --- -------------- this domain -------------   hmm coord   ali coord   env coord
# target name        accession   tlen query name           accession   qlen   E-value  score  bias   #  of  c-Evalue  i-Evalue  score  bias  from    to  from    to  from    to  acc description of target
#------------------- ---------- ----- -------------------- ---------- ----- --------- ------ ----- --- --- --------- --------- ------ ----- ----- ----- ----- ----- ----- ----- ---- ---------------------
4523_g               -            491 15540at5794          -            300   1.9e-95  317.4   2.9   1   3   2.5e-71     2e-68  228.7   0.0     1   196     9   250     9   254 0.88 -
4523_g               -            491 15540at5794          -            300   1.9e-95  317.4   2.9   2   3   2.3e-07   0.00019   18.6   0.0   193   228   276   316   252   326 0.82 -
4523_g               -            491 15540at5794          -            300   1.9e-95  317.4   2.9   3   3   1.1e-20   8.8e-18   62.4   0.2   217   293   390   484   375   491 0.80 -
1736_g               -            506 15540at5794          -            300   5.5e-41  138.6   0.7   1   3     0.017        14    2.7   0.0     2    27    24    49    22    53 0.86 -
1736_g               -            506 15540at5794          -            300   5.5e-41  138.6   0.7   2   3   4.5e-31   3.7e-28   96.5   0.0    64   165   155   264   134   307 0.86 -
1736_g               -            506 15540at5794          -            300   5.5e-41  138.6   0.7   3   3   2.8e-12   2.3e-09   34.8   0.2   245   293   451   500   365   503 0.89 -
2535_g               -            377 15540at5794          -            300   1.4e-34  117.6   0.0   1   2   3.2e-05     0.026   11.6   0.0     1    32    11    43    11    52 0.85 -
2535_g               -            377 15540at5794          -            300   1.4e-34  117.6   0.0   2   2   8.5e-33     7e-30  102.2   0.0    59   292    96   370    82   375 0.75 -
279_g                -            580 15540at5794          -            300     2e-30  103.9   1.3   1   4   0.00013      0.11    9.6   0.0     2    33     5    37     4    43 0.85 -
279_g                -            580 15540at5794          -            300     2e-30  103.9   1.3   2   4   3.5e-17   2.9e-14   50.9   0.1    66   188   252   382   238   389 0.84 -
279_g                -            580 15540at5794          -            300     2e-30  103.9   1.3   3   4   0.00063      0.52    7.3   0.0   196   223   420   449   408   476 0.82 -
279_g                -            580 15540at5794          -            300     2e-30  103.9   1.3   4   4   2.6e-11   2.1e-08   31.6   0.0   254   300   528   577   468   577 0.89 -
1817_g               -            375 15540at5794          -            300   1.4e-28   97.9   0.0   1   2   0.00038      0.31    8.1   0.0     2    33     3    35     2    46 0.85 -
1817_g               -            375 15540at5794          -            300   1.4e-28   97.9   0.0   2   2     2e-27   1.6e-24   84.5   0.0    59   299    87   370    75   371 0.72 -
4590_g               -            380 15540at5794          -            300   5.5e-18   63.1   0.0   1   3      0.82   6.8e+02   -2.9   0.0     1    29     7    35     7    38 0.87 -
4590_g               -            380 15540at5794          -            300   5.5e-18   63.1   0.0   2   3   1.3e-19   1.1e-16   58.9   0.0    67   206    93   239    72   260 0.82 -
4590_g               -            380 15540at5794          -            300   5.5e-18   63.1   0.0   3   3     0.052        43    1.1   0.0   255   291   326   366   273   370 0.59 -
#
# Program:         hmmsearch
# Version:         3.1b2 (February 2015)
# Pipeline mode:   SEARCH
# Query file:      /mnt/e/Bioinformatics/Semester2/BINP29/Malaria Project/Genomes/Parsed/busco_downloads/lineages/apicomplexa_odb10/hmms/15540at5794.hmm
# Target file:     /mnt/e/Bioinformatics/Semester2/BINP29/Malaria Project/Genomes/Parsed/Pk_new.faa
# Option settings: hmmsearch --domtblout /mnt/e/Bioinformatics/Semester2/BINP29/Malaria Project/Genomes/Parsed/Pk/run_apicomplexa_odb10/hmmer_output/initial_run_results/15540at5794.out --cpu 1 /mnt/e/Bioinformatics/Semester2/BINP29/Malaria Project/Genomes/Parsed/busco_downloads/lineages/apicomplexa_odb10/hmms/15540at5794.hmm /mnt/e/Bioinformatics/Semester2/BINP29/Malaria Project/Genomes/Parsed/Pk_new.faa 
# Current dir:     /mnt/e/Bioinformatics/Semester2/BINP29/Malaria Project/Genomes/Parsed
# Date:            Wed Mar  1 19:30:16 2023
# [ok]
