#                                                                            --- full sequence --- -------------- this domain -------------   hmm coord   ali coord   env coord
# target name        accession   tlen query name           accession   qlen   E-value  score  bias   #  of  c-Evalue  i-Evalue  score  bias  from    to  from    to  from    to  acc description of target
#------------------- ---------- ----- -------------------- ---------- ----- --------- ------ ----- --- --- --------- --------- ------ ----- ----- ----- ----- ----- ----- ----- ---- ---------------------
140_g                -            842 15805at5794          -            426  2.6e-131  436.8  15.1   1   2   4.2e-16     6e-14   50.1   0.3   110   156    14    60    10    70 0.95 -
140_g                -            842 15805at5794          -            426  2.6e-131  436.8  15.1   2   2  3.5e-119  4.9e-117  389.8   9.5   152   426   491   803   483   803 0.90 -
3341_g               -            284 15805at5794          -            426   2.6e-21   74.4   8.8   1   4   6.6e-06   0.00094   16.5   0.2   167   201    30    64    24    70 0.93 -
3341_g               -            284 15805at5794          -            426   2.6e-21   74.4   8.8   2   4   5.5e-11   7.7e-09   33.3   1.3   165   239    70   152    65   159 0.83 -
3341_g               -            284 15805at5794          -            426   2.6e-21   74.4   8.8   3   4   3.6e-07   5.1e-05   20.7   0.0   166   246   158   241   153   253 0.79 -
3341_g               -            284 15805at5794          -            426   2.6e-21   74.4   8.8   4   4    0.0065      0.92    6.7   0.0   214   239   257   282   245   284 0.89 -
141_g                -            326 15805at5794          -            426   9.3e-20   69.3   0.4   1   1   8.7e-22   1.2e-19   68.9   0.4     1    58   262   319   262   323 0.97 -
1559_g               -            744 15805at5794          -            426   2.5e-19   67.9  27.2   1   5   7.3e-09     1e-06   26.3   1.8   161   252     5   101     2   129 0.73 -
1559_g               -            744 15805at5794          -            426   2.5e-19   67.9  27.2   2   5   9.4e-06    0.0013   16.0   0.2   166   208   129   171   114   180 0.87 -
1559_g               -            744 15805at5794          -            426   2.5e-19   67.9  27.2   3   5      0.42        59    0.7   0.1   169   239   242   276   233   282 0.53 -
1559_g               -            744 15805at5794          -            426   2.5e-19   67.9  27.2   4   5   4.6e-09   6.5e-07   26.9   1.2   164   213   282   331   279   365 0.87 -
1559_g               -            744 15805at5794          -            426   2.5e-19   67.9  27.2   5   5    0.0008      0.11    9.7   2.0   172   238   665   743   659   744 0.74 -
2022_g               -            524 15805at5794          -            426   3.8e-17   60.6  15.8   1   5   8.8e-08   1.2e-05   22.7   5.9     8    68     6    70     2   185 0.56 -
2022_g               -            524 15805at5794          -            426   3.8e-17   60.6  15.8   2   5    0.0045      0.63    7.2   0.1   209   239   215   245   207   255 0.85 -
2022_g               -            524 15805at5794          -            426   3.8e-17   60.6  15.8   3   5    0.0009      0.13    9.5   0.0   203   240   259   296   250   300 0.89 -
2022_g               -            524 15805at5794          -            426   3.8e-17   60.6  15.8   4   5   9.2e-08   1.3e-05   22.7   0.0   164   254   299   394   296   400 0.90 -
2022_g               -            524 15805at5794          -            426   3.8e-17   60.6  15.8   5   5       2.2   3.1e+02   -1.7   0.0   332   396   418   485   391   496 0.56 -
1360_g               -           1237 15805at5794          -            426   2.2e-13   48.2   7.6   1   5      0.55        77    0.3   0.0   315   350    14    53     4    57 0.76 -
1360_g               -           1237 15805at5794          -            426   2.2e-13   48.2   7.6   2   5   3.2e-07   4.6e-05   20.9   0.1   164   248   103   202    95   237 0.77 -
1360_g               -           1237 15805at5794          -            426   2.2e-13   48.2   7.6   3   5       5.4   7.6e+02   -2.9   0.0   218   276   376   436   367   452 0.70 -
1360_g               -           1237 15805at5794          -            426   2.2e-13   48.2   7.6   4   5      0.03       4.3    4.5   0.0   194   248   637   690   629   720 0.85 -
1360_g               -           1237 15805at5794          -            426   2.2e-13   48.2   7.6   5   5     2e-07   2.8e-05   21.6   0.1   168   246   874   957   864   969 0.86 -
2988_g               -            481 15805at5794          -            426   2.1e-12   45.0   0.7   1   2   1.6e-08   2.3e-06   25.1   0.0   164   244    60   146    43   157 0.86 -
2988_g               -            481 15805at5794          -            426   2.1e-12   45.0   0.7   2   2   2.9e-06   0.00042   17.7   0.1   172   245   321   400   310   460 0.75 -
4513_g               -            591 15805at5794          -            426   7.3e-12   43.2   6.3   1   3   5.2e-07   7.4e-05   20.2   0.2   156   237   263   349   252   349 0.87 -
4513_g               -            591 15805at5794          -            426   7.3e-12   43.2   6.3   2   3   1.2e-08   1.7e-06   25.6   0.5   340   425   346   433   345   434 0.85 -
4513_g               -            591 15805at5794          -            426   7.3e-12   43.2   6.3   3   3      0.22        31    1.6   0.1   164   204   439   478   435   551 0.76 -
739_g                -           1365 15805at5794          -            426   2.7e-11   41.4  13.2   1   5     0.034       4.8    4.3   0.0   374   426    18    75     4    75 0.75 -
739_g                -           1365 15805at5794          -            426   2.7e-11   41.4  13.2   2   5   1.3e-06   0.00019   18.8   1.0   163   241    79   162    76   179 0.87 -
739_g                -           1365 15805at5794          -            426   2.7e-11   41.4  13.2   3   5   6.5e-08   9.2e-06   23.1   0.5   162   244   230   320   201   325 0.76 -
739_g                -           1365 15805at5794          -            426   2.7e-11   41.4  13.2   4   5      0.32        45    1.1   0.0   164   200   319   354   316   381 0.83 -
739_g                -           1365 15805at5794          -            426   2.7e-11   41.4  13.2   5   5       8.1   1.1e+03   -3.5   0.3   238   277   585   626   559   657 0.54 -
2285_g               -            613 15805at5794          -            426   1.2e-10   39.2   4.6   1   4   1.1e-05    0.0015   15.9   0.0   162   240   316   401   312   409 0.82 -
2285_g               -            613 15805at5794          -            426   1.2e-10   39.2   4.6   2   4   0.00018     0.025   11.8   0.0   163   236   361   440   358   446 0.80 -
2285_g               -            613 15805at5794          -            426   1.2e-10   39.2   4.6   3   4    0.0011      0.15    9.2   0.1   170   239   452   484   435   537 0.59 -
2285_g               -            613 15805at5794          -            426   1.2e-10   39.2   4.6   4   4   0.00026     0.036   11.3   0.9   353   417   538   601   527   613 0.52 -
2485_g               -            470 15805at5794          -            426   1.5e-10   39.0   7.4   1   5     0.065       9.2    3.4   0.0   160   236    69   151    50   161 0.64 -
2485_g               -            470 15805at5794          -            426   1.5e-10   39.0   7.4   2   5      0.21        30    1.7   0.0   326   359   179   211   156   219 0.75 -
2485_g               -            470 15805at5794          -            426   1.5e-10   39.0   7.4   3   5   4.6e-10   6.5e-08   30.2   1.1   173   242   213   287   205   301 0.85 -
2485_g               -            470 15805at5794          -            426   1.5e-10   39.0   7.4   4   5      0.54        76    0.4   0.0   214   253   310   350   297   356 0.80 -
2485_g               -            470 15805at5794          -            426   1.5e-10   39.0   7.4   5   5      0.13        19    2.3   0.0   211   245   355   389   348   394 0.87 -
67_g                 -           1646 15805at5794          -            426   3.4e-10   37.7   0.1   1   3    0.0024      0.34    8.1   0.0   161   214   233   286   221   293 0.91 -
67_g                 -           1646 15805at5794          -            426   3.4e-10   37.7   0.1   2   3   6.7e-07   9.5e-05   19.8   0.0   162   238   307   391   298   399 0.79 -
67_g                 -           1646 15805at5794          -            426   3.4e-10   37.7   0.1   3   3     0.024       3.3    4.8   0.1   208   238  1038  1067  1012  1087 0.80 -
314_g                -            978 15805at5794          -            426   5.4e-10   37.1   2.1   1   4   1.2e-06   0.00016   19.0   0.0   188   242   200   264   194   273 0.76 -
314_g                -            978 15805at5794          -            426   5.4e-10   37.1   2.1   2   4      0.41        58    0.8   0.2   203   238   285   319   281   326 0.71 -
314_g                -            978 15805at5794          -            426   5.4e-10   37.1   2.1   3   4   5.7e-05     0.008   13.5   0.1   163   217   325   381   321   394 0.82 -
314_g                -            978 15805at5794          -            426   5.4e-10   37.1   2.1   4   4       1.1   1.6e+02   -0.7   0.0   171   237   807   881   800   891 0.68 -
2393_g               -            749 15805at5794          -            426   1.8e-09   35.4  16.0   1   4     0.079        11    3.1   0.0   208   249    14    55     8    59 0.89 -
2393_g               -            749 15805at5794          -            426   1.8e-09   35.4  16.0   2   4   1.4e-08     2e-06   25.3   3.2   164   237    52   137    48   173 0.77 -
2393_g               -            749 15805at5794          -            426   1.8e-09   35.4  16.0   3   4    0.0059      0.84    6.8   1.5   186   243   206   278   202   282 0.74 -
2393_g               -            749 15805at5794          -            426   1.8e-09   35.4  16.0   4   4   2.3e-05    0.0033   14.7   2.0   173   249   245   329   238   340 0.79 -
901_g                -            629 15805at5794          -            426   1.9e-09   35.3   0.3   1   5       1.6   2.2e+02   -1.2   0.0    50   111    26    90     9    99 0.84 -
901_g                -            629 15805at5794          -            426   1.9e-09   35.3   0.3   2   5    0.0024      0.34    8.1   0.0   184   205   306   327   300   349 0.81 -
901_g                -            629 15805at5794          -            426   1.9e-09   35.3   0.3   3   5    0.0029      0.41    7.8   0.0   165   242   404   486   393   498 0.79 -
901_g                -            629 15805at5794          -            426   1.9e-09   35.3   0.3   4   5     0.086        12    3.0   0.0   174   239   498   570   489   573 0.66 -
901_g                -            629 15805at5794          -            426   1.9e-09   35.3   0.3   5   5   0.00097      0.14    9.4   0.0   163   203   573   613   570   622 0.89 -
506_g                -            489 15805at5794          -            426   1.7e-08   32.1   0.2   1   1   1.9e-10   2.8e-08   31.5   0.2   206   385   254   435   237   466 0.78 -
220_g                -            620 15805at5794          -            426   2.4e-08   31.6   2.5   1   3   2.1e-05     0.003   14.8   0.4   159   243   321   410   307   414 0.79 -
220_g                -            620 15805at5794          -            426   2.4e-08   31.6   2.5   2   3   1.1e-05    0.0016   15.7   0.0   162   235   408   486   406   495 0.85 -
220_g                -            620 15805at5794          -            426   2.4e-08   31.6   2.5   3   3       1.6   2.2e+02   -1.2   0.0   183   240   554   612   548   618 0.60 -
4691_g               -            555 15805at5794          -            426   7.9e-06   23.4   2.8   1   2   7.6e-08   1.1e-05   22.9   0.4   171   311    51   208    46   242 0.76 -
4691_g               -            555 15805at5794          -            426   7.9e-06   23.4   2.8   2   2      0.88   1.2e+02   -0.3   0.1   221   240   388   407   323   431 0.62 -
225_g                -            723 15805at5794          -            426     2e-05   22.1   0.9   1   3   5.5e-06   0.00077   16.8   0.1   166   237   101   179    93   191 0.79 -
225_g                -            723 15805at5794          -            426     2e-05   22.1   0.9   2   3      0.15        22    2.1   0.0   370   410   208   248   196   253 0.79 -
225_g                -            723 15805at5794          -            426     2e-05   22.1   0.9   3   3         2   2.8e+02   -1.5   0.0   209   240   344   375   337   439 0.75 -
606_g                -            525 15805at5794          -            426   5.5e-05   20.6   3.0   1   1   1.3e-06   0.00019   18.9   3.1   209   403   190   390   182   419 0.74 -
1026_g               -           2127 15805at5794          -            426   7.2e-05   20.2   0.1   1   2   0.00012     0.017   12.4   0.0   347   408  1812  1870  1808  1876 0.82 -
1026_g               -           2127 15805at5794          -            426   7.2e-05   20.2   0.1   2   2     0.027       3.7    4.7   0.0   368   389  2019  2037  2012  2062 0.86 -
2588_g               -            561 15805at5794          -            426   0.00012   19.4   0.2   1   1   1.9e-06   0.00028   18.3   0.2   166   255    71   175    63   206 0.79 -
1837_g               -           3998 15805at5794          -            426   0.00021   18.7   0.0   1   1   3.6e-06   0.00051   17.4   0.0   168   207  2749  2788  2740  2797 0.89 -
1024_g               -            546 15805at5794          -            426   0.00022   18.6   1.3   1   4     0.026       3.7    4.7   0.0   182   202   288   308   274   337 0.77 -
1024_g               -            546 15805at5794          -            426   0.00022   18.6   1.3   2   4      0.13        18    2.4   0.0   207   244   399   437   386   442 0.82 -
1024_g               -            546 15805at5794          -            426   0.00022   18.6   1.3   3   4      0.24        35    1.5   0.0   168   205   441   479   432   490 0.60 -
1024_g               -            546 15805at5794          -            426   0.00022   18.6   1.3   4   4     0.016       2.2    5.4   0.1   160   203   499   543   484   546 0.83 -
2391_g               -            431 15805at5794          -            426   0.00023   18.5   2.7   1   2   2.4e-06   0.00035   18.0   0.2   371   426    81   141    67   141 0.85 -
2391_g               -            431 15805at5794          -            426   0.00023   18.5   2.7   2   2      0.53        76    0.4   0.2   160   205   299   343   281   355 0.72 -
2467_g               -            499 15805at5794          -            426   0.00024   18.5   0.2   1   1   3.1e-06   0.00044   17.6   0.2   165   244   272   358   260   387 0.79 -
1639_g               -            486 15805at5794          -            426   0.00027   18.3   6.5   1   4      0.36        51    0.9   0.0   269   307   124   163    78   180 0.66 -
1639_g               -            486 15805at5794          -            426   0.00027   18.3   6.5   2   4    0.0041      0.58    7.3   1.2   215   243   192   220   124   231 0.77 -
1639_g               -            486 15805at5794          -            426   0.00027   18.3   6.5   3   4   0.00083      0.12    9.6   0.1   178   240   338   408   321   416 0.78 -
1639_g               -            486 15805at5794          -            426   0.00027   18.3   6.5   4   4       1.2   1.7e+02   -0.8   0.0   175   207   436   469   423   475 0.50 -
1852_g               -            533 15805at5794          -            426   0.00032   18.1   5.0   1   2    0.0099       1.4    6.1   0.3   164   207    67   116    62   137 0.66 -
1852_g               -            533 15805at5794          -            426   0.00032   18.1   5.0   2   2   3.9e-05    0.0056   14.0   0.6   269   353   294   380   276   382 0.81 -
3458_g               -            476 15805at5794          -            426   0.00039   17.8   5.2   1   3      0.37        52    0.9   0.0   213   247   231   266   213   335 0.56 -
3458_g               -            476 15805at5794          -            426   0.00039   17.8   5.2   2   3   0.00027     0.037   11.3   0.8   208   243   346   382   290   388 0.86 -
3458_g               -            476 15805at5794          -            426   0.00039   17.8   5.2   3   3   2.8e-06   0.00039   17.8   5.2   165   241   340   424   336   432 0.79 -
3756_g               -            699 15805at5794          -            426   0.00053   17.3   0.9   1   3     0.092        13    2.9   0.0   163   237    88   161    81   173 0.76 -
3756_g               -            699 15805at5794          -            426   0.00053   17.3   0.9   2   3     0.017       2.4    5.3   0.0   356   389   195   226   184   249 0.75 -
3756_g               -            699 15805at5794          -            426   0.00053   17.3   0.9   3   3     0.016       2.3    5.4   0.0   162   234   295   368   291   390 0.64 -
818_g                -            462 15805at5794          -            426   0.00075   16.9   0.0   1   1   1.1e-05    0.0016   15.8   0.0   166   248   103   196    98   227 0.81 -
3624_g               -            689 15805at5794          -            426   0.00088   16.6   1.3   1   1   9.1e-06    0.0013   16.1   0.7   186   242   600   663   561   676 0.78 -
1406_g               -            805 15805at5794          -            426    0.0032   14.8   0.3   1   3    0.0017      0.24    8.6   0.0   176   242    72   143    62   155 0.72 -
1406_g               -            805 15805at5794          -            426    0.0032   14.8   0.3   2   3      0.73     1e+02   -0.1   0.0   299   347   240   288   222   304 0.64 -
1406_g               -            805 15805at5794          -            426    0.0032   14.8   0.3   3   3      0.22        32    1.6   0.1   203   237   436   470   386   491 0.58 -
2794_g               -            447 15805at5794          -            426    0.0037   14.6   0.0   1   5       2.8     4e+02   -2.0   0.0   271   311   151   193   126   210 0.67 -
2794_g               -            447 15805at5794          -            426    0.0037   14.6   0.0   2   5      0.47        66    0.6   0.0   207   241   252   286   211   297 0.64 -
2794_g               -            447 15805at5794          -            426    0.0037   14.6   0.0   3   5     0.012       1.7    5.8   0.0   176   240   258   329   252   337 0.79 -
2794_g               -            447 15805at5794          -            426    0.0037   14.6   0.0   4   5   0.00092      0.13    9.5   0.0   176   241   302   374   289   385 0.79 -
2794_g               -            447 15805at5794          -            426    0.0037   14.6   0.0   5   5       3.1   4.3e+02   -2.1   0.0   185   205   414   434   388   443 0.59 -
59_g                 -            323 15805at5794          -            426     0.012   12.8   3.0   1   3   0.00067     0.095    9.9   1.5   206   240    57    91    12   164 0.62 -
59_g                 -            323 15805at5794          -            426     0.012   12.8   3.0   2   3       1.8   2.5e+02   -1.3   0.0   202   243   137   177   134   217 0.64 -
59_g                 -            323 15805at5794          -            426     0.012   12.8   3.0   3   3      0.39        56    0.8   0.0   211   240   276   305   261   315 0.75 -
#
# Program:         hmmsearch
# Version:         3.1b2 (February 2015)
# Pipeline mode:   SEARCH
# Query file:      /mnt/e/Bioinformatics/Semester2/BINP29/Malaria Project/Genomes/Parsed/busco_downloads/lineages/apicomplexa_odb10/hmms/15805at5794.hmm
# Target file:     /mnt/e/Bioinformatics/Semester2/BINP29/Malaria Project/Genomes/Parsed/Pk_new.faa
# Option settings: hmmsearch --domtblout /mnt/e/Bioinformatics/Semester2/BINP29/Malaria Project/Genomes/Parsed/Pk/run_apicomplexa_odb10/hmmer_output/initial_run_results/15805at5794.out --cpu 1 /mnt/e/Bioinformatics/Semester2/BINP29/Malaria Project/Genomes/Parsed/busco_downloads/lineages/apicomplexa_odb10/hmms/15805at5794.hmm /mnt/e/Bioinformatics/Semester2/BINP29/Malaria Project/Genomes/Parsed/Pk_new.faa 
# Current dir:     /mnt/e/Bioinformatics/Semester2/BINP29/Malaria Project/Genomes/Parsed
# Date:            Wed Mar  1 19:30:16 2023
# [ok]
