#                                                                            --- full sequence --- -------------- this domain -------------   hmm coord   ali coord   env coord
# target name        accession   tlen query name           accession   qlen   E-value  score  bias   #  of  c-Evalue  i-Evalue  score  bias  from    to  from    to  from    to  acc description of target
#------------------- ---------- ----- -------------------- ---------- ----- --------- ------ ----- --- --- --------- --------- ------ ----- ----- ----- ----- ----- ----- ----- ---- ---------------------
1265_g               -            449 16994at5794          -            353  1.2e-159  529.4  11.1   1   3   2.7e-20     1e-17   62.6   7.8     1    78     8    91     8   113 0.82 -
1265_g               -            449 16994at5794          -            353  1.2e-159  529.4  11.1   2   3  1.4e-100   5.5e-98  326.6   0.1    60   248   103   302    98   308 0.93 -
1265_g               -            449 16994at5794          -            353  1.2e-159  529.4  11.1   3   3   3.7e-44   1.4e-41  141.0   0.0   240   351   332   449   328   449 0.94 -
620_g                -            823 16994at5794          -            353  5.6e-101  336.4   0.0   1   2   4.4e-49   1.7e-46  157.3   0.0    71   281   202   437   196   467 0.87 -
620_g                -            823 16994at5794          -            353  5.6e-101  336.4   0.0   2   2   4.7e-55   1.8e-52  176.9   0.0    72   349   476   787   466   789 0.81 -
1815_g               -           1129 16994at5794          -            353   3.7e-72  241.6  12.4   1   4   1.1e-08     4e-06   24.4   0.0    79   133   324   382   308   389 0.84 -
1815_g               -           1129 16994at5794          -            353   3.7e-72  241.6  12.4   2   4   3.2e-16   1.2e-13   49.1   3.3   159   278   470   604   443   618 0.76 -
1815_g               -           1129 16994at5794          -            353   3.7e-72  241.6  12.4   3   4   1.1e-49     4e-47  159.3   0.0    69   248   692   885   667   900 0.88 -
1815_g               -           1129 16994at5794          -            353   3.7e-72  241.6  12.4   4   4   0.00036      0.14    9.5   0.2   232   287  1025  1080  1024  1128 0.81 -
2159_g               -            965 16994at5794          -            353     3e-61  205.7   2.2   1   2   2.8e-12   1.1e-09   36.2   0.0    70   252   200   383   159   469 0.83 -
2159_g               -            965 16994at5794          -            353     3e-61  205.7   2.2   2   2   1.8e-52   6.7e-50  168.4   0.7    51   279   539   795   509   818 0.85 -
2561_g               -            424 16994at5794          -            353   5.8e-44  148.9   1.0   1   2       4.2   1.6e+03   -3.8   0.4    20    44    36    60    24    76 0.56 -
2561_g               -            424 16994at5794          -            353   5.8e-44  148.9   1.0   2   2   1.7e-46   6.6e-44  148.7   0.0    72   278   156   389   132   410 0.87 -
1976_g               -            393 16994at5794          -            353     1e-42  144.8   0.0   1   1   7.2e-45   2.7e-42  143.4   0.0    66   279   119   360    98   377 0.83 -
2025_g               -            441 16994at5794          -            353     4e-40  136.3   0.0   1   1   2.1e-42   7.9e-40  135.3   0.0    72   292   150   398   140   423 0.82 -
2481_g               -            946 16994at5794          -            353   7.7e-40  135.3   0.2   1   2   7.8e-42     3e-39  133.4   0.0    61   278   222   468   217   485 0.83 -
2481_g               -            946 16994at5794          -            353   7.7e-40  135.3   0.2   2   2       5.3     2e+03   -4.2   0.2    27    48   791   812   769   822 0.55 -
4773_g               -            519 16994at5794          -            353   2.6e-39  133.6   0.1   1   2       2.2   8.3e+02   -2.9   0.1    46    64   133   151   101   165 0.52 -
4773_g               -            519 16994at5794          -            353   2.6e-39  133.6   0.1   2   2   1.9e-41   7.1e-39  132.2   0.0    78   277   267   494   251   504 0.86 -
1193_g               -            703 16994at5794          -            353   1.2e-38  131.4   0.1   1   1   8.4e-41   3.2e-38  130.0   0.1    75   271   249   469   236   498 0.85 -
4508_g               -            783 16994at5794          -            353   8.3e-27   92.5   0.1   1   2   2.6e-25   9.9e-23   79.1   0.0   107   278   287   495   235   523 0.76 -
4508_g               -            783 16994at5794          -            353   8.3e-27   92.5   0.1   2   2    0.0011      0.41    8.0   0.0   109   176   570   642   558   717 0.75 -
1873_g               -           1316 16994at5794          -            353   0.00013   19.4   6.6   1   3       7.5   2.9e+03   -4.7   1.7    11    59   476   525   474   536 0.78 -
1873_g               -           1316 16994at5794          -            353   0.00013   19.4   6.6   2   3   9.7e-07   0.00037   18.0   0.0   145   226   636   720   619   754 0.71 -
1873_g               -           1316 16994at5794          -            353   0.00013   19.4   6.6   3   3     0.012       4.7    4.5   0.2    28   132   871   971   858  1030 0.78 -
782_g                -            478 16994at5794          -            353    0.0067   13.8   0.0   1   2   0.00015     0.058   10.7   0.0   111   151   250   290   245   324 0.77 -
782_g                -            478 16994at5794          -            353    0.0067   13.8   0.0   2   2      0.26        98    0.1   0.0   205   246   373   415   366   442 0.76 -
#
# Program:         hmmsearch
# Version:         3.1b2 (February 2015)
# Pipeline mode:   SEARCH
# Query file:      /mnt/e/Bioinformatics/Semester2/BINP29/Malaria Project/Genomes/Parsed/busco_downloads/lineages/apicomplexa_odb10/hmms/16994at5794.hmm
# Target file:     /mnt/e/Bioinformatics/Semester2/BINP29/Malaria Project/Genomes/Parsed/Pk_new.faa
# Option settings: hmmsearch --domtblout /mnt/e/Bioinformatics/Semester2/BINP29/Malaria Project/Genomes/Parsed/Pk/run_apicomplexa_odb10/hmmer_output/initial_run_results/16994at5794.out --cpu 1 /mnt/e/Bioinformatics/Semester2/BINP29/Malaria Project/Genomes/Parsed/busco_downloads/lineages/apicomplexa_odb10/hmms/16994at5794.hmm /mnt/e/Bioinformatics/Semester2/BINP29/Malaria Project/Genomes/Parsed/Pk_new.faa 
# Current dir:     /mnt/e/Bioinformatics/Semester2/BINP29/Malaria Project/Genomes/Parsed
# Date:            Wed Mar  1 19:30:18 2023
# [ok]
