#                                                                            --- full sequence --- -------------- this domain -------------   hmm coord   ali coord   env coord
# target name        accession   tlen query name           accession   qlen   E-value  score  bias   #  of  c-Evalue  i-Evalue  score  bias  from    to  from    to  from    to  acc description of target
#------------------- ---------- ----- -------------------- ---------- ----- --------- ------ ----- --- --- --------- --------- ------ ----- ----- ----- ----- ----- ----- ----- ---- ---------------------
3341_g               -            284 17218at5794          -            257   1.5e-27   94.7   6.5   1   2   1.2e-09   1.3e-07   29.3   0.2    49    99    28    79     2    81 0.82 -
3341_g               -            284 17218at5794          -            257   1.5e-27   94.7   6.5   2   2   9.4e-20   1.1e-17   62.4   2.2    12   221    76   283    75   284 0.80 -
4513_g               -            591 17218at5794          -            257     1e-22   78.9   5.3   1   3     0.029       3.3    5.1   0.2    94   121   276   308   232   309 0.54 -
4513_g               -            591 17218at5794          -            257     1e-22   78.9   5.3   2   3   3.2e-18   3.7e-16   57.4   0.5     9   125   275   396   269   398 0.90 -
4513_g               -            591 17218at5794          -            257     1e-22   78.9   5.3   3   3   1.2e-07   1.4e-05   22.7   0.2    49   127   398   481   396   499 0.81 -
1360_g               -           1237 17218at5794          -            257   5.4e-22   76.5  19.0   1   3   4.7e-13   5.4e-11   40.5   3.8    24   126    80   197    68   237 0.77 -
1360_g               -           1237 17218at5794          -            257   5.4e-22   76.5  19.0   2   3     0.025       2.9    5.3   0.3   153   222   654   723   635   741 0.77 -
1360_g               -           1237 17218at5794          -            257   5.4e-22   76.5  19.0   3   3   1.7e-11     2e-09   35.3   0.9    14   124   837   952   821   973 0.82 -
140_g                -            842 17218at5794          -            257   4.2e-21   73.6  11.0   1   3   1.8e-13     2e-11   41.9   0.5    10    86   508   585   503   590 0.92 -
140_g                -            842 17218at5794          -            257   4.2e-21   73.6  11.0   2   3   2.4e-08   2.8e-06   25.0   0.3     4   124   587   716   583   723 0.81 -
140_g                -            842 17218at5794          -            257   4.2e-21   73.6  11.0   3   3   4.7e-06   0.00054   17.5   2.3   153   254   684   801   683   804 0.68 -
739_g                -           1365 17218at5794          -            257   1.9e-20   71.4  12.5   1   5   7.7e-05    0.0089   13.5   0.0    80   123    29    77     7    83 0.83 -
739_g                -           1365 17218at5794          -            257   1.9e-20   71.4  12.5   2   5   5.2e-08     6e-06   23.9   0.3    11    88    86   163    82   186 0.52 -
739_g                -           1365 17218at5794          -            257   1.9e-20   71.4  12.5   3   5   6.5e-05    0.0075   13.8   0.0   194   253   212   266   203   270 0.78 -
739_g                -           1365 17218at5794          -            257   1.9e-20   71.4  12.5   4   5   9.3e-12   1.1e-09   36.2   0.8     7    99   234   329   228   387 0.78 -
739_g                -           1365 17218at5794          -            257   1.9e-20   71.4  12.5   5   5       2.6     3e+02   -1.3   0.2   125   166   562   603   555   614 0.76 -
220_g                -            620 17218at5794          -            257   2.3e-18   64.6   6.7   1   3   3.9e-08   4.4e-06   24.4   1.0     9    97   330   418   323   420 0.89 -
220_g                -            620 17218at5794          -            257   2.3e-18   64.6   6.7   2   3   1.5e-13   1.7e-11   42.1   0.4    14   129   419   539   416   575 0.83 -
220_g                -            620 17218at5794          -            257   2.3e-18   64.6   6.7   3   3       1.5   1.8e+02   -0.5   0.0   163   218   556   609   547   613 0.66 -
2285_g               -            613 17218at5794          -            257   3.4e-18   64.1   5.3   1   3     5e-12   5.8e-10   37.1   0.1    11    89   324   404   311   414 0.85 -
2285_g               -            613 17218at5794          -            257   3.4e-18   64.1   5.3   2   3    0.0018      0.21    9.0   0.3   157   252   417   522   404   527 0.57 -
2285_g               -            613 17218at5794          -            257   3.4e-18   64.1   5.3   3   3   1.9e-06   0.00022   18.8   0.1    10    80   539   612   530   613 0.82 -
1559_g               -            744 17218at5794          -            257   5.1e-17   60.2  17.0   1   4   3.4e-05     0.004   14.7   0.0     8    88    11    49     4    69 0.61 -
1559_g               -            744 17218at5794          -            257   5.1e-17   60.2  17.0   2   4   2.1e-06   0.00024   18.7   0.1   190   254    89   162    86   165 0.65 -
1559_g               -            744 17218at5794          -            257   5.1e-17   60.2  17.0   3   4   1.4e-08   1.6e-06   25.8   0.9    52   124   241   322   232   333 0.83 -
1559_g               -            744 17218at5794          -            257   5.1e-17   60.2  17.0   4   4    0.0045      0.52    7.7   1.9    44   121   652   743   632   744 0.79 -
901_g                -            629 17218at5794          -            257   2.9e-16   57.7   6.1   1   4     0.027       3.1    5.2   0.5    21    70   240   291   234   337 0.71 -
901_g                -            629 17218at5794          -            257   2.9e-16   57.7   6.1   2   4   0.00029     0.033   11.7   0.0   220   252   404   436   394   441 0.91 -
901_g                -            629 17218at5794          -            257   2.9e-16   57.7   6.1   3   4   2.4e-10   2.7e-08   31.6   0.1    11   122   451   570   440   578 0.85 -
901_g                -            629 17218at5794          -            257   2.9e-16   57.7   6.1   4   4     0.011       1.3    6.4   0.0    13    44   582   613   574   623 0.82 -
2485_g               -            470 17218at5794          -            257   1.7e-12   45.4   7.3   1   4      0.02       2.3    5.6   0.0     9    73    77   142    71   146 0.89 -
2485_g               -            470 17218at5794          -            257   1.7e-12   45.4   7.3   2   4   3.9e-07   4.5e-05   21.1   0.9    15   124   127   244   125   246 0.73 -
2485_g               -            470 17218at5794          -            257   1.7e-12   45.4   7.3   3   4   1.7e-08   1.9e-06   25.6   0.3    34    95   233   294   225   303 0.48 -
2485_g               -            470 17218at5794          -            257   1.7e-12   45.4   7.3   4   4       1.8   2.1e+02   -0.8   0.1   102   122   363   383   312   392 0.74 -
2988_g               -            481 17218at5794          -            257   1.1e-11   42.7   7.3   1   4     3e-08   3.5e-06   24.7   0.3    51   122    63   141    58   145 0.86 -
2988_g               -            481 17218at5794          -            257   1.1e-11   42.7   7.3   2   4       1.2   1.3e+02   -0.2   0.0   170   224   213   270   191   281 0.67 -
2988_g               -            481 17218at5794          -            257   1.1e-11   42.7   7.3   3   4   2.8e-06   0.00033   18.2   0.3    26   125   291   397   275   404 0.76 -
2988_g               -            481 17218at5794          -            257   1.1e-11   42.7   7.3   4   4    0.0076      0.88    7.0   0.1    11    46   362   397   350   422 0.78 -
4691_g               -            555 17218at5794          -            257   2.7e-11   41.4  10.3   1   3   4.3e-07     5e-05   20.9   0.1    12    93    51   135    47   147 0.82 -
4691_g               -            555 17218at5794          -            257   2.7e-11   41.4  10.3   2   3   6.5e-05    0.0075   13.8   0.3     9   103   168   262   154   281 0.58 -
4691_g               -            555 17218at5794          -            257   2.7e-11   41.4  10.3   3   3   0.00035     0.041   11.4   0.4    90   175   328   401   312   453 0.69 -
2794_g               -            447 17218at5794          -            257   6.5e-11   40.2   0.1   1   3       1.6   1.9e+02   -0.6   0.0   154   181   161   188   146   195 0.50 -
2794_g               -            447 17218at5794          -            257   6.5e-11   40.2   0.1   2   3   7.5e-09   8.7e-07   26.7   0.0     6   124   201   330   196   335 0.77 -
2794_g               -            447 17218at5794          -            257   6.5e-11   40.2   0.1   3   3     0.005      0.58    7.6   0.0     8    87   336   433   329   437 0.59 -
2354_g               -            620 17218at5794          -            257   7.7e-11   40.0   8.3   1   4      0.75        87    0.5   0.0    71    97   311   337   296   344 0.84 -
2354_g               -            620 17218at5794          -            257   7.7e-11   40.0   8.3   2   4    0.0014      0.16    9.4   0.2    56   104   352   402   338   405 0.80 -
2354_g               -            620 17218at5794          -            257   7.7e-11   40.0   8.3   3   4   1.6e-09   1.8e-07   28.9   1.1    65   147   412   500   409   515 0.82 -
2354_g               -            620 17218at5794          -            257   7.7e-11   40.0   8.3   4   4      0.28        32    1.9   0.0   106   125   542   561   524   586 0.79 -
2747_g               -           1049 17218at5794          -            257   9.1e-11   39.7  12.1   1   5       5.4   6.2e+02   -2.3   0.0     7    45     6    46     2    74 0.59 -
2747_g               -           1049 17218at5794          -            257   9.1e-11   39.7  12.1   2   5    0.0014      0.16    9.4   0.0    10    86   162   240   153   256 0.80 -
2747_g               -           1049 17218at5794          -            257   9.1e-11   39.7  12.1   3   5     0.046       5.2    4.5   0.3   104   137   430   464   342   469 0.82 -
2747_g               -           1049 17218at5794          -            257   9.1e-11   39.7  12.1   4   5   7.7e-05    0.0089   13.5   0.1    28    85   433   490   407   512 0.66 -
2747_g               -           1049 17218at5794          -            257   9.1e-11   39.7  12.1   5   5   1.9e-06   0.00022   18.8   0.7    17   106   522   614   517   646 0.72 -
1406_g               -            805 17218at5794          -            257   1.6e-10   39.0   4.1   1   3   6.4e-06   0.00073   17.1   0.1    17    91    72   146    64   170 0.86 -
1406_g               -            805 17218at5794          -            257   1.6e-10   39.0   4.1   2   3    0.0011      0.13    9.8   0.0   100   129   264   293   253   332 0.89 -
1406_g               -            805 17218at5794          -            257   1.6e-10   39.0   4.1   3   3   0.00052      0.06   10.8   0.9   163   223   414   475   393   486 0.90 -
314_g                -            978 17218at5794          -            257   9.8e-10   36.3   4.5   1   3       1.4   1.6e+02   -0.4   0.0    69    87   198   216   189   223 0.74 -
314_g                -            978 17218at5794          -            257   9.8e-10   36.3   4.5   2   3   1.6e-09   1.9e-07   28.9   0.6    10   123   228   365   218   368 0.76 -
314_g                -            978 17218at5794          -            257   9.8e-10   36.3   4.5   3   3      0.12        14    3.0   0.1    56   218   853   881   799   902 0.57 -
606_g                -            525 17218at5794          -            257     1e-09   36.3   5.2   1   3   2.3e-05    0.0026   15.3   0.1   202   254   202   263   190   266 0.74 -
606_g                -            525 17218at5794          -            257     1e-09   36.3   5.2   2   3    0.0006     0.069   10.6   0.5    45   125   288   379   283   382 0.73 -
606_g                -            525 17218at5794          -            257     1e-09   36.3   5.2   3   3   9.1e-07    0.0001   19.9   0.8    56   129   345   427   312   462 0.73 -
1024_g               -            546 17218at5794          -            257   1.1e-09   36.2   6.4   1   4    0.0016      0.19    9.2   0.0   101   124   287   310   263   316 0.85 -
1024_g               -            546 17218at5794          -            257   1.1e-09   36.2   6.4   2   4      0.48        55    1.1   0.0   229   250   356   377   350   385 0.79 -
1024_g               -            546 17218at5794          -            257   1.1e-09   36.2   6.4   3   4   1.5e-07   1.7e-05   22.5   0.3    68   127   415   481   396   497 0.77 -
1024_g               -            546 17218at5794          -            257   1.1e-09   36.2   6.4   4   4      0.16        18    2.7   0.1    52    86   507   543   492   545 0.71 -
59_g                 -            323 17218at5794          -            257   2.5e-09   35.0   7.0   1   2    0.0072      0.82    7.1   0.0   228   254    15    41     5    44 0.82 -
59_g                 -            323 17218at5794          -            257   2.5e-09   35.0   7.0   2   2   6.4e-07   7.4e-05   20.4   6.2     3   104    50   151    47   303 0.64 -
2588_g               -            561 17218at5794          -            257   3.7e-09   34.4   0.3   1   3   5.2e-05     0.006   14.1   0.0   222   254    72   105    69   108 0.86 -
2588_g               -            561 17218at5794          -            257   3.7e-09   34.4   0.3   2   3   1.3e-05    0.0014   16.1   0.0    51    92   123   166   110   206 0.81 -
2588_g               -            561 17218at5794          -            257   3.7e-09   34.4   0.3   3   3      0.89     1e+02    0.2   0.0   116   136   245   265   174   270 0.82 -
2467_g               -            499 17218at5794          -            257     6e-09   33.8   3.3   1   2       5.7   6.6e+02   -2.4   0.0   166   181   190   205   166   213 0.71 -
2467_g               -            499 17218at5794          -            257     6e-09   33.8   3.3   2   2   1.5e-10   1.7e-08   32.2   1.8    49   165   272   400   265   446 0.77 -
1639_g               -            486 17218at5794          -            257   1.1e-08   32.8  13.1   1   5     0.072       8.3    3.8   0.1   189   221   130   162   120   177 0.74 -
1639_g               -            486 17218at5794          -            257   1.1e-08   32.8  13.1   2   5   0.00041     0.047   11.2   0.2    52    88   182   219   173   230 0.67 -
1639_g               -            486 17218at5794          -            257   1.1e-08   32.8  13.1   3   5   4.3e-05     0.005   14.4   1.0    61   127   296   368   286   377 0.85 -
1639_g               -            486 17218at5794          -            257   1.1e-08   32.8  13.1   4   5    0.0001     0.012   13.1   0.1   163   219   346   406   341   410 0.69 -
1639_g               -            486 17218at5794          -            257   1.1e-08   32.8  13.1   5   5      0.19        22    2.4   0.0    52    84   429   463   408   469 0.77 -
394_g                -            886 17218at5794          -            257   2.8e-08   31.6   8.6   1   3   0.00052      0.06   10.8   0.1    24    85   128   187   109   198 0.78 -
394_g                -            886 17218at5794          -            257   2.8e-08   31.6   8.6   2   3   4.1e-07   4.7e-05   21.0   4.4    19   123   236   344   221   408 0.77 -
394_g                -            886 17218at5794          -            257   2.8e-08   31.6   8.6   3   3       4.3   4.9e+02   -2.0   0.0   195   219   385   409   378   417 0.76 -
818_g                -            462 17218at5794          -            257   3.5e-08   31.3   0.6   1   1   6.1e-09     7e-07   27.0   0.6    49   115   102   170    97   269 0.71 -
2022_g               -            524 17218at5794          -            257   1.7e-07   29.0   7.8   1   2     0.012       1.4    6.3   0.7   107   181   230   296   215   298 0.63 -
2022_g               -            524 17218at5794          -            257   1.7e-07   29.0   7.8   2   2   4.7e-09   5.4e-07   27.4   4.5     9   159   261   410   255   516 0.78 -
3756_g               -            699 17218at5794          -            257   3.6e-07   28.0   2.2   1   3       1.4   1.6e+02   -0.4   0.0    10    43    94   127    87   157 0.69 -
3756_g               -            699 17218at5794          -            257   3.6e-07   28.0   2.2   2   3   5.3e-05    0.0061   14.1   0.1    90   126   189   231   173   237 0.76 -
3756_g               -            699 17218at5794          -            257   3.6e-07   28.0   2.2   3   3   0.00028     0.032   11.7   0.1    11   113   252   364   242   387 0.70 -
3458_g               -            476 17218at5794          -            257   4.7e-07   27.6  13.4   1   5      0.31        36    1.7   0.0   194   223   174   203   163   208 0.84 -
3458_g               -            476 17218at5794          -            257   4.7e-07   27.6  13.4   2   5       2.9   3.3e+02   -1.4   0.0    48    83   219   256   211   265 0.74 -
3458_g               -            476 17218at5794          -            257   4.7e-07   27.6  13.4   3   5   2.9e-05    0.0033   14.9   1.8    94   125   344   381   281   386 0.56 -
3458_g               -            476 17218at5794          -            257   4.7e-07   27.6  13.4   4   5   2.9e-06   0.00034   18.2   4.2    13    89   347   426   345   433 0.81 -
3458_g               -            476 17218at5794          -            257   4.7e-07   27.6  13.4   5   5     0.039       4.5    4.7   0.0   230   250   449   470   440   474 0.84 -
2619_g               -            801 17218at5794          -            257   5.1e-07   27.4   0.1   1   2      0.23        27    2.1   0.0    28    78   211   264   142   277 0.67 -
2619_g               -            801 17218at5794          -            257   5.1e-07   27.4   0.1   2   2   1.2e-07   1.4e-05   22.7   0.0    57   129   422   499   410   501 0.88 -
2393_g               -            749 17218at5794          -            257   8.3e-07   26.7   8.5   1   4    0.0012      0.14    9.6   0.1    54   101    13    64     3    67 0.75 -
2393_g               -            749 17218at5794          -            257   8.3e-07   26.7   8.5   2   4   0.00037     0.042   11.3   0.3     9    68    56   119    49   138 0.73 -
2393_g               -            749 17218at5794          -            257   8.3e-07   26.7   8.5   3   4    0.0021      0.24    8.9   0.2   221   254   232   271   203   274 0.55 -
2393_g               -            749 17218at5794          -            257   8.3e-07   26.7   8.5   4   4       2.6     3e+02   -1.3   0.0    15    41   291   317   278   332 0.63 -
506_g                -            489 17218at5794          -            257   7.3e-06   23.6   3.2   1   3       6.1     7e+02   -2.5   0.0    12    46   178   212   171   221 0.77 -
506_g                -            489 17218at5794          -            257   7.3e-06   23.6   3.2   2   3    0.0022      0.25    8.8   0.1     5    49   249   293   245   303 0.82 -
506_g                -            489 17218at5794          -            257   7.3e-06   23.6   3.2   3   3   3.6e-05    0.0041   14.6   0.2    17   135   325   453   312   462 0.79 -
2374_g               -           3699 17218at5794          -            257   1.2e-05   22.9   0.1   1   2       2.6     3e+02   -1.3   0.0   187   225   904   942   853   951 0.69 -
2374_g               -           3699 17218at5794          -            257   1.2e-05   22.9   0.1   2   2   5.6e-07   6.5e-05   20.5   0.0   195   254   992  1059   974  1061 0.82 -
2391_g               -            431 17218at5794          -            257   1.3e-05   22.8   1.0   1   3    0.0024      0.27    8.7   0.1   191   254    72   139    26   151 0.67 -
2391_g               -            431 17218at5794          -            257   1.3e-05   22.8   1.0   2   3       3.6   4.1e+02   -1.7   0.0    71    97   182   208   160   221 0.64 -
2391_g               -            431 17218at5794          -            257   1.3e-05   22.8   1.0   3   3   0.00027     0.031   11.7   0.0    46   102   301   357   295   366 0.85 -
2299_g               -            448 17218at5794          -            257   2.1e-05   22.2   2.4   1   1   8.3e-06   0.00096   16.7   2.4    68   143   281   363   250   433 0.70 -
1714_g               -            751 17218at5794          -            257     3e-05   21.6   3.7   1   2    0.0025      0.29    8.6   0.0   106   126   365   385   339   392 0.88 -
1714_g               -            751 17218at5794          -            257     3e-05   21.6   3.7   2   2   0.00017      0.02   12.4   1.9    47   114   388   459   385   464 0.77 -
2213_g               -           1222 17218at5794          -            257   6.6e-05   20.5   2.7   1   2     0.044       5.1    4.5   0.9   140   242   748   863   720   881 0.69 -
2213_g               -           1222 17218at5794          -            257   6.6e-05   20.5   2.7   2   2   2.6e-05     0.003   15.1   0.0    53   122  1069  1148  1048  1160 0.75 -
1852_g               -            533 17218at5794          -            257   0.00013   19.5   2.2   1   2      0.24        28    2.1   0.2    88   121    66   106    46   134 0.54 -
1852_g               -            533 17218at5794          -            257   0.00013   19.5   2.2   2   2   7.4e-06   0.00085   16.9   0.2    19    92   306   379   291   393 0.86 -
2511_g               -           2207 17218at5794          -            257   0.00016   19.3   0.4   1   2    0.0036      0.41    8.1   0.4    19   120  1862  1977  1820  2005 0.60 -
2511_g               -           2207 17218at5794          -            257   0.00016   19.3   0.4   2   2    0.0032      0.37    8.2   0.0   219   246  2165  2192  2145  2198 0.87 -
867_g                -            363 17218at5794          -            257   0.00022   18.8   0.0   1   3   3.7e-05    0.0043   14.6   0.0    18    94    75   155    62   164 0.79 -
867_g                -            363 17218at5794          -            257   0.00022   18.8   0.0   2   3      0.96   1.1e+02    0.1   0.0   174   220   200   250   187   254 0.60 -
867_g                -            363 17218at5794          -            257   0.00022   18.8   0.0   3   3       2.2   2.5e+02   -1.0   0.0    54    83   327   358   316   362 0.46 -
1026_g               -           2127 17218at5794          -            257   0.00022   18.8   0.6   1   2     1e-05    0.0012   16.4   0.0    47    95  1813  1862  1806  1877 0.83 -
1026_g               -           2127 17218at5794          -            257   0.00022   18.8   0.6   2   2       5.4   6.2e+02   -2.3   0.0   206   222  2024  2040  2006  2084 0.72 -
225_g                -            723 17218at5794          -            257   0.00035   18.1   5.9   1   3    0.0027      0.31    8.5   0.6     7    86   100   182    95   193 0.79 -
225_g                -            723 17218at5794          -            257   0.00035   18.1   5.9   2   3     0.025       2.9    5.3   0.1    13    79   197   264   187   278 0.83 -
225_g                -            723 17218at5794          -            257   0.00035   18.1   5.9   3   3     0.022       2.5    5.5   0.0     8    42   339   373   333   391 0.86 -
1837_g               -           3998 17218at5794          -            257    0.0042   14.6   0.0   1   1   0.00012     0.014   12.9   0.0     7    45  2747  2785  2742  2791 0.90 -
727_g                -            350 17218at5794          -            257     0.037   11.5   0.1   1   2   0.00094      0.11   10.0   0.0    94   126   185   217   178   237 0.83 -
727_g                -            350 17218at5794          -            257     0.037   11.5   0.1   2   2       3.7   4.2e+02   -1.8   0.0   114   132   249   267   240   273 0.74 -
#
# Program:         hmmsearch
# Version:         3.1b2 (February 2015)
# Pipeline mode:   SEARCH
# Query file:      /mnt/e/Bioinformatics/Semester2/BINP29/Malaria Project/Genomes/Parsed/busco_downloads/lineages/apicomplexa_odb10/hmms/17218at5794.hmm
# Target file:     /mnt/e/Bioinformatics/Semester2/BINP29/Malaria Project/Genomes/Parsed/Pk_new.faa
# Option settings: hmmsearch --domtblout /mnt/e/Bioinformatics/Semester2/BINP29/Malaria Project/Genomes/Parsed/Pk/run_apicomplexa_odb10/hmmer_output/initial_run_results/17218at5794.out --cpu 1 /mnt/e/Bioinformatics/Semester2/BINP29/Malaria Project/Genomes/Parsed/busco_downloads/lineages/apicomplexa_odb10/hmms/17218at5794.hmm /mnt/e/Bioinformatics/Semester2/BINP29/Malaria Project/Genomes/Parsed/Pk_new.faa 
# Current dir:     /mnt/e/Bioinformatics/Semester2/BINP29/Malaria Project/Genomes/Parsed
# Date:            Wed Mar  1 19:30:19 2023
# [ok]
