#                                                                            --- full sequence --- -------------- this domain -------------   hmm coord   ali coord   env coord
# target name        accession   tlen query name           accession   qlen   E-value  score  bias   #  of  c-Evalue  i-Evalue  score  bias  from    to  from    to  from    to  acc description of target
#------------------- ---------- ----- -------------------- ---------- ----- --------- ------ ----- --- --- --------- --------- ------ ----- ----- ----- ----- ----- ----- ----- ---- ---------------------
1000_g               -            280 20882at5794          -            206   1.3e-70  235.2  10.4   1   2   4.9e-34     6e-31  105.6   1.9    11   120    36   162    29   169 0.81 -
1000_g               -            280 20882at5794          -            206   1.3e-70  235.2  10.4   2   2   1.3e-42   1.6e-39  133.7   1.6   117   205   186   275   182   278 0.92 -
2504_g               -            331 20882at5794          -            206   4.8e-08   30.8   0.1   1   3      0.43   5.3e+02   -2.0   0.1    99   118    20    39     8    56 0.70 -
2504_g               -            331 20882at5794          -            206   4.8e-08   30.8   0.1   2   3     0.013        16    3.0   3.2    20    63    82   130    69   138 0.54 -
2504_g               -            331 20882at5794          -            206   4.8e-08   30.8   0.1   3   3   3.9e-11   4.8e-08   30.8   0.1   129   188   245   304   200   325 0.85 -
1566_g               -            307 20882at5794          -            206   0.00036   18.2   2.3   1   2      0.28   3.4e+02   -1.3   3.3    42    84    20    60     9   128 0.56 -
1566_g               -            307 20882at5794          -            206   0.00036   18.2   2.3   2   2   2.9e-07   0.00036   18.2   2.3   123   206   205   291   194   291 0.90 -
1051_g               -            399 20882at5794          -            206    0.0022   15.6   1.1   1   2      0.17   2.1e+02   -0.6   0.4    54    96    87   133    58   144 0.68 -
1051_g               -            399 20882at5794          -            206    0.0022   15.6   1.1   2   2   1.8e-06    0.0022   15.6   1.1   139   200   328   388   308   398 0.79 -
#
# Program:         hmmsearch
# Version:         3.1b2 (February 2015)
# Pipeline mode:   SEARCH
# Query file:      /mnt/e/Bioinformatics/Semester2/BINP29/Malaria Project/Genomes/Parsed/busco_downloads/lineages/apicomplexa_odb10/hmms/20882at5794.hmm
# Target file:     /mnt/e/Bioinformatics/Semester2/BINP29/Malaria Project/Genomes/Parsed/Pk_new.faa
# Option settings: hmmsearch --domtblout /mnt/e/Bioinformatics/Semester2/BINP29/Malaria Project/Genomes/Parsed/Pk/run_apicomplexa_odb10/hmmer_output/initial_run_results/20882at5794.out --cpu 1 /mnt/e/Bioinformatics/Semester2/BINP29/Malaria Project/Genomes/Parsed/busco_downloads/lineages/apicomplexa_odb10/hmms/20882at5794.hmm /mnt/e/Bioinformatics/Semester2/BINP29/Malaria Project/Genomes/Parsed/Pk_new.faa 
# Current dir:     /mnt/e/Bioinformatics/Semester2/BINP29/Malaria Project/Genomes/Parsed
# Date:            Wed Mar  1 19:30:23 2023
# [ok]
