#                                                                            --- full sequence --- -------------- this domain -------------   hmm coord   ali coord   env coord
# target name        accession   tlen query name           accession   qlen   E-value  score  bias   #  of  c-Evalue  i-Evalue  score  bias  from    to  from    to  from    to  acc description of target
#------------------- ---------- ----- -------------------- ---------- ----- --------- ------ ----- --- --- --------- --------- ------ ----- ----- ----- ----- ----- ----- ----- ---- ---------------------
185_g                -            318 21482at5794          -            119   5.6e-25   85.7   0.7   1   2   4.2e-27   2.3e-24   83.7   0.2     2    99   150   244   149   262 0.85 -
185_g                -            318 21482at5794          -            119   5.6e-25   85.7   0.7   2   2      0.44   2.4e+02   -0.2   0.0    98   111   265   278   259   287 0.80 -
2118_g               -            217 21482at5794          -            119     2e-24   83.9   0.1   1   2   1.2e-26   6.7e-24   82.2   0.1     3   102    40   137    38   155 0.83 -
2118_g               -            217 21482at5794          -            119     2e-24   83.9   0.1   2   2      0.48   2.7e+02   -0.3   0.0    94   111   151   168   136   171 0.81 -
928_g                -            237 21482at5794          -            119   3.8e-19   66.9   0.0   1   1   1.1e-21   6.2e-19   66.2   0.0    28   105    72   146    50   158 0.82 -
197_g                -            266 21482at5794          -            119   2.2e-17   61.2   1.2   1   2   2.8e-19   1.5e-16   58.5   0.2     4    99    98   188    96   201 0.86 -
197_g                -            266 21482at5794          -            119   2.2e-17   61.2   1.2   2   2      0.19     1e+02    1.0   0.0    96   114   207   227   204   231 0.75 -
2397_g               -            217 21482at5794          -            119   3.4e-17   60.6   0.0   1   2   3.6e-19     2e-16   58.1   0.0     1   100    33   128    33   146 0.85 -
2397_g               -            217 21482at5794          -            119   3.4e-17   60.6   0.0   2   2      0.34   1.9e+02    0.1   0.0    96   110   145   159   139   164 0.83 -
2018_g               -            203 21482at5794          -            119   5.4e-16   56.7   0.0   1   1   2.1e-18   1.2e-15   55.7   0.0     2    97    52   144    51   161 0.85 -
644_g                -            441 21482at5794          -            119     1e-05   23.6   0.0   1   1   4.3e-08   2.4e-05   22.4   0.0    15    79   147   210   137   228 0.85 -
3771_g               -            178 21482at5794          -            119   0.00043   18.3   0.0   1   1   1.2e-06   0.00064   17.8   0.0    22   100    59   135    47   153 0.81 -
1419_g               -            214 21482at5794          -            119    0.0054   14.8   0.1   1   2       4.6   2.6e+03   -3.5   0.0    66    81    11    26     7    44 0.69 -
1419_g               -            214 21482at5794          -            119    0.0054   14.8   0.1   2   2   2.3e-05     0.013   13.6   0.1    24    97    90   160    74   179 0.68 -
#
# Program:         hmmsearch
# Version:         3.1b2 (February 2015)
# Pipeline mode:   SEARCH
# Query file:      /mnt/e/Bioinformatics/Semester2/BINP29/Malaria Project/Genomes/Parsed/busco_downloads/lineages/apicomplexa_odb10/hmms/21482at5794.hmm
# Target file:     /mnt/e/Bioinformatics/Semester2/BINP29/Malaria Project/Genomes/Parsed/Pk_new.faa
# Option settings: hmmsearch --domtblout /mnt/e/Bioinformatics/Semester2/BINP29/Malaria Project/Genomes/Parsed/Pk/run_apicomplexa_odb10/hmmer_output/initial_run_results/21482at5794.out --cpu 1 /mnt/e/Bioinformatics/Semester2/BINP29/Malaria Project/Genomes/Parsed/busco_downloads/lineages/apicomplexa_odb10/hmms/21482at5794.hmm /mnt/e/Bioinformatics/Semester2/BINP29/Malaria Project/Genomes/Parsed/Pk_new.faa 
# Current dir:     /mnt/e/Bioinformatics/Semester2/BINP29/Malaria Project/Genomes/Parsed
# Date:            Wed Mar  1 19:30:24 2023
# [ok]
