#                                                                            --- full sequence --- -------------- this domain -------------   hmm coord   ali coord   env coord
# target name        accession   tlen query name           accession   qlen   E-value  score  bias   #  of  c-Evalue  i-Evalue  score  bias  from    to  from    to  from    to  acc description of target
#------------------- ---------- ----- -------------------- ---------- ----- --------- ------ ----- --- --- --------- --------- ------ ----- ----- ----- ----- ----- ----- ----- ---- ---------------------
1647_g               -           1468 21541at5794          -            253   7.2e-31  105.5  78.0   1   6   4.4e-10   2.7e-07   28.3   8.5    54   144    22   115     8   121 0.85 -
1647_g               -           1468 21541at5794          -            253   7.2e-31  105.5  78.0   2   6   1.1e-09   6.8e-07   27.0   5.0    41   136    99   199    98   206 0.89 -
1647_g               -           1468 21541at5794          -            253   7.2e-31  105.5  78.0   3   6   2.1e-05     0.013   12.9   1.7    21    76   787   852   765   879 0.75 -
1647_g               -           1468 21541at5794          -            253   7.2e-31  105.5  78.0   4   6   2.9e-10   1.8e-07   28.9  20.1    38   221   942  1115   931  1139 0.79 -
1647_g               -           1468 21541at5794          -            253   7.2e-31  105.5  78.0   5   6   2.5e-05     0.016   12.7   4.8    42    97  1144  1203  1114  1223 0.74 -
1647_g               -           1468 21541at5794          -            253   7.2e-31  105.5  78.0   6   6   1.3e-10   7.8e-08   30.1   5.6    34   152  1239  1361  1216  1369 0.71 -
1321_g               -            360 21541at5794          -            253   3.4e-19   67.3  37.4   1   1   2.4e-21   1.5e-18   65.2  37.5     8   243    16   264     8   275 0.77 -
4929_g               -            337 21541at5794          -            253   2.2e-12   45.0  33.5   1   2   2.1e-08   1.3e-05   22.8   7.3    40   125   123   189   103   189 0.50 -
4929_g               -            337 21541at5794          -            253   2.2e-12   45.0  33.5   2   2   3.7e-11   2.3e-08   31.8  22.5    46   179   175   306   167   325 0.84 -
859_g                -            207 21541at5794          -            253   1.3e-11   42.5  24.2   1   3   1.7e-08     1e-05   23.1   4.0    67   131    25    87     7    87 0.85 -
859_g                -            207 21541at5794          -            253   1.3e-11   42.5  24.2   2   3     3e-11   1.8e-08   32.1  12.3    51   135    72   164    69   171 0.82 -
859_g                -            207 21541at5794          -            253   1.3e-11   42.5  24.2   3   3    0.0067       4.2    4.7   2.7   193   248   135   191   128   196 0.65 -
2367_g               -            423 21541at5794          -            253   8.8e-11   39.7  20.2   1   1     1e-12   6.3e-10   36.9  20.1    41   155    15   140     1   142 0.79 -
1159_g               -            248 21541at5794          -            253   6.2e-09   33.7  16.5   1   3    0.0065         4    4.8   0.9   120   161    49    90    24    98 0.83 -
1159_g               -            248 21541at5794          -            253   6.2e-09   33.7  16.5   2   3   4.5e-10   2.8e-07   28.2   8.8    23   112    97   186    90   187 0.85 -
1159_g               -            248 21541at5794          -            253   6.2e-09   33.7  16.5   3   3   0.00014     0.086   10.3   0.1   206   249   177   219   175   223 0.87 -
332_g                -            176 21541at5794          -            253   7.1e-09   33.5   9.3   1   1   3.9e-11   2.4e-08   31.7   9.3    52   144    32   131    12   160 0.67 -
1701_g               -            281 21541at5794          -            253   3.1e-08   31.4   5.2   1   3   1.6e-07    0.0001   19.9   2.9    71   126    39    94    20    99 0.65 -
1701_g               -            281 21541at5794          -            253   3.1e-08   31.4   5.2   2   3    0.0001     0.064   10.7   0.0   104   134    98   128    96   134 0.90 -
1701_g               -            281 21541at5794          -            253   3.1e-08   31.4   5.2   3   3      0.91   5.6e+02   -2.2   0.0   230   248   141   159   128   162 0.85 -
#
# Program:         hmmsearch
# Version:         3.1b2 (February 2015)
# Pipeline mode:   SEARCH
# Query file:      /mnt/e/Bioinformatics/Semester2/BINP29/Malaria Project/Genomes/Parsed/busco_downloads/lineages/apicomplexa_odb10/hmms/21541at5794.hmm
# Target file:     /mnt/e/Bioinformatics/Semester2/BINP29/Malaria Project/Genomes/Parsed/Pk_new.faa
# Option settings: hmmsearch --domtblout /mnt/e/Bioinformatics/Semester2/BINP29/Malaria Project/Genomes/Parsed/Pk/run_apicomplexa_odb10/hmmer_output/initial_run_results/21541at5794.out --cpu 1 /mnt/e/Bioinformatics/Semester2/BINP29/Malaria Project/Genomes/Parsed/busco_downloads/lineages/apicomplexa_odb10/hmms/21541at5794.hmm /mnt/e/Bioinformatics/Semester2/BINP29/Malaria Project/Genomes/Parsed/Pk_new.faa 
# Current dir:     /mnt/e/Bioinformatics/Semester2/BINP29/Malaria Project/Genomes/Parsed
# Date:            Wed Mar  1 19:30:24 2023
# [ok]
