#                                                                            --- full sequence --- -------------- this domain -------------   hmm coord   ali coord   env coord
# target name        accession   tlen query name           accession   qlen   E-value  score  bias   #  of  c-Evalue  i-Evalue  score  bias  from    to  from    to  from    to  acc description of target
#------------------- ---------- ----- -------------------- ---------- ----- --------- ------ ----- --- --- --------- --------- ------ ----- ----- ----- ----- ----- ----- ----- ---- ---------------------
1984_g               -            337 22709at5794          -            182     2e-53  178.8  53.5   1   4    0.0011      0.46    8.1   0.4     2    21    66    85    65    88 0.89 -
1984_g               -            337 22709at5794          -            182     2e-53  178.8  53.5   2   4   2.6e-35   1.1e-32  111.2   9.6    12   113    92   198    90   210 0.85 -
1984_g               -            337 22709at5794          -            182     2e-53  178.8  53.5   3   4   6.5e-24   2.7e-21   74.1  24.7    96   177   198   283   190   288 0.86 -
1984_g               -            337 22709at5794          -            182     2e-53  178.8  53.5   4   4       1.2   4.9e+02   -1.7   2.0   143   158   300   315   287   329 0.74 -
519_g                -            381 22709at5794          -            182   8.1e-11   39.9   4.4   1   2   5.9e-13   2.4e-10   38.4   3.3    27   108    47   131    33   139 0.85 -
519_g                -            381 22709at5794          -            182   8.1e-11   39.9   4.4   2   2      0.71   2.9e+02   -1.0   0.0     3    48   310   355   308   365 0.70 -
1477_g               -            377 22709at5794          -            182   2.8e-08   31.6   0.1   1   1   1.2e-10   4.9e-08   30.8   0.1    24    88    49   120    27   133 0.76 -
90_g                 -            582 22709at5794          -            182   5.2e-08   30.8   2.7   1   3   1.3e-10   5.2e-08   30.8   2.7    29    90   240   304   221   313 0.84 -
90_g                 -            582 22709at5794          -            182   5.2e-08   30.8   2.7   2   3      0.77   3.2e+02   -1.1   2.8    85   132   343   391   337   401 0.64 -
90_g                 -            582 22709at5794          -            182   5.2e-08   30.8   2.7   3   3       2.8   1.1e+03   -2.9   0.2    96   116   545   567   514   575 0.61 -
1014_g               -            670 22709at5794          -            182   7.1e-08   30.3   0.3   1   1   3.9e-10   1.6e-07   29.2   0.3    22    89   383   455   372   474 0.82 -
1803_g               -            381 22709at5794          -            182   2.7e-07   28.5   0.9   1   2   6.4e-10   2.7e-07   28.5   0.9    28    90    49   114    44   124 0.84 -
1803_g               -            381 22709at5794          -            182   2.7e-07   28.5   0.9   2   2       1.5   6.3e+02   -2.1   0.2   121   141   284   304   281   325 0.79 -
2103_g               -            694 22709at5794          -            182     1e-06   26.6   2.5   1   2      0.15        63    1.2   0.3    71   109    45    83    41    90 0.81 -
2103_g               -            694 22709at5794          -            182     1e-06   26.6   2.5   2   2   1.2e-08     5e-06   24.3   0.1    29    89   124   188   114   191 0.82 -
1591_g               -            417 22709at5794          -            182   1.2e-06   26.3  12.3   1   2   3.1e-09   1.3e-06   26.2   0.1    30    90    19    79    13    87 0.86 -
1591_g               -            417 22709at5794          -            182   1.2e-06   26.3  12.3   2   2     0.082        34    2.1   7.8    97   159   349   413   338   416 0.72 -
1578_g               -            283 22709at5794          -            182   9.1e-05   20.2   0.7   1   2   2.1e-05    0.0088   13.7   0.1    26    84     6    69     2   105 0.81 -
1578_g               -            283 22709at5794          -            182   9.1e-05   20.2   0.7   2   2     0.011       4.5    4.9   0.0    25    56   244   275   233   281 0.89 -
2991_g               -            613 22709at5794          -            182   0.00037   18.2   0.1   1   1   1.7e-06   0.00069   17.3   0.1    23    89    51   120    44   124 0.84 -
304_g                -            172 22709at5794          -            182    0.0067   14.1   4.2   1   1   0.00013     0.052   11.2   4.2    28    64     2    40     1   130 0.85 -
1741_g               -            390 22709at5794          -            182     0.087   10.5   0.0   1   4   0.00021     0.087   10.5   0.0    32    63    29    60    17    64 0.81 -
1741_g               -            390 22709at5794          -            182     0.087   10.5   0.0   2   4     0.011       4.4    4.9  11.1    63   136    79   152    73   179 0.61 -
1741_g               -            390 22709at5794          -            182     0.087   10.5   0.0   3   4       1.5   6.3e+02   -2.1   4.0   107   145   202   226   182   245 0.51 -
1741_g               -            390 22709at5794          -            182     0.087   10.5   0.0   4   4       1.3   5.4e+02   -1.9   0.1   144   176   296   328   281   333 0.72 -
#
# Program:         hmmsearch
# Version:         3.1b2 (February 2015)
# Pipeline mode:   SEARCH
# Query file:      /mnt/e/Bioinformatics/Semester2/BINP29/Malaria Project/Genomes/Parsed/busco_downloads/lineages/apicomplexa_odb10/hmms/22709at5794.hmm
# Target file:     /mnt/e/Bioinformatics/Semester2/BINP29/Malaria Project/Genomes/Parsed/Pk_new.faa
# Option settings: hmmsearch --domtblout /mnt/e/Bioinformatics/Semester2/BINP29/Malaria Project/Genomes/Parsed/Pk/run_apicomplexa_odb10/hmmer_output/initial_run_results/22709at5794.out --cpu 1 /mnt/e/Bioinformatics/Semester2/BINP29/Malaria Project/Genomes/Parsed/busco_downloads/lineages/apicomplexa_odb10/hmms/22709at5794.hmm /mnt/e/Bioinformatics/Semester2/BINP29/Malaria Project/Genomes/Parsed/Pk_new.faa 
# Current dir:     /mnt/e/Bioinformatics/Semester2/BINP29/Malaria Project/Genomes/Parsed
# Date:            Wed Mar  1 19:30:25 2023
# [ok]
