#                                                                            --- full sequence --- -------------- this domain -------------   hmm coord   ali coord   env coord
# target name        accession   tlen query name           accession   qlen   E-value  score  bias   #  of  c-Evalue  i-Evalue  score  bias  from    to  from    to  from    to  acc description of target
#------------------- ---------- ----- -------------------- ---------- ----- --------- ------ ----- --- --- --------- --------- ------ ----- ----- ----- ----- ----- ----- ----- ---- ---------------------
949_g                -            232 23020at5794          -            164   8.3e-53  176.6  21.1   1   1     2e-53   2.5e-50  168.6  21.1     7   159    49   229    38   232 0.83 -
1234_g               -            147 23020at5794          -            164     0.028   12.3   0.0   1   3   2.3e-05     0.028   12.3   0.0    26    50     9    33     5    37 0.90 -
1234_g               -            147 23020at5794          -            164     0.028   12.3   0.0   2   3      0.46   5.6e+02   -1.7   4.1   101   124    58    81    47   113 0.62 -
1234_g               -            147 23020at5794          -            164     0.028   12.3   0.0   3   3     0.021        26    2.6   0.3    83   120    91   128    76   146 0.72 -
2403_g               -           2600 23020at5794          -            164      0.18    9.7   3.6   1   4      0.12   1.4e+02    0.2   0.2   108   150   484   525   469   531 0.77 -
2403_g               -           2600 23020at5794          -            164      0.18    9.7   3.6   2   4       2.3   2.8e+03   -4.0   0.0   112   143   688   718   678   720 0.75 -
2403_g               -           2600 23020at5794          -            164      0.18    9.7   3.6   3   4    0.0045       5.6    4.8   0.0   111   148  1779  1816  1767  1818 0.87 -
2403_g               -           2600 23020at5794          -            164      0.18    9.7   3.6   4   4     0.045        56    1.6   0.0   112   148  2341  2377  2309  2379 0.84 -
360_g                -           1663 23020at5794          -            164       1.4    6.8   8.5   1   4      0.02        25    2.7   0.2    96   150   168   220   151   233 0.74 -
360_g                -           1663 23020at5794          -            164       1.4    6.8   8.5   2   4      0.12   1.5e+02    0.2   0.1   121   150  1041  1074  1024  1076 0.78 -
360_g                -           1663 23020at5794          -            164       1.4    6.8   8.5   3   4      0.46   5.7e+02   -1.7   0.3   120   159  1256  1296  1246  1343 0.75 -
360_g                -           1663 23020at5794          -            164       1.4    6.8   8.5   4   4    0.0034       4.2    5.2   0.0   106   148  1481  1522  1462  1524 0.83 -
#
# Program:         hmmsearch
# Version:         3.1b2 (February 2015)
# Pipeline mode:   SEARCH
# Query file:      /mnt/e/Bioinformatics/Semester2/BINP29/Malaria Project/Genomes/Parsed/busco_downloads/lineages/apicomplexa_odb10/hmms/23020at5794.hmm
# Target file:     /mnt/e/Bioinformatics/Semester2/BINP29/Malaria Project/Genomes/Parsed/Pk_new.faa
# Option settings: hmmsearch --domtblout /mnt/e/Bioinformatics/Semester2/BINP29/Malaria Project/Genomes/Parsed/Pk/run_apicomplexa_odb10/hmmer_output/initial_run_results/23020at5794.out --cpu 1 /mnt/e/Bioinformatics/Semester2/BINP29/Malaria Project/Genomes/Parsed/busco_downloads/lineages/apicomplexa_odb10/hmms/23020at5794.hmm /mnt/e/Bioinformatics/Semester2/BINP29/Malaria Project/Genomes/Parsed/Pk_new.faa 
# Current dir:     /mnt/e/Bioinformatics/Semester2/BINP29/Malaria Project/Genomes/Parsed
# Date:            Wed Mar  1 19:30:26 2023
# [ok]
