#                                                                            --- full sequence --- -------------- this domain -------------   hmm coord   ali coord   env coord
# target name        accession   tlen query name           accession   qlen   E-value  score  bias   #  of  c-Evalue  i-Evalue  score  bias  from    to  from    to  from    to  acc description of target
#------------------- ---------- ----- -------------------- ---------- ----- --------- ------ ----- --- --- --------- --------- ------ ----- ----- ----- ----- ----- ----- ----- ---- ---------------------
1108_g               -            313 25724at5794          -            249   2.3e-87  290.8  38.1   1   1   2.1e-89   6.5e-87  289.3  38.1     6   249     2   300     1   300 0.92 -
519_g                -            381 25724at5794          -            249   6.4e-20   69.9   4.7   1   1   4.4e-22   1.4e-19   68.8   4.7     5    85    47   114    43   136 0.88 -
1014_g               -            670 25724at5794          -            249   6.8e-20   69.8   1.6   1   1   5.2e-22   1.6e-19   68.6   1.6     6    96   389   471   386   497 0.88 -
1477_g               -            377 25724at5794          -            249     2e-19   68.3   1.2   1   1   1.1e-21   3.5e-19   67.5   1.2     8    88    55   127    53   141 0.91 -
90_g                 -            582 25724at5794          -            249   7.5e-17   59.8   3.0   1   5      0.36   1.1e+02    0.3   1.4    66    91   167   193   165   237 0.68 -
90_g                 -            582 25724at5794          -            249   7.5e-17   59.8   3.0   2   5   2.4e-19   7.5e-17   59.8   3.0     4    87   237   307   234   320 0.90 -
90_g                 -            582 25724at5794          -            249   7.5e-17   59.8   3.0   3   5       1.1   3.5e+02   -1.3   1.2   160   207   354   401   342   446 0.68 -
90_g                 -            582 25724at5794          -            249   7.5e-17   59.8   3.0   4   5       1.7   5.4e+02   -1.9   2.1   205   242   453   488   426   498 0.57 -
90_g                 -            582 25724at5794          -            249   7.5e-17   59.8   3.0   5   5      0.62   1.9e+02   -0.5   0.4   186   230   519   561   503   577 0.60 -
1591_g               -            417 25724at5794          -            249   2.9e-16   57.9   3.4   1   2   9.3e-19   2.9e-16   57.9   3.4     8    88    19    83    15    98 0.89 -
1591_g               -            417 25724at5794          -            249   2.9e-16   57.9   3.4   2   2      0.83   2.6e+02   -0.9   0.9   155   234   347   372   320   406 0.56 -
1803_g               -            381 25724at5794          -            249   6.4e-15   53.5   1.0   1   2   2.1e-17   6.4e-15   53.5   1.0     4    94    47   125    44   143 0.85 -
1803_g               -            381 25724at5794          -            249   6.4e-15   53.5   1.0   2   2       8.6   2.7e+03   -4.2   0.1   125   143   172   190   171   191 0.85 -
1578_g               -            283 25724at5794          -            249     1e-14   52.9   0.1   1   1   5.1e-17   1.6e-14   52.2   0.1     2    94     4    89     3   112 0.78 -
2991_g               -            613 25724at5794          -            249   2.9e-14   51.4   0.1   1   1   1.9e-16     6e-14   50.3   0.1     8    88    58   126    53   133 0.89 -
2103_g               -            694 25724at5794          -            249   1.6e-13   48.9   1.8   1   2       6.1   1.9e+03   -3.7   0.4   212   234    45    67    41    83 0.46 -
2103_g               -            694 25724at5794          -            249   1.6e-13   48.9   1.8   2   2   5.8e-16   1.8e-13   48.8   0.0     6    86   123   191   118   198 0.89 -
4153_g               -           1461 25724at5794          -            249   1.7e-11   42.3   1.6   1   5       5.6   1.7e+03   -3.6   1.8   177   228    53   104    28   123 0.49 -
4153_g               -           1461 25724at5794          -            249   1.7e-11   42.3   1.6   2   5   5.4e-14   1.7e-11   42.3   1.6     6    94   614   692   609   735 0.81 -
4153_g               -           1461 25724at5794          -            249   1.7e-11   42.3   1.6   3   5       5.6   1.7e+03   -3.6   0.5   116   130   871   885   848   904 0.63 -
4153_g               -           1461 25724at5794          -            249   1.7e-11   42.3   1.6   4   5      0.73   2.3e+02   -0.7   0.2    46    84   961  1002   931  1022 0.78 -
4153_g               -           1461 25724at5794          -            249   1.7e-11   42.3   1.6   5   5       3.8   1.2e+03   -3.1   0.4   195   238  1185  1229  1173  1247 0.59 -
1741_g               -            390 25724at5794          -            249   1.4e-10   39.3   0.1   1   1   4.5e-13   1.4e-10   39.3   0.1     7    89    19   111    14   128 0.79 -
304_g                -            172 25724at5794          -            249   2.6e-07   28.6   5.6   1   1   1.7e-09   5.3e-07   27.6   5.6    10    86     6   113     2   131 0.81 -
465_g                -            174 25724at5794          -            249   4.7e-06   24.5   4.2   1   1   2.1e-08   6.5e-06   24.0   4.2    12   109     2    89     1   131 0.67 -
604_g                -            367 25724at5794          -            249   0.00081   17.2   5.9   1   1   6.5e-06     0.002   15.9   5.9     6   115    81   183    76   198 0.80 -
1984_g               -            337 25724at5794          -            249       0.4    8.3  45.3   1   2      0.15        47    1.5   1.2   183   231    47    96    28   112 0.46 -
1984_g               -            337 25724at5794          -            249       0.4    8.3  45.3   2   2    0.0065         2    6.0  37.2     4   182   108   265   105   332 0.63 -
#
# Program:         hmmsearch
# Version:         3.1b2 (February 2015)
# Pipeline mode:   SEARCH
# Query file:      /mnt/e/Bioinformatics/Semester2/BINP29/Malaria Project/Genomes/Parsed/busco_downloads/lineages/apicomplexa_odb10/hmms/25724at5794.hmm
# Target file:     /mnt/e/Bioinformatics/Semester2/BINP29/Malaria Project/Genomes/Parsed/Pk_new.faa
# Option settings: hmmsearch --domtblout /mnt/e/Bioinformatics/Semester2/BINP29/Malaria Project/Genomes/Parsed/Pk/run_apicomplexa_odb10/hmmer_output/initial_run_results/25724at5794.out --cpu 1 /mnt/e/Bioinformatics/Semester2/BINP29/Malaria Project/Genomes/Parsed/busco_downloads/lineages/apicomplexa_odb10/hmms/25724at5794.hmm /mnt/e/Bioinformatics/Semester2/BINP29/Malaria Project/Genomes/Parsed/Pk_new.faa 
# Current dir:     /mnt/e/Bioinformatics/Semester2/BINP29/Malaria Project/Genomes/Parsed
# Date:            Wed Mar  1 19:30:30 2023
# [ok]
