#                                                                            --- full sequence --- -------------- this domain -------------   hmm coord   ali coord   env coord
# target name        accession   tlen query name           accession   qlen   E-value  score  bias   #  of  c-Evalue  i-Evalue  score  bias  from    to  from    to  from    to  acc description of target
#------------------- ---------- ----- -------------------- ---------- ----- --------- ------ ----- --- --- --------- --------- ------ ----- ----- ----- ----- ----- ----- ----- ---- ---------------------
2747_g               -           1049 2587at5794           -            725  4.5e-264  876.2  35.9   1   6   9.2e-26   1.3e-23   81.2   0.4     1    69     6    77     6   102 0.91 -
2747_g               -           1049 2587at5794           -            725  4.5e-264  876.2  35.9   2   6   1.2e-37   1.8e-35  120.4   0.1    68   175   124   241   105   248 0.88 -
2747_g               -           1049 2587at5794           -            725  4.5e-264  876.2  35.9   3   6  9.7e-151  1.4e-148  494.3  11.0   173   502   292   672   289   687 0.89 -
2747_g               -           1049 2587at5794           -            725  4.5e-264  876.2  35.9   4   6   1.2e-28   1.7e-26   90.8   0.2   497   592   704   812   698   819 0.88 -
2747_g               -           1049 2587at5794           -            725  4.5e-264  876.2  35.9   5   6     4e-06   0.00058   16.3   0.0   582   611   825   854   814   857 0.85 -
2747_g               -           1049 2587at5794           -            725  4.5e-264  876.2  35.9   6   6   4.1e-27   5.9e-25   85.6   0.9   607   701   889   991   866   994 0.91 -
3341_g               -            284 2587at5794           -            725   9.9e-23   78.3   8.6   1   5   2.1e-07     3e-05   20.5   0.0    86   137    12    65     7    70 0.82 -
3341_g               -            284 2587at5794           -            725   9.9e-23   78.3   8.6   2   5   5.8e-09   8.5e-07   25.6   0.1   380   430    62   109    62   114 0.92 -
3341_g               -            284 2587at5794           -            725   9.9e-23   78.3   8.6   3   5     4e-08   5.8e-06   22.9   0.6   394   474   119   194   112   196 0.70 -
3341_g               -            284 2587at5794           -            725   9.9e-23   78.3   8.6   4   5    0.0035      0.51    6.5   0.0   110   147   208   244   198   252 0.84 -
3341_g               -            284 2587at5794           -            725   9.9e-23   78.3   8.6   5   5    0.0088       1.3    5.2   0.0   111   138   256   283   246   284 0.87 -
739_g                -           1365 2587at5794           -            725   3.5e-22   76.5   9.5   1   4   8.9e-15   1.3e-12   44.9   2.3   266   428     3   160     2   176 0.85 -
739_g                -           1365 2587at5794           -            725   3.5e-22   76.5   9.5   2   4     0.006      0.87    5.8   0.0   392   426   237   268   232   273 0.88 -
739_g                -           1365 2587at5794           -            725   3.5e-22   76.5   9.5   3   4   4.1e-10     6e-08   29.4   0.3   360   471   246   354   244   364 0.82 -
739_g                -           1365 2587at5794           -            725   3.5e-22   76.5   9.5   4   4      0.36        53   -0.1   0.0   373   405   567   598   549   604 0.85 -
2285_g               -            613 2587at5794           -            725   2.2e-19   67.2   1.3   1   2   3.5e-12   5.1e-10   36.3   0.0   266   427   325   483   323   485 0.87 -
2285_g               -            613 2587at5794           -            725   2.2e-19   67.2   1.3   2   2   6.1e-09   8.9e-07   25.6   0.5   316   424   500   613   492   613 0.83 -
4513_g               -            591 2587at5794           -            725   2.3e-18   63.9   0.5   1   2   6.7e-20   9.8e-18   61.8   0.5   286   429   291   436   278   475 0.84 -
4513_g               -            591 2587at5794           -            725   2.3e-18   63.9   0.5   2   2      0.52        75   -0.6   0.0   104   143   444   482   439   507 0.85 -
220_g                -            620 2587at5794           -            725   2.7e-17   60.3   2.8   1   3   6.3e-08   9.1e-06   22.2   0.1   288   344   348   407   339   407 0.88 -
220_g                -            620 2587at5794           -            725   2.7e-17   60.3   2.8   2   3   1.7e-14   2.4e-12   43.9   0.9   289   430   391   534   390   538 0.89 -
220_g                -            620 2587at5794           -            725   2.7e-17   60.3   2.8   3   3     0.077        11    2.1   0.0   117   145   553   581   547   615 0.70 -
901_g                -            629 2587at5794           -            725   5.6e-17   59.3   5.3   1   4     0.022       3.2    3.9   0.1    70   122   240   292   215   303 0.82 -
901_g                -            629 2587at5794           -            725   5.6e-17   59.3   5.3   2   4      0.43        63   -0.4   0.0   409   429   305   325   296   329 0.77 -
901_g                -            629 2587at5794           -            725   5.6e-17   59.3   5.3   3   4     8e-16   1.2e-13   48.3   0.1   307   474   405   570   401   574 0.88 -
901_g                -            629 2587at5794           -            725   5.6e-17   59.3   5.3   4   4    0.0083       1.2    5.3   0.0   108   137   583   612   573   625 0.85 -
2794_g               -            447 2587at5794           -            725   2.9e-16   56.9   0.1   1   3     0.021         3    4.0   0.0   307   345   149   189   145   196 0.76 -
2794_g               -            447 2587at5794           -            725   2.9e-16   56.9   0.1   2   3   1.6e-15   2.4e-13   47.3   0.0   290   428   224   372   212   376 0.82 -
2794_g               -            447 2587at5794           -            725   2.9e-16   56.9   0.1   3   3     0.093        14    1.8   0.0   393   428   396   431   389   435 0.90 -
1360_g               -           1237 2587at5794           -            725   5.8e-15   52.6  14.0   1   5   8.1e-09   1.2e-06   25.2   2.0   317   428    72   193    71   241 0.64 -
1360_g               -           1237 2587at5794           -            725   5.8e-15   52.6  14.0   2   5       1.7   2.4e+02   -2.3   0.0   404   433   382   411   377   419 0.78 -
1360_g               -           1237 2587at5794           -            725   5.8e-15   52.6  14.0   3   5      0.48        69   -0.5   0.1   107   148   652   692   644   754 0.59 -
1360_g               -           1237 2587at5794           -            725   5.8e-15   52.6  14.0   4   5   3.3e-09   4.7e-07   26.5   0.2    69   173   843   950   819   955 0.83 -
1360_g               -           1237 2587at5794           -            725   5.8e-15   52.6  14.0   5   5   5.1e-05    0.0075   12.6   0.3   314   368   921   976   912   998 0.77 -
140_g                -            842 2587at5794           -            725   7.9e-15   52.2  11.7   1   5    0.0017      0.24    7.6   0.0   104   135   508   539   497   541 0.76 -
140_g                -            842 2587at5794           -            725   7.9e-15   52.2  11.7   2   5   3.6e-08   5.2e-06   23.0   0.1    72   141   521   588   519   593 0.85 -
140_g                -            842 2587at5794           -            725   7.9e-15   52.2  11.7   3   5   0.00031     0.046   10.0   0.3    86   138   580   627   577   637 0.83 -
140_g                -            842 2587at5794           -            725   7.9e-15   52.2  11.7   4   5     0.027         4    3.6   0.2    96   153   671   729   631   747 0.59 -
140_g                -            842 2587at5794           -            725   7.9e-15   52.2  11.7   5   5   1.8e-07   2.6e-05   20.7   0.2   370   432   745   808   738   814 0.86 -
2022_g               -            524 2587at5794           -            725   1.3e-12   44.8   3.3   1   4     0.077        11    2.1   0.1   108   137   216   245   206   269 0.80 -
2022_g               -            524 2587at5794           -            725   1.3e-12   44.8   3.3   2   4    0.0015      0.21    7.8   0.0   101   139   259   297   248   301 0.90 -
2022_g               -            524 2587at5794           -            725   1.3e-12   44.8   3.3   3   4   1.2e-13   1.7e-11   41.2   0.6   288   393   279   389   275   405 0.84 -
2022_g               -            524 2587at5794           -            725   1.3e-12   44.8   3.3   4   4       3.1   4.5e+02   -3.2   0.0   378   422   474   515   453   518 0.77 -
2467_g               -            499 2587at5794           -            725   1.6e-11   41.2   0.5   1   3    0.0012      0.18    8.0   0.0   455   483   185   213   177   227 0.92 -
2467_g               -            499 2587at5794           -            725   1.6e-11   41.2   0.5   2   3   3.5e-08   5.1e-06   23.0   0.1   266   343   278   353   270   358 0.78 -
2467_g               -            499 2587at5794           -            725   1.6e-11   41.2   0.5   3   3    0.0033      0.49    6.6   0.0   266   304   406   446   403   451 0.75 -
2988_g               -            481 2587at5794           -            725   8.7e-11   38.8   4.5   1   4     0.013       1.8    4.7   0.0   388   430    61   101    56   104 0.85 -
2988_g               -            481 2587at5794           -            725   8.7e-11   38.8   4.5   2   4   0.00033     0.048    9.9   0.0   100   140   104   144   101   154 0.92 -
2988_g               -            481 2587at5794           -            725   8.7e-11   38.8   4.5   3   4     0.001      0.15    8.3   0.1   294   342   298   350   278   360 0.61 -
2988_g               -            481 2587at5794           -            725   8.7e-11   38.8   4.5   4   4   4.1e-07     6e-05   19.5   0.3    67   149   326   404   325   417 0.78 -
2485_g               -            470 2587at5794           -            725   1.1e-10   38.5   2.6   1   2   5.4e-05    0.0078   12.5   0.4   414   480   183   248   128   251 0.70 -
2485_g               -            470 2587at5794           -            725   1.1e-10   38.5   2.6   2   2   2.7e-11     4e-09   33.3   0.6   359   483   217   345   215   405 0.88 -
4691_g               -            555 2587at5794           -            725   1.5e-10   38.0   8.9   1   3   0.00027     0.039   10.2   0.2   106   147    51    92    48   130 0.59 -
4691_g               -            555 2587at5794           -            725   1.5e-10   38.0   8.9   2   3   4.4e-06   0.00063   16.1   0.9    98   173   163   243   150   259 0.76 -
4691_g               -            555 2587at5794           -            725   1.5e-10   38.0   8.9   3   3   2.2e-05    0.0031   13.8   0.1   285   343   342   406   316   414 0.75 -
1559_g               -            744 2587at5794           -            725   1.6e-10   37.9  15.4   1   4   0.00014     0.021   11.1   0.0   103   144    12    53     4    78 0.82 -
1559_g               -            744 2587at5794           -            725   1.6e-10   37.9  15.4   2   4   7.9e-07   0.00011   18.6   0.3    69   137    97   165    75   173 0.84 -
1559_g               -            744 2587at5794           -            725   1.6e-10   37.9  15.4   3   4   0.00019     0.027   10.7   1.8   392   475   242   321   238   325 0.78 -
1559_g               -            744 2587at5794           -            725   1.6e-10   37.9  15.4   4   4      0.04       5.8    3.0   0.3   105   159   663   714   651   719 0.75 -
2393_g               -            749 2587at5794           -            725   1.5e-09   34.7   5.6   1   3     0.017       2.4    4.3   0.1   106   138    14    46     4    52 0.81 -
2393_g               -            749 2587at5794           -            725   1.5e-09   34.7   5.6   2   3   3.1e-05    0.0045   13.3   0.2   388   468    53   133    48   145 0.75 -
2393_g               -            749 2587at5794           -            725   1.5e-09   34.7   5.6   3   3   1.1e-06   0.00017   18.0   0.1   394   472   239   317   205   346 0.81 -
818_g                -            462 2587at5794           -            725   8.2e-09   32.3   2.8   1   5   1.5e-05    0.0021   14.4   0.1   308   427   104   138    75   139 0.52 -
818_g                -            462 2587at5794           -            725   8.2e-09   32.3   2.8   2   5   5.1e-07   7.5e-05   19.2   0.1   389   481   103   194   101   196 0.82 -
818_g                -            462 2587at5794           -            725   8.2e-09   32.3   2.8   3   5   3.2e-05    0.0047   13.3   0.0   301   344   139   188   137   235 0.79 -
818_g                -            462 2587at5794           -            725   8.2e-09   32.3   2.8   4   5       1.7   2.5e+02   -2.4   0.0   592   632   249   289   245   322 0.69 -
818_g                -            462 2587at5794           -            725   8.2e-09   32.3   2.8   5   5       1.3   1.8e+02   -1.9   0.2   617   672   335   394   329   417 0.74 -
1406_g               -            805 2587at5794           -            725     2e-08   31.0   2.3   1   4    0.0031      0.46    6.7   0.0   316   344    71    99    57   103 0.88 -
1406_g               -            805 2587at5794           -            725     2e-08   31.0   2.3   2   4   0.00038     0.055    9.7   0.0    76   432    82   144    75   149 0.60 -
1406_g               -            805 2587at5794           -            725     2e-08   31.0   2.3   3   4     0.027         4    3.6   0.0   285   312   267   295   248   338 0.83 -
1406_g               -            805 2587at5794           -            725     2e-08   31.0   2.3   4   4   1.9e-05    0.0028   14.0   0.4   284   357   411   486   390   490 0.78 -
606_g                -            525 2587at5794           -            725   3.3e-08   30.3   7.9   1   4     0.033       4.9    3.3   0.1   105   140   188   223   178   235 0.84 -
606_g                -            525 2587at5794           -            725   3.3e-08   30.3   7.9   2   4   0.00023     0.034   10.4   0.1   106   139   235   268   221   283 0.85 -
606_g                -            525 2587at5794           -            725   3.3e-08   30.3   7.9   3   4   9.5e-06    0.0014   15.0   0.3   105   161   344   400   336   403 0.86 -
606_g                -            525 2587at5794           -            725   3.3e-08   30.3   7.9   4   4     0.025       3.6    3.7   0.0   282   307   398   423   390   437 0.62 -
3711_g               -            538 2587at5794           -            725   1.1e-07   28.6   5.1   1   4       1.7   2.5e+02   -2.3   0.3   198   531   157   171   122   219 0.53 -
3711_g               -            538 2587at5794           -            725   1.1e-07   28.6   5.1   2   4       3.6   5.2e+02   -3.4   0.0   450   477   244   272   232   282 0.57 -
3711_g               -            538 2587at5794           -            725   1.1e-07   28.6   5.1   3   4   7.8e-05     0.011   12.0   0.1   359   431   366   437   361   446 0.86 -
3711_g               -            538 2587at5794           -            725   1.1e-07   28.6   5.1   4   4   1.2e-06   0.00017   18.0   0.0   372   411   476   515   465   532 0.83 -
1024_g               -            546 2587at5794           -            725   1.5e-07   28.1   5.4   1   5       1.2   1.7e+02   -1.8   0.0    48   114    25    93    15   100 0.71 -
1024_g               -            546 2587at5794           -            725   1.5e-07   28.1   5.4   2   5       1.3   1.9e+02   -2.0   0.0   286   314   185   213   176   217 0.82 -
1024_g               -            546 2587at5794           -            725   1.5e-07   28.1   5.4   3   5      0.04       5.9    3.0   0.1   413   475   293   309   285   327 0.64 -
1024_g               -            546 2587at5794           -            725   1.5e-07   28.1   5.4   4   5   9.2e-08   1.3e-05   21.7   0.4   308   428   349   476   322   491 0.68 -
1024_g               -            546 2587at5794           -            725   1.5e-07   28.1   5.4   5   5      0.14        20    1.3   0.0   105   139   509   544   493   546 0.79 -
2588_g               -            561 2587at5794           -            725   2.2e-07   27.6   0.1   1   2   2.1e-08   3.1e-06   23.8   0.1   391   476    73   161    68   163 0.83 -
2588_g               -            561 2587at5794           -            725   2.2e-07   27.6   0.1   2   2   0.00062      0.09    9.0   0.0   105   145   126   167   121   181 0.81 -
3756_g               -            699 2587at5794           -            725   5.7e-07   26.2   2.8   1   3     0.065       9.5    2.3   0.0   100   159    90   149    81   168 0.73 -
3756_g               -            699 2587at5794           -            725   5.7e-07   26.2   2.8   2   3   5.4e-07   7.9e-05   19.1   0.0   364   428   171   227   166   279 0.80 -
3756_g               -            699 2587at5794           -            725   5.7e-07   26.2   2.8   3   3     0.029       4.2    3.5   0.2   105   139   303   338   241   364 0.64 -
867_g                -            363 2587at5794           -            725   6.6e-07   26.0   0.1   1   3   1.3e-07   1.9e-05   21.2   0.0   288   343    85   146    59   148 0.82 -
867_g                -            363 2587at5794           -            725   6.6e-07   26.0   0.1   2   3      0.57        83   -0.8   0.0   446   474   220   250   189   254 0.52 -
867_g                -            363 2587at5794           -            725   6.6e-07   26.0   0.1   3   3      0.17        24    1.0   0.0   111   426   333   358   319   362 0.61 -
314_g                -            978 2587at5794           -            725   6.9e-07   25.9   0.1   1   4       1.2   1.7e+02   -1.8   0.0   414   431   200   217   192   220 0.85 -
314_g                -            978 2587at5794           -            725   6.9e-07   25.9   0.1   2   4     0.002      0.29    7.3   0.0    98   144   222   269   205   323 0.67 -
314_g                -            978 2587at5794           -            725   6.9e-07   25.9   0.1   3   4     0.014         2    4.6   0.0   103   139   330   366   324   372 0.86 -
314_g                -            978 2587at5794           -            725   6.9e-07   25.9   0.1   4   4    0.0007       0.1    8.8   0.0   282   341   817   881   809   885 0.83 -
3176_g               -           1456 2587at5794           -            725   1.4e-06   24.9   6.3   1   3   1.5e-05    0.0021   14.4   0.1   409   488   160   241   141   255 0.76 -
3176_g               -           1456 2587at5794           -            725   1.4e-06   24.9   6.3   2   3   0.00032     0.047    9.9   0.0    89   158   266   339   249   342 0.84 -
3176_g               -           1456 2587at5794           -            725   1.4e-06   24.9   6.3   3   3      0.39        57   -0.2   1.4   620   701   824   906   813   930 0.75 -
2391_g               -            431 2587at5794           -            725   2.4e-06   24.1   0.7   1   2   2.8e-07     4e-05   20.1   0.2   279   403    75   216    56   225 0.78 -
2391_g               -            431 2587at5794           -            725   2.4e-06   24.1   0.7   2   2       0.1        15    1.7   0.0   306   351   304   348   299   356 0.79 -
2619_g               -            801 2587at5794           -            725   9.8e-06   22.1   2.8   1   2     0.059       8.5    2.5   0.1   294   353   216   278   190   319 0.58 -
2619_g               -            801 2587at5794           -            725   9.8e-06   22.1   2.8   2   2   5.2e-07   7.6e-05   19.2   0.6   359   426   426   490   421   494 0.93 -
2299_g               -            448 2587at5794           -            725   1.9e-05   21.2   5.8   1   3   8.9e-06    0.0013   15.1   0.1   303   343   301   342   282   353 0.80 -
2299_g               -            448 2587at5794           -            725   1.9e-05   21.2   5.8   2   3    0.0025      0.37    7.0   0.9   104   138   352   387   347   393 0.86 -
2299_g               -            448 2587at5794           -            725   1.9e-05   21.2   5.8   3   3      0.71     1e+02   -1.1   0.0    94   130   399   434   395   445 0.71 -
59_g                 -            323 2587at5794           -            725   2.6e-05   20.7   3.1   1   2   2.9e-07   4.3e-05   20.0   1.8    66   226    18   185     3   187 0.80 -
59_g                 -            323 2587at5794           -            725   2.6e-05   20.7   3.1   2   2     0.029       4.2    3.5   0.1   312   384   143   219   138   307 0.77 -
3458_g               -            476 2587at5794           -            725   0.00024   17.5   0.9   1   1     4e-06   0.00059   16.2   0.9   394   476   346   424   336   430 0.64 -
3624_g               -            689 2587at5794           -            725    0.0017   14.7   1.1   1   2     0.045       6.6    2.8   0.0   420   476   372   425   361   433 0.75 -
3624_g               -            689 2587at5794           -            725    0.0017   14.7   1.1   2   2   0.00055      0.08    9.2   0.3   409   474   597   660   584   674 0.82 -
67_g                 -           1646 2587at5794           -            725    0.0057   13.0   9.4   1   5       6.5   9.5e+02   -4.3   0.2   366   415    32    82    28    87 0.83 -
67_g                 -           1646 2587at5794           -            725    0.0057   13.0   9.4   2   5      0.94   1.4e+02   -1.5   0.0   101   136   238   273   230   290 0.61 -
67_g                 -           1646 2587at5794           -            725    0.0057   13.0   9.4   3   5      0.11        16    1.6   0.1   104   167   314   377   302   406 0.49 -
67_g                 -           1646 2587at5794           -            725    0.0057   13.0   9.4   4   5   0.00015     0.021   11.1   0.0   105   139  1037  1070  1029  1092 0.87 -
67_g                 -           1646 2587at5794           -            725    0.0057   13.0   9.4   5   5     0.058       8.4    2.5   0.2   413   438  1540  1563  1511  1589 0.63 -
#
# Program:         hmmsearch
# Version:         3.1b2 (February 2015)
# Pipeline mode:   SEARCH
# Query file:      /mnt/e/Bioinformatics/Semester2/BINP29/Malaria Project/Genomes/Parsed/busco_downloads/lineages/apicomplexa_odb10/hmms/2587at5794.hmm
# Target file:     /mnt/e/Bioinformatics/Semester2/BINP29/Malaria Project/Genomes/Parsed/Pk_new.faa
# Option settings: hmmsearch --domtblout /mnt/e/Bioinformatics/Semester2/BINP29/Malaria Project/Genomes/Parsed/Pk/run_apicomplexa_odb10/hmmer_output/initial_run_results/2587at5794.out --cpu 1 /mnt/e/Bioinformatics/Semester2/BINP29/Malaria Project/Genomes/Parsed/busco_downloads/lineages/apicomplexa_odb10/hmms/2587at5794.hmm /mnt/e/Bioinformatics/Semester2/BINP29/Malaria Project/Genomes/Parsed/Pk_new.faa 
# Current dir:     /mnt/e/Bioinformatics/Semester2/BINP29/Malaria Project/Genomes/Parsed
# Date:            Wed Mar  1 19:30:30 2023
# [ok]
