#                                                                            --- full sequence --- -------------- this domain -------------   hmm coord   ali coord   env coord
# target name        accession   tlen query name           accession   qlen   E-value  score  bias   #  of  c-Evalue  i-Evalue  score  bias  from    to  from    to  from    to  acc description of target
#------------------- ---------- ----- -------------------- ---------- ----- --------- ------ ----- --- --- --------- --------- ------ ----- ----- ----- ----- ----- ----- ----- ---- ---------------------
2327_g               -            875 27360at5794          -            116   4.4e-22   76.6   1.2   1   4   3.3e-06   0.00073   17.8   0.0     3    92    42   141    39   142 0.87 -
2327_g               -            875 27360at5794          -            116   4.4e-22   76.6   1.2   2   4   1.4e-11   3.2e-09   35.1   0.1     5   108   132   255   129   256 0.75 -
2327_g               -            875 27360at5794          -            116   4.4e-22   76.6   1.2   3   4      0.02       4.5    5.6   0.0    56    89   441   474   433   476 0.88 -
2327_g               -            875 27360at5794          -            116   4.4e-22   76.6   1.2   4   4   6.4e-06    0.0014   16.9   0.0     5    41   468   504   467   525 0.91 -
2262_g               -           1050 27360at5794          -            116   1.1e-15   55.9  16.9   1   7     0.076        17    3.7   0.2    57   102    35    81     4    91 0.73 -
2262_g               -           1050 27360at5794          -            116   1.1e-15   55.9  16.9   2   7     0.098        22    3.4   0.1    55    90   344   379   318   412 0.70 -
2262_g               -           1050 27360at5794          -            116   1.1e-15   55.9  16.9   3   7   0.00018      0.04   12.2   0.1    58   104   663   715   656   725 0.75 -
2262_g               -           1050 27360at5794          -            116   1.1e-15   55.9  16.9   4   7   0.00042     0.095   11.0   0.1    53    84   789   820   784   838 0.83 -
2262_g               -           1050 27360at5794          -            116   1.1e-15   55.9  16.9   5   7    0.0013       0.3    9.4   0.0    20    44   850   874   843   882 0.90 -
2262_g               -           1050 27360at5794          -            116   1.1e-15   55.9  16.9   6   7   3.6e-05    0.0082   14.5   0.3    50    88   904   941   880   945 0.79 -
2262_g               -           1050 27360at5794          -            116   1.1e-15   55.9  16.9   7   7    0.0045         1    7.7   0.0     6    44   937   975   936   983 0.88 -
1843_g               -            494 27360at5794          -            116   1.7e-10   39.2   1.4   1   4     0.023       5.2    5.4   0.1    60    88    68    96    64   129 0.77 -
1843_g               -            494 27360at5794          -            116   1.7e-10   39.2   1.4   2   4     0.019       4.3    5.7   0.0    55    87   161   193   155   198 0.89 -
1843_g               -            494 27360at5794          -            116   1.7e-10   39.2   1.4   3   4   4.1e-06   0.00092   17.5   0.1     3    43   187   227   185   250 0.89 -
1843_g               -            494 27360at5794          -            116   1.7e-10   39.2   1.4   4   4   0.00051      0.11   10.8   0.0     5    42   405   443   401   483 0.87 -
437_g                -            513 27360at5794          -            116   4.3e-10   37.9   0.0   1   4      0.14        30    2.9   0.0    10    44   120   155    94   158 0.77 -
437_g                -            513 27360at5794          -            116   4.3e-10   37.9   0.0   2   4      0.55   1.2e+02    1.0   0.0    59    87   190   218   186   223 0.87 -
437_g                -            513 27360at5794          -            116   4.3e-10   37.9   0.0   3   4   1.5e-05    0.0033   15.7   0.0     5    43   214   253   210   257 0.85 -
437_g                -            513 27360at5794          -            116   4.3e-10   37.9   0.0   4   4   7.6e-05     0.017   13.4   0.0     5    43   399   438   375   471 0.82 -
3980_g               -            469 27360at5794          -            116   1.4e-09   36.3   5.7   1   4      0.19        44    2.4   0.1    57    87    97   128    70   132 0.78 -
3980_g               -            469 27360at5794          -            116   1.4e-09   36.3   5.7   2   4   5.8e-05     0.013   13.8   0.0     6    45   124   163   119   176 0.89 -
3980_g               -            469 27360at5794          -            116   1.4e-09   36.3   5.7   3   4   4.2e-07   9.5e-05   20.7   0.8    52    97   300   345   282   352 0.81 -
3980_g               -            469 27360at5794          -            116   1.4e-09   36.3   5.7   4   4      0.59   1.3e+02    0.9   0.0    12    44   342   373   338   384 0.78 -
422_g                -            387 27360at5794          -            116   3.3e-09   35.1   0.1   1   4       1.1   2.4e+02    0.1   0.0    90   109    55    74    12    80 0.53 -
422_g                -            387 27360at5794          -            116   3.3e-09   35.1   0.1   2   4      0.14        31    2.9   0.0    53    91   111   149    70   151 0.87 -
422_g                -            387 27360at5794          -            116   3.3e-09   35.1   0.1   3   4   8.3e-05     0.019   13.3   0.0     5    45   141   181   137   233 0.83 -
422_g                -            387 27360at5794          -            116   3.3e-09   35.1   0.1   4   4   1.7e-05    0.0038   15.5   0.0     4    42   230   268   227   273 0.91 -
155_g                -            313 27360at5794          -            116   4.7e-08   31.4   0.0   1   2    0.0054       1.2    7.5   0.0    59    92    12    45     6    70 0.72 -
155_g                -            313 27360at5794          -            116   4.7e-08   31.4   0.0   2   2   6.7e-07   0.00015   20.1   0.0    59   109   114   169    98   173 0.81 -
4858_g               -           1635 27360at5794          -            116     1e-06   27.0   0.0   1   2    0.0023      0.51    8.7   0.0    50    88   891   929   879   933 0.89 -
4858_g               -           1635 27360at5794          -            116     1e-06   27.0   0.0   2   2   1.4e-05     0.003   15.8   0.0    12    43   931   962   929   998 0.88 -
3377_g               -            292 27360at5794          -            116   2.2e-06   26.0   0.0   1   2     0.088        20    3.6   0.0    19    42    48    71    30   109 0.77 -
3377_g               -            292 27360at5794          -            116   2.2e-06   26.0   0.0   2   2   6.6e-07   0.00015   20.1   0.0     3    41   180   218   178   222 0.92 -
1758_g               -            460 27360at5794          -            116   4.8e-06   24.9   0.2   1   3      0.39        88    1.5   0.0    64    88    29    53    19    65 0.85 -
1758_g               -            460 27360at5794          -            116   4.8e-06   24.9   0.2   2   3    0.0018       0.4    9.0   0.1     3    86    46   138    44   139 0.77 -
1758_g               -            460 27360at5794          -            116   4.8e-06   24.9   0.2   3   3   5.3e-06    0.0012   17.2   0.0     4    43   134   173   131   183 0.94 -
1101_g               -            969 27360at5794          -            116   4.9e-06   24.9   4.8   1   3      0.19        43    2.5   0.3    51    83   581   613   559   619 0.78 -
1101_g               -            969 27360at5794          -            116   4.9e-06   24.9   4.8   2   3   0.00046       0.1   10.9   0.1     4    40   613   650   610   674 0.78 -
1101_g               -            969 27360at5794          -            116   4.9e-06   24.9   4.8   3   3   0.00017     0.038   12.3   0.0     5    44   715   755   708   799 0.92 -
746_g                -            583 27360at5794          -            116   6.8e-06   24.4   1.8   1   3   6.5e-05     0.015   13.6   0.2    59    99     5    45     2    51 0.92 -
746_g                -            583 27360at5794          -            116   6.8e-06   24.4   1.8   2   3    0.0032      0.72    8.2   0.0    59   105   156   212   152   223 0.68 -
746_g                -            583 27360at5794          -            116   6.8e-06   24.4   1.8   3   3      0.86   1.9e+02    0.4   0.0    25    42   199   215   191   294 0.78 -
3462_g               -            278 27360at5794          -            116   1.5e-05   23.3   3.5   1   3       7.1   1.6e+03   -2.6   0.0    85    96    74    84    39    99 0.57 -
3462_g               -            278 27360at5794          -            116   1.5e-05   23.3   3.5   2   3   0.00065      0.15   10.4   0.0    55    87   187   219   173   224 0.88 -
3462_g               -            278 27360at5794          -            116   1.5e-05   23.3   3.5   3   3   0.00013      0.03   12.6   0.0    19    42   230   253   224   258 0.89 -
2453_g               -            474 27360at5794          -            116   2.5e-05   22.6   0.0   1   2     0.089        20    3.5   0.0    60    86    13    39     9    56 0.85 -
2453_g               -            474 27360at5794          -            116   2.5e-05   22.6   0.0   2   2     2e-05    0.0045   15.3   0.0     5    42   411   448   408   452 0.94 -
4742_g               -            946 27360at5794          -            116   0.00011   20.5   0.0   1   2    0.0015      0.34    9.3   0.0    56    86     6    36     2    42 0.92 -
4742_g               -            946 27360at5794          -            116   0.00011   20.5   0.0   2   2    0.0027       0.6    8.4   0.0    15    45    44    74    38    99 0.84 -
2121_g               -            126 27360at5794          -            116   0.00084   17.6   0.0   1   2      0.65   1.5e+02    0.8   0.0    61    88     6    33     2    43 0.76 -
2121_g               -            126 27360at5794          -            116   0.00084   17.6   0.0   2   2   8.6e-06    0.0019   16.5   0.0     5    84    28   111    24   118 0.83 -
2086_g               -            290 27360at5794          -            116    0.0016   16.7   0.1   1   1   1.6e-05    0.0035   15.6   0.1     3    43   111   152   109   168 0.88 -
742_g                -            689 27360at5794          -            116    0.0017   16.7   0.1   1   3       1.2   2.7e+02   -0.1   0.0    60    87   324   351   313   356 0.73 -
742_g                -            689 27360at5794          -            116    0.0017   16.7   0.1   2   3     0.018       4.1    5.8   0.1    25    43   365   383   363   388 0.88 -
742_g                -            689 27360at5794          -            116    0.0017   16.7   0.1   3   3     0.023       5.3    5.4   0.0    44    88   599   642   590   653 0.82 -
652_g                -            152 27360at5794          -            116    0.0033   15.7   1.5   1   1   0.00014     0.031   12.6   1.2    39   109    39   118    24   124 0.73 -
430_g                -            180 27360at5794          -            116     0.012   13.9   0.0   1   2      0.28        64    1.9   0.0    53    84    46    77    44    83 0.86 -
430_g                -            180 27360at5794          -            116     0.012   13.9   0.0   2   2   0.00097      0.22    9.9   0.0    12    52    84   127    78   152 0.80 -
1382_g               -            775 27360at5794          -            116     0.024   13.0   0.0   1   1   0.00035      0.08   11.3   0.0    57    88    23    54     3    91 0.68 -
637_g                -            139 27360at5794          -            116     0.035   12.4   0.3   1   2    0.0003     0.067   11.5   0.1    56    88    38    70     7    87 0.81 -
637_g                -            139 27360at5794          -            116     0.035   12.4   0.3   2   2       4.5     1e+03   -2.0   0.0    60    80   107   128   102   133 0.57 -
#
# Program:         hmmsearch
# Version:         3.1b2 (February 2015)
# Pipeline mode:   SEARCH
# Query file:      /mnt/e/Bioinformatics/Semester2/BINP29/Malaria Project/Genomes/Parsed/busco_downloads/lineages/apicomplexa_odb10/hmms/27360at5794.hmm
# Target file:     /mnt/e/Bioinformatics/Semester2/BINP29/Malaria Project/Genomes/Parsed/Pk_new.faa
# Option settings: hmmsearch --domtblout /mnt/e/Bioinformatics/Semester2/BINP29/Malaria Project/Genomes/Parsed/Pk/run_apicomplexa_odb10/hmmer_output/initial_run_results/27360at5794.out --cpu 1 /mnt/e/Bioinformatics/Semester2/BINP29/Malaria Project/Genomes/Parsed/busco_downloads/lineages/apicomplexa_odb10/hmms/27360at5794.hmm /mnt/e/Bioinformatics/Semester2/BINP29/Malaria Project/Genomes/Parsed/Pk_new.faa 
# Current dir:     /mnt/e/Bioinformatics/Semester2/BINP29/Malaria Project/Genomes/Parsed
# Date:            Wed Mar  1 19:30:33 2023
# [ok]
