#                                                                            --- full sequence --- -------------- this domain -------------   hmm coord   ali coord   env coord
# target name        accession   tlen query name           accession   qlen   E-value  score  bias   #  of  c-Evalue  i-Evalue  score  bias  from    to  from    to  from    to  acc description of target
#------------------- ---------- ----- -------------------- ---------- ----- --------- ------ ----- --- --- --------- --------- ------ ----- ----- ----- ----- ----- ----- ----- ---- ---------------------
49_g                 -            170 27522at5794          -            133   1.1e-67  224.1   0.4   1   2     3e-10   1.6e-07   29.4   0.0     1    38     6    52     6    61 0.85 -
49_g                 -            170 27522at5794          -            133   1.1e-67  224.1   0.4   2   2   6.3e-61   3.5e-58  193.3   0.2    36   133    68   168    57   168 0.94 -
469_g                -            202 27522at5794          -            133   3.6e-36  122.1   0.0   1   1   8.8e-39   4.8e-36  121.7   0.0    22   122    36   137    11   151 0.86 -
1504_g               -            148 27522at5794          -            133   1.2e-31  107.5   0.1   1   1   2.4e-34   1.3e-31  107.3   0.1    26   129    40   146    17   148 0.89 -
2178_g               -            181 27522at5794          -            133   4.9e-27   92.6   0.0   1   1   1.2e-29   6.5e-27   92.2   0.0    35   127    68   160    47   165 0.91 -
2527_g               -            150 27522at5794          -            133   1.5e-19   68.4   0.1   1   1   3.4e-22   1.9e-19   68.0   0.1    25   123    46   144    33   149 0.93 -
745_g                -            172 27522at5794          -            133   1.6e-19   68.3   0.0   1   1   3.5e-22   1.9e-19   68.0   0.0    21   110    35   125    12   141 0.90 -
885_g                -            262 27522at5794          -            133   6.4e-15   53.3   0.1   1   1   1.6e-17     9e-15   52.9   0.1    27   112   150   237   115   253 0.77 -
1812_g               -            298 27522at5794          -            133   1.2e-14   52.5   0.0   1   1   3.4e-17   1.9e-14   51.8   0.0    21   110   179   270   154   283 0.85 -
2510_g               -            452 27522at5794          -            133   5.3e-06   24.5   0.1   1   1   1.8e-08     1e-05   23.6   0.1    31    87   202   259   184   274 0.86 -
#
# Program:         hmmsearch
# Version:         3.1b2 (February 2015)
# Pipeline mode:   SEARCH
# Query file:      /mnt/e/Bioinformatics/Semester2/BINP29/Malaria Project/Genomes/Parsed/busco_downloads/lineages/apicomplexa_odb10/hmms/27522at5794.hmm
# Target file:     /mnt/e/Bioinformatics/Semester2/BINP29/Malaria Project/Genomes/Parsed/Pk_new.faa
# Option settings: hmmsearch --domtblout /mnt/e/Bioinformatics/Semester2/BINP29/Malaria Project/Genomes/Parsed/Pk/run_apicomplexa_odb10/hmmer_output/initial_run_results/27522at5794.out --cpu 1 /mnt/e/Bioinformatics/Semester2/BINP29/Malaria Project/Genomes/Parsed/busco_downloads/lineages/apicomplexa_odb10/hmms/27522at5794.hmm /mnt/e/Bioinformatics/Semester2/BINP29/Malaria Project/Genomes/Parsed/Pk_new.faa 
# Current dir:     /mnt/e/Bioinformatics/Semester2/BINP29/Malaria Project/Genomes/Parsed
# Date:            Wed Mar  1 19:30:34 2023
# [ok]
