#                                                                            --- full sequence --- -------------- this domain -------------   hmm coord   ali coord   env coord
# target name        accession   tlen query name           accession   qlen   E-value  score  bias   #  of  c-Evalue  i-Evalue  score  bias  from    to  from    to  from    to  acc description of target
#------------------- ---------- ----- -------------------- ---------- ----- --------- ------ ----- --- --- --------- --------- ------ ----- ----- ----- ----- ----- ----- ----- ---- ---------------------
2327_g               -            875 28533at5794          -            141   9.1e-30  101.3   7.2   1   4   7.2e-06    0.0016   16.2   0.1    26    88    20    83     8    90 0.86 -
2327_g               -            875 28533at5794          -            141   9.1e-30  101.3   7.2   2   4   9.2e-10   2.1e-07   28.8   0.1    27   100   109   183    95   197 0.89 -
2327_g               -            875 28533at5794          -            141   9.1e-30  101.3   7.2   3   4   4.3e-12   9.6e-10   36.4   0.2    28   115   199   284   192   295 0.91 -
2327_g               -            875 28533at5794          -            141   9.1e-30  101.3   7.2   4   4     3e-07   6.7e-05   20.7   0.0    26    84   444   502   427   512 0.89 -
1843_g               -            494 28533at5794          -            141     1e-21   75.2   2.1   1   3   0.00018     0.042   11.6   0.0    28    63    69   104    43   134 0.90 -
1843_g               -            494 28533at5794          -            141     1e-21   75.2   2.1   2   3   1.6e-09   3.7e-07   28.0   0.0    11    93   150   232   143   243 0.92 -
1843_g               -            494 28533at5794          -            141     1e-21   75.2   2.1   3   3     5e-11   1.1e-08   32.9   0.0    27    91   382   447   380   463 0.88 -
437_g                -            513 28533at5794          -            141   4.8e-17   60.1   0.0   1   3     0.029       6.6    4.5   0.0    26    64    91   129    82   161 0.86 -
437_g                -            513 28533at5794          -            141   4.8e-17   60.1   0.0   2   3   4.8e-07   0.00011   20.0   0.0    25    93   189   258   184   267 0.93 -
437_g                -            513 28533at5794          -            141   4.8e-17   60.1   0.0   3   3   1.5e-10   3.3e-08   31.4   0.0    29    98   378   449   372   479 0.81 -
422_g                -            387 28533at5794          -            141     6e-16   56.5   0.4   1   3         2   4.5e+02   -1.4   0.0    66    94    53    81     5    95 0.65 -
422_g                -            387 28533at5794          -            141     6e-16   56.5   0.4   2   3   7.1e-07   0.00016   19.5   0.0    47    90   138   181   132   186 0.87 -
422_g                -            387 28533at5794          -            141     6e-16   56.5   0.4   3   3   2.4e-11   5.3e-09   34.0   0.1    19    94   200   275   188   296 0.83 -
1758_g               -            460 28533at5794          -            141     5e-14   50.3   0.6   1   2    0.0026       0.6    7.9   0.0    31    91    29    90    27   101 0.81 -
1758_g               -            460 28533at5794          -            141     5e-14   50.3   0.6   2   2   2.1e-13   4.8e-11   40.6   0.2    25    94   110   179    94   205 0.85 -
1101_g               -            969 28533at5794          -            141   1.1e-10   39.5   0.0   1   3   1.3e-05    0.0028   15.4   0.0    19    94   582   658   565   686 0.81 -
1101_g               -            969 28533at5794          -            141   1.1e-10   39.5   0.0   2   3   2.6e-07   5.8e-05   20.9   0.0    29   131   691   798   687   806 0.80 -
1101_g               -            969 28533at5794          -            141   1.1e-10   39.5   0.0   3   3       5.8   1.3e+03   -2.9   0.0    89   114   825   850   821   854 0.85 -
3640_g               -           1448 28533at5794          -            141   6.9e-09   33.6   0.4   1   2   0.00081      0.18    9.6   0.2    20    93   272   345   254   353 0.82 -
3640_g               -           1448 28533at5794          -            141   6.9e-09   33.6   0.4   2   2     2e-07   4.6e-05   21.2   0.0    28    95   386   458   359   470 0.84 -
4107_g               -            820 28533at5794          -            141   1.4e-08   32.6   0.0   1   2   2.5e-10   5.7e-08   30.6   0.0    25    94     8    79     2   105 0.84 -
4107_g               -            820 28533at5794          -            141   1.4e-08   32.6   0.0   2   2       2.5   5.6e+02   -1.7   0.0    26    47   184   205   161   211 0.77 -
3377_g               -            292 28533at5794          -            141   2.2e-08   32.0   0.0   1   2   1.1e-05    0.0025   15.6   0.0    24    85     8    69     3   115 0.87 -
3377_g               -            292 28533at5794          -            141   2.2e-08   32.0   0.0   2   2   2.5e-05    0.0057   14.4   0.0    38    92   170   224   157   237 0.82 -
2121_g               -            126 28533at5794          -            141   1.9e-07   28.9   0.2   1   1     1e-09   2.3e-07   28.7   0.2    28   111     6    91     2   112 0.89 -
1154_g               -            866 28533at5794          -            141     6e-07   27.3   0.1   1   1   6.5e-09   1.5e-06   26.1   0.1    27    93   633   700   624   727 0.89 -
3980_g               -            469 28533at5794          -            141   1.5e-06   26.0   2.4   1   2   0.00029     0.065   11.0   0.3    28   108   101   175    96   196 0.86 -
3980_g               -            469 28533at5794          -            141   1.5e-06   26.0   2.4   2   2   2.5e-05    0.0056   14.5   0.1     4    78   282   363   279   389 0.75 -
517_g                -            643 28533at5794          -            141   5.4e-06   24.2   0.8   1   2    0.0062       1.4    6.7   0.0    51    95    50    94    22   119 0.84 -
517_g                -            643 28533at5794          -            141   5.4e-06   24.2   0.8   2   2   1.7e-05    0.0039   15.0   0.2    26    97   127   201   108   219 0.81 -
2262_g               -           1050 28533at5794          -            141   5.7e-06   24.2   4.7   1   5      0.35        79    1.0   0.0    37    65   359   387   345   406 0.84 -
2262_g               -           1050 28533at5794          -            141   5.7e-06   24.2   4.7   2   5       9.6   2.2e+03   -3.6   0.0    21    50   658   688   652   693 0.75 -
2262_g               -           1050 28533at5794          -            141   5.7e-06   24.2   4.7   3   5      0.34        77    1.1   0.0    25    66   794   835   775   837 0.84 -
2262_g               -           1050 28533at5794          -            141   5.7e-06   24.2   4.7   4   5       1.5   3.5e+02   -1.1   0.0    61   108   846   893   843   914 0.62 -
2262_g               -           1050 28533at5794          -            141   5.7e-06   24.2   4.7   5   5   6.5e-07   0.00015   19.6   0.7    19   137   905  1032   886  1036 0.70 -
1879_g               -            107 28533at5794          -            141   1.5e-05   22.8   0.0   1   1   7.7e-08   1.7e-05   22.6   0.0    27    99    20    94     7   104 0.87 -
2453_g               -            474 28533at5794          -            141   4.8e-05   21.2   0.0   1   1   5.3e-07   0.00012   19.9   0.0    26    94   387   455   380   463 0.89 -
357_g                -            411 28533at5794          -            141   0.00013   19.8   0.0   1   1   1.1e-06   0.00026   18.8   0.0    28    98    96   167    91   184 0.88 -
430_g                -            180 28533at5794          -            141   0.00029   18.6   0.0   1   1   1.6e-06   0.00036   18.3   0.0    13    93    39   120    30   159 0.85 -
4858_g               -           1635 28533at5794          -            141   0.00082   17.2   0.0   1   1   1.2e-05    0.0027   15.5   0.0    28    92   902   966   897   975 0.94 -
155_g                -            313 28533at5794          -            141    0.0024   15.7   0.0   1   1   2.4e-05    0.0054   14.5   0.0    26    99    12    84     4   107 0.82 -
3462_g               -            278 28533at5794          -            141    0.0077   14.0   0.0   1   1   6.6e-05     0.015   13.1   0.0    24    88   189   254   176   267 0.84 -
1541_g               -            225 28533at5794          -            141     0.015   13.1   0.0   1   1   9.2e-05     0.021   12.6   0.0    26    94   129   200   104   218 0.82 -
#
# Program:         hmmsearch
# Version:         3.1b2 (February 2015)
# Pipeline mode:   SEARCH
# Query file:      /mnt/e/Bioinformatics/Semester2/BINP29/Malaria Project/Genomes/Parsed/busco_downloads/lineages/apicomplexa_odb10/hmms/28533at5794.hmm
# Target file:     /mnt/e/Bioinformatics/Semester2/BINP29/Malaria Project/Genomes/Parsed/Pk_new.faa
# Option settings: hmmsearch --domtblout /mnt/e/Bioinformatics/Semester2/BINP29/Malaria Project/Genomes/Parsed/Pk/run_apicomplexa_odb10/hmmer_output/initial_run_results/28533at5794.out --cpu 1 /mnt/e/Bioinformatics/Semester2/BINP29/Malaria Project/Genomes/Parsed/busco_downloads/lineages/apicomplexa_odb10/hmms/28533at5794.hmm /mnt/e/Bioinformatics/Semester2/BINP29/Malaria Project/Genomes/Parsed/Pk_new.faa 
# Current dir:     /mnt/e/Bioinformatics/Semester2/BINP29/Malaria Project/Genomes/Parsed
# Date:            Wed Mar  1 19:30:35 2023
# [ok]
