#                                                                            --- full sequence --- -------------- this domain -------------   hmm coord   ali coord   env coord
# target name        accession   tlen query name           accession   qlen   E-value  score  bias   #  of  c-Evalue  i-Evalue  score  bias  from    to  from    to  from    to  acc description of target
#------------------- ---------- ----- -------------------- ---------- ----- --------- ------ ----- --- --- --------- --------- ------ ----- ----- ----- ----- ----- ----- ----- ---- ---------------------
1330_g               -            832 3102at5794           -            734  1.4e-141  471.2   0.2   1   1  1.2e-142  5.5e-140  465.9   0.2    49   688    12   798     3   806 0.83 -
854_g                -           4815 3102at5794           -            734   7.8e-50  167.8  12.6   1   4   3.2e-12   1.5e-09   34.7   0.4    44   109  3472  3547  3463  3552 0.78 -
854_g                -           4815 3102at5794           -            734   7.8e-50  167.8  12.6   2   4     8e-17   3.6e-14   49.9   5.1   107   186  3637  3727  3632  3802 0.85 -
854_g                -           4815 3102at5794           -            734   7.8e-50  167.8  12.6   3   4   1.5e-10   6.6e-08   29.2   0.1   388   475  4177  4264  4166  4298 0.87 -
854_g                -           4815 3102at5794           -            734   7.8e-50  167.8  12.6   4   4   2.8e-17   1.3e-14   51.4   0.0   574   680  4653  4759  4627  4769 0.94 -
2415_g               -            788 3102at5794           -            734     9e-31  104.8   6.6   1   2   8.8e-14     4e-11   39.9   0.1    49   160    39   178    30   186 0.71 -
2415_g               -            788 3102at5794           -            734     9e-31  104.8   6.6   2   2   3.8e-21   1.7e-18   64.2   2.3   318   687   410   771   392   780 0.79 -
2146_g               -            773 3102at5794           -            734   9.3e-24   81.6   2.7   1   3     1e-20   4.5e-18   62.8   0.1    50   159   108   233    75   292 0.79 -
2146_g               -            773 3102at5794           -            734   9.3e-24   81.6   2.7   2   3   2.1e-06   0.00094   15.5   0.2   313   403   386   477   334   485 0.85 -
2146_g               -            773 3102at5794           -            734   9.3e-24   81.6   2.7   3   3      0.04        18    1.3   0.0   599   673   566   639   556   645 0.89 -
3897_g               -            894 3102at5794           -            734   1.8e-18   64.1   4.6   1   1   6.9e-21   3.1e-18   63.3   4.6    50   190   202   360   198   432 0.73 -
790_g                -            918 3102at5794           -            734   1.5e-14   51.2  11.8   1   3   3.5e-11   1.6e-08   31.3   2.3    50   162   101   241    74   385 0.68 -
790_g                -            918 3102at5794           -            734   1.5e-14   51.2  11.8   2   3   2.8e-06    0.0012   15.1   0.7   292   473   462   650   443   676 0.74 -
790_g                -            918 3102at5794           -            734   1.5e-14   51.2  11.8   3   3    0.0001     0.046    9.9   0.0   450   644   665   855   660   867 0.68 -
737_g                -            988 3102at5794           -            734   8.6e-09   32.1   0.1   1   1   3.6e-11   1.6e-08   31.2   0.1    55   163   403   530   397   548 0.71 -
161_g                -           1472 3102at5794           -            734   4.1e-08   29.9   0.6   1   1   1.7e-10   7.4e-08   29.0   0.6    55   152   912  1006   903  1027 0.81 -
1012_g               -            457 3102at5794           -            734     5e-07   26.3   0.2   1   1     2e-09   8.8e-07   25.5   0.2    54   159    78   203    70   218 0.72 -
2038_g               -           1073 3102at5794           -            734   0.00046   16.5   0.1   1   1   2.1e-06   0.00093   15.5   0.1    53   150   212   304   205   323 0.77 -
2799_g               -            702 3102at5794           -            734    0.0017   14.7   2.7   1   2     0.011         5    3.2   0.0    54    94     8    49     2    61 0.82 -
2799_g               -            702 3102at5794           -            734    0.0017   14.7   2.7   2   2   4.9e-05     0.022   10.9   0.9   109   170   134   199   124   223 0.71 -
#
# Program:         hmmsearch
# Version:         3.1b2 (February 2015)
# Pipeline mode:   SEARCH
# Query file:      /mnt/e/Bioinformatics/Semester2/BINP29/Malaria Project/Genomes/Parsed/busco_downloads/lineages/apicomplexa_odb10/hmms/3102at5794.hmm
# Target file:     /mnt/e/Bioinformatics/Semester2/BINP29/Malaria Project/Genomes/Parsed/Pk_new.faa
# Option settings: hmmsearch --domtblout /mnt/e/Bioinformatics/Semester2/BINP29/Malaria Project/Genomes/Parsed/Pk/run_apicomplexa_odb10/hmmer_output/initial_run_results/3102at5794.out --cpu 1 /mnt/e/Bioinformatics/Semester2/BINP29/Malaria Project/Genomes/Parsed/busco_downloads/lineages/apicomplexa_odb10/hmms/3102at5794.hmm /mnt/e/Bioinformatics/Semester2/BINP29/Malaria Project/Genomes/Parsed/Pk_new.faa 
# Current dir:     /mnt/e/Bioinformatics/Semester2/BINP29/Malaria Project/Genomes/Parsed
# Date:            Wed Mar  1 19:30:39 2023
# [ok]
