#                                                                            --- full sequence --- -------------- this domain -------------   hmm coord   ali coord   env coord
# target name        accession   tlen query name           accession   qlen   E-value  score  bias   #  of  c-Evalue  i-Evalue  score  bias  from    to  from    to  from    to  acc description of target
#------------------- ---------- ----- -------------------- ---------- ----- --------- ------ ----- --- --- --------- --------- ------ ----- ----- ----- ----- ----- ----- ----- ---- ---------------------
1330_g               -            832 3296at5794           -            728         0 1441.2   5.9   1   1         0         0 1437.4   5.9     1   728    13   828    13   828 0.94 -
854_g                -           4815 3296at5794           -            728   1.5e-65  219.6   9.3   1   5   1.2e-17   5.4e-15   52.5   0.1     2    62  3478  3538  3477  3550 0.92 -
854_g                -           4815 3296at5794           -            728   1.5e-65  219.6   9.3   2   5   1.2e-32   5.4e-30  102.1   1.9    67   227  3631  3812  3623  3840 0.81 -
854_g                -           4815 3296at5794           -            728   1.5e-65  219.6   9.3   3   5   0.00067       0.3    7.1   0.0   228   331  3849  3958  3829  3988 0.80 -
854_g                -           4815 3296at5794           -            728   1.5e-65  219.6   9.3   4   5   1.6e-13   7.4e-11   38.8   0.1   423   521  4175  4273  4132  4292 0.91 -
854_g                -           4815 3296at5794           -            728   1.5e-65  219.6   9.3   5   5   2.1e-07   9.4e-05   18.6   0.0   625   706  4667  4759  4627  4767 0.78 -
2415_g               -            788 3296at5794           -            728   4.7e-40  135.3   2.8   1   3   2.3e-25     1e-22   78.0   0.2     2   142    41   183    40   211 0.85 -
2415_g               -            788 3296at5794           -            728   4.7e-40  135.3   2.8   2   3   3.7e-16   1.7e-13   47.6   0.3   314   508   384   570   369   593 0.85 -
2415_g               -            788 3296at5794           -            728   4.7e-40  135.3   2.8   3   3   0.00032      0.14    8.1   0.0   628   703   679   761   637   773 0.78 -
790_g                -            918 3296at5794           -            728   2.5e-36  123.0   6.0   1   3   2.6e-28   1.2e-25   87.7   3.1     2   300   102   392   101   402 0.76 -
790_g                -            918 3296at5794           -            728   2.5e-36  123.0   6.0   2   3   4.5e-12     2e-09   34.1   0.0   359   508   498   648   486   656 0.84 -
790_g                -            918 3296at5794           -            728   2.5e-36  123.0   6.0   3   3      0.19        85   -1.1   0.0   631   662   804   840   781   856 0.74 -
3897_g               -            894 3296at5794           -            728     3e-23   79.8   1.5   1   2   2.4e-23   1.1e-20   71.3   0.1     2   167   203   363   202   374 0.86 -
3897_g               -            894 3296at5794           -            728     3e-23   79.8   1.5   2   2   0.00045       0.2    7.6   0.1   414   512   527   630   496   641 0.75 -
2446_g               -           1016 3296at5794           -            728   4.7e-22   75.8   4.1   1   3   1.5e-19   6.9e-17   58.8   0.0     2   146    20   158    19   182 0.83 -
2446_g               -           1016 3296at5794           -            728   4.7e-22   75.8   4.1   2   3   1.7e-06   0.00077   15.6   1.3   427   504   549   625   535   649 0.82 -
2446_g               -           1016 3296at5794           -            728   4.7e-22   75.8   4.1   3   3       0.1        46   -0.2   0.0   667   696   972  1001   909  1009 0.67 -
2146_g               -            773 3296at5794           -            728   2.3e-21   73.5   4.7   1   2     2e-23   8.9e-21   71.6   0.2     2   147   109   245   108   257 0.85 -
2146_g               -            773 3296at5794           -            728   2.3e-21   73.5   4.7   2   2    0.0073       3.3    3.6   0.8   433   556   489   615   348   660 0.59 -
1012_g               -            457 3296at5794           -            728   6.9e-13   45.5   0.3   1   2   2.6e-14   1.2e-11   41.5   0.1     5   138    78   205    74   223 0.77 -
1012_g               -            457 3296at5794           -            728   6.9e-13   45.5   0.3   2   2      0.02       9.1    2.2   0.0   318   364   274   319   260   343 0.86 -
462_g                -            444 3296at5794           -            728   5.5e-06   22.7   0.0   1   1   1.8e-08   8.2e-06   22.2   0.0     5   154    13   176     9   189 0.65 -
461_g                -            443 3296at5794           -            728   5.7e-06   22.7   0.0   1   1   1.8e-08   8.1e-06   22.2   0.0     5   154     5   168     1   181 0.65 -
2799_g               -            702 3296at5794           -            728    0.0023   14.1   0.9   1   2      0.48   2.2e+02   -2.4   0.0     5    23     8    26     6    60 0.74 -
2799_g               -            702 3296at5794           -            728    0.0023   14.1   0.9   2   2   1.2e-05    0.0053   12.8   0.4    69   156   128   215   122   221 0.80 -
#
# Program:         hmmsearch
# Version:         3.1b2 (February 2015)
# Pipeline mode:   SEARCH
# Query file:      /mnt/e/Bioinformatics/Semester2/BINP29/Malaria Project/Genomes/Parsed/busco_downloads/lineages/apicomplexa_odb10/hmms/3296at5794.hmm
# Target file:     /mnt/e/Bioinformatics/Semester2/BINP29/Malaria Project/Genomes/Parsed/Pk_new.faa
# Option settings: hmmsearch --domtblout /mnt/e/Bioinformatics/Semester2/BINP29/Malaria Project/Genomes/Parsed/Pk/run_apicomplexa_odb10/hmmer_output/initial_run_results/3296at5794.out --cpu 1 /mnt/e/Bioinformatics/Semester2/BINP29/Malaria Project/Genomes/Parsed/busco_downloads/lineages/apicomplexa_odb10/hmms/3296at5794.hmm /mnt/e/Bioinformatics/Semester2/BINP29/Malaria Project/Genomes/Parsed/Pk_new.faa 
# Current dir:     /mnt/e/Bioinformatics/Semester2/BINP29/Malaria Project/Genomes/Parsed
# Date:            Wed Mar  1 19:30:41 2023
# [ok]
