#                                                                            --- full sequence --- -------------- this domain -------------   hmm coord   ali coord   env coord
# target name        accession   tlen query name           accession   qlen   E-value  score  bias   #  of  c-Evalue  i-Evalue  score  bias  from    to  from    to  from    to  acc description of target
#------------------- ---------- ----- -------------------- ---------- ----- --------- ------ ----- --- --- --------- --------- ------ ----- ----- ----- ----- ----- ----- ----- ---- ---------------------
2048_g               -           1996 4144at5794           -            802  7.4e-226  750.1  66.9   1   7   8.7e-75   4.3e-71  238.2   4.5    11   188   335   541   322   551 0.81 -
2048_g               -           1996 4144at5794           -            802  7.4e-226  750.1  66.9   2   7   7.5e-35   3.7e-31  106.2   1.2   189   334   603   809   589   814 0.77 -
2048_g               -           1996 4144at5794           -            802  7.4e-226  750.1  66.9   3   7   1.7e-31   8.5e-28   95.1   0.2   336   426   896   996   891  1006 0.89 -
2048_g               -           1996 4144at5794           -            802  7.4e-226  750.1  66.9   4   7   6.4e-50   3.1e-46  156.0   9.0   426   551  1248  1374  1204  1395 0.83 -
2048_g               -           1996 4144at5794           -            802  7.4e-226  750.1  66.9   5   7   2.5e-26   1.2e-22   78.0   9.0   551   688  1469  1661  1454  1670 0.77 -
2048_g               -           1996 4144at5794           -            802  7.4e-226  750.1  66.9   6   7   2.7e-19   1.3e-15   54.7   1.3   682   753  1689  1760  1675  1782 0.87 -
2048_g               -           1996 4144at5794           -            802  7.4e-226  750.1  66.9   7   7   1.2e-17   6.1e-14   49.2   0.4   739   802  1834  1898  1797  1898 0.87 -
#
# Program:         hmmsearch
# Version:         3.1b2 (February 2015)
# Pipeline mode:   SEARCH
# Query file:      /mnt/e/Bioinformatics/Semester2/BINP29/Malaria Project/Genomes/Parsed/busco_downloads/lineages/apicomplexa_odb10/hmms/4144at5794.hmm
# Target file:     /mnt/e/Bioinformatics/Semester2/BINP29/Malaria Project/Genomes/Parsed/Pk_new.faa
# Option settings: hmmsearch --domtblout /mnt/e/Bioinformatics/Semester2/BINP29/Malaria Project/Genomes/Parsed/Pk/run_apicomplexa_odb10/hmmer_output/initial_run_results/4144at5794.out --cpu 1 /mnt/e/Bioinformatics/Semester2/BINP29/Malaria Project/Genomes/Parsed/busco_downloads/lineages/apicomplexa_odb10/hmms/4144at5794.hmm /mnt/e/Bioinformatics/Semester2/BINP29/Malaria Project/Genomes/Parsed/Pk_new.faa 
# Current dir:     /mnt/e/Bioinformatics/Semester2/BINP29/Malaria Project/Genomes/Parsed
# Date:            Wed Mar  1 19:30:43 2023
# [ok]
