#                                                                            --- full sequence --- -------------- this domain -------------   hmm coord   ali coord   env coord
# target name        accession   tlen query name           accession   qlen   E-value  score  bias   #  of  c-Evalue  i-Evalue  score  bias  from    to  from    to  from    to  acc description of target
#------------------- ---------- ----- -------------------- ---------- ----- --------- ------ ----- --- --- --------- --------- ------ ----- ----- ----- ----- ----- ----- ----- ---- ---------------------
2317_g               -           1663 4152at5794           -            724  7.2e-276  914.9  62.4   1   7     1e-29   8.3e-27   91.5   4.7     8    83    90   172    82   180 0.87 -
2317_g               -           1663 4152at5794           -            724  7.2e-276  914.9  62.4   2   7   6.5e-11   5.4e-08   29.4   0.0    81   117   192   228   185   241 0.89 -
2317_g               -           1663 4152at5794           -            724  7.2e-276  914.9  62.4   3   7   1.8e-20   1.5e-17   61.0   0.2   110   167   359   421   358   424 0.92 -
2317_g               -           1663 4152at5794           -            724  7.2e-276  914.9  62.4   4   7   1.1e-66   9.3e-64  213.7  12.9   161   326   628   802   603   806 0.90 -
2317_g               -           1663 4152at5794           -            724  7.2e-276  914.9  62.4   5   7    0.0011       0.9    5.5   0.0   316   340   985  1009   979  1016 0.88 -
2317_g               -           1663 4152at5794           -            724  7.2e-276  914.9  62.4   6   7     4e-11   3.3e-08   30.1   0.0   337   369  1111  1143  1106  1160 0.85 -
2317_g               -           1663 4152at5794           -            724  7.2e-276  914.9  62.4   7   7  2.1e-152  1.7e-149  497.1  18.3   369   719  1188  1591  1171  1594 0.88 -
2281_g               -           1551 4152at5794           -            724   1.5e-87  292.4  43.9   1   8   2.3e-12   1.9e-09   34.1   0.2    11    82    63   136    55   155 0.85 -
2281_g               -           1551 4152at5794           -            724   1.5e-87  292.4  43.9   2   8   1.5e-10   1.2e-07   28.2   0.1    85   167   223   317   214   323 0.74 -
2281_g               -           1551 4152at5794           -            724   1.5e-87  292.4  43.9   3   8     8e-08   6.6e-05   19.2   1.8   181   239   404   462   399   468 0.91 -
2281_g               -           1551 4152at5794           -            724   1.5e-87  292.4  43.9   4   8      0.01       8.7    2.2   0.8   236   277   486   530   482   537 0.79 -
2281_g               -           1551 4152at5794           -            724   1.5e-87  292.4  43.9   5   8   1.2e-11     1e-08   31.8   0.0   275   312   647   685   633   702 0.85 -
2281_g               -           1551 4152at5794           -            724   1.5e-87  292.4  43.9   6   8   0.00047      0.39    6.7   0.0   318   366   741   793   718   804 0.74 -
2281_g               -           1551 4152at5794           -            724   1.5e-87  292.4  43.9   7   8   1.2e-21     1e-18   64.8   2.3   404   499   994  1095   911  1110 0.69 -
2281_g               -           1551 4152at5794           -            724   1.5e-87  292.4  43.9   8   8   6.9e-40   5.7e-37  125.2   5.1   488   690  1146  1365  1124  1375 0.87 -
2831_g               -           1215 4152at5794           -            724   2.8e-24   83.2  17.6   1   3     0.064        53   -0.4   0.4   195   231    45    84    37   114 0.69 -
2831_g               -           1215 4152at5794           -            724   2.8e-24   83.2  17.6   2   3   4.8e-08     4e-05   19.9   3.4    82   314   147   381   133   399 0.58 -
2831_g               -           1215 4152at5794           -            724   2.8e-24   83.2  17.6   3   3   1.5e-23   1.2e-20   71.2   1.0   378   601   679   924   661   946 0.72 -
1156_g               -           1628 4152at5794           -            724     4e-23   79.4   8.3   1   4   2.9e-11   2.4e-08   30.6   0.2    81   170   356   449   273   464 0.80 -
1156_g               -           1628 4152at5794           -            724     4e-23   79.4   8.3   2   4     9e-05     0.075    9.1   0.0   161   310   587   748   573   759 0.65 -
1156_g               -           1628 4152at5794           -            724     4e-23   79.4   8.3   3   4   4.4e-08   3.6e-05   20.0   0.5   362   484  1101  1239  1073  1245 0.73 -
1156_g               -           1628 4152at5794           -            724     4e-23   79.4   8.3   4   4     2e-08   1.6e-05   21.2   0.0   482   584  1455  1573  1437  1598 0.77 -
426_g                -            937 4152at5794           -            724   4.8e-13   46.1   1.0   1   2   1.3e-13   1.1e-10   38.3   0.9    81   232   142   316   137   431 0.60 -
426_g                -            937 4152at5794           -            724   4.8e-13   46.1   1.0   2   2    0.0015       1.2    5.1   0.0   420   482   775   841   745   850 0.83 -
1583_g               -           1353 4152at5794           -            724     7e-11   38.9   6.6   1   2   2.4e-05      0.02   11.0   1.1   176   306   388   537   312   561 0.58 -
1583_g               -           1353 4152at5794           -            724     7e-11   38.9   6.6   2   2     5e-11   4.1e-08   29.8   0.3   437   572   831   982   820  1026 0.70 -
#
# Program:         hmmsearch
# Version:         3.1b2 (February 2015)
# Pipeline mode:   SEARCH
# Query file:      /mnt/e/Bioinformatics/Semester2/BINP29/Malaria Project/Genomes/Parsed/busco_downloads/lineages/apicomplexa_odb10/hmms/4152at5794.hmm
# Target file:     /mnt/e/Bioinformatics/Semester2/BINP29/Malaria Project/Genomes/Parsed/Pk_new.faa
# Option settings: hmmsearch --domtblout /mnt/e/Bioinformatics/Semester2/BINP29/Malaria Project/Genomes/Parsed/Pk/run_apicomplexa_odb10/hmmer_output/initial_run_results/4152at5794.out --cpu 1 /mnt/e/Bioinformatics/Semester2/BINP29/Malaria Project/Genomes/Parsed/busco_downloads/lineages/apicomplexa_odb10/hmms/4152at5794.hmm /mnt/e/Bioinformatics/Semester2/BINP29/Malaria Project/Genomes/Parsed/Pk_new.faa 
# Current dir:     /mnt/e/Bioinformatics/Semester2/BINP29/Malaria Project/Genomes/Parsed
# Date:            Wed Mar  1 19:30:43 2023
# [ok]
