#                                                                            --- full sequence --- -------------- this domain -------------   hmm coord   ali coord   env coord
# target name        accession   tlen query name           accession   qlen   E-value  score  bias   #  of  c-Evalue  i-Evalue  score  bias  from    to  from    to  from    to  acc description of target
#------------------- ---------- ----- -------------------- ---------- ----- --------- ------ ----- --- --- --------- --------- ------ ----- ----- ----- ----- ----- ----- ----- ---- ---------------------
48_g                 -            613 4526at5794           -            596   1.8e-18   64.6   7.1   1   4   1.8e-12   1.7e-09   34.9   0.2   240   366   115   246    94   254 0.78 -
48_g                 -            613 4526at5794           -            596   1.8e-18   64.6   7.1   2   4   2.1e-05     0.021   11.6   0.2   380   443   296   355   267   392 0.75 -
48_g                 -            613 4526at5794           -            596   1.8e-18   64.6   7.1   3   4   3.8e-08   3.8e-05   20.6   0.0   545   574   512   541   474   546 0.89 -
48_g                 -            613 4526at5794           -            596   1.8e-18   64.6   7.1   4   4      0.95   9.4e+02   -3.8   0.1   572   587   562   577   561   579 0.86 -
160_g                -           1316 4526at5794           -            596     1e-15   55.5  21.3   1   4   2.9e-11   2.9e-08   30.9   0.1   240   350   305   414   282   424 0.77 -
160_g                -           1316 4526at5794           -            596     1e-15   55.5  21.3   2   4         2   1.9e+03   -4.9   4.3   182   232   718   770   711   779 0.63 -
160_g                -           1316 4526at5794           -            596     1e-15   55.5  21.3   3   4     4e-05     0.039   10.6   0.7   377   456  1108  1196  1088  1215 0.74 -
160_g                -           1316 4526at5794           -            596     1e-15   55.5  21.3   4   4   2.1e-10     2e-07   28.1   0.5   535   585  1213  1262  1204  1280 0.81 -
1792_g               -           1241 4526at5794           -            596   3.5e-11   40.5  32.8   1   3   1.4e-10   1.4e-07   28.7  17.5   236   462   653   884   622   913 0.70 -
1792_g               -           1241 4526at5794           -            596   3.5e-11   40.5  32.8   2   3      0.28   2.8e+02   -2.1   0.1   439   479   993  1033   988  1058 0.81 -
1792_g               -           1241 4526at5794           -            596   3.5e-11   40.5  32.8   3   3   3.1e-08     3e-05   20.9   2.8   541   584  1123  1167  1106  1187 0.82 -
2083_g               -            683 4526at5794           -            596   1.6e-10   38.4  10.8   1   3   1.3e-07   0.00013   18.9   0.1   231   292   199   263   182   276 0.82 -
2083_g               -            683 4526at5794           -            596   1.6e-10   38.4  10.8   2   3   6.1e-05     0.061   10.0   0.3   391   439   536   582   494   598 0.73 -
2083_g               -            683 4526at5794           -            596   1.6e-10   38.4  10.8   3   3   3.5e-06    0.0034   14.1   2.1   533   585   602   657   586   659 0.82 -
4249_g               -            403 4526at5794           -            596    0.0025   14.6   1.1   1   2   4.3e-05     0.043   10.5   0.2   491   552   127   191   112   225 0.67 -
4249_g               -            403 4526at5794           -            596    0.0025   14.6   1.1   2   2      0.01        10    2.7   0.0   463   504   360   401   347   403 0.76 -
#
# Program:         hmmsearch
# Version:         3.1b2 (February 2015)
# Pipeline mode:   SEARCH
# Query file:      /mnt/e/Bioinformatics/Semester2/BINP29/Malaria Project/Genomes/Parsed/busco_downloads/lineages/apicomplexa_odb10/hmms/4526at5794.hmm
# Target file:     /mnt/e/Bioinformatics/Semester2/BINP29/Malaria Project/Genomes/Parsed/Pk_new.faa
# Option settings: hmmsearch --domtblout /mnt/e/Bioinformatics/Semester2/BINP29/Malaria Project/Genomes/Parsed/Pk/run_apicomplexa_odb10/hmmer_output/initial_run_results/4526at5794.out --cpu 1 /mnt/e/Bioinformatics/Semester2/BINP29/Malaria Project/Genomes/Parsed/busco_downloads/lineages/apicomplexa_odb10/hmms/4526at5794.hmm /mnt/e/Bioinformatics/Semester2/BINP29/Malaria Project/Genomes/Parsed/Pk_new.faa 
# Current dir:     /mnt/e/Bioinformatics/Semester2/BINP29/Malaria Project/Genomes/Parsed
# Date:            Wed Mar  1 19:30:44 2023
# [ok]
