#                                                                            --- full sequence --- -------------- this domain -------------   hmm coord   ali coord   env coord
# target name        accession   tlen query name           accession   qlen   E-value  score  bias   #  of  c-Evalue  i-Evalue  score  bias  from    to  from    to  from    to  acc description of target
#------------------- ---------- ----- -------------------- ---------- ----- --------- ------ ----- --- --- --------- --------- ------ ----- ----- ----- ----- ----- ----- ----- ---- ---------------------
3151_g               -            869 5510at5794           -            461  2.2e-130  433.9  88.2   1   6   1.5e-83   3.8e-80  268.3  29.8     1   229    25   299    25   313 0.87 -
3151_g               -            869 5510at5794           -            461  2.2e-130  433.9  88.2   2   6   1.3e-13   3.3e-10   37.7   2.9   229   281   454   507   418   520 0.70 -
3151_g               -            869 5510at5794           -            461  2.2e-130  433.9  88.2   3   6   1.4e-10   3.4e-07   27.8  13.9   268   325   524   582   517   588 0.90 -
3151_g               -            869 5510at5794           -            461  2.2e-130  433.9  88.2   4   6   5.7e-11   1.4e-07   29.1   0.2   315   357   597   639   582   642 0.89 -
3151_g               -            869 5510at5794           -            461  2.2e-130  433.9  88.2   5   6   3.1e-20   7.8e-17   59.6   4.9   349   421   697   772   684   792 0.77 -
3151_g               -            869 5510at5794           -            461  2.2e-130  433.9  88.2   6   6     2e-12     5e-09   33.8   2.4   405   452   787   833   778   840 0.85 -
3149_g               -            842 5510at5794           -            461   3.4e-08   31.1  74.6   1   7   0.00048       1.2    6.2   3.8    12    73    27    84    17    87 0.76 -
3149_g               -            842 5510at5794           -            461   3.4e-08   31.1  74.6   2   7    0.0039       9.7    3.2  14.4    68   154   118   202   113   213 0.75 -
3149_g               -            842 5510at5794           -            461   3.4e-08   31.1  74.6   3   7   0.00019      0.47    7.6   0.7   129   156   220   247   207   250 0.85 -
3149_g               -            842 5510at5794           -            461   3.4e-08   31.1  74.6   4   7   1.5e-07   0.00037   17.8   0.2   152   216   314   387   309   396 0.78 -
3149_g               -            842 5510at5794           -            461   3.4e-08   31.1  74.6   5   7     0.049   1.2e+02   -0.4   1.0   225   270   528   573   488   579 0.75 -
3149_g               -            842 5510at5794           -            461   3.4e-08   31.1  74.6   6   7   5.9e-05      0.15    9.2  10.6   270   316   602   648   576   653 0.81 -
3149_g               -            842 5510at5794           -            461   3.4e-08   31.1  74.6   7   7   1.1e-07   0.00028   18.2   2.6   309   403   666   771   655   796 0.68 -
#
# Program:         hmmsearch
# Version:         3.1b2 (February 2015)
# Pipeline mode:   SEARCH
# Query file:      /mnt/e/Bioinformatics/Semester2/BINP29/Malaria Project/Genomes/Parsed/busco_downloads/lineages/apicomplexa_odb10/hmms/5510at5794.hmm
# Target file:     /mnt/e/Bioinformatics/Semester2/BINP29/Malaria Project/Genomes/Parsed/Pk_new.faa
# Option settings: hmmsearch --domtblout /mnt/e/Bioinformatics/Semester2/BINP29/Malaria Project/Genomes/Parsed/Pk/run_apicomplexa_odb10/hmmer_output/initial_run_results/5510at5794.out --cpu 1 /mnt/e/Bioinformatics/Semester2/BINP29/Malaria Project/Genomes/Parsed/busco_downloads/lineages/apicomplexa_odb10/hmms/5510at5794.hmm /mnt/e/Bioinformatics/Semester2/BINP29/Malaria Project/Genomes/Parsed/Pk_new.faa 
# Current dir:     /mnt/e/Bioinformatics/Semester2/BINP29/Malaria Project/Genomes/Parsed
# Date:            Wed Mar  1 19:30:45 2023
# [ok]
