#                                                                            --- full sequence --- -------------- this domain -------------   hmm coord   ali coord   env coord
# target name        accession   tlen query name           accession   qlen   E-value  score  bias   #  of  c-Evalue  i-Evalue  score  bias  from    to  from    to  from    to  acc description of target
#------------------- ---------- ----- -------------------- ---------- ----- --------- ------ ----- --- --- --------- --------- ------ ----- ----- ----- ----- ----- ----- ----- ---- ---------------------
347_g                -            941 5869at5794           -            522  1.3e-281  932.8   5.4   1   1    2e-284  2.5e-281  931.8   5.4     1   519    21   618    21   621 0.92 -
4694_g               -            792 5869at5794           -            522   7.3e-14   49.3   8.1   1   3    0.0021       2.6    4.6   0.0   103   120   213   230   202   239 0.86 -
4694_g               -            792 5869at5794           -            522   7.3e-14   49.3   8.1   2   3   2.5e-06    0.0031   14.2   0.1   395   473   360   439   331   473 0.78 -
4694_g               -            792 5869at5794           -            522   7.3e-14   49.3   8.1   3   3   2.9e-10   3.6e-07   27.2   2.0   331   467   604   767   542   786 0.66 -
1632_g               -            254 5869at5794           -            522   4.2e-06   23.7   0.3   1   2   3.8e-05     0.048   10.3   0.0   322   369    29    77     3    88 0.72 -
1632_g               -            254 5869at5794           -            522   4.2e-06   23.7   0.3   2   2   1.3e-05     0.016   11.9   0.1   388   455   123   191    94   229 0.73 -
1807_g               -            330 5869at5794           -            522    0.0033   14.1   0.1   1   2   0.00014      0.18    8.4   0.0   335   356   114   135    85   163 0.79 -
1807_g               -            330 5869at5794           -            522    0.0033   14.1   0.1   2   2    0.0038       4.7    3.7   0.0   392   452   221   285   199   314 0.74 -
#
# Program:         hmmsearch
# Version:         3.1b2 (February 2015)
# Pipeline mode:   SEARCH
# Query file:      /mnt/e/Bioinformatics/Semester2/BINP29/Malaria Project/Genomes/Parsed/busco_downloads/lineages/apicomplexa_odb10/hmms/5869at5794.hmm
# Target file:     /mnt/e/Bioinformatics/Semester2/BINP29/Malaria Project/Genomes/Parsed/Pk_new.faa
# Option settings: hmmsearch --domtblout /mnt/e/Bioinformatics/Semester2/BINP29/Malaria Project/Genomes/Parsed/Pk/run_apicomplexa_odb10/hmmer_output/initial_run_results/5869at5794.out --cpu 1 /mnt/e/Bioinformatics/Semester2/BINP29/Malaria Project/Genomes/Parsed/busco_downloads/lineages/apicomplexa_odb10/hmms/5869at5794.hmm /mnt/e/Bioinformatics/Semester2/BINP29/Malaria Project/Genomes/Parsed/Pk_new.faa 
# Current dir:     /mnt/e/Bioinformatics/Semester2/BINP29/Malaria Project/Genomes/Parsed
# Date:            Wed Mar  1 19:30:45 2023
# [ok]
