#                                                                            --- full sequence --- -------------- this domain -------------   hmm coord   ali coord   env coord
# target name        accession   tlen query name           accession   qlen   E-value  score  bias   #  of  c-Evalue  i-Evalue  score  bias  from    to  from    to  from    to  acc description of target
#------------------- ---------- ----- -------------------- ---------- ----- --------- ------ ----- --- --- --------- --------- ------ ----- ----- ----- ----- ----- ----- ----- ---- ---------------------
4508_g               -            783 6285at5794           -            627  5.9e-284  941.4  27.2   1   1  8.5e-284  2.8e-281  932.5  27.2     1   618    13   761    13   777 0.90 -
620_g                -            823 6285at5794           -            627  7.4e-107  356.3   0.0   1   2   3.2e-55   1.1e-52  177.4   0.1   153   420   213   469   197   480 0.89 -
620_g                -            823 6285at5794           -            627  7.4e-107  356.3   0.0   2   2     5e-55   1.7e-52  176.8   0.0   153   400   486   721   470   739 0.92 -
2159_g               -            965 6285at5794           -            627   4.3e-62  208.5   4.3   1   2     3e-05      0.01   12.3   0.1   445   524   230   312   197   349 0.82 -
2159_g               -            965 6285at5794           -            627   4.3e-62  208.5   4.3   2   2   3.8e-61   1.2e-58  197.0   1.1   129   394   549   799   503   816 0.86 -
1815_g               -           1129 6285at5794           -            627   1.2e-61  207.0  12.5   1   4   1.3e-07   4.4e-05   20.1   0.1   153   210   327   383   297   391 0.81 -
1815_g               -           1129 6285at5794           -            627   1.2e-61  207.0  12.5   2   4     2e-16   6.5e-14   49.3   3.7   232   381   457   596   452   619 0.83 -
1815_g               -           1129 6285at5794           -            627   1.2e-61  207.0  12.5   3   4   1.2e-41   3.8e-39  132.7   0.1   175   350   726   890   708   896 0.89 -
1815_g               -           1129 6285at5794           -            627   1.2e-61  207.0  12.5   4   4   0.00071      0.24    7.8   0.0   359   419  1040  1106  1027  1114 0.74 -
2561_g               -            424 6285at5794           -            627   2.8e-50  169.4   0.8   1   1   9.5e-53   3.1e-50  169.3   0.8   153   411   166   410    46   417 0.88 -
1976_g               -            393 6285at5794           -            627     3e-47  159.4   0.4   1   1   1.4e-49   4.7e-47  158.8   0.4   143   386   127   356    77   376 0.90 -
2481_g               -            946 6285at5794           -            627   1.6e-45  153.7   0.3   1   2       2.4     8e+02   -3.9   0.1    86   134    67   115    45   121 0.65 -
2481_g               -            946 6285at5794           -            627   1.6e-45  153.7   0.3   2   2   4.9e-48   1.6e-45  153.7   0.3   174   386   261   465   209   484 0.84 -
4773_g               -            519 6285at5794           -            627   1.3e-41  140.8   2.8   1   2    0.0044       1.4    5.2   0.6    52   135   103   186    80   196 0.76 -
4773_g               -            519 6285at5794           -            627   1.3e-41  140.8   2.8   2   2   1.4e-42   4.5e-40  135.7   0.1   152   392   270   501   250   510 0.87 -
2025_g               -            441 6285at5794           -            627   2.6e-41  139.8   0.1   1   1   1.1e-43   3.7e-41  139.3   0.1   153   394   160   392   142   404 0.85 -
1193_g               -            703 6285at5794           -            627   5.2e-34  115.7   0.5   1   2   1.6e-36   5.2e-34  115.7   0.5   180   400   281   490   275   504 0.88 -
1193_g               -            703 6285at5794           -            627   5.2e-34  115.7   0.5   2   2       1.1   3.8e+02   -2.8   0.6    65    82   612   629   573   701 0.50 -
1265_g               -            449 6285at5794           -            627   1.3e-23   81.3   0.3   1   3   3.7e-24   1.2e-21   74.8   0.2   115   354    87   311     8   323 0.77 -
1265_g               -            449 6285at5794           -            627   1.3e-23   81.3   0.3   2   3    0.0094       3.1    4.1   0.0   357   385   338   366   324   384 0.86 -
1265_g               -            449 6285at5794           -            627   1.3e-23   81.3   0.3   3   3       1.1   3.8e+02   -2.8   0.0   407   426   418   437   415   448 0.82 -
2644_g               -           1492 6285at5794           -            627   8.7e-06   22.4   0.0   1   1   2.6e-08   8.7e-06   22.4   0.0   186   288  1174  1267  1119  1299 0.80 -
782_g                -            478 6285at5794           -            627   5.8e-05   19.7   0.1   1   2    0.0032       1.1    5.6   0.0   181   203   244   267   237   274 0.82 -
782_g                -            478 6285at5794           -            627   5.8e-05   19.7   0.1   2   2   4.7e-05     0.016   11.7   0.0   286   333   358   405   345   414 0.89 -
1209_g               -            354 6285at5794           -            627   0.00011   18.9   0.0   1   1   5.7e-07   0.00019   18.0   0.0   189   265    45   122    30   131 0.86 -
408_g                -            484 6285at5794           -            627     0.001   15.6   0.1   1   3   3.1e-06     0.001   15.6   0.1   187   224    68   106    55   114 0.83 -
408_g                -            484 6285at5794           -            627     0.001   15.6   0.1   2   3       0.1        33    0.7   0.5    35   126   111   207   104   242 0.58 -
408_g                -            484 6285at5794           -            627     0.001   15.6   0.1   3   3      0.51   1.7e+02   -1.6   0.0   153   189   302   339   225   356 0.50 -
#
# Program:         hmmsearch
# Version:         3.1b2 (February 2015)
# Pipeline mode:   SEARCH
# Query file:      /mnt/e/Bioinformatics/Semester2/BINP29/Malaria Project/Genomes/Parsed/busco_downloads/lineages/apicomplexa_odb10/hmms/6285at5794.hmm
# Target file:     /mnt/e/Bioinformatics/Semester2/BINP29/Malaria Project/Genomes/Parsed/Pk_new.faa
# Option settings: hmmsearch --domtblout /mnt/e/Bioinformatics/Semester2/BINP29/Malaria Project/Genomes/Parsed/Pk/run_apicomplexa_odb10/hmmer_output/initial_run_results/6285at5794.out --cpu 1 /mnt/e/Bioinformatics/Semester2/BINP29/Malaria Project/Genomes/Parsed/busco_downloads/lineages/apicomplexa_odb10/hmms/6285at5794.hmm /mnt/e/Bioinformatics/Semester2/BINP29/Malaria Project/Genomes/Parsed/Pk_new.faa 
# Current dir:     /mnt/e/Bioinformatics/Semester2/BINP29/Malaria Project/Genomes/Parsed
# Date:            Wed Mar  1 19:30:46 2023
# [ok]
