#                                                                            --- full sequence --- -------------- this domain -------------   hmm coord   ali coord   env coord
# target name        accession   tlen query name           accession   qlen   E-value  score  bias   #  of  c-Evalue  i-Evalue  score  bias  from    to  from    to  from    to  acc description of target
#------------------- ---------- ----- -------------------- ---------- ----- --------- ------ ----- --- --- --------- --------- ------ ----- ----- ----- ----- ----- ----- ----- ---- ---------------------
2259_g               -           1075 7668at5794           -            389  1.5e-134  447.1  67.1   1   7   2.3e-05    0.0068   13.7   0.2     1    34    53    86    53   101 0.86 -
2259_g               -           1075 7668at5794           -            389  1.5e-134  447.1  67.1   2   7   3.8e-21   1.1e-18   65.7   5.6    19    80   153   214   147   225 0.91 -
2259_g               -           1075 7668at5794           -            389  1.5e-134  447.1  67.1   3   7       1.3   3.8e+02   -2.0   0.8   228   249   218   239   213   269 0.46 -
2259_g               -           1075 7668at5794           -            389  1.5e-134  447.1  67.1   4   7   1.2e-77   3.5e-75  251.7  16.0    77   249   268   445   262   461 0.92 -
2259_g               -           1075 7668at5794           -            389  1.5e-134  447.1  67.1   5   7   9.6e-06    0.0028   15.0   1.3   212   286   444   532   438   555 0.72 -
2259_g               -           1075 7668at5794           -            389  1.5e-134  447.1  67.1   6   7   4.7e-24   1.4e-21   75.2   8.7   223   341   834   951   812   975 0.76 -
2259_g               -           1075 7668at5794           -            389  1.5e-134  447.1  67.1   7   7   6.9e-17     2e-14   51.6   0.3   332   389  1009  1068   995  1068 0.90 -
1014_g               -            670 7668at5794           -            389   3.3e-18   64.1   0.1   1   1   2.1e-20     6e-18   63.2   0.1    42   109   389   457   377   467 0.93 -
519_g                -            381 7668at5794           -            389   3.8e-14   50.7   3.8   1   1   2.7e-16   7.9e-14   49.7   3.8    42   106    48   111    13   113 0.89 -
1578_g               -            283 7668at5794           -            389   2.1e-13   48.3   0.6   1   1     1e-15     3e-13   47.8   0.6    40   127     6    94     2   103 0.85 -
1803_g               -            381 7668at5794           -            389   3.8e-13   47.4   0.9   1   1   2.1e-15   6.2e-13   46.7   0.9    37   103    44   108    37   115 0.89 -
1477_g               -            377 7668at5794           -            389   3.1e-12   44.4   2.4   1   1   1.7e-14   4.8e-12   43.8   2.4    45   106    56   120    54   122 0.84 -
90_g                 -            582 7668at5794           -            389   1.2e-11   42.5   3.1   1   3   4.1e-14   1.2e-11   42.5   3.1    16   106   216   302   210   322 0.84 -
90_g                 -            582 7668at5794           -            389   1.2e-11   42.5   3.1   2   3       2.3   6.7e+02   -2.8   0.3   236   280   359   403   342   419 0.65 -
90_g                 -            582 7668at5794           -            389   1.2e-11   42.5   3.1   3   3      0.73   2.1e+02   -1.1   3.8   219   302   461   545   437   552 0.69 -
1108_g               -            313 7668at5794           -            389     3e-11   41.2   1.5   1   2   8.3e-11   2.4e-08   31.6   0.1    43    79     3    39     1    44 0.91 -
1108_g               -            313 7668at5794           -            389     3e-11   41.2   1.5   2   2   3.9e-06    0.0012   16.2   0.2    80   115    82   119    75   137 0.77 -
2103_g               -            694 7668at5794           -            389   6.8e-11   40.0   0.2   1   1   4.8e-13   1.4e-10   39.0   0.2    45   104   126   184   111   189 0.87 -
1591_g               -            417 7668at5794           -            389   2.7e-10   38.0   0.7   1   2   9.3e-13   2.7e-10   38.0   0.7    44   106    19    77     7    79 0.87 -
1591_g               -            417 7668at5794           -            389   2.7e-10   38.0   0.7   2   2       1.4   4.1e+02   -2.1   1.9   185   227   342   383   326   412 0.52 -
2991_g               -            613 7668at5794           -            389   4.1e-08   30.9   0.1   1   1   2.2e-10   6.4e-08   30.2   0.1    42   105    56   117    44   126 0.87 -
304_g                -            172 7668at5794           -            389   7.5e-07   26.7   0.2   1   2   2.6e-09   7.5e-07   26.7   0.2    42    83     2    43     1    47 0.87 -
304_g                -            172 7668at5794           -            389   7.5e-07   26.7   0.2   2   2       1.2   3.6e+02   -1.9   0.4    84    95    85    96    66   128 0.47 -
465_g                -            174 7668at5794           -            389   1.4e-06   25.8   0.2   1   2   4.8e-09   1.4e-06   25.8   0.2    48    99     2    51     1    60 0.87 -
465_g                -            174 7668at5794           -            389   1.4e-06   25.8   0.2   2   2       4.5   1.3e+03   -3.7   0.3   154   175    79   101    73   110 0.55 -
604_g                -            367 7668at5794           -            389   2.9e-05   21.5   2.8   1   1   1.6e-07   4.8e-05   20.8   2.8    10   105    47   142    39   147 0.77 -
1984_g               -            337 7668at5794           -            389   0.00012   19.4  36.7   1   1   8.8e-06    0.0026   15.1  36.7    17   239    84   315    75   334 0.69 -
2812_g               -            282 7668at5794           -            389   0.00043   17.6   5.6   1   1   2.1e-06   0.00062   17.1   5.6    48   119    53   128    44   143 0.87 -
3097_g               -            160 7668at5794           -            389   0.00052   17.3   0.0   1   1   2.2e-06   0.00064   17.1   0.0     3    74    28    98    26   109 0.82 -
#
# Program:         hmmsearch
# Version:         3.1b2 (February 2015)
# Pipeline mode:   SEARCH
# Query file:      /mnt/e/Bioinformatics/Semester2/BINP29/Malaria Project/Genomes/Parsed/busco_downloads/lineages/apicomplexa_odb10/hmms/7668at5794.hmm
# Target file:     /mnt/e/Bioinformatics/Semester2/BINP29/Malaria Project/Genomes/Parsed/Pk_new.faa
# Option settings: hmmsearch --domtblout /mnt/e/Bioinformatics/Semester2/BINP29/Malaria Project/Genomes/Parsed/Pk/run_apicomplexa_odb10/hmmer_output/initial_run_results/7668at5794.out --cpu 1 /mnt/e/Bioinformatics/Semester2/BINP29/Malaria Project/Genomes/Parsed/busco_downloads/lineages/apicomplexa_odb10/hmms/7668at5794.hmm /mnt/e/Bioinformatics/Semester2/BINP29/Malaria Project/Genomes/Parsed/Pk_new.faa 
# Current dir:     /mnt/e/Bioinformatics/Semester2/BINP29/Malaria Project/Genomes/Parsed
# Date:            Wed Mar  1 19:30:49 2023
# [ok]
