#                                                                            --- full sequence --- -------------- this domain -------------   hmm coord   ali coord   env coord
# target name        accession   tlen query name           accession   qlen   E-value  score  bias   #  of  c-Evalue  i-Evalue  score  bias  from    to  from    to  from    to  acc description of target
#------------------- ---------- ----- -------------------- ---------- ----- --------- ------ ----- --- --- --------- --------- ------ ----- ----- ----- ----- ----- ----- ----- ---- ---------------------
4467_g               -            532 8041at5794           -            443  7.7e-219  725.5  12.2   1   1  2.1e-221  1.7e-218  724.3  12.2     1   441     9   532     9   532 0.91 -
4454_g               -            540 8041at5794           -            443   4.6e-54  182.4  10.9   1   1     2e-56   1.7e-53  180.6  10.9     3   413    14   496    11   534 0.74 -
455_g                -            529 8041at5794           -            443   3.7e-48  162.9  16.6   1   1   1.1e-50   8.8e-48  161.7  16.6    10   436    12   524     5   528 0.70 -
2380_g               -            552 8041at5794           -            443   8.3e-44  148.6  17.0   1   1   6.3e-46   5.2e-43  146.0  17.0     4   435    22   538    20   545 0.74 -
720_g                -            958 8041at5794           -            443   1.9e-17   61.7   9.6   1   1   7.3e-19     6e-16   56.8   9.6    26   398    24   475     2   534 0.69 -
2407_g               -            722 8041at5794           -            443   3.4e-09   34.5   0.4   1   2   4.1e-12   3.4e-09   34.5   0.4    13   121    72   190    64   240 0.83 -
2407_g               -            722 8041at5794           -            443   3.4e-09   34.5   0.4   2   2         1   8.4e+02   -3.0   0.1   371   395   557   581   545   620 0.70 -
#
# Program:         hmmsearch
# Version:         3.1b2 (February 2015)
# Pipeline mode:   SEARCH
# Query file:      /mnt/e/Bioinformatics/Semester2/BINP29/Malaria Project/Genomes/Parsed/busco_downloads/lineages/apicomplexa_odb10/hmms/8041at5794.hmm
# Target file:     /mnt/e/Bioinformatics/Semester2/BINP29/Malaria Project/Genomes/Parsed/Pk_new.faa
# Option settings: hmmsearch --domtblout /mnt/e/Bioinformatics/Semester2/BINP29/Malaria Project/Genomes/Parsed/Pk/run_apicomplexa_odb10/hmmer_output/initial_run_results/8041at5794.out --cpu 1 /mnt/e/Bioinformatics/Semester2/BINP29/Malaria Project/Genomes/Parsed/busco_downloads/lineages/apicomplexa_odb10/hmms/8041at5794.hmm /mnt/e/Bioinformatics/Semester2/BINP29/Malaria Project/Genomes/Parsed/Pk_new.faa 
# Current dir:     /mnt/e/Bioinformatics/Semester2/BINP29/Malaria Project/Genomes/Parsed
# Date:            Wed Mar  1 19:30:50 2023
# [ok]
