#                                                                            --- full sequence --- -------------- this domain -------------   hmm coord   ali coord   env coord
# target name        accession   tlen query name           accession   qlen   E-value  score  bias   #  of  c-Evalue  i-Evalue  score  bias  from    to  from    to  from    to  acc description of target
#------------------- ---------- ----- -------------------- ---------- ----- --------- ------ ----- --- --- --------- --------- ------ ----- ----- ----- ----- ----- ----- ----- ---- ---------------------
2988_g               -            481 8735at5794           -            365  2.2e-171  567.8  14.4   1   2   4.2e-45   8.1e-43  144.8   0.4     1   112     4   144     4   155 0.85 -
2988_g               -            481 8735at5794           -            365  2.2e-171  567.8  14.4   2   2  1.6e-130  3.1e-128  425.8   8.1   108   361   201   469   189   473 0.94 -
3341_g               -            284 8735at5794           -            365   5.7e-14   49.9   7.0   1   4   0.00058      0.11    9.4   0.1   261   290    37    66    29    73 0.83 -
3341_g               -            284 8735at5794           -            365   5.7e-14   49.9   7.0   2   4    0.0028      0.53    7.2   0.1    79   111   120   154   111   161 0.72 -
3341_g               -            284 8735at5794           -            365   5.7e-14   49.9   7.0   3   4    0.0003     0.057   10.4   0.0    76   114   161   199   153   211 0.86 -
3341_g               -            284 8735at5794           -            365   5.7e-14   49.9   7.0   4   4    0.0029      0.55    7.1   0.0   229   288   214   281   206   284 0.70 -
901_g                -            629 8735at5794           -            365     2e-13   48.1  15.0   1   3      0.26        49    0.7   0.0   229   256   241   268   236   291 0.86 -
901_g                -            629 8735at5794           -            365     2e-13   48.1  15.0   2   3       0.2        39    1.0   0.7   276   363   311   403   300   405 0.71 -
901_g                -            629 8735at5794           -            365     2e-13   48.1  15.0   3   3   3.8e-15   7.2e-13   46.2   5.2    77   291   409   614   406   623 0.78 -
1559_g               -            744 8735at5794           -            365   2.5e-12   44.4  17.4   1   4   5.1e-06   0.00097   16.2   0.3    77   130    14    65     9    69 0.87 -
1559_g               -            744 8735at5794           -            365   2.5e-12   44.4  17.4   2   4    0.0024      0.46    7.4   0.5    76   108   132   164   107   186 0.81 -
1559_g               -            744 8735at5794           -            365   2.5e-12   44.4  17.4   3   4   1.6e-07     3e-05   21.2   0.2   227   309   252   339   241   355 0.62 -
1559_g               -            744 8735at5794           -            365   2.5e-12   44.4  17.4   4   4    0.0058       1.1    6.1   0.4   181   288   623   743   619   744 0.54 -
220_g                -            620 8735at5794           -            365   3.9e-11   40.5  24.1   1   5       4.6   8.8e+02   -3.4   6.1   299   362   152   213   141   233 0.67 -
220_g                -            620 8735at5794           -            365   3.9e-11   40.5  24.1   2   5   0.00016      0.03   11.3   0.0    76   111   331   366   327   374 0.90 -
220_g                -            620 8735at5794           -            365   3.9e-11   40.5  24.1   3   5   0.00015     0.029   11.3   0.3    77   112   374   409   368   426 0.84 -
220_g                -            620 8735at5794           -            365   3.9e-11   40.5  24.1   4   5   1.8e-10   3.4e-08   30.8   1.0   191   292   431   535   423   543 0.86 -
220_g                -            620 8735at5794           -            365   3.9e-11   40.5  24.1   5   5      0.79   1.5e+02   -0.9   0.0    88   112   552   576   536   586 0.85 -
394_g                -            886 8735at5794           -            365   4.3e-10   37.1   3.9   1   3       6.7   1.3e+03   -4.0   0.0   274   293    45    64    28    68 0.67 -
394_g                -            886 8735at5794           -            365   4.3e-10   37.1   3.9   2   3      0.19        36    1.1   0.0    49    85   154   197   147   204 0.72 -
394_g                -            886 8735at5794           -            365   4.3e-10   37.1   3.9   3   3   1.7e-11   3.3e-09   34.2   1.1    49   111   281   345   227   417 0.87 -
2467_g               -            499 8735at5794           -            365   3.7e-09   34.0   0.4   1   2       5.6   1.1e+03   -3.7   1.1   294   325    81   112    75   118 0.68 -
2467_g               -            499 8735at5794           -            365   3.7e-09   34.0   0.4   2   2     2e-11   3.7e-09   34.0   0.4   114   246   293   442   263   448 0.74 -
4513_g               -            591 8735at5794           -            365     5e-09   33.6  18.9   1   5       2.4   4.5e+02   -2.5   6.7   299   353   115   172    65   179 0.67 -
4513_g               -            591 8735at5794           -            365     5e-09   33.6  18.9   2   5     0.006       1.1    6.1   0.1    75   116   275   316   271   322 0.87 -
4513_g               -            591 8735at5794           -            365     5e-09   33.6  18.9   3   5   1.8e-06   0.00034   17.7   0.1    77   113   319   355   310   399 0.91 -
4513_g               -            591 8735at5794           -            365     5e-09   33.6  18.9   4   5   0.00018     0.035   11.1   0.1    74   118   400   444   395   464 0.81 -
4513_g               -            591 8735at5794           -            365     5e-09   33.6  18.9   5   5      0.01         2    5.3   0.1    76   117   444   484   434   494 0.76 -
2747_g               -           1049 8735at5794           -            365   9.2e-09   32.7   2.1   1   2     0.017       3.2    4.6   0.0    86   291   172   197   148   238 0.70 -
2747_g               -           1049 8735at5794           -            365   9.2e-09   32.7   2.1   2   2     5e-09   9.5e-07   26.1   0.5   193   250   433   490   408   507 0.86 -
2022_g               -            524 8735at5794           -            365   9.4e-08   29.4   5.6   1   4    0.0054         1    6.2   0.2   262   288   218   244   201   260 0.87 -
2022_g               -            524 8735at5794           -            365   9.4e-08   29.4   5.6   2   4   0.00089      0.17    8.8   0.0    76   111   262   297   253   306 0.87 -
2022_g               -            524 8735at5794           -            365   9.4e-08   29.4   5.6   3   4   1.3e-05    0.0026   14.8   0.1   220   292   307   382   302   387 0.82 -
2022_g               -            524 8735at5794           -            365   9.4e-08   29.4   5.6   4   4       1.5   2.9e+02   -1.8   0.0    85   111   455   481   435   507 0.72 -
2285_g               -            613 8735at5794           -            365   9.9e-08   29.3   3.1   1   4      0.13        26    1.6   0.0   224   249   330   356   318   366 0.48 -
2285_g               -            613 8735at5794           -            365   9.9e-08   29.3   3.1   2   4   0.00012     0.024   11.6   0.1   214   279   364   433   341   438 0.79 -
2285_g               -            613 8735at5794           -            365   9.9e-08   29.3   3.1   3   4   0.00018     0.035   11.1   0.1   172   251   405   485   401   536 0.84 -
2285_g               -            613 8735at5794           -            365   9.9e-08   29.3   3.1   4   4    0.0018      0.34    7.8   0.2   227   294   504   579   490   592 0.58 -
140_g                -            842 8735at5794           -            365   5.6e-07   26.8   6.8   1   2   4.6e-07   8.7e-05   19.6   0.1   219   294   510   589   504   592 0.82 -
140_g                -            842 8735at5794           -            365   5.6e-07   26.8   6.8   2   2    0.0067       1.3    5.9   2.3    74   252   591   761   584   838 0.60 -
739_g                -           1365 8735at5794           -            365   7.3e-07   26.5   2.9   1   4     0.022       4.3    4.2   0.0    77   112    44    79    37    92 0.88 -
739_g                -           1365 8735at5794           -            365   7.3e-07   26.5   2.9   2   4   0.00012     0.023   11.6   0.1   236   288   104   159    86   168 0.81 -
739_g                -           1365 8735at5794           -            365   7.3e-07   26.5   2.9   3   4      0.11        21    1.9   0.0   262   290   243   271   239   282 0.87 -
739_g                -           1365 8735at5794           -            365   7.3e-07   26.5   2.9   4   4     0.035       6.6    3.6   0.0    77   112   282   318   273   326 0.74 -
2354_g               -            620 8735at5794           -            365   1.2e-06   25.7   6.7   1   2   7.9e-09   1.5e-06   25.4   2.9    95   278   311   503   304   521 0.74 -
2354_g               -            620 8735at5794           -            365   1.2e-06   25.7   6.7   2   2     0.085        16    2.3   0.2   236   302   500   571   494   587 0.67 -
2794_g               -            447 8735at5794           -            365   2.9e-06   24.5   0.2   1   3      0.31        60    0.4   0.0   174   211   152   190   139   196 0.77 -
2794_g               -            447 8735at5794           -            365   2.9e-06   24.5   0.2   2   3     1e-06    0.0002   18.4   0.1   130   250   244   372   205   375 0.69 -
2794_g               -            447 8735at5794           -            365   2.9e-06   24.5   0.2   3   3     0.023       4.4    4.2   0.0    75   168   337   433   335   436 0.76 -
1024_g               -            546 8735at5794           -            365   5.5e-06   23.6   4.0   1   3    0.0018      0.34    7.8   0.1    71   173   217   315   211   326 0.69 -
1024_g               -            546 8735at5794           -            365   5.5e-06   23.6   4.0   2   3   1.6e-05    0.0031   14.5   0.2   150   262   369   488   350   499 0.83 -
1024_g               -            546 8735at5794           -            365   5.5e-06   23.6   4.0   3   3      0.24        45    0.8   0.0    75   110   507   543   503   546 0.71 -
314_g                -            978 8735at5794           -            365   9.2e-06   22.8   3.8   1   4       3.6   6.8e+02   -3.1   0.0    94   112   199   217   171   229 0.68 -
314_g                -            978 8735at5794           -            365   9.2e-06   22.8   3.8   2   4   0.00061      0.12    9.3   0.0    78   129   230   279   217   324 0.67 -
314_g                -            978 8735at5794           -            365   9.2e-06   22.8   3.8   3   4   3.2e-05    0.0061   13.6   0.1    68   112   323   367   310   399 0.85 -
314_g                -            978 8735at5794           -            365   9.2e-06   22.8   3.8   4   4       2.6     5e+02   -2.6   0.1   200   248   831   881   823   887 0.73 -
3176_g               -           1456 8735at5794           -            365   1.2e-05   22.5   0.9   1   1   1.7e-07   3.2e-05   21.0   0.9    77   257   146   328   126   350 0.73 -
3624_g               -            689 8735at5794           -            365   1.2e-05   22.5   0.2   1   2      0.53     1e+02   -0.3   0.0   143   177   401   435   387   476 0.81 -
3624_g               -            689 8735at5794           -            365   1.2e-05   22.5   0.2   2   2   4.8e-07   9.2e-05   19.6   0.2   184   258   592   668   553   678 0.83 -
2485_g               -            470 8735at5794           -            365   1.3e-05   22.3   6.0   1   3     0.034       6.5    3.6   0.4   150   209   182   243   144   249 0.63 -
2485_g               -            470 8735at5794           -            365   1.3e-05   22.3   6.0   2   3   2.3e-05    0.0043   14.1   0.1    76   110   251   285   248   297 0.91 -
2485_g               -            470 8735at5794           -            365   1.3e-05   22.3   6.0   3   3    0.0085       1.6    5.6   0.1   177   251   305   384   289   394 0.70 -
2393_g               -            749 8735at5794           -            365     4e-05   20.7   4.8   1   2    0.0001      0.02   11.9   0.4   123   248     7   137     3   158 0.76 -
2393_g               -            749 8735at5794           -            365     4e-05   20.7   4.8   2   2   0.00028     0.054   10.4   0.5    94   205   207   316   190   321 0.74 -
2299_g               -            448 8735at5794           -            365   5.8e-05   20.2   0.8   1   1   4.6e-07   8.8e-05   19.6   0.8   151   252   283   388   263   417 0.82 -
506_g                -            489 8735at5794           -            365   0.00044   17.3   2.6   1   1   2.5e-05    0.0048   13.9   1.5    76   217   254   400   244   441 0.68 -
3458_g               -            476 8735at5794           -            365   0.00092   16.3   2.2   1   2       3.7     7e+02   -3.1   0.0   183   198   233   248   175   256 0.60 -
3458_g               -            476 8735at5794           -            365   0.00092   16.3   2.2   2   2   8.6e-06    0.0016   15.4   1.4   150   253   308   425   287   455 0.69 -
818_g                -            462 8735at5794           -            365    0.0015   15.6   0.3   1   2   0.00025     0.047   10.6   0.1    71   109    99   139    87   148 0.84 -
818_g                -            462 8735at5794           -            365    0.0015   15.6   0.3   2   2     0.056        11    2.9   0.0    90   135   168   213   139   242 0.76 -
2588_g               -            561 8735at5794           -            365    0.0032   14.5   0.1   1   2    0.0013      0.24    8.3   0.0   218   251    75   109    64   124 0.79 -
2588_g               -            561 8735at5794           -            365    0.0032   14.5   0.1   2   2     0.043       8.3    3.3   0.2   146   188   137   181   128   185 0.80 -
#
# Program:         hmmsearch
# Version:         3.1b2 (February 2015)
# Pipeline mode:   SEARCH
# Query file:      /mnt/e/Bioinformatics/Semester2/BINP29/Malaria Project/Genomes/Parsed/busco_downloads/lineages/apicomplexa_odb10/hmms/8735at5794.hmm
# Target file:     /mnt/e/Bioinformatics/Semester2/BINP29/Malaria Project/Genomes/Parsed/Pk_new.faa
# Option settings: hmmsearch --domtblout /mnt/e/Bioinformatics/Semester2/BINP29/Malaria Project/Genomes/Parsed/Pk/run_apicomplexa_odb10/hmmer_output/initial_run_results/8735at5794.out --cpu 1 /mnt/e/Bioinformatics/Semester2/BINP29/Malaria Project/Genomes/Parsed/busco_downloads/lineages/apicomplexa_odb10/hmms/8735at5794.hmm /mnt/e/Bioinformatics/Semester2/BINP29/Malaria Project/Genomes/Parsed/Pk_new.faa 
# Current dir:     /mnt/e/Bioinformatics/Semester2/BINP29/Malaria Project/Genomes/Parsed
# Date:            Wed Mar  1 19:30:51 2023
# [ok]
