#                                                                            --- full sequence --- -------------- this domain -------------   hmm coord   ali coord   env coord
# target name        accession   tlen query name           accession   qlen   E-value  score  bias   #  of  c-Evalue  i-Evalue  score  bias  from    to  from    to  from    to  acc description of target
#------------------- ---------- ----- -------------------- ---------- ----- --------- ------ ----- --- --- --------- --------- ------ ----- ----- ----- ----- ----- ----- ----- ---- ---------------------
1882_g               -            943 9529at5794           -            476  6.1e-147  488.2  57.6   1   4         7     5e+03   -7.0   5.4    72   129    51   106    42   128 0.60 -
1882_g               -            943 9529at5794           -            476  6.1e-147  488.2  57.6   2   4   1.6e-75   1.1e-72  243.3  32.2     1   227   196   463   196   524 0.87 -
1882_g               -            943 9529at5794           -            476  6.1e-147  488.2  57.6   3   4   0.00029       0.2    8.3   0.0   255   279   545   569   537   574 0.89 -
1882_g               -            943 9529at5794           -            476  6.1e-147  488.2  57.6   4   4   1.7e-77   1.2e-74  249.8   3.8   279   476   720   937   715   937 0.92 -
3341_g               -            284 9529at5794           -            476   5.1e-08   30.1   0.0   1   3    0.0027       1.9    5.1   0.0   364   437    30   105     5   116 0.73 -
3341_g               -            284 9529at5794           -            476   5.1e-08   30.1   0.0   2   3   1.7e-05     0.012   12.4   0.0   281   418    69   214    52   216 0.75 -
3341_g               -            284 9529at5794           -            476   5.1e-08   30.1   0.0   3   3   2.6e-06    0.0018   15.1   0.0   332   398   211   282   207   284 0.80 -
867_g                -            363 9529at5794           -            476   2.2e-05   21.4   0.3   1   2   1.8e-07   0.00013   18.9   0.1   350   440    50   147    13   158 0.78 -
867_g                -            363 9529at5794           -            476   2.2e-05   21.4   0.3   2   2     0.083        59    0.2   0.0   385   441   193   252   187   258 0.59 -
2393_g               -            749 9529at5794           -            476   0.00012   18.9   1.4   1   2    0.0012      0.83    6.3   0.5   377   469    24   120    17   127 0.77 -
2393_g               -            749 9529at5794           -            476   0.00012   18.9   1.4   2   2   3.8e-05     0.027   11.2   0.0   253   314   245   314   238   319 0.79 -
1170_g               -            581 9529at5794           -            476   0.00024   18.0   2.4   1   3     0.076        54    0.3   0.3    28   125   146   236   141   252 0.76 -
1170_g               -            581 9529at5794           -            476   0.00024   18.0   2.4   2   3    0.0036       2.5    4.7   0.0   371   406   288   323   274   329 0.83 -
1170_g               -            581 9529at5794           -            476   0.00024   18.0   2.4   3   3   7.4e-05     0.052   10.3   0.1   380   429   443   494   402   510 0.82 -
2485_g               -            470 9529at5794           -            476   0.00062   16.6   0.0   1   1   2.1e-06    0.0015   15.4   0.0   248   326   212   290   196   302 0.75 -
2588_g               -            561 9529at5794           -            476    0.0065   13.3   0.7   1   2   1.6e-05     0.011   12.5   0.0   244   318   124   199   114   211 0.82 -
2588_g               -            561 9529at5794           -            476    0.0065   13.3   0.7   2   2      0.65   4.6e+02   -2.7   0.1    51    75   378   404   369   419 0.58 -
#
# Program:         hmmsearch
# Version:         3.1b2 (February 2015)
# Pipeline mode:   SEARCH
# Query file:      /mnt/e/Bioinformatics/Semester2/BINP29/Malaria Project/Genomes/Parsed/busco_downloads/lineages/apicomplexa_odb10/hmms/9529at5794.hmm
# Target file:     /mnt/e/Bioinformatics/Semester2/BINP29/Malaria Project/Genomes/Parsed/Pk_new.faa
# Option settings: hmmsearch --domtblout /mnt/e/Bioinformatics/Semester2/BINP29/Malaria Project/Genomes/Parsed/Pk/run_apicomplexa_odb10/hmmer_output/initial_run_results/9529at5794.out --cpu 1 /mnt/e/Bioinformatics/Semester2/BINP29/Malaria Project/Genomes/Parsed/busco_downloads/lineages/apicomplexa_odb10/hmms/9529at5794.hmm /mnt/e/Bioinformatics/Semester2/BINP29/Malaria Project/Genomes/Parsed/Pk_new.faa 
# Current dir:     /mnt/e/Bioinformatics/Semester2/BINP29/Malaria Project/Genomes/Parsed
# Date:            Wed Mar  1 19:30:53 2023
# [ok]
