#                                                                            --- full sequence --- -------------- this domain -------------   hmm coord   ali coord   env coord
# target name        accession   tlen query name           accession   qlen   E-value  score  bias   #  of  c-Evalue  i-Evalue  score  bias  from    to  from    to  from    to  acc description of target
#------------------- ---------- ----- -------------------- ---------- ----- --------- ------ ----- --- --- --------- --------- ------ ----- ----- ----- ----- ----- ----- ----- ---- ---------------------
1600_g               -           1782 10029at5794          -            574    4e-242  802.9  30.4   1   3   3.1e-71   1.9e-68  229.5   8.3     1   185   320   531   320   568 0.88 -
1600_g               -           1782 10029at5794          -            574    4e-242  802.9  30.4   2   3   1.8e-49   1.1e-46  157.6   0.1   167   297   999  1153   979  1168 0.82 -
1600_g               -           1782 10029at5794          -            574    4e-242  802.9  30.4   3   3  2.6e-129  1.6e-126  421.2  10.4   294   573  1391  1688  1370  1689 0.93 -
2604_g               -            612 10029at5794          -            574   4.6e-19   66.4  11.3   1   5   0.00054      0.33    7.4   0.0   453   480   294   321   286   326 0.90 -
2604_g               -            612 10029at5794          -            574   4.6e-19   66.4  11.3   2   5   5.3e-09   3.3e-06   24.0   0.6   449   502   324   380   321   388 0.89 -
2604_g               -            612 10029at5794          -            574   4.6e-19   66.4  11.3   3   5   7.7e-10   4.7e-07   26.7   0.1   447   512   387   456   381   464 0.83 -
2604_g               -            612 10029at5794          -            574   4.6e-19   66.4  11.3   4   5     0.049        30    1.0   0.2   368   414   465   511   455   515 0.75 -
2604_g               -            612 10029at5794          -            574   4.6e-19   66.4  11.3   5   5   3.6e-05     0.022   11.3   0.1   447   502   520   575   509   585 0.76 -
1068_g               -            400 10029at5794          -            574   1.4e-14   51.6  28.8   1   3   6.1e-05     0.037   10.6   1.2   463   528    15    85     7    88 0.80 -
1068_g               -            400 10029at5794          -            574   1.4e-14   51.6  28.8   2   3   2.1e-13   1.3e-10   38.5   6.6   461   545    83   170    81   172 0.84 -
1068_g               -            400 10029at5794          -            574   1.4e-14   51.6  28.8   3   3   1.7e-06    0.0011   15.7   8.4   446   515   167   241   165   296 0.82 -
3597_g               -            183 10029at5794          -            574   2.2e-13   47.7   0.2   1   1   4.1e-16   2.5e-13   47.4   0.2   449   571    39   162    19   165 0.87 -
3913_g               -            319 10029at5794          -            574     4e-09   33.6   0.1   1   1   6.1e-11   3.7e-08   30.4   0.1   392   484   208   309   201   315 0.71 -
3072_g               -            893 10029at5794          -            574     3e-08   30.7   0.0   1   1   3.1e-10   1.9e-07   28.0   0.0   450   569    93   213    77   218 0.80 -
2496_g               -            173 10029at5794          -            574   4.3e-06   23.6   0.5   1   1   8.6e-09   5.3e-06   23.3   0.5   296   387    47   140    33   155 0.80 -
3237_g               -            305 10029at5794          -            574   1.6e-05   21.6   1.5   1   2    0.0021       1.3    5.5   0.3   450   500    46    99    27   109 0.74 -
3237_g               -            305 10029at5794          -            574   1.6e-05   21.6   1.5   2   2   2.6e-06    0.0016   15.1   0.1   445   535   109   203    98   237 0.61 -
#
# Program:         hmmsearch
# Version:         3.1b2 (February 2015)
# Pipeline mode:   SEARCH
# Query file:      /mnt/e/Bioinformatics/Semester2/BINP29/Malaria Project/Genomes/Parsed/busco_downloads/lineages/apicomplexa_odb10/hmms/10029at5794.hmm
# Target file:     /mnt/e/Bioinformatics/Semester2/BINP29/Malaria Project/Genomes/Parsed/Py_new.faa
# Option settings: hmmsearch --domtblout /mnt/e/Bioinformatics/Semester2/BINP29/Malaria Project/Genomes/Parsed/Py/run_apicomplexa_odb10/hmmer_output/initial_run_results/10029at5794.out --cpu 1 /mnt/e/Bioinformatics/Semester2/BINP29/Malaria Project/Genomes/Parsed/busco_downloads/lineages/apicomplexa_odb10/hmms/10029at5794.hmm /mnt/e/Bioinformatics/Semester2/BINP29/Malaria Project/Genomes/Parsed/Py_new.faa 
# Current dir:     /mnt/e/Bioinformatics/Semester2/BINP29/Malaria Project/Genomes/Parsed
# Date:            Wed Mar  1 19:32:38 2023
# [ok]
