#                                                                            --- full sequence --- -------------- this domain -------------   hmm coord   ali coord   env coord
# target name        accession   tlen query name           accession   qlen   E-value  score  bias   #  of  c-Evalue  i-Evalue  score  bias  from    to  from    to  from    to  acc description of target
#------------------- ---------- ----- -------------------- ---------- ----- --------- ------ ----- --- --- --------- --------- ------ ----- ----- ----- ----- ----- ----- ----- ---- ---------------------
1049_g               -            421 10373at5794          -            356  1.9e-215  712.5   4.0   1   2   0.00095       0.2    8.5   0.1     1    28    16    43    16    45 0.92 -
1049_g               -            421 10373at5794          -            356  1.9e-215  712.5   4.0   2   2  9.3e-216    2e-213  705.9   1.5    10   356    42   420    40   420 0.95 -
4321_g               -            816 10373at5794          -            356    7e-118  391.6   0.1   1   2   1.1e-63   2.5e-61  205.6   0.2   100   332   197   435   191   453 0.92 -
4321_g               -            816 10373at5794          -            356    7e-118  391.6   0.1   2   2   5.1e-57   1.1e-54  183.7   0.0    90   323   461   702   444   716 0.93 -
700_g                -           1163 10373at5794          -            356  1.1e-110  368.0   0.1   1   2   1.1e-60   2.3e-58  195.8   0.1   101   340   513   759   505   768 0.91 -
700_g                -           1163 10373at5794          -            356  1.1e-110  368.0   0.1   2   2   8.3e-53   1.8e-50  169.8   0.0   101   326   860  1091   846  1115 0.92 -
1534_g               -            423 10373at5794          -            356  1.7e-107  357.4   1.7   1   1  1.1e-109  2.4e-107  356.9   1.7    45   343   101   409    83   418 0.93 -
1003_g               -            394 10373at5794          -            356   3.1e-98  327.0   1.9   1   1  1.9e-100     4e-98  326.6   1.9    44   348    65   386    35   391 0.90 -
3808_g               -            451 10373at5794          -            356     2e-94  314.4   0.1   1   1   1.3e-96   2.7e-94  314.0   0.1    57   346   147   444   128   449 0.94 -
3574_g               -            448 10373at5794          -            356   3.3e-92  307.1   0.2   1   1   2.2e-94   4.7e-92  306.6   0.2    61   345   146   438   137   444 0.92 -
4556_g               -            393 10373at5794          -            356   2.1e-88  294.6   0.2   1   1   1.2e-90   2.7e-88  294.3   0.2    61   336    92   375    47   389 0.92 -
2514_g               -           1042 10373at5794          -            356   1.2e-68  229.6   8.2   1   4   1.9e-10     4e-08   30.5   0.0    62   162   240   338   217   342 0.79 -
2514_g               -           1042 10373at5794          -            356   1.2e-68  229.6   8.2   2   4   1.7e-16   3.6e-14   50.4   1.2   195   346   431   580   416   596 0.78 -
2514_g               -           1042 10373at5794          -            356   1.2e-68  229.6   8.2   3   4   9.6e-46     2e-43  146.6   0.0   100   290   650   839   633   846 0.95 -
2514_g               -           1042 10373at5794          -            356   1.2e-68  229.6   8.2   4   4      0.04       8.6    3.1   0.1   296   343   954  1002   935  1013 0.69 -
1462_g               -            851 10373at5794          -            356   6.9e-56  187.6   0.0   1   1   5.1e-58   1.1e-55  187.0   0.0   104   343   149   398   142   406 0.91 -
520_g                -            704 10373at5794          -            356   1.2e-55  186.9   4.4   1   2   9.7e-58   2.1e-55  186.1   1.1   100   344   244   492   228   499 0.92 -
520_g                -            704 10373at5794          -            356   1.2e-55  186.9   4.4   2   2      0.13        28    1.5   0.1    28    83   584   638   568   689 0.77 -
1165_g               -            981 10373at5794          -            356   1.2e-54  183.6   0.0   1   2   1.6e-06   0.00035   17.6   0.0   146   292   210   347   193   375 0.76 -
1165_g               -            981 10373at5794          -            356   1.2e-54  183.6   0.0   2   2   7.2e-51   1.5e-48  163.5   0.1    88   329   524   771   503   779 0.93 -
3907_g               -            983 10373at5794          -            356   7.4e-47  157.9   0.1   1   1   6.6e-49   1.4e-46  157.0   0.1   100   344   420   679   409   686 0.87 -
589_g                -            431 10373at5794          -            356   3.9e-37  126.0   0.0   1   1   1.1e-38   2.3e-36  123.4   0.0    95   293   102   297    56   358 0.84 -
2824_g               -            777 10373at5794          -            356   3.5e-34  116.3   0.0   1   2   1.5e-34   3.3e-32  109.8   0.0   130   321   266   479   236   506 0.80 -
2824_g               -            777 10373at5794          -            356   3.5e-34  116.3   0.0   2   2     0.019         4    4.2   0.0   143   211   561   630   542   684 0.82 -
2749_g               -            626 10373at5794          -            356   5.1e-32  109.1   0.0   1   1   3.8e-34   8.1e-32  108.5   0.0    95   283   337   523   323   577 0.81 -
748_g                -           1188 10373at5794          -            356   2.2e-27   93.9   0.0   1   2   2.6e-21   5.5e-19   66.3   0.0   138   252   578   699   538   723 0.83 -
748_g                -           1188 10373at5794          -            356   2.2e-27   93.9   0.0   2   2   8.4e-09   1.8e-06   25.1   0.0   233   285   782   834   773   847 0.90 -
2338_g               -            650 10373at5794          -            356   2.9e-14   50.7   0.0   1   1   2.6e-16   5.5e-14   49.8   0.0   142   286   356   500   349   513 0.81 -
3729_g               -            581 10373at5794          -            356   6.2e-10   36.5   0.0   1   1   4.8e-12     1e-09   35.8   0.0   131   291   287   465   268   479 0.74 -
729_g                -           1074 10373at5794          -            356   5.7e-09   33.3   0.0   1   1   6.1e-11   1.3e-08   32.1   0.0   138   214   833   910   793   978 0.79 -
53_g                 -            476 10373at5794          -            356     2e-07   28.3   0.0   1   2    0.0012      0.25    8.2   0.0   129   173   239   282   222   309 0.80 -
53_g                 -            476 10373at5794          -            356     2e-07   28.3   0.0   2   2   1.4e-06   0.00029   17.8   0.0   232   273   362   403   346   418 0.87 -
2297_g               -            762 10373at5794          -            356   8.7e-05   19.6   0.0   1   2   1.4e-05     0.003   14.5   0.0   141   199   367   427   339   436 0.80 -
2297_g               -            762 10373at5794          -            356   8.7e-05   19.6   0.0   2   2      0.06        13    2.6   0.0   201   245   566   615   555   722 0.75 -
541_g                -            345 10373at5794          -            356    0.0046   13.9   0.4   1   2   0.00043     0.091    9.6   0.0   133   163    40    68    24   105 0.85 -
541_g                -            345 10373at5794          -            356    0.0046   13.9   0.4   2   2     0.078        17    2.2   0.1   267   315   120   167    93   174 0.79 -
#
# Program:         hmmsearch
# Version:         3.1b2 (February 2015)
# Pipeline mode:   SEARCH
# Query file:      /mnt/e/Bioinformatics/Semester2/BINP29/Malaria Project/Genomes/Parsed/busco_downloads/lineages/apicomplexa_odb10/hmms/10373at5794.hmm
# Target file:     /mnt/e/Bioinformatics/Semester2/BINP29/Malaria Project/Genomes/Parsed/Py_new.faa
# Option settings: hmmsearch --domtblout /mnt/e/Bioinformatics/Semester2/BINP29/Malaria Project/Genomes/Parsed/Py/run_apicomplexa_odb10/hmmer_output/initial_run_results/10373at5794.out --cpu 1 /mnt/e/Bioinformatics/Semester2/BINP29/Malaria Project/Genomes/Parsed/busco_downloads/lineages/apicomplexa_odb10/hmms/10373at5794.hmm /mnt/e/Bioinformatics/Semester2/BINP29/Malaria Project/Genomes/Parsed/Py_new.faa 
# Current dir:     /mnt/e/Bioinformatics/Semester2/BINP29/Malaria Project/Genomes/Parsed
# Date:            Wed Mar  1 19:32:39 2023
# [ok]
