#                                                                            --- full sequence --- -------------- this domain -------------   hmm coord   ali coord   env coord
# target name        accession   tlen query name           accession   qlen   E-value  score  bias   #  of  c-Evalue  i-Evalue  score  bias  from    to  from    to  from    to  acc description of target
#------------------- ---------- ----- -------------------- ---------- ----- --------- ------ ----- --- --- --------- --------- ------ ----- ----- ----- ----- ----- ----- ----- ---- ---------------------
662_g                -            434 11003at5794          -            359  2.2e-227  752.4   1.0   1   1  1.8e-229  2.6e-227  752.1   1.0     1   359    50   428    50   428 0.97 -
486_g                -            399 11003at5794          -            359   1.2e-89  299.3   0.9   1   1     1e-91   1.5e-89  299.0   0.9    11   358    23   394    13   395 0.91 -
3017_g               -            391 11003at5794          -            359   8.1e-82  273.5   1.5   1   1   6.9e-84     1e-81  273.2   1.5    11   358    17   386    12   387 0.91 -
4176_g               -            467 11003at5794          -            359   9.9e-78  260.1   3.3   1   2   9.4e-20   1.4e-17   62.3   0.0    11    74    59   122    52   126 0.94 -
4176_g               -            467 11003at5794          -            359   9.9e-78  260.1   3.3   2   2   1.4e-60     2e-58  196.6   2.6    73   359   153   459   136   459 0.89 -
4254_g               -            509 11003at5794          -            359   1.9e-55  186.8   7.1   1   1   1.7e-57   2.5e-55  186.4   7.1     4   353    92   462    89   467 0.90 -
4770_g               -            518 11003at5794          -            359   8.9e-53  178.0   0.0   1   1   9.3e-55   1.4e-52  177.4   0.0    24   355   115   476   107   480 0.80 -
813_g                -            961 11003at5794          -            359   4.6e-52  175.7   0.0   1   2   3.2e-21   4.6e-19   67.1   0.0    13   156   538   708   534   719 0.75 -
813_g                -            961 11003at5794          -            359   4.6e-52  175.7   0.0   2   2   6.9e-33     1e-30  105.5   0.0   168   351   745   928   732   936 0.92 -
575_g                -            709 11003at5794          -            359   6.7e-52  175.1   8.2   1   1   3.3e-52   4.8e-50  169.0   8.2    11   349   292   687   287   695 0.80 -
900_g                -            666 11003at5794          -            359     1e-49  167.9   1.0   1   1   1.9e-51   2.7e-49  166.5   1.0    12   340   217   579   214   597 0.84 -
1343_g               -            716 11003at5794          -            359   1.5e-49  167.4   1.2   1   2   1.6e-09   2.3e-07   28.6   0.0    12    73   290   350   281   355 0.84 -
1343_g               -            716 11003at5794          -            359   1.5e-49  167.4   1.2   2   2   2.4e-42   3.5e-40  136.6   1.0    72   334   400   679   397   701 0.86 -
4417_g               -           1390 11003at5794          -            359   4.2e-47  159.3   3.9   1   2   2.9e-49   4.2e-47  159.3   3.9    23   359   637  1003   624  1003 0.86 -
4417_g               -           1390 11003at5794          -            359   4.2e-47  159.3   3.9   2   2       6.2     9e+02   -2.9   0.2   141   170  1201  1229  1166  1273 0.73 -
336_g                -            493 11003at5794          -            359   2.6e-46  156.7   2.0   1   1   2.4e-48   3.5e-46  156.3   2.0    27   353    87   445    61   450 0.81 -
4460_g               -            710 11003at5794          -            359   5.5e-46  155.7   2.8   1   2   7.5e-07   0.00011   19.8   0.1    27    75   124   172   105   191 0.88 -
4460_g               -            710 11003at5794          -            359   5.5e-46  155.7   2.8   2   2   4.8e-42   6.9e-40  135.6   0.5    76   350   211   504   205   513 0.83 -
1636_g               -            650 11003at5794          -            359   9.8e-46  154.8   2.7   1   1     1e-47   1.5e-45  154.3   2.7    11   330   196   542   188   561 0.87 -
1558_g               -            655 11003at5794          -            359   8.3e-44  148.5   9.1   1   1   1.9e-43   2.7e-41  140.2   9.1    10   347    47   439    39   451 0.76 -
1199_g               -            909 11003at5794          -            359   1.5e-43  147.6   4.2   1   3     9e-08   1.3e-05   22.9   0.0    13    72   322   383   318   387 0.84 -
1199_g               -            909 11003at5794          -            359   1.5e-43  147.6   4.2   2   3   2.1e-09     3e-07   28.3   0.0    75   157   414   508   408   515 0.81 -
1199_g               -            909 11003at5794          -            359   1.5e-43  147.6   4.2   3   3   9.6e-30   1.4e-27   95.1   1.5   164   342   540   718   528   733 0.90 -
2565_g               -            895 11003at5794          -            359   4.1e-43  146.2   9.7   1   1   4.8e-45   6.9e-43  145.5   9.7    11   350   126   501   119   508 0.76 -
655_g                -            721 11003at5794          -            359   2.1e-38  130.7   8.9   1   2   5.8e-07   8.5e-05   20.2   0.0    18    71   258   311   253   318 0.92 -
655_g                -            721 11003at5794          -            359   2.1e-38  130.7   8.9   2   2     3e-34   4.3e-32  110.0   7.3    74   357   336   635   329   637 0.83 -
718_g                -           1127 11003at5794          -            359   1.1e-30  105.3  20.8   1   5   1.4e-07     2e-05   22.2   0.2     6    74    19    87    14    96 0.92 -
718_g                -           1127 11003at5794          -            359   1.1e-30  105.3  20.8   2   5     0.025       3.6    5.0   0.0    74    96   137   159   121   168 0.88 -
718_g                -           1127 11003at5794          -            359   1.1e-30  105.3  20.8   3   5       0.2        28    2.0   0.0    95   130   190   229   176   256 0.77 -
718_g                -           1127 11003at5794          -            359   1.1e-30  105.3  20.8   4   5   0.00078      0.11    9.9   1.3   130   197   261   332   255   342 0.73 -
718_g                -           1127 11003at5794          -            359   1.1e-30  105.3  20.8   5   5   9.8e-23   1.4e-20   72.1   5.6   212   348   493   629   462   635 0.94 -
3223_g               -           1153 11003at5794          -            359     2e-30  104.5  10.2   1   1   2.2e-32   3.2e-30  103.8  10.2    13   354   148   522   138   527 0.78 -
1012_g               -            657 11003at5794          -            359   6.8e-27   92.9   9.5   1   2       6.4   9.3e+02   -3.0   0.4   166   224    19    83     3   101 0.61 -
1012_g               -            657 11003at5794          -            359   6.8e-27   92.9   9.5   2   2   4.7e-29   6.8e-27   92.9   9.5    30   344   199   549   179   560 0.76 -
3185_g               -            669 11003at5794          -            359   7.8e-27   92.7  12.0   1   2   4.9e-07   7.2e-05   20.4   0.0    30    73   210   253   187   261 0.87 -
3185_g               -            669 11003at5794          -            359   7.8e-27   92.7  12.0   2   2   2.5e-22   3.6e-20   70.7  11.2    75   340   293   585   289   603 0.73 -
840_g                -            819 11003at5794          -            359   4.8e-24   83.5   5.2   1   3   1.8e-09   2.6e-07   28.5   0.0    12    76     3    67     1    71 0.91 -
840_g                -            819 11003at5794          -            359   4.8e-24   83.5   5.2   2   3    0.0036      0.52    7.7   0.3   113   180   382   459   323   473 0.57 -
840_g                -            819 11003at5794          -            359   4.8e-24   83.5   5.2   3   3   7.6e-15   1.1e-12   46.1   0.5   245   340   597   692   541   700 0.85 -
3438_g               -            833 11003at5794          -            359   2.4e-22   77.9   5.1   1   2   8.6e-13   1.2e-10   39.4   1.6    17   152   150   316   137   331 0.73 -
3438_g               -            833 11003at5794          -            359   2.4e-22   77.9   5.1   2   2   3.9e-12   5.7e-10   37.2   0.1   255   337   606   688   591   709 0.84 -
1473_g               -            864 11003at5794          -            359   1.1e-21   75.7   9.3   1   3   6.2e-14     9e-12   43.1   1.3    13   186   104   310    96   324 0.73 -
1473_g               -            864 11003at5794          -            359   1.1e-21   75.7   9.3   2   3       3.8   5.5e+02   -2.2   0.3   198   241   369   413   364   433 0.75 -
1473_g               -            864 11003at5794          -            359   1.1e-21   75.7   9.3   3   3   6.7e-12   9.6e-10   36.4   0.0   287   339   587   639   583   658 0.84 -
4776_g               -            780 11003at5794          -            359   4.3e-20   70.5   8.0   1   3   2.1e-07     3e-05   21.7   0.0    11    74   214   278   207   295 0.87 -
4776_g               -            780 11003at5794          -            359   4.3e-20   70.5   8.0   2   3   1.9e-07   2.7e-05   21.8   0.8    71   182   313   449   290   465 0.68 -
4776_g               -            780 11003at5794          -            359   4.3e-20   70.5   8.0   3   3   9.1e-10   1.3e-07   29.4   0.5   254   342   586   674   534   699 0.80 -
2567_g               -            990 11003at5794          -            359   1.3e-18   65.6   7.3   1   4   2.6e-07   3.7e-05   21.4   0.0    11    73    17    80     5    88 0.87 -
2567_g               -            990 11003at5794          -            359   1.3e-18   65.6   7.3   2   4      0.49        71    0.7   0.0    73    94   250   271   246   275 0.87 -
2567_g               -            990 11003at5794          -            359   1.3e-18   65.6   7.3   3   4      0.46        66    0.8   0.0   118   158   327   375   318   396 0.68 -
2567_g               -            990 11003at5794          -            359   1.3e-18   65.6   7.3   4   4   2.8e-13     4e-11   41.0   2.4   251   346   561   660   523   669 0.75 -
4020_g               -           1122 11003at5794          -            359     7e-17   59.9   3.9   1   2   0.00048     0.069   10.6   0.0    13    73   111   171   100   176 0.89 -
4020_g               -           1122 11003at5794          -            359     7e-17   59.9   3.9   2   2   2.3e-15   3.3e-13   47.8   2.5   219   334   741   860   716   885 0.82 -
4091_g               -            856 11003at5794          -            359   3.5e-16   57.6   3.5   1   3    0.0042       0.6    7.5   0.0    46    76   205   235   177   256 0.84 -
4091_g               -            856 11003at5794          -            359   3.5e-16   57.6   3.5   2   3       2.2   3.2e+02   -1.4   0.2   132   162   336   366   332   419 0.75 -
4091_g               -            856 11003at5794          -            359   3.5e-16   57.6   3.5   3   3   6.4e-16   9.3e-14   49.7   0.1   227   347   553   672   542   682 0.90 -
4462_g               -            488 11003at5794          -            359   1.4e-12   45.8  12.5   1   1   6.1e-14   8.9e-12   43.1  12.5    14   326    88   440    81   468 0.68 -
2196_g               -            660 11003at5794          -            359   1.9e-12   45.3   1.6   1   2       5.8   8.4e+02   -2.8   0.0   100   118    75    93    57   185 0.57 -
2196_g               -            660 11003at5794          -            359   1.9e-12   45.3   1.6   2   2   1.7e-14   2.4e-12   45.0   0.4   229   340   323   434   292   453 0.89 -
2348_g               -           1018 11003at5794          -            359   2.3e-09   35.2   8.0   1   3     0.017       2.5    5.5   0.1    11    57    94   140    85   152 0.85 -
2348_g               -           1018 11003at5794          -            359   2.3e-09   35.2   8.0   2   3       8.3   1.2e+03   -3.3   0.0   113   130   442   459   435   481 0.70 -
2348_g               -           1018 11003at5794          -            359   2.3e-09   35.2   8.0   3   3   4.3e-10   6.3e-08   30.5   3.8   225   316   727   817   715   849 0.93 -
2775_g               -            562 11003at5794          -            359   6.2e-08   30.5  13.7   1   1   2.9e-09   4.2e-07   27.8  13.6   133   342   263   499   149   514 0.68 -
2656_g               -           1336 11003at5794          -            359   8.2e-06   23.5   0.5   1   2   2.3e-07   3.4e-05   21.5   0.1   228   330   281   383   263   396 0.91 -
2656_g               -           1336 11003at5794          -            359   8.2e-06   23.5   0.5   2   2       1.7   2.5e+02   -1.1   0.1   137   207   395   467   386   491 0.72 -
#
# Program:         hmmsearch
# Version:         3.1b2 (February 2015)
# Pipeline mode:   SEARCH
# Query file:      /mnt/e/Bioinformatics/Semester2/BINP29/Malaria Project/Genomes/Parsed/busco_downloads/lineages/apicomplexa_odb10/hmms/11003at5794.hmm
# Target file:     /mnt/e/Bioinformatics/Semester2/BINP29/Malaria Project/Genomes/Parsed/Py_new.faa
# Option settings: hmmsearch --domtblout /mnt/e/Bioinformatics/Semester2/BINP29/Malaria Project/Genomes/Parsed/Py/run_apicomplexa_odb10/hmmer_output/initial_run_results/11003at5794.out --cpu 1 /mnt/e/Bioinformatics/Semester2/BINP29/Malaria Project/Genomes/Parsed/busco_downloads/lineages/apicomplexa_odb10/hmms/11003at5794.hmm /mnt/e/Bioinformatics/Semester2/BINP29/Malaria Project/Genomes/Parsed/Py_new.faa 
# Current dir:     /mnt/e/Bioinformatics/Semester2/BINP29/Malaria Project/Genomes/Parsed
# Date:            Wed Mar  1 19:32:40 2023
# [ok]
