#                                                                            --- full sequence --- -------------- this domain -------------   hmm coord   ali coord   env coord
# target name        accession   tlen query name           accession   qlen   E-value  score  bias   #  of  c-Evalue  i-Evalue  score  bias  from    to  from    to  from    to  acc description of target
#------------------- ---------- ----- -------------------- ---------- ----- --------- ------ ----- --- --- --------- --------- ------ ----- ----- ----- ----- ----- ----- ----- ---- ---------------------
1719_g               -            476 11057at5794          -            390  8.7e-207  684.7  17.9   1   1  2.1e-207  6.2e-205  678.7  17.9     1   390     5   452     5   452 0.91 -
4026_g               -            476 11057at5794          -            390   2.2e-90  301.5  12.2   1   1   1.1e-88   3.3e-86  287.8  12.2     7   385    15   473     9   475 0.77 -
1206_g               -            510 11057at5794          -            390   6.4e-89  296.7  15.1   1   2   0.00037      0.11    9.6   0.0     7    29     9    30     3    41 0.82 -
1206_g               -            510 11057at5794          -            390   6.4e-89  296.7  15.1   2   2   2.5e-87   7.3e-85  283.4  12.0    22   380    96   505    89   508 0.84 -
4321_g               -            816 11057at5794          -            390   9.9e-09   32.7   0.0   1   2   3.8e-07   0.00011   19.4   0.0    52   104   240   292   233   352 0.80 -
4321_g               -            816 11057at5794          -            390   9.9e-09   32.7   0.0   2   2   0.00019     0.055   10.5   0.0    51    98   512   558   503   570 0.85 -
700_g                -           1163 11057at5794          -            390     2e-07   28.4   0.0   1   2   8.1e-06    0.0024   15.0   0.0    50   104   552   606   543   627 0.79 -
700_g                -           1163 11057at5794          -            390     2e-07   28.4   0.0   2   2   0.00019     0.054   10.5   0.0    52    98   901   946   895   957 0.87 -
520_g                -            704 11057at5794          -            390   5.7e-06   23.6   1.0   1   2   3.1e-07     9e-05   19.7   0.0    52    88   285   320   275   359 0.89 -
520_g                -            704 11057at5794          -            390   5.7e-06   23.6   1.0   2   2      0.07        20    2.1   0.2   225   303   611   691   580   696 0.80 -
2514_g               -           1042 11057at5794          -            390   0.00011   19.5   0.0   1   2    0.0055       1.6    5.7   0.0    52    75   318   341   313   350 0.91 -
2514_g               -           1042 11057at5794          -            390   0.00011   19.5   0.0   2   2   0.00014      0.04   10.9   0.0    52    98   692   737   681   757 0.86 -
2824_g               -            777 11057at5794          -            390   0.00012   19.3   0.0   1   2   0.00037      0.11    9.6   0.0    52   101   279   328   255   385 0.85 -
2824_g               -            777 11057at5794          -            390   0.00012   19.3   0.0   2   2    0.0023      0.65    7.0   0.0    50    74   558   582   534   600 0.75 -
2534_g               -           1048 11057at5794          -            390   0.00013   19.1   0.2   1   2   0.00015     0.043   10.9   0.0    48    90   475   516   465   526 0.83 -
2534_g               -           1048 11057at5794          -            390   0.00013   19.1   0.2   2   2    0.0074       2.1    5.3   0.2   306   333   605   633   599   694 0.65 -
1534_g               -            423 11057at5794          -            390    0.0002   18.6   0.0   1   1   1.2e-06   0.00033   17.8   0.0    52   144   201   295   190   313 0.71 -
2749_g               -            626 11057at5794          -            390   0.00022   18.4   0.0   1   1   1.3e-06   0.00039   17.6   0.0    50   106   381   436   349   450 0.88 -
748_g                -           1188 11057at5794          -            390    0.0014   15.7   0.0   1   1     1e-05    0.0029   14.7   0.0    53    98   585   629   581   688 0.79 -
589_g                -            431 11057at5794          -            390    0.0018   15.4   0.0   1   1   1.2e-05    0.0033   14.5   0.0    51    93   147   188   137   203 0.83 -
3907_g               -            983 11057at5794          -            390    0.0026   14.9   0.0   1   1     2e-05    0.0058   13.7   0.0    53    89   462   497   451   531 0.84 -
1462_g               -            851 11057at5794          -            390     0.006   13.7   0.0   1   1   3.6e-05      0.01   12.9   0.0    52    94   186   227   178   259 0.78 -
1049_g               -            421 11057at5794          -            390     0.015   12.4   0.0   1   1   0.00011     0.031   11.3   0.0    52    90   197   234   187   295 0.80 -
3574_g               -            448 11057at5794          -            390     0.031   11.3   0.0   1   1   0.00018     0.053   10.6   0.0    52    89   227   263   219   279 0.87 -
#
# Program:         hmmsearch
# Version:         3.1b2 (February 2015)
# Pipeline mode:   SEARCH
# Query file:      /mnt/e/Bioinformatics/Semester2/BINP29/Malaria Project/Genomes/Parsed/busco_downloads/lineages/apicomplexa_odb10/hmms/11057at5794.hmm
# Target file:     /mnt/e/Bioinformatics/Semester2/BINP29/Malaria Project/Genomes/Parsed/Py_new.faa
# Option settings: hmmsearch --domtblout /mnt/e/Bioinformatics/Semester2/BINP29/Malaria Project/Genomes/Parsed/Py/run_apicomplexa_odb10/hmmer_output/initial_run_results/11057at5794.out --cpu 1 /mnt/e/Bioinformatics/Semester2/BINP29/Malaria Project/Genomes/Parsed/busco_downloads/lineages/apicomplexa_odb10/hmms/11057at5794.hmm /mnt/e/Bioinformatics/Semester2/BINP29/Malaria Project/Genomes/Parsed/Py_new.faa 
# Current dir:     /mnt/e/Bioinformatics/Semester2/BINP29/Malaria Project/Genomes/Parsed
# Date:            Wed Mar  1 19:32:40 2023
# [ok]
