#                                                                            --- full sequence --- -------------- this domain -------------   hmm coord   ali coord   env coord
# target name        accession   tlen query name           accession   qlen   E-value  score  bias   #  of  c-Evalue  i-Evalue  score  bias  from    to  from    to  from    to  acc description of target
#------------------- ---------- ----- -------------------- ---------- ----- --------- ------ ----- --- --- --------- --------- ------ ----- ----- ----- ----- ----- ----- ----- ---- ---------------------
3774_g               -            424 11259at5794          -            280   1.3e-88  295.1  19.9   1   2   8.8e-23   7.2e-20   69.6   4.1    10    89    44   136    30   147 0.82 -
3774_g               -            424 11259at5794          -            280   1.3e-88  295.1  19.9   2   2   1.1e-70   9.4e-68  226.7   7.9    85   279   159   397   148   398 0.82 -
3216_g               -            483 11259at5794          -            280   2.5e-34  117.0   2.3   1   3   3.8e-21   3.1e-18   64.2   0.0    91   184    31   129    18   136 0.84 -
3216_g               -            483 11259at5794          -            280   2.5e-34  117.0   2.3   2   3      0.37     3e+02   -1.3   0.8    10    81   150   221   144   225 0.64 -
3216_g               -            483 11259at5794          -            280   2.5e-34  117.0   2.3   3   3   3.8e-17   3.1e-14   51.1   0.0    91   189   354   460   317   466 0.85 -
4660_g               -            207 11259at5794          -            280   2.2e-21   74.6   0.4   1   1   3.8e-24   3.1e-21   74.1   0.4    89   169    22   114    14   137 0.78 -
449_g                -            544 11259at5794          -            280   4.6e-15   53.8   8.2   1   3   1.8e-06    0.0015   16.1   0.1    88   184    25   126    14   179 0.75 -
449_g                -            544 11259at5794          -            280   4.6e-15   53.8   8.2   2   3      0.92   7.5e+02   -2.6   0.1    79   116   258   295   239   318 0.59 -
449_g                -            544 11259at5794          -            280   4.6e-15   53.8   8.2   3   3   8.3e-14   6.8e-11   40.2   0.8    91   184   403   510   395   529 0.75 -
592_g                -            105 11259at5794          -            280   6.4e-07   27.1   0.0   1   1   8.7e-10   7.1e-07   27.0   0.0    98   169     9    86     2    98 0.82 -
240_g                -            158 11259at5794          -            280   1.8e-05   22.3   0.0   1   1   2.9e-08   2.4e-05   22.0   0.0   105   162    68   132    59   153 0.82 -
#
# Program:         hmmsearch
# Version:         3.1b2 (February 2015)
# Pipeline mode:   SEARCH
# Query file:      /mnt/e/Bioinformatics/Semester2/BINP29/Malaria Project/Genomes/Parsed/busco_downloads/lineages/apicomplexa_odb10/hmms/11259at5794.hmm
# Target file:     /mnt/e/Bioinformatics/Semester2/BINP29/Malaria Project/Genomes/Parsed/Py_new.faa
# Option settings: hmmsearch --domtblout /mnt/e/Bioinformatics/Semester2/BINP29/Malaria Project/Genomes/Parsed/Py/run_apicomplexa_odb10/hmmer_output/initial_run_results/11259at5794.out --cpu 1 /mnt/e/Bioinformatics/Semester2/BINP29/Malaria Project/Genomes/Parsed/busco_downloads/lineages/apicomplexa_odb10/hmms/11259at5794.hmm /mnt/e/Bioinformatics/Semester2/BINP29/Malaria Project/Genomes/Parsed/Py_new.faa 
# Current dir:     /mnt/e/Bioinformatics/Semester2/BINP29/Malaria Project/Genomes/Parsed
# Date:            Wed Mar  1 19:32:40 2023
# [ok]
