#                                                                            --- full sequence --- -------------- this domain -------------   hmm coord   ali coord   env coord
# target name        accession   tlen query name           accession   qlen   E-value  score  bias   #  of  c-Evalue  i-Evalue  score  bias  from    to  from    to  from    to  acc description of target
#------------------- ---------- ----- -------------------- ---------- ----- --------- ------ ----- --- --- --------- --------- ------ ----- ----- ----- ----- ----- ----- ----- ---- ---------------------
4548_g               -            442 11405at5794          -            289   6.2e-91  302.6  17.7   1   4   6.5e-07   0.00011   19.5   0.1     2    28     4    34     3    44 0.86 -
4548_g               -            442 11405at5794          -            289   6.2e-91  302.6  17.7   2   4   3.1e-06   0.00054   17.3   0.0    25    54    56    90    53   115 0.77 -
4548_g               -            442 11405at5794          -            289   6.2e-91  302.6  17.7   3   4   7.6e-36   1.3e-33  114.4   3.2    51   180   121   286   106   296 0.80 -
4548_g               -            442 11405at5794          -            289   6.2e-91  302.6  17.7   4   4   3.2e-48   5.5e-46  155.0   1.5   173   288   310   440   291   441 0.90 -
1983_g               -            447 11405at5794          -            289     1e-19   68.9   0.2   1   3   4.9e-07   8.6e-05   19.9   0.0    60   143   143   235   116   245 0.71 -
1983_g               -            447 11405at5794          -            289     1e-19   68.9   0.2   2   3     0.021       3.6    4.7   0.0   210   251   251   291   240   296 0.78 -
1983_g               -            447 11405at5794          -            289     1e-19   68.9   0.2   3   3   2.4e-13   4.2e-11   40.6   0.1   175   284   297   424   290   429 0.79 -
3258_g               -            324 11405at5794          -            289   8.1e-16   56.0  10.3   1   4   1.4e-06   0.00024   18.4   1.3   172   244    35   112    24   123 0.75 -
3258_g               -            324 11405at5794          -            289   8.1e-16   56.0  10.3   2   4   2.4e-07   4.2e-05   20.9   0.2   174   240   125   190   116   196 0.82 -
3258_g               -            324 11405at5794          -            289   8.1e-16   56.0  10.3   3   4   0.00011      0.02   12.1   0.2   194   240   185   232   185   247 0.86 -
3258_g               -            324 11405at5794          -            289   8.1e-16   56.0  10.3   4   4   0.00016     0.029   11.6   0.0   182   231   264   315   249   320 0.77 -
2687_g               -            455 11405at5794          -            289   8.7e-14   49.4  20.4   1   2   9.5e-12   1.7e-09   35.3  13.2    51   285   122   377   109   382 0.71 -
2687_g               -            455 11405at5794          -            289   8.7e-14   49.4  20.4   2   2   4.5e-09   7.8e-07   26.6   0.6   182   286   318   436   316   439 0.82 -
366_g                -            514 11405at5794          -            289   1.6e-13   48.5   6.4   1   3     0.018       3.2    4.9   0.1   153   173   252   273   148   302 0.69 -
366_g                -            514 11405at5794          -            289   1.6e-13   48.5   6.4   2   3   4.5e-08     8e-06   23.3   0.0   180   246   330   402   322   406 0.85 -
366_g                -            514 11405at5794          -            289   1.6e-13   48.5   6.4   3   3     0.084        15    2.7   0.2   212   240   478   506   463   510 0.70 -
2959_g               -           1009 11405at5794          -            289   7.9e-13   46.2   2.8   1   2   4.6e-08   8.1e-06   23.2   0.0   179   240   108   172    87   191 0.80 -
2959_g               -           1009 11405at5794          -            289   7.9e-13   46.2   2.8   2   2   1.4e-07   2.4e-05   21.7   1.1   176   242   193   265   180   273 0.80 -
3138_g               -            551 11405at5794          -            289   8.3e-12   42.9   7.6   1   3   2.4e-06   0.00042   17.6   0.6   129   239   242   353   224   359 0.76 -
3138_g               -            551 11405at5794          -            289   8.3e-12   42.9   7.6   2   3   2.5e-09   4.3e-07   27.4   1.4   166   241   361   443   354   483 0.77 -
3138_g               -            551 11405at5794          -            289   8.3e-12   42.9   7.6   3   3      0.59     1e+02   -0.1   0.1   192   239   478   526   442   541 0.46 -
4397_g               -            637 11405at5794          -            289   8.5e-12   42.8   6.4   1   3   8.9e-07   0.00016   19.0   0.3   175   241   357   427   328   434 0.76 -
4397_g               -            637 11405at5794          -            289   8.5e-12   42.8   6.4   2   3   1.9e-05    0.0034   14.6   0.2   184   240   453   510   446   513 0.83 -
4397_g               -            637 11405at5794          -            289   8.5e-12   42.8   6.4   3   3   0.00039     0.069   10.3   0.0   185   240   538   594   533   615 0.79 -
760_g                -           1060 11405at5794          -            289   1.1e-10   39.2   4.2   1   5     0.084        15    2.7   0.0   204   243   157   195   149   225 0.81 -
760_g                -           1060 11405at5794          -            289   1.1e-10   39.2   4.2   2   5     0.052       9.1    3.4   0.3   180   275   321   414   304   429 0.81 -
760_g                -           1060 11405at5794          -            289   1.1e-10   39.2   4.2   3   5    0.0006      0.11    9.7   0.0   184   240   435   492   428   494 0.82 -
760_g                -           1060 11405at5794          -            289   1.1e-10   39.2   4.2   4   5   1.4e-05    0.0024   15.1   0.1   176   245   543   618   520   633 0.73 -
760_g                -           1060 11405at5794          -            289   1.1e-10   39.2   4.2   5   5     0.023         4    4.6   0.0   209   243   628   662   620   665 0.90 -
250_g                -            620 11405at5794          -            289   1.3e-10   39.0   2.8   1   4      0.33        57    0.7   0.1   203   224   269   291   242   321 0.58 -
250_g                -            620 11405at5794          -            289   1.3e-10   39.0   2.8   2   4   0.00074      0.13    9.4   0.0   202   250   398   441   380   459 0.59 -
250_g                -            620 11405at5794          -            289   1.3e-10   39.0   2.8   3   4   4.6e-09   8.1e-07   26.5   0.0   176   287   451   565   446   567 0.79 -
250_g                -            620 11405at5794          -            289   1.3e-10   39.0   2.8   4   4         2   3.5e+02   -1.9   0.1   159   181   572   594   562   602 0.83 -
2817_g               -            616 11405at5794          -            289   1.7e-10   38.5  10.9   1   4      0.63   1.1e+02   -0.2   0.2   156   193   193   230   163   289 0.62 -
2817_g               -            616 11405at5794          -            289   1.7e-10   38.5  10.9   2   4     5e-05    0.0087   13.3   0.2   181   241   312   373   297   381 0.76 -
2817_g               -            616 11405at5794          -            289   1.7e-10   38.5  10.9   3   4   6.1e-09   1.1e-06   26.1   0.6   183   267   398   479   386   500 0.74 -
2817_g               -            616 11405at5794          -            289   1.7e-10   38.5  10.9   4   4      0.44        78    0.3   0.0    73    93   573   593   525   602 0.66 -
1555_g               -            627 11405at5794          -            289   2.4e-10   38.1   0.5   1   2   8.7e-05     0.015   12.5   0.0   202   241   153   192   134   201 0.84 -
1555_g               -            627 11405at5794          -            289   2.4e-10   38.1   0.5   2   2   4.1e-08   7.1e-06   23.4   0.1   198   246   200   248   194   264 0.88 -
1443_g               -            504 11405at5794          -            289   3.9e-10   37.4   6.1   1   3      0.73   1.3e+02   -0.4   0.1   190   242   160   209   127   228 0.64 -
1443_g               -            504 11405at5794          -            289   3.9e-10   37.4   6.1   2   3   2.8e-11   4.9e-09   33.8   1.6   181   241   289   351   266   407 0.70 -
1443_g               -            504 11405at5794          -            289   3.9e-10   37.4   6.1   3   3     0.018       3.2    4.9   0.1   163   247   374   454   366   487 0.66 -
221_g                -            364 11405at5794          -            289   8.8e-10   36.2   0.7   1   3     1e-05    0.0018   15.5   0.2    54   106   100   154    79   186 0.74 -
221_g                -            364 11405at5794          -            289   8.8e-10   36.2   0.7   2   3    0.0031      0.54    7.4   0.0   185   245   188   251   181   266 0.82 -
221_g                -            364 11405at5794          -            289   8.8e-10   36.2   0.7   3   3   0.00056     0.098    9.8   0.0   201   238   318   355   306   358 0.89 -
2164_g               -            799 11405at5794          -            289   1.2e-09   35.8   6.6   1   3   3.6e-05    0.0063   13.7   0.1   205   280   492   566   436   575 0.81 -
2164_g               -            799 11405at5794          -            289   1.2e-09   35.8   6.6   2   3   7.7e-07   0.00014   19.2   1.7   184   270   617   701   586   729 0.56 -
2164_g               -            799 11405at5794          -            289   1.2e-09   35.8   6.6   3   3      0.45        79    0.3   0.0   177   205   743   771   727   787 0.80 -
1278_g               -            630 11405at5794          -            289   2.7e-09   34.6   7.5   1   4    0.0019      0.33    8.1   0.0   181   240   352   413   334   418 0.82 -
1278_g               -            630 11405at5794          -            289   2.7e-09   34.6   7.5   2   4   0.00027     0.048   10.9   0.1    59    93   462   496   430   500 0.86 -
1278_g               -            630 11405at5794          -            289   2.7e-09   34.6   7.5   3   4    0.0041      0.72    7.0   0.5    75   146   521   589   504   607 0.76 -
1278_g               -            630 11405at5794          -            289   2.7e-09   34.6   7.5   4   4   1.3e-05    0.0024   15.1   2.2   183   239   571   629   557   629 0.86 -
1466_g               -            482 11405at5794          -            289   4.9e-09   33.8   8.8   1   4       1.8   3.1e+02   -1.7   0.0   202   227   122   146    82   155 0.55 -
1466_g               -            482 11405at5794          -            289   4.9e-09   33.8   8.8   2   4   3.6e-05    0.0063   13.8   0.3   176   243   178   249   173   251 0.74 -
1466_g               -            482 11405at5794          -            289   4.9e-09   33.8   8.8   3   4   4.7e-09   8.2e-07   26.5   3.8   170   240   215   288   191   296 0.80 -
1466_g               -            482 11405at5794          -            289   4.9e-09   33.8   8.8   4   4    0.0024      0.43    7.7   0.1   118   198   323   393   300   416 0.70 -
95_g                 -            392 11405at5794          -            289   1.3e-06   25.8   0.4   1   3       1.8   3.2e+02   -1.7   0.0    17    34   141   158   137   166 0.86 -
95_g                 -            392 11405at5794          -            289   1.3e-06   25.8   0.4   2   3   3.6e-07   6.4e-05   20.3   0.1   183   240   193   252   190   261 0.82 -
95_g                 -            392 11405at5794          -            289   1.3e-06   25.8   0.4   3   3     0.081        14    2.7   0.0    56    91   256   294   253   303 0.84 -
3938_g               -            424 11405at5794          -            289   1.4e-06   25.8   2.6   1   2   0.00037     0.065   10.4   1.6   202   241   164   202   102   226 0.71 -
3938_g               -            424 11405at5794          -            289   1.4e-06   25.8   2.6   2   2    0.0029      0.51    7.5   0.0   185   236   297   348   276   353 0.84 -
3074_g               -            690 11405at5794          -            289   1.4e-06   25.7   3.4   1   4      0.36        64    0.6   0.2    71    97    80   106    52   134 0.66 -
3074_g               -            690 11405at5794          -            289   1.4e-06   25.7   3.4   2   4   4.3e-07   7.6e-05   20.0   0.0   202   245   165   208   158   240 0.90 -
3074_g               -            690 11405at5794          -            289   1.4e-06   25.7   3.4   3   4     0.099        17    2.4   0.0   208   239   285   316   275   322 0.91 -
3074_g               -            690 11405at5794          -            289   1.4e-06   25.7   3.4   4   4       1.7   2.9e+02   -1.6   0.0   163   232   424   501   416   513 0.56 -
2737_g               -            472 11405at5794          -            289   2.5e-06   24.9   7.5   1   4     0.063        11    3.1   0.1   148   239    51   144    21   179 0.58 -
2737_g               -            472 11405at5794          -            289   2.5e-06   24.9   7.5   2   4   4.5e-06   0.00078   16.7   0.0   182   267   195   278   174   293 0.81 -
2737_g               -            472 11405at5794          -            289   2.5e-06   24.9   7.5   3   4     0.006       1.1    6.4   0.2   177   239   269   337   264   384 0.67 -
2737_g               -            472 11405at5794          -            289   2.5e-06   24.9   7.5   4   4      0.12        22    2.1   0.2    67    98   413   444   396   458 0.77 -
2624_g               -            593 11405at5794          -            289     4e-06   24.2   5.9   1   4       2.4   4.3e+02   -2.1   0.0   205   229   156   180   141   190 0.73 -
2624_g               -            593 11405at5794          -            289     4e-06   24.2   5.9   2   4   1.8e-07   3.1e-05   21.3   1.0   183   282   188   288   178   295 0.81 -
2624_g               -            593 11405at5794          -            289     4e-06   24.2   5.9   3   4    0.0033      0.59    7.3   0.5    57   103   254   302   245   318 0.74 -
2624_g               -            593 11405at5794          -            289     4e-06   24.2   5.9   4   4      0.28        50    0.9   0.1   196   275   432   510   412   522 0.75 -
1487_g               -            375 11405at5794          -            289   7.9e-06   23.3   0.7   1   3     0.011         2    5.5   0.1   202   256    21    73     7   101 0.74 -
1487_g               -            375 11405at5794          -            289   7.9e-06   23.3   0.7   2   3   2.8e-05    0.0049   14.1   0.0   177   280   126   235   109   242 0.82 -
1487_g               -            375 11405at5794          -            289   7.9e-06   23.3   0.7   3   3      0.51        89    0.1   0.0    78    93   317   332   311   371 0.82 -
1292_g               -            446 11405at5794          -            289   1.8e-05   22.1   3.9   1   2   8.4e-07   0.00015   19.1   1.1   176   237   309   377   298   385 0.73 -
1292_g               -            446 11405at5794          -            289   1.8e-05   22.1   3.9   2   2      0.27        48    1.0   0.1   204   238   399   433   382   444 0.76 -
3396_g               -            328 11405at5794          -            289   3.4e-05   21.2   0.3   1   3     0.039       6.8    3.8   0.0    65   107    51    95    40   103 0.77 -
3396_g               -            328 11405at5794          -            289   3.4e-05   21.2   0.3   2   3   3.4e-05     0.006   13.8   0.3   178   235   150   208   117   217 0.86 -
3396_g               -            328 11405at5794          -            289   3.4e-05   21.2   0.3   3   3       1.7   2.9e+02   -1.6   0.0    67   197   290   315   240   321 0.59 -
887_g                -            323 11405at5794          -            289   0.00033   17.9   3.2   1   3    0.0005     0.089   10.0   0.1    19    98    13    90     2   101 0.79 -
887_g                -            323 11405at5794          -            289   0.00033   17.9   3.2   2   3    0.0029      0.52    7.5   0.1   185   229   112   160    97   169 0.82 -
887_g                -            323 11405at5794          -            289   0.00033   17.9   3.2   3   3       1.2   2.1e+02   -1.1   0.0    68    97   274   303   235   316 0.62 -
750_g                -            365 11405at5794          -            289    0.0011   16.3   8.4   1   4   0.00095      0.17    9.1   0.1   203   240    10    46     2    54 0.80 -
750_g                -            365 11405at5794          -            289    0.0011   16.3   8.4   2   4    0.0029      0.51    7.5   0.7   174   240    64   129    47   154 0.76 -
750_g                -            365 11405at5794          -            289    0.0011   16.3   8.4   3   4      0.14        25    1.9   0.1   187   220   163   196   142   262 0.68 -
750_g                -            365 11405at5794          -            289    0.0011   16.3   8.4   4   4         1   1.8e+02   -0.9   0.0   105   141   323   360   312   363 0.70 -
397_g                -            332 11405at5794          -            289    0.0041   14.3   3.0   1   3    0.0045      0.79    6.8   0.1   181   213    27    59     5    68 0.79 -
397_g                -            332 11405at5794          -            289    0.0041   14.3   3.0   2   3       1.2   2.1e+02   -1.1   0.1   152   195   156   199    99   237 0.56 -
397_g                -            332 11405at5794          -            289    0.0041   14.3   3.0   3   3    0.0043      0.76    6.9   0.0   183   229   273   319   268   328 0.80 -
#
# Program:         hmmsearch
# Version:         3.1b2 (February 2015)
# Pipeline mode:   SEARCH
# Query file:      /mnt/e/Bioinformatics/Semester2/BINP29/Malaria Project/Genomes/Parsed/busco_downloads/lineages/apicomplexa_odb10/hmms/11405at5794.hmm
# Target file:     /mnt/e/Bioinformatics/Semester2/BINP29/Malaria Project/Genomes/Parsed/Py_new.faa
# Option settings: hmmsearch --domtblout /mnt/e/Bioinformatics/Semester2/BINP29/Malaria Project/Genomes/Parsed/Py/run_apicomplexa_odb10/hmmer_output/initial_run_results/11405at5794.out --cpu 1 /mnt/e/Bioinformatics/Semester2/BINP29/Malaria Project/Genomes/Parsed/busco_downloads/lineages/apicomplexa_odb10/hmms/11405at5794.hmm /mnt/e/Bioinformatics/Semester2/BINP29/Malaria Project/Genomes/Parsed/Py_new.faa 
# Current dir:     /mnt/e/Bioinformatics/Semester2/BINP29/Malaria Project/Genomes/Parsed
# Date:            Wed Mar  1 19:32:41 2023
# [ok]
