#                                                                            --- full sequence --- -------------- this domain -------------   hmm coord   ali coord   env coord
# target name        accession   tlen query name           accession   qlen   E-value  score  bias   #  of  c-Evalue  i-Evalue  score  bias  from    to  from    to  from    to  acc description of target
#------------------- ---------- ----- -------------------- ---------- ----- --------- ------ ----- --- --- --------- --------- ------ ----- ----- ----- ----- ----- ----- ----- ---- ---------------------
1003_g               -            394 11621at5794          -            323    3e-184  609.8  13.7   1   1    2e-184  4.4e-182  602.7  13.7     2   323    10   386     9   386 0.90 -
4321_g               -            816 11621at5794          -            323  1.3e-110  367.9   0.1   1   2   2.4e-60   5.3e-58  194.9   0.2    84   307   206   435   198   445 0.89 -
4321_g               -            816 11621at5794          -            323  1.3e-110  367.9   0.1   2   2     6e-53   1.3e-50  170.6   0.0    84   301   479   705   455   717 0.91 -
700_g                -           1163 11621at5794          -            323  4.3e-109  362.8   0.8   1   2   3.1e-60   6.9e-58  194.6   0.2    81   309   517   753   489   766 0.87 -
700_g                -           1163 11621at5794          -            323  4.3e-109  362.8   0.8   2   2     1e-51   2.3e-49  166.6   0.0    83   299   866  1089   818  1109 0.88 -
1534_g               -            423 11621at5794          -            323   5.4e-93  309.9   2.6   1   1     6e-95   1.3e-92  308.6   2.6    14   318    72   409    57   414 0.84 -
1049_g               -            421 11621at5794          -            323     4e-90  300.5   1.7   1   1     9e-92     2e-89  298.2   1.7    56   317   124   405    66   411 0.84 -
3574_g               -            448 11621at5794          -            323   7.1e-89  296.4   0.1   1   1   5.3e-91   1.2e-88  295.7   0.1    33   320   120   438    91   440 0.85 -
3808_g               -            451 11621at5794          -            323     5e-84  280.5   0.1   1   1   3.4e-86   7.5e-84  279.9   0.1    84   320   198   443   183   445 0.94 -
4556_g               -            393 11621at5794          -            323   7.6e-83  276.6   1.6   1   1   1.5e-83   3.3e-81  271.2   1.6     7   313    36   377    32   385 0.82 -
2514_g               -           1042 11621at5794          -            323   4.1e-71  238.0   8.0   1   4     4e-09   8.9e-07   26.6   0.0    83   138   283   338   258   360 0.90 -
2514_g               -           1042 11621at5794          -            323   4.1e-71  238.0   8.0   2   4   9.9e-16   2.2e-13   48.3   1.0   167   290   430   554   412   587 0.79 -
2514_g               -           1042 11621at5794          -            323   4.1e-71  238.0   8.0   3   4   3.7e-49   8.2e-47  158.2   0.2    83   262   657   836   644   850 0.91 -
2514_g               -           1042 11621at5794          -            323   4.1e-71  238.0   8.0   4   4    0.0085       1.9    5.8   0.0   273   299   956   982   927  1001 0.84 -
1165_g               -            981 11621at5794          -            323   1.1e-59  200.5   4.8   1   2     6e-08   1.3e-05   22.8   0.4    69   292   159   376   145   392 0.74 -
1165_g               -            981 11621at5794          -            323   1.1e-59  200.5   4.8   2   2   1.4e-55   3.1e-53  179.3   0.4    70   303   532   770   521   780 0.90 -
1462_g               -            851 11621at5794          -            323   8.3e-55  184.5   0.1   1   1   6.1e-57   1.4e-54  183.7   0.1    84   316   153   396   145   405 0.89 -
520_g                -            704 11621at5794          -            323   2.3e-53  179.7   0.8   1   1   2.2e-55   4.8e-53  178.7   0.8    68   294   236   467   199   488 0.87 -
3907_g               -            983 11621at5794          -            323   8.4e-45  151.6   0.2   1   1   6.2e-47   1.4e-44  150.9   0.2    84   308   428   668   361   678 0.83 -
2824_g               -            777 11621at5794          -            323     4e-43  146.1   2.2   1   2   1.4e-40   3.1e-38  130.0   0.2    67   270   227   443   156   481 0.82 -
2824_g               -            777 11621at5794          -            323     4e-43  146.1   2.2   2   2   8.6e-06    0.0019   15.7   0.1   119   257   561   700   526   762 0.77 -
589_g                -            431 11621at5794          -            323   3.8e-36  123.1   0.0   1   1   9.9e-38   2.2e-35  120.6   0.0    84   264   115   293   107   362 0.80 -
2749_g               -            626 11621at5794          -            323   1.9e-34  117.6   0.3   1   1   1.4e-36     3e-34  116.9   0.3    85   291   351   566   339   577 0.82 -
748_g                -           1188 11621at5794          -            323   6.3e-26   89.6   0.0   1   2   7.5e-21   1.7e-18   65.2   0.0   118   227   584   699   551   711 0.86 -
748_g                -           1188 11621at5794          -            323   6.3e-26   89.6   0.0   2   2   1.4e-07   3.2e-05   21.5   0.0   206   263   780   837   773   852 0.87 -
729_g                -           1074 11621at5794          -            323   4.4e-14   50.6   0.0   1   1   3.8e-16   8.4e-14   49.7   0.0   118   212   837   935   828   979 0.80 -
2338_g               -            650 11621at5794          -            323   5.7e-14   50.3   0.0   1   1   4.3e-16   9.6e-14   49.5   0.0   118   255   356   496   327   506 0.75 -
3729_g               -            581 11621at5794          -            323   1.5e-12   45.6   0.1   1   1   1.4e-14     3e-12   44.6   0.1   116   277   296   476   268   482 0.75 -
53_g                 -            476 11621at5794          -            323   8.2e-10   36.6   0.0   1   2    0.0001     0.023   12.1   0.0   103   158   237   292   220   318 0.81 -
53_g                 -            476 11621at5794          -            323   8.2e-10   36.6   0.0   2   2   8.2e-08   1.8e-05   22.3   0.0   198   251   353   406   341   423 0.87 -
544_g                -            772 11621at5794          -            323   0.00015   19.3   0.1   1   2      0.15        33    1.8   0.0   114   136   546   568   532   575 0.83 -
544_g                -            772 11621at5794          -            323   0.00015   19.3   0.1   2   2   1.6e-05    0.0036   14.8   0.1   147   193   665   711   649   748 0.80 -
#
# Program:         hmmsearch
# Version:         3.1b2 (February 2015)
# Pipeline mode:   SEARCH
# Query file:      /mnt/e/Bioinformatics/Semester2/BINP29/Malaria Project/Genomes/Parsed/busco_downloads/lineages/apicomplexa_odb10/hmms/11621at5794.hmm
# Target file:     /mnt/e/Bioinformatics/Semester2/BINP29/Malaria Project/Genomes/Parsed/Py_new.faa
# Option settings: hmmsearch --domtblout /mnt/e/Bioinformatics/Semester2/BINP29/Malaria Project/Genomes/Parsed/Py/run_apicomplexa_odb10/hmmer_output/initial_run_results/11621at5794.out --cpu 1 /mnt/e/Bioinformatics/Semester2/BINP29/Malaria Project/Genomes/Parsed/busco_downloads/lineages/apicomplexa_odb10/hmms/11621at5794.hmm /mnt/e/Bioinformatics/Semester2/BINP29/Malaria Project/Genomes/Parsed/Py_new.faa 
# Current dir:     /mnt/e/Bioinformatics/Semester2/BINP29/Malaria Project/Genomes/Parsed
# Date:            Wed Mar  1 19:32:41 2023
# [ok]
