#                                                                            --- full sequence --- -------------- this domain -------------   hmm coord   ali coord   env coord
# target name        accession   tlen query name           accession   qlen   E-value  score  bias   #  of  c-Evalue  i-Evalue  score  bias  from    to  from    to  from    to  acc description of target
#------------------- ---------- ----- -------------------- ---------- ----- --------- ------ ----- --- --- --------- --------- ------ ----- ----- ----- ----- ----- ----- ----- ---- ---------------------
4750_g               -           1171 11677at5794          -            656    3e-201  668.2  81.5   1   7   8.5e-66   1.1e-63  213.7  10.3     1   188     1   234     1   265 0.82 -
4750_g               -           1171 11677at5794          -            656    3e-201  668.2  81.5   2   7   3.4e-06   0.00044   16.7  12.8   186   256   351   418   332   444 0.81 -
4750_g               -           1171 11677at5794          -            656    3e-201  668.2  81.5   3   7       1.7   2.2e+02   -2.1   0.0   213   245   460   492   428   505 0.64 -
4750_g               -           1171 11677at5794          -            656    3e-201  668.2  81.5   4   7   6.2e-23     8e-21   72.0   4.0   237   340   579   701   566   717 0.84 -
4750_g               -           1171 11677at5794          -            656    3e-201  668.2  81.5   5   7  3.6e-101   4.6e-99  330.6   7.7   341   566   741   975   732   991 0.94 -
4750_g               -           1171 11677at5794          -            656    3e-201  668.2  81.5   6   7   1.8e-15   2.4e-13   47.4   2.0   560   616   998  1056   986  1072 0.82 -
4750_g               -           1171 11677at5794          -            656    3e-201  668.2  81.5   7   7   6.4e-07   8.3e-05   19.1   3.6   611   656  1078  1135  1068  1135 0.82 -
3668_g               -            649 11677at5794          -            656   1.6e-36  123.9  19.5   1   5   1.2e-13   1.6e-11   41.3   0.3   380   467   110   197    76   201 0.94 -
3668_g               -            649 11677at5794          -            656   1.6e-36  123.9  19.5   2   5      0.96   1.2e+02   -1.3   0.0    76    93   196   213   194   223 0.85 -
3668_g               -            649 11677at5794          -            656   1.6e-36  123.9  19.5   3   5   6.3e-09   8.1e-07   25.8   3.1    58   135   327   415   289   436 0.71 -
3668_g               -            649 11677at5794          -            656   1.6e-36  123.9  19.5   4   5   7.4e-15   9.5e-13   45.4   0.3   369   459   464   554   448   561 0.92 -
3668_g               -            649 11677at5794          -            656   1.6e-36  123.9  19.5   5   5   2.1e-07   2.7e-05   20.7   0.1   384   416   615   647   608   648 0.94 -
3258_g               -            324 11677at5794          -            656   6.1e-33  112.1  13.2   1   4   6.1e-05    0.0079   12.6   0.0   385   417    33    65    27    67 0.88 -
3258_g               -            324 11677at5794          -            656   6.1e-33  112.1  13.2   2   4   1.5e-17   1.9e-15   54.3   1.5    75   161    72   162    69   169 0.90 -
3258_g               -            324 11677at5794          -            656   6.1e-33  112.1  13.2   3   4   1.8e-09   2.4e-07   27.5   0.9   355   418   169   233   163   235 0.90 -
3258_g               -            324 11677at5794          -            656   6.1e-33  112.1  13.2   4   4   2.7e-08   3.5e-06   23.7   0.0    89   143   262   318   255   322 0.91 -
3225_g               -            602 11677at5794          -            656   9.2e-30  101.6   7.7   1   6    0.0012      0.15    8.3   0.3   386   418    18    52    15    55 0.92 -
3225_g               -            602 11677at5794          -            656   9.2e-30  101.6   7.7   2   6   4.2e-17   5.4e-15   52.8   1.3   383   460    66   143    62   154 0.94 -
3225_g               -            602 11677at5794          -            656   9.2e-30  101.6   7.7   3   6   5.9e-15   7.6e-13   45.7   0.1   390   503   158   277   145   285 0.86 -
3225_g               -            602 11677at5794          -            656   9.2e-30  101.6   7.7   4   6   8.2e-08   1.1e-05   22.1   0.0   394   498   206   318   205   321 0.84 -
3225_g               -            602 11677at5794          -            656   9.2e-30  101.6   7.7   5   6       1.3   1.7e+02   -1.7   2.7   527   649   388   512   323   517 0.65 -
3225_g               -            602 11677at5794          -            656   9.2e-30  101.6   7.7   6   6      0.34        44    0.2   0.6   225   278   485   538   481   543 0.88 -
82_g                 -           1381 11677at5794          -            656   1.3e-24   84.6  33.0   1   3   1.6e-15     2e-13   47.6   0.6    46   156    10   130     1   134 0.79 -
82_g                 -           1381 11677at5794          -            656   1.3e-24   84.6  33.0   2   3   0.00018     0.024   11.0   0.1   117   149   131   165   130   173 0.79 -
82_g                 -           1381 11677at5794          -            656   1.3e-24   84.6  33.0   3   3   2.5e-15   3.3e-13   46.9   0.2    77   189   243   368   236   391 0.79 -
2875_g               -            500 11677at5794          -            656     1e-23   81.6  12.7   1   4   2.1e-09   2.8e-07   27.3   0.2    93   147   228   284   224   290 0.89 -
2875_g               -            500 11677at5794          -            656     1e-23   81.6  12.7   2   4     0.023         3    4.0   0.1   426   467   298   339   294   345 0.65 -
2875_g               -            500 11677at5794          -            656     1e-23   81.6  12.7   3   4   2.7e-12   3.5e-10   36.9   0.0    96   157   361   424   355   433 0.92 -
2875_g               -            500 11677at5794          -            656     1e-23   81.6  12.7   4   4   7.1e-07   9.2e-05   19.0   1.2   352   416   432   499   424   499 0.84 -
2817_g               -            616 11677at5794          -            656   2.7e-23   80.2   4.6   1   4   2.1e-14   2.8e-12   43.8   0.3   375   465   288   378   286   381 0.92 -
2817_g               -            616 11677at5794          -            656   2.7e-23   80.2   4.6   2   4     3e-15   3.9e-13   46.7   0.5    76   160   379   468   377   495 0.86 -
2817_g               -            616 11677at5794          -            656   2.7e-23   80.2   4.6   3   4      0.33        43    0.2   0.0   242   272   466   496   460   511 0.87 -
2817_g               -            616 11677at5794          -            656   2.7e-23   80.2   4.6   4   4      0.11        14    1.9   0.1   393   416   570   593   565   595 0.80 -
3622_g               -           1192 11677at5794          -            656   6.8e-23   78.9  48.7   1   6       3.5   4.5e+02   -3.1   0.3   204   210    48    54    26   108 0.48 -
3622_g               -           1192 11677at5794          -            656   6.8e-23   78.9  48.7   2   6   6.6e-09   8.6e-07   25.7   1.6    39   131   176   273   168   283 0.79 -
3622_g               -           1192 11677at5794          -            656   6.8e-23   78.9  48.7   3   6     0.055       7.1    2.8   0.5   427   472   467   515   452   526 0.77 -
3622_g               -           1192 11677at5794          -            656   6.8e-23   78.9  48.7   4   6   1.5e-11     2e-09   34.4   1.1    75   150   587   670   567   673 0.79 -
3622_g               -           1192 11677at5794          -            656   6.8e-23   78.9  48.7   5   6   3.3e-14   4.2e-12   43.2   3.2   379   474   694   787   684   795 0.91 -
3622_g               -           1192 11677at5794          -            656   6.8e-23   78.9  48.7   6   6     0.018       2.4    4.4   0.6    59   112   798   860   784   866 0.78 -
4397_g               -            637 11677at5794          -            656   4.8e-20   69.5  22.3   1   3   7.9e-10     1e-07   28.7   2.0    77   159   350   437   341   448 0.78 -
4397_g               -            637 11677at5794          -            656   4.8e-20   69.5  22.3   2   3   4.5e-10   5.9e-08   29.5   0.1    91   156   451   518   440   519 0.55 -
4397_g               -            637 11677at5794          -            656   4.8e-20   69.5  22.3   3   3   1.2e-09   1.5e-07   28.2   0.1   383   472   518   607   515   631 0.91 -
2959_g               -           1009 11677at5794          -            656   1.4e-18   64.6  23.7   1   4   4.2e-05    0.0054   13.1   0.2   391   494    18   127    15   132 0.88 -
2959_g               -           1009 11677at5794          -            656   1.4e-18   64.6  23.7   2   4   1.1e-07   1.4e-05   21.7   0.2    77   156    94   180    91   183 0.83 -
2959_g               -           1009 11677at5794          -            656   1.4e-18   64.6  23.7   3   4   1.4e-14   1.9e-12   44.4   4.8    76   165   184   283   181   304 0.84 -
2959_g               -           1009 11677at5794          -            656   1.4e-18   64.6  23.7   4   4      0.14        18    1.5   2.2   229   290   459   520   445   568 0.86 -
250_g                -            620 11677at5794          -            656   3.3e-17   60.1  16.5   1   6     0.013       1.7    4.9   0.6   384   445   224   292   206   300 0.79 -
250_g                -            620 11677at5794          -            656   3.3e-17   60.1  16.5   2   6    0.0024      0.31    7.3   0.3   395   416   301   322   295   323 0.91 -
250_g                -            620 11677at5794          -            656   3.3e-17   60.1  16.5   3   6   2.8e-07   3.6e-05   20.3   0.0    77   149   401   478   398   486 0.84 -
250_g                -            620 11677at5794          -            656   3.3e-17   60.1  16.5   4   6   1.9e-06   0.00025   17.5   0.0    79   149   445   522   437   523 0.80 -
250_g                -            620 11677at5794          -            656   3.3e-17   60.1  16.5   5   6     2e-10   2.6e-08   30.7   0.6    91   154   504   570   488   576 0.82 -
250_g                -            620 11677at5794          -            656   3.3e-17   60.1  16.5   6   6     0.034       4.4    3.5   0.0   391   418   580   607   576   609 0.91 -
3138_g               -            551 11677at5794          -            656   7.8e-17   58.9  22.1   1   5      0.34        45    0.2   5.9   189   232   251   296   237   299 0.65 -
3138_g               -            551 11677at5794          -            656   7.8e-17   58.9  22.1   2   5   1.7e-12   2.3e-10   37.5   2.3    59   152   298   401   296   408 0.84 -
3138_g               -            551 11677at5794          -            656   7.8e-17   58.9  22.1   3   5   4.1e-08   5.2e-06   23.1   0.3    79   128   365   417   359   421 0.89 -
3138_g               -            551 11677at5794          -            656   7.8e-17   58.9  22.1   4   5   1.5e-06    0.0002   17.9   2.4   387   457   409   483   408   494 0.78 -
3138_g               -            551 11677at5794          -            656   7.8e-17   58.9  22.1   5   5   5.4e-06    0.0007   16.1   0.1   374   417   484   527   474   529 0.85 -
1046_g               -            527 11677at5794          -            656   4.6e-16   56.3  23.5   1   5     0.014       1.8    4.8   0.2   385   422   217   254   177   269 0.63 -
1046_g               -            527 11677at5794          -            656   4.6e-16   56.3  23.5   2   5   3.1e-07     4e-05   20.2   1.8    91   156   232   307   204   312 0.76 -
1046_g               -            527 11677at5794          -            656   4.6e-16   56.3  23.5   3   5   7.1e-13   9.2e-11   38.8   2.8   387   470   269   352   261   363 0.93 -
1046_g               -            527 11677at5794          -            656   4.6e-16   56.3  23.5   4   5   1.2e-08   1.5e-06   24.9   3.8   387   474   311   398   307   425 0.90 -
1046_g               -            527 11677at5794          -            656   4.6e-16   56.3  23.5   5   5      0.14        19    1.4   5.6   250   387   360   497   348   524 0.70 -
3938_g               -            424 11677at5794          -            656   1.6e-14   51.3   6.6   1   3   3.5e-05    0.0045   13.4   0.2   394   425   116   147   113   156 0.87 -
3938_g               -            424 11677at5794          -            656   1.6e-14   51.3   6.6   2   3   1.5e-07   1.9e-05   21.3   0.3   385   423   168   208   147   235 0.78 -
3938_g               -            424 11677at5794          -            656   1.6e-14   51.3   6.6   3   3   8.2e-07   0.00011   18.8   0.1   390   455   284   348   260   357 0.88 -
1278_g               -            630 11677at5794          -            656   1.9e-14   51.0  11.5   1   3   3.3e-07   4.3e-05   20.1   0.2    75   149   333   414   330   418 0.82 -
1278_g               -            630 11677at5794          -            656   1.9e-14   51.0  11.5   2   3     2e-05    0.0026   14.2   0.3   362   459   442   540   430   541 0.78 -
1278_g               -            630 11677at5794          -            656   1.9e-14   51.0  11.5   3   3   1.2e-07   1.5e-05   21.5   3.8   353   457   517   628   502   629 0.61 -
3396_g               -            328 11677at5794          -            656     2e-14   50.9   0.4   1   4   1.6e-06   0.00021   17.8   0.1   383   468     5    89     2    92 0.91 -
3396_g               -            328 11677at5794          -            656     2e-14   50.9   0.4   2   4      0.02       2.6    4.3   0.1   384   465    47   136    44   143 0.75 -
3396_g               -            328 11677at5794          -            656     2e-14   50.9   0.4   3   4   1.4e-07   1.8e-05   21.3   0.1    90   142   153   207   139   215 0.84 -
3396_g               -            328 11677at5794          -            656     2e-14   50.9   0.4   4   4    0.0028      0.36    7.1   0.0    96   151   263   320   254   324 0.84 -
750_g                -            365 11677at5794          -            656   5.2e-14   49.5  16.4   1   3   2.2e-13   2.8e-11   40.5   6.8   378   490     7   124     5   137 0.82 -
750_g                -            365 11677at5794          -            656   5.2e-14   49.5  16.4   2   3   4.7e-05    0.0061   13.0   0.6   323   385   161   224   149   229 0.90 -
750_g                -            365 11677at5794          -            656   5.2e-14   49.5  16.4   3   3      0.19        24    1.1   0.0    79   112   230   263   218   267 0.81 -
4793_g               -            786 11677at5794          -            656     8e-14   48.9  15.2   1   4   2.9e-06   0.00037   17.0   0.1   429   493    65   135    60   143 0.85 -
4793_g               -            786 11677at5794          -            656     8e-14   48.9  15.2   2   4   1.2e-05    0.0015   15.0   4.1   129   231   257   358   215   372 0.88 -
4793_g               -            786 11677at5794          -            656     8e-14   48.9  15.2   3   4   5.2e-08   6.7e-06   22.7   0.4   400   459   391   449   384   466 0.94 -
4793_g               -            786 11677at5794          -            656     8e-14   48.9  15.2   4   4       4.2   5.4e+02   -3.4   0.0    62    74   769   781   753   783 0.72 -
2737_g               -            472 11677at5794          -            656   1.8e-13   47.7  11.1   1   3   7.4e-10   9.6e-08   28.8   0.3   384   467    69   153    63   157 0.89 -
2737_g               -            472 11677at5794          -            656   1.8e-13   47.7  11.1   2   3     0.013       1.7    4.9   0.2   399   468   194   262   183   272 0.84 -
2737_g               -            472 11677at5794          -            656   1.8e-13   47.7  11.1   3   3   4.8e-07   6.2e-05   19.5   1.4   318   416   277   380   264   381 0.80 -
4657_g               -            465 11677at5794          -            656   4.2e-12   43.2   5.7   1   2   3.3e-14   4.2e-12   43.2   5.7   307   462    34   191    20   194 0.82 -
4657_g               -            465 11677at5794          -            656   4.2e-12   43.2   5.7   2   2       1.3   1.7e+02   -1.7   6.0   390   475   202   283   199   368 0.50 -
1443_g               -            504 11677at5794          -            656   4.6e-12   43.1   3.7   1   1   3.6e-14   4.6e-12   43.1   3.7   390   464   279   355   276   381 0.91 -
3894_g               -            554 11677at5794          -            656   2.4e-11   40.7  12.6   1   3   8.8e-08   1.1e-05   22.0   0.2   385   460    39   117    33   141 0.85 -
3894_g               -            554 11677at5794          -            656   2.4e-11   40.7  12.6   2   3   3.9e-08   5.1e-06   23.1   1.2   378   466   152   239   144   244 0.87 -
3894_g               -            554 11677at5794          -            656   2.4e-11   40.7  12.6   3   3     0.093        12    2.1   0.2    50   106   338   406   328   417 0.69 -
1466_g               -            482 11677at5794          -            656   9.6e-11   38.7   2.2   1   3      0.14        19    1.5   0.2    89   118   182   211   160   224 0.65 -
1466_g               -            482 11677at5794          -            656   9.6e-11   38.7   2.2   2   3   7.4e-13   9.6e-11   38.7   2.2   394   506   223   338   218   357 0.85 -
1466_g               -            482 11677at5794          -            656   9.6e-11   38.7   2.2   3   3      0.14        19    1.4   0.2   130   218   376   466   366   480 0.50 -
1983_g               -            447 11677at5794          -            656   1.6e-10   38.0   1.8   1   3    0.0068      0.88    5.8   0.1   425   464   143   184   129   188 0.80 -
1983_g               -            447 11677at5794          -            656   1.6e-10   38.0   1.8   2   3   1.4e-08   1.8e-06   24.6   0.0   324   461   221   370   214   377 0.73 -
1983_g               -            447 11677at5794          -            656   1.6e-10   38.0   1.8   3   3     0.046         6    3.1   0.0   113   152   387   431   371   433 0.74 -
760_g                -           1060 11677at5794          -            656   1.6e-10   38.0  30.7   1   7   3.1e-05     0.004   13.5   2.5   326   457    95   234    18   240 0.71 -
760_g                -           1060 11677at5794          -            656   1.6e-10   38.0  30.7   2   7     0.018       2.3    4.4   0.8    89   154   321   389   298   411 0.60 -
760_g                -           1060 11677at5794          -            656   1.6e-10   38.0  30.7   3   7   9.4e-08   1.2e-05   21.9   0.1   400   478   433   510   425   526 0.79 -
760_g                -           1060 11677at5794          -            656   1.6e-10   38.0  30.7   4   7     2e-05    0.0026   14.2   2.1    74   157   573   668   526   671 0.65 -
760_g                -           1060 11677at5794          -            656   1.6e-10   38.0  30.7   5   7      0.77        99   -1.0   0.2   432   466   724   759   716   775 0.67 -
760_g                -           1060 11677at5794          -            656   1.6e-10   38.0  30.7   6   7       1.7   2.2e+02   -2.1   0.1   142   167   757   782   743   790 0.88 -
760_g                -           1060 11677at5794          -            656   1.6e-10   38.0  30.7   7   7       3.6   4.6e+02   -3.2   0.0   191   262   783   851   773   860 0.72 -
1487_g               -            375 11677at5794          -            656   2.9e-09   33.9   8.2   1   3   8.9e-05     0.011   12.1   3.2   393   492    34   148    22   154 0.79 -
1487_g               -            375 11677at5794          -            656   2.9e-09   33.9   8.2   2   3      0.11        14    1.8   3.5   353   511   128   284   119   304 0.70 -
1487_g               -            375 11677at5794          -            656   2.9e-09   33.9   8.2   3   3   2.6e-07   3.4e-05   20.4   0.0   329   408   289   365   268   371 0.78 -
1339_g               -            609 11677at5794          -            656   3.4e-08   30.3  30.0   1   5       5.3   6.8e+02   -3.7   1.3   514   549    27    64    18    65 0.74 -
1339_g               -            609 11677at5794          -            656   3.4e-08   30.3  30.0   2   5       1.2   1.6e+02   -1.6   1.4   485   546   154   218   117   251 0.63 -
1339_g               -            609 11677at5794          -            656   3.4e-08   30.3  30.0   3   5   1.5e-05    0.0019   14.6   1.1    92   160   294   380   290   395 0.73 -
1339_g               -            609 11677at5794          -            656   3.4e-08   30.3  30.0   4   5   2.4e-08   3.2e-06   23.8   2.8    83   175   392   489   383   509 0.72 -
1339_g               -            609 11677at5794          -            656   3.4e-08   30.3  30.0   5   5   0.00022     0.028   10.8   0.1   129   170   524   565   496   579 0.82 -
814_g                -           1129 11677at5794          -            656     1e-07   28.7  15.3   1   3     0.086        11    2.2  21.2   205   416   571   804   562   808 0.59 -
814_g                -           1129 11677at5794          -            656     1e-07   28.7  15.3   2   3   1.3e-07   1.6e-05   21.5   0.8    78   141   815   883   809   895 0.66 -
814_g                -           1129 11677at5794          -            656     1e-07   28.7  15.3   3   3   1.4e-07   1.8e-05   21.3   7.7   353   515   912  1094   894  1096 0.77 -
3332_g               -            628 11677at5794          -            656   1.7e-07   28.0   9.8   1   5   0.00014     0.018   11.4   0.1   387   416    12    41     5    57 0.84 -
3332_g               -            628 11677at5794          -            656   1.7e-07   28.0   9.8   2   5   6.4e-06   0.00082   15.8   0.0   352   414    86   152    50   154 0.83 -
3332_g               -            628 11677at5794          -            656   1.7e-07   28.0   9.8   3   5   2.9e-07   3.8e-05   20.2   3.0   426   502   277   362   270   381 0.82 -
3332_g               -            628 11677at5794          -            656   1.7e-07   28.0   9.8   4   5       2.8   3.7e+02   -2.8   2.3   193   235   424   463   389   484 0.59 -
3332_g               -            628 11677at5794          -            656   1.7e-07   28.0   9.8   5   5      0.47        61   -0.2   5.9   371   440   528   601   469   627 0.62 -
366_g                -            514 11677at5794          -            656   1.8e-07   27.9   7.9   1   4      0.17        22    1.2   0.0   252   337    92   180    64   194 0.78 -
366_g                -            514 11677at5794          -            656   1.8e-07   27.9   7.9   2   4    0.0046       0.6    6.4   0.2    92   111   256   275   249   302 0.78 -
366_g                -            514 11677at5794          -            656   1.8e-07   27.9   7.9   3   4   1.5e-06   0.00019   17.9   0.2    93   151   381   443   360   454 0.72 -
366_g                -            514 11677at5794          -            656   1.8e-07   27.9   7.9   4   4     0.035       4.5    3.5   0.0   386   418   474   507   464   513 0.62 -
4548_g               -            442 11677at5794          -            656   3.7e-07   26.9   2.2   1   3      0.28        36    0.5   0.3   509   556   103   153    73   179 0.66 -
4548_g               -            442 11677at5794          -            656   3.7e-07   26.9   2.2   2   3       2.2   2.9e+02   -2.5   0.1   444   458   264   278   238   286 0.59 -
4548_g               -            442 11677at5794          -            656   3.7e-07   26.9   2.2   3   3   2.9e-09   3.7e-07   26.9   2.2    73   151   301   387   299   389 0.73 -
3450_g               -            588 11677at5794          -            656   5.6e-07   26.3   0.2   1   3       9.7   1.3e+03   -4.6   4.3   238   321    38   115    12   128 0.58 -
3450_g               -            588 11677at5794          -            656   5.6e-07   26.3   0.2   2   3      0.18        24    1.1   0.1   435   471   198   234   180   270 0.56 -
3450_g               -            588 11677at5794          -            656   5.6e-07   26.3   0.2   3   3   4.3e-09   5.6e-07   26.3   0.2    93   173   329   411   314   423 0.78 -
4484_g               -            936 11677at5794          -            656   2.7e-06   24.0   0.2   1   3   3.4e-05    0.0044   13.4   0.0    67   107   184   227   154   232 0.48 -
4484_g               -            936 11677at5794          -            656   2.7e-06   24.0   0.2   2   3   1.9e-06   0.00025   17.6   0.2   357   416   268   330   252   333 0.80 -
4484_g               -            936 11677at5794          -            656   2.7e-06   24.0   0.2   3   3      0.58        74   -0.5   0.1   183   286   825   930   809   934 0.72 -
95_g                 -            392 11677at5794          -            656   3.1e-06   23.8   0.5   1   2     0.028       3.7    3.8   2.3   194   277    38   125    29   170 0.77 -
95_g                 -            392 11677at5794          -            656   3.1e-06   23.8   0.5   2   2   2.4e-08   3.1e-06   23.8   0.5   387   462   179   255   149   264 0.70 -
206_g                -            724 11677at5794          -            656   3.3e-06   23.8  12.2   1   4      0.16        21    1.2   5.9   193   240    31    77    18    84 0.84 -
206_g                -            724 11677at5794          -            656   3.3e-06   23.8  12.2   2   4    0.0017      0.22    7.8   2.7   353   462   116   231   102   271 0.74 -
206_g                -            724 11677at5794          -            656   3.3e-06   23.8  12.2   3   4   9.1e-06    0.0012   15.3   6.1    93   203   521   624   501   631 0.71 -
206_g                -            724 11677at5794          -            656   3.3e-06   23.8  12.2   4   4   2.5e-08   3.3e-06   23.8  12.2   301   458   543   706   542   712 0.85 -
221_g                -            364 11677at5794          -            656     5e-05   19.8   4.9   1   4      0.93   1.2e+02   -1.2   0.1   430   464    18    56    11    62 0.71 -
221_g                -            364 11677at5794          -            656     5e-05   19.8   4.9   2   4   1.5e-06   0.00019   17.9   0.1    94   150    83   144    76   149 0.83 -
221_g                -            364 11677at5794          -            656     5e-05   19.8   4.9   3   4     0.063       8.2    2.6   0.0    61    79   188   206   169   251 0.82 -
221_g                -            364 11677at5794          -            656     5e-05   19.8   4.9   4   4       4.5   5.9e+02   -3.5   0.0   390   414   329   354   323   357 0.77 -
4039_g               -            591 11677at5794          -            656   0.00013   18.5  39.1   1   5   1.5e-05    0.0019   14.6   8.1   114   240    35   152    29   159 0.76 -
4039_g               -            591 11677at5794          -            656   0.00013   18.5  39.1   2   5      0.36        47    0.1   0.0    96   120   159   183   154   210 0.82 -
4039_g               -            591 11677at5794          -            656   0.00013   18.5  39.1   3   5   1.5e-05     0.002   14.6   0.1    77   150   226   305   220   312 0.79 -
4039_g               -            591 11677at5794          -            656   0.00013   18.5  39.1   4   5       1.6   2.1e+02   -2.0   0.2   245   315   325   395   308   419 0.61 -
4039_g               -            591 11677at5794          -            656   0.00013   18.5  39.1   5   5   0.00021     0.027   10.8   0.6   118   149   553   584   549   588 0.84 -
3620_g               -            381 11677at5794          -            656   0.00042   16.8   0.0   1   3      0.87   1.1e+02   -1.1   1.1   142   192    82   134    78   140 0.73 -
3620_g               -            381 11677at5794          -            656   0.00042   16.8   0.0   2   3   3.2e-06   0.00042   16.8   0.0   374   411   184   221   175   227 0.89 -
3620_g               -            381 11677at5794          -            656   0.00042   16.8   0.0   3   3      0.16        20    1.3   0.2   245   274   243   273   224   314 0.68 -
#
# Program:         hmmsearch
# Version:         3.1b2 (February 2015)
# Pipeline mode:   SEARCH
# Query file:      /mnt/e/Bioinformatics/Semester2/BINP29/Malaria Project/Genomes/Parsed/busco_downloads/lineages/apicomplexa_odb10/hmms/11677at5794.hmm
# Target file:     /mnt/e/Bioinformatics/Semester2/BINP29/Malaria Project/Genomes/Parsed/Py_new.faa
# Option settings: hmmsearch --domtblout /mnt/e/Bioinformatics/Semester2/BINP29/Malaria Project/Genomes/Parsed/Py/run_apicomplexa_odb10/hmmer_output/initial_run_results/11677at5794.out --cpu 1 /mnt/e/Bioinformatics/Semester2/BINP29/Malaria Project/Genomes/Parsed/busco_downloads/lineages/apicomplexa_odb10/hmms/11677at5794.hmm /mnt/e/Bioinformatics/Semester2/BINP29/Malaria Project/Genomes/Parsed/Py_new.faa 
# Current dir:     /mnt/e/Bioinformatics/Semester2/BINP29/Malaria Project/Genomes/Parsed
# Date:            Wed Mar  1 19:32:42 2023
# [ok]
