#                                                                            --- full sequence --- -------------- this domain -------------   hmm coord   ali coord   env coord
# target name        accession   tlen query name           accession   qlen   E-value  score  bias   #  of  c-Evalue  i-Evalue  score  bias  from    to  from    to  from    to  acc description of target
#------------------- ---------- ----- -------------------- ---------- ----- --------- ------ ----- --- --- --------- --------- ------ ----- ----- ----- ----- ----- ----- ----- ---- ---------------------
2292_g               -            404 13336at5794          -            255   1.3e-85  284.8  24.7   1   5   2.9e-32   4.8e-29   99.5   0.3     1    66    29    94    29   100 0.97 -
2292_g               -            404 13336at5794          -            255   1.3e-85  284.8  24.7   2   5   5.7e-07   0.00093   16.6   0.2    58    79   100   121    95   132 0.86 -
2292_g               -            404 13336at5794          -            255   1.3e-85  284.8  24.7   3   5   1.8e-46   2.9e-43  146.0   6.1    75   189   141   265   127   284 0.85 -
2292_g               -            404 13336at5794          -            255   1.3e-85  284.8  24.7   4   5   2.1e-12   3.4e-09   34.4   0.3   187   223   293   329   283   339 0.87 -
2292_g               -            404 13336at5794          -            255   1.3e-85  284.8  24.7   5   5      0.16   2.5e+02   -1.2   0.0   222   239   357   374   355   388 0.81 -
4324_g               -            334 13336at5794          -            255    0.0013   16.1   4.2   1   2     1e-05     0.016   12.5   0.3    63    87   116   140   108   150 0.88 -
4324_g               -            334 13336at5794          -            255    0.0013   16.1   4.2   2   2    0.0031       5.1    4.3   0.4   108   145   244   281   238   288 0.87 -
2506_g               -            329 13336at5794          -            255    0.0091   13.3   0.1   1   3     0.021        34    1.6   0.0     1    32    21    52    21    59 0.90 -
2506_g               -            329 13336at5794          -            255    0.0091   13.3   0.1   2   3   0.00051      0.84    6.9   0.0    93   111   153   171   144   201 0.88 -
2506_g               -            329 13336at5794          -            255    0.0091   13.3   0.1   3   3     0.042        69    0.6   0.0   187   221   283   317   273   326 0.81 -
#
# Program:         hmmsearch
# Version:         3.1b2 (February 2015)
# Pipeline mode:   SEARCH
# Query file:      /mnt/e/Bioinformatics/Semester2/BINP29/Malaria Project/Genomes/Parsed/busco_downloads/lineages/apicomplexa_odb10/hmms/13336at5794.hmm
# Target file:     /mnt/e/Bioinformatics/Semester2/BINP29/Malaria Project/Genomes/Parsed/Py_new.faa
# Option settings: hmmsearch --domtblout /mnt/e/Bioinformatics/Semester2/BINP29/Malaria Project/Genomes/Parsed/Py/run_apicomplexa_odb10/hmmer_output/initial_run_results/13336at5794.out --cpu 1 /mnt/e/Bioinformatics/Semester2/BINP29/Malaria Project/Genomes/Parsed/busco_downloads/lineages/apicomplexa_odb10/hmms/13336at5794.hmm /mnt/e/Bioinformatics/Semester2/BINP29/Malaria Project/Genomes/Parsed/Py_new.faa 
# Current dir:     /mnt/e/Bioinformatics/Semester2/BINP29/Malaria Project/Genomes/Parsed
# Date:            Wed Mar  1 19:32:44 2023
# [ok]
