#                                                                            --- full sequence --- -------------- this domain -------------   hmm coord   ali coord   env coord
# target name        accession   tlen query name           accession   qlen   E-value  score  bias   #  of  c-Evalue  i-Evalue  score  bias  from    to  from    to  from    to  acc description of target
#------------------- ---------- ----- -------------------- ---------- ----- --------- ------ ----- --- --- --------- --------- ------ ----- ----- ----- ----- ----- ----- ----- ---- ---------------------
208_g                -            349 13724at5794          -            242  6.4e-100  331.7  11.4   1   1     2e-99   1.4e-96  320.8  11.4     1   242    23   333    23   333 0.84 -
1123_g               -            526 13724at5794          -            242   3.3e-19   67.4   9.8   1   2     0.064        45    1.5   0.0    25    46    61    82    39    97 0.79 -
1123_g               -            526 13724at5794          -            242   3.3e-19   67.4   9.8   2   2   1.1e-21   7.6e-19   66.2   6.4    72   227   281   452   246   458 0.82 -
444_g                -            617 13724at5794          -            242   1.8e-15   55.2  18.0   1   4    0.0029         2    5.9   0.7    25    70    78   131    55   135 0.72 -
444_g                -            617 13724at5794          -            242   1.8e-15   55.2  18.0   2   4   3.6e-10   2.5e-07   28.5   0.3    52   107   149   214   133   232 0.68 -
444_g                -            617 13724at5794          -            242   1.8e-15   55.2  18.0   3   4   2.5e-11   1.8e-08   32.3   0.6   139   195   288   344   268   354 0.88 -
444_g                -            617 13724at5794          -            242   1.8e-15   55.2  18.0   4   4      0.88   6.2e+02   -2.2   0.2   124   157   530   567   500   588 0.60 -
3955_g               -            391 13724at5794          -            242   7.2e-14   49.9   6.7   1   1   1.9e-16   1.3e-13   49.1   6.7     9   234   106   356    99   362 0.73 -
2299_g               -            849 13724at5794          -            242     3e-10   38.1   9.2   1   1   9.1e-13   6.4e-10   37.0   9.2    18   231   187   416   174   425 0.70 -
4437_g               -            585 13724at5794          -            242   6.9e-08   30.4  11.8   1   1   2.5e-10   1.8e-07   29.0  11.8    11   225   146   375   138   389 0.71 -
396_g                -            685 13724at5794          -            242   8.1e-07   26.8   6.2   1   1   3.4e-09   2.4e-06   25.3   6.2    74   220   497   644   445   660 0.79 -
#
# Program:         hmmsearch
# Version:         3.1b2 (February 2015)
# Pipeline mode:   SEARCH
# Query file:      /mnt/e/Bioinformatics/Semester2/BINP29/Malaria Project/Genomes/Parsed/busco_downloads/lineages/apicomplexa_odb10/hmms/13724at5794.hmm
# Target file:     /mnt/e/Bioinformatics/Semester2/BINP29/Malaria Project/Genomes/Parsed/Py_new.faa
# Option settings: hmmsearch --domtblout /mnt/e/Bioinformatics/Semester2/BINP29/Malaria Project/Genomes/Parsed/Py/run_apicomplexa_odb10/hmmer_output/initial_run_results/13724at5794.out --cpu 1 /mnt/e/Bioinformatics/Semester2/BINP29/Malaria Project/Genomes/Parsed/busco_downloads/lineages/apicomplexa_odb10/hmms/13724at5794.hmm /mnt/e/Bioinformatics/Semester2/BINP29/Malaria Project/Genomes/Parsed/Py_new.faa 
# Current dir:     /mnt/e/Bioinformatics/Semester2/BINP29/Malaria Project/Genomes/Parsed
# Date:            Wed Mar  1 19:32:45 2023
# [ok]
