#                                                                            --- full sequence --- -------------- this domain -------------   hmm coord   ali coord   env coord
# target name        accession   tlen query name           accession   qlen   E-value  score  bias   #  of  c-Evalue  i-Evalue  score  bias  from    to  from    to  from    to  acc description of target
#------------------- ---------- ----- -------------------- ---------- ----- --------- ------ ----- --- --- --------- --------- ------ ----- ----- ----- ----- ----- ----- ----- ---- ---------------------
2449_g               -            553 13776at5794          -            320  1.3e-104  347.9  32.0   1   3   1.3e-68   1.5e-65  219.6   5.9     1   159     1   182     1   211 0.90 -
2449_g               -            553 13776at5794          -            320  1.3e-104  347.9  32.0   2   3     1e-18   1.3e-15   55.6   4.6   146   223   214   294   208   322 0.80 -
2449_g               -            553 13776at5794          -            320  1.3e-104  347.9  32.0   3   3   7.4e-27   9.1e-24   82.4   6.5   209   319   327   550   305   551 0.90 -
4807_g               -            186 13776at5794          -            320    0.0063   13.9   1.7   1   2   0.00018      0.23    8.8   0.1     6    26    20    40    19    47 0.88 -
4807_g               -            186 13776at5794          -            320    0.0063   13.9   1.7   2   2     0.005       6.1    4.0   0.2   121   147    72    98    67   162 0.62 -
2836_g               -            530 13776at5794          -            320     0.011   13.1   0.1   1   2   0.00025      0.31    8.3   0.0     3    32    56    85    54    87 0.84 -
2836_g               -            530 13776at5794          -            320     0.011   13.1   0.1   2   2     0.016        19    2.4   0.0   205   255   188   236   155   240 0.69 -
2098_g               -            199 13776at5794          -            320     0.017   12.5   3.9   1   2   0.00018      0.23    8.8   0.0     6    34     8    36     6    68 0.91 -
2098_g               -            199 13776at5794          -            320     0.017   12.5   3.9   2   2    0.0065         8    3.7   1.9   162   235    86   155    80   165 0.78 -
#
# Program:         hmmsearch
# Version:         3.1b2 (February 2015)
# Pipeline mode:   SEARCH
# Query file:      /mnt/e/Bioinformatics/Semester2/BINP29/Malaria Project/Genomes/Parsed/busco_downloads/lineages/apicomplexa_odb10/hmms/13776at5794.hmm
# Target file:     /mnt/e/Bioinformatics/Semester2/BINP29/Malaria Project/Genomes/Parsed/Py_new.faa
# Option settings: hmmsearch --domtblout /mnt/e/Bioinformatics/Semester2/BINP29/Malaria Project/Genomes/Parsed/Py/run_apicomplexa_odb10/hmmer_output/initial_run_results/13776at5794.out --cpu 1 /mnt/e/Bioinformatics/Semester2/BINP29/Malaria Project/Genomes/Parsed/busco_downloads/lineages/apicomplexa_odb10/hmms/13776at5794.hmm /mnt/e/Bioinformatics/Semester2/BINP29/Malaria Project/Genomes/Parsed/Py_new.faa 
# Current dir:     /mnt/e/Bioinformatics/Semester2/BINP29/Malaria Project/Genomes/Parsed
# Date:            Wed Mar  1 19:32:45 2023
# [ok]
