#                                                                            --- full sequence --- -------------- this domain -------------   hmm coord   ali coord   env coord
# target name        accession   tlen query name           accession   qlen   E-value  score  bias   #  of  c-Evalue  i-Evalue  score  bias  from    to  from    to  from    to  acc description of target
#------------------- ---------- ----- -------------------- ---------- ----- --------- ------ ----- --- --- --------- --------- ------ ----- ----- ----- ----- ----- ----- ----- ---- ---------------------
3999_g               -            462 14479at5794          -            237   1.2e-59  199.8  49.2   1   5   3.1e-33   1.5e-30  104.5   1.8     1    72     2    74     2    86 0.95 -
3999_g               -            462 14479at5794          -            237   1.2e-59  199.8  49.2   2   5   2.1e-24     1e-21   75.6   8.9    77   162   207   291   201   298 0.82 -
3999_g               -            462 14479at5794          -            237   1.2e-59  199.8  49.2   3   5     0.008       3.9    5.0   6.8   128   177   297   341   277   343 0.62 -
3999_g               -            462 14479at5794          -            237   1.2e-59  199.8  49.2   4   5   3.9e-10   1.9e-07   28.9   3.1   174   216   355   406   350   408 0.84 -
3999_g               -            462 14479at5794          -            237   1.2e-59  199.8  49.2   5   5    0.0013      0.65    7.5   0.4   213   237   419   445   409   445 0.84 -
2700_g               -            560 14479at5794          -            237   5.9e-14   50.2  44.1   1   4   2.5e-08   1.2e-05   23.0   0.6    64   159    27   125     3   142 0.76 -
2700_g               -            560 14479at5794          -            237   5.9e-14   50.2  44.1   2   4       6.5   3.2e+03   -4.6   7.8   140   162   206   225   162   239 0.53 -
2700_g               -            560 14479at5794          -            237   5.9e-14   50.2  44.1   3   4   0.00015     0.076   10.6  13.6    78   160   272   363   228   373 0.67 -
2700_g               -            560 14479at5794          -            237   5.9e-14   50.2  44.1   4   4   9.7e-12   4.8e-09   34.1   1.7    67   137   396   466   370   512 0.79 -
1474_g               -            409 14479at5794          -            237   1.8e-12   45.4  13.5   1   3       5.4   2.6e+03   -4.3   1.8   143   170    12    39     4    45 0.52 -
1474_g               -            409 14479at5794          -            237   1.8e-12   45.4  13.5   2   3       1.7   8.2e+02   -2.6   0.8   145   169   110   134    79   150 0.63 -
1474_g               -            409 14479at5794          -            237   1.8e-12   45.4  13.5   3   3   3.6e-15   1.8e-12   45.4  13.5    69   164   264   360   224   371 0.84 -
4209_g               -            441 14479at5794          -            237   2.2e-11   41.8   8.6   1   3   4.5e-14   2.2e-11   41.8   8.6    76   165    43   130     8   172 0.80 -
4209_g               -            441 14479at5794          -            237   2.2e-11   41.8   8.6   2   3       1.9   9.6e+02   -2.9   0.2   125   154   261   290   257   300 0.63 -
4209_g               -            441 14479at5794          -            237   2.2e-11   41.8   8.6   3   3       2.6   1.3e+03   -3.3   0.4   144   160   343   359   316   374 0.54 -
3977_g               -            200 14479at5794          -            237   2.8e-10   38.2   5.1   1   2   5.6e-13   2.8e-10   38.2   5.1    85   175     2    89     1    97 0.83 -
3977_g               -            200 14479at5794          -            237   2.8e-10   38.2   5.1   2   2      0.23   1.1e+02    0.2   0.7   136   172   131   167   123   175 0.85 -
1660_g               -            697 14479at5794          -            237   7.1e-07   27.0   4.3   1   3      0.37   1.8e+02   -0.5   0.1    54    72   169   187   162   198 0.87 -
1660_g               -            697 14479at5794          -            237   7.1e-07   27.0   4.3   2   3   1.4e-09   7.1e-07   27.0   4.3    80   174   265   362   237   367 0.85 -
1660_g               -            697 14479at5794          -            237   7.1e-07   27.0   4.3   3   3      0.63   3.1e+02   -1.2   0.1     8    28   513   533   509   535 0.87 -
1213_g               -            292 14479at5794          -            237   5.3e-06   24.2   6.2   1   2      0.51   2.5e+02   -0.9   0.5   148   172    58    82    40   105 0.68 -
1213_g               -            292 14479at5794          -            237   5.3e-06   24.2   6.2   2   2   1.1e-08   5.3e-06   24.2   6.2    73   150   132   212   117   290 0.82 -
1519_g               -            307 14479at5794          -            237   7.8e-06   23.6   8.1   1   2     0.023        11    3.5   0.1    47    76   138   167   129   178 0.86 -
1519_g               -            307 14479at5794          -            237   7.8e-06   23.6   8.1   2   2   4.9e-08   2.4e-05   22.0   3.6    75   164   191   286   181   289 0.79 -
898_g                -            443 14479at5794          -            237     9e-06   23.4   6.7   1   3       1.2   5.8e+02   -2.1   0.8   147   163    69    85    48   109 0.45 -
898_g                -            443 14479at5794          -            237     9e-06   23.4   6.7   2   3   1.8e-08     9e-06   23.4   6.7    77   174   154   248   135   252 0.83 -
898_g                -            443 14479at5794          -            237     9e-06   23.4   6.7   3   3       4.8   2.4e+03   -4.1   6.8   134   170   244   280   240   286 0.75 -
2222_g               -            157 14479at5794          -            237   0.00096   16.8   0.4   1   2   1.9e-06   0.00096   16.8   0.4    20    54    16    52     7    72 0.85 -
2222_g               -            157 14479at5794          -            237   0.00096   16.8   0.4   2   2      0.54   2.7e+02   -1.0   0.1   131   165    91   124    85   131 0.65 -
#
# Program:         hmmsearch
# Version:         3.1b2 (February 2015)
# Pipeline mode:   SEARCH
# Query file:      /mnt/e/Bioinformatics/Semester2/BINP29/Malaria Project/Genomes/Parsed/busco_downloads/lineages/apicomplexa_odb10/hmms/14479at5794.hmm
# Target file:     /mnt/e/Bioinformatics/Semester2/BINP29/Malaria Project/Genomes/Parsed/Py_new.faa
# Option settings: hmmsearch --domtblout /mnt/e/Bioinformatics/Semester2/BINP29/Malaria Project/Genomes/Parsed/Py/run_apicomplexa_odb10/hmmer_output/initial_run_results/14479at5794.out --cpu 1 /mnt/e/Bioinformatics/Semester2/BINP29/Malaria Project/Genomes/Parsed/busco_downloads/lineages/apicomplexa_odb10/hmms/14479at5794.hmm /mnt/e/Bioinformatics/Semester2/BINP29/Malaria Project/Genomes/Parsed/Py_new.faa 
# Current dir:     /mnt/e/Bioinformatics/Semester2/BINP29/Malaria Project/Genomes/Parsed
# Date:            Wed Mar  1 19:32:46 2023
# [ok]
