#                                                                            --- full sequence --- -------------- this domain -------------   hmm coord   ali coord   env coord
# target name        accession   tlen query name           accession   qlen   E-value  score  bias   #  of  c-Evalue  i-Evalue  score  bias  from    to  from    to  from    to  acc description of target
#------------------- ---------- ----- -------------------- ---------- ----- --------- ------ ----- --- --- --------- --------- ------ ----- ----- ----- ----- ----- ----- ----- ---- ---------------------
1340_g               -            385 14640at5794          -            287   2.2e-94  313.8  19.9   1   3   2.7e-66   4.5e-63  211.1   9.2     2   160     3   199     2   218 0.80 -
1340_g               -            385 14640at5794          -            287   2.2e-94  313.8  19.9   2   3   4.1e-23   6.7e-20   69.4   1.1   165   246   226   321   202   333 0.79 -
1340_g               -            385 14640at5794          -            287   2.2e-94  313.8  19.9   3   3   4.7e-12   7.7e-09   33.1   0.1   242   287   335   383   322   383 0.87 -
3976_g               -            216 14640at5794          -            287   1.7e-10   38.6   5.0   1   3   1.9e-06    0.0031   14.7   0.1     5    45    18    57    15    88 0.79 -
3976_g               -            216 14640at5794          -            287   1.7e-10   38.6   5.0   2   3       0.3     5e+02   -2.4   0.0    63    82   105   124    99   129 0.81 -
3976_g               -            216 14640at5794          -            287   1.7e-10   38.6   5.0   3   3     1e-09   1.7e-06   25.4   0.7    74   117   155   199   127   213 0.74 -
707_g                -            240 14640at5794          -            287   2.4e-05   21.6   2.1   1   2      0.11   1.8e+02   -0.9   0.0   243   286    41    84    16    85 0.82 -
707_g                -            240 14640at5794          -            287   2.4e-05   21.6   2.1   2   2   2.1e-08   3.4e-05   21.1   0.8   151   241   113   200    92   229 0.71 -
#
# Program:         hmmsearch
# Version:         3.1b2 (February 2015)
# Pipeline mode:   SEARCH
# Query file:      /mnt/e/Bioinformatics/Semester2/BINP29/Malaria Project/Genomes/Parsed/busco_downloads/lineages/apicomplexa_odb10/hmms/14640at5794.hmm
# Target file:     /mnt/e/Bioinformatics/Semester2/BINP29/Malaria Project/Genomes/Parsed/Py_new.faa
# Option settings: hmmsearch --domtblout /mnt/e/Bioinformatics/Semester2/BINP29/Malaria Project/Genomes/Parsed/Py/run_apicomplexa_odb10/hmmer_output/initial_run_results/14640at5794.out --cpu 1 /mnt/e/Bioinformatics/Semester2/BINP29/Malaria Project/Genomes/Parsed/busco_downloads/lineages/apicomplexa_odb10/hmms/14640at5794.hmm /mnt/e/Bioinformatics/Semester2/BINP29/Malaria Project/Genomes/Parsed/Py_new.faa 
# Current dir:     /mnt/e/Bioinformatics/Semester2/BINP29/Malaria Project/Genomes/Parsed
# Date:            Wed Mar  1 19:32:46 2023
# [ok]
