#                                                                            --- full sequence --- -------------- this domain -------------   hmm coord   ali coord   env coord
# target name        accession   tlen query name           accession   qlen   E-value  score  bias   #  of  c-Evalue  i-Evalue  score  bias  from    to  from    to  from    to  acc description of target
#------------------- ---------- ----- -------------------- ---------- ----- --------- ------ ----- --- --- --------- --------- ------ ----- ----- ----- ----- ----- ----- ----- ---- ---------------------
814_g                -           1129 15805at5794          -            426  4.6e-168  557.9  28.5   1   3   1.4e-39   1.6e-37  127.8   2.2     1   115   190   320   190   331 0.89 -
814_g                -           1129 15805at5794          -            426  4.6e-168  557.9  28.5   2   3   7.1e-16   8.4e-14   49.6   0.4   110   156   339   385   333   397 0.92 -
814_g                -           1129 15805at5794          -            426  4.6e-168  557.9  28.5   3   3  3.3e-119  3.8e-117  390.1  12.3   110   426   705  1067   695  1067 0.88 -
3668_g               -            649 15805at5794          -            426   1.7e-34  117.8   8.4   1   4   2.9e-13   3.3e-11   41.1   0.0   163   244   108   193   102   264 0.87 -
3668_g               -            649 15805at5794          -            426   1.7e-34  117.8   8.4   2   4   9.4e-05     0.011   13.0   2.0   188   263   329   416   321   471 0.66 -
3668_g               -            649 15805at5794          -            426   1.7e-34  117.8   8.4   3   4   1.4e-14   1.6e-12   45.4   0.0   161   243   471   558   459   562 0.85 -
3668_g               -            649 15805at5794          -            426   1.7e-34  117.8   8.4   4   4     1e-06   0.00012   19.4   0.1   208   238   617   647   608   648 0.80 -
3258_g               -            324 15805at5794          -            426   2.7e-23   80.9   6.1   1   4   1.1e-14   1.2e-12   45.8   2.0   168   249    31   118    26   129 0.85 -
3258_g               -            324 15805at5794          -            426   2.7e-23   80.9   6.1   2   4     0.015       1.8    5.7   0.1   164   241   112   192   110   197 0.71 -
3258_g               -            324 15805at5794          -            426   2.7e-23   80.9   6.1   3   4   0.00015     0.017   12.3   0.0   164   201   194   231   189   236 0.86 -
3258_g               -            324 15805at5794          -            426   2.7e-23   80.9   6.1   4   4   2.3e-06   0.00027   18.3   0.0   371   413   262   304   250   320 0.86 -
3225_g               -            602 15805at5794          -            426   4.5e-18   63.7  15.4   1   5     0.089        10    3.2   0.3   171   201    18    50     8    56 0.72 -
3225_g               -            602 15805at5794          -            426   4.5e-18   63.7  15.4   2   5     3e-05    0.0035   14.6   0.1   167   201    65    99    60   102 0.94 -
3225_g               -            602 15805at5794          -            426   4.5e-18   63.7  15.4   3   5   2.5e-10     3e-08   31.3   1.3   166   239   106   187   100   193 0.83 -
3225_g               -            602 15805at5794          -            426   4.5e-18   63.7  15.4   4   5   1.3e-06   0.00015   19.1   0.0   166   249   193   279   188   288 0.79 -
3225_g               -            602 15805at5794          -            426   4.5e-18   63.7  15.4   5   5      0.27        32    1.6   0.1   214   238   292   316   280   333 0.79 -
2875_g               -            500 15805at5794          -            426   3.5e-17   60.8   3.9   1   5   9.6e-05     0.011   13.0   0.1   189   238   230   284   223   295 0.57 -
2875_g               -            500 15805at5794          -            426   3.5e-17   60.8   3.9   2   5     5e-06   0.00059   17.2   0.9   163   238   246   330   243   336 0.84 -
2875_g               -            500 15805at5794          -            426   3.5e-17   60.8   3.9   3   5   5.8e-05    0.0067   13.7   0.1   166   247   295   381   286   383 0.81 -
2875_g               -            500 15805at5794          -            426   3.5e-17   60.8   3.9   4   5   1.7e-08     2e-06   25.3   0.0   166   244   379   462   374   465 0.83 -
2875_g               -            500 15805at5794          -            426   3.5e-17   60.8   3.9   5   5   0.00048     0.057   10.7   0.1   162   201   460   499   454   499 0.91 -
3332_g               -            628 15805at5794          -            426   3.7e-17   60.7  24.0   1   4   6.8e-08     8e-06   23.3   0.3   164   205     4    45     1    92 0.78 -
3332_g               -            628 15805at5794          -            426   3.7e-17   60.7  24.0   2   4   5.7e-06   0.00067   17.0   0.5   151   204   105   157    98   166 0.81 -
3332_g               -            628 15805at5794          -            426   3.7e-17   60.7  24.0   3   4   8.6e-07    0.0001   19.7   0.4   164   205   317   358   313   366 0.91 -
3332_g               -            628 15805at5794          -            426   3.7e-17   60.7  24.0   4   4   0.00041     0.048   10.9   2.4   171   239   544   624   513   627 0.78 -
3138_g               -            551 15805at5794          -            426   4.4e-16   57.1  10.0   1   4     0.007      0.82    6.8   0.1   206   261   281   346   275   363 0.65 -
3138_g               -            551 15805at5794          -            426   4.4e-16   57.1  10.0   2   4   4.5e-11   5.3e-09   33.8   1.1   168   248   363   451   351   452 0.77 -
3138_g               -            551 15805at5794          -            426   4.4e-16   57.1  10.0   3   4   4.4e-05    0.0051   14.1   3.4   170   247   407   493   403   495 0.75 -
3138_g               -            551 15805at5794          -            426   4.4e-16   57.1  10.0   4   4   2.2e-05    0.0026   15.1   0.0   164   205   489   530   484   536 0.91 -
1046_g               -            527 15805at5794          -            426     1e-14   52.6  11.7   1   5   2.7e-08   3.1e-06   24.7   0.3     6    63     8    66     5    94 0.86 -
1046_g               -            527 15805at5794          -            426     1e-14   52.6  11.7   2   5       1.5   1.7e+02   -0.8   0.1   111   150   144   180    66   187 0.69 -
1046_g               -            527 15805at5794          -            426     1e-14   52.6  11.7   3   5     0.016       1.9    5.6   0.1   210   241   220   251   210   263 0.79 -
1046_g               -            527 15805at5794          -            426     1e-14   52.6  11.7   4   5   9.6e-05     0.011   13.0   0.1   202   240   262   300   258   304 0.91 -
1046_g               -            527 15805at5794          -            426     1e-14   52.6  11.7   5   5   4.4e-05    0.0052   14.1   0.1   164   255   303   399   300   425 0.86 -
2959_g               -           1009 15805at5794          -            426   1.7e-14   51.9   7.6   1   4       8.7     1e+03   -3.4   0.0   165   189    17    41    14    50 0.82 -
2959_g               -           1009 15805at5794          -            426   1.7e-14   51.9   7.6   2   4   8.8e-07    0.0001   19.7   0.0   166   245    92   178    87   182 0.78 -
2959_g               -           1009 15805at5794          -            426   1.7e-14   51.9   7.6   3   4   4.4e-10   5.2e-08   30.6   0.9   168   250   185   274   173   289 0.84 -
2959_g               -           1009 15805at5794          -            426   1.7e-14   51.9   7.6   4   4     0.072       8.5    3.5   0.2   200   236   456   492   446   520 0.81 -
4397_g               -            637 15805at5794          -            426   7.1e-14   49.9   6.7   1   4   3.2e-06   0.00037   17.8   1.6   157   244   339   431   328   436 0.84 -
4397_g               -            637 15805at5794          -            426   7.1e-14   49.9   6.7   2   4   0.00063     0.074   10.3   0.0   161   201   427   467   426   475 0.88 -
4397_g               -            637 15805at5794          -            426   7.1e-14   49.9   6.7   3   4   1.6e-07   1.9e-05   22.1   0.1   167   245   475   558   470   568 0.89 -
4397_g               -            637 15805at5794          -            426   7.1e-14   49.9   6.7   4   4      0.33        39    1.3   0.0   219   244   574   599   559   625 0.59 -
4750_g               -           1171 15805at5794          -            426   7.5e-14   49.8  18.4   1   6   9.3e-08   1.1e-05   22.9   0.1   316   411    68   158    30   166 0.88 -
4750_g               -           1171 15805at5794          -            426   7.5e-14   49.8  18.4   2   6     0.013       1.5    6.0   0.2   325   353   170   197   160   228 0.80 -
4750_g               -           1171 15805at5794          -            426   7.5e-14   49.8  18.4   3   6      0.66        77    0.3   0.8    38   103   389   455   326   465 0.78 -
4750_g               -           1171 15805at5794          -            426   7.5e-14   49.8  18.4   4   6    0.0027      0.32    8.2   0.1   195   248   572   624   560   672 0.80 -
4750_g               -           1171 15805at5794          -            426   7.5e-14   49.8  18.4   5   6   5.2e-07   6.1e-05   20.4   0.2   168   247   785   869   777   892 0.85 -
4750_g               -           1171 15805at5794          -            426   7.5e-14   49.8  18.4   6   6         2   2.4e+02   -1.3   0.0   164   203   865   904   861   913 0.74 -
2737_g               -            472 15805at5794          -            426   1.7e-13   48.6   0.3   1   2   4.5e-09   5.3e-07   27.2   0.0   164   245    64   151    38   165 0.87 -
2737_g               -            472 15805at5794          -            426   1.7e-13   48.6   0.3   2   2   1.1e-06   0.00013   19.4   0.1   172   250   308   392   296   466 0.75 -
1278_g               -            630 15805at5794          -            426   3.6e-13   47.6   6.1   1   4   7.8e-07   9.1e-05   19.9   0.0   162   240   329   414   325   428 0.84 -
1278_g               -            630 15805at5794          -            426   3.6e-13   47.6   6.1   2   4   0.00018     0.022   12.0   0.0   163   234   374   451   369   460 0.77 -
1278_g               -            630 15805at5794          -            426   3.6e-13   47.6   6.1   3   4    0.0015      0.17    9.1   0.1   207   239   465   497   459   531 0.75 -
1278_g               -            630 15805at5794          -            426   3.6e-13   47.6   6.1   4   4     4e-06   0.00047   17.5   1.2   352   426   550   629   547   629 0.80 -
82_g                 -           1381 15805at5794          -            426   7.7e-13   46.5  10.4   1   5    0.0037      0.44    7.7   0.0   176   238    12    79     2    84 0.57 -
82_g                 -           1381 15805at5794          -            426   7.7e-13   46.5  10.4   2   5   4.1e-07   4.8e-05   20.8   0.6   163   241    83   166    80   183 0.86 -
82_g                 -           1381 15805at5794          -            426   7.7e-13   46.5  10.4   3   5   1.3e-06   0.00016   19.1   0.2   163   242   238   325   218   331 0.80 -
82_g                 -           1381 15805at5794          -            426   7.7e-13   46.5  10.4   4   5      0.21        24    2.0   0.0   164   201   326   362   322   389 0.76 -
82_g                 -           1381 15805at5794          -            426   7.7e-13   46.5  10.4   5   5       2.8   3.3e+02   -1.7   0.4   215   280   566   630   549   654 0.63 -
3622_g               -           1192 15805at5794          -            426   5.3e-11   40.4   8.2   1   3       5.8   6.7e+02   -2.8   0.1   224   352   235   257   190   281 0.54 -
3622_g               -           1192 15805at5794          -            426   5.3e-11   40.4   8.2   2   3   1.1e-05    0.0012   16.1   0.1   167   238   588   667   583   674 0.56 -
3622_g               -           1192 15805at5794          -            426   5.3e-11   40.4   8.2   3   3   6.1e-09   7.2e-07   26.8   1.1   169   247   699   781   691   838 0.78 -
250_g                -            620 15805at5794          -            426   6.5e-11   40.1   1.5   1   5       0.8        94    0.0   0.2    52   110    27    88     8    98 0.75 -
250_g                -            620 15805at5794          -            426   6.5e-11   40.1   1.5   2   5     0.001      0.12    9.6   0.0   180   203   301   324   268   345 0.67 -
250_g                -            620 15805at5794          -            426   6.5e-11   40.1   1.5   3   5     4e-05    0.0047   14.2   0.0   166   242   399   480   386   490 0.83 -
250_g                -            620 15805at5794          -            426   6.5e-11   40.1   1.5   4   5     0.018       2.1    5.5   0.0   172   239   490   564   481   566 0.70 -
250_g                -            620 15805at5794          -            426   6.5e-11   40.1   1.5   5   5     0.029       3.3    4.8   0.0   163   201   567   605   564   616 0.86 -
2817_g               -            616 15805at5794          -            426     7e-11   40.0  11.8   1   6       8.1   9.5e+02   -3.3   0.8   255   312   138   196   128   219 0.62 -
2817_g               -            616 15805at5794          -            426     7e-11   40.0  11.8   2   6      0.62        72    0.4   0.1    38    73   252   287   245   289 0.88 -
2817_g               -            616 15805at5794          -            426     7e-11   40.0  11.8   3   6     2e-07   2.4e-05   21.8   0.3   158   238   286   371   279   371 0.87 -
2817_g               -            616 15805at5794          -            426     7e-11   40.0  11.8   4   6   1.8e-08   2.2e-06   25.2   0.7   340   425   367   454   365   455 0.85 -
2817_g               -            616 15805at5794          -            426     7e-11   40.0  11.8   5   6   1.1e-05    0.0013   16.1   0.5   335   406   404   472   396   495 0.84 -
2817_g               -            616 15805at5794          -            426     7e-11   40.0  11.8   6   6      0.31        37    1.4   0.1   167   205   463   500   456   602 0.49 -
750_g                -            365 15805at5794          -            426   1.3e-10   39.2   4.3   1   2   5.6e-11   6.5e-09   33.5   0.7   161   257     5   107     2   132 0.79 -
750_g                -            365 15805at5794          -            426   1.3e-10   39.2   4.3   2   2   4.3e-06   0.00051   17.4   1.8   170   307    57   217    50   276 0.73 -
1378_g               -            691 15805at5794          -            426   2.8e-10   38.0  15.6   1   3      0.15        18    2.4   0.0   208   249    10    51     4    55 0.83 -
1378_g               -            691 15805at5794          -            426   2.8e-10   38.0  15.6   2   3   2.9e-09   3.4e-07   27.9   2.9   164   267    48   163    41   212 0.74 -
1378_g               -            691 15805at5794          -            426   2.8e-10   38.0  15.6   3   3   3.8e-05    0.0044   14.3   3.6   173   261   225   318   214   335 0.79 -
1466_g               -            482 15805at5794          -            426   7.6e-10   36.6  11.2   1   5     0.094        11    3.1   0.0   201   238    77   114    68   120 0.89 -
1466_g               -            482 15805at5794          -            426   7.6e-10   36.6  11.2   2   5   0.00015     0.018   12.3   0.5   173   248   172   255   163   256 0.77 -
1466_g               -            482 15805at5794          -            426   7.6e-10   36.6  11.2   3   5   1.5e-08   1.8e-06   25.5   1.6   184   241   228   290   223   310 0.87 -
1466_g               -            482 15805at5794          -            426   7.6e-10   36.6  11.2   4   5      0.19        22    2.1   0.0   214   254   321   362   308   369 0.85 -
1466_g               -            482 15805at5794          -            426   7.6e-10   36.6  11.2   5   5      0.13        15    2.6   0.0   212   246   367   401   360   405 0.88 -
1632_g               -            503 15805at5794          -            426   1.6e-09   35.5   2.0   1   1   2.3e-11   2.7e-09   34.8   2.0   206   389   273   455   245   468 0.84 -
206_g                -            724 15805at5794          -            426   7.5e-09   33.3   4.9   1   4     0.078       9.2    3.4   0.0   168   207   150   191   144   278 0.71 -
206_g                -            724 15805at5794          -            426   7.5e-09   33.3   4.9   2   4       1.1   1.3e+02   -0.4   0.1   269   336   322   392   304   416 0.69 -
206_g                -            724 15805at5794          -            426   7.5e-09   33.3   4.9   3   4    0.0012      0.14    9.4   0.1   202   254   543   594   517   603 0.78 -
206_g                -            724 15805at5794          -            426   7.5e-09   33.3   4.9   4   4   3.7e-06   0.00043   17.6   0.0   175   240   638   708   629   716 0.85 -
4484_g               -            936 15805at5794          -            426   1.1e-08   32.8   1.8   1   4   1.7e-06    0.0002   18.7   0.0   188   242   167   231   161   242 0.74 -
4484_g               -            936 15805at5794          -            426   1.1e-08   32.8   1.8   2   4      0.73        86    0.2   0.1   203   238   252   286   248   293 0.70 -
4484_g               -            936 15805at5794          -            426   1.1e-08   32.8   1.8   3   4   0.00049     0.057   10.6   0.1   163   216   292   347   287   361 0.75 -
4484_g               -            936 15805at5794          -            426   1.1e-08   32.8   1.8   4   4       8.1   9.5e+02   -3.3   0.0   209   237   814   842   800   847 0.81 -
3894_g               -            554 15805at5794          -            426     2e-08   31.9   3.3   1   2   9.1e-10   1.1e-07   29.5   1.6   171   346    40   233    31   240 0.70 -
3894_g               -            554 15805at5794          -            426     2e-08   31.9   3.3   2   2     0.079       9.3    3.4   0.1   234   274   197   237   194   385 0.65 -
3938_g               -            424 15805at5794          -            426   1.4e-07   29.2   1.6   1   3     0.003      0.35    8.0   0.0   201   243   101   143    69   162 0.71 -
3938_g               -            424 15805at5794          -            426   1.4e-07   29.2   1.6   2   3   3.3e-05    0.0038   14.5   0.1   169   212   168   211   156   222 0.86 -
3938_g               -            424 15805at5794          -            426   1.4e-07   29.2   1.6   3   3     0.036       4.2    4.5   0.0   178   236   287   349   262   394 0.75 -
1555_g               -            627 15805at5794          -            426   9.3e-07   26.4   1.5   1   1   2.7e-08   3.1e-06   24.7   1.4   166   254   154   257   144   296 0.79 -
1443_g               -            504 15805at5794          -            426   1.6e-06   25.7   4.1   1   4      0.78        91    0.1   0.1   304   348   165   210   116   232 0.72 -
1443_g               -            504 15805at5794          -            426   1.6e-06   25.7   4.1   2   4   4.4e-06   0.00052   17.4   0.3   308   389   268   349   237   374 0.59 -
1443_g               -            504 15805at5794          -            426   1.6e-06   25.7   4.1   3   4   3.1e-06   0.00036   17.9   0.3   174   284   278   401   266   416 0.62 -
1443_g               -            504 15805at5794          -            426   1.6e-06   25.7   4.1   4   4       1.3   1.5e+02   -0.6   0.0   210   254   416   462   406   466 0.71 -
4657_g               -            465 15805at5794          -            426   2.3e-06   25.1   0.8   1   3       9.3   1.1e+03   -3.5   0.0   195   206    40    51    33    91 0.66 -
4657_g               -            465 15805at5794          -            426   2.3e-06   25.1   0.8   2   3   1.9e-08   2.3e-06   25.1   0.8   165   317   107   277   103   299 0.67 -
4657_g               -            465 15805at5794          -            426   2.3e-06   25.1   0.8   3   3       1.6   1.9e+02   -0.9   2.9    47   141   334   432   303   441 0.70 -
95_g                 -            392 15805at5794          -            426   3.9e-06   24.3   0.5   1   1   5.4e-08   6.3e-06   23.7   0.5   167   240   174   253   164   269 0.84 -
3396_g               -            328 15805at5794          -            426   5.7e-06   23.8   0.3   1   2      0.18        21    2.2   0.0   168   201     5    38     2    44 0.85 -
3396_g               -            328 15805at5794          -            426   5.7e-06   23.8   0.3   2   2   2.7e-06   0.00031   18.1   0.8   256   421    28   207    25   212 0.76 -
4548_g               -            442 15805at5794          -            426     6e-06   23.7  13.5   1   3       3.4   3.9e+02   -2.0   0.0   191   237   120   164   109   172 0.55 -
4548_g               -            442 15805at5794          -            426     6e-06   23.7  13.5   2   3     0.037       4.4    4.4   0.3   288   321   262   295   186   304 0.64 -
4548_g               -            442 15805at5794          -            426     6e-06   23.7  13.5   3   3   2.4e-05    0.0028   14.9   0.2   207   244   307   345   301   350 0.81 -
2478_g               -            512 15805at5794          -            426     1e-05   23.0   1.0   1   2   0.00031     0.036   11.3   0.1   203   241    65   103    58   120 0.61 -
2478_g               -            512 15805at5794          -            426     1e-05   23.0   1.0   2   2   0.00063     0.074   10.3   0.1   275   353   289   369   264   375 0.81 -
2687_g               -            455 15805at5794          -            426   1.1e-05   22.9   9.4   1   3       2.9   3.4e+02   -1.8   0.0   268   307   128   168   121   185 0.67 -
2687_g               -            455 15805at5794          -            426   1.1e-05   22.9   9.4   2   3    0.0014      0.17    9.1   0.2   174   241   306   381   294   391 0.76 -
2687_g               -            455 15805at5794          -            426   1.1e-05   22.9   9.4   3   3    0.0094       1.1    6.4   0.1   165   210   398   444   386   448 0.78 -
4402_g               -            766 15805at5794          -            426   1.9e-05   22.1   0.7   1   3   1.5e-06   0.00018   18.9   0.2   168   237   160   236   150   246 0.82 -
4402_g               -            766 15805at5794          -            426   1.9e-05   22.1   0.7   2   3    0.0057      0.67    7.1   0.0   165   196   201   232   198   306 0.80 -
4402_g               -            766 15805at5794          -            426   1.9e-05   22.1   0.7   3   3      0.89     1e+02   -0.1   0.0   209   308   387   420   379   490 0.65 -
1376_g               -            435 15805at5794          -            426   1.9e-05   22.1   0.4   1   2   2.2e-06   0.00025   18.4   0.4   370   425    84   144    51   145 0.78 -
1376_g               -            435 15805at5794          -            426   1.9e-05   22.1   0.4   2   2      0.62        72    0.4   0.0   167   201   316   349   297   373 0.74 -
366_g                -            514 15805at5794          -            426   5.8e-05   20.5   0.4   1   3     0.054       6.4    3.9   0.0   184   201   254   271   249   281 0.69 -
366_g                -            514 15805at5794          -            426   5.8e-05   20.5   0.4   2   3    0.0043       0.5    7.5   0.0   316   425   321   438   294   439 0.70 -
366_g                -            514 15805at5794          -            426   5.8e-05   20.5   0.4   3   3     0.034         4    4.5   0.0   160   204   463   508   456   512 0.83 -
1487_g               -            375 15805at5794          -            426   8.5e-05   20.0   0.8   1   4    0.0051       0.6    7.3   0.1   204   242    23    61    11    71 0.74 -
1487_g               -            375 15805at5794          -            426   8.5e-05   20.0   0.8   2   4      0.51        60    0.7   0.0   333   352    95   114    76   118 0.78 -
1487_g               -            375 15805at5794          -            426   8.5e-05   20.0   0.8   3   4       1.8   2.1e+02   -1.1   0.0   281   307   127   153   112   243 0.55 -
1487_g               -            375 15805at5794          -            426   8.5e-05   20.0   0.8   4   4    0.0047      0.55    7.4   0.0   182   407   313   349   301   373 0.54 -
1823_g               -            682 15805at5794          -            426   8.6e-05   19.9   1.2   1   2       6.4   7.5e+02   -2.9   0.0   214   241   432   459   421   476 0.78 -
1823_g               -            682 15805at5794          -            426   8.6e-05   19.9   1.2   2   2   1.7e-06    0.0002   18.7   0.3   162   241   559   646   542   653 0.80 -
4793_g               -            786 15805at5794          -            426   9.2e-05   19.8   0.2   1   3   0.00031     0.036   11.3   0.0   177   243    70   141    60   153 0.84 -
4793_g               -            786 15805at5794          -            426   9.2e-05   19.8   0.2   2   3       1.2   1.5e+02   -0.6   0.1   205   239   242   277   217   285 0.56 -
4793_g               -            786 15805at5794          -            426   9.2e-05   19.8   0.2   3   3     0.046       5.4    4.1   0.1   323   379   387   438   364   469 0.60 -
2359_g               -            811 15805at5794          -            426   0.00041   17.7   0.5   1   2      0.24        29    1.8   0.0   213   267   197   249   182   274 0.76 -
2359_g               -            811 15805at5794          -            426   0.00041   17.7   0.5   2   2   6.5e-05    0.0076   13.5   0.1   175   240   428   497   422   504 0.79 -
1983_g               -            447 15805at5794          -            426   0.00045   17.6   0.1   1   4         4   4.7e+02   -2.3   0.0   266   309   138   183   119   190 0.67 -
1983_g               -            447 15805at5794          -            426   0.00045   17.6   0.1   2   4       1.3   1.5e+02   -0.6   0.0   186   237   218   278   210   292 0.49 -
1983_g               -            447 15805at5794          -            426   0.00045   17.6   0.1   3   4   0.00011     0.012   12.8   0.0   178   241   300   370   288   381 0.80 -
1983_g               -            447 15805at5794          -            426   0.00045   17.6   0.1   4   4      0.88     1e+02   -0.1   0.0   185   214   410   439   381   444 0.71 -
397_g                -            332 15805at5794          -            426    0.0041   14.4   4.5   1   2     0.054       6.3    3.9   0.1   324   355    25    55     4    61 0.81 -
397_g                -            332 15805at5794          -            426    0.0041   14.4   4.5   2   2   0.00044     0.051   10.8   0.1   182   241   269   329   263   331 0.77 -
#
# Program:         hmmsearch
# Version:         3.1b2 (February 2015)
# Pipeline mode:   SEARCH
# Query file:      /mnt/e/Bioinformatics/Semester2/BINP29/Malaria Project/Genomes/Parsed/busco_downloads/lineages/apicomplexa_odb10/hmms/15805at5794.hmm
# Target file:     /mnt/e/Bioinformatics/Semester2/BINP29/Malaria Project/Genomes/Parsed/Py_new.faa
# Option settings: hmmsearch --domtblout /mnt/e/Bioinformatics/Semester2/BINP29/Malaria Project/Genomes/Parsed/Py/run_apicomplexa_odb10/hmmer_output/initial_run_results/15805at5794.out --cpu 1 /mnt/e/Bioinformatics/Semester2/BINP29/Malaria Project/Genomes/Parsed/busco_downloads/lineages/apicomplexa_odb10/hmms/15805at5794.hmm /mnt/e/Bioinformatics/Semester2/BINP29/Malaria Project/Genomes/Parsed/Py_new.faa 
# Current dir:     /mnt/e/Bioinformatics/Semester2/BINP29/Malaria Project/Genomes/Parsed
# Date:            Wed Mar  1 19:32:48 2023
# [ok]
