#                                                                            --- full sequence --- -------------- this domain -------------   hmm coord   ali coord   env coord
# target name        accession   tlen query name           accession   qlen   E-value  score  bias   #  of  c-Evalue  i-Evalue  score  bias  from    to  from    to  from    to  acc description of target
#------------------- ---------- ----- -------------------- ---------- ----- --------- ------ ----- --- --- --------- --------- ------ ----- ----- ----- ----- ----- ----- ----- ---- ---------------------
747_g                -            453 16452at5794          -            403  4.4e-218  722.0   3.0   1   1  6.2e-221  5.1e-218  721.8   3.0     1   403     1   446     1   446 0.93 -
3577_g               -            446 16452at5794          -            403     5e-89  296.9   0.0   1   1   7.2e-92   5.9e-89  296.7   0.0     3   397     2   424     1   433 0.86 -
2981_g               -           1227 16452at5794          -            403   4.3e-61  204.9   0.3   1   2     0.082        67    0.1   0.8   153   219   121   189   106   219 0.76 -
2981_g               -           1227 16452at5794          -            403   4.3e-61  204.9   0.3   2   2     1e-62   8.4e-60  200.7   0.0    17   375   789  1189   776  1219 0.83 -
4859_g               -            501 16452at5794          -            403   3.5e-59  198.6   9.6   1   1   6.3e-62   5.2e-59  198.1   9.6     1   370     1   410     1   438 0.80 -
3022_g               -            458 16452at5794          -            403   1.7e-58  196.4   0.0   1   1   3.4e-61   2.8e-58  195.7   0.0    38   375    53   423    42   453 0.84 -
2051_g               -            687 16452at5794          -            403   2.1e-26   90.7  13.6   1   3   4.4e-07   0.00036   17.5   0.4     5    46     3    43     1    56 0.72 -
2051_g               -            687 16452at5794          -            403   2.1e-26   90.7  13.6   2   3   0.00093      0.76    6.5   0.0    51    70    85   104    78   126 0.80 -
2051_g               -            687 16452at5794          -            403   2.1e-26   90.7  13.6   3   3   2.3e-23   1.9e-20   71.1   3.8    72   201   214   350   182   363 0.85 -
#
# Program:         hmmsearch
# Version:         3.1b2 (February 2015)
# Pipeline mode:   SEARCH
# Query file:      /mnt/e/Bioinformatics/Semester2/BINP29/Malaria Project/Genomes/Parsed/busco_downloads/lineages/apicomplexa_odb10/hmms/16452at5794.hmm
# Target file:     /mnt/e/Bioinformatics/Semester2/BINP29/Malaria Project/Genomes/Parsed/Py_new.faa
# Option settings: hmmsearch --domtblout /mnt/e/Bioinformatics/Semester2/BINP29/Malaria Project/Genomes/Parsed/Py/run_apicomplexa_odb10/hmmer_output/initial_run_results/16452at5794.out --cpu 1 /mnt/e/Bioinformatics/Semester2/BINP29/Malaria Project/Genomes/Parsed/busco_downloads/lineages/apicomplexa_odb10/hmms/16452at5794.hmm /mnt/e/Bioinformatics/Semester2/BINP29/Malaria Project/Genomes/Parsed/Py_new.faa 
# Current dir:     /mnt/e/Bioinformatics/Semester2/BINP29/Malaria Project/Genomes/Parsed
# Date:            Wed Mar  1 19:32:50 2023
# [ok]
