#                                                                            --- full sequence --- -------------- this domain -------------   hmm coord   ali coord   env coord
# target name        accession   tlen query name           accession   qlen   E-value  score  bias   #  of  c-Evalue  i-Evalue  score  bias  from    to  from    to  from    to  acc description of target
#------------------- ---------- ----- -------------------- ---------- ----- --------- ------ ----- --- --- --------- --------- ------ ----- ----- ----- ----- ----- ----- ----- ---- ---------------------
2359_g               -            811 17200at5794          -            367  3.6e-112  372.9  19.3   1   2   3.5e-94   2.9e-91  304.1  13.2     4   287    14   356    12   366 0.85 -
2359_g               -            811 17200at5794          -            367  3.6e-112  372.9  19.3   2   2   1.7e-23   1.4e-20   71.5   0.3   263   361   405   510   378   517 0.80 -
3668_g               -            649 17200at5794          -            367   4.1e-07   27.2  11.9   1   5     0.007       5.8    3.7   0.0   263   344   103   186    94   202 0.67 -
3668_g               -            649 17200at5794          -            367   4.1e-07   27.2  11.9   2   5   2.3e-06    0.0019   15.2   1.4   259   329   335   408   310   441 0.81 -
3668_g               -            649 17200at5794          -            367   4.1e-07   27.2  11.9   3   5      0.11        90   -0.2   0.0   329   346   450   467   423   479 0.76 -
3668_g               -            649 17200at5794          -            367   4.1e-07   27.2  11.9   4   5     4e-05     0.033   11.1   0.1   299   363   501   570   466   574 0.81 -
3668_g               -            649 17200at5794          -            367   4.1e-07   27.2  11.9   5   5      0.37   3.1e+02   -1.9   0.1   329   346   630   647   617   648 0.81 -
3396_g               -            328 17200at5794          -            367   3.9e-05   20.8   0.4   1   3      0.16   1.3e+02   -0.7   0.0   329   352    21    44     8    49 0.86 -
3396_g               -            328 17200at5794          -            367   3.9e-05   20.8   0.4   2   3   1.1e-05    0.0092   12.9   0.1   295   358   115   182   107   207 0.85 -
3396_g               -            328 17200at5794          -            367   3.9e-05   20.8   0.4   3   3    0.0052       4.3    4.1   0.0   311   350   277   320   266   326 0.72 -
4548_g               -            442 17200at5794          -            367   0.00018   18.6   0.6   1   3   0.00036       0.3    8.0   0.0   310   364   182   240   163   243 0.76 -
4548_g               -            442 17200at5794          -            367   0.00018   18.6   0.6   2   3     0.001      0.86    6.4   0.1   332   361   325   354   306   360 0.76 -
4548_g               -            442 17200at5794          -            367   0.00018   18.6   0.6   3   3     0.027        22    1.8   0.0   176   214   351   390   344   392 0.78 -
3258_g               -            324 17200at5794          -            367   0.00057   16.9   0.7   1   3     7e-07   0.00057   16.9   0.7   234   351    29   153    21   163 0.64 -
3258_g               -            324 17200at5794          -            367   0.00057   16.9   0.7   2   3      0.15   1.2e+02   -0.6   0.0   195   210   177   192   170   203 0.82 -
3258_g               -            324 17200at5794          -            367   0.00057   16.9   0.7   3   3      0.34   2.8e+02   -1.8   0.0   232   253   264   285   249   303 0.56 -
1983_g               -            447 17200at5794          -            367     0.014   12.4   0.4   1   4       1.5   1.2e+03   -3.9   0.0   163   208   162   179   148   185 0.53 -
1983_g               -            447 17200at5794          -            367     0.014   12.4   0.4   2   4      0.02        16    2.2   0.0   147   186   247   286   241   298 0.79 -
1983_g               -            447 17200at5794          -            367     0.014   12.4   0.4   3   4    0.0017       1.4    5.8   0.0   333   354   310   331   301   341 0.82 -
1983_g               -            447 17200at5794          -            367     0.014   12.4   0.4   4   4      0.23   1.9e+02   -1.3   0.0   331   352   411   432   387   444 0.78 -
#
# Program:         hmmsearch
# Version:         3.1b2 (February 2015)
# Pipeline mode:   SEARCH
# Query file:      /mnt/e/Bioinformatics/Semester2/BINP29/Malaria Project/Genomes/Parsed/busco_downloads/lineages/apicomplexa_odb10/hmms/17200at5794.hmm
# Target file:     /mnt/e/Bioinformatics/Semester2/BINP29/Malaria Project/Genomes/Parsed/Py_new.faa
# Option settings: hmmsearch --domtblout /mnt/e/Bioinformatics/Semester2/BINP29/Malaria Project/Genomes/Parsed/Py/run_apicomplexa_odb10/hmmer_output/initial_run_results/17200at5794.out --cpu 1 /mnt/e/Bioinformatics/Semester2/BINP29/Malaria Project/Genomes/Parsed/busco_downloads/lineages/apicomplexa_odb10/hmms/17200at5794.hmm /mnt/e/Bioinformatics/Semester2/BINP29/Malaria Project/Genomes/Parsed/Py_new.faa 
# Current dir:     /mnt/e/Bioinformatics/Semester2/BINP29/Malaria Project/Genomes/Parsed
# Date:            Wed Mar  1 19:32:50 2023
# [ok]
