#                                                                            --- full sequence --- -------------- this domain -------------   hmm coord   ali coord   env coord
# target name        accession   tlen query name           accession   qlen   E-value  score  bias   #  of  c-Evalue  i-Evalue  score  bias  from    to  from    to  from    to  acc description of target
#------------------- ---------- ----- -------------------- ---------- ----- --------- ------ ----- --- --- --------- --------- ------ ----- ----- ----- ----- ----- ----- ----- ---- ---------------------
3258_g               -            324 17218at5794          -            257  1.5e-104  347.1  13.1   1   1  3.3e-106  3.4e-104  345.9  13.1     6   257    28   323    20   323 0.89 -
3668_g               -            649 17218at5794          -            257   1.6e-43  147.0   5.7   1   6   3.2e-09   3.3e-07   28.0   0.0    41   100   102   162    97   164 0.85 -
3668_g               -            649 17218at5794          -            257   1.6e-43  147.0   5.7   2   6   1.2e-07   1.3e-05   22.9   0.0    11    65   157   210   156   220 0.89 -
3668_g               -            649 17218at5794          -            257   1.6e-43  147.0   5.7   3   6   4.4e-11   4.6e-09   34.1   0.7    28   106   328   409   311   412 0.90 -
3668_g               -            649 17218at5794          -            257   1.6e-43  147.0   5.7   4   6     0.092       9.6    3.6   0.1    84   122   430   468   420   476 0.66 -
3668_g               -            649 17218at5794          -            257   1.6e-43  147.0   5.7   5   6   2.3e-13   2.4e-11   41.6   0.0     6    88   475   557   470   567 0.88 -
3668_g               -            649 17218at5794          -            257   1.6e-43  147.0   5.7   6   6     8e-06   0.00084   16.9   0.0     5    40   610   645   606   648 0.85 -
4397_g               -            637 17218at5794          -            257   3.4e-26   90.3   7.0   1   3   5.7e-10   5.9e-08   30.5   0.7     7    95   348   436   343   439 0.89 -
4397_g               -            637 17218at5794          -            257   3.4e-26   90.3   7.0   2   3   2.8e-18   2.9e-16   57.7   0.3    14   127   439   557   435   563 0.87 -
4397_g               -            637 17218at5794          -            257   3.4e-26   90.3   7.0   3   3     0.055       5.8    4.3   0.0    68   103   577   612   570   627 0.75 -
3225_g               -            602 17218at5794          -            257   2.1e-25   87.7   5.6   1   3   7.1e-11   7.4e-09   33.5   0.2    12    99    18   114    10   116 0.79 -
3225_g               -            602 17218at5794          -            257   2.1e-25   87.7   5.6   2   3     4e-18   4.2e-16   57.2   0.5    12   125   111   232   111   243 0.91 -
3225_g               -            602 17218at5794          -            257   2.1e-25   87.7   5.6   3   3      0.29        31    1.9   0.0   154   187   243   276   233   314 0.54 -
4750_g               -           1171 17218at5794          -            257   6.5e-24   82.8  21.0   1   5       3.5   3.7e+02   -1.6   0.0   159   181    24    46    13    53 0.73 -
4750_g               -           1171 17218at5794          -            257   6.5e-24   82.8  21.0   2   5     1e-14   1.1e-12   46.1   3.8    21   143    73   211    65   240 0.72 -
4750_g               -           1171 17218at5794          -            257   6.5e-24   82.8  21.0   3   5    0.0054      0.56    7.6   0.9    25    99   554   631   543   657 0.72 -
4750_g               -           1171 17218at5794          -            257   6.5e-24   82.8  21.0   4   5     0.099        10    3.5   0.0    19    72   631   683   622   711 0.77 -
4750_g               -           1171 17218at5794          -            257   6.5e-24   82.8  21.0   5   5   2.1e-10   2.2e-08   31.9   0.7    14   128   748   865   738   902 0.79 -
2817_g               -            616 17218at5794          -            257   8.2e-23   79.2   5.7   1   3     0.015       1.6    6.2   0.3    92   122   295   330   245   333 0.56 -
2817_g               -            616 17218at5794          -            257   8.2e-23   79.2   5.7   2   3     2e-18   2.1e-16   58.2   0.6     8   126   295   418   288   421 0.90 -
2817_g               -            616 17218at5794          -            257   8.2e-23   79.2   5.7   3   3   1.1e-07   1.2e-05   23.0   0.2    49   127   419   502   417   594 0.86 -
3138_g               -            551 17218at5794          -            257   4.2e-22   76.9   9.3   1   4       2.6   2.8e+02   -1.2   0.0   184   219   220   254   184   258 0.82 -
3138_g               -            551 17218at5794          -            257   4.2e-22   76.9   9.3   2   4   3.8e-07   3.9e-05   21.2   0.2    57   126   285   358   266   363 0.83 -
3138_g               -            551 17218at5794          -            257   4.2e-22   76.9   9.3   3   4   6.4e-14   6.7e-12   43.4   1.7     6   103   360   460   356   464 0.88 -
3138_g               -            551 17218at5794          -            257   4.2e-22   76.9   9.3   4   4   7.7e-06    0.0008   17.0   0.0    16    85   456   527   452   536 0.78 -
82_g                 -           1381 17218at5794          -            257   1.8e-20   71.5  18.4   1   5   2.1e-05    0.0022   15.5   0.0    78   123    31    81     8    86 0.84 -
82_g                 -           1381 17218at5794          -            257   1.8e-20   71.5  18.4   2   5   1.9e-05     0.002   15.7   0.0   220   253    85   118    80   122 0.90 -
82_g                 -           1381 17218at5794          -            257   1.8e-20   71.5  18.4   3   5   0.00014     0.014   12.8   0.1   223   254   130   161   124   164 0.90 -
82_g                 -           1381 17218at5794          -            257   1.8e-20   71.5  18.4   4   5   9.5e-12     1e-09   36.3   0.3     6    98   240   335   235   370 0.79 -
82_g                 -           1381 17218at5794          -            257   1.8e-20   71.5  18.4   5   5         2   2.1e+02   -0.8   0.3    67   106   562   599   554   651 0.78 -
814_g                -           1129 17218at5794          -            257     4e-20   70.4  10.8   1   4   2.4e-12   2.5e-10   38.3   0.3    10    84   772   847   767   853 0.91 -
814_g                -           1129 17218at5794          -            257     4e-20   70.4  10.8   2   4   3.1e-05    0.0033   14.9   0.1     4    91   851   941   848   945 0.87 -
814_g                -           1129 17218at5794          -            257     4e-20   70.4  10.8   3   4   2.3e-07   2.4e-05   22.0   1.5   146   254   941  1065   936  1068 0.72 -
814_g                -           1129 17218at5794          -            257     4e-20   70.4  10.8   4   4     0.035       3.6    5.0   0.1   164   190  1052  1078  1042  1092 0.64 -
3622_g               -           1192 17218at5794          -            257   8.1e-20   69.4  21.6   1   5       1.9   1.9e+02   -0.7   0.1   160   183   132   155   101   209 0.55 -
3622_g               -           1192 17218at5794          -            257   8.1e-20   69.4  21.6   2   5   0.00053     0.056   10.9   0.3    48   116   214   282   202   292 0.79 -
3622_g               -           1192 17218at5794          -            257   8.1e-20   69.4  21.6   3   5   1.8e-07   1.8e-05   22.3   0.2    38   122   575   668   554   672 0.81 -
3622_g               -           1192 17218at5794          -            257   8.1e-20   69.4  21.6   4   5   2.2e-14   2.3e-12   45.0   0.8     6    96   695   784   690   807 0.90 -
3622_g               -           1192 17218at5794          -            257   8.1e-20   69.4  21.6   5   5      0.21        22    2.4   0.2     7    59   820   872   813   881 0.83 -
2875_g               -            500 17218at5794          -            257   1.8e-19   68.3  10.5   1   4   5.1e-07   5.3e-05   20.8   0.5   191   253   211   281   198   286 0.74 -
2875_g               -            500 17218at5794          -            257   1.8e-19   68.3  10.5   2   4    0.0079      0.82    7.1   0.1   224   254   298   328   282   331 0.82 -
2875_g               -            500 17218at5794          -            257   1.8e-19   68.3  10.5   3   4   1.8e-08   1.9e-06   25.6   0.0    21    89   351   419   339   428 0.79 -
2875_g               -            500 17218at5794          -            257   1.8e-19   68.3  10.5   4   4   1.4e-06   0.00015   19.3   0.1    19    83   432   498   416   499 0.88 -
1278_g               -            630 17218at5794          -            257   7.2e-19   66.3  11.6   1   3   4.5e-12   4.8e-10   37.4   0.1    11    89   337   417   329   425 0.87 -
1278_g               -            630 17218at5794          -            257   7.2e-19   66.3  11.6   2   3   0.00095       0.1   10.1   0.2   157   244   430   527   420   540 0.46 -
1278_g               -            630 17218at5794          -            257   7.2e-19   66.3  11.6   3   3   4.1e-08   4.3e-06   24.4   1.2     9    84   551   629   543   629 0.88 -
250_g                -            620 17218at5794          -            257   4.9e-18   63.5   6.4   1   5     0.061       6.4    4.2   0.1    21    69   239   289   219   301 0.81 -
250_g                -            620 17218at5794          -            257   4.9e-18   63.5   6.4   2   5     0.027       2.9    5.3   0.1   159   185   301   326   289   349 0.64 -
250_g                -            620 17218at5794          -            257   4.9e-18   63.5   6.4   3   5   4.8e-05    0.0051   14.3   0.0   220   252   398   430   385   435 0.92 -
250_g                -            620 17218at5794          -            257   4.9e-18   63.5   6.4   4   5   5.6e-11   5.8e-09   33.8   0.1    11   122   445   564   435   575 0.85 -
250_g                -            620 17218at5794          -            257   4.9e-18   63.5   6.4   5   5     0.043       4.5    4.7   0.0    12    43   575   606   567   617 0.78 -
2959_g               -           1009 17218at5794          -            257   1.5e-16   58.7  12.3   1   4       5.4   5.6e+02   -2.2   0.0   219   247     6    34     4    45 0.76 -
2959_g               -           1009 17218at5794          -            257   1.5e-16   58.7  12.3   2   4   2.4e-09   2.5e-07   28.4   0.3    20   124    63   174    45   180 0.83 -
2959_g               -           1009 17218at5794          -            257   1.5e-16   58.7  12.3   3   4   4.6e-13   4.8e-11   40.6   2.4    27   124   156   265   153   286 0.81 -
2959_g               -           1009 17218at5794          -            257   1.5e-16   58.7  12.3   4   4      0.45        47    1.3   0.3   173   219   449   493   439   504 0.78 -
3332_g               -            628 17218at5794          -            257   6.5e-16   56.6  14.1   1   4   3.4e-05    0.0036   14.8   0.0     7    46     6    45     2    60 0.80 -
3332_g               -            628 17218at5794          -            257   6.5e-16   56.6  14.1   2   4   7.1e-07   7.4e-05   20.3   0.1   190   253    79   151    77   154 0.58 -
3332_g               -            628 17218at5794          -            257   6.5e-16   56.6  14.1   3   4     4e-07   4.2e-05   21.2   0.3    52   126   276   359   257   369 0.82 -
3332_g               -            628 17218at5794          -            257   6.5e-16   56.6  14.1   4   4      0.15        16    2.9   2.9    48   123   536   625   522   627 0.66 -
750_g                -            365 17218at5794          -            257   1.6e-14   52.0  12.6   1   1   2.5e-14   2.7e-12   44.7  12.5     4   221     7   260     4   264 0.67 -
1339_g               -            609 17218at5794          -            257   1.5e-13   48.9  12.3   1   5       6.3   6.6e+02   -2.4   0.0    48    63   202   217   194   223 0.74 -
1339_g               -            609 17218at5794          -            257   1.5e-13   48.9  12.3   2   5   0.00018     0.019   12.5   0.5    37   132   281   377   254   378 0.76 -
1339_g               -            609 17218at5794          -            257   1.5e-13   48.9  12.3   3   5   0.00012     0.012   13.1   0.5    56   114   337   393   324   396 0.76 -
1339_g               -            609 17218at5794          -            257   1.5e-13   48.9  12.3   4   5   3.9e-10     4e-08   31.0   0.7    65   148   397   486   394   494 0.82 -
1339_g               -            609 17218at5794          -            257   1.5e-13   48.9  12.3   5   5     0.097        10    3.5   0.0   106   153   527   572   517   584 0.79 -
1466_g               -            482 17218at5794          -            257   4.7e-13   47.2   8.2   1   3    0.0075      0.78    7.2   0.0     9    73    81   146    75   157 0.91 -
1466_g               -            482 17218at5794          -            257   4.7e-13   47.2   8.2   2   3   3.5e-08   3.7e-06   24.6   1.1    15   126   131   250   129   256 0.78 -
1466_g               -            482 17218at5794          -            257   4.7e-13   47.2   8.2   3   3   6.4e-08   6.7e-06   23.8   2.6    77   126   238   292   230   392 0.77 -
3396_g               -            328 17218at5794          -            257   2.7e-12   44.7   1.5   1   3   0.00034     0.036   11.5   0.1    17   221    13    81     2    92 0.49 -
3396_g               -            328 17218at5794          -            257   2.7e-12   44.7   1.5   2   3     8e-07   8.4e-05   20.2   0.4    51   122   136   213   109   233 0.77 -
3396_g               -            328 17218at5794          -            257   2.7e-12   44.7   1.5   3   3    0.0014      0.15    9.5   0.0    79   125   269   320   244   323 0.85 -
1983_g               -            447 17218at5794          -            257     4e-12   44.2   0.1   1   3      0.37        38    1.6   0.0   151   194   150   193   138   200 0.74 -
1983_g               -            447 17218at5794          -            257     4e-12   44.2   0.1   2   3     7e-09   7.4e-07   26.9   0.0     3   125   194   327   192   334 0.77 -
1983_g               -            447 17218at5794          -            257     4e-12   44.2   0.1   3   3    0.0011      0.11   10.0   0.1    10    87   334   429   331   434 0.64 -
4039_g               -            591 17218at5794          -            257     4e-12   44.2  17.4   1   5   4.3e-08   4.5e-06   24.3   0.2    47   102    32    87    25   115 0.89 -
4039_g               -            591 17218at5794          -            257     4e-12   44.2  17.4   2   5    0.0041      0.42    8.0   0.4    43    96   129   182   122   258 0.77 -
4039_g               -            591 17218at5794          -            257     4e-12   44.2  17.4   3   5   0.00019      0.02   12.4   0.3    56   156   228   338   208   356 0.77 -
4039_g               -            591 17218at5794          -            257     4e-12   44.2  17.4   4   5       3.3   3.5e+02   -1.5   0.0   137   215   484   523   464   551 0.49 -
4039_g               -            591 17218at5794          -            257     4e-12   44.2  17.4   5   5    0.0015      0.16    9.5   0.5   149   184   553   587   546   590 0.56 -
1555_g               -            627 17218at5794          -            257   7.3e-12   43.3   0.5   1   3   9.9e-07    0.0001   19.9   0.0   221   254   154   188   147   191 0.89 -
1555_g               -            627 17218at5794          -            257   7.3e-12   43.3   0.5   2   3   2.5e-09   2.6e-07   28.4   0.3    28   124   176   285   175   293 0.69 -
1555_g               -            627 17218at5794          -            257   7.3e-12   43.3   0.5   3   3       4.9   5.2e+02   -2.1   0.0   117   136   329   348   312   352 0.82 -
2687_g               -            455 17218at5794          -            257   1.7e-11   42.1  13.9   1   4      0.22        23    2.4   0.0   220   254   129   163    73   167 0.78 -
2687_g               -            455 17218at5794          -            257   1.7e-11   42.1  13.9   2   4     5e-05    0.0052   14.3   0.4   106   145   205   246   181   258 0.84 -
2687_g               -            455 17218at5794          -            257   1.7e-11   42.1  13.9   3   4   3.6e-08   3.7e-06   24.6   1.7   129   220   278   379   270   384 0.77 -
2687_g               -            455 17218at5794          -            257   1.7e-11   42.1  13.9   4   4     0.013       1.4    6.3   0.1    52    84   401   435   380   450 0.73 -
4657_g               -            465 17218at5794          -            257   2.3e-11   41.7   8.2   1   2   2.2e-07   2.3e-05   22.0   0.1   153   252    37   139    28   141 0.83 -
4657_g               -            465 17218at5794          -            257   2.3e-11   41.7   8.2   2   2   1.3e-09   1.4e-07   29.3   4.4    47   180   105   258    71   271 0.75 -
2737_g               -            472 17218at5794          -            257   2.5e-11   41.6  10.2   1   2   2.2e-08   2.3e-06   25.3   3.7    51   225    67   258    61   261 0.75 -
2737_g               -            472 17218at5794          -            257   2.5e-11   41.6  10.2   2   2   1.8e-06   0.00019   19.0   0.4    27   125   279   384   255   392 0.76 -
760_g                -           1060 17218at5794          -            257   8.4e-11   39.8   8.8   1   4   0.00064     0.067   10.7   0.1    10    87   159   238   151   242 0.84 -
760_g                -           1060 17218at5794          -            257   8.4e-11   39.8   8.8   2   4       2.2   2.3e+02   -0.9   0.1   156   195   357   399   340   415 0.55 -
760_g                -           1060 17218at5794          -            257   8.4e-11   39.8   8.8   3   4   0.00016     0.016   12.7   0.0   202   251   432   486   416   492 0.60 -
760_g                -           1060 17218at5794          -            257   8.4e-11   39.8   8.8   4   4   1.1e-05    0.0012   16.4   0.3    14   103   537   629   528   663 0.75 -
3894_g               -            554 17218at5794          -            257   9.6e-11   39.6   6.4   1   3   8.3e-06   0.00087   16.8   0.1    12    93    40   124    35   137 0.84 -
3894_g               -            554 17218at5794          -            257   9.6e-11   39.6   6.4   2   3   4.5e-06   0.00047   17.7   0.3     9   104   157   252   149   260 0.69 -
3894_g               -            554 17218at5794          -            257   9.6e-11   39.6   6.4   3   3     0.016       1.7    6.1   0.1    39    77   364   400   293   426 0.69 -
206_g                -            724 17218at5794          -            257   1.8e-10   38.8  14.4   1   5     0.014       1.5    6.3   0.1    53   138   106   201    92   214 0.66 -
206_g                -            724 17218at5794          -            257   1.8e-10   38.8  14.4   2   5     0.055       5.8    4.3   0.0    61   135   293   370   248   431 0.78 -
206_g                -            724 17218at5794          -            257   1.8e-10   38.8  14.4   3   5   1.3e-06   0.00013   19.5   1.4    16   125   468   582   463   584 0.85 -
206_g                -            724 17218at5794          -            257   1.8e-10   38.8  14.4   4   5   1.8e-05    0.0019   15.7   0.9    24    96   517   590   506   628 0.77 -
206_g                -            724 17218at5794          -            257   1.8e-10   38.8  14.4   5   5   9.8e-05      0.01   13.3   0.1    16    90   638   712   625   721 0.88 -
4484_g               -            936 17218at5794          -            257     3e-10   38.0   3.4   1   3      0.78        82    0.5   0.0    70    90   166   186   154   191 0.77 -
4484_g               -            936 17218at5794          -            257     3e-10   38.0   3.4   2   3   6.9e-10   7.2e-08   30.2   0.7    10   122   195   331   188   336 0.76 -
4484_g               -            936 17218at5794          -            257     3e-10   38.0   3.4   3   3      0.49        52    1.2   0.0    60   217   818   841   781   858 0.64 -
4793_g               -            786 17218at5794          -            257   5.9e-10   37.1  11.3   1   4   1.2e-05    0.0013   16.3   0.1    19    96    71   149    61   171 0.79 -
4793_g               -            786 17218at5794          -            257   5.9e-10   37.1  11.3   2   4   5.5e-05    0.0057   14.2   0.0    99   163   254   323   242   342 0.82 -
4793_g               -            786 17218at5794          -            257   5.9e-10   37.1  11.3   3   4   0.00041     0.043   11.3   1.5   163   223   391   452   358   464 0.87 -
4793_g               -            786 17218at5794          -            257   5.9e-10   37.1  11.3   4   4       4.3   4.5e+02   -1.9   0.1   206   233   697   722   627   733 0.66 -
1046_g               -            527 17218at5794          -            257   6.3e-10   37.0  13.1   1   2   4.7e-07   4.9e-05   20.9   1.0    25   105   231   319   212   321 0.75 -
1046_g               -            527 17218at5794          -            257   6.3e-10   37.0  13.1   2   2   1.5e-09   1.6e-07   29.1   5.3     9   125   265   386   263   472 0.82 -
366_g                -            514 17218at5794          -            257   1.1e-09   36.2   8.3   1   4    0.0012      0.12    9.8   0.2   100   124   250   274   149   325 0.79 -
366_g                -            514 17218at5794          -            257   1.1e-09   36.2   8.3   2   4      0.29        31    1.9   0.0   105   127   332   354   311   358 0.85 -
366_g                -            514 17218at5794          -            257   1.1e-09   36.2   8.3   3   4   1.5e-07   1.6e-05   22.5   0.2    72   125   383   443   359   461 0.73 -
366_g                -            514 17218at5794          -            257   1.1e-09   36.2   8.3   4   4     0.059       6.1    4.2   0.1    52    87   471   508   456   512 0.75 -
1443_g               -            504 17218at5794          -            257   5.3e-09   33.9   3.4   1   2       1.3   1.4e+02   -0.2   0.1   143   181   169   208   159   219 0.58 -
1443_g               -            504 17218at5794          -            257   5.3e-09   33.9   3.4   2   2   5.1e-11   5.3e-09   33.9   3.4    69   220   291   445   277   450 0.77 -
4309_g               -            593 17218at5794          -            257   1.7e-08   32.3   6.4   1   2     2e-06   0.00021   18.9   0.3   203   254   276   335   219   338 0.75 -
4309_g               -            593 17218at5794          -            257   1.7e-08   32.3   6.4   2   2   1.6e-05    0.0017   15.9   0.9    24   126   384   497   365   538 0.74 -
887_g                -            323 17218at5794          -            257   1.8e-08   32.2   8.7   1   4      0.16        17    2.8   0.0   228   254    11    37     3    40 0.80 -
887_g                -            323 17218at5794          -            257   1.8e-08   32.2   8.7   2   4   9.7e-07    0.0001   19.9   0.6     3   102    46   145    43   162 0.85 -
887_g                -            323 17218at5794          -            257   1.8e-08   32.2   8.7   3   4     0.054       5.6    4.3   0.2   150   214   184   250   175   257 0.63 -
887_g                -            323 17218at5794          -            257   1.8e-08   32.2   8.7   4   4    0.0067       0.7    7.3   0.1   143   181   262   301   258   320 0.83 -
2359_g               -            811 17218at5794          -            257   5.7e-08   30.5   0.2   1   2    0.0013      0.14    9.6   0.0    21    85   201   268   185   280 0.86 -
2359_g               -            811 17218at5794          -            257   5.7e-08   30.5   0.2   2   2   3.4e-06   0.00035   18.1   0.0    57   129   426   503   413   505 0.87 -
4548_g               -            442 17218at5794          -            257   1.1e-07   29.6  12.9   1   5      0.14        15    3.0   0.0   194   229   140   175   104   187 0.82 -
4548_g               -            442 17218at5794          -            257   1.1e-07   29.6  12.9   2   5      0.15        16    2.8   0.3    67   124   231   281   226   286 0.77 -
4548_g               -            442 17218at5794          -            257   1.1e-07   29.6  12.9   3   5   9.7e-06     0.001   16.6   1.6    67   130   278   348   262   351 0.67 -
4548_g               -            442 17218at5794          -            257   1.1e-07   29.6  12.9   4   5   4.7e-08     5e-06   24.2   3.5    11    88   307   387   296   392 0.84 -
4548_g               -            442 17218at5794          -            257   1.1e-07   29.6  12.9   5   5      0.97     1e+02    0.2   0.0   230   248   411   430   402   436 0.77 -
221_g                -            364 17218at5794          -            257   2.1e-07   28.7   2.4   1   4   5.6e-08   5.9e-06   24.0   0.2    62   126    74   146    12   151 0.79 -
221_g                -            364 17218at5794          -            257   2.1e-07   28.7   2.4   2   4      0.92        97    0.3   0.0   147   175   235   263   176   281 0.52 -
221_g                -            364 17218at5794          -            257   2.1e-07   28.7   2.4   3   4       3.1   3.2e+02   -1.4   0.0    20    61   270   314   259   321 0.68 -
221_g                -            364 17218at5794          -            257   2.1e-07   28.7   2.4   4   4      0.72        76    0.7   0.0   195   220   330   357   321   361 0.71 -
1487_g               -            375 17218at5794          -            257     5e-07   27.4   4.2   1   3   4.7e-05    0.0049   14.4   0.9    19   120    34   149    24   174 0.77 -
1487_g               -            375 17218at5794          -            257     5e-07   27.4   4.2   2   3       2.6   2.7e+02   -1.2   0.0   219   249   204   234   169   242 0.76 -
1487_g               -            375 17218at5794          -            257     5e-07   27.4   4.2   3   3   7.5e-05    0.0079   13.7   0.1   167   247   281   364   199   370 0.69 -
3938_g               -            424 17218at5794          -            257   5.1e-07   27.4   4.2   1   3    0.0093      0.97    6.9   0.0   198   242   116   162   101   164 0.77 -
3938_g               -            424 17218at5794          -            257   5.1e-07   27.4   4.2   2   3   3.2e-06   0.00034   18.2   0.3    47    87   162   203   159   218 0.84 -
3938_g               -            424 17218at5794          -            257   5.1e-07   27.4   4.2   3   3      0.24        25    2.2   0.1   198   251   288   346   245   352 0.69 -
1376_g               -            435 17218at5794          -            257   2.1e-06   25.4   2.8   1   3    0.0027      0.28    8.6   1.4   119   223    40   149    17   170 0.58 -
1376_g               -            435 17218at5794          -            257   2.1e-06   25.4   2.8   2   3       1.6   1.7e+02   -0.5   0.0    70    96   186   212   173   224 0.70 -
1376_g               -            435 17218at5794          -            257   2.1e-06   25.4   2.8   3   3   6.4e-05    0.0067   13.9   0.0    42    97   307   362   296   370 0.89 -
95_g                 -            392 17218at5794          -            257   2.8e-06   25.0   0.9   1   1   1.3e-07   1.3e-05   22.8   0.9    66   154   189   255   150   268 0.56 -
1378_g               -            691 17218at5794          -            257   6.4e-06   23.8   7.7   1   4   7.7e-06    0.0008   17.0   0.8    25    84    23    87     8   113 0.72 -
1378_g               -            691 17218at5794          -            257   6.4e-06   23.8   7.7   2   4   0.00064     0.067   10.7   0.1     9    67    52   114    44   133 0.75 -
1378_g               -            691 17218at5794          -            257   6.4e-06   23.8   7.7   3   4     0.016       1.6    6.1   1.1    56   179   220   252   174   304 0.47 -
1378_g               -            691 17218at5794          -            257   6.4e-06   23.8   7.7   4   4      0.51        53    1.2   0.0    13    42   269   298   262   316 0.59 -
3450_g               -            588 17218at5794          -            257   2.5e-05   21.9   0.2   1   2       3.1   3.3e+02   -1.4   0.0    18    45   197   224   192   261 0.77 -
3450_g               -            588 17218at5794          -            257   2.5e-05   21.9   0.2   2   2   1.4e-06   0.00015   19.4   0.1    56   106   356   404   326   420 0.81 -
3620_g               -            381 17218at5794          -            257   3.2e-05   21.6   0.0   1   2         7   7.3e+02   -2.6   0.0   174   198    82   106    68   127 0.63 -
3620_g               -            381 17218at5794          -            257   3.2e-05   21.6   0.0   2   2   9.3e-07   9.8e-05   20.0   0.0     7    86   191   273   187   284 0.84 -
2478_g               -            512 17218at5794          -            257   3.7e-05   21.3   3.4   1   3    0.0059      0.62    7.5   0.1    79   129    53   109    41   134 0.69 -
2478_g               -            512 17218at5794          -            257   3.7e-05   21.3   3.4   2   3       3.6   3.8e+02   -1.6   0.0    46    64   250   268   245   284 0.64 -
2478_g               -            512 17218at5794          -            257   3.7e-05   21.3   3.4   3   3   7.9e-05    0.0083   13.6   0.1    20    94   296   370   280   381 0.85 -
2624_g               -            593 17218at5794          -            257   0.00011   19.8   1.9   1   1   9.8e-06     0.001   16.6   1.9    67   181   227   294   160   299 0.54 -
#
# Program:         hmmsearch
# Version:         3.1b2 (February 2015)
# Pipeline mode:   SEARCH
# Query file:      /mnt/e/Bioinformatics/Semester2/BINP29/Malaria Project/Genomes/Parsed/busco_downloads/lineages/apicomplexa_odb10/hmms/17218at5794.hmm
# Target file:     /mnt/e/Bioinformatics/Semester2/BINP29/Malaria Project/Genomes/Parsed/Py_new.faa
# Option settings: hmmsearch --domtblout /mnt/e/Bioinformatics/Semester2/BINP29/Malaria Project/Genomes/Parsed/Py/run_apicomplexa_odb10/hmmer_output/initial_run_results/17218at5794.out --cpu 1 /mnt/e/Bioinformatics/Semester2/BINP29/Malaria Project/Genomes/Parsed/busco_downloads/lineages/apicomplexa_odb10/hmms/17218at5794.hmm /mnt/e/Bioinformatics/Semester2/BINP29/Malaria Project/Genomes/Parsed/Py_new.faa 
# Current dir:     /mnt/e/Bioinformatics/Semester2/BINP29/Malaria Project/Genomes/Parsed
# Date:            Wed Mar  1 19:32:50 2023
# [ok]
