#                                                                            --- full sequence --- -------------- this domain -------------   hmm coord   ali coord   env coord
# target name        accession   tlen query name           accession   qlen   E-value  score  bias   #  of  c-Evalue  i-Evalue  score  bias  from    to  from    to  from    to  acc description of target
#------------------- ---------- ----- -------------------- ---------- ----- --------- ------ ----- --- --- --------- --------- ------ ----- ----- ----- ----- ----- ----- ----- ---- ---------------------
2304_g               -            251 19406at5794          -            202   4.7e-85  282.4   6.3   1   1   1.4e-87   9.6e-85  281.3   6.3     1   194     1   222     1   230 0.88 -
101_g                -            236 19406at5794          -            202   3.4e-34  116.3   0.3   1   1   6.2e-37   4.3e-34  115.9   0.3     7   192     5   212     1   221 0.84 -
1644_g               -            247 19406at5794          -            202   3.1e-32  109.9   0.2   1   1   8.9e-35   6.2e-32  108.9   0.2     7   184     4   203     1   223 0.80 -
1905_g               -            257 19406at5794          -            202   1.3e-31  107.9   0.0   1   1   3.2e-34   2.3e-31  107.1   0.0     1   194     1   223     1   228 0.83 -
1645_g               -            242 19406at5794          -            202   3.8e-29   99.8   0.1   1   1   1.2e-31   8.7e-29   98.6   0.1     8   195     3   211     1   217 0.82 -
714_g                -            261 19406at5794          -            202   1.3e-24   85.0   1.5   1   1   4.7e-26   3.3e-23   80.4   1.5     6   184     7   216     2   234 0.74 -
4850_g               -            254 19406at5794          -            202   5.6e-22   76.4   0.5   1   1   1.1e-24   7.9e-22   75.9   0.5     8   172     6   185     3   212 0.80 -
#
# Program:         hmmsearch
# Version:         3.1b2 (February 2015)
# Pipeline mode:   SEARCH
# Query file:      /mnt/e/Bioinformatics/Semester2/BINP29/Malaria Project/Genomes/Parsed/busco_downloads/lineages/apicomplexa_odb10/hmms/19406at5794.hmm
# Target file:     /mnt/e/Bioinformatics/Semester2/BINP29/Malaria Project/Genomes/Parsed/Py_new.faa
# Option settings: hmmsearch --domtblout /mnt/e/Bioinformatics/Semester2/BINP29/Malaria Project/Genomes/Parsed/Py/run_apicomplexa_odb10/hmmer_output/initial_run_results/19406at5794.out --cpu 1 /mnt/e/Bioinformatics/Semester2/BINP29/Malaria Project/Genomes/Parsed/busco_downloads/lineages/apicomplexa_odb10/hmms/19406at5794.hmm /mnt/e/Bioinformatics/Semester2/BINP29/Malaria Project/Genomes/Parsed/Py_new.faa 
# Current dir:     /mnt/e/Bioinformatics/Semester2/BINP29/Malaria Project/Genomes/Parsed
# Date:            Wed Mar  1 19:32:53 2023
# [ok]
