#                                                                            --- full sequence --- -------------- this domain -------------   hmm coord   ali coord   env coord
# target name        accession   tlen query name           accession   qlen   E-value  score  bias   #  of  c-Evalue  i-Evalue  score  bias  from    to  from    to  from    to  acc description of target
#------------------- ---------- ----- -------------------- ---------- ----- --------- ------ ----- --- --- --------- --------- ------ ----- ----- ----- ----- ----- ----- ----- ---- ---------------------
3248_g               -            320 19637at5794          -            240  5.8e-120  397.2   0.9   1   1  2.2e-122  8.5e-120  396.7   0.9     1   240    36   312    36   312 0.91 -
3046_g               -            302 19637at5794          -            240   3.8e-23   80.3   3.1   1   4   0.00013     0.049   11.2   0.1     2    33    13    44    12    48 0.91 -
3046_g               -            302 19637at5794          -            240   3.8e-23   80.3   3.1   2   4   1.4e-07   5.3e-05   20.9   0.0   117   154    50    87    42   119 0.82 -
3046_g               -            302 19637at5794          -            240   3.8e-23   80.3   3.1   3   4   1.7e-12   6.3e-10   37.0   0.1    87   208   123   260   111   261 0.73 -
3046_g               -            302 19637at5794          -            240   3.8e-23   80.3   3.1   4   4   9.6e-05     0.036   11.6   0.0   119   152   252   285   246   299 0.85 -
1778_g               -            498 19637at5794          -            240   3.3e-19   67.4   0.4   1   4    0.0018      0.68    7.4   0.0   164   204    13    53     5    58 0.87 -
1778_g               -            498 19637at5794          -            240   3.3e-19   67.4   0.4   2   4   4.4e-08   1.7e-05   22.5   0.1   118   167   203   252   180   257 0.86 -
1778_g               -            498 19637at5794          -            240   3.3e-19   67.4   0.4   3   4   3.7e-07   0.00014   19.5   0.0    78   152   289   370   282   390 0.72 -
1778_g               -            498 19637at5794          -            240   3.3e-19   67.4   0.4   4   4   5.5e-05     0.021   12.4   0.0   115   152   440   477   395   494 0.75 -
2966_g               -           1102 19637at5794          -            240   9.9e-14   49.4   0.4   1   3     0.026       9.9    3.6   0.0   173   200    41    68    27    89 0.71 -
2966_g               -           1102 19637at5794          -            240   9.9e-14   49.4   0.4   2   3   2.4e-07     9e-05   20.1   0.1     5    63   770   829   764   847 0.80 -
2966_g               -           1102 19637at5794          -            240   9.9e-14   49.4   0.4   3   3   1.1e-07     4e-05   21.3   0.0     2    63  1013  1080  1012  1098 0.74 -
1195_g               -            584 19637at5794          -            240   9.7e-13   46.2   1.9   1   4     4e-05     0.015   12.8   0.0     8    78    59   135    55   148 0.72 -
1195_g               -            584 19637at5794          -            240   9.7e-13   46.2   1.9   2   4     0.037        14    3.1   0.0   163   205   208   250   194   287 0.76 -
1195_g               -            584 19637at5794          -            240   9.7e-13   46.2   1.9   3   4     0.012       4.7    4.7   0.0   120   149   429   458   409   486 0.85 -
1195_g               -            584 19637at5794          -            240   9.7e-13   46.2   1.9   4   4   7.7e-08   2.9e-05   21.7   0.1     1    70   503   575   503   582 0.83 -
2753_g               -            381 19637at5794          -            240   1.4e-10   39.1   8.0   1   4   0.00064      0.24    8.9   0.1   169   201    11    43     4    55 0.81 -
2753_g               -            381 19637at5794          -            240   1.4e-10   39.1   8.0   2   4   0.00048      0.18    9.3   0.1     4    76   119   197   115   206 0.75 -
2753_g               -            381 19637at5794          -            240   1.4e-10   39.1   8.0   3   4    0.0001     0.039   11.5   0.0     1    31   218   248   218   263 0.88 -
2753_g               -            381 19637at5794          -            240   1.4e-10   39.1   8.0   4   4     0.011       4.1    4.9   0.0   121   162   333   375   326   379 0.76 -
1312_g               -            316 19637at5794          -            240   1.5e-10   39.0   0.2   1   3    0.0017      0.64    7.5   0.0   169   230    17    80    10    90 0.74 -
1312_g               -            316 19637at5794          -            240   1.5e-10   39.0   0.2   2   3   4.9e-06    0.0019   15.8   0.0     2    71   106   176   105   190 0.84 -
1312_g               -            316 19637at5794          -            240   1.5e-10   39.0   0.2   3   3   6.3e-05     0.024   12.2   0.0    80   148   228   294   219   310 0.65 -
2286_g               -            516 19637at5794          -            240   2.3e-09   35.2   0.9   1   2   6.4e-05     0.024   12.2   0.1     6    56   128   180   121   197 0.75 -
2286_g               -            516 19637at5794          -            240   2.3e-09   35.2   0.9   2   2     9e-08   3.4e-05   21.5   0.1     2    71   239   313   238   327 0.80 -
4092_g               -            324 19637at5794          -            240   1.4e-08   32.6   3.4   1   3   9.6e-06    0.0036   14.9   0.1     5    79    35   114    31   128 0.67 -
4092_g               -            324 19637at5794          -            240   1.4e-08   32.6   3.4   2   3   0.00059      0.22    9.0   0.0   168   204   128   164   113   176 0.84 -
4092_g               -            324 19637at5794          -            240   1.4e-08   32.6   3.4   3   3   0.00013      0.05   11.1   0.8    11   149   139   289   129   321 0.63 -
1963_g               -            308 19637at5794          -            240   5.1e-07   27.5   0.1   1   3     0.059        22    2.5   0.0   172   196    26    50    13    67 0.63 -
1963_g               -            308 19637at5794          -            240   5.1e-07   27.5   0.1   2   3    0.0023      0.89    7.1   0.0   173   212   151   190   140   197 0.78 -
1963_g               -            308 19637at5794          -            240   5.1e-07   27.5   0.1   3   3   1.7e-05    0.0064   14.1   0.0    82   158   219   298   153   303 0.69 -
1471_g               -            289 19637at5794          -            240   9.4e-07   26.6   4.6   1   3    0.0012      0.45    8.0   0.0     3    31     8    36     6    56 0.80 -
1471_g               -            289 19637at5794          -            240   9.4e-07   26.6   4.6   2   3   7.5e-07   0.00028   18.5   0.2   166   233    84   156    42   163 0.76 -
1471_g               -            289 19637at5794          -            240   9.4e-07   26.6   4.6   3   3      0.32   1.2e+02    0.0   0.1     5    20   222   237   218   263 0.63 -
3539_g               -            307 19637at5794          -            240     4e-05   21.3   0.2   1   3   4.9e-06    0.0019   15.8   0.1    15    82     9    80     2   150 0.71 -
3539_g               -            307 19637at5794          -            240     4e-05   21.3   0.2   2   3     0.061        23    2.4   0.1   176   213    96   132    83   172 0.63 -
3539_g               -            307 19637at5794          -            240     4e-05   21.3   0.2   3   3      0.35   1.3e+02   -0.1   0.0     3    44   217   259   214   293 0.73 -
1967_g               -            348 19637at5794          -            240     0.015   12.9   1.4   1   3   0.00036      0.14    9.7   0.0   122   152    51    81    36    87 0.80 -
1967_g               -            348 19637at5794          -            240     0.015   12.9   1.4   2   3       1.1   4.1e+02   -1.7   0.0    21    53   141   173   138   208 0.63 -
1967_g               -            348 19637at5794          -            240     0.015   12.9   1.4   3   3      0.17        66    0.9   0.1    42    87   215   260   197   288 0.71 -
#
# Program:         hmmsearch
# Version:         3.1b2 (February 2015)
# Pipeline mode:   SEARCH
# Query file:      /mnt/e/Bioinformatics/Semester2/BINP29/Malaria Project/Genomes/Parsed/busco_downloads/lineages/apicomplexa_odb10/hmms/19637at5794.hmm
# Target file:     /mnt/e/Bioinformatics/Semester2/BINP29/Malaria Project/Genomes/Parsed/Py_new.faa
# Option settings: hmmsearch --domtblout /mnt/e/Bioinformatics/Semester2/BINP29/Malaria Project/Genomes/Parsed/Py/run_apicomplexa_odb10/hmmer_output/initial_run_results/19637at5794.out --cpu 1 /mnt/e/Bioinformatics/Semester2/BINP29/Malaria Project/Genomes/Parsed/busco_downloads/lineages/apicomplexa_odb10/hmms/19637at5794.hmm /mnt/e/Bioinformatics/Semester2/BINP29/Malaria Project/Genomes/Parsed/Py_new.faa 
# Current dir:     /mnt/e/Bioinformatics/Semester2/BINP29/Malaria Project/Genomes/Parsed
# Date:            Wed Mar  1 19:32:54 2023
# [ok]
