#                                                                            --- full sequence --- -------------- this domain -------------   hmm coord   ali coord   env coord
# target name        accession   tlen query name           accession   qlen   E-value  score  bias   #  of  c-Evalue  i-Evalue  score  bias  from    to  from    to  from    to  acc description of target
#------------------- ---------- ----- -------------------- ---------- ----- --------- ------ ----- --- --- --------- --------- ------ ----- ----- ----- ----- ----- ----- ----- ---- ---------------------
714_g                -            261 19810at5794          -            216   2.8e-95  316.0   8.9   1   1   9.8e-96   6.9e-93  308.1   8.9     1   216     3   260     3   260 0.89 -
1644_g               -            247 19810at5794          -            216   2.6e-28   97.1   0.4   1   1   4.9e-31   3.5e-28   96.7   0.4     6   205     4   232     1   242 0.75 -
101_g                -            236 19810at5794          -            216   2.1e-26   90.8   0.1   1   1   3.8e-29   2.6e-26   90.5   0.1     5   212     4   234     1   235 0.80 -
2304_g               -            251 19810at5794          -            216   1.1e-19   68.9   0.8   1   1   2.3e-22   1.6e-19   68.3   0.6     5   158     6   173     3   194 0.81 -
1645_g               -            242 19810at5794          -            216   2.8e-17   61.0   0.3   1   1     5e-20   3.5e-17   60.7   0.3     6   212     2   229     1   233 0.75 -
4850_g               -            254 19810at5794          -            216   6.5e-17   59.8   1.6   1   1   2.5e-19   1.7e-16   58.4   1.6     5   212     4   235     2   239 0.71 -
1905_g               -            257 19810at5794          -            216   7.7e-17   59.6   0.0   1   1   1.1e-18     8e-16   56.2   0.0     3   198     4   229     2   243 0.61 -
#
# Program:         hmmsearch
# Version:         3.1b2 (February 2015)
# Pipeline mode:   SEARCH
# Query file:      /mnt/e/Bioinformatics/Semester2/BINP29/Malaria Project/Genomes/Parsed/busco_downloads/lineages/apicomplexa_odb10/hmms/19810at5794.hmm
# Target file:     /mnt/e/Bioinformatics/Semester2/BINP29/Malaria Project/Genomes/Parsed/Py_new.faa
# Option settings: hmmsearch --domtblout /mnt/e/Bioinformatics/Semester2/BINP29/Malaria Project/Genomes/Parsed/Py/run_apicomplexa_odb10/hmmer_output/initial_run_results/19810at5794.out --cpu 1 /mnt/e/Bioinformatics/Semester2/BINP29/Malaria Project/Genomes/Parsed/busco_downloads/lineages/apicomplexa_odb10/hmms/19810at5794.hmm /mnt/e/Bioinformatics/Semester2/BINP29/Malaria Project/Genomes/Parsed/Py_new.faa 
# Current dir:     /mnt/e/Bioinformatics/Semester2/BINP29/Malaria Project/Genomes/Parsed
# Date:            Wed Mar  1 19:32:54 2023
# [ok]
