#                                                                            --- full sequence --- -------------- this domain -------------   hmm coord   ali coord   env coord
# target name        accession   tlen query name           accession   qlen   E-value  score  bias   #  of  c-Evalue  i-Evalue  score  bias  from    to  from    to  from    to  acc description of target
#------------------- ---------- ----- -------------------- ---------- ----- --------- ------ ----- --- --- --------- --------- ------ ----- ----- ----- ----- ----- ----- ----- ---- ---------------------
343_g                -            302 20882at5794          -            206   9.2e-74  245.5  16.6   1   2   2.8e-37   3.5e-34  116.2   7.3    18   120    64   176    41   185 0.84 -
343_g                -            302 20882at5794          -            206   9.2e-74  245.5  16.6   2   2   1.2e-42   1.4e-39  133.8   1.9   119   200   203   284   183   291 0.90 -
1482_g               -            327 20882at5794          -            206     3e-05   21.7   4.0   1   3      0.65     8e+02   -2.5   0.2   100   118    17    35     7    54 0.67 -
1482_g               -            327 20882at5794          -            206     3e-05   21.7   4.0   2   3      0.61   7.5e+02   -2.5  13.4    19    83    75   148    63   204 0.71 -
1482_g               -            327 20882at5794          -            206     3e-05   21.7   4.0   3   3   2.4e-08     3e-05   21.7   4.0   127   188   235   296   148   318 0.86 -
3338_g               -            326 20882at5794          -            206   0.00013   19.7   0.7   1   2      0.44   5.4e+02   -2.0   2.9    43    86    25    66    18   130 0.62 -
3338_g               -            326 20882at5794          -            206   0.00013   19.7   0.7   2   2     1e-07   0.00013   19.7   0.7   122   204   226   309   214   313 0.87 -
1876_g               -            753 20882at5794          -            206       0.4    8.2  18.7   1   3      0.51   6.3e+02   -2.2   0.0   159   178   448   467   444   479 0.68 -
1876_g               -            753 20882at5794          -            206       0.4    8.2  18.7   2   3   8.1e-06    0.0099   13.5   4.1    52   107   487   542   475   546 0.87 -
1876_g               -            753 20882at5794          -            206       0.4    8.2  18.7   3   3     0.026        32    2.0   4.8    51    93   541   583   535   606 0.43 -
#
# Program:         hmmsearch
# Version:         3.1b2 (February 2015)
# Pipeline mode:   SEARCH
# Query file:      /mnt/e/Bioinformatics/Semester2/BINP29/Malaria Project/Genomes/Parsed/busco_downloads/lineages/apicomplexa_odb10/hmms/20882at5794.hmm
# Target file:     /mnt/e/Bioinformatics/Semester2/BINP29/Malaria Project/Genomes/Parsed/Py_new.faa
# Option settings: hmmsearch --domtblout /mnt/e/Bioinformatics/Semester2/BINP29/Malaria Project/Genomes/Parsed/Py/run_apicomplexa_odb10/hmmer_output/initial_run_results/20882at5794.out --cpu 1 /mnt/e/Bioinformatics/Semester2/BINP29/Malaria Project/Genomes/Parsed/busco_downloads/lineages/apicomplexa_odb10/hmms/20882at5794.hmm /mnt/e/Bioinformatics/Semester2/BINP29/Malaria Project/Genomes/Parsed/Py_new.faa 
# Current dir:     /mnt/e/Bioinformatics/Semester2/BINP29/Malaria Project/Genomes/Parsed
# Date:            Wed Mar  1 19:32:55 2023
# [ok]
