#                                                                            --- full sequence --- -------------- this domain -------------   hmm coord   ali coord   env coord
# target name        accession   tlen query name           accession   qlen   E-value  score  bias   #  of  c-Evalue  i-Evalue  score  bias  from    to  from    to  from    to  acc description of target
#------------------- ---------- ----- -------------------- ---------- ----- --------- ------ ----- --- --- --------- --------- ------ ----- ----- ----- ----- ----- ----- ----- ---- ---------------------
2985_g               -            207 21482at5794          -            119   4.9e-67  221.4   3.1   1   2   1.9e-64   5.4e-62  205.1   0.6     1   109    31   140    31   147 0.93 -
2985_g               -            207 21482at5794          -            119   4.9e-67  221.4   3.1   2   2   3.7e-06    0.0011   17.1   0.1    93   119   147   175   141   175 0.90 -
4380_g               -            201 21482at5794          -            119   7.2e-27   91.8   2.1   1   2   6.2e-29   1.8e-26   90.5   0.8     3   100    33   127    31   142 0.92 -
4380_g               -            201 21482at5794          -            119   7.2e-27   91.8   2.1   2   2      0.53   1.5e+02    0.4   0.0    96   110   145   159   139   169 0.76 -
4367_g               -            208 21482at5794          -            119     4e-26   89.4   1.1   1   2   3.6e-28     1e-25   88.1   0.6     2    98    36   129    35   147 0.90 -
4367_g               -            208 21482at5794          -            119     4e-26   89.4   1.1   2   2       1.2   3.5e+02   -0.8   0.0    97   111   150   164   145   174 0.75 -
1382_g               -            214 21482at5794          -            119   1.2e-25   87.9   0.0   1   2   3.5e-27     1e-24   84.9   0.0     1   100    30   126    30   142 0.87 -
1382_g               -            214 21482at5794          -            119   1.2e-25   87.9   0.0   2   2      0.39   1.1e+02    0.8   0.0    97   110   144   157   139   167 0.74 -
3678_g               -            208 21482at5794          -            119   1.1e-24   84.7   0.1   1   2   9.7e-27   2.8e-24   83.4   0.1     2   101    35   131    34   157 0.91 -
3678_g               -            208 21482at5794          -            119   1.1e-24   84.7   0.1   2   2       2.3   6.5e+02   -1.6   0.0    98   115   150   169   144   172 0.67 -
1127_g               -            217 21482at5794          -            119   1.5e-24   84.4   0.2   1   2   2.3e-26   6.7e-24   82.2   0.1     3   102    36   133    34   151 0.84 -
1127_g               -            217 21482at5794          -            119   1.5e-24   84.4   0.2   2   2      0.64   1.8e+02    0.2   0.0    94   111   147   164   134   171 0.79 -
1951_g               -            215 21482at5794          -            119     4e-23   79.7   0.2   1   2   1.7e-24   5.1e-22   76.2   0.0     3    98    52   144    50   158 0.88 -
1951_g               -            215 21482at5794          -            119     4e-23   79.7   0.2   2   2      0.31        91    1.1   0.0    94   116   162   186   158   188 0.77 -
276_g                -            229 21482at5794          -            119   1.4e-21   74.8   0.0   1   1   7.8e-24   2.3e-21   74.1   0.0     7   111    38   139    34   147 0.86 -
1041_g               -            196 21482at5794          -            119   1.1e-18   65.4   0.0   1   1   6.7e-21   1.9e-18   64.6   0.0     2    98    55   149    54   166 0.88 -
4186_g               -            229 21482at5794          -            119   1.2e-15   55.6   0.9   1   2      0.26        75    1.4   0.0     3    23    31    51    29    57 0.81 -
4186_g               -            229 21482at5794          -            119   1.2e-15   55.6   0.9   2   2   4.8e-17   1.4e-14   52.2   0.1    26   102    84   155    73   184 0.88 -
3925_g               -            215 21482at5794          -            119   1.4e-15   55.4   0.1   1   1   8.4e-18   2.4e-15   54.6   0.1     3   105    34   132    32   143 0.87 -
716_g                -            201 21482at5794          -            119   1.1e-06   26.7   2.5   1   3   4.5e-07   0.00013   20.0   0.1     5    37    58    90    54    94 0.91 -
716_g                -            201 21482at5794          -            119   1.1e-06   26.7   2.5   2   3    0.0075       2.2    6.4   0.2    59   113    90   144    90   147 0.72 -
716_g                -            201 21482at5794          -            119   1.1e-06   26.7   2.5   3   3      0.65   1.9e+02    0.1   0.0    94   113   144   165   135   171 0.72 -
4587_g               -            179 21482at5794          -            119   1.1e-05   23.5   0.0   1   1   5.6e-08   1.6e-05   22.9   0.0    26   103    50   125    42   140 0.84 -
4344_g               -            438 21482at5794          -            119   0.00021   19.4   0.1   1   1   2.1e-06   0.00062   17.8   0.1    24    90   183   247   160   276 0.76 -
3063_g               -            179 21482at5794          -            119   0.00029   18.9   0.0   1   1   1.5e-06   0.00042   18.4   0.0    21    98    55   130    43   148 0.79 -
3189_g               -            182 21482at5794          -            119   0.00074   17.6   0.0   1   1   3.4e-06   0.00099   17.2   0.0    21    68    55   102    34   150 0.80 -
4807_g               -            186 21482at5794          -            119    0.0089   14.1   0.0   1   1   4.8e-05     0.014   13.5   0.0    28    72    61   104    46   147 0.73 -
#
# Program:         hmmsearch
# Version:         3.1b2 (February 2015)
# Pipeline mode:   SEARCH
# Query file:      /mnt/e/Bioinformatics/Semester2/BINP29/Malaria Project/Genomes/Parsed/busco_downloads/lineages/apicomplexa_odb10/hmms/21482at5794.hmm
# Target file:     /mnt/e/Bioinformatics/Semester2/BINP29/Malaria Project/Genomes/Parsed/Py_new.faa
# Option settings: hmmsearch --domtblout /mnt/e/Bioinformatics/Semester2/BINP29/Malaria Project/Genomes/Parsed/Py/run_apicomplexa_odb10/hmmer_output/initial_run_results/21482at5794.out --cpu 1 /mnt/e/Bioinformatics/Semester2/BINP29/Malaria Project/Genomes/Parsed/busco_downloads/lineages/apicomplexa_odb10/hmms/21482at5794.hmm /mnt/e/Bioinformatics/Semester2/BINP29/Malaria Project/Genomes/Parsed/Py_new.faa 
# Current dir:     /mnt/e/Bioinformatics/Semester2/BINP29/Malaria Project/Genomes/Parsed
# Date:            Wed Mar  1 19:32:56 2023
# [ok]
