#                                                                            --- full sequence --- -------------- this domain -------------   hmm coord   ali coord   env coord
# target name        accession   tlen query name           accession   qlen   E-value  score  bias   #  of  c-Evalue  i-Evalue  score  bias  from    to  from    to  from    to  acc description of target
#------------------- ---------- ----- -------------------- ---------- ----- --------- ------ ----- --- --- --------- --------- ------ ----- ----- ----- ----- ----- ----- ----- ---- ---------------------
465_g                -            196 21956at5794          -            164   9.9e-78  257.8   8.2   1   1   3.9e-80   2.4e-77  256.6   8.2     1   163     1   183     1   184 0.93 -
811_g                -            243 21956at5794          -            164   1.2e-11   42.9   0.2   1   1   3.2e-14     2e-11   42.2   0.2     3   130    41   185    39   228 0.80 -
3605_g               -            271 21956at5794          -            164   1.1e-07   30.0   0.7   1   1   2.9e-10   1.8e-07   29.4   0.7     5   141    63   216    60   225 0.72 -
1644_g               -            247 21956at5794          -            164   1.7e-07   29.4   1.2   1   1   5.4e-09   3.3e-06   25.2   1.2    67   142   117   194    31   203 0.66 -
376_g                -            271 21956at5794          -            164   2.7e-07   28.8   0.0   1   1   6.7e-10   4.1e-07   28.2   0.0     3   140    43   196    41   202 0.75 -
1905_g               -            257 21956at5794          -            164   2.8e-05   22.2   0.0   1   1   1.3e-06    0.0008   17.5   0.0    75   140   134   200    34   222 0.72 -
746_g                -            257 21956at5794          -            164     3e-05   22.1   6.8   1   2   0.00045      0.28    9.2   1.6     3    93    11   122     9   140 0.60 -
746_g                -            257 21956at5794          -            164     3e-05   22.1   6.8   2   2   5.4e-06    0.0033   15.5   0.3    98   150   154   207   141   221 0.77 -
101_g                -            236 21956at5794          -            164   6.2e-05   21.1   0.2   1   1   2.1e-07   0.00013   20.1   0.2     5   141    36   192    33   213 0.71 -
#
# Program:         hmmsearch
# Version:         3.1b2 (February 2015)
# Pipeline mode:   SEARCH
# Query file:      /mnt/e/Bioinformatics/Semester2/BINP29/Malaria Project/Genomes/Parsed/busco_downloads/lineages/apicomplexa_odb10/hmms/21956at5794.hmm
# Target file:     /mnt/e/Bioinformatics/Semester2/BINP29/Malaria Project/Genomes/Parsed/Py_new.faa
# Option settings: hmmsearch --domtblout /mnt/e/Bioinformatics/Semester2/BINP29/Malaria Project/Genomes/Parsed/Py/run_apicomplexa_odb10/hmmer_output/initial_run_results/21956at5794.out --cpu 1 /mnt/e/Bioinformatics/Semester2/BINP29/Malaria Project/Genomes/Parsed/busco_downloads/lineages/apicomplexa_odb10/hmms/21956at5794.hmm /mnt/e/Bioinformatics/Semester2/BINP29/Malaria Project/Genomes/Parsed/Py_new.faa 
# Current dir:     /mnt/e/Bioinformatics/Semester2/BINP29/Malaria Project/Genomes/Parsed
# Date:            Wed Mar  1 19:32:56 2023
# [ok]
