#                                                                            --- full sequence --- -------------- this domain -------------   hmm coord   ali coord   env coord
# target name        accession   tlen query name           accession   qlen   E-value  score  bias   #  of  c-Evalue  i-Evalue  score  bias  from    to  from    to  from    to  acc description of target
#------------------- ---------- ----- -------------------- ---------- ----- --------- ------ ----- --- --- --------- --------- ------ ----- ----- ----- ----- ----- ----- ----- ---- ---------------------
1255_g               -            768 22891at5794          -            486  1.8e-136  453.5  40.9   1   6   2.2e-08   2.9e-06   24.1   0.0    92   132    84   124    70   147 0.87 -
1255_g               -            768 22891at5794          -            486  1.8e-136  453.5  40.9   2   6   1.4e-11   1.8e-09   34.7   3.0   116   200   187   273   161   276 0.73 -
1255_g               -            768 22891at5794          -            486  1.8e-136  453.5  40.9   3   6   9.1e-27   1.2e-24   84.8   3.3   170   239   275   349   254   354 0.85 -
1255_g               -            768 22891at5794          -            486  1.8e-136  453.5  40.9   4   6   1.2e-34   1.5e-32  110.8   0.6   236   322   371   460   365   476 0.91 -
1255_g               -            768 22891at5794          -            486  1.8e-136  453.5  40.9   5   6     1e-13   1.3e-11   41.7   0.8   315   360   485   530   476   534 0.89 -
1255_g               -            768 22891at5794          -            486  1.8e-136  453.5  40.9   6   6   2.4e-54   3.1e-52  175.7   5.0   358   486   562   705   556   705 0.88 -
1317_g               -            924 22891at5794          -            486   2.1e-43  146.6   6.8   1   4   2.1e-08   2.7e-06   24.2   0.0   396   477    85   167    71   177 0.85 -
1317_g               -            924 22891at5794          -            486   2.1e-43  146.6   6.8   2   4   7.5e-28   9.7e-26   88.3   3.4   281   473   146   337   146   340 0.89 -
1317_g               -            924 22891at5794          -            486   2.1e-43  146.6   6.8   3   4       1.2   1.5e+02   -1.3   0.0   164   189   440   465   436   476 0.83 -
1317_g               -            924 22891at5794          -            486   2.1e-43  146.6   6.8   4   4   1.1e-13   1.4e-11   41.6   0.0   397   484   480   567   468   569 0.86 -
2213_g               -            345 22891at5794          -            486   9.4e-30  101.6   8.3   1   3   5.2e-24   6.8e-22   75.7   0.4   323   468    97   239    90   243 0.89 -
2213_g               -            345 22891at5794          -            486   9.4e-30  101.6   8.3   2   3   2.7e-12   3.5e-10   37.0   2.4   322   468   179   239   167   290 0.55 -
2213_g               -            345 22891at5794          -            486   9.4e-30  101.6   8.3   3   3       2.1   2.7e+02   -2.2   0.5   294   338   257   301   251   313 0.66 -
2576_g               -           1909 22891at5794          -            486     3e-28   96.6   0.1   1   3       2.3   2.9e+02   -2.3   1.0   393   435  1219  1261  1135  1292 0.71 -
2576_g               -           1909 22891at5794          -            486     3e-28   96.6   0.1   2   3   9.5e-13   1.2e-10   38.5   0.0   392   482  1504  1595  1489  1599 0.88 -
2576_g               -           1909 22891at5794          -            486     3e-28   96.6   0.1   3   3   4.1e-21   5.3e-19   66.1   0.1   319   483  1517  1682  1516  1685 0.91 -
1254_g               -            225 22891at5794          -            486   2.9e-26   90.1  16.5   1   2   1.5e-24     2e-22   77.5   7.8     1    76    39   133    39   139 0.88 -
1254_g               -            225 22891at5794          -            486   2.9e-26   90.1  16.5   2   2   6.8e-06   0.00088   15.9   1.3    72    96   173   197   145   217 0.77 -
1696_g               -            512 22891at5794          -            486   2.7e-22   77.0   0.3   1   3   4.4e-07   5.8e-05   19.8   0.0   407   479    84   157    58   165 0.87 -
1696_g               -            512 22891at5794          -            486   2.7e-22   77.0   0.3   2   3   1.6e-09   2.1e-07   27.9   0.0   407   472   183   249   167   254 0.88 -
1696_g               -            512 22891at5794          -            486   2.7e-22   77.0   0.3   3   3   6.8e-09   8.9e-07   25.8   0.1   413   479   374   441   350   468 0.74 -
2486_g               -            509 22891at5794          -            486   1.4e-20   71.3   1.4   1   3   7.4e-06   0.00095   15.8   0.0   409   474    80   146    69   159 0.88 -
2486_g               -            509 22891at5794          -            486   1.4e-20   71.3   1.4   2   3   1.9e-10   2.5e-08   30.9   0.2   403   470   172   239   162   243 0.92 -
2486_g               -            509 22891at5794          -            486   1.4e-20   71.3   1.4   3   3   1.4e-07   1.8e-05   21.5   0.1   415   471   405   462   390   494 0.76 -
3254_g               -            289 22891at5794          -            486   2.4e-20   70.6   0.0   1   2   1.6e-09     2e-07   27.9   0.0   406   471     4    69     1    75 0.92 -
3254_g               -            289 22891at5794          -            486   2.4e-20   70.6   0.0   2   2   2.1e-13   2.8e-11   40.7   0.0   411   484   154   227   148   229 0.93 -
2174_g               -            465 22891at5794          -            486     1e-17   61.9  18.3   1   3   4.5e-10   5.9e-08   29.7   2.4   315   473    68   140    45   152 0.56 -
2174_g               -            465 22891at5794          -            486     1e-17   61.9  18.3   2   3       1.2   1.6e+02   -1.4   0.6   319   353   165   197   155   275 0.54 -
2174_g               -            465 22891at5794          -            486     1e-17   61.9  18.3   3   3   4.1e-13   5.3e-11   39.7   5.0   394   481   269   360   241   365 0.75 -
436_g                -            736 22891at5794          -            486   1.6e-17   61.2   0.4   1   3   4.4e-08   5.8e-06   23.1   0.2   398   466   315   385   297   403 0.84 -
436_g                -            736 22891at5794          -            486   1.6e-17   61.2   0.4   2   3   1.9e-11   2.5e-09   34.2   0.0   420   485   439   505   433   506 0.92 -
436_g                -            736 22891at5794          -            486   1.6e-17   61.2   0.4   3   3      0.58        75   -0.3   0.0   423   472   638   684   633   697 0.81 -
1008_g               -            469 22891at5794          -            486   4.7e-16   56.4   2.6   1   2   7.5e-10   9.7e-08   29.0   0.3   321   406   185   274   148   279 0.83 -
1008_g               -            469 22891at5794          -            486   4.7e-16   56.4   2.6   2   2   2.4e-09   3.1e-07   27.3   0.1   324   397   397   467   387   468 0.91 -
3556_g               -            526 22891at5794          -            486   2.9e-15   53.8   0.0   1   2   4.1e-10   5.3e-08   29.9   0.0   400   477   295   372   272   380 0.87 -
3556_g               -            526 22891at5794          -            486   2.9e-15   53.8   0.0   2   2   1.4e-07   1.9e-05   21.4   0.0   407   483   445   521   434   524 0.89 -
3558_g               -            427 22891at5794          -            486   3.4e-15   53.6   0.0   1   2   5.1e-10   6.6e-08   29.5   0.0   406   477   202   273   170   281 0.86 -
3558_g               -            427 22891at5794          -            486   3.4e-15   53.6   0.0   2   2     1e-07   1.4e-05   21.9   0.0   407   483   346   422   335   425 0.89 -
3517_g               -            249 22891at5794          -            486   2.3e-12   44.2   0.2   1   1   2.4e-14   3.1e-12   43.8   0.2   316   400    13   100     6   110 0.81 -
1129_g               -            129 22891at5794          -            486     7e-12   42.6   0.0   1   1     6e-14   7.8e-12   42.5   0.0   406   483     4    82     1    85 0.89 -
4016_g               -            586 22891at5794          -            486     8e-12   42.4   3.3   1   2   4.9e-12   6.3e-10   36.2   1.8   402   484   207   289   116   291 0.74 -
4016_g               -            586 22891at5794          -            486     8e-12   42.4   3.3   2   2     0.014       1.8    5.0   0.0   404   445   506   547   496   561 0.87 -
4469_g               -            349 22891at5794          -            486   7.3e-11   39.3   0.0   1   1   1.1e-12   1.4e-10   38.3   0.0   407   480    10    84     3    90 0.88 -
3535_g               -            712 22891at5794          -            486   8.4e-11   39.1   0.5   1   2     4e-06   0.00051   16.7   0.0   402   483   250   324   231   337 0.77 -
3535_g               -            712 22891at5794          -            486   8.4e-11   39.1   0.5   2   2     3e-07   3.8e-05   20.4   0.1   396   476   361   442   355   447 0.88 -
2038_g               -            193 22891at5794          -            486   8.9e-11   39.0   0.2   1   2   7.1e-08   9.2e-06   22.5   0.0   409   485    10    88     6    89 0.86 -
2038_g               -            193 22891at5794          -            486   8.9e-11   39.0   0.2   2   2   1.4e-05    0.0018   14.9   0.0   399   473   110   179    90   191 0.72 -
4552_g               -            270 22891at5794          -            486   3.2e-10   37.2   0.4   1   2       2.9   3.7e+02   -2.6   0.3   237   255    72    90    52   115 0.53 -
4552_g               -            270 22891at5794          -            486   3.2e-10   37.2   0.4   2   2   2.5e-12   3.2e-10   37.2   0.4   402   472   181   252   124   265 0.83 -
3176_g               -            517 22891at5794          -            486   5.4e-10   36.4   0.0   1   2   5.6e-10   7.3e-08   29.4   0.0   402   484     5    87     2    91 0.94 -
3176_g               -            517 22891at5794          -            486   5.4e-10   36.4   0.0   2   2     0.019       2.4    4.6   0.0    98   139   111   151    94   173 0.68 -
4565_g               -            405 22891at5794          -            486   5.7e-10   36.3   1.3   1   2   2.3e-07     3e-05   20.8   0.1   397   459   145   208   124   229 0.82 -
4565_g               -            405 22891at5794          -            486   5.7e-10   36.3   1.3   2   2   1.9e-05    0.0025   14.5   0.1   425   461   271   307   256   318 0.85 -
785_g                -            159 22891at5794          -            486     4e-09   33.5   0.1   1   1   3.8e-11   4.9e-09   33.2   0.1   404   483    61   140    46   143 0.90 -
1764_g               -            365 22891at5794          -            486   5.6e-09   33.1   0.3   1   1   6.3e-11   8.1e-09   32.5   0.3   405   483    94   172    64   175 0.89 -
80_g                 -            692 22891at5794          -            486   9.3e-09   32.3   7.4   1   4    0.0074      0.96    5.9   0.0   402   432   174   204   162   220 0.56 -
80_g                 -            692 22891at5794          -            486   9.3e-09   32.3   7.4   2   4   0.00019     0.025   11.1   0.2   386   476   321   414   288   424 0.74 -
80_g                 -            692 22891at5794          -            486   9.3e-09   32.3   7.4   3   4     0.017       2.2    4.7   0.0   404   476   491   557   480   566 0.72 -
80_g                 -            692 22891at5794          -            486   9.3e-09   32.3   7.4   4   4   9.7e-05     0.013   12.1   0.1   405   483   607   685   589   688 0.89 -
1826_g               -            404 22891at5794          -            486     1e-08   32.2   2.5   1   2       1.3   1.7e+02   -1.5   0.1   237   267   162   192   110   200 0.69 -
1826_g               -            404 22891at5794          -            486     1e-08   32.2   2.5   2   2   7.8e-11     1e-08   32.2   2.5   380   480   246   344   208   397 0.82 -
801_g                -            310 22891at5794          -            486   2.9e-08   30.7   0.0   1   2   4.6e-09     6e-07   26.4   0.0   409   482     8    79     3    85 0.86 -
801_g                -            310 22891at5794          -            486   2.9e-08   30.7   0.0   2   2      0.11        14    2.0   0.0   102   171   113   188   102   192 0.68 -
1702_g               -            181 22891at5794          -            486   5.6e-08   29.8   0.1   1   1   4.8e-10   6.2e-08   29.6   0.1   320   409    47   139    29   178 0.86 -
1428_g               -            412 22891at5794          -            486   6.1e-08   29.7   6.7   1   3    0.0067      0.87    6.1   0.1   409   467    16    84    11    91 0.52 -
1428_g               -            412 22891at5794          -            486   6.1e-08   29.7   6.7   2   3         1   1.3e+02   -1.1   0.1   371   405    98   132    92   154 0.80 -
1428_g               -            412 22891at5794          -            486   6.1e-08   29.7   6.7   3   3   8.4e-09   1.1e-06   25.5   0.0   398   477   315   394   303   410 0.65 -
2327_g               -            310 22891at5794          -            486   1.6e-07   28.3   0.0   1   1   1.7e-09   2.2e-07   27.8   0.0   401   483    28   111    12   114 0.88 -
2454_g               -            108 22891at5794          -            486   3.8e-07   27.0   0.0   1   1   3.2e-09   4.1e-07   26.9   0.0   410   483    24    98     9   106 0.78 -
77_g                 -            589 22891at5794          -            486   2.8e-06   24.2  14.6   1   2   1.2e-06   0.00016   18.4   0.3   323   385     9    71     4    98 0.80 -
77_g                 -            589 22891at5794          -            486   2.8e-06   24.2  14.6   2   2   0.00044     0.057    9.9   7.2   322   415   152   245   138   270 0.83 -
3159_g               -            163 22891at5794          -            486   6.5e-06   22.9   0.0   1   1   6.6e-08   8.6e-06   22.6   0.0   405   478    53   129    41   137 0.83 -
2095_g               -            280 22891at5794          -            486   8.5e-06   22.6   6.2   1   2    0.0017      0.22    8.0   2.1   385   479    27   111    12   138 0.53 -
2095_g               -            280 22891at5794          -            486   8.5e-06   22.6   6.2   2   2   4.6e-06   0.00059   16.5   0.1   403   467   196   260   185   274 0.54 -
4575_g               -            242 22891at5794          -            486   9.9e-06   22.4   0.0   1   1   1.3e-07   1.7e-05   21.6   0.0   405   479    30   105    21   110 0.69 -
1042_g               -            155 22891at5794          -            486   5.5e-05   19.9   0.1   1   1   5.5e-07   7.2e-05   19.5   0.1   394   469    21    94     5   103 0.73 -
4579_g               -            461 22891at5794          -            486   0.00019   18.1   0.0   1   1   3.1e-06    0.0004   17.1   0.0   409   467   385   443   374   457 0.87 -
1527_g               -            394 22891at5794          -            486   0.00049   16.8   0.4   1   1     5e-06   0.00064   16.4   0.4   399   483   213   293   186   296 0.83 -
#
# Program:         hmmsearch
# Version:         3.1b2 (February 2015)
# Pipeline mode:   SEARCH
# Query file:      /mnt/e/Bioinformatics/Semester2/BINP29/Malaria Project/Genomes/Parsed/busco_downloads/lineages/apicomplexa_odb10/hmms/22891at5794.hmm
# Target file:     /mnt/e/Bioinformatics/Semester2/BINP29/Malaria Project/Genomes/Parsed/Py_new.faa
# Option settings: hmmsearch --domtblout /mnt/e/Bioinformatics/Semester2/BINP29/Malaria Project/Genomes/Parsed/Py/run_apicomplexa_odb10/hmmer_output/initial_run_results/22891at5794.out --cpu 1 /mnt/e/Bioinformatics/Semester2/BINP29/Malaria Project/Genomes/Parsed/busco_downloads/lineages/apicomplexa_odb10/hmms/22891at5794.hmm /mnt/e/Bioinformatics/Semester2/BINP29/Malaria Project/Genomes/Parsed/Py_new.faa 
# Current dir:     /mnt/e/Bioinformatics/Semester2/BINP29/Malaria Project/Genomes/Parsed
# Date:            Wed Mar  1 19:32:58 2023
# [ok]
