#                                                                            --- full sequence --- -------------- this domain -------------   hmm coord   ali coord   env coord
# target name        accession   tlen query name           accession   qlen   E-value  score  bias   #  of  c-Evalue  i-Evalue  score  bias  from    to  from    to  from    to  acc description of target
#------------------- ---------- ----- -------------------- ---------- ----- --------- ------ ----- --- --- --------- --------- ------ ----- ----- ----- ----- ----- ----- ----- ---- ---------------------
792_g                -            318 23514at5794          -            152   8.4e-51  169.9  24.7   1   4   2.3e-22   2.8e-19   67.6   1.8     1    56     1    58     1    61 0.91 -
792_g                -            318 23514at5794          -            152   8.4e-51  169.9  24.7   2   4   2.5e-10   3.1e-07   28.5   3.6    27    81    61   115    51   134 0.67 -
792_g                -            318 23514at5794          -            152   8.4e-51  169.9  24.7   3   4   1.2e-28   1.5e-25   87.9   2.0    76   143   135   206   118   213 0.88 -
792_g                -            318 23514at5794          -            152   8.4e-51  169.9  24.7   4   4       0.4     5e+02   -1.4   0.3    17    34   271   288   224   301 0.59 -
3051_g               -            214 23514at5794          -            152   9.5e-09   33.4   3.1   1   1   8.5e-12     1e-08   33.3   2.4    31   138    54   171    38   178 0.81 -
3555_g               -            194 23514at5794          -            152    0.0022   16.0   6.8   1   1   9.5e-06     0.012   13.7   6.8    30   139    32   158    14   163 0.62 -
592_g                -            105 23514at5794          -            152     0.015   13.3   0.0   1   1   1.3e-05     0.016   13.2   0.0    90   141    32    87     7   101 0.72 -
#
# Program:         hmmsearch
# Version:         3.1b2 (February 2015)
# Pipeline mode:   SEARCH
# Query file:      /mnt/e/Bioinformatics/Semester2/BINP29/Malaria Project/Genomes/Parsed/busco_downloads/lineages/apicomplexa_odb10/hmms/23514at5794.hmm
# Target file:     /mnt/e/Bioinformatics/Semester2/BINP29/Malaria Project/Genomes/Parsed/Py_new.faa
# Option settings: hmmsearch --domtblout /mnt/e/Bioinformatics/Semester2/BINP29/Malaria Project/Genomes/Parsed/Py/run_apicomplexa_odb10/hmmer_output/initial_run_results/23514at5794.out --cpu 1 /mnt/e/Bioinformatics/Semester2/BINP29/Malaria Project/Genomes/Parsed/busco_downloads/lineages/apicomplexa_odb10/hmms/23514at5794.hmm /mnt/e/Bioinformatics/Semester2/BINP29/Malaria Project/Genomes/Parsed/Py_new.faa 
# Current dir:     /mnt/e/Bioinformatics/Semester2/BINP29/Malaria Project/Genomes/Parsed
# Date:            Wed Mar  1 19:32:59 2023
# [ok]
