#                                                                            --- full sequence --- -------------- this domain -------------   hmm coord   ali coord   env coord
# target name        accession   tlen query name           accession   qlen   E-value  score  bias   #  of  c-Evalue  i-Evalue  score  bias  from    to  from    to  from    to  acc description of target
#------------------- ---------- ----- -------------------- ---------- ----- --------- ------ ----- --- --- --------- --------- ------ ----- ----- ----- ----- ----- ----- ----- ---- ---------------------
3558_g               -            427 27360at5794          -            116   5.7e-47  156.8   4.1   1   3    0.0019      0.28    9.5   0.0    57    77   203   223   200   224 0.90 -
3558_g               -            427 27360at5794          -            116   5.7e-47  156.8   4.1   2   3   5.7e-30   8.5e-28   95.0   0.9     1    58   225   285   225   293 0.95 -
3558_g               -            427 27360at5794          -            116   5.7e-47  156.8   4.1   3   3   8.5e-16   1.3e-13   49.3   0.1    57   110   346   410   340   414 0.84 -
3556_g               -            526 27360at5794          -            116   2.9e-46  154.6   6.0   1   3    0.0016      0.24    9.7   0.0    56    77   301   322   256   323 0.87 -
3556_g               -            526 27360at5794          -            116   2.9e-46  154.6   6.0   2   3   8.8e-30   1.3e-27   94.4   1.1     1    58   324   384   324   391 0.96 -
3556_g               -            526 27360at5794          -            116   2.9e-46  154.6   6.0   3   3   1.2e-15   1.7e-13   48.9   0.1    57   110   445   509   439   513 0.84 -
1317_g               -            924 27360at5794          -            116   4.7e-21   73.3   0.7   1   4   2.3e-06   0.00034   18.9   0.0     3    92   120   219   118   220 0.87 -
1317_g               -            924 27360at5794          -            116   4.7e-21   73.3   0.7   2   4   1.1e-10   1.7e-08   32.8   0.1     5    91   210   307   207   340 0.75 -
1317_g               -            924 27360at5794          -            116   4.7e-21   73.3   0.7   3   4     0.014       2.2    6.6   0.0    56    90   489   523   481   525 0.86 -
1317_g               -            924 27360at5794          -            116   4.7e-21   73.3   0.7   4   4   2.7e-05     0.004   15.5   0.0     5    41   516   552   515   573 0.91 -
1255_g               -            768 27360at5794          -            116   3.7e-14   51.0  13.2   1   7       2.9   4.3e+02   -0.8   0.0    60    88    91   118    79   146 0.69 -
1255_g               -            768 27360at5794          -            116   3.7e-14   51.0  13.2   2   7       8.7   1.3e+03   -2.3   0.1    55    55   240   240   203   283 0.52 -
1255_g               -            768 27360at5794          -            116   3.7e-14   51.0  13.2   3   7   0.00016     0.024   12.9   0.1    57   105   375   429   338   438 0.79 -
1255_g               -            768 27360at5794          -            116   3.7e-14   51.0  13.2   4   7    0.0076       1.1    7.5   0.1    53    86   487   520   470   543 0.82 -
1255_g               -            768 27360at5794          -            116   3.7e-14   51.0  13.2   5   7      0.03       4.5    5.6   0.0    18    45   563   590   556   598 0.85 -
1255_g               -            768 27360at5794          -            116   3.7e-14   51.0  13.2   6   7   7.5e-06    0.0011   17.2   0.2    47    87   618   656   601   661 0.83 -
1255_g               -            768 27360at5794          -            116   3.7e-14   51.0  13.2   7   7   0.00023     0.034   12.5   0.0     5    45   652   692   650   753 0.89 -
2213_g               -            345 27360at5794          -            116   5.5e-14   50.5   0.1   1   3      0.16        23    3.3   0.0    58    89    96   127    92   130 0.88 -
2213_g               -            345 27360at5794          -            116   5.5e-14   50.5   0.1   2   3   1.2e-10   1.7e-08   32.7   0.0     7    87   123   208   119   212 0.82 -
2213_g               -            345 27360at5794          -            116   5.5e-14   50.5   0.1   3   3   0.00021     0.032   12.6   0.0    12    40   211   239   207   253 0.85 -
1696_g               -            512 27360at5794          -            116   2.1e-10   38.9   0.8   1   4      0.21        32    2.9   0.1    11    44   116   150   106   154 0.70 -
1696_g               -            512 27360at5794          -            116   2.1e-10   38.9   0.8   2   4      0.11        16    3.8   0.0    59    87   185   213   179   218 0.87 -
1696_g               -            512 27360at5794          -            116   2.1e-10   38.9   0.8   3   4   4.7e-05    0.0069   14.7   0.0     6    43   210   248   209   271 0.84 -
1696_g               -            512 27360at5794          -            116   2.1e-10   38.9   0.8   4   4   0.00013      0.02   13.2   0.0     5    43   394   433   390   467 0.79 -
2486_g               -            509 27360at5794          -            116   2.6e-08   32.2   1.1   1   4      0.31        46    2.4   0.0    60    87    81   108    77   144 0.75 -
2486_g               -            509 27360at5794          -            116   2.6e-08   32.2   1.1   2   4     0.072        11    4.4   0.0    55    86   174   205   137   206 0.92 -
2486_g               -            509 27360at5794          -            116   2.6e-08   32.2   1.1   3   4   5.9e-05    0.0088   14.4   0.1     3    43   200   240   198   264 0.88 -
2486_g               -            509 27360at5794          -            116   2.6e-08   32.2   1.1   4   4    0.0018      0.27    9.6   0.0     5    42   423   461   398   497 0.89 -
3254_g               -            289 27360at5794          -            116   2.9e-08   32.0   0.0   1   4         1   1.5e+02    0.7   0.0    58    87     6    35     4    39 0.88 -
3254_g               -            289 27360at5794          -            116   2.9e-08   32.0   0.0   2   4    0.0063      0.94    7.8   0.0     3    42    29    68    27   109 0.79 -
3254_g               -            289 27360at5794          -            116   2.9e-08   32.0   0.0   3   4      0.21        32    2.9   0.0    58    88   151   181   150   183 0.91 -
3254_g               -            289 27360at5794          -            116   2.9e-08   32.0   0.0   4   4   5.3e-07   7.9e-05   21.0   0.0     3    41   174   212   172   215 0.92 -
436_g                -            736 27360at5794          -            116     3e-08   32.0   0.8   1   3      0.35        53    2.2   0.1    55    83   322   350   309   356 0.81 -
436_g                -            736 27360at5794          -            116     3e-08   32.0   0.8   2   3    0.0008      0.12   10.7   0.1     4    58   350   407   348   414 0.75 -
436_g                -            736 27360at5794          -            116     3e-08   32.0   0.8   3   3   1.5e-05    0.0023   16.3   0.0     5    43   452   491   440   505 0.89 -
3535_g               -            712 27360at5794          -            116   5.6e-08   31.1   0.4   1   3      0.04       5.9    5.2   0.0    56   105   254   307   240   313 0.79 -
3535_g               -            712 27360at5794          -            116   5.6e-08   31.1   0.4   2   3   7.3e-05     0.011   14.1   0.2    56    88   371   403   365   416 0.82 -
3535_g               -            712 27360at5794          -            116   5.6e-08   31.1   0.4   3   3   0.00026     0.039   12.3   0.0     3    43   396   437   395   440 0.90 -
801_g                -            310 27360at5794          -            116   5.9e-08   31.0   0.0   1   2    0.0035      0.53    8.6   0.0    59    92     8    41     4    67 0.72 -
801_g                -            310 27360at5794          -            116   5.9e-08   31.0   0.0   2   2   1.8e-06   0.00028   19.2   0.0    46   109    95   164    84   169 0.80 -
3176_g               -            517 27360at5794          -            116   8.4e-08   30.5   0.0   1   2    0.0044      0.65    8.3   0.0    51    87     4    40     2    71 0.82 -
3176_g               -            517 27360at5794          -            116   8.4e-08   30.5   0.0   2   2   5.4e-06    0.0008   17.7   0.0    59   108   111   164   107   184 0.81 -
4552_g               -            270 27360at5794          -            116   2.5e-06   25.8   5.0   1   3       2.4   3.5e+02   -0.5   0.4    76   108    62    97    24   102 0.53 -
4552_g               -            270 27360at5794          -            116   2.5e-06   25.8   5.0   2   3   8.8e-05     0.013   13.8   0.1    45    89   174   218   151   222 0.76 -
4552_g               -            270 27360at5794          -            116   2.5e-06   25.8   5.0   3   3   0.00025     0.037   12.4   0.0    18    42   226   250   220   255 0.89 -
3517_g               -            249 27360at5794          -            116   2.6e-06   25.7   0.1   1   2   8.3e-07   0.00012   20.3   0.1    53   107    14    80     8    84 0.70 -
3517_g               -            249 27360at5794          -            116   2.6e-06   25.7   0.1   2   2     0.034       5.1    5.4   0.0    19    45    59    85    50   100 0.77 -
3732_g               -           1486 27360at5794          -            116   3.6e-06   25.3   0.1   1   2     0.018       2.7    6.3   0.0    48    88   796   838   785   842 0.77 -
3732_g               -           1486 27360at5794          -            116   3.6e-06   25.3   0.1   2   2   2.2e-05    0.0032   15.8   0.0    12    43   840   871   833   907 0.88 -
2576_g               -           1909 27360at5794          -            116   5.1e-06   24.8   0.3   1   3     0.023       3.5    6.0   0.0    56    87  1518  1549  1503  1557 0.88 -
2576_g               -           1909 27360at5794          -            116   5.1e-06   24.8   0.3   2   3    0.0024      0.35    9.2   0.1     3    88  1543  1637  1541  1639 0.78 -
2576_g               -           1909 27360at5794          -            116   5.1e-06   24.8   0.3   3   3   8.9e-05     0.013   13.8   0.0     4    43  1631  1670  1628  1678 0.94 -
2174_g               -            465 27360at5794          -            116     8e-06   24.2   5.2   1   5       1.2   1.9e+02    0.4   0.1    54    89    71   107    54   117 0.68 -
2174_g               -            465 27360at5794          -            116     8e-06   24.2   5.2   2   5     0.062       9.2    4.6   0.0    12    47   107   142   100   153 0.83 -
2174_g               -            465 27360at5794          -            116     8e-06   24.2   5.2   3   5   3.8e-05    0.0057   15.0   0.2    52    91   278   317   261   326 0.80 -
2174_g               -            465 27360at5794          -            116     8e-06   24.2   5.2   4   5      0.16        24    3.3   0.0    14    44   322   351   316   366 0.82 -
2174_g               -            465 27360at5794          -            116     8e-06   24.2   5.2   5   5       8.5   1.3e+03   -2.3   0.0    28    46   387   405   383   428 0.80 -
3844_g               -            796 27360at5794          -            116   1.8e-05   23.0   0.0   1   2      0.01       1.5    7.2   0.0    56    86     3    33     2    39 0.93 -
3844_g               -            796 27360at5794          -            116   1.8e-05   23.0   0.0   2   2   0.00024     0.035   12.4   0.0    15    45    41    71    34   100 0.83 -
785_g                -            159 27360at5794          -            116   2.6e-05   22.5   2.0   1   1   5.6e-06   0.00083   17.7   1.7    49   109    55   127    23   127 0.78 -
4016_g               -            586 27360at5794          -            116   0.00013   20.3   5.7   1   4      0.56        84    1.5   1.4    36   110    46   122    37   128 0.69 -
4016_g               -            586 27360at5794          -            116   0.00013   20.3   5.7   2   4   0.00049     0.072   11.4   0.1    36    99   192   254   180   270 0.80 -
4016_g               -            586 27360at5794          -            116   0.00013   20.3   5.7   3   4         1   1.5e+02    0.7   0.0    18    40   252   274   247   277 0.86 -
4016_g               -            586 27360at5794          -            116   0.00013   20.3   5.7   4   4     0.026       3.9    5.8   0.0    53    87   505   539   492   569 0.84 -
1323_g               -           1670 27360at5794          -            116    0.0016   16.7   0.0   1   1   4.5e-05    0.0067   14.7   0.0    57   108  1570  1630  1559  1638 0.81 -
2095_g               -            280 27360at5794          -            116    0.0022   16.3   0.8   1   3      0.14        22    3.4   0.0    12    44    72   104    44   108 0.77 -
2095_g               -            280 27360at5794          -            116    0.0022   16.3   0.8   2   3    0.0037      0.55    8.6   0.2     2    37   223   258   196   263 0.50 -
2095_g               -            280 27360at5794          -            116    0.0022   16.3   0.8   3   3    0.0046      0.69    8.2   0.1     2    40   223   261   222   276 0.86 -
3802_g               -            145 27360at5794          -            116    0.0023   16.2   0.1   1   1   0.00023     0.035   12.4   0.1    58    87     3    32     1    75 0.85 -
4469_g               -            349 27360at5794          -            116    0.0042   15.4   0.0   1   2      0.49        73    1.7   0.0    59    86    12    39     7    51 0.89 -
4469_g               -            349 27360at5794          -            116    0.0042   15.4   0.0   2   2   0.00051     0.076   11.3   0.0    17    45    49    77    32    94 0.81 -
1428_g               -            412 27360at5794          -            116    0.0057   15.0   0.0   1   5       1.7   2.6e+02   -0.0   0.0    58    86    15    43    13    51 0.89 -
1428_g               -            412 27360at5794          -            116    0.0057   15.0   0.0   2   5       2.2   3.2e+02   -0.4   0.2    30    84    75    88    45   125 0.50 -
1428_g               -            412 27360at5794          -            116    0.0057   15.0   0.0   3   5       7.9   1.2e+03   -2.2   0.9    46    68   157   180   137   219 0.52 -
1428_g               -            412 27360at5794          -            116    0.0057   15.0   0.0   4   5       1.2   1.8e+02    0.4   0.1    36    74   263   302   254   322 0.69 -
1428_g               -            412 27360at5794          -            116    0.0057   15.0   0.0   5   5   3.8e-05    0.0057   15.0   0.0     5    42   350   387   347   393 0.94 -
2059_g               -            723 27360at5794          -            116    0.0063   14.8   0.2   1   2     0.051       7.5    4.9   0.0    56    87     4    35     2    40 0.91 -
2059_g               -            723 27360at5794          -            116    0.0063   14.8   0.2   2   2   0.00026     0.039   12.2   0.1     2    68    28   102    27   141 0.74 -
4575_g               -            242 27360at5794          -            116    0.0089   14.3   0.1   1   2     0.028       4.2    5.7   0.0    56    91    31    66    24    73 0.89 -
4575_g               -            242 27360at5794          -            116    0.0089   14.3   0.1   2   2    0.0028      0.41    9.0   0.1     1    53    54   110    54   117 0.71 -
3777_g               -            767 27360at5794          -            116     0.011   14.1   4.2   1   2     0.081        12    4.2   0.4    50   109   225   285   215   290 0.76 -
3777_g               -            767 27360at5794          -            116     0.011   14.1   4.2   2   2    0.0013      0.19   10.0   0.3    56    99   403   446   369   461 0.78 -
2454_g               -            108 27360at5794          -            116     0.011   14.0   0.0   1   2     0.027         4    5.8   0.0    57    86    21    50    16    56 0.89 -
2454_g               -            108 27360at5794          -            116     0.011   14.0   0.0   2   2     0.016       2.4    6.5   0.0    17    43    60    86    54    96 0.85 -
77_g                 -            589 27360at5794          -            116     0.023   13.0   6.3   1   3    0.0029      0.44    8.9   0.0    59    90     9    40     6    57 0.88 -
77_g                 -            589 27360at5794          -            116     0.023   13.0   6.3   2   3      0.13        19    3.6   0.2    59    86   153   180   131   212 0.79 -
77_g                 -            589 27360at5794          -            116     0.023   13.0   6.3   3   3      0.72   1.1e+02    1.2   1.6    26   109   197   287   186   294 0.58 -
1702_g               -            181 27360at5794          -            116     0.024   12.9   0.0   1   2      0.43        65    1.9   0.0    56    86    47    77    43    86 0.82 -
1702_g               -            181 27360at5794          -            116     0.024   12.9   0.0   2   2    0.0017      0.25    9.7   0.0    12    54    82   127    74   176 0.84 -
2038_g               -            193 27360at5794          -            116     0.052   11.9   0.4   1   2     0.055       8.1    4.8   0.1    58    82     9    33     7    63 0.77 -
2038_g               -            193 27360at5794          -            116     0.052   11.9   0.4   2   2     0.056       8.4    4.7   0.0    57    82   118   143    82   180 0.79 -
4565_g               -            405 27360at5794          -            116      0.11   10.8   6.9   1   4      0.62        92    1.4   1.0    37    69     6    38     2    56 0.71 -
4565_g               -            405 27360at5794          -            116      0.11   10.8   6.9   2   4       2.9   4.3e+02   -0.8   0.0    61    91   159   189   154   198 0.81 -
4565_g               -            405 27360at5794          -            116      0.11   10.8   6.9   3   4      0.99   1.5e+02    0.7   0.1     3    75   179   257   177   272 0.62 -
4565_g               -            405 27360at5794          -            116      0.11   10.8   6.9   4   4     0.002       0.3    9.4   0.1     4    35   278   309   275   322 0.83 -
#
# Program:         hmmsearch
# Version:         3.1b2 (February 2015)
# Pipeline mode:   SEARCH
# Query file:      /mnt/e/Bioinformatics/Semester2/BINP29/Malaria Project/Genomes/Parsed/busco_downloads/lineages/apicomplexa_odb10/hmms/27360at5794.hmm
# Target file:     /mnt/e/Bioinformatics/Semester2/BINP29/Malaria Project/Genomes/Parsed/Py_new.faa
# Option settings: hmmsearch --domtblout /mnt/e/Bioinformatics/Semester2/BINP29/Malaria Project/Genomes/Parsed/Py/run_apicomplexa_odb10/hmmer_output/initial_run_results/27360at5794.out --cpu 1 /mnt/e/Bioinformatics/Semester2/BINP29/Malaria Project/Genomes/Parsed/busco_downloads/lineages/apicomplexa_odb10/hmms/27360at5794.hmm /mnt/e/Bioinformatics/Semester2/BINP29/Malaria Project/Genomes/Parsed/Py_new.faa 
# Current dir:     /mnt/e/Bioinformatics/Semester2/BINP29/Malaria Project/Genomes/Parsed
# Date:            Wed Mar  1 19:33:05 2023
# [ok]
