#                                                                            --- full sequence --- -------------- this domain -------------   hmm coord   ali coord   env coord
# target name        accession   tlen query name           accession   qlen   E-value  score  bias   #  of  c-Evalue  i-Evalue  score  bias  from    to  from    to  from    to  acc description of target
#------------------- ---------- ----- -------------------- ---------- ----- --------- ------ ----- --- --- --------- --------- ------ ----- ----- ----- ----- ----- ----- ----- ---- ---------------------
894_g                -            152 27522at5794          -            133   1.8e-77  255.7   0.1   1   1   5.6e-80   2.1e-77  255.5   0.1     1   133     3   147     3   147 0.94 -
1666_g               -            203 27522at5794          -            133     1e-42  143.3   0.0   1   1     4e-45   1.5e-42  142.7   0.0    22   133    40   155    14   155 0.85 -
4106_g               -            327 27522at5794          -            133     2e-36  122.9   0.1   1   1   9.7e-39   3.7e-36  122.1   0.1    25   126    35   136     3   143 0.85 -
1180_g               -            166 27522at5794          -            133   2.5e-32  109.6   0.0   1   1   8.3e-35   3.1e-32  109.3   0.0    22   127    35   140    11   145 0.92 -
2325_g               -            161 27522at5794          -            133   2.1e-28   96.9   0.0   1   1   7.1e-31   2.7e-28   96.6   0.0    14   121    27   134    13   143 0.87 -
78_g                 -            150 27522at5794          -            133   1.6e-24   84.4   0.0   1   1   4.6e-27   1.7e-24   84.3   0.0    22   118    32   129     8   148 0.84 -
3071_g               -            192 27522at5794          -            133   1.6e-22   77.9   0.0   1   1   5.4e-25     2e-22   77.6   0.0    22   133    32   149    18   149 0.86 -
1501_g               -            155 27522at5794          -            133   2.3e-20   71.0   0.0   1   1   6.9e-23   2.6e-20   70.8   0.0    39   126    57   144    32   151 0.88 -
2173_g               -            164 27522at5794          -            133   4.7e-17   60.2   0.1   1   1     1e-18   3.9e-16   57.3   0.1    26   128    40   156    15   160 0.83 -
2516_g               -            307 27522at5794          -            133   1.5e-16   58.6   0.0   1   1   7.6e-19   2.9e-16   57.7   0.0    20   110   189   281   165   292 0.85 -
236_g                -            277 27522at5794          -            133   1.1e-13   49.3   0.1   1   1   4.4e-16   1.7e-13   48.7   0.1    24   112   163   255   133   269 0.78 -
2230_g               -            103 27522at5794          -            133   6.6e-08   30.6   0.0   1   1   2.1e-10   8.1e-08   30.4   0.0    72   128    33    91    21    96 0.83 -
1486_g               -            413 27522at5794          -            133   3.1e-07   28.5   0.1   1   1   2.6e-09   9.9e-07   26.8   0.1    32    99   189   258   183   299 0.82 -
#
# Program:         hmmsearch
# Version:         3.1b2 (February 2015)
# Pipeline mode:   SEARCH
# Query file:      /mnt/e/Bioinformatics/Semester2/BINP29/Malaria Project/Genomes/Parsed/busco_downloads/lineages/apicomplexa_odb10/hmms/27522at5794.hmm
# Target file:     /mnt/e/Bioinformatics/Semester2/BINP29/Malaria Project/Genomes/Parsed/Py_new.faa
# Option settings: hmmsearch --domtblout /mnt/e/Bioinformatics/Semester2/BINP29/Malaria Project/Genomes/Parsed/Py/run_apicomplexa_odb10/hmmer_output/initial_run_results/27522at5794.out --cpu 1 /mnt/e/Bioinformatics/Semester2/BINP29/Malaria Project/Genomes/Parsed/busco_downloads/lineages/apicomplexa_odb10/hmms/27522at5794.hmm /mnt/e/Bioinformatics/Semester2/BINP29/Malaria Project/Genomes/Parsed/Py_new.faa 
# Current dir:     /mnt/e/Bioinformatics/Semester2/BINP29/Malaria Project/Genomes/Parsed
# Date:            Wed Mar  1 19:33:06 2023
# [ok]
