#                                                                            --- full sequence --- -------------- this domain -------------   hmm coord   ali coord   env coord
# target name        accession   tlen query name           accession   qlen   E-value  score  bias   #  of  c-Evalue  i-Evalue  score  bias  from    to  from    to  from    to  acc description of target
#------------------- ---------- ----- -------------------- ---------- ----- --------- ------ ----- --- --- --------- --------- ------ ----- ----- ----- ----- ----- ----- ----- ---- ---------------------
1028_g               -            834 30068at5794          -            118   8.6e-49  162.7  12.2   1   6   3.5e-52   8.6e-49  162.7  12.2     1   104     1   110     1   125 0.90 -
1028_g               -            834 30068at5794          -            118   8.6e-49  162.7  12.2   2   6       1.4   3.4e+03   -3.7   7.7    94   117   132   158   124   159 0.61 -
1028_g               -            834 30068at5794          -            118   8.6e-49  162.7  12.2   3   6         2   4.9e+03   -4.2   0.7    94   111   285   301   277   306 0.50 -
1028_g               -            834 30068at5794          -            118   8.6e-49  162.7  12.2   4   6         2   4.9e+03   -4.7   5.7     7    12   474   479   425   485 0.53 -
1028_g               -            834 30068at5794          -            118   8.6e-49  162.7  12.2   5   6      0.11   2.8e+02   -0.2   0.2     7    17   474   484   470   492 0.88 -
1028_g               -            834 30068at5794          -            118   8.6e-49  162.7  12.2   6   6      0.41     1e+03   -2.0   0.1    29    58   776   806   771   820 0.48 -
4444_g               -            205 30068at5794          -            118   1.1e-09   36.6  12.2   1   3   4.3e-13   1.1e-09   36.6  12.2     9    74     2    67     1   122 0.88 -
4444_g               -            205 30068at5794          -            118   1.1e-09   36.6  12.2   2   3      0.23   5.6e+02   -1.2   3.1    78    96   115   132    64   154 0.49 -
4444_g               -            205 30068at5794          -            118   1.1e-09   36.6  12.2   3   3      0.57   1.4e+03   -2.5   0.0    62    73   185   196   166   201 0.50 -
#
# Program:         hmmsearch
# Version:         3.1b2 (February 2015)
# Pipeline mode:   SEARCH
# Query file:      /mnt/e/Bioinformatics/Semester2/BINP29/Malaria Project/Genomes/Parsed/busco_downloads/lineages/apicomplexa_odb10/hmms/30068at5794.hmm
# Target file:     /mnt/e/Bioinformatics/Semester2/BINP29/Malaria Project/Genomes/Parsed/Py_new.faa
# Option settings: hmmsearch --domtblout /mnt/e/Bioinformatics/Semester2/BINP29/Malaria Project/Genomes/Parsed/Py/run_apicomplexa_odb10/hmmer_output/initial_run_results/30068at5794.out --cpu 1 /mnt/e/Bioinformatics/Semester2/BINP29/Malaria Project/Genomes/Parsed/busco_downloads/lineages/apicomplexa_odb10/hmms/30068at5794.hmm /mnt/e/Bioinformatics/Semester2/BINP29/Malaria Project/Genomes/Parsed/Py_new.faa 
# Current dir:     /mnt/e/Bioinformatics/Semester2/BINP29/Malaria Project/Genomes/Parsed
# Date:            Wed Mar  1 19:33:09 2023
# [ok]
