#                                                                            --- full sequence --- -------------- this domain -------------   hmm coord   ali coord   env coord
# target name        accession   tlen query name           accession   qlen   E-value  score  bias   #  of  c-Evalue  i-Evalue  score  bias  from    to  from    to  from    to  acc description of target
#------------------- ---------- ----- -------------------- ---------- ----- --------- ------ ----- --- --- --------- --------- ------ ----- ----- ----- ----- ----- ----- ----- ---- ---------------------
4619_g               -            239 30416at5794          -            129   2.9e-49  164.7  17.4   1   4       0.7   8.6e+02   -1.8   0.1   108   126    48    66    41    67 0.75 -
4619_g               -            239 30416at5794          -            129   2.9e-49  164.7  17.4   2   4   7.9e-10   9.7e-07   27.1   0.5     1    37    69   106    69   111 0.83 -
4619_g               -            239 30416at5794          -            129   2.9e-49  164.7  17.4   3   4   6.7e-42   8.2e-39  130.8   1.9    23   116   111   204   103   216 0.89 -
4619_g               -            239 30416at5794          -            129   2.9e-49  164.7  17.4   4   4   6.6e-07   0.00081   17.7   0.3   107   129   215   237   211   237 0.92 -
3871_g               -            142 30416at5794          -            129   2.5e-21   74.3   0.1   1   1   2.3e-24   2.9e-21   74.1   0.1    19   106    35   118    20   139 0.82 -
2613_g               -            317 30416at5794          -            129   4.4e-16   57.4   2.1   1   2   3.6e-19   4.4e-16   57.4   2.1    12   106   126   220   117   239 0.83 -
2613_g               -            317 30416at5794          -            129   4.4e-16   57.4   2.1   2   2         4   4.9e+03   -4.4   1.4    13    33   262   282   254   287 0.49 -
2861_g               -            143 30416at5794          -            129     0.017   13.4   0.1   1   1   2.1e-05     0.026   12.8   0.1    10    80    12    82     6    98 0.77 -
#
# Program:         hmmsearch
# Version:         3.1b2 (February 2015)
# Pipeline mode:   SEARCH
# Query file:      /mnt/e/Bioinformatics/Semester2/BINP29/Malaria Project/Genomes/Parsed/busco_downloads/lineages/apicomplexa_odb10/hmms/30416at5794.hmm
# Target file:     /mnt/e/Bioinformatics/Semester2/BINP29/Malaria Project/Genomes/Parsed/Py_new.faa
# Option settings: hmmsearch --domtblout /mnt/e/Bioinformatics/Semester2/BINP29/Malaria Project/Genomes/Parsed/Py/run_apicomplexa_odb10/hmmer_output/initial_run_results/30416at5794.out --cpu 1 /mnt/e/Bioinformatics/Semester2/BINP29/Malaria Project/Genomes/Parsed/busco_downloads/lineages/apicomplexa_odb10/hmms/30416at5794.hmm /mnt/e/Bioinformatics/Semester2/BINP29/Malaria Project/Genomes/Parsed/Py_new.faa 
# Current dir:     /mnt/e/Bioinformatics/Semester2/BINP29/Malaria Project/Genomes/Parsed
# Date:            Wed Mar  1 19:33:10 2023
# [ok]
