#                                                                            --- full sequence --- -------------- this domain -------------   hmm coord   ali coord   env coord
# target name        accession   tlen query name           accession   qlen   E-value  score  bias   #  of  c-Evalue  i-Evalue  score  bias  from    to  from    to  from    to  acc description of target
#------------------- ---------- ----- -------------------- ---------- ----- --------- ------ ----- --- --- --------- --------- ------ ----- ----- ----- ----- ----- ----- ----- ---- ---------------------
4148_g               -            975 3274at5794           -            688  4.1e-269  892.6  45.3   1   5   2.3e-07   0.00057   16.3   4.4     1    48    35    90    35   140 0.65 -
4148_g               -            975 3274at5794           -            688  4.1e-269  892.6  45.3   2   5     3e-05     0.073    9.3   0.5    28    76   114   164   105   182 0.68 -
4148_g               -            975 3274at5794           -            688  4.1e-269  892.6  45.3   3   5  9.8e-160  2.4e-156  519.9  15.2    71   444   206   651   199   657 0.88 -
4148_g               -            975 3274at5794           -            688  4.1e-269  892.6  45.3   4   5   2.2e-80   5.3e-77  257.7   1.0   440   586   735   884   730   885 0.97 -
4148_g               -            975 3274at5794           -            688  4.1e-269  892.6  45.3   5   5   1.6e-34     4e-31  106.0   0.2   611   688   883   967   882   967 0.94 -
507_g                -           1233 3274at5794           -            688   6.3e-12   42.6  19.9   1   5      0.33   8.2e+02   -4.1   0.4    61   103   233   275   219   283 0.71 -
507_g                -           1233 3274at5794           -            688   6.3e-12   42.6  19.9   2   5      0.19   4.7e+02   -3.3   0.3   366   409   342   385   306   393 0.65 -
507_g                -           1233 3274at5794           -            688   6.3e-12   42.6  19.9   3   5   2.5e-09     6e-06   22.8   4.3   220   408   569   785   549   802 0.76 -
507_g                -           1233 3274at5794           -            688   6.3e-12   42.6  19.9   4   5   0.00052       1.3    5.2   0.0   303   365   779   846   768   849 0.71 -
507_g                -           1233 3274at5794           -            688   6.3e-12   42.6  19.9   5   5   1.8e-11   4.4e-08   29.9   0.1   280   404   831   965   816   979 0.81 -
#
# Program:         hmmsearch
# Version:         3.1b2 (February 2015)
# Pipeline mode:   SEARCH
# Query file:      /mnt/e/Bioinformatics/Semester2/BINP29/Malaria Project/Genomes/Parsed/busco_downloads/lineages/apicomplexa_odb10/hmms/3274at5794.hmm
# Target file:     /mnt/e/Bioinformatics/Semester2/BINP29/Malaria Project/Genomes/Parsed/Py_new.faa
# Option settings: hmmsearch --domtblout /mnt/e/Bioinformatics/Semester2/BINP29/Malaria Project/Genomes/Parsed/Py/run_apicomplexa_odb10/hmmer_output/initial_run_results/3274at5794.out --cpu 1 /mnt/e/Bioinformatics/Semester2/BINP29/Malaria Project/Genomes/Parsed/busco_downloads/lineages/apicomplexa_odb10/hmms/3274at5794.hmm /mnt/e/Bioinformatics/Semester2/BINP29/Malaria Project/Genomes/Parsed/Py_new.faa 
# Current dir:     /mnt/e/Bioinformatics/Semester2/BINP29/Malaria Project/Genomes/Parsed
# Date:            Wed Mar  1 19:33:13 2023
# [ok]
