#                                                                            --- full sequence --- -------------- this domain -------------   hmm coord   ali coord   env coord
# target name        accession   tlen query name           accession   qlen   E-value  score  bias   #  of  c-Evalue  i-Evalue  score  bias  from    to  from    to  from    to  acc description of target
#------------------- ---------- ----- -------------------- ---------- ----- --------- ------ ----- --- --- --------- --------- ------ ----- ----- ----- ----- ----- ----- ----- ---- ---------------------
4722_g               -            833 3296at5794           -            728         0 1443.5   6.8   1   1         0         0 1439.7   6.8     1   728    17   832    17   832 0.94 -
3530_g               -           1203 3296at5794           -            728  1.4e-116  388.4  11.8   1   4    0.0074         3    3.7   0.0     3    25   159   181   157   199 0.83 -
3530_g               -           1203 3296at5794           -            728  1.4e-116  388.4  11.8   2   4   4.4e-53   1.8e-50  169.8   7.5    38   415   245   680   235   688 0.85 -
3530_g               -           1203 3296at5794           -            728  1.4e-116  388.4  11.8   3   4   1.8e-26   7.4e-24   81.8   0.3   425   526   737   843   728   867 0.88 -
3530_g               -           1203 3296at5794           -            728  1.4e-116  388.4  11.8   4   4   5.7e-41   2.3e-38  129.7   0.0   542   707   956  1141   938  1154 0.85 -
210_g                -           1327 3296at5794           -            728   7.4e-66  220.6  12.6   1   5   5.5e-19   2.3e-16   57.0   0.3     2    62    12    72    11    92 0.91 -
210_g                -           1327 3296at5794           -            728   7.4e-66  220.6  12.6   2   5   1.1e-32   4.3e-30  102.4   0.8    68   219   142   315   135   329 0.78 -
210_g                -           1327 3296at5794           -            728   7.4e-66  220.6  12.6   3   5    0.0044       1.8    4.5   0.1   228   333   361   474   339   575 0.72 -
210_g                -           1327 3296at5794           -            728   7.4e-66  220.6  12.6   4   5     1e-13   4.1e-11   39.7   0.4   404   520   657   777   645   804 0.87 -
210_g                -           1327 3296at5794           -            728   7.4e-66  220.6  12.6   5   5   5.6e-08   2.3e-05   20.7   0.0   622   705  1175  1266  1077  1272 0.84 -
45_g                 -            913 3296at5794           -            728   1.4e-40  137.1   9.5   1   2   9.8e-31     4e-28   95.9   5.3     2   315   106   411   105   424 0.79 -
45_g                 -            913 3296at5794           -            728   1.4e-40  137.1   9.5   2   2   5.1e-14   2.1e-11   40.6   0.1   378   693   549   896   520   903 0.66 -
1399_g               -            770 3296at5794           -            728   1.7e-38  130.2   4.4   1   3     5e-25     2e-22   77.0   0.6     2   152    42   193    41   225 0.83 -
1399_g               -            770 3296at5794           -            728   1.7e-38  130.2   4.4   2   3   2.2e-15   9.1e-13   45.1   0.3   314   508   374   560   313   580 0.76 -
1399_g               -            770 3296at5794           -            728   1.7e-38  130.2   4.4   3   3   0.00036      0.15    8.1   0.0   627   706   668   754   585   766 0.77 -
1152_g               -            757 3296at5794           -            728   2.1e-24   83.6   4.6   1   2   1.1e-23   4.3e-21   72.6   0.2     2   148   108   245   107   256 0.86 -
1152_g               -            757 3296at5794           -            728   2.1e-24   83.6   4.6   2   2   1.7e-05    0.0068   12.5   0.8   312   540   344   577   295   623 0.73 -
2260_g               -            920 3296at5794           -            728   7.8e-21   71.8   3.8   1   2   2.1e-23   8.8e-21   71.6   0.2     1   156   176   326   176   344 0.86 -
2260_g               -            920 3296at5794           -            728   7.8e-21   71.8   3.8   2   2     0.049        20    1.0   0.5   426   506   572   655   513   694 0.70 -
1421_g               -            982 3296at5794           -            728   3.4e-20   69.7   6.3   1   3   2.2e-18   8.8e-16   55.1   0.1     2   143    23   158    22   182 0.83 -
1421_g               -            982 3296at5794           -            728   3.4e-20   69.7   6.3   2   3   4.7e-06    0.0019   14.3   2.6   427   508   566   646   552   664 0.86 -
1421_g               -            982 3296at5794           -            728   3.4e-20   69.7   6.3   3   3      0.18        72   -0.8   0.0   635   694   897   969   880   978 0.60 -
354_g                -            478 3296at5794           -            728   5.7e-12   42.5   0.7   1   2   1.4e-13   5.6e-11   39.2   0.2     5   138    95   222    91   238 0.75 -
354_g                -            478 3296at5794           -            728   5.7e-12   42.5   0.7   2   2     0.034        14    1.6   0.0   318   360   291   332   278   381 0.88 -
1673_g               -            444 3296at5794           -            728   5.4e-06   22.7   0.0   1   1     2e-08   8.1e-06   22.2   0.0     5   154     9   172     5   185 0.65 -
1674_g               -            444 3296at5794           -            728   5.4e-06   22.7   0.0   1   1     2e-08   8.1e-06   22.2   0.0     5   154     9   172     5   185 0.65 -
1821_g               -            413 3296at5794           -            728    0.0017   14.5   0.1   1   1   7.1e-06    0.0029   13.7   0.1   433   489   298   357   290   365 0.83 -
#
# Program:         hmmsearch
# Version:         3.1b2 (February 2015)
# Pipeline mode:   SEARCH
# Query file:      /mnt/e/Bioinformatics/Semester2/BINP29/Malaria Project/Genomes/Parsed/busco_downloads/lineages/apicomplexa_odb10/hmms/3296at5794.hmm
# Target file:     /mnt/e/Bioinformatics/Semester2/BINP29/Malaria Project/Genomes/Parsed/Py_new.faa
# Option settings: hmmsearch --domtblout /mnt/e/Bioinformatics/Semester2/BINP29/Malaria Project/Genomes/Parsed/Py/run_apicomplexa_odb10/hmmer_output/initial_run_results/3296at5794.out --cpu 1 /mnt/e/Bioinformatics/Semester2/BINP29/Malaria Project/Genomes/Parsed/busco_downloads/lineages/apicomplexa_odb10/hmms/3296at5794.hmm /mnt/e/Bioinformatics/Semester2/BINP29/Malaria Project/Genomes/Parsed/Py_new.faa 
# Current dir:     /mnt/e/Bioinformatics/Semester2/BINP29/Malaria Project/Genomes/Parsed
# Date:            Wed Mar  1 19:33:13 2023
# [ok]
