#                                                                            --- full sequence --- -------------- this domain -------------   hmm coord   ali coord   env coord
# target name        accession   tlen query name           accession   qlen   E-value  score  bias   #  of  c-Evalue  i-Evalue  score  bias  from    to  from    to  from    to  acc description of target
#------------------- ---------- ----- -------------------- ---------- ----- --------- ------ ----- --- --- --------- --------- ------ ----- ----- ----- ----- ----- ----- ----- ---- ---------------------
2723_g               -            854 3446at5794           -            728         0 1266.7  14.0   1   1         0         0 1266.3  14.0     8   722    49   829    36   835 0.94 -
1515_g               -            732 3446at5794           -            728   1.5e-67  226.3   1.3   1   1   2.4e-69   3.2e-67  225.2   1.3   445   728   408   696   377   696 0.90 -
2040_g               -            292 3446at5794           -            728     8e-52  174.3   1.3   1   1   7.2e-54   9.8e-52  174.0   1.3   501   717    45   263    23   274 0.93 -
298_g                -            566 3446at5794           -            728   9.1e-44  147.7   7.0   1   1   9.9e-46   1.4e-43  147.1   7.0   434   716   110   398    94   404 0.86 -
2889_g               -            557 3446at5794           -            728   7.7e-42  141.3   1.7   1   1   8.3e-44   1.1e-41  140.7   1.7   440   679   110   359   105   388 0.86 -
3402_g               -            529 3446at5794           -            728   7.7e-41  138.0   3.1   1   2   1.4e-42   1.9e-40  136.7   3.3   416   678    41   319    35   330 0.86 -
3402_g               -            529 3446at5794           -            728   7.7e-41  138.0   3.1   2   2       2.6   3.5e+02   -3.0   0.0   170   203   347   380   341   397 0.80 -
4693_g               -           1007 3446at5794           -            728   1.4e-37  127.3   8.7   1   2     1e-39   1.4e-37  127.3   8.7   443   699   502   760   485   769 0.87 -
4693_g               -           1007 3446at5794           -            728   1.4e-37  127.3   8.7   2   2      0.19        27    0.7   1.0   226   296   779   850   768   867 0.72 -
1304_g               -            432 3446at5794           -            728   1.2e-35  120.8   2.3   1   1   1.7e-37   2.4e-35  119.8   2.3     3   226   165   411   161   422 0.83 -
2609_g               -            285 3446at5794           -            728   4.3e-35  119.0   4.9   1   1     4e-37   5.5e-35  118.7   4.9   446   678    26   270    18   276 0.84 -
4245_g               -            512 3446at5794           -            728   6.8e-35  118.3   3.5   1   1   8.3e-37   1.1e-34  117.6   3.5   434   670    49   307    44   341 0.80 -
3881_g               -           1481 3446at5794           -            728   1.8e-33  113.6   4.0   1   1   2.7e-35   3.6e-33  112.6   4.0   446   644  1045  1248  1025  1277 0.85 -
1455_g               -            504 3446at5794           -            728   2.9e-33  113.0   0.4   1   1     3e-35   4.1e-33  112.4   0.4   446   670   115   346   105   361 0.87 -
3878_g               -           1911 3446at5794           -            728   4.7e-33  112.3   0.4   1   1   6.3e-35   8.6e-33  111.4   0.4   436   679  1490  1743  1480  1756 0.83 -
883_g                -            285 3446at5794           -            728   5.2e-33  112.1   1.8   1   1   4.7e-35   6.4e-33  111.8   1.8   445   675    13   255     7   276 0.83 -
3416_g               -            311 3446at5794           -            728   2.9e-30  103.1   3.3   1   1   2.6e-32   3.5e-30  102.8   3.3   444   690     6   263     2   299 0.81 -
3889_g               -            530 3446at5794           -            728   3.3e-30  102.8   6.0   1   2   1.8e-20   2.5e-18   63.6   0.8   446   584    39   187    26   192 0.78 -
3889_g               -            530 3446at5794           -            728   3.3e-30  102.8   6.0   2   2   6.6e-14     9e-12   41.9   0.4   572   701   295   422   276   449 0.79 -
4813_g               -           2163 3446at5794           -            728   2.8e-27   93.2   3.0   1   2     2e-29   2.8e-27   93.2   3.0   446   668   123   379   102   393 0.77 -
4813_g               -           2163 3446at5794           -            728   2.8e-27   93.2   3.0   2   2       1.4   1.9e+02   -2.1   0.2   354   399  1848  1890  1790  1914 0.64 -
4733_g               -            376 3446at5794           -            728   7.7e-27   91.7   4.0   1   1   7.1e-29   9.7e-27   91.4   4.0   445   679    45   301    26   331 0.76 -
1079_g               -            366 3446at5794           -            728   4.5e-25   85.9   5.3   1   1   4.1e-27   5.5e-25   85.6   5.3   443   636   109   315    77   349 0.82 -
69_g                 -            354 3446at5794           -            728   3.9e-24   82.8   0.0   1   1   3.7e-26   5.1e-24   82.4   0.0   441   645    30   255    19   280 0.80 -
1672_g               -            289 3446at5794           -            728   1.1e-21   74.6   0.0   1   1   1.1e-23   1.5e-21   74.3   0.0   446   645     8   217     3   230 0.79 -
4774_g               -            812 3446at5794           -            728   7.7e-21   71.9   5.7   1   2     1e-11   1.4e-09   34.7   3.1   445   576   485   624   478   637 0.78 -
4774_g               -            812 3446at5794           -            728   7.7e-21   71.9   5.7   2   2   1.6e-12   2.1e-10   37.4   0.0   567   687   640   763   629   782 0.77 -
2671_g               -            571 3446at5794           -            728     3e-20   69.9   3.7   1   2   2.2e-22     3e-20   69.9   1.9   445   644    40   256    26   267 0.82 -
2671_g               -            571 3446at5794           -            728     3e-20   69.9   3.7   2   2      0.74     1e+02   -1.3   0.0   641   679   280   320   272   347 0.75 -
2908_g               -            454 3446at5794           -            728   5.3e-20   69.1   1.1   1   1   1.4e-21   1.9e-19   67.2   1.1   446   645    87   302    80   317 0.71 -
4598_g               -            576 3446at5794           -            728   1.3e-17   61.2   1.6   1   1   1.6e-19   2.1e-17   60.5   1.6   445   643   233   447   225   480 0.76 -
4208_g               -            330 3446at5794           -            728   1.6e-17   60.9   4.7   1   1   2.8e-19   3.9e-17   59.6   4.7   540   651   153   268    11   277 0.86 -
770_g                -            570 3446at5794           -            728   4.3e-17   59.5   0.4   1   2       1.6   2.2e+02   -2.4   0.3   311   332   207   228   194   239 0.85 -
770_g                -            570 3446at5794           -            728   4.3e-17   59.5   0.4   2   2   3.1e-19   4.3e-17   59.5   0.4   434   678   292   547   285   551 0.79 -
1087_g               -            329 3446at5794           -            728   7.2e-17   58.7   0.5   1   1   7.6e-19     1e-16   58.2   0.5   445   633    17   229     8   280 0.73 -
304_g                -            279 3446at5794           -            728   1.1e-16   58.1   0.8   1   1   8.6e-19   1.2e-16   58.0   0.8   527   648    85   209    10   258 0.89 -
4004_g               -            336 3446at5794           -            728   1.5e-16   57.7   2.1   1   1   1.5e-18   2.1e-16   57.2   2.1   447   647    48   255    22   272 0.73 -
3957_g               -            529 3446at5794           -            728   7.5e-16   55.4   2.0   1   2   5.7e-15   7.8e-13   45.4   3.2   436   586   118   277   104   286 0.79 -
3957_g               -            529 3446at5794           -            728   7.5e-16   55.4   2.0   2   2    0.0033      0.45    6.5   0.0   589   634   305   352   295   362 0.72 -
4573_g               -           1261 3446at5794           -            728   7.7e-13   45.4   8.2   1   3       2.7   3.7e+02   -3.1   0.9   661   711   201   253   139   266 0.56 -
4573_g               -           1261 3446at5794           -            728   7.7e-13   45.4   8.2   2   3    0.0018      0.24    7.4   0.3   443   530   393   482   370   503 0.75 -
4573_g               -           1261 3446at5794           -            728   7.7e-13   45.4   8.2   3   3   4.2e-14   5.8e-12   42.5   0.0   523   640   591   715   577   732 0.77 -
4035_g               -           1070 3446at5794           -            728   1.8e-12   44.2   6.3   1   2   4.2e-06   0.00058   16.1   4.3   486   570   211   299   178   323 0.78 -
4035_g               -           1070 3446at5794           -            728   1.8e-12   44.2   6.3   2   2   1.4e-09   1.9e-07   27.6   0.0   585   630   372   418   362   471 0.86 -
617_g                -            285 3446at5794           -            728   1.4e-11   41.3   1.3   1   1   2.2e-13     3e-11   40.2   1.3   488   639    22   196    14   207 0.75 -
3754_g               -            324 3446at5794           -            728   7.5e-10   35.6   0.1   1   2      0.21        29    0.6   0.0   446   477    13    44     2    54 0.86 -
3754_g               -            324 3446at5794           -            728   7.5e-10   35.6   0.1   2   2   3.7e-11     5e-09   32.8   0.0   542   648   111   232    95   259 0.78 -
783_g                -            719 3446at5794           -            728    0.0001   18.5   0.1   1   1   1.7e-06   0.00023   17.4   0.1   514   606   163   267   119   270 0.69 -
#
# Program:         hmmsearch
# Version:         3.1b2 (February 2015)
# Pipeline mode:   SEARCH
# Query file:      /mnt/e/Bioinformatics/Semester2/BINP29/Malaria Project/Genomes/Parsed/busco_downloads/lineages/apicomplexa_odb10/hmms/3446at5794.hmm
# Target file:     /mnt/e/Bioinformatics/Semester2/BINP29/Malaria Project/Genomes/Parsed/Py_new.faa
# Option settings: hmmsearch --domtblout /mnt/e/Bioinformatics/Semester2/BINP29/Malaria Project/Genomes/Parsed/Py/run_apicomplexa_odb10/hmmer_output/initial_run_results/3446at5794.out --cpu 1 /mnt/e/Bioinformatics/Semester2/BINP29/Malaria Project/Genomes/Parsed/busco_downloads/lineages/apicomplexa_odb10/hmms/3446at5794.hmm /mnt/e/Bioinformatics/Semester2/BINP29/Malaria Project/Genomes/Parsed/Py_new.faa 
# Current dir:     /mnt/e/Bioinformatics/Semester2/BINP29/Malaria Project/Genomes/Parsed
# Date:            Wed Mar  1 19:33:14 2023
# [ok]
