#                                                                            --- full sequence --- -------------- this domain -------------   hmm coord   ali coord   env coord
# target name        accession   tlen query name           accession   qlen   E-value  score  bias   #  of  c-Evalue  i-Evalue  score  bias  from    to  from    to  from    to  acc description of target
#------------------- ---------- ----- -------------------- ---------- ----- --------- ------ ----- --- --- --------- --------- ------ ----- ----- ----- ----- ----- ----- ----- ---- ---------------------
1710_g               -            927 3522at5794           -            613    5e-278  921.4  10.5   1   2  1.9e-117    3e-114  380.5   5.8     1   257   175   477   175   485 0.89 -
1710_g               -            927 3522at5794           -            613    5e-278  921.4  10.5   2   2  2.2e-165  3.6e-162  538.8   0.1   254   613   514   922   510   922 0.91 -
2774_g               -           1374 3522at5794           -            613   1.1e-37  127.6  12.2   1   3    0.0007       1.2    5.3   0.0    11    83   468   554   460   560 0.69 -
2774_g               -           1374 3522at5794           -            613   1.1e-37  127.6  12.2   2   3   1.4e-08   2.4e-05   20.8   0.3   109   166   743   803   733   806 0.88 -
2774_g               -           1374 3522at5794           -            613   1.1e-37  127.6  12.2   3   3   6.9e-31   1.1e-27   94.5   5.0   169   600   838  1351   824  1365 0.72 -
3260_g               -            760 3522at5794           -            613     2e-14   50.7   3.8   1   4   4.3e-11     7e-08   29.1   0.1    12   163    10   172     3   191 0.76 -
3260_g               -            760 3522at5794           -            613     2e-14   50.7   3.8   2   4     0.043        71   -0.6   0.0   192   245   223   284   217   299 0.65 -
3260_g               -            760 3522at5794           -            613     2e-14   50.7   3.8   3   4   2.6e-07   0.00043   16.7   0.0   257   418   324   517   316   522 0.69 -
3260_g               -            760 3522at5794           -            613     2e-14   50.7   3.8   4   4     0.042        68   -0.5   0.1   459   525   589   656   567   667 0.74 -
#
# Program:         hmmsearch
# Version:         3.1b2 (February 2015)
# Pipeline mode:   SEARCH
# Query file:      /mnt/e/Bioinformatics/Semester2/BINP29/Malaria Project/Genomes/Parsed/busco_downloads/lineages/apicomplexa_odb10/hmms/3522at5794.hmm
# Target file:     /mnt/e/Bioinformatics/Semester2/BINP29/Malaria Project/Genomes/Parsed/Py_new.faa
# Option settings: hmmsearch --domtblout /mnt/e/Bioinformatics/Semester2/BINP29/Malaria Project/Genomes/Parsed/Py/run_apicomplexa_odb10/hmmer_output/initial_run_results/3522at5794.out --cpu 1 /mnt/e/Bioinformatics/Semester2/BINP29/Malaria Project/Genomes/Parsed/busco_downloads/lineages/apicomplexa_odb10/hmms/3522at5794.hmm /mnt/e/Bioinformatics/Semester2/BINP29/Malaria Project/Genomes/Parsed/Py_new.faa 
# Current dir:     /mnt/e/Bioinformatics/Semester2/BINP29/Malaria Project/Genomes/Parsed
# Date:            Wed Mar  1 19:33:14 2023
# [ok]
