#                                                                            --- full sequence --- -------------- this domain -------------   hmm coord   ali coord   env coord
# target name        accession   tlen query name           accession   qlen   E-value  score  bias   #  of  c-Evalue  i-Evalue  score  bias  from    to  from    to  from    to  acc description of target
#------------------- ---------- ----- -------------------- ---------- ----- --------- ------ ----- --- --- --------- --------- ------ ----- ----- ----- ----- ----- ----- ----- ---- ---------------------
1065_g               -           1916 4144at5794           -            802  4.9e-207  687.9  95.1   1   9   7.2e-20   3.5e-16   56.6   0.8     7    86   290   383   284   387 0.82 -
1065_g               -           1916 4144at5794           -            802  4.9e-207  687.9  95.1   2   9   4.7e-56   2.3e-52  176.3   2.0    74   193   403   528   397   539 0.91 -
1065_g               -           1916 4144at5794           -            802  4.9e-207  687.9  95.1   3   9   6.5e-32   3.2e-28   96.5   8.1   188   345   591   812   580   822 0.75 -
1065_g               -           1916 4144at5794           -            802  4.9e-207  687.9  95.1   4   9   5.5e-32   2.7e-28   96.7   0.6   335   427   905  1007   900  1021 0.88 -
1065_g               -           1916 4144at5794           -            802  4.9e-207  687.9  95.1   5   9   2.8e-47   1.4e-43  147.3  13.3   431   551  1149  1270  1142  1292 0.95 -
1065_g               -           1916 4144at5794           -            802  4.9e-207  687.9  95.1   6   9   3.1e-24   1.5e-20   71.1  11.6   550   686  1346  1537  1331  1549 0.77 -
1065_g               -           1916 4144at5794           -            802  4.9e-207  687.9  95.1   7   9   9.9e-19   4.9e-15   52.8   2.2   684   741  1571  1627  1564  1654 0.84 -
1065_g               -           1916 4144at5794           -            802  4.9e-207  687.9  95.1   8   9   1.8e-10   8.9e-07   25.5   0.9   739   782  1710  1754  1700  1763 0.86 -
1065_g               -           1916 4144at5794           -            802  4.9e-207  687.9  95.1   9   9     0.033   1.6e+02   -1.8   0.1   785   802  1808  1825  1786  1825 0.68 -
#
# Program:         hmmsearch
# Version:         3.1b2 (February 2015)
# Pipeline mode:   SEARCH
# Query file:      /mnt/e/Bioinformatics/Semester2/BINP29/Malaria Project/Genomes/Parsed/busco_downloads/lineages/apicomplexa_odb10/hmms/4144at5794.hmm
# Target file:     /mnt/e/Bioinformatics/Semester2/BINP29/Malaria Project/Genomes/Parsed/Py_new.faa
# Option settings: hmmsearch --domtblout /mnt/e/Bioinformatics/Semester2/BINP29/Malaria Project/Genomes/Parsed/Py/run_apicomplexa_odb10/hmmer_output/initial_run_results/4144at5794.out --cpu 1 /mnt/e/Bioinformatics/Semester2/BINP29/Malaria Project/Genomes/Parsed/busco_downloads/lineages/apicomplexa_odb10/hmms/4144at5794.hmm /mnt/e/Bioinformatics/Semester2/BINP29/Malaria Project/Genomes/Parsed/Py_new.faa 
# Current dir:     /mnt/e/Bioinformatics/Semester2/BINP29/Malaria Project/Genomes/Parsed
# Date:            Wed Mar  1 19:33:15 2023
# [ok]
