#                                                                            --- full sequence --- -------------- this domain -------------   hmm coord   ali coord   env coord
# target name        accession   tlen query name           accession   qlen   E-value  score  bias   #  of  c-Evalue  i-Evalue  score  bias  from    to  from    to  from    to  acc description of target
#------------------- ---------- ----- -------------------- ---------- ----- --------- ------ ----- --- --- --------- --------- ------ ----- ----- ----- ----- ----- ----- ----- ---- ---------------------
3921_g               -            858 7485at5794           -            523    1e-224  745.1  47.9   1   4   2.2e-27   2.7e-24   83.8   0.8     1    50    68   117    68   136 0.88 -
3921_g               -            858 7485at5794           -            523    1e-224  745.1  47.9   2   4   6.2e-53   7.7e-50  168.1   8.8    50   171   141   294   132   313 0.82 -
3921_g               -            858 7485at5794           -            523    1e-224  745.1  47.9   3   4  3.1e-100   3.8e-97  324.2  18.9   169   401   337   613   331   621 0.88 -
3921_g               -            858 7485at5794           -            523    1e-224  745.1  47.9   4   4   6.1e-57   7.4e-54  181.3   0.2   402   523   651   782   640   782 0.93 -
2328_g               -            722 7485at5794           -            523   1.4e-94  315.7  20.0   1   2   3.6e-48   4.4e-45  152.4   3.5     1   178     4   220     4   232 0.78 -
2328_g               -            722 7485at5794           -            523   1.4e-94  315.7  20.0   2   2   4.4e-53   5.4e-50  168.6   8.7   173   516   283   689   269   694 0.75 -
1297_g               -            809 7485at5794           -            523   3.4e-87  291.3  24.5   1   3   1.4e-51   1.7e-48  163.6   0.8     1   170    69   277    69   293 0.80 -
1297_g               -            809 7485at5794           -            523   3.4e-87  291.3  24.5   2   3   1.8e-27   2.2e-24   84.1   3.2   174   326   324   489   314   495 0.77 -
1297_g               -            809 7485at5794           -            523   3.4e-87  291.3  24.5   3   3   2.9e-18   3.5e-15   53.7   7.7   290   503   489   744   471   761 0.71 -
4788_g               -            881 7485at5794           -            523   9.6e-86  286.5  24.2   1   3   8.9e-18   1.1e-14   52.1   0.3     1    59    96   154    96   161 0.87 -
4788_g               -            881 7485at5794           -            523   9.6e-86  286.5  24.2   2   3   3.8e-38   4.7e-35  119.3   2.5    53   174   194   343   179   360 0.79 -
4788_g               -            881 7485at5794           -            523   9.6e-86  286.5  24.2   3   3   1.1e-39   1.4e-36  124.3   8.3   174   517   372   790   362   795 0.69 -
#
# Program:         hmmsearch
# Version:         3.1b2 (February 2015)
# Pipeline mode:   SEARCH
# Query file:      /mnt/e/Bioinformatics/Semester2/BINP29/Malaria Project/Genomes/Parsed/busco_downloads/lineages/apicomplexa_odb10/hmms/7485at5794.hmm
# Target file:     /mnt/e/Bioinformatics/Semester2/BINP29/Malaria Project/Genomes/Parsed/Py_new.faa
# Option settings: hmmsearch --domtblout /mnt/e/Bioinformatics/Semester2/BINP29/Malaria Project/Genomes/Parsed/Py/run_apicomplexa_odb10/hmmer_output/initial_run_results/7485at5794.out --cpu 1 /mnt/e/Bioinformatics/Semester2/BINP29/Malaria Project/Genomes/Parsed/busco_downloads/lineages/apicomplexa_odb10/hmms/7485at5794.hmm /mnt/e/Bioinformatics/Semester2/BINP29/Malaria Project/Genomes/Parsed/Py_new.faa 
# Current dir:     /mnt/e/Bioinformatics/Semester2/BINP29/Malaria Project/Genomes/Parsed
# Date:            Wed Mar  1 19:33:21 2023
# [ok]
