#                                                                            --- full sequence --- -------------- this domain -------------   hmm coord   ali coord   env coord
# target name        accession   tlen query name           accession   qlen   E-value  score  bias   #  of  c-Evalue  i-Evalue  score  bias  from    to  from    to  from    to  acc description of target
#------------------- ---------- ----- -------------------- ---------- ----- --------- ------ ----- --- --- --------- --------- ------ ----- ----- ----- ----- ----- ----- ----- ---- ---------------------
3668_g               -            649 7555at5794           -            429  1.6e-184  611.4  18.0   1   3   5.7e-83   5.3e-81  270.4   0.5     1   192    10   224    10   232 0.91 -
3668_g               -            649 7555at5794           -            429  1.6e-184  611.4  18.0   2   3   1.7e-92   1.6e-90  301.8   6.7   190   390   327   556   316   564 0.91 -
3668_g               -            649 7555at5794           -            429  1.6e-184  611.4  18.0   3   3     7e-15   6.5e-13   46.1   0.1   392   429   611   648   605   648 0.93 -
82_g                 -           1381 7555at5794           -            429   2.1e-35  120.2   5.4   1   3   3.1e-11   2.9e-09   34.0   0.0   315   407     7   100     1   101 0.93 -
82_g                 -           1381 7555at5794           -            429   2.1e-35  120.2   5.4   2   3   5.1e-14   4.7e-12   43.2   0.4   311   389    87   165    84   180 0.94 -
82_g                 -           1381 7555at5794           -            429   2.1e-35  120.2   5.4   3   3   3.2e-17     3e-15   53.8   0.2   293   421   226   356   213   363 0.84 -
3225_g               -            602 7555at5794           -            429   4.5e-34  115.8  20.6   1   5    0.0054       0.5    6.9   0.3   215   247    18    52     3    59 0.76 -
3225_g               -            602 7555at5794           -            429   4.5e-34  115.8  20.6   2   5   2.8e-23   2.6e-21   73.7   1.2   312   394    66   148    57   154 0.94 -
3225_g               -            602 7555at5794           -            429   4.5e-34  115.8  20.6   3   5   7.1e-09   6.6e-07   26.3   0.2   214   267   153   208   143   209 0.87 -
3225_g               -            602 7555at5794           -            429   4.5e-34  115.8  20.6   4   5   1.6e-09   1.5e-07   28.4   0.2   313   394   196   275   194   310 0.77 -
3225_g               -            602 7555at5794           -            429   4.5e-34  115.8  20.6   5   5       8.6   7.9e+02   -3.6   0.1   268   301   488   522   486   527 0.75 -
3258_g               -            324 7555at5794           -            429     1e-30  104.7   4.0   1   4   1.2e-17   1.1e-15   55.2   0.8   308   394    25   114    12   129 0.86 -
3258_g               -            324 7555at5794           -            429     1e-30  104.7   4.0   2   4   0.00094     0.087    9.4   0.0   343   391   105   152   105   159 0.83 -
3258_g               -            324 7555at5794           -            429     1e-30  104.7   4.0   3   4   3.4e-10   3.1e-08   30.6   0.1   190   281   133   225   124   229 0.88 -
3258_g               -            324 7555at5794           -            429     1e-30  104.7   4.0   4   4   4.9e-06   0.00046   16.9   0.0   367   422   261   316   251   320 0.72 -
250_g                -            620 7555at5794           -            429   9.2e-29   98.3   0.9   1   4   5.6e-06   0.00052   16.7   1.0   283   374   200   292   179   364 0.72 -
250_g                -            620 7555at5794           -            429   9.2e-29   98.3   0.9   2   4   1.1e-10     1e-08   32.3   0.0   304   389   393   478   358   486 0.89 -
250_g                -            620 7555at5794           -            429   9.2e-29   98.3   0.9   3   4     0.021       1.9    5.0   0.0    92   123   490   522   481   527 0.81 -
250_g                -            620 7555at5794           -            429   9.2e-29   98.3   0.9   4   4   4.9e-12   4.6e-10   36.7   0.0   312   399   529   617   523   618 0.94 -
4397_g               -            637 7555at5794           -            429   1.3e-28   97.7  12.7   1   5         4   3.8e+02   -2.6   0.1   287   328    52    92    38    96 0.64 -
4397_g               -            637 7555at5794           -            429   1.3e-28   97.7  12.7   2   5   4.1e-05    0.0038   13.9   0.1    86   138   348   400   338   401 0.89 -
4397_g               -            637 7555at5794           -            429   1.3e-28   97.7  12.7   3   5     3e-13   2.8e-11   40.7   0.1   314   390   394   470   384   476 0.94 -
4397_g               -            637 7555at5794           -            429   1.3e-28   97.7  12.7   4   5   6.9e-14   6.4e-12   42.8   0.6   313   390   477   554   471   562 0.95 -
4397_g               -            637 7555at5794           -            429   1.3e-28   97.7  12.7   5   5   0.00053     0.049   10.2   0.0   228   273   576   620   569   630 0.82 -
2817_g               -            616 7555at5794           -            429   1.6e-28   97.5   3.8   1   4   1.8e-14   1.7e-12   44.7   0.2   313   406   297   391   291   395 0.88 -
2817_g               -            616 7555at5794           -            429   1.6e-28   97.5   3.8   2   4     8e-10   7.4e-08   29.4   0.1    89   142   381   434   373   437 0.93 -
2817_g               -            616 7555at5794           -            429   1.6e-28   97.5   3.8   3   4   5.3e-07   4.9e-05   20.1   0.0   188   270   438   521   432   534 0.81 -
2817_g               -            616 7555at5794           -            429   1.6e-28   97.5   3.8   4   4    0.0011       0.1    9.2   0.0    93   123   565   595   548   604 0.86 -
814_g                -           1129 7555at5794           -            429   8.9e-28   95.0  10.3   1   3   2.8e-20   2.6e-18   63.9   3.2   310   424   769   885   766   891 0.91 -
814_g                -           1129 7555at5794           -            429   8.9e-28   95.0  10.3   2   3      0.01      0.95    6.0   0.0   188   260   917   992   909   998 0.76 -
814_g                -           1129 7555at5794           -            429   8.9e-28   95.0  10.3   3   3   1.3e-09   1.2e-07   28.8   0.2   318   393   994  1073   989  1079 0.82 -
3622_g               -           1192 7555at5794           -            429   9.1e-28   95.0  16.6   1   3      0.66        61    0.0   0.4   187   252   191   256   167   275 0.55 -
3622_g               -           1192 7555at5794           -            429   9.1e-28   95.0  16.6   2   3   4.8e-21   4.5e-19   66.4   7.8   187   390   561   775   554   780 0.78 -
3622_g               -           1192 7555at5794           -            429   9.1e-28   95.0  16.6   3   3   4.8e-14   4.5e-12   43.3   1.4    82   238   692   848   686   910 0.79 -
2875_g               -            500 7555at5794           -            429     2e-26   90.6   8.1   1   4   2.1e-11     2e-09   34.6   1.0   285   389   215   332   172   340 0.74 -
2875_g               -            500 7555at5794           -            429     2e-26   90.6   8.1   2   4      0.42        39    0.7   0.0    99   125   350   376   335   381 0.83 -
2875_g               -            500 7555at5794           -            429     2e-26   90.6   8.1   3   4   1.9e-12   1.7e-10   38.1   0.0    77   163   371   457   366   461 0.83 -
2875_g               -            500 7555at5794           -            429     2e-26   90.6   8.1   4   4   4.1e-07   3.8e-05   20.5   0.3   204   245   458   499   439   499 0.84 -
3332_g               -            628 7555at5794           -            429   2.1e-26   90.5  10.8   1   5   4.5e-06   0.00041   17.1   0.0   310   346     6    42     2    50 0.83 -
3332_g               -            628 7555at5794           -            429   2.1e-26   90.5  10.8   2   5   2.6e-10   2.4e-08   31.0   0.0   314   401    78   168    72   182 0.89 -
3332_g               -            628 7555at5794           -            429   2.1e-26   90.5  10.8   3   5   0.00026     0.024   11.2   0.1   210   248   274   313   268   317 0.82 -
3332_g               -            628 7555at5794           -            429   2.1e-26   90.5  10.8   4   5     9e-08   8.3e-06   22.6   0.1    85   125   318   358   316   366 0.86 -
3332_g               -            628 7555at5794           -            429   2.1e-26   90.5  10.8   5   5    0.0008     0.074    9.6   0.4   210   265   538   597   514   609 0.76 -
4750_g               -           1171 7555at5794           -            429     4e-26   89.6  21.1   1   5   1.7e-12   1.6e-10   38.2   0.1   184   265    74   156    23   172 0.86 -
4750_g               -           1171 7555at5794           -            429     4e-26   89.6  21.1   2   5   0.00046     0.043   10.4   0.1   229   268   172   211   163   232 0.54 -
4750_g               -           1171 7555at5794           -            429     4e-26   89.6  21.1   3   5   3.4e-05    0.0032   14.1   0.0   104   270   598   679   563   706 0.66 -
4750_g               -           1171 7555at5794           -            429     4e-26   89.6  21.1   4   5   2.1e-07   1.9e-05   21.4   0.0   319   389   750   820   745   835 0.90 -
4750_g               -           1171 7555at5794           -            429     4e-26   89.6  21.1   5   5   3.6e-06   0.00034   17.3   0.2   318   389   833   904   824   911 0.89 -
2959_g               -           1009 7555at5794           -            429   2.2e-24   83.9   0.8   1   3   4.6e-05    0.0043   13.7   0.0   190   262    70   145    54   146 0.80 -
2959_g               -           1009 7555at5794           -            429   2.2e-24   83.9   0.8   2   3   9.4e-05    0.0087   12.7   0.0    88   126   137   176   129   185 0.52 -
2959_g               -           1009 7555at5794           -            429   2.2e-24   83.9   0.8   3   3   7.6e-18     7e-16   55.8   0.7   312   419   185   295   180   304 0.89 -
3138_g               -            551 7555at5794           -            429   1.6e-20   71.2  11.1   1   3   0.00024     0.023   11.3   0.1   217   266   285   334   265   345 0.74 -
3138_g               -            551 7555at5794           -            429   1.6e-20   71.2  11.1   2   3   2.3e-12   2.2e-10   37.8   5.2   107   246   339   485   337   491 0.79 -
3138_g               -            551 7555at5794           -            429   1.6e-20   71.2  11.1   3   3   8.1e-08   7.5e-06   22.8   0.0    87   122   492   527   485   536 0.90 -
2737_g               -            472 7555at5794           -            429   2.7e-20   70.4   0.2   1   4   6.5e-11   6.1e-09   33.0   0.0   310   393    66   150    26   169 0.89 -
2737_g               -            472 7555at5794           -            429   2.7e-20   70.4   0.2   2   4      0.53        49    0.3   0.0    92   131   222   262   203   279 0.76 -
2737_g               -            472 7555at5794           -            429   2.7e-20   70.4   0.2   3   4   1.8e-10   1.7e-08   31.5   0.1   315   387   307   380   297   386 0.90 -
2737_g               -            472 7555at5794           -            429   2.7e-20   70.4   0.2   4   4   1.3e-05    0.0012   15.5   0.1    94   131   353   390   346   403 0.86 -
750_g                -            365 7555at5794           -            429   1.1e-17   61.8   3.7   1   3   4.8e-14   4.4e-12   43.3   0.7   311   414    11   115     4   129 0.84 -
750_g                -            365 7555at5794           -            429   1.1e-17   61.8   3.7   2   3     0.062       5.8    3.4   0.0   330   352   159   181    99   185 0.70 -
750_g                -            365 7555at5794           -            429   1.1e-17   61.8   3.7   3   3   1.5e-06   0.00014   18.6   0.1   289   390   151   261   131   269 0.80 -
1278_g               -            630 7555at5794           -            429   3.7e-17   60.0  12.1   1   2     7e-13   6.5e-11   39.5   0.4   311   402   334   427   331   454 0.82 -
1278_g               -            630 7555at5794           -            429   3.7e-17   60.0  12.1   2   2   7.7e-07   7.2e-05   19.6   6.0   214   386   465   628   444   629 0.45 -
3396_g               -            328 7555at5794           -            429   2.5e-16   57.3   0.5   1   3   2.1e-06   0.00019   18.2   0.0   313   388     6    80     1   103 0.85 -
3396_g               -            328 7555at5794           -            429   2.5e-16   57.3   0.5   2   3   6.8e-09   6.3e-07   26.3   0.4   179   274   103   199    68   206 0.79 -
3396_g               -            328 7555at5794           -            429   2.5e-16   57.3   0.5   3   3   0.00045     0.042   10.5   0.0   105   154   258   307   221   324 0.82 -
1555_g               -            627 7555at5794           -            429   1.8e-15   54.5   0.4   1   2   2.2e-06    0.0002   18.1   0.0    88   123   156   192   141   202 0.81 -
1555_g               -            627 7555at5794           -            429   1.8e-15   54.5   0.4   2   2   2.3e-11   2.2e-09   34.5   0.2   163   282   205   329   200   349 0.83 -
4309_g               -            593 7555at5794           -            429   1.9e-15   54.4   3.5   1   1   4.7e-17   4.4e-15   53.2   3.5   185   389   272   494   263   501 0.79 -
3894_g               -            554 7555at5794           -            429   7.6e-15   52.4   2.4   1   3   1.2e-09   1.2e-07   28.8   0.0    91   162    40   117    36   127 0.85 -
3894_g               -            554 7555at5794           -            429   7.6e-15   52.4   2.4   2   3   2.5e-07   2.4e-05   21.2   0.2   299   391   144   235   120   264 0.62 -
3894_g               -            554 7555at5794           -            429   7.6e-15   52.4   2.4   3   3      0.47        43    0.5   0.0   193   238   350   400   312   413 0.73 -
1466_g               -            482 7555at5794           -            429   6.6e-14   49.3  10.6   1   5      0.52        48    0.4   0.0   361   413    88   143    79   159 0.44 -
1466_g               -            482 7555at5794           -            429   6.6e-14   49.3  10.6   2   5   1.6e-06   0.00014   18.6   0.1    88   154   167   236   162   239 0.90 -
1466_g               -            482 7555at5794           -            429   6.6e-14   49.3  10.6   3   5   7.1e-11   6.6e-09   32.9   4.0   174   269   221   310   217   319 0.78 -
1466_g               -            482 7555at5794           -            429   6.6e-14   49.3  10.6   4   5       0.4        37    0.7   0.1   221   253   321   354   299   364 0.74 -
1466_g               -            482 7555at5794           -            429   6.6e-14   49.3  10.6   5   5     0.053       4.9    3.6   0.0   192   245   333   393   316   413 0.46 -
760_g                -           1060 7555at5794           -            429   3.4e-13   47.0   5.2   1   4   2.3e-05    0.0021   14.7   0.0   154   247   137   237   111   242 0.83 -
760_g                -           1060 7555at5794           -            429   3.4e-13   47.0   5.2   2   4   2.6e-06   0.00025   17.8   0.4   217   345   353   491   319   503 0.64 -
760_g                -           1060 7555at5794           -            429   3.4e-13   47.0   5.2   3   4   3.7e-05    0.0034   14.0   0.0    97   162   541   614   534   639 0.61 -
760_g                -           1060 7555at5794           -            429   3.4e-13   47.0   5.2   4   4       6.3   5.9e+02   -3.2   0.0   292   336   809   853   743   854 0.80 -
1046_g               -            527 7555at5794           -            429   1.6e-12   44.7   4.9   1   2    0.0019      0.18    8.4   0.0   176   256   174   259   171   263 0.67 -
1046_g               -            527 7555at5794           -            429   1.6e-12   44.7   4.9   2   2   4.5e-09   4.2e-07   26.9   0.2    85   164   304   386   302   390 0.88 -
4793_g               -            786 7555at5794           -            429   2.2e-12   44.3   0.0   1   3   5.7e-07   5.3e-05   20.0   0.0   319   398    68   149    34   184 0.88 -
4793_g               -            786 7555at5794           -            429   2.2e-12   44.3   0.0   2   3    0.0028      0.26    7.9   0.0    69   124   218   279   198   292 0.72 -
4793_g               -            786 7555at5794           -            429   2.2e-12   44.3   0.0   3   3   0.00011     0.011   12.4   0.1   183   258   385   461   371   511 0.77 -
4484_g               -            936 7555at5794           -            429   2.3e-12   44.2   0.1   1   3   4.2e-07   3.9e-05   20.4   0.0   309   346   191   228   162   233 0.80 -
4484_g               -            936 7555at5794           -            429   2.3e-12   44.2   0.1   2   3   2.2e-06    0.0002   18.1   0.1   350   389   293   332   258   386 0.69 -
4484_g               -            936 7555at5794           -            429   2.3e-12   44.2   0.1   3   3      0.42        39    0.7   0.0   337   386   791   842   776   889 0.62 -
1731_g               -            850 7555at5794           -            429   1.2e-11   41.9   5.5   1   3      0.71        66   -0.1   0.0   166   206    13    58     8    69 0.52 -
1731_g               -            850 7555at5794           -            429   1.2e-11   41.9   5.5   2   3   1.2e-12   1.1e-10   38.7   2.6   188   390   113   327    77   339 0.73 -
1731_g               -            850 7555at5794           -            429   1.2e-11   41.9   5.5   3   3       1.7   1.6e+02   -1.3   0.0   183   208   373   398   361   415 0.73 -
366_g                -            514 7555at5794           -            429   1.3e-11   41.8   0.1   1   3      0.03       2.8    4.4   0.0   371   393   255   277   250   290 0.76 -
366_g                -            514 7555at5794           -            429   1.3e-11   41.8   0.1   2   3   3.1e-05    0.0029   14.3   0.0   167   248   363   442   340   455 0.76 -
366_g                -            514 7555at5794           -            429   1.3e-11   41.8   0.1   3   3     1e-06   9.6e-05   19.1   0.0   350   392   467   510   462   513 0.86 -
368_g                -           1968 7555at5794           -            429   2.1e-11   41.1   0.1   1   2   1.2e-12   1.1e-10   38.7   0.0   284   389  1670  1778  1656  1816 0.73 -
368_g                -           1968 7555at5794           -            429   2.1e-11   41.1   0.1   2   2       2.4   2.3e+02   -1.8   0.0   108   150  1906  1950  1898  1964 0.65 -
1487_g               -            375 7555at5794           -            429   4.8e-11   39.9   1.0   1   3    0.0084      0.78    6.3   0.1   209   266    21    78     7   100 0.73 -
1487_g               -            375 7555at5794           -            429   4.8e-11   39.9   1.0   2   3      0.04       3.7    4.0   0.0   339   387   100   150    87   156 0.85 -
1487_g               -            375 7555at5794           -            429   4.8e-11   39.9   1.0   3   3   2.2e-08     2e-06   24.7   0.1   215   379   210   365   200   373 0.66 -
4657_g               -            465 7555at5794           -            429   1.3e-10   38.5   0.3   1   1     6e-12   5.6e-10   36.4   0.3   162   310   107   264   100   282 0.68 -
1443_g               -            504 7555at5794           -            429   2.4e-10   37.6   2.5   1   4         5   4.6e+02   -2.9   0.0   103   124   188   209   179   225 0.67 -
1443_g               -            504 7555at5794           -            429   2.4e-10   37.6   2.5   2   4   2.3e-06   0.00021   18.0   0.1   217   266   277   327   241   331 0.80 -
1443_g               -            504 7555at5794           -            429   2.4e-10   37.6   2.5   3   4   2.5e-09   2.3e-07   27.8   0.4   331   391   292   353   278   377 0.77 -
1443_g               -            504 7555at5794           -            429   2.4e-10   37.6   2.5   4   4      0.38        36    0.8   0.0   219   389   418   446   400   455 0.58 -
206_g                -            724 7555at5794           -            429   8.4e-10   35.8   1.0   1   4       2.4   2.3e+02   -1.9   0.0   382   418   136   173   112   187 0.55 -
206_g                -            724 7555at5794           -            429   8.4e-10   35.8   1.0   2   4         1        95   -0.6   0.0   218   256   290   327   151   363 0.50 -
206_g                -            724 7555at5794           -            429   8.4e-10   35.8   1.0   3   4   3.5e-05    0.0032   14.1   0.1   190   255   520   588   425   608 0.74 -
206_g                -            724 7555at5794           -            429   8.4e-10   35.8   1.0   4   4     3e-06   0.00028   17.6   0.0   180   246   638   707   627   720 0.64 -
2687_g               -            455 7555at5794           -            429   1.5e-09   35.0   4.0   1   3     3e-06   0.00028   17.6   0.5   323   392   153   225    99   264 0.77 -
2687_g               -            455 7555at5794           -            429   1.5e-09   35.0   4.0   2   3     7e-05    0.0065   13.1   0.0    73   153   286   368   262   387 0.73 -
2687_g               -            455 7555at5794           -            429   1.5e-09   35.0   4.0   3   3     0.041       3.8    4.0   0.0   357   395   404   443   393   453 0.63 -
1378_g               -            691 7555at5794           -            429   4.1e-09   33.5   4.6   1   3   1.4e-08   1.3e-06   25.3   0.5    91   163    10    90     7   164 0.70 -
1378_g               -            691 7555at5794           -            429   4.1e-09   33.5   4.6   2   3     0.093       8.6    2.8   0.0   104   146   184   232   168   248 0.71 -
1378_g               -            691 7555at5794           -            429   4.1e-09   33.5   4.6   3   3     0.043         4    3.9   0.2   105   153   237   288   218   305 0.57 -
3938_g               -            424 7555at5794           -            429     1e-08   32.2   0.1   1   3    0.0014      0.13    8.8   0.0    99   123   116   140   107   152 0.82 -
3938_g               -            424 7555at5794           -            429     1e-08   32.2   0.1   2   3   2.1e-05    0.0019   14.8   0.0    90   124   169   203   159   215 0.49 -
3938_g               -            424 7555at5794           -            429     1e-08   32.2   0.1   3   3     0.022       2.1    4.9   0.0   321   383   286   347   252   361 0.66 -
4548_g               -            442 7555at5794           -            429   1.2e-08   32.0   3.7   1   2       1.9   1.8e+02   -1.5   0.0   329   348   262   281   231   288 0.82 -
4548_g               -            442 7555at5794           -            429   1.2e-08   32.0   3.7   2   2   1.5e-10   1.4e-08   31.8   1.0   189   247   323   385   304   393 0.78 -
1983_g               -            447 7555at5794           -            429   1.4e-08   31.8   0.0   1   2   1.3e-07   1.2e-05   22.1   0.0    89   155   291   359   253   373 0.81 -
1983_g               -            447 7555at5794           -            429   1.4e-08   31.8   0.0   2   2    0.0059      0.55    6.8   0.0   215   392   393   431   383   440 0.53 -
95_g                 -            392 7555at5794           -            429   2.7e-08   30.8   0.1   1   2   9.5e-05    0.0088   12.7   0.1    90   125   177   212   171   217 0.86 -
95_g                 -            392 7555at5794           -            429   2.7e-08   30.8   0.1   2   2     1e-05   0.00093   15.9   0.0    89   135   219   266   209   287 0.79 -
3074_g               -            690 7555at5794           -            429     3e-08   30.7   0.2   1   6   1.2e-06   0.00011   18.9   0.1    89   124   169   205    57   210 0.67 -
3074_g               -            690 7555at5794           -            429     3e-08   30.7   0.2   2   6   1.7e-06   0.00016   18.5   0.0    89   126   169   207   161   224 0.75 -
3074_g               -            690 7555at5794           -            429     3e-08   30.7   0.2   3   6      0.75        69   -0.2   0.0    93   111   232   250   219   259 0.81 -
3074_g               -            690 7555at5794           -            429     3e-08   30.7   0.2   4   6     0.028       2.6    4.5   0.1   215   257   285   329   273   376 0.61 -
3074_g               -            690 7555at5794           -            429     3e-08   30.7   0.2   5   6      0.88        82   -0.4   0.5    11    74   405   469   393   488 0.75 -
3074_g               -            690 7555at5794           -            429     3e-08   30.7   0.2   6   6       6.4   5.9e+02   -3.2   0.1    45    74   518   548   511   552 0.78 -
4402_g               -            766 7555at5794           -            429   6.5e-08   29.6   0.2   1   2   1.4e-07   1.3e-05   22.0   0.2   316   389   164   239   123   283 0.79 -
4402_g               -            766 7555at5794           -            429   6.5e-08   29.6   0.2   2   2     0.017       1.6    5.3   0.0   123   253   376   505   373   549 0.78 -
1339_g               -            609 7555at5794           -            429   7.5e-08   29.4   9.7   1   4      0.69        64   -0.1   0.0   304   324   201   218   175   231 0.62 -
1339_g               -            609 7555at5794           -            429   7.5e-08   29.4   9.7   2   4       1.3   1.2e+02   -0.9   0.0   106   131   294   319   262   325 0.61 -
1339_g               -            609 7555at5794           -            429   7.5e-08   29.4   9.7   3   4    0.0043       0.4    7.2   0.1   215   265   336   387   331   394 0.82 -
1339_g               -            609 7555at5794           -            429   7.5e-08   29.4   9.7   4   4   2.4e-07   2.2e-05   21.2   0.6    75   227   413   563   410   574 0.72 -
1376_g               -            435 7555at5794           -            429   9.6e-08   29.0   0.2   1   3     3e-05    0.0028   14.3   0.2   319   394    77   152    52   173 0.88 -
1376_g               -            435 7555at5794           -            429   9.6e-08   29.0   0.2   2   3      0.17        16    2.0   0.0   113   135   192   214   179   232 0.74 -
1376_g               -            435 7555at5794           -            429   9.6e-08   29.0   0.2   3   3    0.0011      0.11    9.1   0.0    34   134   267   362   248   377 0.69 -
1823_g               -            682 7555at5794           -            429   1.6e-07   28.3   0.9   1   2   2.4e-06   0.00022   18.0   0.1    88   248   421   602   397   607 0.68 -
1823_g               -            682 7555at5794           -            429   1.6e-07   28.3   0.9   2   2    0.0029      0.26    7.8   0.1   359   392   615   648   612   664 0.88 -
2359_g               -            811 7555at5794           -            429   2.3e-07   27.8   1.2   1   3     0.074       6.9    3.2   0.0   361   404   196   244   156   274 0.53 -
2359_g               -            811 7555at5794           -            429   2.3e-07   27.8   1.2   2   3   2.1e-07   1.9e-05   21.4   0.0   329   388   437   496   357   501 0.91 -
2359_g               -            811 7555at5794           -            429   2.3e-07   27.8   1.2   3   3         1        97   -0.6   0.2    22    68   552   597   535   643 0.54 -
2164_g               -            799 7555at5794           -            429   1.2e-05   22.2   2.2   1   1   1.3e-06   0.00012   18.8   1.3   169   356   601   686   523   725 0.55 -
887_g                -            323 7555at5794           -            429   2.5e-05   21.1   2.4   1   2   9.4e-07   8.8e-05   19.3   0.3   315   419    55   162    49   172 0.77 -
887_g                -            323 7555at5794           -            429   2.5e-05   21.1   2.4   2   2      0.26        24    1.3   0.1   182   210   278   304   162   315 0.55 -
3620_g               -            381 7555at5794           -            429   3.5e-05   20.6   0.0   1   1   5.6e-07   5.2e-05   20.0   0.0   314   391   195   275   191   291 0.87 -
221_g                -            364 7555at5794           -            429     4e-05   20.4   0.3   1   2   1.5e-06   0.00014   18.6   0.0   147   249    37   145    11   153 0.77 -
221_g                -            364 7555at5794           -            429     4e-05   20.4   0.3   2   2       2.3   2.1e+02   -1.8   0.0   212   244   322   355   314   362 0.56 -
3733_g               -           1639 7555at5794           -            429   0.00011   19.0   4.5   1   4      0.25        23    1.4   0.0   102   124  1263  1285  1230  1301 0.66 -
3733_g               -           1639 7555at5794           -            429   0.00011   19.0   4.5   2   4     0.016       1.5    5.3   0.2   304   391  1327  1414  1251  1418 0.72 -
3733_g               -           1639 7555at5794           -            429   0.00011   19.0   4.5   3   4     0.015       1.3    5.5   0.0   100   154  1430  1487  1424  1493 0.87 -
3733_g               -           1639 7555at5794           -            429   0.00011   19.0   4.5   4   4     0.025       2.3    4.7   0.0   362   393  1558  1589  1553  1607 0.85 -
3450_g               -            588 7555at5794           -            429    0.0011   15.7   0.1   1   2       7.2   6.7e+02   -3.4   0.6   244   284    30    71    24    89 0.61 -
3450_g               -            588 7555at5794           -            429    0.0011   15.7   0.1   2   2   1.2e-05    0.0011   15.7   0.1   191   269   329   407   315   427 0.73 -
2458_g               -           1445 7555at5794           -            429    0.0014   15.3   0.8   1   1   0.00011      0.01   12.4   0.8   190   246   583   641   568   808 0.68 -
397_g                -            332 7555at5794           -            429    0.0018   15.0   0.2   1   2       7.2   6.7e+02   -3.4   0.0   109   125    32    48    23    69 0.52 -
397_g                -            332 7555at5794           -            429    0.0018   15.0   0.2   2   2   4.7e-05    0.0044   13.7   0.0   312   394   205   295   198   329 0.63 -
#
# Program:         hmmsearch
# Version:         3.1b2 (February 2015)
# Pipeline mode:   SEARCH
# Query file:      /mnt/e/Bioinformatics/Semester2/BINP29/Malaria Project/Genomes/Parsed/busco_downloads/lineages/apicomplexa_odb10/hmms/7555at5794.hmm
# Target file:     /mnt/e/Bioinformatics/Semester2/BINP29/Malaria Project/Genomes/Parsed/Py_new.faa
# Option settings: hmmsearch --domtblout /mnt/e/Bioinformatics/Semester2/BINP29/Malaria Project/Genomes/Parsed/Py/run_apicomplexa_odb10/hmmer_output/initial_run_results/7555at5794.out --cpu 1 /mnt/e/Bioinformatics/Semester2/BINP29/Malaria Project/Genomes/Parsed/busco_downloads/lineages/apicomplexa_odb10/hmms/7555at5794.hmm /mnt/e/Bioinformatics/Semester2/BINP29/Malaria Project/Genomes/Parsed/Py_new.faa 
# Current dir:     /mnt/e/Bioinformatics/Semester2/BINP29/Malaria Project/Genomes/Parsed
# Date:            Wed Mar  1 19:33:22 2023
# [ok]
