#                                                                            --- full sequence --- -------------- this domain -------------   hmm coord   ali coord   env coord
# target name        accession   tlen query name           accession   qlen   E-value  score  bias   #  of  c-Evalue  i-Evalue  score  bias  from    to  from    to  from    to  acc description of target
#------------------- ---------- ----- -------------------- ---------- ----- --------- ------ ----- --- --- --------- --------- ------ ----- ----- ----- ----- ----- ----- ----- ---- ---------------------
1917_g               -            679 7633at5794           -            399    7e-183  606.2  11.7   1   1  3.5e-185  2.8e-182  604.2  11.7    11   399   226   678   216   678 0.87 -
4363_g               -           1090 7633at5794           -            399   4.2e-40  136.0  27.4   1   5    0.0051       4.2    4.3   0.6    42    86   293   337   280   353 0.77 -
4363_g               -           1090 7633at5794           -            399   4.2e-40  136.0  27.4   2   5   2.1e-07   0.00018   18.7   0.1   113   155   474   516   406   520 0.90 -
4363_g               -           1090 7633at5794           -            399   4.2e-40  136.0  27.4   3   5   4.9e-21     4e-18   63.7   2.3   159   247   565   651   532   673 0.86 -
4363_g               -           1090 7633at5794           -            399   4.2e-40  136.0  27.4   4   5   4.8e-16     4e-13   47.2   4.3   198   341   845  1005   835  1021 0.69 -
4363_g               -           1090 7633at5794           -            399   4.2e-40  136.0  27.4   5   5   8.1e-06    0.0066   13.5   0.0   342   372  1051  1081  1043  1085 0.89 -
4192_g               -            577 7633at5794           -            399   4.5e-33  112.9   4.7   1   2   2.5e-06     0.002   15.2   0.0   120   189   209   279   192   307 0.87 -
4192_g               -            577 7633at5794           -            399   4.5e-33  112.9   4.7   2   2   1.3e-30   1.1e-27   95.2   3.0   167   392   307   569   291   573 0.72 -
4408_g               -            587 7633at5794           -            399     1e-32  111.7   9.2   1   2   2.1e-06    0.0017   15.5   0.0   107   169   221   284   187   292 0.80 -
4408_g               -            587 7633at5794           -            399     1e-32  111.7   9.2   2   2   1.4e-30   1.1e-27   95.1   6.8   170   397   320   584   314   586 0.69 -
191_g                -            536 7633at5794           -            399   6.6e-20   69.5   0.0   1   2   3.6e-16   2.9e-13   47.6   0.0   109   231   183   307   171   334 0.78 -
191_g                -            536 7633at5794           -            399   6.6e-20   69.5   0.0   2   2   1.4e-07   0.00012   19.3   0.0   332   391   470   529   401   533 0.86 -
2551_g               -            645 7633at5794           -            399   6.3e-15   53.1   3.3   1   2   3.1e-12   2.5e-09   34.7   2.8    77   286   239   446   200   482 0.70 -
2551_g               -            645 7633at5794           -            399   6.3e-15   53.1   3.3   2   2   1.1e-06    0.0009   16.4   0.0   346   391   594   639   579   642 0.85 -
#
# Program:         hmmsearch
# Version:         3.1b2 (February 2015)
# Pipeline mode:   SEARCH
# Query file:      /mnt/e/Bioinformatics/Semester2/BINP29/Malaria Project/Genomes/Parsed/busco_downloads/lineages/apicomplexa_odb10/hmms/7633at5794.hmm
# Target file:     /mnt/e/Bioinformatics/Semester2/BINP29/Malaria Project/Genomes/Parsed/Py_new.faa
# Option settings: hmmsearch --domtblout /mnt/e/Bioinformatics/Semester2/BINP29/Malaria Project/Genomes/Parsed/Py/run_apicomplexa_odb10/hmmer_output/initial_run_results/7633at5794.out --cpu 1 /mnt/e/Bioinformatics/Semester2/BINP29/Malaria Project/Genomes/Parsed/busco_downloads/lineages/apicomplexa_odb10/hmms/7633at5794.hmm /mnt/e/Bioinformatics/Semester2/BINP29/Malaria Project/Genomes/Parsed/Py_new.faa 
# Current dir:     /mnt/e/Bioinformatics/Semester2/BINP29/Malaria Project/Genomes/Parsed
# Date:            Wed Mar  1 19:33:22 2023
# [ok]
