#                                                                            --- full sequence --- -------------- this domain -------------   hmm coord   ali coord   env coord
# target name        accession   tlen query name           accession   qlen   E-value  score  bias   #  of  c-Evalue  i-Evalue  score  bias  from    to  from    to  from    to  acc description of target
#------------------- ---------- ----- -------------------- ---------- ----- --------- ------ ----- --- --- --------- --------- ------ ----- ----- ----- ----- ----- ----- ----- ---- ---------------------
1251_g               -            849 7668at5794           -            389  1.1e-131  437.7  73.8   1   6   6.2e-05     0.013   12.7   0.1     1    31    49    79    49   107 0.82 -
1251_g               -            849 7668at5794           -            389  1.1e-131  437.7  73.8   2   6   2.2e-20   4.7e-18   63.6   4.6    17    80   130   197   122   207 0.82 -
1251_g               -            849 7668at5794           -            389  1.1e-131  437.7  73.8   3   6   7.1e-79   1.5e-76  256.2  23.2    77   289   236   454   222   457 0.93 -
1251_g               -            849 7668at5794           -            389  1.1e-131  437.7  73.8   4   6   2.3e-05    0.0049   14.1   0.5   222   286   432   509   423   517 0.77 -
1251_g               -            849 7668at5794           -            389  1.1e-131  437.7  73.8   5   6   1.4e-21   2.9e-19   67.6  14.9   228   341   618   732   588   770 0.72 -
1251_g               -            849 7668at5794           -            389  1.1e-131  437.7  73.8   6   6   8.3e-16   1.8e-13   48.5   1.2   330   389   777   838   766   838 0.88 -
3546_g               -            543 7668at5794           -            389   2.9e-19   67.6  31.4   1   2   1.6e-18   3.4e-16   57.5   3.7    39   106     8    80     4    83 0.85 -
3546_g               -            543 7668at5794           -            389   2.9e-19   67.6  31.4   2   2     2e-08   4.3e-06   24.2  19.8   143   258   171   292   126   321 0.70 -
357_g                -            296 7668at5794           -            389   4.6e-18   63.6   1.3   1   2   2.1e-20   4.6e-18   63.6   1.3    36   109    40   113    13   151 0.87 -
357_g                -            296 7668at5794           -            389   4.6e-18   63.6   1.3   2   2         3   6.4e+02   -2.7   0.3    15    29   255   269   227   292 0.53 -
3351_g               -            246 7668at5794           -            389   1.7e-16   58.4   0.1   1   1     1e-18   2.2e-16   58.1   0.1    42   106     4    69     1    90 0.93 -
724_g                -            881 7668at5794           -            389   3.3e-15   54.2   0.4   1   1   3.7e-17   7.9e-15   53.0   0.4    25   106   394   473   383   476 0.83 -
1874_g               -            399 7668at5794           -            389   4.2e-14   50.6   1.7   1   1   3.4e-16   7.3e-14   49.8   1.7    41   106    75   143    66   145 0.88 -
1618_g               -            380 7668at5794           -            389   4.4e-14   50.5   2.7   1   1   3.6e-16   7.8e-14   49.7   2.7    42   106    45   108    42   115 0.89 -
3751_g               -            370 7668at5794           -            389   6.2e-14   50.0   3.2   1   2   2.9e-16   6.2e-14   50.0   3.2    35   126    93   180    64   221 0.80 -
3751_g               -            370 7668at5794           -            389   6.2e-14   50.0   3.2   2   2      0.29        62    0.6   0.4   167   212   284   332   246   359 0.76 -
4206_g               -            345 7668at5794           -            389   8.7e-14   49.5   0.1   1   1   5.3e-16   1.1e-13   49.1   0.1    43   107     3    70     1   104 0.86 -
2524_g               -            382 7668at5794           -            389   4.6e-13   47.2   0.7   1   1   3.9e-15   8.3e-13   46.3   0.7    40   106    51   116    43   123 0.87 -
2191_g               -            387 7668at5794           -            389     7e-12   43.3   0.9   1   2   3.3e-14     7e-12   43.3   0.9    40   104    49   111    26   115 0.88 -
2191_g               -            387 7668at5794           -            389     7e-12   43.3   0.9   2   2       0.6   1.3e+02   -0.4   5.9   225   288   299   364   266   369 0.65 -
3249_g               -            649 7668at5794           -            389     2e-11   41.7   4.3   1   1   2.7e-13   5.7e-11   40.3   4.3    42   107    92   157    75   188 0.91 -
3359_g               -            425 7668at5794           -            389   1.9e-10   38.5   1.3   1   2   8.9e-13   1.9e-10   38.5   1.3    41   106    24    85    15    87 0.87 -
3359_g               -            425 7668at5794           -            389   1.9e-10   38.5   1.3   2   2       2.6   5.5e+02   -2.5   2.4   185   232   350   400   335   413 0.44 -
857_g                -            534 7668at5794           -            389     5e-10   37.2   3.9   1   3   2.3e-12     5e-10   37.2   3.9    38   106   189   256   165   276 0.84 -
857_g                -            534 7668at5794           -            389     5e-10   37.2   3.9   2   3       1.2   2.6e+02   -1.4   0.2   248   333   329   351   304   375 0.54 -
857_g                -            534 7668at5794           -            389     5e-10   37.2   3.9   3   3       1.8   3.9e+02   -2.0   1.5    16   299   423   496   394   506 0.48 -
1112_g               -            668 7668at5794           -            389   9.4e-10   36.3   0.2   1   2   4.4e-12   9.4e-10   36.3   0.2    45   104   130   188   115   193 0.87 -
1112_g               -            668 7668at5794           -            389   9.4e-10   36.3   0.2   2   2         6   1.3e+03   -3.7   1.0   230   250   631   651   620   664 0.47 -
443_g                -            299 7668at5794           -            389   2.7e-09   34.8   4.0   1   3   4.7e-10     1e-07   29.6   0.5    41    81     5    45     2    51 0.87 -
443_g                -            299 7668at5794           -            389   2.7e-09   34.8   4.0   2   3   2.8e-05    0.0059   13.9   0.2    81   106    70    96    60   106 0.84 -
443_g                -            299 7668at5794           -            389   2.7e-09   34.8   4.0   3   3       2.2   4.7e+02   -2.2   9.2   213   302   195   284   158   288 0.64 -
4001_g               -            554 7668at5794           -            389   6.3e-09   33.5   0.4   1   2   2.9e-11   6.3e-09   33.5   0.4    42   106    32    93     8    95 0.88 -
4001_g               -            554 7668at5794           -            389   6.3e-09   33.5   0.4   2   2       2.3     5e+02   -2.3   0.3    20    58   269   306   263   313 0.74 -
2735_g               -            623 7668at5794           -            389   2.4e-08   31.6   0.1   1   1   2.1e-10   4.4e-08   30.8   0.1    42   106    69   132    55   156 0.85 -
1670_g               -            180 7668at5794           -            389   1.3e-07   29.2   5.6   1   2   6.2e-10   1.3e-07   29.2   5.6    45   122     3    80     1    96 0.75 -
1670_g               -            180 7668at5794           -            389   1.3e-07   29.2   5.6   2   2       1.3   2.7e+02   -1.5   3.3   150   181    79   111    65   124 0.73 -
4474_g               -            151 7668at5794           -            389   3.9e-07   27.6   6.9   1   2   1.8e-09   3.9e-07   27.6   6.9    42    84     6    48     2    83 0.91 -
4474_g               -            151 7668at5794           -            389   3.9e-07   27.6   6.9   2   2       0.9   1.9e+02   -1.0   3.1   198   252    50    66    41   110 0.46 -
1965_g               -            257 7668at5794           -            389   3.7e-06   24.4  13.7   1   1   2.1e-08   4.6e-06   24.1  13.7    27   164    51   189    32   227 0.80 -
4307_g               -            372 7668at5794           -            389   0.00013   19.4   5.9   1   1   1.1e-06   0.00024   18.4   5.9    32   106    51   125    37   142 0.80 -
3466_g               -            115 7668at5794           -            389   0.00014   19.2   0.0   1   1   6.9e-07   0.00015   19.1   0.0    41    78    61    98    31   111 0.87 -
#
# Program:         hmmsearch
# Version:         3.1b2 (February 2015)
# Pipeline mode:   SEARCH
# Query file:      /mnt/e/Bioinformatics/Semester2/BINP29/Malaria Project/Genomes/Parsed/busco_downloads/lineages/apicomplexa_odb10/hmms/7668at5794.hmm
# Target file:     /mnt/e/Bioinformatics/Semester2/BINP29/Malaria Project/Genomes/Parsed/Py_new.faa
# Option settings: hmmsearch --domtblout /mnt/e/Bioinformatics/Semester2/BINP29/Malaria Project/Genomes/Parsed/Py/run_apicomplexa_odb10/hmmer_output/initial_run_results/7668at5794.out --cpu 1 /mnt/e/Bioinformatics/Semester2/BINP29/Malaria Project/Genomes/Parsed/busco_downloads/lineages/apicomplexa_odb10/hmms/7668at5794.hmm /mnt/e/Bioinformatics/Semester2/BINP29/Malaria Project/Genomes/Parsed/Py_new.faa 
# Current dir:     /mnt/e/Bioinformatics/Semester2/BINP29/Malaria Project/Genomes/Parsed
# Date:            Wed Mar  1 19:33:22 2023
# [ok]
