#                                                                            --- full sequence --- -------------- this domain -------------   hmm coord   ali coord   env coord
# target name        accession   tlen query name           accession   qlen   E-value  score  bias   #  of  c-Evalue  i-Evalue  score  bias  from    to  from    to  from    to  acc description of target
#------------------- ---------- ----- -------------------- ---------- ----- --------- ------ ----- --- --- --------- --------- ------ ----- ----- ----- ----- ----- ----- ----- ---- ---------------------
1112_g               -            668 9322at5794           -            487  4.3e-211  700.2  20.1   1   2   3.4e-21     8e-19   66.1   2.1     1    51     1    51     1    82 0.91 -
1112_g               -            668 9322at5794           -            487  4.3e-211  700.2  20.1   2   2  8.1e-195  1.9e-192  638.7  10.3    59   486   121   603    79   607 0.89 -
357_g                -            296 9322at5794           -            487   1.2e-17   62.2   1.3   1   1   8.8e-20   2.1e-17   61.4   1.3    66   130    46   111    16   117 0.88 -
3351_g               -            246 9322at5794           -            487   8.8e-17   59.3   0.2   1   1   5.3e-19   1.2e-16   58.8   0.2    66   137     5    77     3    80 0.91 -
2524_g               -            382 9322at5794           -            487   2.1e-16   58.1   0.5   1   1   1.4e-18   3.3e-16   57.5   0.5    67   137    55   124    42   152 0.92 -
724_g                -            881 9322at5794           -            487   2.5e-16   57.8   0.2   1   1   1.9e-18   4.4e-16   57.0   0.2    69   133   413   477   405   487 0.93 -
2191_g               -            387 9322at5794           -            487   3.5e-15   54.0   0.5   1   1   2.7e-17   6.4e-15   53.2   0.5    69   133    55   118    49   168 0.93 -
3249_g               -            649 9322at5794           -            487     1e-14   52.5   2.4   1   2   4.3e-17     1e-14   52.5   2.4    28   129    60   156    32   160 0.75 -
3249_g               -            649 9322at5794           -            487     1e-14   52.5   2.4   2   2       3.1   7.3e+02   -3.1   0.2   219   257   365   403   340   429 0.65 -
2735_g               -            623 9322at5794           -            487   4.6e-13   47.0   0.8   1   1   3.1e-15   7.3e-13   46.4   0.8    66   135    70   138    61   143 0.93 -
4206_g               -            345 9322at5794           -            487   4.9e-13   47.0   0.2   1   1   3.1e-15   7.4e-13   46.4   0.2    67   134     4    74     3    84 0.86 -
1618_g               -            380 9322at5794           -            487   5.6e-13   46.8   3.6   1   1   3.9e-15   9.1e-13   46.1   3.6    69   132    49   111    41   117 0.94 -
1874_g               -            399 9322at5794           -            487   9.9e-13   46.0   0.0   1   1   8.3e-15     2e-12   45.0   0.0    56   132    67   146    52   154 0.86 -
443_g                -            299 9322at5794           -            487     5e-11   40.3   4.2   1   3   4.3e-11     1e-08   32.8   0.1    62    98     3    39     1    47 0.91 -
443_g                -            299 9322at5794           -            487     5e-11   40.3   4.2   2   3   0.00078      0.18    8.8   0.0   108   132    75    99    55   105 0.86 -
443_g                -            299 9322at5794           -            487     5e-11   40.3   4.2   3   3       3.6   8.3e+02   -3.3   0.3   326   355   252   281   234   293 0.68 -
4001_g               -            554 9322at5794           -            487   5.9e-11   40.1   0.3   1   2   2.5e-13   5.9e-11   40.1   0.3    67   133    34    97    28   108 0.90 -
4001_g               -            554 9322at5794           -            487   5.9e-11   40.1   0.3   2   2       1.5   3.6e+02   -2.0   0.2   116   133   272   289   203   394 0.62 -
3359_g               -            425 9322at5794           -            487   1.2e-10   39.1   0.1   1   1   8.3e-13   1.9e-10   38.4   0.1    66   133    26    89    18    95 0.90 -
3546_g               -            543 9322at5794           -            487   1.4e-09   35.6   0.6   1   2   5.9e-12   1.4e-09   35.6   0.6    69   129    15    80     6    85 0.85 -
3546_g               -            543 9322at5794           -            487   1.4e-09   35.6   0.6   2   2       2.5   5.7e+02   -2.7   0.4   311   345   350   385   341   397 0.64 -
3751_g               -            370 9322at5794           -            487   1.1e-08   32.7   2.7   1   2   4.5e-11   1.1e-08   32.7   2.7    62   129    96   162    74   165 0.86 -
3751_g               -            370 9322at5794           -            487   1.1e-08   32.7   2.7   2   2         2   4.7e+02   -2.4   0.2   158   175   239   256   223   286 0.52 -
857_g                -            534 9322at5794           -            487   1.3e-08   32.4   2.1   1   1   1.3e-10   2.9e-08   31.2   2.1    63   133   191   260   175   267 0.92 -
1670_g               -            180 9322at5794           -            487   7.1e-08   29.9   1.5   1   2     3e-10   7.1e-08   29.9   1.5    69   128     4    63     1    71 0.87 -
1670_g               -            180 9322at5794           -            487   7.1e-08   29.9   1.5   2   2       1.2   2.7e+02   -1.6   0.6   114   135    99   120    70   126 0.72 -
1011_g               -            337 9322at5794           -            487   9.1e-07   26.3   0.3   1   3   3.9e-09   9.1e-07   26.3   0.3    64   129   112   176    92   180 0.85 -
1011_g               -            337 9322at5794           -            487   9.1e-07   26.3   0.3   2   3       1.9   4.4e+02   -2.4   0.1   322   350   239   267   212   272 0.74 -
1011_g               -            337 9322at5794           -            487   9.1e-07   26.3   0.3   3   3       6.1   1.4e+03   -4.0   0.9   215   232   306   323   283   326 0.65 -
4474_g               -            151 9322at5794           -            487     4e-06   24.2   4.6   1   2   4.8e-08   1.1e-05   22.7   3.1    62    98     3    39     1    96 0.90 -
4474_g               -            151 9322at5794           -            487     4e-06   24.2   4.6   2   2      0.16        37    1.2   0.5   322   371    61   111    48   137 0.52 -
3466_g               -            115 9322at5794           -            487    0.0034   14.5   0.0   1   1   1.9e-05    0.0045   14.1   0.0    62    99    59    96    53   107 0.85 -
#
# Program:         hmmsearch
# Version:         3.1b2 (February 2015)
# Pipeline mode:   SEARCH
# Query file:      /mnt/e/Bioinformatics/Semester2/BINP29/Malaria Project/Genomes/Parsed/busco_downloads/lineages/apicomplexa_odb10/hmms/9322at5794.hmm
# Target file:     /mnt/e/Bioinformatics/Semester2/BINP29/Malaria Project/Genomes/Parsed/Py_new.faa
# Option settings: hmmsearch --domtblout /mnt/e/Bioinformatics/Semester2/BINP29/Malaria Project/Genomes/Parsed/Py/run_apicomplexa_odb10/hmmer_output/initial_run_results/9322at5794.out --cpu 1 /mnt/e/Bioinformatics/Semester2/BINP29/Malaria Project/Genomes/Parsed/busco_downloads/lineages/apicomplexa_odb10/hmms/9322at5794.hmm /mnt/e/Bioinformatics/Semester2/BINP29/Malaria Project/Genomes/Parsed/Py_new.faa 
# Current dir:     /mnt/e/Bioinformatics/Semester2/BINP29/Malaria Project/Genomes/Parsed
# Date:            Wed Mar  1 19:33:25 2023
# [ok]
