#                                                                            --- full sequence --- -------------- this domain -------------   hmm coord   ali coord   env coord
# target name        accession   tlen query name           accession   qlen   E-value  score  bias   #  of  c-Evalue  i-Evalue  score  bias  from    to  from    to  from    to  acc description of target
#------------------- ---------- ----- -------------------- ---------- ----- --------- ------ ----- --- --- --------- --------- ------ ----- ----- ----- ----- ----- ----- ----- ---- ---------------------
136_g                -            686 9361at5794           -            434  1.5e-203  674.5  59.1   1   5  7.9e-166  6.5e-163  540.6  16.1     1   297     6   320     6   326 0.94 -
136_g                -            686 9361at5794           -            434  1.5e-203  674.5  59.1   2   5   4.5e-06    0.0037   14.2   0.1   281   311   324   354   314   369 0.79 -
136_g                -            686 9361at5794           -            434  1.5e-203  674.5  59.1   3   5   9.2e-34   7.6e-31  105.4  11.8   280   401   422   555   378   567 0.75 -
136_g                -            686 9361at5794           -            434  1.5e-203  674.5  59.1   4   5      0.77   6.3e+02   -3.1   6.1   359   404   567   615   559   621 0.67 -
136_g                -            686 9361at5794           -            434  1.5e-203  674.5  59.1   5   5   3.1e-11   2.6e-08   31.2   0.6   389   434   640   685   620   685 0.73 -
4567_g               -            603 9361at5794           -            434   1.6e-20   71.4   1.0   1   2      0.18   1.5e+02   -1.0   0.5   340   402    14    76     7   102 0.82 -
4567_g               -            603 9361at5794           -            434   1.6e-20   71.4   1.0   2   2   1.9e-23   1.6e-20   71.4   1.0   135   307   405   584   345   595 0.85 -
868_g                -            366 9361at5794           -            434   4.4e-11   40.3   0.1   1   2   3.6e-13     3e-10   37.5   0.0   152   277    65   187    58   222 0.77 -
868_g                -            366 9361at5794           -            434   4.4e-11   40.3   0.1   2   2     0.078        64    0.2   0.1   238   282   217   258   205   265 0.75 -
2503_g               -            554 9361at5794           -            434   6.9e-11   39.6  15.2   1   2   1.5e-09   1.2e-06   25.6   0.4   153   183   221   251   184   268 0.84 -
2503_g               -            554 9361at5794           -            434   6.9e-11   39.6  15.2   2   2   4.9e-08     4e-05   20.6   5.4   195   301   323   430   316   521 0.79 -
1692_g               -            368 9361at5794           -            434   3.6e-10   37.3   0.5   1   2   9.9e-13   8.1e-10   36.1   0.2   152   314    64   229     7   245 0.78 -
1692_g               -            368 9361at5794           -            434   3.6e-10   37.3   0.5   2   2      0.37     3e+02   -2.0   0.0   265   303   240   279   227   290 0.71 -
3448_g               -            394 9361at5794           -            434     0.004   14.1   8.3   1   3   5.5e-06    0.0045   13.9   0.0   153   184    25    56    17    73 0.89 -
3448_g               -            394 9361at5794           -            434     0.004   14.1   8.3   2   3      0.83   6.8e+02   -3.2   6.5   263   390   166   296   142   305 0.58 -
3448_g               -            394 9361at5794           -            434     0.004   14.1   8.3   3   3     0.044        36    1.0   0.0   321   348   328   355   315   369 0.86 -
#
# Program:         hmmsearch
# Version:         3.1b2 (February 2015)
# Pipeline mode:   SEARCH
# Query file:      /mnt/e/Bioinformatics/Semester2/BINP29/Malaria Project/Genomes/Parsed/busco_downloads/lineages/apicomplexa_odb10/hmms/9361at5794.hmm
# Target file:     /mnt/e/Bioinformatics/Semester2/BINP29/Malaria Project/Genomes/Parsed/Py_new.faa
# Option settings: hmmsearch --domtblout /mnt/e/Bioinformatics/Semester2/BINP29/Malaria Project/Genomes/Parsed/Py/run_apicomplexa_odb10/hmmer_output/initial_run_results/9361at5794.out --cpu 1 /mnt/e/Bioinformatics/Semester2/BINP29/Malaria Project/Genomes/Parsed/busco_downloads/lineages/apicomplexa_odb10/hmms/9361at5794.hmm /mnt/e/Bioinformatics/Semester2/BINP29/Malaria Project/Genomes/Parsed/Py_new.faa 
# Current dir:     /mnt/e/Bioinformatics/Semester2/BINP29/Malaria Project/Genomes/Parsed
# Date:            Wed Mar  1 19:33:25 2023
# [ok]
