#                                                                            --- full sequence --- -------------- this domain -------------   hmm coord   ali coord   env coord
# target name        accession   tlen query name           accession   qlen   E-value  score  bias   #  of  c-Evalue  i-Evalue  score  bias  from    to  from    to  from    to  acc description of target
#------------------- ---------- ----- -------------------- ---------- ----- --------- ------ ----- --- --- --------- --------- ------ ----- ----- ----- ----- ----- ----- ----- ---- ---------------------
250_g                -            620 9601at5794           -            304   1.5e-97  324.7  13.9   1   4   5.9e-18   6.3e-16   56.6   0.1     2    51    42    92    41   111 0.91 -
250_g                -            620 9601at5794           -            304   1.5e-97  324.7  13.9   2   4     0.029       3.1    5.1   0.1    49    66   162   179   159   185 0.85 -
250_g                -            620 9601at5794           -            304   1.5e-97  324.7  13.9   3   4   7.2e-11   7.7e-09   33.3   0.3    62   134   215   322   192   335 0.67 -
250_g                -            620 9601at5794           -            304   1.5e-97  324.7  13.9   4   4   6.6e-71     7e-69  230.5   1.0   133   304   399   605   389   605 0.88 -
2875_g               -            500 9601at5794           -            304   2.1e-25   87.7   3.0   1   4   1.6e-07   1.7e-05   22.4   0.1   132   176   248   292   237   297 0.84 -
2875_g               -            500 9601at5794           -            304   2.1e-25   87.7   3.0   2   4   1.5e-08   1.6e-06   25.7   0.1   133   177   295   339   287   352 0.85 -
2875_g               -            500 9601at5794           -            304   2.1e-25   87.7   3.0   3   4   1.1e-07   1.2e-05   22.9   0.0   211   272   351   418   345   434 0.81 -
2875_g               -            500 9601at5794           -            304   2.1e-25   87.7   3.0   4   4   3.2e-05    0.0034   14.8   0.1   233   268   465   499   442   499 0.89 -
3668_g               -            649 9601at5794           -            304   1.9e-24   84.6   7.6   1   6   1.3e-06   0.00014   19.3   0.0   131   175   109   153    76   156 0.82 -
3668_g               -            649 9601at5794           -            304   1.9e-24   84.6   7.6   2   6   0.00016     0.018   12.4   0.0   135   179   155   199   151   218 0.79 -
3668_g               -            649 9601at5794           -            304   1.9e-24   84.6   7.6   3   6   5.4e-06   0.00058   17.3   0.6   216   288   328   409   318   416 0.75 -
3668_g               -            649 9601at5794           -            304   1.9e-24   84.6   7.6   4   6   7.6e-10   8.1e-08   30.0   0.1   234   304   478   553   434   553 0.73 -
3668_g               -            649 9601at5794           -            304   1.9e-24   84.6   7.6   5   6     0.012       1.3    6.3   0.0   149   171   534   556   516   563 0.72 -
3668_g               -            649 9601at5794           -            304   1.9e-24   84.6   7.6   6   6     0.077       8.2    3.7   0.0   235   268   615   647   602   648 0.84 -
82_g                 -           1381 9601at5794           -            304   1.7e-23   81.5   5.3   1   6    0.0021      0.23    8.8   0.0   135   169     4    38     1    42 0.91 -
82_g                 -           1381 9601at5794           -            304   1.7e-23   81.5   5.3   2   6   0.00076     0.082   10.3   0.0   132   174    43    85    39    89 0.91 -
82_g                 -           1381 9601at5794           -            304   1.7e-23   81.5   5.3   3   6   1.4e-05    0.0015   16.0   0.0   135   172    88   125    83   132 0.86 -
82_g                 -           1381 9601at5794           -            304   1.7e-23   81.5   5.3   4   6   3.7e-07   3.9e-05   21.2   0.1   134   187   129   182   123   195 0.82 -
82_g                 -           1381 9601at5794           -            304   1.7e-23   81.5   5.3   5   6    0.0051      0.55    7.5   0.0   136   170   244   278   226   285 0.86 -
82_g                 -           1381 9601at5794           -            304   1.7e-23   81.5   5.3   6   6   2.8e-05     0.003   15.0   0.1   133   175   285   328   278   355 0.63 -
3258_g               -            324 9601at5794           -            304   8.9e-20   69.3   9.4   1   5    0.0024      0.26    8.6   0.1   235   270    32    66    25    72 0.83 -
3258_g               -            324 9601at5794           -            304   8.9e-20   69.3   9.4   2   5    0.0016      0.17    9.2   0.3   134   178    73   117    64   131 0.80 -
3258_g               -            324 9601at5794           -            304   8.9e-20   69.3   9.4   3   5     9e-11   9.6e-09   33.0   0.3   212   289   130   212   113   213 0.77 -
3258_g               -            324 9601at5794           -            304   8.9e-20   69.3   9.4   4   5   0.00024     0.026   11.9   0.0   131   170   194   233   191   244 0.92 -
3258_g               -            324 9601at5794           -            304   8.9e-20   69.3   9.4   5   5   1.5e-05    0.0016   15.9   0.0   135   163   289   317   255   321 0.79 -
4397_g               -            637 9601at5794           -            304   4.6e-19   66.9   8.7   1   4     0.007      0.75    7.1   0.0   226   281   342   396   337   397 0.84 -
4397_g               -            637 9601at5794           -            304   4.6e-19   66.9   8.7   2   4   3.9e-09   4.1e-07   27.6   0.7   213   303   366   466   357   467 0.80 -
4397_g               -            637 9601at5794           -            304   4.6e-19   66.9   8.7   3   4   0.00068     0.073   10.4   0.0   146   174   445   473   441   478 0.84 -
4397_g               -            637 9601at5794           -            304   4.6e-19   66.9   8.7   4   4   3.8e-11   4.1e-09   34.2   1.3   136   232   477   595   470   626 0.69 -
3225_g               -            602 9601at5794           -            304   2.2e-15   54.8  10.8   1   4     1e-08   1.1e-06   26.3   0.4   205   304    35   141    23   141 0.78 -
3225_g               -            602 9601at5794           -            304   2.2e-15   54.8  10.8   2   4   1.5e-09   1.6e-07   29.0   0.8   205   303   114   227   112   228 0.76 -
3225_g               -            602 9601at5794           -            304   2.2e-15   54.8  10.8   3   4   2.5e-07   2.6e-05   21.7   0.2   205   303   157   267   150   268 0.64 -
3225_g               -            602 9601at5794           -            304   2.2e-15   54.8  10.8   4   4     0.021       2.2    5.5   0.0   120   172   214   272   213   294 0.63 -
2817_g               -            616 9601at5794           -            304     3e-14   51.1   8.2   1   4       5.6     6e+02   -2.4   0.1    56   106   180   230   160   239 0.74 -
2817_g               -            616 9601at5794           -            304     3e-14   51.1   8.2   2   4   3.3e-08   3.6e-06   24.6   0.2   207   270   306   373   300   380 0.85 -
2817_g               -            616 9601at5794           -            304     3e-14   51.1   8.2   3   4   1.3e-05    0.0014   16.1   0.0   134   189   379   434   373   439 0.85 -
2817_g               -            616 9601at5794           -            304     3e-14   51.1   8.2   4   4       0.2        22    2.3   0.0   244   270   570   595   561   598 0.77 -
1278_g               -            630 9601at5794           -            304   5.8e-14   50.1   9.6   1   5   3.5e-07   3.8e-05   21.2   0.0   236   282   337   383   333   387 0.88 -
1278_g               -            630 9601at5794           -            304   5.8e-14   50.1   9.6   2   5    0.0021      0.22    8.8   0.0   235   270   380   414   377   426 0.69 -
1278_g               -            630 9601at5794           -            304   5.8e-14   50.1   9.6   3   5     0.024       2.5    5.4   0.2   135   169   463   497   451   520 0.85 -
1278_g               -            630 9601at5794           -            304   5.8e-14   50.1   9.6   4   5       2.6   2.8e+02   -1.3   0.0    94   137   541   589   524   594 0.66 -
1278_g               -            630 9601at5794           -            304   5.8e-14   50.1   9.6   5   5   7.3e-06   0.00078   16.9   0.4   233   268   594   629   555   629 0.87 -
2959_g               -           1009 9601at5794           -            304   9.2e-14   49.5   5.0   1   3   0.00019      0.02   12.3   0.0   136   173    95   132    85   139 0.90 -
2959_g               -           1009 9601at5794           -            304   9.2e-14   49.5   5.0   2   3   3.7e-05    0.0039   14.6   0.1   237   274   140   177   133   186 0.85 -
2959_g               -           1009 9601at5794           -            304   9.2e-14   49.5   5.0   3   3   2.4e-07   2.5e-05   21.8   0.4   211   271   201   265   187   282 0.76 -
1983_g               -            447 9601at5794           -            304   7.6e-13   46.5   0.4   1   5    0.0003     0.032   11.6   0.0   124   172   133   182   120   186 0.84 -
1983_g               -            447 9601at5794           -            304   7.6e-13   46.5   0.4   2   5       1.5   1.6e+02   -0.5   0.0   148   171   213   236   208   257 0.74 -
1983_g               -            447 9601at5794           -            304   7.6e-13   46.5   0.4   3   5     0.043       4.5    4.5   0.0   210   233   259   282   227   295 0.76 -
1983_g               -            447 9601at5794           -            304   7.6e-13   46.5   0.4   4   5   6.1e-07   6.5e-05   20.4   0.0   212   276   305   375   292   380 0.82 -
1983_g               -            447 9601at5794           -            304   7.6e-13   46.5   0.4   5   5     0.081       8.6    3.6   0.0   151   172   409   430   392   442 0.81 -
3332_g               -            628 9601at5794           -            304   1.5e-12   45.6  19.3   1   6   0.00031     0.033   11.6   0.2   233   281     7    54     2    58 0.89 -
3332_g               -            628 9601at5794           -            304   1.5e-12   45.6  19.3   2   6      0.41        44    1.3   0.1   237   270    79   111    72   116 0.82 -
3332_g               -            628 9601at5794           -            304   1.5e-12   45.6  19.3   3   6   1.5e-05    0.0016   15.8   0.1   128   166   114   152   107   159 0.88 -
3332_g               -            628 9601at5794           -            304   1.5e-12   45.6  19.3   4   6     0.002      0.21    8.9   0.4   234   276   276   322   264   329 0.80 -
3332_g               -            628 9601at5794           -            304   1.5e-12   45.6  19.3   5   6   0.00075      0.08   10.3   0.1   138   230   324   354   317   364 0.49 -
3332_g               -            628 9601at5794           -            304   1.5e-12   45.6  19.3   6   6    0.0059      0.63    7.3   0.4   252   286   558   594   467   626 0.71 -
1443_g               -            504 9601at5794           -            304   1.4e-11   42.3   4.4   1   4         4   4.3e+02   -1.9   0.1   106   149    44    87    38   102 0.81 -
1443_g               -            504 9601at5794           -            304   1.4e-11   42.3   4.4   2   4   2.3e-10   2.5e-08   31.7   0.7   202   270   278   351   269   353 0.84 -
1443_g               -            504 9601at5794           -            304   1.4e-11   42.3   4.4   3   4   6.7e-07   7.1e-05   20.3   0.2   131   174   311   355   308   374 0.82 -
1443_g               -            504 9601at5794           -            304   1.4e-11   42.3   4.4   4   4      0.15        16    2.7   0.0   207   232   421   446   415   448 0.87 -
760_g                -           1060 9601at5794           -            304   2.5e-11   41.5   7.3   1   3    0.0065      0.69    7.2   0.0   125   176   148   199    94   217 0.80 -
760_g                -           1060 9601at5794           -            304   2.5e-11   41.5   7.3   2   3     0.081       8.6    3.6   0.3    93   230   297   449   292   454 0.63 -
760_g                -           1060 9601at5794           -            304   2.5e-11   41.5   7.3   3   3   4.1e-11   4.3e-09   34.2   2.2    66   271   385   615   374   640 0.71 -
3622_g               -           1192 9601at5794           -            304   1.2e-10   39.3   9.2   1   5      0.29        31    1.8   0.2   132   176   215   257   155   268 0.74 -
3622_g               -           1192 9601at5794           -            304   1.2e-10   39.3   9.2   2   5       5.7   6.1e+02   -2.4   0.0   150   176   483   509   394   517 0.63 -
3622_g               -           1192 9601at5794           -            304   1.2e-10   39.3   9.2   3   5    0.0025      0.27    8.5   0.1   133   177   587   631   563   644 0.75 -
3622_g               -           1192 9601at5794           -            304   1.2e-10   39.3   9.2   4   5   1.1e-12   1.2e-10   39.3   9.2    99   287   584   793   580   800 0.72 -
3622_g               -           1192 9601at5794           -            304   1.2e-10   39.3   9.2   5   5       5.4   5.8e+02   -2.4   0.1   104   137   822   858   807   883 0.63 -
1555_g               -            627 9601at5794           -            304   3.1e-10   37.9   0.6   1   2   1.3e-06   0.00014   19.4   0.0   235   271   157   193   154   204 0.89 -
1555_g               -            627 9601at5794           -            304   3.1e-10   37.9   0.6   2   2   9.7e-06     0.001   16.5   0.1   235   286   208   260   200   273 0.82 -
4309_g               -            593 9601at5794           -            304     5e-10   37.2   6.7   1   3     0.062       6.6    4.0   0.2   149   173   273   297   216   305 0.70 -
4309_g               -            593 9601at5794           -            304     5e-10   37.2   6.7   2   3   5.2e-09   5.6e-07   27.2   0.6   137   271   306   451   297   461 0.66 -
4309_g               -            593 9601at5794           -            304     5e-10   37.2   6.7   3   3    0.0015      0.16    9.3   0.0   213   277   431   500   416   515 0.68 -
3074_g               -            690 9601at5794           -            304   6.8e-10   36.8   6.1   1   4       0.4        43    1.3   0.1   235   278    70   112    54   132 0.65 -
3074_g               -            690 9601at5794           -            304   6.8e-10   36.8   6.1   2   4   1.7e-08   1.8e-06   25.6   0.1   112   176   145   210   114   223 0.80 -
3074_g               -            690 9601at5794           -            304   6.8e-10   36.8   6.1   3   4   0.00054     0.057   10.8   0.1   236   277   284   325   280   341 0.79 -
3074_g               -            690 9601at5794           -            304   6.8e-10   36.8   6.1   4   4       5.3   5.6e+02   -2.3   0.0   272   272   467   467   418   518 0.59 -
366_g                -            514 9601at5794           -            304   7.6e-10   36.6   1.6   1   3    0.0032      0.35    8.2   0.0   109   138   245   275   227   285 0.71 -
366_g                -            514 9601at5794           -            304   7.6e-10   36.6   1.6   2   3     0.016       1.7    5.9   0.1   237   268   364   395   303   406 0.49 -
366_g                -            514 9601at5794           -            304   7.6e-10   36.6   1.6   3   3   8.9e-06   0.00095   16.6   0.1   135   231   405   506   398   511 0.64 -
1339_g               -            609 9601at5794           -            304   1.9e-09   35.3  16.1   1   3     0.015       1.6    6.0   0.5   236   285   335   386   331   388 0.74 -
1339_g               -            609 9601at5794           -            304   1.9e-09   35.3  16.1   2   3   7.6e-09   8.1e-07   26.7   0.4   214   282   400   472   394   480 0.79 -
1339_g               -            609 9601at5794           -            304   1.9e-09   35.3  16.1   3   3   0.00057     0.061   10.7   0.1   252   290   526   563   496   576 0.82 -
4548_g               -            442 9601at5794           -            304   2.1e-09   35.2   8.2   1   4      0.25        26    2.0   0.2   123   172   119   169    80   185 0.75 -
4548_g               -            442 9601at5794           -            304   2.1e-09   35.2   8.2   2   4      0.83        89    0.3   0.0   245   266   200   221   139   252 0.61 -
4548_g               -            442 9601at5794           -            304   2.1e-09   35.2   8.2   3   4      0.04       4.2    4.6   0.1   214   233   262   281   234   299 0.81 -
4548_g               -            442 9601at5794           -            304   2.1e-09   35.2   8.2   4   4   5.5e-10   5.9e-08   30.4   0.3   208   270   317   385   301   393 0.81 -
3894_g               -            554 9601at5794           -            304   2.6e-09   34.9   8.2   1   4   0.00017     0.018   12.4   0.1   208   275    48   122    40   132 0.72 -
3894_g               -            554 9601at5794           -            304   2.6e-09   34.9   8.2   2   4     4e-06   0.00042   17.8   1.0   127   179   149   201   124   212 0.73 -
3894_g               -            554 9601at5794           -            304   2.6e-09   34.9   8.2   3   4      0.07       7.5    3.8   0.0   149   176   212   239   204   252 0.85 -
3894_g               -            554 9601at5794           -            304   2.6e-09   34.9   8.2   4   4      0.26        28    2.0   0.0   221   276   353   415   341   428 0.57 -
4039_g               -            591 9601at5794           -            304   4.9e-09   34.0   7.9   1   3    0.0017      0.18    9.1   0.1   135   176    37    77    26   115 0.79 -
4039_g               -            591 9601at5794           -            304   4.9e-09   34.0   7.9   2   3   9.2e-06   0.00098   16.6   0.1   207   272   236   306   224   321 0.81 -
4039_g               -            591 9601at5794           -            304   4.9e-09   34.0   7.9   3   3   0.00067     0.072   10.4   0.7   220   271   537   585   511   589 0.70 -
2737_g               -            472 9601at5794           -            304   1.6e-08   32.2   4.4   1   3   6.6e-05    0.0071   13.7   0.1   227   303    59   143    45   144 0.80 -
2737_g               -            472 9601at5794           -            304   1.6e-08   32.2   4.4   2   3   0.00023     0.024   12.0   0.2   236   303    70   143    67   164 0.50 -
2737_g               -            472 9601at5794           -            304   1.6e-08   32.2   4.4   3   3   3.3e-05    0.0036   14.7   0.4   203   270   308   382   282   397 0.75 -
4793_g               -            786 9601at5794           -            304   2.6e-08   31.6   0.7   1   3     0.026       2.8    5.2   0.0   142   175    68   101    56   152 0.86 -
4793_g               -            786 9601at5794           -            304   2.6e-08   31.6   0.7   2   3    0.0046       0.5    7.7   0.0   205   241   251   287   218   296 0.79 -
4793_g               -            786 9601at5794           -            304   2.6e-08   31.6   0.7   3   3   0.00015     0.016   12.6   1.2   135   269   307   449   292   463 0.70 -
3138_g               -            551 9601at5794           -            304   2.9e-08   31.4   7.0   1   1   8.8e-07   9.5e-05   19.9   6.5   101   304   277   526   255   526 0.73 -
1046_g               -            527 9601at5794           -            304   3.3e-08   31.2   4.4   1   3      0.43        46    1.2   0.0    88   148    93   153    86   174 0.83 -
1046_g               -            527 9601at5794           -            304   3.3e-08   31.2   4.4   2   3      0.38        41    1.4   0.1   250   286   230   269   213   277 0.65 -
1046_g               -            527 9601at5794           -            304   3.3e-08   31.2   4.4   3   3   2.8e-09     3e-07   28.1   0.4   209   285   277   359   266   370 0.84 -
95_g                 -            392 9601at5794           -            304   3.5e-08   31.2   0.4   1   1   7.6e-10   8.1e-08   30.0   0.4   213   282   191   265   149   276 0.88 -
750_g                -            365 9601at5794           -            304   5.2e-08   30.6   8.1   1   3   1.6e-05    0.0017   15.8   0.1   234   273    12    50     8    59 0.70 -
750_g                -            365 9601at5794           -            304   5.2e-08   30.6   8.1   2   3    0.0021      0.22    8.8   2.8   108   201    59   132    47   219 0.41 -
750_g                -            365 9601at5794           -            304   5.2e-08   30.6   8.1   3   3      0.04       4.3    4.6   0.1    91   137   215   261   177   267 0.55 -
1292_g               -            446 9601at5794           -            304   1.9e-07   28.8   2.3   1   2      0.22        23    2.2   0.0   105   176   228   299   214   311 0.79 -
1292_g               -            446 9601at5794           -            304   1.9e-07   28.8   2.3   2   2     1e-08   1.1e-06   26.3   0.8   176   283   279   393   262   402 0.74 -
3938_g               -            424 9601at5794           -            304   3.8e-07   27.8   3.5   1   3    0.0016      0.17    9.2   0.1   195   250   103   159    72   162 0.71 -
3938_g               -            424 9601at5794           -            304   3.8e-07   27.8   3.5   2   3   3.3e-05    0.0036   14.7   0.1   210   243   180   213   172   221 0.87 -
3938_g               -            424 9601at5794           -            304   3.8e-07   27.8   3.5   3   3      0.15        16    2.8   0.1   221   264   301   347   285   372 0.57 -
1466_g               -            482 9601at5794           -            304   5.6e-07   27.2  15.2   1   2   1.5e-07   1.6e-05   22.4   4.5   193   283   196   302   172   326 0.67 -
1466_g               -            482 9601at5794           -            304   5.6e-07   27.2  15.2   2   2   2.3e-06   0.00024   18.6   3.0   136   278   255   403   254   413 0.71 -
206_g                -            724 9601at5794           -            304   1.6e-06   25.7  12.3   1   6      0.48        51    1.1   0.1   136   181   106   154    27   198 0.79 -
206_g                -            724 9601at5794           -            304   1.6e-06   25.7  12.3   2   6     0.028         3    5.1   0.1   207   267   332   397   303   412 0.72 -
206_g                -            724 9601at5794           -            304   1.6e-06   25.7  12.3   3   6      0.13        14    2.9   0.1    95   184   465   551   439   552 0.86 -
206_g                -            724 9601at5794           -            304   1.6e-06   25.7  12.3   4   6    0.0013      0.14    9.5   0.1   131   176   542   585   536   595 0.80 -
206_g                -            724 9601at5794           -            304   1.6e-06   25.7  12.3   5   6      0.21        22    2.3   0.1   242   274   639   670   587   677 0.64 -
206_g                -            724 9601at5794           -            304   1.6e-06   25.7  12.3   6   6   0.00032     0.034   11.5   0.2   137   169   675   707   666   716 0.88 -
1378_g               -            691 9601at5794           -            304     3e-06   24.8   0.3   1   3   2.8e-08     3e-06   24.8   0.3   191   274     2    93     1   115 0.76 -
1378_g               -            691 9601at5794           -            304     3e-06   24.8   0.3   2   3       1.6   1.8e+02   -0.7   0.0   253   275   186   208   168   219 0.74 -
1378_g               -            691 9601at5794           -            304     3e-06   24.8   0.3   3   3      0.64        68    0.7   0.8   108   166   220   296   210   311 0.56 -
2687_g               -            455 9601at5794           -            304   7.1e-06   23.6   9.3   1   3      0.12        13    3.1   0.8   123   166   120   163   101   223 0.68 -
2687_g               -            455 9601at5794           -            304   7.1e-06   23.6   9.3   2   3   9.3e-06   0.00099   16.6   3.5   120   271   206   381   178   384 0.63 -
2687_g               -            455 9601at5794           -            304   7.1e-06   23.6   9.3   3   3       0.1        11    3.3   0.0   237   269   404   436   401   446 0.88 -
2157_g               -            343 9601at5794           -            304   7.6e-06   23.5   0.1   1   1   1.2e-07   1.3e-05   22.7   0.1    14    51    89   126    78   146 0.88 -
4484_g               -            936 9601at5794           -            304   5.1e-05   20.8   0.5   1   2    0.0007     0.075   10.4   0.0   218   274   168   233   164   240 0.67 -
4484_g               -            936 9601at5794           -            304   5.1e-05   20.8   0.5   2   2     0.011       1.2    6.4   0.1   133   268   295   330   256   353 0.61 -
4657_g               -            465 9601at5794           -            304   0.00016   19.2   7.1   1   2   3.8e-06    0.0004   17.8   1.2   229   288   105   165    99   187 0.76 -
4657_g               -            465 9601at5794           -            304   0.00016   19.2   7.1   2   2       0.4        43    1.3   0.1   149   170   247   268   210   293 0.63 -
2164_g               -            799 9601at5794           -            304   0.00018   19.0   8.4   1   2     0.021       2.3    5.5   0.8   237   270   542   574   430   581 0.56 -
2164_g               -            799 9601at5794           -            304   0.00018   19.0   8.4   2   2   9.8e-06    0.0011   16.5   5.6   140   296   544   704   492   707 0.73 -
221_g                -            364 9601at5794           -            304   0.00022   18.7   0.2   1   2      0.76        81    0.4   0.0   249   277    76   105    60   120 0.67 -
221_g                -            364 9601at5794           -            304   0.00022   18.7   0.2   2   2   1.3e-05    0.0014   16.0   0.2   133   243   104   214    82   248 0.68 -
3396_g               -            328 9601at5794           -            304   0.00032   18.2   0.5   1   4      0.24        26    2.0   0.0   233   280     4    51     2    67 0.53 -
3396_g               -            328 9601at5794           -            304   0.00032   18.2   0.5   2   4     0.018       1.9    5.7   0.5   130   187   134   189   122   193 0.72 -
3396_g               -            328 9601at5794           -            304   0.00032   18.2   0.5   3   4     0.046       4.9    4.4   0.0   235   266   180   210   177   226 0.73 -
3396_g               -            328 9601at5794           -            304   0.00032   18.2   0.5   4   4      0.35        37    1.5   0.0   135   169   283   317   218   323 0.59 -
2624_g               -            593 9601at5794           -            304   0.00037   18.0   0.5   1   1   8.3e-06   0.00088   16.7   0.5   213   276   227   300   210   303 0.73 -
3450_g               -            588 9601at5794           -            304   0.00055   17.4   1.5   1   3       1.4   1.5e+02   -0.5   0.1   230   251    81   102    50   128 0.63 -
3450_g               -            588 9601at5794           -            304   0.00055   17.4   1.5   2   3   2.8e-05     0.003   15.0   0.4   235   296   353   412   290   422 0.71 -
3450_g               -            588 9601at5794           -            304   0.00055   17.4   1.5   3   3       5.5   5.9e+02   -2.4   0.0   137   154   435   452   429   456 0.78 -
4402_g               -            766 9601at5794           -            304   0.00061   17.2   1.0   1   2     0.061       6.6    4.0   0.1   237   268   163   193   158   197 0.86 -
4402_g               -            766 9601at5794           -            304   0.00061   17.2   1.0   2   2   0.00039     0.041   11.2   0.1   128   185   197   254   193   271 0.84 -
1731_g               -            850 9601at5794           -            304     0.001   16.5  20.7   1   6      0.18        19    2.5   0.2   239   279    28    69    19   100 0.65 -
1731_g               -            850 9601at5794           -            304     0.001   16.5  20.7   2   6       1.5   1.6e+02   -0.5   0.1   234   270   138   172    73   213 0.56 -
1731_g               -            850 9601at5794           -            304     0.001   16.5  20.7   3   6   0.00024     0.026   11.9   1.5    89   170   196   285   187   288 0.79 -
1731_g               -            850 9601at5794           -            304     0.001   16.5  20.7   4   6   0.00018      0.02   12.3   0.3   229   280   286   336   285   347 0.82 -
1731_g               -            850 9601at5794           -            304     0.001   16.5  20.7   5   6      0.65        70    0.6   0.1   212   245   377   410   363   418 0.78 -
1731_g               -            850 9601at5794           -            304     0.001   16.5  20.7   6   6       7.4     8e+02   -2.8   0.1   279   300   564   585   553   588 0.73 -
397_g                -            332 9601at5794           -            304     0.005   14.2   4.0   1   3     0.028         3    5.1   0.2   207   233    21    47    14    65 0.79 -
397_g                -            332 9601at5794           -            304     0.005   14.2   4.0   2   3       0.6        65    0.7   0.1   141   176   119   154    61   173 0.79 -
397_g                -            332 9601at5794           -            304     0.005   14.2   4.0   3   3    0.0038      0.41    8.0   0.1   211   268   269   326   262   330 0.77 -
#
# Program:         hmmsearch
# Version:         3.1b2 (February 2015)
# Pipeline mode:   SEARCH
# Query file:      /mnt/e/Bioinformatics/Semester2/BINP29/Malaria Project/Genomes/Parsed/busco_downloads/lineages/apicomplexa_odb10/hmms/9601at5794.hmm
# Target file:     /mnt/e/Bioinformatics/Semester2/BINP29/Malaria Project/Genomes/Parsed/Py_new.faa
# Option settings: hmmsearch --domtblout /mnt/e/Bioinformatics/Semester2/BINP29/Malaria Project/Genomes/Parsed/Py/run_apicomplexa_odb10/hmmer_output/initial_run_results/9601at5794.out --cpu 1 /mnt/e/Bioinformatics/Semester2/BINP29/Malaria Project/Genomes/Parsed/busco_downloads/lineages/apicomplexa_odb10/hmms/9601at5794.hmm /mnt/e/Bioinformatics/Semester2/BINP29/Malaria Project/Genomes/Parsed/Py_new.faa 
# Current dir:     /mnt/e/Bioinformatics/Semester2/BINP29/Malaria Project/Genomes/Parsed
# Date:            Wed Mar  1 19:33:26 2023
# [ok]
