#                                                                            --- full sequence --- -------------- this domain -------------   hmm coord   ali coord   env coord
# target name        accession   tlen query name           accession   qlen   E-value  score  bias   #  of  c-Evalue  i-Evalue  score  bias  from    to  from    to  from    to  acc description of target
#------------------- ---------- ----- -------------------- ---------- ----- --------- ------ ----- --- --- --------- --------- ------ ----- ----- ----- ----- ----- ----- ----- ---- ---------------------
4228_g               -            434 11003at5794          -            359  2.9e-227  752.2   1.0   1   1  2.3e-229  3.4e-227  752.0   1.0     1   359    50   428    50   428 0.97 -
1117_g               -           2144 11003at5794          -            359   4.2e-88  294.4   0.8   1   1     5e-90   7.4e-88  293.6   0.8    11   358  1768  2139  1758  2140 0.91 -
3474_g               -            391 11003at5794          -            359   1.9e-82  275.9   1.5   1   1   1.5e-84   2.2e-82  275.6   1.5    11   358    17   386     8   387 0.90 -
3148_g               -           1053 11003at5794          -            359   4.9e-76  254.8   4.5   1   2   2.7e-19   3.9e-17   61.0   0.0    11    74    56   119    49   140 0.93 -
3148_g               -           1053 11003at5794          -            359   4.9e-76  254.8   4.5   2   2   1.8e-59   2.7e-57  193.1   3.1    70   359   153   462   126   462 0.88 -
1205_g               -            794 11003at5794          -            359   4.1e-55  185.9   7.1   1   1   6.5e-55   9.7e-53  178.1   7.1    11   348   379   774   370   783 0.80 -
129_g                -           1102 11003at5794          -            359   9.5e-53  178.1   0.0   1   2     4e-21   5.9e-19   67.0   0.0    13   155   678   847   675   859 0.75 -
129_g                -           1102 11003at5794          -            359   9.5e-53  178.1   0.0   2   2   1.1e-33   1.6e-31  108.3   0.0   168   355   885  1072   873  1076 0.93 -
1333_g               -            529 11003at5794          -            359   3.9e-52  176.1   0.0   1   1   3.9e-54   5.7e-52  175.6   0.0    23   342   125   473   117   491 0.81 -
3068_g               -           1800 11003at5794          -            359   4.8e-52  175.8   3.6   1   1   4.9e-54   7.3e-52  175.2   3.6    11   353   125   488   115   493 0.89 -
2290_g               -            732 11003at5794          -            359   2.3e-50  170.3   0.5   1   2   2.6e-09   3.9e-07   28.1   0.0    12    73   266   326   255   330 0.82 -
2290_g               -            732 11003at5794          -            359   2.3e-50  170.3   0.5   2   2   2.3e-43   3.4e-41  140.1   0.3    73   334   417   695   412   708 0.86 -
36_g                 -            671 11003at5794          -            359   6.2e-48  162.3   0.7   1   1   1.1e-49   1.6e-47  160.9   0.7    12   340   222   584   219   602 0.84 -
226_g                -           1531 11003at5794          -            359   4.5e-47  159.5   1.7   1   1   4.7e-49   6.9e-47  158.9   1.7    27   359   767  1129   750  1129 0.85 -
269_g                -            722 11003at5794          -            359   7.4e-47  158.8   1.4   1   2   2.2e-07   3.3e-05   21.7   0.0    26    74   142   190   127   199 0.90 -
269_g                -            722 11003at5794          -            359   7.4e-47  158.8   1.4   2   2     5e-42   7.4e-40  135.7   0.4    76   350   229   522   221   533 0.83 -
491_g                -            681 11003at5794          -            359   1.4e-46  157.8   3.2   1   1   1.4e-48   2.1e-46  157.3   3.2    10   329   227   572   218   590 0.85 -
3650_g               -           1140 11003at5794          -            359   5.4e-46  155.9   1.1   1   1   6.9e-48     1e-45  155.0   1.1    21   356   769  1133   760  1135 0.84 -
2514_g               -            756 11003at5794          -            359   4.4e-44  149.6   8.5   1   2   2.1e-29   3.1e-27   94.2   0.4    12   188    96   305    88   312 0.79 -
2514_g               -            756 11003at5794          -            359   4.4e-44  149.6   8.5   2   2   1.6e-17   2.3e-15   55.2   2.4   205   348   347   490   334   499 0.94 -
2146_g               -            956 11003at5794          -            359   4.7e-43  146.3   4.0   1   3   5.6e-07   8.3e-05   20.4   0.0    18    72   337   391   326   395 0.87 -
2146_g               -            956 11003at5794          -            359   4.7e-43  146.3   4.0   2   3     4e-09   5.9e-07   27.5   0.0    75   159   422   518   416   523 0.81 -
2146_g               -            956 11003at5794          -            359   4.7e-43  146.3   4.0   3   3   4.2e-30   6.2e-28   96.5   1.7   164   342   548   726   537   742 0.90 -
1715_g               -            873 11003at5794          -            359   1.9e-41  140.9   9.7   1   1   2.2e-43   3.3e-41  140.2   9.7    12   353   135   512   127   517 0.76 -
961_g                -            513 11003at5794          -            359   1.3e-40  138.2   0.0   1   2   1.2e-14   1.7e-12   45.7   0.0    31   157    82   230    63   239 0.76 -
961_g                -            513 11003at5794          -            359   1.3e-40  138.2   0.0   2   2   2.7e-28     4e-26   90.6   0.0   165   344   273   456   257   467 0.86 -
4220_g               -            751 11003at5794          -            359   4.3e-36  123.3   9.7   1   2   3.6e-08   5.4e-06   24.4   0.0    18    71   250   303   245   312 0.92 -
4220_g               -            751 11003at5794          -            359   4.3e-36  123.3   9.7   2   2   9.7e-31   1.4e-28   98.6   7.9    75   356   369   666   366   669 0.85 -
2628_g               -           1350 11003at5794          -            359   1.1e-33  115.4  13.3   1   5   1.2e-07   1.9e-05   22.6   0.0    11    74    28    91    20    98 0.90 -
2628_g               -           1350 11003at5794          -            359   1.1e-33  115.4  13.3   2   5     0.014         2    6.0   0.0    73    97   162   186   153   197 0.86 -
2628_g               -           1350 11003at5794          -            359   1.1e-33  115.4  13.3   3   5      0.24        36    1.9   0.0    98   128   235   269   225   282 0.81 -
2628_g               -           1350 11003at5794          -            359   1.1e-33  115.4  13.3   4   5   0.00089      0.13    9.9   0.4   129   181   299   354   274   379 0.79 -
2628_g               -           1350 11003at5794          -            359   1.1e-33  115.4  13.3   5   5     6e-24   8.9e-22   76.3   4.0   213   347   686   820   678   827 0.92 -
1948_g               -            628 11003at5794          -            359   6.6e-29   99.7   7.1   1   1   7.1e-31   1.1e-28   99.0   7.1    18   350   158   525   144   531 0.78 -
95_g                 -            817 11003at5794          -            359   3.7e-26   90.7   3.2   1   3   1.5e-09   2.2e-07   28.9   0.0    12    76     3    67     1   104 0.90 -
95_g                 -            817 11003at5794          -            359   3.7e-26   90.7   3.2   2   3   4.7e-05     0.007   14.1   0.2    71   190   328   466   312   524 0.64 -
95_g                 -            817 11003at5794          -            359   3.7e-26   90.7   3.2   3   3   7.5e-15   1.1e-12   46.3   0.3   248   338   601   691   563   700 0.92 -
2425_g               -            893 11003at5794          -            359     2e-23   81.7   6.9   1   3   2.5e-15   3.7e-13   47.9   0.6    12   186    95   302    83   314 0.77 -
2425_g               -            893 11003at5794          -            359     2e-23   81.7   6.9   2   3       1.6   2.4e+02   -0.8   0.2   200   239   371   411   366   425 0.80 -
2425_g               -            893 11003at5794          -            359     2e-23   81.7   6.9   3   3   1.6e-11   2.3e-09   35.4   0.0   287   346   559   621   553   634 0.81 -
3554_g               -            561 11003at5794          -            359   1.1e-22   79.3   4.3   1   3   5.9e-08   8.7e-06   23.7   0.0    25    73   156   202   139   207 0.88 -
3554_g               -            561 11003at5794          -            359   1.1e-22   79.3   4.3   2   3   7.4e-06    0.0011   16.7   0.6    73   185   265   388   261   451 0.75 -
3554_g               -            561 11003at5794          -            359   1.1e-22   79.3   4.3   3   3   1.8e-12   2.6e-10   38.6   0.1   262   322   490   550   482   557 0.91 -
1712_g               -            973 11003at5794          -            359   1.5e-20   72.2   8.0   1   3   5.3e-07   7.8e-05   20.5   0.0    13    88    38   113    31   120 0.80 -
1712_g               -            973 11003at5794          -            359   1.5e-20   72.2   8.0   2   3    0.0011      0.16    9.6   0.0   115   158   300   351   230   377 0.64 -
1712_g               -            973 11003at5794          -            359   1.5e-20   72.2   8.0   3   3   5.2e-13   7.7e-11   40.3   3.3   246   346   526   629   489   638 0.80 -
3000_g               -           1778 11003at5794          -            359   5.8e-20   70.3   5.1   1   3   7.5e-14   1.1e-11   43.0   0.1    18   148   120   280   111   293 0.72 -
3000_g               -           1778 11003at5794          -            359   5.8e-20   70.3   5.1   2   3       2.6   3.8e+02   -1.5   0.2   203   247   410   456   405   480 0.66 -
3000_g               -           1778 11003at5794          -            359   5.8e-20   70.3   5.1   3   3   4.2e-09   6.2e-07   27.4   0.0   255   327   574   649   562   677 0.81 -
1341_g               -            773 11003at5794          -            359   9.4e-20   69.6  11.1   1   2     2e-12     3e-10   38.4   0.7    21   178   231   432   221   451 0.65 -
1341_g               -            773 11003at5794          -            359   9.4e-20   69.6  11.1   2   2     6e-11   8.8e-09   33.5   0.8   190   336   517   662   511   683 0.78 -
4444_g               -           1488 11003at5794          -            359     8e-19   66.5   2.9   1   2   0.00016     0.023   12.4   0.0    12    73   218   279   208   291 0.91 -
4444_g               -           1488 11003at5794          -            359     8e-19   66.5   2.9   2   2   9.8e-17   1.5e-14   52.5   2.0   226   327  1000  1104   993  1124 0.87 -
1442_g               -           1025 11003at5794          -            359   2.1e-15   55.3   2.5   1   3    0.0088       1.3    6.6   0.0    46    75   174   203   167   225 0.80 -
1442_g               -           1025 11003at5794          -            359   2.1e-15   55.3   2.5   2   3         1   1.5e+02   -0.1   0.3   131   179   305   353   300   439 0.69 -
1442_g               -           1025 11003at5794          -            359   2.1e-15   55.3   2.5   3   3   6.4e-15   9.5e-13   46.6   0.0   227   353   512   637   508   644 0.91 -
3273_g               -            404 11003at5794          -            359   3.1e-15   54.7   0.3   1   1   2.8e-17   4.2e-15   54.3   0.3    29   200   213   395   185   401 0.77 -
3875_g               -            684 11003at5794          -            359     6e-14   50.5   0.6   1   1   8.1e-16   1.2e-13   49.5   0.6   230   340   352   462   331   480 0.88 -
271_g                -            564 11003at5794          -            359   1.3e-13   49.4   6.3   1   2     0.023       3.5    5.2   0.0    49    74   172   197   128   220 0.88 -
271_g                -            564 11003at5794          -            359   1.3e-13   49.4   6.3   2   2   9.7e-14   1.4e-11   42.7   5.6   133   336   295   510   290   530 0.76 -
2564_g               -           1079 11003at5794          -            359   1.1e-10   39.8   3.6   1   3      0.85   1.3e+02    0.1   0.0    11    49    74   112    68   129 0.88 -
2564_g               -           1079 11003at5794          -            359   1.1e-10   39.8   3.6   2   3       6.3   9.3e+02   -2.7   0.1   188   225   249   286   234   290 0.67 -
2564_g               -           1079 11003at5794          -            359   1.1e-10   39.8   3.6   3   3   7.3e-13   1.1e-10   39.8   3.6   222   318   781   876   768   887 0.91 -
2870_g               -            545 11003at5794          -            359   2.5e-10   38.6  11.2   1   1   5.2e-12   7.7e-10   37.0  11.2   112   342   217   480   126   495 0.59 -
2785_g               -           1384 11003at5794          -            359   2.1e-09   35.6   1.1   1   3       2.8   4.1e+02   -1.6   0.0    57    76   678   697   670   706 0.83 -
2785_g               -           1384 11003at5794          -            359   2.1e-09   35.6   1.1   2   3      0.05       7.4    4.2   0.0   109   144   927   969   921   978 0.71 -
2785_g               -           1384 11003at5794          -            359   2.1e-09   35.6   1.1   3   3   9.9e-09   1.5e-06   26.2   2.0   278   334  1223  1279  1138  1301 0.62 -
3274_g               -            762 11003at5794          -            359   3.8e-09   34.7   0.0   1   1     4e-11   5.9e-09   34.1   0.0   275   346    20    93     7   104 0.85 -
1620_g               -           1270 11003at5794          -            359   2.4e-06   25.5   0.4   1   2       3.3   4.8e+02   -1.8   0.0    30    75    50    96    35   117 0.81 -
1620_g               -           1270 11003at5794          -            359   2.4e-06   25.5   0.4   2   2   5.1e-08   7.6e-06   23.9   0.3   229   340   287   398   276   415 0.92 -
2931_g               -           1198 11003at5794          -            359     3e-06   25.2   0.8   1   2   6.9e-05      0.01   13.6   0.2    38   186   265   452   254   467 0.69 -
2931_g               -           1198 11003at5794          -            359     3e-06   25.2   0.8   2   2     0.014       2.1    6.0   0.0   258   320   855   920   845   955 0.75 -
2005_g               -            735 11003at5794          -            359    0.0011   16.7   0.2   1   3      0.29        43    1.7   0.0    32    69    66   103    45   109 0.82 -
2005_g               -            735 11003at5794          -            359    0.0011   16.7   0.2   2   3       2.2   3.2e+02   -1.2   0.0    74    92   188   206   179   213 0.78 -
2005_g               -            735 11003at5794          -            359    0.0011   16.7   0.2   3   3   0.00034     0.051   11.3   0.1   282   331   608   657   589   676 0.85 -
#
# Program:         hmmsearch
# Version:         3.1b2 (February 2015)
# Pipeline mode:   SEARCH
# Query file:      /mnt/e/Bioinformatics/Semester2/BINP29/Malaria Project/Genomes/Parsed/busco_downloads/lineages/apicomplexa_odb10/hmms/11003at5794.hmm
# Target file:     /mnt/e/Bioinformatics/Semester2/BINP29/Malaria Project/Genomes/Parsed/Pc_new.faa
# Option settings: hmmsearch --domtblout /mnt/e/Bioinformatics/Semester2/BINP29/Malaria Project/Genomes/Parsed/Pc/run_apicomplexa_odb10/hmmer_output/initial_run_results/11003at5794.out --cpu 1 /mnt/e/Bioinformatics/Semester2/BINP29/Malaria Project/Genomes/Parsed/busco_downloads/lineages/apicomplexa_odb10/hmms/11003at5794.hmm /mnt/e/Bioinformatics/Semester2/BINP29/Malaria Project/Genomes/Parsed/Pc_new.faa 
# Current dir:     /mnt/e/Bioinformatics/Semester2/BINP29/Malaria Project/Genomes/Parsed
# Date:            Wed Mar  1 19:27:35 2023
# [ok]
