#                                                                            --- full sequence --- -------------- this domain -------------   hmm coord   ali coord   env coord
# target name        accession   tlen query name           accession   qlen   E-value  score  bias   #  of  c-Evalue  i-Evalue  score  bias  from    to  from    to  from    to  acc description of target
#------------------- ---------- ----- -------------------- ---------- ----- --------- ------ ----- --- --- --------- --------- ------ ----- ----- ----- ----- ----- ----- ----- ---- ---------------------
3647_g               -            370 11176at5794          -            306  6.9e-145  480.4  78.7   1   2  4.5e-135  2.2e-132  439.3  65.5     1   261    13   294    13   294 0.97 -
3647_g               -            370 11176at5794          -            306  6.9e-145  480.4  78.7   2   2   5.9e-18   2.8e-15   54.7   5.3    69   139   271   343   271   355 0.91 -
1183_g               -            327 11176at5794          -            306   1.2e-31  108.5  42.3   1   3   1.4e-23   6.7e-21   73.2  11.1     1   113    49   163    49   166 0.93 -
1183_g               -            327 11176at5794          -            306   1.2e-31  108.5  42.3   2   3   4.5e-13   2.2e-10   38.6   9.3    32   128   103   201   103   207 0.88 -
1183_g               -            327 11176at5794          -            306   1.2e-31  108.5  42.3   3   3   1.7e-08   8.2e-06   23.6   5.9     1    64   187   253   187   283 0.82 -
203_g                -           1351 11176at5794          -            306   2.5e-23   81.1  25.1   1   4     0.018       8.5    3.9   0.3   170   208   190   230   178   247 0.73 -
203_g                -           1351 11176at5794          -            306   2.5e-23   81.1  25.1   2   4   5.6e-17   2.7e-14   51.5   5.1    21   120   829   933   818   935 0.88 -
203_g                -           1351 11176at5794          -            306   2.5e-23   81.1  25.1   3   4   1.1e-08   5.5e-06   24.2   0.6     1    54   927   986   927  1008 0.87 -
203_g                -           1351 11176at5794          -            306   2.5e-23   81.1  25.1   4   4   1.1e-07   5.5e-05   20.9   1.4    19    75  1240  1296  1228  1307 0.83 -
4659_g               -            983 11176at5794          -            306     1e-16   59.4  24.1   1   2   1.8e-11   8.9e-09   33.4   5.9    44   130   143   232   139   239 0.80 -
4659_g               -            983 11176at5794          -            306     1e-16   59.4  24.1   2   2   7.2e-11   3.5e-08   31.4  10.3    24   128   239   346   233   359 0.87 -
3193_g               -            194 11176at5794          -            306   6.4e-14   50.3  16.2   1   2   1.9e-14   9.4e-12   43.1  14.7   165   239    41   117    25   122 0.83 -
3193_g               -            194 11176at5794          -            306   6.4e-14   50.3  16.2   2   2   0.00092      0.44    8.1   0.1   190   241   115   165   112   176 0.77 -
166_g                -           1259 11176at5794          -            306   7.2e-13   46.8  50.6   1   2   1.6e-07   7.8e-05   20.4  15.3    12   129    70   203    57   210 0.78 -
166_g                -           1259 11176at5794          -            306   7.2e-13   46.8  50.6   2   2   1.9e-09   9.4e-07   26.7  27.2   112   242   259   377   254   386 0.66 -
3947_g               -           1257 11176at5794          -            306   9.5e-11   39.8  10.2   1   2   2.5e-07   0.00012   19.8   5.3    85   129    39    84    31    89 0.53 -
3947_g               -           1257 11176at5794          -            306   9.5e-11   39.8  10.2   2   2   1.4e-10   6.8e-08   30.5   2.9    23   126    68   170    61   187 0.80 -
1940_g               -           3834 11176at5794          -            306   4.3e-10   37.7  38.4   1   4       2.3   1.1e+03   -3.1   0.1   258   295  3038  3075  3034  3086 0.82 -
1940_g               -           3834 11176at5794          -            306   4.3e-10   37.7  38.4   2   4   1.2e-07   5.9e-05   20.8   1.5    68   138  3106  3181  3088  3189 0.86 -
1940_g               -           3834 11176at5794          -            306   4.3e-10   37.7  38.4   3   4   1.5e-07   7.4e-05   20.5  12.9    83   245  3451  3632  3439  3642 0.73 -
1940_g               -           3834 11176at5794          -            306   4.3e-10   37.7  38.4   4   4   0.00033      0.16    9.5   5.1   174   246  3651  3723  3643  3762 0.76 -
1655_g               -            781 11176at5794          -            306   1.9e-06   25.7   8.9   1   2     4e-09   1.9e-06   25.7   8.9    35    95    12    75     4   120 0.64 -
1655_g               -            781 11176at5794          -            306   1.9e-06   25.7   8.9   2   2      0.18        87    0.5   0.1   167   216   611   659   605   669 0.57 -
1772_g               -            916 11176at5794          -            306     1e-05   23.3  13.6   1   1   4.8e-08   2.3e-05   22.1  13.0    46   121   228   310   210   340 0.79 -
4447_g               -           1273 11176at5794          -            306    0.0003   18.5   0.1   1   1   1.4e-06   0.00066   17.4   0.1    65   130    16    83     5   100 0.75 -
4138_g               -            302 11176at5794          -            306      0.05   11.2  38.5   1   3   1.1e-05    0.0054   14.4  16.4   188   251    40   100    16   135 0.66 -
4138_g               -            302 11176at5794          -            306      0.05   11.2  38.5   2   3      0.32   1.6e+02   -0.3   4.3   253   298   202   246   147   253 0.69 -
4138_g               -            302 11176at5794          -            306      0.05   11.2  38.5   3   3   7.2e-05     0.035   11.7   1.2    72   116   237   283   231   294 0.61 -
#
# Program:         hmmsearch
# Version:         3.1b2 (February 2015)
# Pipeline mode:   SEARCH
# Query file:      /mnt/e/Bioinformatics/Semester2/BINP29/Malaria Project/Genomes/Parsed/busco_downloads/lineages/apicomplexa_odb10/hmms/11176at5794.hmm
# Target file:     /mnt/e/Bioinformatics/Semester2/BINP29/Malaria Project/Genomes/Parsed/Pc_new.faa
# Option settings: hmmsearch --domtblout /mnt/e/Bioinformatics/Semester2/BINP29/Malaria Project/Genomes/Parsed/Pc/run_apicomplexa_odb10/hmmer_output/initial_run_results/11176at5794.out --cpu 1 /mnt/e/Bioinformatics/Semester2/BINP29/Malaria Project/Genomes/Parsed/busco_downloads/lineages/apicomplexa_odb10/hmms/11176at5794.hmm /mnt/e/Bioinformatics/Semester2/BINP29/Malaria Project/Genomes/Parsed/Pc_new.faa 
# Current dir:     /mnt/e/Bioinformatics/Semester2/BINP29/Malaria Project/Genomes/Parsed
# Date:            Wed Mar  1 19:27:36 2023
# [ok]
