#                                                                            --- full sequence --- -------------- this domain -------------   hmm coord   ali coord   env coord
# target name        accession   tlen query name           accession   qlen   E-value  score  bias   #  of  c-Evalue  i-Evalue  score  bias  from    to  from    to  from    to  acc description of target
#------------------- ---------- ----- -------------------- ---------- ----- --------- ------ ----- --- --- --------- --------- ------ ----- ----- ----- ----- ----- ----- ----- ---- ---------------------
1313_g               -           1302 11677at5794          -            656  1.5e-207  689.3  55.4   1   6   1.3e-67   1.6e-65  220.0   7.4     1   189     1   236     1   268 0.83 -
1313_g               -           1302 11677at5794          -            656  1.5e-207  689.3  55.4   2   6   3.4e-07   4.2e-05   20.4   6.7   186   231   408   457   406   485 0.76 -
1313_g               -           1302 11677at5794          -            656  1.5e-207  689.3  55.4   3   6   3.6e-23   4.4e-21   73.1   0.1   238   343   694   816   659   825 0.81 -
1313_g               -           1302 11677at5794          -            656  1.5e-207  689.3  55.4   4   6   1.5e-99   1.8e-97  325.5   7.0   337   563   891  1127   872  1143 0.93 -
1313_g               -           1302 11677at5794          -            656  1.5e-207  689.3  55.4   5   6   1.5e-16   1.8e-14   51.3   1.0   565   615  1159  1210  1140  1219 0.86 -
1313_g               -           1302 11677at5794          -            656  1.5e-207  689.3  55.4   6   6   7.2e-08   8.7e-06   22.6   0.4   611   656  1233  1290  1229  1290 0.84 -
4819_g               -            681 11677at5794          -            656   4.5e-35  119.4  18.2   1   5   8.7e-08     1e-05   22.3   0.1    76   129   122   178   114   181 0.74 -
4819_g               -            681 11677at5794          -            656   4.5e-35  119.4  18.2   2   5   1.1e-06   0.00014   18.6   0.1    91   134   182   225   163   232 0.76 -
4819_g               -            681 11677at5794          -            656   4.5e-35  119.4  18.2   3   5   1.4e-08   1.7e-06   24.9   2.3    93   189   359   458   348   484 0.74 -
4819_g               -            681 11677at5794          -            656   4.5e-35  119.4  18.2   4   5   7.8e-14   9.4e-12   42.3   0.2   374   459   500   585   481   592 0.93 -
4819_g               -            681 11677at5794          -            656   4.5e-35  119.4  18.2   5   5   3.3e-07   3.9e-05   20.4   0.3   383   416   646   679   636   680 0.90 -
3276_g               -            323 11677at5794          -            656   3.7e-31  106.4  15.0   1   4   0.00066      0.08    9.5   0.3   386   418    18    52    15    55 0.92 -
3276_g               -            323 11677at5794          -            656   3.7e-31  106.4  15.0   2   4   1.8e-17   2.2e-15   54.3   0.7   383   460    66   143    62   153 0.94 -
3276_g               -            323 11677at5794          -            656   3.7e-31  106.4  15.0   3   4   5.7e-15   6.9e-13   46.1   0.3   390   500   158   274   154   279 0.85 -
3276_g               -            323 11677at5794          -            656   3.7e-31  106.4  15.0   4   4     0.015       1.8    5.0   0.1    84   110   293   319   289   322 0.85 -
3310_g               -            382 11677at5794          -            656   6.6e-27   92.4  10.0   1   4   0.00018     0.021   11.4   0.0   386   414    45    73    39    77 0.89 -
3310_g               -            382 11677at5794          -            656   6.6e-27   92.4  10.0   2   4   1.5e-14   1.8e-12   44.7   1.8    76   161    84   173    80   181 0.87 -
3310_g               -            382 11677at5794          -            656   6.6e-27   92.4  10.0   3   4   1.6e-06   0.00019   18.2   0.1   353   418   178   244   175   246 0.88 -
3310_g               -            382 11677at5794          -            656   6.6e-27   92.4  10.0   4   4   1.7e-07   2.1e-05   21.3   0.0    91   143   275   329   264   340 0.80 -
714_g                -           1474 11677at5794          -            656   1.5e-26   91.2  17.1   1   4   3.8e-15   4.6e-13   46.6   0.9    42   155    62   185    54   188 0.80 -
714_g                -           1474 11677at5794          -            656   1.5e-26   91.2  17.1   2   4   7.5e-05     0.009   12.6   0.1   384   418   187   221   185   280 0.88 -
714_g                -           1474 11677at5794          -            656   1.5e-26   91.2  17.1   3   4   7.5e-14     9e-12   42.4   0.4    77   184   306   426   272   431 0.82 -
714_g                -           1474 11677at5794          -            656   1.5e-26   91.2  17.1   4   4       2.2   2.6e+02   -2.1   0.8   273   314   860   901   788   907 0.62 -
4166_g               -           1176 11677at5794          -            656   1.6e-24   84.5  22.2   1   5   8.3e-07    0.0001   19.1   0.1    60   130   203   280   196   283 0.86 -
4166_g               -           1176 11677at5794          -            656   1.6e-24   84.5  22.2   2   5       3.4   4.1e+02   -2.8   0.0   135   149   360   374   355   396 0.74 -
4166_g               -           1176 11677at5794          -            656   1.6e-24   84.5  22.2   3   5   1.5e-11   1.8e-09   34.8   0.8    74   151   584   669   546   675 0.60 -
4166_g               -           1176 11677at5794          -            656   1.6e-24   84.5  22.2   4   5     4e-14   4.8e-12   43.3   1.2   381   475   697   789   687   808 0.89 -
4166_g               -           1176 11677at5794          -            656   1.6e-24   84.5  22.2   5   5       1.1   1.4e+02   -1.2   1.0   240   337   823   917   795   928 0.56 -
207_g                -            392 11677at5794          -            656   8.6e-24   82.1   8.5   1   3   2.9e-10   3.5e-08   30.5   1.6    76   157   105   191    97   200 0.88 -
207_g                -            392 11677at5794          -            656   8.6e-24   82.1   8.5   2   3   9.2e-16   1.1e-13   48.7   0.2   353   466   201   315   198   319 0.94 -
207_g                -            392 11677at5794          -            656   8.6e-24   82.1   8.5   3   3   1.5e-06   0.00019   18.2   0.1   383   474   274   365   274   385 0.87 -
4343_g               -            499 11677at5794          -            656     2e-23   80.9   7.9   1   4   2.6e-08   3.1e-06   24.1   0.1    91   150   225   286   222   297 0.88 -
4343_g               -            499 11677at5794          -            656     2e-23   80.9   7.9   2   4   1.4e-05    0.0016   15.1   0.8   402   467   269   338   267   354 0.86 -
4343_g               -            499 11677at5794          -            656     2e-23   80.9   7.9   3   4   5.3e-12   6.4e-10   36.3   0.1    96   157   360   423   350   456 0.89 -
4343_g               -            499 11677at5794          -            656     2e-23   80.9   7.9   4   4   5.9e-06   0.00072   16.3   0.1   420   457   460   497   442   498 0.88 -
4402_g               -            590 11677at5794          -            656   1.6e-22   77.9   6.4   1   4       7.1   8.6e+02   -3.8   3.7   205   230   151   176   121   196 0.62 -
4402_g               -            590 11677at5794          -            656   1.6e-22   77.9   6.4   2   4   3.5e-14   4.3e-12   43.4   0.6   379   465   266   352   261   355 0.92 -
4402_g               -            590 11677at5794          -            656   1.6e-22   77.9   6.4   3   4   6.6e-15     8e-13   45.9   0.7    76   161   353   443   351   470 0.85 -
4402_g               -            590 11677at5794          -            656   1.6e-22   77.9   6.4   4   4      0.15        18    1.7   0.1   393   415   544   566   539   569 0.79 -
3600_g               -            366 11677at5794          -            656   3.9e-16   56.8   9.0   1   4   5.8e-10   6.9e-08   29.5   0.9    60   150    63   163    28   167 0.79 -
3600_g               -            366 11677at5794          -            656   3.9e-16   56.8   9.0   2   4   5.1e-08   6.2e-06   23.1   0.1    75   128   125   181   120   185 0.89 -
3600_g               -            366 11677at5794          -            656   3.9e-16   56.8   9.0   3   4   4.5e-06   0.00055   16.7   1.4   387   450   173   238   173   249 0.85 -
3600_g               -            366 11677at5794          -            656   3.9e-16   56.8   9.0   4   4   0.00043     0.052   10.1   0.0   381   417   255   291   238   292 0.89 -
865_g                -            642 11677at5794          -            656   1.3e-14   51.7  14.4   1   4     0.023       2.8    4.4   0.2   383   444   238   302   224   316 0.84 -
865_g                -            642 11677at5794          -            656   1.3e-14   51.7  14.4   2   4   1.8e-06   0.00022   18.0   0.1    76   150   422   501   417   520 0.81 -
865_g                -            642 11677at5794          -            656   1.3e-14   51.7  14.4   3   4     8e-10   9.6e-08   29.1   0.2    90   154   525   592   511   598 0.86 -
865_g                -            642 11677at5794          -            656   1.3e-14   51.7  14.4   4   4    0.0095       1.2    5.7   0.0   384   415   595   626   591   636 0.87 -
2224_g               -            614 11677at5794          -            656   1.9e-14   51.2  13.0   1   3   1.6e-08     2e-06   24.7   0.2   384   496   320   441   313   444 0.74 -
2224_g               -            614 11677at5794          -            656   1.9e-14   51.2  13.0   2   3     1e-05    0.0013   15.5   0.4   360   459   424   524   416   527 0.85 -
2224_g               -            614 11677at5794          -            656   1.9e-14   51.2  13.0   3   3   2.8e-07   3.3e-05   20.7   2.7    59   147   517   613   514   613 0.85 -
1359_g               -            841 11677at5794          -            656   2.4e-14   50.9   4.3   1   4   2.7e-06   0.00033   17.4   0.1   432   494    68   136    63   147 0.83 -
1359_g               -            841 11677at5794          -            656   2.4e-14   50.9   4.3   2   4    0.0012      0.14    8.7   0.0   130   217   275   366   262   387 0.62 -
1359_g               -            841 11677at5794          -            656   2.4e-14   50.9   4.3   3   4     3e-08   3.6e-06   23.9   0.6   400   460   429   488   419   510 0.90 -
1359_g               -            841 11677at5794          -            656   2.4e-14   50.9   4.3   4   4       7.7   9.3e+02   -3.9   0.0    63    74   825   836   815   838 0.76 -
591_g                -            541 11677at5794          -            656   9.9e-14   48.8   9.3   1   2   1.5e-06   0.00018   18.3   2.1    79   149   208   285   202   289 0.69 -
591_g                -            541 11677at5794          -            656   9.9e-14   48.8   9.3   2   2   1.4e-11   1.7e-09   34.8   0.8   355   468   327   448   311   477 0.77 -
3759_g               -           1013 11677at5794          -            656   1.5e-13   48.2  30.6   1   3   0.00034     0.041   10.5   1.7   353   466    21   136     7   147 0.80 -
3759_g               -           1013 11677at5794          -            656   1.5e-13   48.2  30.6   2   3   3.4e-05    0.0042   13.7   0.1   398   418   153   173   146   176 0.92 -
3759_g               -           1013 11677at5794          -            656   1.5e-13   48.2  30.6   3   3   5.4e-14   6.5e-12   42.8   4.5    76   166   184   284   178   339 0.83 -
2950_g               -            328 11677at5794          -            656   4.3e-13   46.7   0.1   1   4   0.00013     0.015   11.9   0.0   383   466     5    87     2    89 0.78 -
2950_g               -            328 11677at5794          -            656   4.3e-13   46.7   0.1   2   4      0.03       3.6    4.0   0.0   384   463    47   134    40   140 0.70 -
2950_g               -            328 11677at5794          -            656   4.3e-13   46.7   0.1   3   4   2.8e-07   3.4e-05   20.7   0.1    90   143   153   208   136   221 0.82 -
2950_g               -            328 11677at5794          -            656   4.3e-13   46.7   0.1   4   4    0.0037      0.45    7.0   0.0    96   151   263   320   254   324 0.83 -
1986_g               -            526 11677at5794          -            656     7e-13   46.0  21.3   1   4       2.1   2.5e+02   -2.1   0.1   615   649    43    77    35   104 0.65 -
1986_g               -            526 11677at5794          -            656     7e-13   46.0  21.3   2   4    0.0069      0.83    6.1   0.1   386   417   218   249   205   268 0.54 -
1986_g               -            526 11677at5794          -            656     7e-13   46.0  21.3   3   4   2.1e-14   2.5e-12   44.2   4.5   387   488   269   376   262   383 0.85 -
1986_g               -            526 11677at5794          -            656     7e-13   46.0  21.3   4   4    0.0048      0.58    6.6   2.9   255   379   365   488   349   521 0.80 -
2393_g               -            507 11677at5794          -            656     7e-13   46.0   0.3   1   1   1.4e-14   1.7e-12   44.7   0.3    75   151   276   359   268   365 0.85 -
2910_g               -            493 11677at5794          -            656   5.3e-12   43.1   7.6   1   3   1.2e-08   1.4e-06   25.2   0.1   384   464    62   143    56   156 0.77 -
2910_g               -            493 11677at5794          -            656   5.3e-12   43.1   7.6   2   3      0.13        16    1.9   0.1   393   469   209   284   179   291 0.81 -
2910_g               -            493 11677at5794          -            656   5.3e-12   43.1   7.6   3   3   1.1e-06   0.00013   18.7   1.0   318   416   298   401   285   402 0.78 -
128_g                -           1386 11677at5794          -            656   1.2e-11   42.0  28.8   1   4       3.9   4.7e+02   -3.0   2.3   201   255    29    81    23    92 0.67 -
128_g                -           1386 11677at5794          -            656   1.2e-11   42.0  28.8   2   4   6.4e-09   7.8e-07   26.1   3.2   383   457  1054  1129  1050  1133 0.87 -
128_g                -           1386 11677at5794          -            656   1.2e-11   42.0  28.8   3   4   7.6e-08   9.2e-06   22.5   7.9   341   494  1096  1260  1088  1267 0.71 -
128_g                -           1386 11677at5794          -            656   1.2e-11   42.0  28.8   4   4   3.9e-06   0.00046   16.9   0.3    89   149  1287  1352  1263  1358 0.77 -
2661_g               -            365 11677at5794          -            656     3e-11   40.6  11.6   1   3   5.2e-13   6.2e-11   39.6   4.2   383   498    12   124     6   161 0.76 -
2661_g               -            365 11677at5794          -            656     3e-11   40.6  11.6   2   3     0.039       4.7    3.6   0.1   325   377   163   216   137   229 0.55 -
2661_g               -            365 11677at5794          -            656     3e-11   40.6  11.6   3   3      0.41        49    0.3   0.0    81   113   232   264   217   281 0.66 -
2670_g               -           1071 11677at5794          -            656   7.2e-11   39.4  18.7   1   6   6.3e-05    0.0076   12.9   0.2   321   458    90   235    17   240 0.62 -
2670_g               -           1071 11677at5794          -            656   7.2e-11   39.4  18.7   2   6       1.1   1.3e+02   -1.1   0.1   433   496   308   378   297   402 0.46 -
2670_g               -           1071 11677at5794          -            656   7.2e-11   39.4  18.7   3   6   6.4e-07   7.7e-05   19.5   0.0    93   148   429   486   419   500 0.71 -
2670_g               -           1071 11677at5794          -            656   7.2e-11   39.4  18.7   4   6   4.6e-05    0.0056   13.3   1.5   380   465   554   646   540   650 0.53 -
2670_g               -           1071 11677at5794          -            656   7.2e-11   39.4  18.7   5   6      0.71        85   -0.5   0.1   428   466   707   746   698   755 0.73 -
2670_g               -           1071 11677at5794          -            656   7.2e-11   39.4  18.7   6   6      0.38        46    0.4   0.0   222   272   798   848   783   864 0.76 -
2727_g               -            448 11677at5794          -            656   9.6e-11   39.0   1.6   1   4     0.016       1.9    5.0   0.1   424   464   147   189   134   193 0.81 -
2727_g               -            448 11677at5794          -            656   9.6e-11   39.0   1.6   2   4       1.4   1.6e+02   -1.4   0.0   437   460   213   236   201   242 0.77 -
2727_g               -            448 11677at5794          -            656   9.6e-11   39.0   1.6   3   4     6e-09   7.2e-07   26.2   0.1   379   460   287   370   216   376 0.72 -
2727_g               -            448 11677at5794          -            656   9.6e-11   39.0   1.6   4   4     0.028       3.4    4.1   0.0   113   152   388   432   373   439 0.80 -
2416_g               -            471 11677at5794          -            656   2.5e-10   37.6   1.3   1   3      0.26        32    0.9   0.1    29    57   187   217   164   222 0.53 -
2416_g               -            471 11677at5794          -            656   2.5e-10   37.6   1.3   2   3   2.1e-12   2.5e-10   37.6   1.3   391   466   220   295   216   327 0.93 -
2416_g               -            471 11677at5794          -            656   2.5e-10   37.6   1.3   3   3      0.34        42    0.5   0.0   435   461   363   389   352   400 0.60 -
1512_g               -            762 11677at5794          -            656   2.6e-10   37.6  25.4   1   4   4.4e-07   5.3e-05   20.0   3.9   387   508    12   133     5   136 0.82 -
1512_g               -            762 11677at5794          -            656   2.6e-10   37.6  25.4   2   4     0.014       1.7    5.1   0.1   231   272   118   158   114   168 0.71 -
1512_g               -            762 11677at5794          -            656   2.6e-10   37.6  25.4   3   4   5.1e-08   6.1e-06   23.1   1.8   421   499   275   362   268   386 0.80 -
1512_g               -            762 11677at5794          -            656   2.6e-10   37.6  25.4   4   4     0.028       3.4    4.1   2.4   373   458   664   757   659   761 0.74 -
4529_g               -            467 11677at5794          -            656   6.7e-10   36.2   3.3   1   3    0.0097       1.2    5.7   0.1   394   418   116   140   109   143 0.78 -
4529_g               -            467 11677at5794          -            656   6.7e-10   36.2   3.3   2   3   1.8e-06   0.00022   18.0   0.1   386   416   213   243   206   251 0.95 -
4529_g               -            467 11677at5794          -            656   6.7e-10   36.2   3.3   3   3   0.00013     0.016   11.8   0.1   337   412   313   390   307   399 0.68 -
781_g                -            467 11677at5794          -            656   8.6e-10   35.8   3.1   1   2   7.2e-12   8.6e-10   35.8   3.1    39   190    70   235    36   245 0.71 -
781_g                -            467 11677at5794          -            656   8.6e-10   35.8   3.1   2   2       1.8   2.2e+02   -1.9   0.1   200   257   311   368   299   397 0.71 -
2441_g               -            375 11677at5794          -            656   5.2e-09   33.2   7.0   1   3   3.9e-06   0.00047   16.9   4.0   392   468    33   116    27   150 0.78 -
2441_g               -            375 11677at5794          -            656   5.2e-09   33.2   7.0   2   3      0.26        31    0.9   0.2   353   412   128   186   117   249 0.61 -
2441_g               -            375 11677at5794          -            656   5.2e-09   33.2   7.0   3   3   1.5e-05    0.0018   15.0   0.0   354   408   311   365   303   371 0.92 -
2286_g               -            649 11677at5794          -            656   9.2e-09   32.4   9.0   1   3    0.0026      0.31    7.6   0.8    96   159   338   419   331   428 0.55 -
2286_g               -            649 11677at5794          -            656   9.2e-09   32.4   9.0   2   3     1e-08   1.2e-06   25.4   1.6    78   181   427   536   423   556 0.76 -
2286_g               -            649 11677at5794          -            656   9.2e-09   32.4   9.0   3   3      0.26        31    0.9   0.0   129   161   564   596   526   607 0.67 -
4579_g               -            556 11677at5794          -            656   1.5e-08   31.8  16.7   1   2     4e-07   4.9e-05   20.1   0.3   385   459    47   124    41   128 0.86 -
4579_g               -            556 11677at5794          -            656   1.5e-08   31.8  16.7   2   2   3.2e-05    0.0039   13.8  10.7    74   295   162   392   157   422 0.76 -
306_g                -            977 11677at5794          -            656   1.6e-08   31.7   2.3   1   3   0.00012     0.015   11.9   0.0   384   416   217   249   204   253 0.85 -
306_g                -            977 11677at5794          -            656   1.6e-08   31.7   2.3   2   3   3.2e-06   0.00038   17.2   0.1   355   416   288   352   274   355 0.80 -
306_g                -            977 11677at5794          -            656   1.6e-08   31.7   2.3   3   3       1.3   1.6e+02   -1.4   0.2   183   288   866   973   844   975 0.56 -
2511_g               -            553 11677at5794          -            656   2.1e-07   28.0   0.1   1   2   3.6e-05    0.0043   13.7   0.0   114   149    67   105    54   116 0.82 -
2511_g               -            553 11677at5794          -            656   2.1e-07   28.0   0.1   2   2   0.00015     0.018   11.6   0.1    76   117   119   164   108   169 0.83 -
993_g                -            595 11677at5794          -            656   2.1e-07   27.9   8.4   1   4      0.58        69   -0.2   0.0   253   337   153   240   135   252 0.75 -
993_g                -            595 11677at5794          -            656   2.1e-07   27.9   8.4   2   4    0.0053      0.63    6.5   0.2   398   418   334   354   328   362 0.57 -
993_g                -            595 11677at5794          -            656   2.1e-07   27.9   8.4   3   4   4.7e-07   5.7e-05   19.9   0.2    78   152   443   525   423   542 0.77 -
993_g                -            595 11677at5794          -            656   2.1e-07   27.9   8.4   4   4     0.044       5.3    3.5   0.2   386   417   555   587   538   591 0.76 -
3010_g               -            685 11677at5794          -            656     1e-06   25.7   0.3   1   3      0.35        43    0.5   0.0    91   143   247   299   239   322 0.59 -
3010_g               -            685 11677at5794          -            656     1e-06   25.7   0.3   2   3   8.4e-09     1e-06   25.7   0.3    94   156   372   434   360   464 0.84 -
3010_g               -            685 11677at5794          -            656     1e-06   25.7   0.3   3   3       9.4   1.1e+03   -4.2   3.1   209   224   643   658   636   674 0.55 -
994_g                -           2447 11677at5794          -            656   1.3e-06   25.4   2.5   1   2   1.6e-08   1.9e-06   24.8   0.5   378   443  2174  2238  2169  2320 0.76 -
994_g                -           2447 11677at5794          -            656   1.3e-06   25.4   2.5   2   2       1.4   1.6e+02   -1.4   0.1    94   143  2385  2438  2381  2442 0.71 -
3671_g               -            698 11677at5794          -            656   2.2e-06   24.6   6.4   1   4     0.031       3.7    4.0   0.1   426   526   117   216   106   223 0.73 -
3671_g               -            698 11677at5794          -            656   2.2e-06   24.6   6.4   2   4   2.4e-05    0.0029   14.3   0.2   115   154   214   256   207   282 0.78 -
3671_g               -            698 11677at5794          -            656   2.2e-06   24.6   6.4   3   4    0.0022      0.26    7.8   0.0   117   173   325   384   309   405 0.71 -
3671_g               -            698 11677at5794          -            656   2.2e-06   24.6   6.4   4   4      0.65        78   -0.4   0.2   329   378   478   525   433   529 0.81 -
4425_g               -            567 11677at5794          -            656   2.4e-06   24.5   7.6   1   4   0.00098      0.12    8.9   0.1   113   163    34    85    27    93 0.81 -
4425_g               -            567 11677at5794          -            656   2.4e-06   24.5   7.6   2   4      0.73        88   -0.6   0.1    92   150   108   169    95   177 0.70 -
4425_g               -            567 11677at5794          -            656   2.4e-06   24.5   7.6   3   4    0.0021      0.25    7.9   0.0    92   150   235   299   212   317 0.59 -
4425_g               -            567 11677at5794          -            656   2.4e-06   24.5   7.6   4   4    0.0011      0.13    8.8   0.4   117   149   529   561   510   564 0.89 -
835_g                -            364 11677at5794          -            656   2.6e-06   24.3   0.1   1   2   5.3e-07   6.4e-05   19.7   0.0    93   157    82   151    76   176 0.76 -
835_g                -            364 11677at5794          -            656   2.6e-06   24.3   0.1   2   2      0.12        14    2.1   0.0    61    80   188   207   184   255 0.80 -
373_g                -            366 11677at5794          -            656   8.3e-06   22.7   0.1   1   2   6.9e-08   8.3e-06   22.7   0.1    77   156    20   102    14   147 0.78 -
373_g                -            366 11677at5794          -            656   8.3e-06   22.7   0.1   2   2       1.8   2.2e+02   -1.8   0.8   272   295   280   303   232   334 0.48 -
2323_g               -            437 11677at5794          -            656   3.4e-05   20.6   6.1   1   2   0.00025      0.03   10.9   0.6    88   148    84   146    69   172 0.86 -
2323_g               -            437 11677at5794          -            656   3.4e-05   20.6   6.1   2   2   0.00013     0.016   11.8   0.4   216   273   293   343   269   359 0.69 -
3378_g               -            491 11677at5794          -            656   3.8e-05   20.5   3.2   1   3       3.9   4.7e+02   -3.0   0.0    20    44   188   213   180   218 0.63 -
3378_g               -            491 11677at5794          -            656   3.8e-05   20.5   3.2   2   3       1.9   2.3e+02   -1.9   0.0    77   106   233   266   230   272 0.77 -
3378_g               -            491 11677at5794          -            656   3.8e-05   20.5   3.2   3   3   3.3e-07     4e-05   20.4   1.1    81   150   358   435   318   441 0.64 -
2239_g               -            464 11677at5794          -            656     4e-05   20.4   2.3   1   1   4.7e-07   5.7e-05   19.9   2.3   377   457   313   396   288   405 0.85 -
2553_g               -            832 11677at5794          -            656   6.6e-05   19.7   6.8   1   3     0.029       3.5    4.1   0.3   139   338   214   269   176   312 0.59 -
2553_g               -            832 11677at5794          -            656   6.6e-05   19.7   6.8   2   3       9.2   1.1e+03   -4.2   0.1   354   373   334   352   324   357 0.68 -
2553_g               -            832 11677at5794          -            656   6.6e-05   19.7   6.8   3   3   8.4e-07    0.0001   19.1   0.2    94   150   434   491   420   496 0.78 -
702_g                -            394 11677at5794          -            656   0.00016   18.5   0.1   1   1   2.2e-06   0.00027   17.7   0.1    90   150   235   299   191   346 0.65 -
1636_g               -           2014 11677at5794          -            656   0.00016   18.4   1.1   1   4   1.3e-06   0.00016   18.4   1.1   379   464    43   132    41   140 0.81 -
1636_g               -           2014 11677at5794          -            656   0.00016   18.4   1.1   2   4         2   2.4e+02   -2.0   0.0    91   127   154   189   133   194 0.74 -
1636_g               -           2014 11677at5794          -            656   0.00016   18.4   1.1   3   4       4.6   5.6e+02   -3.2   0.0   152   191   232   275   229   281 0.65 -
1636_g               -           2014 11677at5794          -            656   0.00016   18.4   1.1   4   4    0.0017       0.2    8.2   0.1    90   147  1900  1954  1814  1971 0.84 -
4072_g               -            169 11677at5794          -            656    0.0002   18.1   0.4   1   1   1.8e-06   0.00022   18.0   0.4   349   417    36   107    15   143 0.76 -
4164_g               -            386 11677at5794          -            656   0.00042   17.0   0.2   1   3      0.65        78   -0.4   1.2   142   192    87   139    83   185 0.72 -
4164_g               -            386 11677at5794          -            656   0.00042   17.0   0.2   2   3   3.5e-06   0.00042   17.0   0.2   374   412   189   227   179   232 0.89 -
4164_g               -            386 11677at5794          -            656   0.00042   17.0   0.2   3   3      0.05         6    3.3   0.2   239   277   241   281   228   297 0.66 -
3544_g               -            648 11677at5794          -            656     0.011   12.3   0.6   1   2      0.71        86   -0.5   0.0    92   113   365   386   330   433 0.64 -
3544_g               -            648 11677at5794          -            656     0.011   12.3   0.6   2   2   0.00037     0.044   10.3   0.2   401   460   558   619   555   623 0.85 -
#
# Program:         hmmsearch
# Version:         3.1b2 (February 2015)
# Pipeline mode:   SEARCH
# Query file:      /mnt/e/Bioinformatics/Semester2/BINP29/Malaria Project/Genomes/Parsed/busco_downloads/lineages/apicomplexa_odb10/hmms/11677at5794.hmm
# Target file:     /mnt/e/Bioinformatics/Semester2/BINP29/Malaria Project/Genomes/Parsed/Pc_new.faa
# Option settings: hmmsearch --domtblout /mnt/e/Bioinformatics/Semester2/BINP29/Malaria Project/Genomes/Parsed/Pc/run_apicomplexa_odb10/hmmer_output/initial_run_results/11677at5794.out --cpu 1 /mnt/e/Bioinformatics/Semester2/BINP29/Malaria Project/Genomes/Parsed/busco_downloads/lineages/apicomplexa_odb10/hmms/11677at5794.hmm /mnt/e/Bioinformatics/Semester2/BINP29/Malaria Project/Genomes/Parsed/Pc_new.faa 
# Current dir:     /mnt/e/Bioinformatics/Semester2/BINP29/Malaria Project/Genomes/Parsed
# Date:            Wed Mar  1 19:27:38 2023
# [ok]
