#                                                                            --- full sequence --- -------------- this domain -------------   hmm coord   ali coord   env coord
# target name        accession   tlen query name           accession   qlen   E-value  score  bias   #  of  c-Evalue  i-Evalue  score  bias  from    to  from    to  from    to  acc description of target
#------------------- ---------- ----- -------------------- ---------- ----- --------- ------ ----- --- --- --------- --------- ------ ----- ----- ----- ----- ----- ----- ----- ---- ---------------------
4477_g               -            385 11832at5794          -            322  5.1e-148  490.4   0.0   1   1  1.7e-150  7.6e-148  489.8   0.0     1   321     6   376     6   377 0.91 -
1770_g               -            377 11832at5794          -            322   1.4e-80  268.8   0.2   1   1   2.1e-82   9.5e-80  266.1   0.2     2   321     9   371     8   372 0.90 -
2463_g               -            377 11832at5794          -            322   1.1e-77  259.3   0.0   1   1   1.7e-79   7.7e-77  256.5   0.0     2   321    10   371     9   372 0.90 -
2783_g               -            412 11832at5794          -            322   1.2e-70  236.1   0.3   1   1   4.3e-72   1.9e-69  232.2   0.3     1   321    46   406    46   407 0.88 -
1678_g               -            542 11832at5794          -            322   1.4e-26   91.4   0.0   1   2   5.4e-12   2.4e-09   34.7   0.0    55   141   170   259   160   267 0.87 -
1678_g               -            542 11832at5794          -            322   1.4e-26   91.4   0.0   2   2   5.7e-18   2.5e-15   54.4   0.0   182   321   397   536   385   537 0.79 -
2980_g               -            918 11832at5794          -            322   2.8e-23   80.5   0.2   1   3      0.02         9    3.3   0.0    54    85   108   139   103   159 0.84 -
2980_g               -            918 11832at5794          -            322   2.8e-23   80.5   0.2   2   3   4.8e-07   0.00021   18.5   0.0   101   181   481   559   468   567 0.87 -
2980_g               -            918 11832at5794          -            322   2.8e-23   80.5   0.2   3   3   4.3e-18   1.9e-15   54.8   0.0   198   318   792   915   775   917 0.88 -
2917_g               -            424 11832at5794          -            322   1.1e-21   75.3   0.0   1   1   3.5e-24   1.6e-21   74.8   0.0    83   315   163   406   129   413 0.81 -
4417_g               -            492 11832at5794          -            322   1.7e-20   71.3   0.0   1   3   1.3e-14   5.8e-12   43.3   0.0    52   137   103   191    95   202 0.88 -
4417_g               -            492 11832at5794          -            322   1.7e-20   71.3   0.0   2   3    0.0044         2    5.4   0.0   175   197   266   288   232   313 0.82 -
4417_g               -            492 11832at5794          -            322   1.7e-20   71.3   0.0   3   3   4.2e-07   0.00019   18.7   0.0   239   319   401   483   379   486 0.82 -
3806_g               -            725 11832at5794          -            322   1.4e-12   45.4   0.0   1   2     0.035        15    2.5   0.0    98   173   433   507   423   516 0.73 -
3806_g               -            725 11832at5794          -            322   1.4e-12   45.4   0.0   2   2   9.5e-14   4.2e-11   40.5   0.0   226   321   608   713   598   714 0.83 -
260_g                -            166 11832at5794          -            322   2.5e-12   44.6   0.0   1   1     8e-15   3.5e-12   44.0   0.0   184   321     8   161     2   162 0.77 -
261_g                -            393 11832at5794          -            322   1.3e-06   25.7   0.0   1   1   5.3e-09   2.4e-06   24.9   0.0    58   145   288   378   270   386 0.89 -
2814_g               -            576 11832at5794          -            322    0.0088   13.2   0.2   1   2    0.0024         1    6.3   0.0    93   147   264   318   222   328 0.80 -
2814_g               -            576 11832at5794          -            322    0.0088   13.2   0.2   2   2     0.008       3.6    4.6   0.1   205   280   443   516   429   528 0.73 -
2580_g               -            112 11832at5794          -            322     0.032   11.3   0.0   1   1   7.2e-05     0.032   11.3   0.0   162   217    19    72     8   104 0.79 -
#
# Program:         hmmsearch
# Version:         3.1b2 (February 2015)
# Pipeline mode:   SEARCH
# Query file:      /mnt/e/Bioinformatics/Semester2/BINP29/Malaria Project/Genomes/Parsed/busco_downloads/lineages/apicomplexa_odb10/hmms/11832at5794.hmm
# Target file:     /mnt/e/Bioinformatics/Semester2/BINP29/Malaria Project/Genomes/Parsed/Pc_new.faa
# Option settings: hmmsearch --domtblout /mnt/e/Bioinformatics/Semester2/BINP29/Malaria Project/Genomes/Parsed/Pc/run_apicomplexa_odb10/hmmer_output/initial_run_results/11832at5794.out --cpu 1 /mnt/e/Bioinformatics/Semester2/BINP29/Malaria Project/Genomes/Parsed/busco_downloads/lineages/apicomplexa_odb10/hmms/11832at5794.hmm /mnt/e/Bioinformatics/Semester2/BINP29/Malaria Project/Genomes/Parsed/Pc_new.faa 
# Current dir:     /mnt/e/Bioinformatics/Semester2/BINP29/Malaria Project/Genomes/Parsed
# Date:            Wed Mar  1 19:27:38 2023
# [ok]
