#                                                                            --- full sequence --- -------------- this domain -------------   hmm coord   ali coord   env coord
# target name        accession   tlen query name           accession   qlen   E-value  score  bias   #  of  c-Evalue  i-Evalue  score  bias  from    to  from    to  from    to  acc description of target
#------------------- ---------- ----- -------------------- ---------- ----- --------- ------ ----- --- --- --------- --------- ------ ----- ----- ----- ----- ----- ----- ----- ---- ---------------------
2651_g               -            558 13940at5794          -            259   3.9e-89  296.7   8.6   1   3   1.6e-24   2.4e-21   74.5   0.2     2    65    69   147    68   153 0.88 -
2651_g               -            558 13940at5794          -            259   3.9e-89  296.7   8.6   2   3   4.7e-27   6.8e-24   82.8   0.3    58   125   201   269   195   280 0.87 -
2651_g               -            558 13940at5794          -            259   3.9e-89  296.7   8.6   3   3   1.7e-45   2.4e-42  143.3   0.3   123   255   351   504   342   509 0.86 -
3787_g               -            333 13940at5794          -            259   8.5e-25   85.8   0.6   1   2      0.61   8.8e+02   -2.7   0.1     2    16     4    18     3    19 0.86 -
3787_g               -            333 13940at5794          -            259   8.5e-25   85.8   0.6   2   2   5.9e-28   8.5e-25   85.8   0.6    20   233    55   277    38   296 0.75 -
152_g                -            616 13940at5794          -            259   1.2e-10   39.4   0.1   1   3    0.0051       7.4    4.1   0.0     5    29   111   135   107   149 0.82 -
152_g                -            616 13940at5794          -            259   1.2e-10   39.4   0.1   2   3   1.3e-07   0.00019   19.1   0.0    40   113   210   287   202   299 0.84 -
152_g                -            616 13940at5794          -            259   1.2e-10   39.4   0.1   3   3   1.8e-05     0.026   12.1   0.0   167   227   536   602   520   611 0.78 -
2927_g               -            201 13940at5794          -            259    0.0077   13.8   0.5   1   2      0.19   2.7e+02   -1.1   0.1    76   108    23    54    10    78 0.65 -
2927_g               -            201 13940at5794          -            259    0.0077   13.8   0.5   2   2   1.3e-05     0.018   12.6   0.1   116   160   101   145    85   163 0.83 -
#
# Program:         hmmsearch
# Version:         3.1b2 (February 2015)
# Pipeline mode:   SEARCH
# Query file:      /mnt/e/Bioinformatics/Semester2/BINP29/Malaria Project/Genomes/Parsed/busco_downloads/lineages/apicomplexa_odb10/hmms/13940at5794.hmm
# Target file:     /mnt/e/Bioinformatics/Semester2/BINP29/Malaria Project/Genomes/Parsed/Pc_new.faa
# Option settings: hmmsearch --domtblout /mnt/e/Bioinformatics/Semester2/BINP29/Malaria Project/Genomes/Parsed/Pc/run_apicomplexa_odb10/hmmer_output/initial_run_results/13940at5794.out --cpu 1 /mnt/e/Bioinformatics/Semester2/BINP29/Malaria Project/Genomes/Parsed/busco_downloads/lineages/apicomplexa_odb10/hmms/13940at5794.hmm /mnt/e/Bioinformatics/Semester2/BINP29/Malaria Project/Genomes/Parsed/Pc_new.faa 
# Current dir:     /mnt/e/Bioinformatics/Semester2/BINP29/Malaria Project/Genomes/Parsed
# Date:            Wed Mar  1 19:27:41 2023
# [ok]
