#                                                                            --- full sequence --- -------------- this domain -------------   hmm coord   ali coord   env coord
# target name        accession   tlen query name           accession   qlen   E-value  score  bias   #  of  c-Evalue  i-Evalue  score  bias  from    to  from    to  from    to  acc description of target
#------------------- ---------- ----- -------------------- ---------- ----- --------- ------ ----- --- --- --------- --------- ------ ----- ----- ----- ----- ----- ----- ----- ---- ---------------------
3276_g               -            323 14975at5794          -            275  2.6e-153  507.3  14.9   1   1  5.9e-153  5.4e-151  499.7  14.9     2   275    12   317    11   317 0.93 -
4819_g               -            681 14975at5794          -            275   7.6e-40  135.1  11.9   1   4     2e-13   1.9e-11   42.0   0.0    30   135   117   222    89   232 0.69 -
4819_g               -            681 14975at5794          -            275   7.6e-40  135.1  11.9   2   4   6.4e-09   5.8e-07   27.3   1.3    58   191   362   499   356   509 0.69 -
4819_g               -            681 14975at5794          -            275   7.6e-40  135.1  11.9   3   4   4.8e-17   4.4e-15   53.9   0.2    36   111   509   585   505   604 0.91 -
4819_g               -            681 14975at5794          -            275   7.6e-40  135.1  11.9   4   4   1.2e-05    0.0011   16.5   0.1   155   190   644   679   632   680 0.88 -
714_g                -           1474 14975at5794          -            275   1.3e-26   91.7   7.1   1   4     3e-08   2.8e-06   25.1   0.0    39   134    63   158    45   163 0.91 -
714_g                -           1474 14975at5794          -            275   1.3e-26   91.7   7.1   2   4   2.1e-13   1.9e-11   42.0   1.3    74   173   141   238   139   248 0.90 -
714_g                -           1474 14975at5794          -            275   1.3e-26   91.7   7.1   3   4   4.6e-10   4.2e-08   31.0   0.2    36   257   306   409   294   429 0.49 -
714_g                -           1474 14975at5794          -            275   1.3e-26   91.7   7.1   4   4       7.9   7.3e+02   -2.5   0.0    62    90   681   709   671   716 0.80 -
207_g                -            392 14975at5794          -            275   1.1e-25   88.7  17.9   1   2   1.1e-08     1e-06   26.5   1.5   158   254   107   205    97   208 0.86 -
207_g                -            392 14975at5794          -            275   1.1e-25   88.7  17.9   2   2   1.4e-23   1.3e-21   75.3   9.1    39   244   151   363   148   388 0.84 -
4402_g               -            590 14975at5794          -            275   2.3e-25   87.6  12.1   1   3   1.2e-19   1.1e-17   62.4   2.6    68   211   261   409   231   415 0.85 -
4402_g               -            590 14975at5794          -            275   2.3e-25   87.6  12.1   2   3   1.1e-10     1e-08   33.0   1.0   158   274   397   517   397   518 0.81 -
4402_g               -            590 14975at5794          -            275   2.3e-25   87.6  12.1   3   3      0.66        60    1.0   0.1    84   110   541   567   517   574 0.73 -
3759_g               -           1013 14975at5794          -            275   3.1e-24   84.0   4.6   1   2   2.6e-12   2.4e-10   38.4   0.1    52   157    68   174    38   181 0.94 -
3759_g               -           1013 14975at5794          -            275   3.1e-24   84.0   4.6   2   2   1.2e-14   1.1e-12   46.0   1.5    34   131   183   284   176   297 0.83 -
3310_g               -            382 14975at5794          -            275   1.9e-22   78.1   5.8   1   4   3.9e-05    0.0036   14.8   0.0    79   116    44    81    40    85 0.90 -
3310_g               -            382 14975at5794          -            275   1.9e-22   78.1   5.8   2   4   1.7e-10   1.5e-08   32.5   2.4   156   275    84   201    82   201 0.86 -
3310_g               -            382 14975at5794          -            275   1.9e-22   78.1   5.8   3   4    0.0033       0.3    8.5   0.0    35    71   208   244   201   249 0.87 -
3310_g               -            382 14975at5794          -            275   1.9e-22   78.1   5.8   4   4   7.7e-07   7.1e-05   20.4   0.0    51   108   274   331   264   342 0.84 -
2224_g               -            614 14975at5794          -            275     2e-22   78.0   3.5   1   2   6.3e-18   5.8e-16   56.8   0.1    37   230   320   523   290   527 0.84 -
2224_g               -            614 14975at5794          -            275     2e-22   78.0   3.5   2   2   8.1e-10   7.4e-08   30.2   3.5    15   154   467   613   462   613 0.81 -
128_g                -           1386 14975at5794          -            275   9.4e-21   72.5   9.1   1   2   6.3e-20   5.8e-18   63.4   6.5    32   273  1050  1304  1020  1304 0.79 -
128_g                -           1386 14975at5794          -            275   9.4e-21   72.5   9.1   2   2   7.4e-05    0.0068   13.9   0.1    51   115  1287  1355  1269  1365 0.74 -
4343_g               -            499 14975at5794          -            275   1.3e-20   72.1   6.1   1   3   1.1e-07     1e-05   23.2   0.7    36   107   250   326   245   341 0.82 -
4343_g               -            499 14975at5794          -            275   1.3e-20   72.1   6.1   2   3   2.8e-11   2.6e-09   35.0   0.0    44   120   346   424   326   433 0.88 -
4343_g               -            499 14975at5794          -            275   1.3e-20   72.1   6.1   3   3     4e-05    0.0037   14.8   0.2    55   109   441   497   426   498 0.68 -
865_g                -            642 14975at5794          -            275   4.9e-20   70.2   2.2   1   3     0.082       7.5    4.0   0.0    86   134   247   297   214   332 0.83 -
865_g                -            642 14975at5794          -            275   4.9e-20   70.2   2.2   2   3   3.5e-13   3.3e-11   41.2   0.0   122   242   425   554   416   559 0.63 -
865_g                -            642 14975at5794          -            275   4.9e-20   70.2   2.2   3   3     7e-08   6.4e-06   23.9   0.4    38   111   553   628   547   638 0.76 -
1313_g               -           1302 14975at5794          -            275   4.9e-19   66.9  19.7   1   3   5.2e-10   4.8e-08   30.8   7.0   101   274    35   230    17   231 0.65 -
1313_g               -           1302 14975at5794          -            275   4.9e-19   66.9  19.7   2   3     0.022         2    5.8   0.1   203   274   701   768   674   811 0.69 -
1313_g               -           1302 14975at5794          -            275   4.9e-19   66.9  19.7   3   3   1.5e-09   1.4e-07   29.3   0.9    36   119   939  1024   928  1059 0.83 -
1512_g               -            762 14975at5794          -            275   1.3e-18   65.5  11.2   1   4   0.00032     0.029   11.9   0.0   156   198     7    49     2    60 0.81 -
1512_g               -            762 14975at5794          -            275   1.3e-18   65.5  11.2   2   4   7.3e-08   6.7e-06   23.8   0.2    38   110    84   160    80   173 0.86 -
1512_g               -            762 14975at5794          -            275   1.3e-18   65.5  11.2   3   4   2.4e-09   2.2e-07   28.7   0.3    37   113   280   360   246   370 0.85 -
1512_g               -            762 14975at5794          -            275   1.3e-18   65.5  11.2   4   4     0.019       1.8    6.0   0.5    89   155   687   758   635   761 0.62 -
815_g                -            701 14975at5794          -            275   1.4e-17   62.1   9.5   1   5   1.5e-05    0.0013   16.3   0.0   161   274   134   252   123   253 0.77 -
815_g                -            701 14975at5794          -            275   1.4e-17   62.1   9.5   2   5    0.0012      0.11   10.0   0.1    42   150   270   375   265   393 0.76 -
815_g                -            701 14975at5794          -            275   1.4e-17   62.1   9.5   3   5       6.9   6.3e+02   -2.4   0.0   231   272   428   469   421   471 0.69 -
815_g                -            701 14975at5794          -            275   1.4e-17   62.1   9.5   4   5    0.0084      0.77    7.2   0.8   179   273   502   597   457   600 0.74 -
815_g                -            701 14975at5794          -            275   1.4e-17   62.1   9.5   5   5   6.7e-10   6.1e-08   30.5   0.1    44   117   617   691   604   697 0.86 -
2661_g               -            365 14975at5794          -            275   1.1e-16   59.1   8.5   1   3   5.5e-16     5e-14   50.5   2.7    36   154    12   128     4   143 0.86 -
2661_g               -            365 14975at5794          -            275   1.1e-16   59.1   8.5   2   3    0.0012      0.11    9.9   0.3    41   156   148   260   137   276 0.69 -
2661_g               -            365 14975at5794          -            275   1.1e-16   59.1   8.5   3   3       2.8   2.6e+02   -1.1   0.0   258   274   344   360   329   361 0.81 -
2910_g               -            493 14975at5794          -            275   5.3e-16   56.9   5.7   1   2   1.3e-08   1.2e-06   26.3   1.6    35   274    60   315    44   316 0.70 -
2910_g               -            493 14975at5794          -            275   5.3e-16   56.9   5.7   2   2   2.8e-09   2.6e-07   28.4   0.1    38   119   327   410   317   421 0.59 -
1986_g               -            526 14975at5794          -            275   1.1e-14   52.6   6.5   1   4         1        93    0.4   0.1    83   231   221   249   204   264 0.54 -
1986_g               -            526 14975at5794          -            275   1.1e-14   52.6   6.5   2   4     3e-10   2.7e-08   31.6   0.6    35   109   264   339   255   342 0.92 -
1986_g               -            526 14975at5794          -            275   1.1e-14   52.6   6.5   3   4   1.9e-10   1.7e-08   32.3   0.7    31   112   302   384   301   425 0.90 -
1986_g               -            526 14975at5794          -            275   1.1e-14   52.6   6.5   4   4       6.5     6e+02   -2.3   0.1   207   230   459   483   448   497 0.66 -
2670_g               -           1071 14975at5794          -            275   1.4e-14   52.3  15.9   1   4   0.00048     0.044   11.3   0.1    36   110   158   235   137   243 0.84 -
2670_g               -           1071 14975at5794          -            275   1.4e-14   52.3  15.9   2   4    0.0034      0.31    8.5   0.4    40    92   346   400   299   410 0.66 -
2670_g               -           1071 14975at5794          -            275   1.4e-14   52.3  15.9   3   4   2.8e-07   2.5e-05   21.9   0.0    53   114   426   489   415   502 0.81 -
2670_g               -           1071 14975at5794          -            275   1.4e-14   52.3  15.9   4   4   1.9e-05    0.0018   15.9   2.1    62   156   541   641   517   656 0.68 -
4166_g               -           1176 14975at5794          -            275   1.4e-14   52.2   9.0   1   5       5.8   5.3e+02   -2.1   0.0    44    86   234   275   213   280 0.74 -
4166_g               -           1176 14975at5794          -            275   1.4e-14   52.2   9.0   2   5      0.68        62    0.9   0.0   141   161   359   379   352   387 0.84 -
4166_g               -           1176 14975at5794          -            275   1.4e-14   52.2   9.0   3   5   2.5e-08   2.3e-06   25.3   0.6    60   156   568   667   551   675 0.83 -
4166_g               -           1176 14975at5794          -            275   1.4e-14   52.2   9.0   4   5   5.6e-09   5.1e-07   27.5   0.1    38   116   701   780   694   789 0.75 -
4166_g               -           1176 14975at5794          -            275   1.4e-14   52.2   9.0   5   5   0.00011    0.0097   13.4   0.0    35   132   740   835   737   846 0.86 -
3600_g               -            366 14975at5794          -            275   1.5e-14   52.2   2.6   1   3    0.0097      0.89    7.0   0.0   162   197    48    84    38   100 0.77 -
3600_g               -            366 14975at5794          -            275   1.5e-14   52.2   2.6   2   3   2.5e-08   2.3e-06   25.3   1.1    59   156   107   207   100   222 0.69 -
3600_g               -            366 14975at5794          -            275   1.5e-14   52.2   2.6   3   3   6.5e-07   5.9e-05   20.7   0.0    20   111   197   291   196   299 0.79 -
2950_g               -            328 14975at5794          -            275   3.7e-14   50.9   0.7   1   4   5.8e-06   0.00053   17.6   0.0    34   123     3    92     1   116 0.77 -
2950_g               -            328 14975at5794          -            275   3.7e-14   50.9   0.7   2   4    0.0014      0.13    9.8   0.1    62   111   122   171   116   174 0.92 -
2950_g               -            328 14975at5794          -            275   3.7e-14   50.9   0.7   3   4     0.019       1.8    6.0   0.1    72   111   174   213   171   223 0.78 -
2950_g               -            328 14975at5794          -            275   3.7e-14   50.9   0.7   4   4   0.00026     0.024   12.2   0.0   149   193   275   319   270   325 0.89 -
591_g                -            541 14975at5794          -            275   5.7e-14   50.3   6.4   1   2   1.7e-05    0.0016   16.0   0.6    81   158   208   287   196   296 0.74 -
591_g                -            541 14975at5794          -            275   5.7e-14   50.3   6.4   2   2   1.4e-11   1.3e-09   36.0   0.8   158   233   362   441   304   456 0.81 -
1359_g               -            841 14975at5794          -            275   6.5e-14   50.1   5.3   1   4   2.9e-06   0.00027   18.6   0.1   165   239    69   146    60   166 0.82 -
1359_g               -            841 14975at5794          -            275   6.5e-14   50.1   5.3   2   4    0.0041      0.38    8.2   0.0   112   156   251   295   234   314 0.67 -
1359_g               -            841 14975at5794          -            275   6.5e-14   50.1   5.3   3   4   2.6e-07   2.4e-05   22.0   0.2    52   111   428   487   409   501 0.85 -
1359_g               -            841 14975at5794          -            275   6.5e-14   50.1   5.3   4   4       1.2   1.1e+02    0.1   0.0   171   240   696   765   681   779 0.67 -
2286_g               -            649 14975at5794          -            275   1.7e-13   48.7  10.8   1   3      0.18        17    2.8   0.0   172   201   329   360   321   367 0.77 -
2286_g               -            649 14975at5794          -            275   1.7e-13   48.7  10.8   2   3   2.7e-11   2.5e-09   35.0   4.1     9   115   387   503   378   511 0.75 -
2286_g               -            649 14975at5794          -            275   1.7e-13   48.7  10.8   3   3   0.00028     0.025   12.1   0.1    87   176   515   605   506   627 0.87 -
4579_g               -            556 14975at5794          -            275   2.2e-11   41.8   3.8   1   3   5.5e-08   5.1e-06   24.2   0.1    39   117    48   130    44   144 0.81 -
4579_g               -            556 14975at5794          -            275   2.2e-11   41.8   3.8   2   3   8.5e-06   0.00078   17.0   0.3    35   111   164   240   137   263 0.60 -
4579_g               -            556 14975at5794          -            275   2.2e-11   41.8   3.8   3   3       1.7   1.6e+02   -0.4   0.0    68   104   358   396   333   420 0.59 -
386_g                -            884 14975at5794          -            275   2.6e-11   41.5   2.6   1   3    0.0051      0.47    7.9   0.0    51    89   133   171   114   233 0.80 -
386_g                -            884 14975at5794          -            275   2.6e-11   41.5   2.6   2   3   4.9e-10   4.5e-08   30.9   0.3    19   110   241   333   226   347 0.88 -
386_g                -            884 14975at5794          -            275   2.6e-11   41.5   2.6   3   3       1.2   1.1e+02    0.2   0.0   218   253   390   425   369   445 0.81 -
52_g                 -            323 14975at5794          -            275   4.4e-11   40.8   4.6   1   1   1.1e-12     1e-10   39.6   4.1    35   162    51   179    31   192 0.90 -
2441_g               -            375 14975at5794          -            275   1.6e-09   35.7   0.1   1   3   0.00015     0.014   12.9   0.7   159   273    26   149    12   151 0.74 -
2441_g               -            375 14975at5794          -            275   1.6e-09   35.7   0.1   2   3     0.015       1.4    6.3   0.0    46   153   127   239   120   247 0.72 -
2441_g               -            375 14975at5794          -            275   1.6e-09   35.7   0.1   3   3   4.6e-05    0.0042   14.6   0.0    49    99   312   362   306   372 0.83 -
2727_g               -            448 14975at5794          -            275   1.9e-09   35.5   0.0   1   2   2.6e-08   2.4e-06   25.3   0.0    52   232   166   370   144   371 0.64 -
2727_g               -            448 14975at5794          -            275   1.9e-09   35.5   0.0   2   2      0.12        11    3.4   0.0    38    75   393   433   388   445 0.79 -
2393_g               -            507 14975at5794          -            275     8e-09   33.4   1.8   1   2   2.8e-10   2.5e-08   31.7   0.4    34   111   276   356   271   393 0.83 -
2393_g               -            507 14975at5794          -            275     8e-09   33.4   1.8   2   2         2   1.8e+02   -0.6   0.0   247   274   421   448   408   449 0.84 -
2416_g               -            471 14975at5794          -            275     9e-09   33.2  17.3   1   3      0.29        26    2.2   0.0   248   272    88   112    75   114 0.84 -
2416_g               -            471 14975at5794          -            275     9e-09   33.2  17.3   2   3    0.0078      0.72    7.3   5.2    43   273   174   244   153   246 0.58 -
2416_g               -            471 14975at5794          -            275     9e-09   33.2  17.3   3   3   1.2e-09   1.1e-07   29.6   2.9    17   160   234   392   228   432 0.73 -
213_g                -            744 14975at5794          -            275   9.3e-09   33.2   0.2   1   2   2.6e-09   2.4e-07   28.5   0.5    39   153   134   254   118   301 0.79 -
213_g                -            744 14975at5794          -            275   9.3e-09   33.2   0.2   2   2      0.49        45    1.4   0.0   154   182   361   389   355   414 0.76 -
4529_g               -            467 14975at5794          -            275   1.8e-08   32.3   0.3   1   3    0.0014      0.13    9.8   0.0    40    71   110   140    51   147 0.76 -
4529_g               -            467 14975at5794          -            275   1.8e-08   32.3   0.3   2   3   9.2e-05    0.0084   13.6   0.0    37    72   211   246   196   262 0.79 -
4529_g               -            467 14975at5794          -            275   1.8e-08   32.3   0.3   3   3     0.035       3.3    5.2   0.0    19   107   294   391   281   399 0.73 -
3671_g               -            698 14975at5794          -            275   1.8e-08   32.2   4.5   1   3     2e-07   1.8e-05   22.4   0.2    37   157   117   252   107   268 0.60 -
3671_g               -            698 14975at5794          -            275   1.8e-08   32.2   4.5   2   3    0.0029      0.27    8.7   0.1    82   181   278   386   260   404 0.70 -
3671_g               -            698 14975at5794          -            275   1.8e-08   32.2   4.5   3   3       1.4   1.3e+02   -0.1   0.0   253   273   501   521   473   522 0.81 -
2239_g               -            464 14975at5794          -            275   5.9e-08   30.5   1.2   1   2   1.1e-09   1.1e-07   29.7   0.7    68   154   308   397   292   408 0.84 -
2239_g               -            464 14975at5794          -            275   5.9e-08   30.5   1.2   2   2       8.2   7.5e+02   -2.6   0.0    68    94   409   435   401   456 0.71 -
306_g                -            977 14975at5794          -            275   8.4e-08   30.0   2.1   1   4   0.00017     0.015   12.8   0.0    69   191   208   250   182   264 0.54 -
306_g                -            977 14975at5794          -            275   8.4e-08   30.0   2.1   2   4      0.14        13    3.2   0.1   250   274   285   308   278   309 0.86 -
306_g                -            977 14975at5794          -            275   8.4e-08   30.0   2.1   3   4    0.0024      0.22    9.0   0.0    35    70   318   353   310   361 0.73 -
306_g                -            977 14975at5794          -            275   8.4e-08   30.0   2.1   4   4       1.3   1.2e+02    0.1   0.1   238   273   848   883   824   886 0.77 -
781_g                -            467 14975at5794          -            275   1.1e-07   29.7   0.5   1   2   7.5e-08   6.8e-06   23.8   0.2    74   155   106   190    28   191 0.78 -
781_g                -            467 14975at5794          -            275   1.1e-07   29.7   0.5   2   2    0.0065       0.6    7.6   0.0   178   243   177   241   164   267 0.84 -
3378_g               -            491 14975at5794          -            275   1.3e-07   29.4   2.1   1   3      0.13        12    3.3   0.0    70   117   226   274   206   281 0.84 -
3378_g               -            491 14975at5794          -            275   1.3e-07   29.4   2.1   2   3   0.00042     0.038   11.5   0.5   121   163   355   397   321   401 0.80 -
3378_g               -            491 14975at5794          -            275   1.3e-07   29.4   2.1   3   3   0.00024     0.022   12.3   0.1    33    75   395   438   391   465 0.80 -
2511_g               -            553 14975at5794          -            275   1.4e-07   29.3   0.1   1   2   9.7e-09   8.9e-07   26.7   0.0    75   159    67   159    49   193 0.70 -
2511_g               -            553 14975at5794          -            275   1.4e-07   29.3   0.1   2   2       1.7   1.5e+02   -0.3   0.0    52    74   225   251   211   267 0.65 -
2325_g               -            749 14975at5794          -            275   5.6e-07   27.3  11.3   1   2   1.5e-08   1.4e-06   26.0   1.8    39   154    10   134     7   179 0.78 -
2325_g               -            749 14975at5794          -            275   5.6e-07   27.3  11.3   2   2      0.11        10    3.5   2.5   247   273   286   312   202   314 0.39 -
835_g                -            364 14975at5794          -            275     9e-07   26.7   0.1   1   2   1.5e-05    0.0014   16.2   0.0    51   114    77   145    42   166 0.78 -
835_g                -            364 14975at5794          -            275     9e-07   26.7   0.1   2   2    0.0054       0.5    7.8   0.0   216   274   186   245   181   246 0.86 -
4425_g               -            567 14975at5794          -            275   2.2e-06   25.4  10.2   1   4      0.21        19    2.6   0.3    36   102    37   104    28   122 0.67 -
4425_g               -            567 14975at5794          -            275   2.2e-06   25.4  10.2   2   4       1.1        99    0.3   0.1   177   212   153   186   130   196 0.77 -
4425_g               -            567 14975at5794          -            275   2.2e-06   25.4  10.2   3   4     7e-05    0.0065   14.0   0.1    48   113   229   299   215   315 0.74 -
4425_g               -            567 14975at5794          -            275   2.2e-06   25.4  10.2   4   4   0.00042     0.038   11.5   0.1    49    74   539   564   517   566 0.76 -
495_g                -            520 14975at5794          -            275   2.8e-06   25.1   0.8   1   2    0.0001    0.0092   13.5   0.1   146   194   276   324   235   425 0.77 -
495_g                -            520 14975at5794          -            275   2.8e-06   25.1   0.8   2   2       0.1       9.2    3.7   0.0    32    88   436   492   430   510 0.74 -
2681_g               -            585 14975at5794          -            275   5.7e-06   24.0   0.0   1   1   1.1e-06   9.8e-05   20.0   0.0    40   235    58   259    53   267 0.76 -
993_g                -            595 14975at5794          -            275   7.9e-06   23.6   1.8   1   3     0.036       3.4    5.1   0.1   174   200   336   362   319   377 0.77 -
993_g                -            595 14975at5794          -            275   7.9e-06   23.6   1.8   2   3   2.2e-05     0.002   15.7   0.1    65   161   430   527   397   535 0.75 -
993_g                -            595 14975at5794          -            275   7.9e-06   23.6   1.8   3   3       1.7   1.6e+02   -0.4   0.0    43   192   559   588   546   592 0.41 -
994_g                -           2447 14975at5794          -            275   9.3e-06   23.3   0.7   1   2   1.2e-06   0.00011   19.8   0.2   155   275  2177  2296  2163  2296 0.86 -
994_g                -           2447 14975at5794          -            275   9.3e-06   23.3   0.7   2   2       7.1   6.6e+02   -2.4   0.0   155   182  2407  2434  2371  2442 0.47 -
373_g                -            366 14975at5794          -            275   2.4e-05   22.0   2.5   1   2   9.8e-07     9e-05   20.1   0.2   122   213    22   116    13   146 0.69 -
373_g                -            366 14975at5794          -            275   2.4e-05   22.0   2.5   2   2       0.4        37    1.7   0.1    42    85   286   330   240   360 0.66 -
4072_g               -            169 14975at5794          -            275   2.9e-05   21.7   0.0   1   1   4.8e-07   4.4e-05   21.1   0.0    54   112    48   108    40   125 0.89 -
702_g                -            394 14975at5794          -            275   6.3e-05   20.6   0.2   1   1   6.9e-07   6.3e-05   20.6   0.2    37   112   220   298   206   344 0.83 -
4164_g               -            386 14975at5794          -            275    0.0001   19.9   0.1   1   1   2.9e-06   0.00026   18.6   0.1   157   234   198   280   190   294 0.77 -
1636_g               -           2014 14975at5794          -            275    0.0001   19.9   4.0   1   4    0.0041      0.37    8.2   0.1   153   193    43    83    32    99 0.80 -
1636_g               -           2014 14975at5794          -            275    0.0001   19.9   4.0   2   4   5.4e-05    0.0049   14.4   0.1    17   113    69   173    63   188 0.79 -
1636_g               -           2014 14975at5794          -            275    0.0001   19.9   4.0   3   4       1.5   1.4e+02   -0.2   0.1   248   273   314   339   296   341 0.83 -
1636_g               -           2014 14975at5794          -            275    0.0001   19.9   4.0   4   4      0.61        56    1.1   0.0    74   154  1879  1954  1870  1966 0.56 -
1796_g               -           1327 14975at5794          -            275   0.00013   19.5   0.1   1   1   2.5e-06   0.00023   18.8   0.1   105   160    84   138    48   149 0.69 -
3544_g               -            648 14975at5794          -            275   0.00015   19.4   2.0   1   2      0.12        11    3.4   0.0    16   109   325   428   314   475 0.57 -
3544_g               -            648 14975at5794          -            275   0.00015   19.4   2.0   2   2   0.00038     0.035   11.6   1.6    94   192   513   619   505   624 0.73 -
1655_g               -            781 14975at5794          -            275   0.00034   18.2   4.2   1   3       4.5   4.1e+02   -1.7   0.0   236   265   286   314   277   323 0.68 -
1655_g               -            781 14975at5794          -            275   0.00034   18.2   4.2   2   3   1.1e-05   0.00099   16.7   1.9    90   197   315   434   289   454 0.67 -
1655_g               -            781 14975at5794          -            275   0.00034   18.2   4.2   3   3       2.1     2e+02   -0.7   0.0   116   191   587   667   561   689 0.44 -
2308_g               -           3201 14975at5794          -            275   0.00037   18.1   2.3   1   3      0.14        12    3.2   0.1   201   274    10    94     2    95 0.70 -
2308_g               -           3201 14975at5794          -            275   0.00037   18.1   2.3   2   3   0.00023     0.021   12.3   0.0    42   112   152   225   132   234 0.86 -
2308_g               -           3201 14975at5794          -            275   0.00037   18.1   2.3   3   3       1.1   1.1e+02    0.2   0.0   250   275   491   516   477   516 0.86 -
446_g                -           1315 14975at5794          -            275   0.00086   16.9   0.2   1   2       3.1   2.9e+02   -1.2   0.0   121   192   440   523   372   539 0.61 -
446_g                -           1315 14975at5794          -            275   0.00086   16.9   0.2   2   2   7.3e-05    0.0067   14.0   0.1    39   114   835   913   789   926 0.80 -
3909_g               -            781 14975at5794          -            275    0.0011   16.6   1.4   1   1     4e-05    0.0037   14.8   0.7    70   145   616   692   583   716 0.72 -
2159_g               -           1222 14975at5794          -            275    0.0015   16.1   0.6   1   1   3.8e-05    0.0035   14.9   0.6   158   235  1065  1150  1050  1191 0.55 -
2323_g               -            437 14975at5794          -            275    0.0021   15.6   1.1   1   2      0.21        19    2.6   0.1    23    71    98   147    84   175 0.84 -
2323_g               -            437 14975at5794          -            275    0.0021   15.6   1.1   2   2   0.00066     0.061   10.8   0.1    70   112   303   344   287   361 0.85 -
3109_g               -           1463 14975at5794          -            275    0.0034   14.9   6.0   1   3     0.041       3.7    5.0   0.3   158   258   142   251   134   262 0.73 -
3109_g               -           1463 14975at5794          -            275    0.0034   14.9   6.0   2   3   0.00041     0.038   11.5   0.2    64   152   266   356   253   371 0.66 -
3109_g               -           1463 14975at5794          -            275    0.0034   14.9   6.0   3   3       2.3   2.1e+02   -0.8   0.0   100   119   875   894   861   907 0.69 -
1810_g               -            547 14975at5794          -            275    0.0049   14.4   1.5   1   2      0.27        25    2.3   0.1   111   164    58   112    41   132 0.68 -
1810_g               -            547 14975at5794          -            275    0.0049   14.4   1.5   2   2   0.00061     0.056   10.9   0.2   168   242   317   393   299   402 0.84 -
1130_g               -            687 14975at5794          -            275     0.005   14.4   0.2   1   1   9.8e-05     0.009   13.5   0.2   202   239   399   437   362   482 0.65 -
3900_g               -            692 14975at5794          -            275     0.031   11.8   0.2   1   2       4.6   4.2e+02   -1.8   0.0    44   274    86   111    70   114 0.52 -
3900_g               -            692 14975at5794          -            275     0.031   11.8   0.2   2   2    0.0012      0.11   10.0   0.1   123   161   145   183   134   236 0.89 -
#
# Program:         hmmsearch
# Version:         3.1b2 (February 2015)
# Pipeline mode:   SEARCH
# Query file:      /mnt/e/Bioinformatics/Semester2/BINP29/Malaria Project/Genomes/Parsed/busco_downloads/lineages/apicomplexa_odb10/hmms/14975at5794.hmm
# Target file:     /mnt/e/Bioinformatics/Semester2/BINP29/Malaria Project/Genomes/Parsed/Pc_new.faa
# Option settings: hmmsearch --domtblout /mnt/e/Bioinformatics/Semester2/BINP29/Malaria Project/Genomes/Parsed/Pc/run_apicomplexa_odb10/hmmer_output/initial_run_results/14975at5794.out --cpu 1 /mnt/e/Bioinformatics/Semester2/BINP29/Malaria Project/Genomes/Parsed/busco_downloads/lineages/apicomplexa_odb10/hmms/14975at5794.hmm /mnt/e/Bioinformatics/Semester2/BINP29/Malaria Project/Genomes/Parsed/Pc_new.faa 
# Current dir:     /mnt/e/Bioinformatics/Semester2/BINP29/Malaria Project/Genomes/Parsed
# Date:            Wed Mar  1 19:27:43 2023
# [ok]
