#                                                                            --- full sequence --- -------------- this domain -------------   hmm coord   ali coord   env coord
# target name        accession   tlen query name           accession   qlen   E-value  score  bias   #  of  c-Evalue  i-Evalue  score  bias  from    to  from    to  from    to  acc description of target
#------------------- ---------- ----- -------------------- ---------- ----- --------- ------ ----- --- --- --------- --------- ------ ----- ----- ----- ----- ----- ----- ----- ---- ---------------------
4725_g               -            382 15514at5794          -            245   8.2e-76  253.3  43.1   1   3   1.2e-17   2.3e-15   55.3   0.8     1    52     1    53     1    67 0.92 -
4725_g               -            382 15514at5794          -            245   8.2e-76  253.3  43.1   2   3   4.4e-41   8.8e-39  132.0   8.0    42   151    91   217    82   223 0.84 -
4725_g               -            382 15514at5794          -            245   8.2e-76  253.3  43.1   3   3   1.7e-21   3.5e-19   67.9  19.5   147   245   248   373   243   373 0.74 -
1531_g               -            246 15514at5794          -            245     4e-25   87.3   0.6   1   1   3.4e-27   6.8e-25   86.6   0.6    63   144     4    88     1   107 0.84 -
81_g                 -            560 15514at5794          -            245   6.2e-23   80.1   2.4   1   1   8.6e-25   1.7e-22   78.7   2.4    58   147   214   307   198   330 0.84 -
3117_g               -            329 15514at5794          -            245   1.4e-21   75.7   1.9   1   1   1.2e-23   2.4e-21   74.9   1.9    64   131     3    74     1    79 0.92 -
983_g                -            535 15514at5794          -            245   6.3e-21   73.6   2.3   1   2   3.1e-23   6.3e-21   73.6   2.3    37   129   226   319   216   326 0.85 -
983_g                -            535 15514at5794          -            245   6.3e-21   73.6   2.3   2   2         6   1.2e+03   -2.7   0.1   118   148   338   366   330   371 0.61 -
2636_g               -            837 15514at5794          -            245     4e-19   67.6   0.3   1   1   4.9e-21   9.8e-19   66.4   0.3    64   146   309   396   301   422 0.81 -
507_g                -            440 15514at5794          -            245   5.9e-19   67.1   3.8   1   2       2.2   4.5e+02   -1.3   0.8   204   227     9    32     3    39 0.73 -
507_g                -            440 15514at5794          -            245   5.9e-19   67.1   3.8   2   2   2.9e-21   5.9e-19   67.1   3.8    62   131   102   171    74   183 0.91 -
1540_g               -            445 15514at5794          -            245   9.3e-19   66.5   0.5   1   2   4.7e-21   9.3e-19   66.5   0.5    61   131    46   113    41   134 0.90 -
1540_g               -            445 15514at5794          -            245   9.3e-19   66.5   0.5   2   2       4.6   9.2e+02   -2.3   0.3   211   211   411   411   372   434 0.56 -
4086_g               -            762 15514at5794          -            245   1.9e-18   65.4   0.5   1   1   3.7e-20   7.4e-18   63.5   0.5    62   129     5    78     1    82 0.86 -
4856_g               -            359 15514at5794          -            245   6.5e-18   63.7   1.1   1   1     5e-20   9.9e-18   63.1   1.1    62   147    42   134    31   144 0.81 -
3881_g               -            379 15514at5794          -            245   9.8e-18   63.1   1.0   1   2   1.2e-19   2.4e-17   61.8   0.2    62   159    50   147    47   161 0.92 -
3881_g               -            379 15514at5794          -            245   9.8e-18   63.1   1.0   2   2       3.5   6.9e+02   -1.9   0.0   112   145   337   370   334   375 0.68 -
1757_g               -            382 15514at5794          -            245   2.3e-17   61.9   2.0   1   1   2.2e-19   4.3e-17   61.0   2.0    63   171    53   161    48   165 0.80 -
4464_g               -            546 15514at5794          -            245   1.5e-16   59.2   1.6   1   1   2.1e-18   4.3e-16   57.8   1.6    65   131    34    98    30   101 0.93 -
2912_g               -            662 15514at5794          -            245   1.4e-14   52.8   0.2   1   1   1.2e-16   2.4e-14   52.0   0.2    62   134    69   140    56   142 0.91 -
2058_g               -            713 15514at5794          -            245   1.6e-13   49.3   0.2   1   1   1.9e-15   3.9e-13   48.1   0.2    62   171   126   238   115   277 0.76 -
455_g                -            202 15514at5794          -            245   2.9e-13   48.5   4.0   1   2   1.5e-15   2.9e-13   48.5   4.0    65   124     2    61     1    77 0.88 -
455_g                -            202 15514at5794          -            245   2.9e-13   48.5   4.0   2   2      0.15        31    2.5   2.1   112   165   100   157    77   172 0.60 -
1947_g               -            338 15514at5794          -            245   4.8e-13   47.7   3.5   1   3   2.4e-15   4.8e-13   47.7   3.5    53   131   102   182    87   193 0.89 -
1947_g               -            338 15514at5794          -            245   4.8e-13   47.7   3.5   2   3       8.3   1.7e+03   -3.1   5.7   192   237   202   246   193   256 0.82 -
1947_g               -            338 15514at5794          -            245   4.8e-13   47.7   3.5   3   3       1.8   3.5e+02   -0.9   1.5   198   240   285   327   279   332 0.80 -
3302_g               -            694 15514at5794          -            245   7.5e-12   43.8   5.1   1   4       1.8   3.6e+02   -1.0   3.2    93   174    50   134    30   139 0.65 -
3302_g               -            694 15514at5794          -            245   7.5e-12   43.8   5.1   2   4   3.8e-14   7.5e-12   43.8   5.1    65   129   144   209   130   225 0.90 -
3302_g               -            694 15514at5794          -            245   7.5e-12   43.8   5.1   3   4       4.6   9.1e+02   -2.3   0.3    55    74   478   497   431   522 0.50 -
3302_g               -            694 15514at5794          -            245   7.5e-12   43.8   5.1   4   4       5.4   1.1e+03   -2.5   0.1   173   199   498   524   491   533 0.82 -
1075_g               -            363 15514at5794          -            245   9.8e-11   40.2   8.0   1   3   5.1e-11     1e-08   33.6   0.1    65   100     8    43     4    46 0.91 -
1075_g               -            363 15514at5794          -            245   9.8e-11   40.2   8.0   2   3   0.00039     0.077   11.1   0.1   101   134   137   170   134   193 0.85 -
1075_g               -            363 15514at5794          -            245   9.8e-11   40.2   8.0   3   3       9.5   1.9e+03   -3.3   0.8   199   227   304   332   299   352 0.54 -
2200_g               -           1087 15514at5794          -            245   6.7e-10   37.5   3.0   1   3   3.4e-12   6.7e-10   37.5   3.0    35    99   143   208   139   213 0.89 -
2200_g               -           1087 15514at5794          -            245   6.7e-10   37.5   3.0   2   3      0.25        50    1.9   0.1   104   134   272   302   240   309 0.83 -
2200_g               -           1087 15514at5794          -            245   6.7e-10   37.5   3.0   3   3     0.022       4.5    5.3   1.0   177   234   340   396   321   406 0.76 -
296_g                -            173 15514at5794          -            245   1.5e-08   33.0   0.2   1   1   1.8e-10   3.5e-08   31.8   0.2    64   100     7    43     4    48 0.90 -
4792_g               -            322 15514at5794          -            245   2.4e-08   32.4   6.5   1   1   2.4e-10   4.9e-08   31.4   6.5    62   171    33   135    17   202 0.78 -
589_g                -            367 15514at5794          -            245   3.3e-08   31.9   2.0   1   2   1.7e-10   3.3e-08   31.9   2.0    54   127    68   141    43   158 0.83 -
589_g                -            367 15514at5794          -            245   3.3e-08   31.9   2.0   2   2       5.1     1e+03   -2.4   0.0   200   221   155   176   145   188 0.65 -
4060_g               -           1553 15514at5794          -            245   3.9e-08   31.7   1.3   1   1   6.2e-10   1.2e-07   30.0   1.3    44   131   678   759   670   773 0.82 -
4627_g               -            640 15514at5794          -            245   4.8e-07   28.1   0.9   1   1   6.4e-09   1.3e-06   26.7   0.9    23   109   524   623   512   629 0.77 -
3026_g               -            452 15514at5794          -            245   0.00013   20.1   0.0   1   1   1.3e-06   0.00026   19.1   0.0    50    96   386   432   352   444 0.79 -
3865_g               -            663 15514at5794          -            245   0.00014   20.1   0.5   1   3         8   1.6e+03   -3.1   0.0    58    92   252   289   227   298 0.69 -
3865_g               -            663 15514at5794          -            245   0.00014   20.1   0.5   2   3       3.4   6.7e+02   -1.8   0.2    15    54   290   329   274   346 0.81 -
3865_g               -            663 15514at5794          -            245   0.00014   20.1   0.5   3   3   6.9e-07   0.00014   20.1   0.5    64   112   359   411   353   423 0.78 -
1683_g               -            462 15514at5794          -            245   0.00053   18.2   0.0   1   2   2.6e-06   0.00053   18.2   0.0    57    98     6    52     1    57 0.75 -
1683_g               -            462 15514at5794          -            245   0.00053   18.2   0.0   2   2         2     4e+02   -1.1   0.3   103   133    90   120    85   124 0.84 -
4850_g               -            430 15514at5794          -            245   0.00065   17.8   0.0   1   1   6.3e-06    0.0013   16.9   0.0    91   130     2    45     1    50 0.82 -
#
# Program:         hmmsearch
# Version:         3.1b2 (February 2015)
# Pipeline mode:   SEARCH
# Query file:      /mnt/e/Bioinformatics/Semester2/BINP29/Malaria Project/Genomes/Parsed/busco_downloads/lineages/apicomplexa_odb10/hmms/15514at5794.hmm
# Target file:     /mnt/e/Bioinformatics/Semester2/BINP29/Malaria Project/Genomes/Parsed/Pc_new.faa
# Option settings: hmmsearch --domtblout /mnt/e/Bioinformatics/Semester2/BINP29/Malaria Project/Genomes/Parsed/Pc/run_apicomplexa_odb10/hmmer_output/initial_run_results/15514at5794.out --cpu 1 /mnt/e/Bioinformatics/Semester2/BINP29/Malaria Project/Genomes/Parsed/busco_downloads/lineages/apicomplexa_odb10/hmms/15514at5794.hmm /mnt/e/Bioinformatics/Semester2/BINP29/Malaria Project/Genomes/Parsed/Pc_new.faa 
# Current dir:     /mnt/e/Bioinformatics/Semester2/BINP29/Malaria Project/Genomes/Parsed
# Date:            Wed Mar  1 19:27:44 2023
# [ok]
