#                                                                            --- full sequence --- -------------- this domain -------------   hmm coord   ali coord   env coord
# target name        accession   tlen query name           accession   qlen   E-value  score  bias   #  of  c-Evalue  i-Evalue  score  bias  from    to  from    to  from    to  acc description of target
#------------------- ---------- ----- -------------------- ---------- ----- --------- ------ ----- --- --- --------- --------- ------ ----- ----- ----- ----- ----- ----- ----- ---- ---------------------
4417_g               -            492 15540at5794          -            300   7.2e-96  319.0   1.8   1   3   1.9e-70   1.1e-67  226.5   0.0     1   196     6   247     6   250 0.88 -
4417_g               -            492 15540at5794          -            300   7.2e-96  319.0   1.8   2   3   1.2e-06   0.00071   17.0   0.0   193   229   273   314   260   327 0.83 -
4417_g               -            492 15540at5794          -            300   7.2e-96  319.0   1.8   3   3   9.5e-22   5.5e-19   66.6   0.4   217   300   387   491   372   491 0.81 -
1678_g               -            542 15540at5794          -            300   8.8e-38  128.3   0.0   1   3     0.029        17    2.6   0.0     2    27    20    45    19    50 0.88 -
1678_g               -            542 15540at5794          -            300   8.8e-38  128.3   0.0   2   3   5.2e-29     3e-26   90.4   0.0    65   157   166   259   159   278 0.89 -
1678_g               -            542 15540at5794          -            300   8.8e-38  128.3   0.0   3   3   9.4e-11   5.5e-08   30.5   0.1   245   292   483   531   400   541 0.90 -
2463_g               -            377 15540at5794          -            300   1.8e-35  120.7   0.0   1   2   5.3e-05     0.031   11.6   0.0     1    32     7    39     7    48 0.85 -
2463_g               -            377 15540at5794          -            300   1.8e-35  120.7   0.0   2   2   1.4e-33   8.1e-31  105.5   0.0    59   299    92   375    78   376 0.75 -
1770_g               -            377 15540at5794          -            300   1.9e-34  117.4   0.1   1   2   0.00064      0.37    8.1   0.0     2    33     7    39     6    50 0.85 -
1770_g               -            377 15540at5794          -            300   1.9e-34  117.4   0.1   2   2   3.4e-33     2e-30  104.2   0.0    59   299    91   375    77   376 0.73 -
2783_g               -            412 15540at5794          -            300   2.6e-32  110.4   0.1   1   2   0.00026      0.15    9.3   0.0     1    32    44    76    44    89 0.86 -
2783_g               -            412 15540at5794          -            300   2.6e-32  110.4   0.1   2   2   2.2e-31   1.3e-28   98.3   0.0    62   293   131   402   120   411 0.76 -
4477_g               -            385 15540at5794          -            300     9e-19   65.9   0.0   1   3     0.041        24    2.1   0.0     1    29     4    32     4    37 0.89 -
4477_g               -            385 15540at5794          -            300     9e-19   65.9   0.0   2   3   1.7e-19   9.9e-17   59.2   0.0    67   206    90   236    62   250 0.81 -
4477_g               -            385 15540at5794          -            300     9e-19   65.9   0.0   3   3      0.19   1.1e+02   -0.0   0.0   255   291   330   370   315   375 0.72 -
261_g                -            393 15540at5794          -            300   9.9e-17   59.2   0.0   1   2   0.00011     0.063   10.6   0.0     2    34     9    42     8    47 0.85 -
261_g                -            393 15540at5794          -            300   9.9e-17   59.2   0.0   2   2   1.3e-15   7.4e-13   46.5   0.0    65   154   281   371   266   381 0.90 -
260_g                -            166 15540at5794          -            300   5.7e-12   43.6   0.1   1   2   0.00011     0.066   10.5   0.0   197   253    10    66     2    78 0.72 -
260_g                -            166 15540at5794          -            300   5.7e-12   43.6   0.1   2   2   7.5e-11   4.3e-08   30.8   0.0   254   299   118   165   108   165 0.86 -
2917_g               -            424 15540at5794          -            300   4.2e-09   34.2   0.0   1   2      0.31   1.8e+02   -0.7   0.0     3    29    26    52    24    65 0.89 -
2917_g               -            424 15540at5794          -            300   4.2e-09   34.2   0.0   2   2   3.4e-11     2e-08   31.9   0.0    43   158   109   223   101   241 0.91 -
4386_g               -            527 15540at5794          -            300      0.04   11.2   3.0   1   3   3.6e-05     0.021   12.2   0.3    12    81    75   143    68   169 0.82 -
4386_g               -            527 15540at5794          -            300      0.04   11.2   3.0   2   3       1.2   6.9e+02   -2.7   0.0    44    71   166   193   145   206 0.78 -
4386_g               -            527 15540at5794          -            300      0.04   11.2   3.0   3   3       1.9   1.1e+03   -3.4   0.1   162   188   236   262   234   264 0.82 -
#
# Program:         hmmsearch
# Version:         3.1b2 (February 2015)
# Pipeline mode:   SEARCH
# Query file:      /mnt/e/Bioinformatics/Semester2/BINP29/Malaria Project/Genomes/Parsed/busco_downloads/lineages/apicomplexa_odb10/hmms/15540at5794.hmm
# Target file:     /mnt/e/Bioinformatics/Semester2/BINP29/Malaria Project/Genomes/Parsed/Pc_new.faa
# Option settings: hmmsearch --domtblout /mnt/e/Bioinformatics/Semester2/BINP29/Malaria Project/Genomes/Parsed/Pc/run_apicomplexa_odb10/hmmer_output/initial_run_results/15540at5794.out --cpu 1 /mnt/e/Bioinformatics/Semester2/BINP29/Malaria Project/Genomes/Parsed/busco_downloads/lineages/apicomplexa_odb10/hmms/15540at5794.hmm /mnt/e/Bioinformatics/Semester2/BINP29/Malaria Project/Genomes/Parsed/Pc_new.faa 
# Current dir:     /mnt/e/Bioinformatics/Semester2/BINP29/Malaria Project/Genomes/Parsed
# Date:            Wed Mar  1 19:27:44 2023
# [ok]
