#                                                                            --- full sequence --- -------------- this domain -------------   hmm coord   ali coord   env coord
# target name        accession   tlen query name           accession   qlen   E-value  score  bias   #  of  c-Evalue  i-Evalue  score  bias  from    to  from    to  from    to  acc description of target
#------------------- ---------- ----- -------------------- ---------- ----- --------- ------ ----- --- --- --------- --------- ------ ----- ----- ----- ----- ----- ----- ----- ---- ---------------------
2980_g               -            918 16039at5794          -            344  3.6e-145  481.5   8.9   1   3   4.8e-47   2.3e-44  150.0   0.1     1   122    10   157    10   170 0.84 -
2980_g               -            918 16039at5794          -            344  3.6e-145  481.5   8.9   2   3   2.5e-44   1.2e-41  141.1   0.8   126   227   473   571   456   584 0.86 -
2980_g               -            918 16039at5794          -            344  3.6e-145  481.5   8.9   3   3   2.1e-60     1e-57  194.0   0.3   209   344   779   912   772   912 0.94 -
2783_g               -            412 16039at5794          -            344   1.1e-58  197.1   0.1   1   1     1e-60   4.9e-58  195.0   0.1     3   344    46   400    44   400 0.84 -
2463_g               -            377 16039at5794          -            344   1.6e-56  190.0   0.0   1   1   2.3e-58   1.1e-55  187.2   0.0     2   344     8   365     7   365 0.86 -
1770_g               -            377 16039at5794          -            344   2.7e-54  182.7   0.0   1   1   1.6e-56   7.7e-54  181.2   0.0     2   344     7   365     6   365 0.85 -
4477_g               -            385 16039at5794          -            344   1.2e-48  164.1   0.0   1   1   4.5e-51   2.1e-48  163.3   0.0     2   343     5   369     4   370 0.80 -
1678_g               -            542 16039at5794          -            344   2.1e-26   91.0   0.0   1   3     0.048        23    2.1   0.0     2    31    20    49    16    53 0.72 -
1678_g               -            542 16039at5794          -            344   2.1e-26   91.0   0.0   2   3   1.3e-09   6.4e-07   26.9   0.0    73   177   169   262   164   269 0.89 -
1678_g               -            542 16039at5794          -            344   2.1e-26   91.0   0.0   3   3     6e-19   2.9e-16   57.6   0.0   228   343   409   529   395   530 0.88 -
2917_g               -            424 16039at5794          -            344   4.9e-25   86.5   1.2   1   2    0.0013      0.63    7.2   0.0     1    27    24    50    24    98 0.90 -
2917_g               -            424 16039at5794          -            344   4.9e-25   86.5   1.2   2   2   4.6e-25   2.2e-22   77.7   1.0   120   343   167   405   127   406 0.78 -
3806_g               -            725 16039at5794          -            344     2e-14   51.6   1.8   1   3       1.2     6e+02   -2.6   0.0    91   111   322   342   310   363 0.77 -
3806_g               -            725 16039at5794          -            344     2e-14   51.6   1.8   2   3    0.0026       1.3    6.2   0.0   131   208   433   521   424   557 0.77 -
3806_g               -            725 16039at5794          -            344     2e-14   51.6   1.8   3   3   1.1e-14   5.4e-12   43.6   0.2   252   344   607   707   599   707 0.83 -
260_g                -            166 16039at5794          -            344   6.7e-11   40.0   0.4   1   1   1.8e-13   8.9e-11   39.6   0.4   253   344    58   155     1   155 0.74 -
4417_g               -            492 16039at5794          -            344   2.8e-07   28.1   0.1   1   3      0.53   2.6e+02   -1.4   0.0     3    26     8    31     6    38 0.85 -
4417_g               -            492 16039at5794          -            344   2.8e-07   28.1   0.1   2   3   4.8e-06    0.0023   15.2   0.0    74   135   106   167    86   184 0.87 -
4417_g               -            492 16039at5794          -            344   2.8e-07   28.1   0.1   3   3   0.00025      0.12    9.6   0.1   273   344   405   479   377   479 0.75 -
2814_g               -            576 16039at5794          -            344   3.2e-05   21.3   2.5   1   2   5.3e-05     0.026   11.8   0.1   131   178   269   316   211   322 0.88 -
2814_g               -            576 16039at5794          -            344   3.2e-05   21.3   2.5   2   2   0.00025      0.12    9.6   0.2   218   310   429   516   406   556 0.76 -
261_g                -            393 16039at5794          -            344   0.00013   19.4   0.1   1   2    0.0028       1.4    6.1   0.0     3    33    10    40     8    62 0.82 -
261_g                -            393 16039at5794          -            344   0.00013   19.4   0.1   2   2   8.4e-05     0.041   11.1   0.0    85   122   296   333   286   380 0.79 -
#
# Program:         hmmsearch
# Version:         3.1b2 (February 2015)
# Pipeline mode:   SEARCH
# Query file:      /mnt/e/Bioinformatics/Semester2/BINP29/Malaria Project/Genomes/Parsed/busco_downloads/lineages/apicomplexa_odb10/hmms/16039at5794.hmm
# Target file:     /mnt/e/Bioinformatics/Semester2/BINP29/Malaria Project/Genomes/Parsed/Pc_new.faa
# Option settings: hmmsearch --domtblout /mnt/e/Bioinformatics/Semester2/BINP29/Malaria Project/Genomes/Parsed/Pc/run_apicomplexa_odb10/hmmer_output/initial_run_results/16039at5794.out --cpu 1 /mnt/e/Bioinformatics/Semester2/BINP29/Malaria Project/Genomes/Parsed/busco_downloads/lineages/apicomplexa_odb10/hmms/16039at5794.hmm /mnt/e/Bioinformatics/Semester2/BINP29/Malaria Project/Genomes/Parsed/Pc_new.faa 
# Current dir:     /mnt/e/Bioinformatics/Semester2/BINP29/Malaria Project/Genomes/Parsed
# Date:            Wed Mar  1 19:27:45 2023
# [ok]
