#                                                                            --- full sequence --- -------------- this domain -------------   hmm coord   ali coord   env coord
# target name        accession   tlen query name           accession   qlen   E-value  score  bias   #  of  c-Evalue  i-Evalue  score  bias  from    to  from    to  from    to  acc description of target
#------------------- ---------- ----- -------------------- ---------- ----- --------- ------ ----- --- --- --------- --------- ------ ----- ----- ----- ----- ----- ----- ----- ---- ---------------------
4148_g               -            271 18098at5794          -            212  3.7e-111  367.9   5.6   1   1  9.7e-114  5.1e-111  367.5   5.6     9   211    54   262    48   263 0.97 -
1005_g               -            271 18098at5794          -            212     8e-26   89.1   0.0   1   1   2.1e-28   1.1e-25   88.6   0.0    12   196    39   228    29   240 0.94 -
4000_g               -            283 18098at5794          -            212   2.1e-23   81.2   3.3   1   2   6.2e-13   3.3e-10   38.1   0.0     9    77    24    92    18   114 0.84 -
4000_g               -            283 18098at5794          -            212   2.1e-23   81.2   3.3   2   2   1.7e-14   9.2e-12   43.2   1.5    90   190   159   266   139   282 0.84 -
2656_g               -            257 18098at5794          -            212   5.8e-18   63.4   1.5   1   2   3.5e-15   1.8e-12   45.5   0.1    13   126     8   127     4   138 0.81 -
2656_g               -            257 18098at5794          -            212   5.8e-18   63.4   1.5   2   2   1.5e-06   0.00077   17.3   0.2   122   193   154   226   142   243 0.92 -
131_g                -            257 18098at5794          -            212   4.3e-14   50.8   0.2   1   1   1.2e-16   6.2e-14   50.2   0.2    15   193    54   247    49   254 0.85 -
2749_g               -            449 18098at5794          -            212   4.7e-11   40.8   0.2   1   1   6.8e-13   3.6e-10   37.9   0.2    14   131     9   128     3   221 0.93 -
2804_g               -            257 18098at5794          -            212   1.4e-10   39.3   0.1   1   1   6.1e-13   3.2e-10   38.1   0.1    11   192    31   227    23   242 0.83 -
2322_g               -            208 18098at5794          -            212   4.1e-10   37.7   0.1   1   1   1.4e-12   7.1e-10   37.0   0.1    13   172    36   192    31   199 0.85 -
484_g                -            247 18098at5794          -            212   1.9e-08   32.3   1.3   1   1   4.7e-11   2.5e-08   31.9   1.3    11   211    28   242    20   243 0.79 -
1419_g               -            270 18098at5794          -            212   9.5e-06   23.5   0.1   1   1   2.4e-08   1.3e-05   23.1   0.1     8   125    26   145    20   189 0.75 -
695_g                -            236 18098at5794          -            212   0.00011   20.0   0.1   1   1   2.8e-07   0.00015   19.6   0.1    15   164    33   191    21   203 0.83 -
#
# Program:         hmmsearch
# Version:         3.1b2 (February 2015)
# Pipeline mode:   SEARCH
# Query file:      /mnt/e/Bioinformatics/Semester2/BINP29/Malaria Project/Genomes/Parsed/busco_downloads/lineages/apicomplexa_odb10/hmms/18098at5794.hmm
# Target file:     /mnt/e/Bioinformatics/Semester2/BINP29/Malaria Project/Genomes/Parsed/Pc_new.faa
# Option settings: hmmsearch --domtblout /mnt/e/Bioinformatics/Semester2/BINP29/Malaria Project/Genomes/Parsed/Pc/run_apicomplexa_odb10/hmmer_output/initial_run_results/18098at5794.out --cpu 1 /mnt/e/Bioinformatics/Semester2/BINP29/Malaria Project/Genomes/Parsed/busco_downloads/lineages/apicomplexa_odb10/hmms/18098at5794.hmm /mnt/e/Bioinformatics/Semester2/BINP29/Malaria Project/Genomes/Parsed/Pc_new.faa 
# Current dir:     /mnt/e/Bioinformatics/Semester2/BINP29/Malaria Project/Genomes/Parsed
# Date:            Wed Mar  1 19:27:47 2023
# [ok]
