#                                                                            --- full sequence --- -------------- this domain -------------   hmm coord   ali coord   env coord
# target name        accession   tlen query name           accession   qlen   E-value  score  bias   #  of  c-Evalue  i-Evalue  score  bias  from    to  from    to  from    to  acc description of target
#------------------- ---------- ----- -------------------- ---------- ----- --------- ------ ----- --- --- --------- --------- ------ ----- ----- ----- ----- ----- ----- ----- ---- ---------------------
684_g                -            458 21423at5794          -            269  3.4e-100  333.5  44.3   1   4   8.1e-21   2.3e-17   61.9   0.5     3    49    16    65    14    84 0.82 -
684_g                -            458 21423at5794          -            269  3.4e-100  333.5  44.3   2   4   2.5e-23   7.2e-20   70.1  12.7    43   130    85   184    77   190 0.78 -
684_g                -            458 21423at5794          -            269  3.4e-100  333.5  44.3   3   4   3.3e-52   9.7e-49  164.8   8.4   115   241   243   383   228   403 0.79 -
684_g                -            458 21423at5794          -            269  3.4e-100  333.5  44.3   4   4   7.1e-18   2.1e-14   52.2   1.8   233   269   412   448   395   448 0.91 -
820_g                -            219 21423at5794          -            269     4e-13   48.0   2.1   1   3     0.079   2.3e+02   -0.4   2.6    92   117    41    57     8    96 0.52 -
820_g                -            219 21423at5794          -            269     4e-13   48.0   2.1   2   3   1.4e-16     4e-13   48.0   2.1   227   268   119   159   105   160 0.82 -
820_g                -            219 21423at5794          -            269     4e-13   48.0   2.1   3   3     0.038   1.1e+02    0.6   0.3   104   119   189   204   164   215 0.56 -
#
# Program:         hmmsearch
# Version:         3.1b2 (February 2015)
# Pipeline mode:   SEARCH
# Query file:      /mnt/e/Bioinformatics/Semester2/BINP29/Malaria Project/Genomes/Parsed/busco_downloads/lineages/apicomplexa_odb10/hmms/21423at5794.hmm
# Target file:     /mnt/e/Bioinformatics/Semester2/BINP29/Malaria Project/Genomes/Parsed/Pc_new.faa
# Option settings: hmmsearch --domtblout /mnt/e/Bioinformatics/Semester2/BINP29/Malaria Project/Genomes/Parsed/Pc/run_apicomplexa_odb10/hmmer_output/initial_run_results/21423at5794.out --cpu 1 /mnt/e/Bioinformatics/Semester2/BINP29/Malaria Project/Genomes/Parsed/busco_downloads/lineages/apicomplexa_odb10/hmms/21423at5794.hmm /mnt/e/Bioinformatics/Semester2/BINP29/Malaria Project/Genomes/Parsed/Pc_new.faa 
# Current dir:     /mnt/e/Bioinformatics/Semester2/BINP29/Malaria Project/Genomes/Parsed
# Date:            Wed Mar  1 19:27:52 2023
# [ok]
