#                                                                            --- full sequence --- -------------- this domain -------------   hmm coord   ali coord   env coord
# target name        accession   tlen query name           accession   qlen   E-value  score  bias   #  of  c-Evalue  i-Evalue  score  bias  from    to  from    to  from    to  acc description of target
#------------------- ---------- ----- -------------------- ---------- ----- --------- ------ ----- --- --- --------- --------- ------ ----- ----- ----- ----- ----- ----- ----- ---- ---------------------
3382_g               -            221 22116at5794          -            181   5.7e-36  122.5  37.1   1   3       1.8   2.9e+02   -0.3   0.9     2    16     4    18     3    21 0.83 -
3382_g               -            221 22116at5794          -            181   5.7e-36  122.5  37.1   2   3     5e-19   7.8e-17   60.2  24.3     1    96    23   156    23   162 0.81 -
3382_g               -            221 22116at5794          -            181   5.7e-36  122.5  37.1   3   3   7.2e-21   1.1e-18   66.2   0.2    84   135   169   220   157   220 0.91 -
2263_g               -           1671 22116at5794          -            181   2.3e-30  104.3  18.5   1   5       7.2   1.1e+03   -2.3   1.1    42    81    41    81    27   145 0.62 -
2263_g               -           1671 22116at5794          -            181   2.3e-30  104.3  18.5   2   5   6.5e-11     1e-08   33.7   0.0   100   163   802   865   795   881 0.91 -
2263_g               -           1671 22116at5794          -            181   2.3e-30  104.3  18.5   3   5   5.1e-07   7.9e-05   21.0   0.3   101   163   891   952   880   971 0.89 -
2263_g               -           1671 22116at5794          -            181   2.3e-30  104.3  18.5   4   5   3.3e-09   5.1e-07   28.2   0.2    98   164   977  1040   962  1044 0.81 -
2263_g               -           1671 22116at5794          -            181   2.3e-30  104.3  18.5   5   5   3.2e-10   4.9e-08   31.5   0.3    83   162  1217  1296  1207  1314 0.87 -
426_g                -            515 22116at5794          -            181   1.2e-23   82.4   4.0   1   3   2.6e-06    0.0004   18.7   0.0   108   164    96   152    88   156 0.94 -
426_g                -            515 22116at5794          -            181   1.2e-23   82.4   4.0   2   3   3.1e-11   4.8e-09   34.8   0.0    91   164   178   251   165   263 0.92 -
426_g                -            515 22116at5794          -            181   1.2e-23   82.4   4.0   3   3   4.1e-09   6.5e-07   27.8   0.0    66   169   344   440   336   454 0.79 -
1801_g               -            506 22116at5794          -            181   5.7e-22   76.9   5.4   1   3   2.9e-05    0.0045   15.3   0.1   104   164    86   146    81   149 0.93 -
1801_g               -            506 22116at5794          -            181   5.7e-22   76.9   5.4   2   3   1.1e-11   1.8e-09   36.2   0.5    95   164   175   243   166   263 0.90 -
1801_g               -            506 22116at5794          -            181   5.7e-22   76.9   5.4   3   3     2e-08   3.1e-06   25.6   0.0   104   163   400   459   371   477 0.84 -
411_g                -            385 22116at5794          -            181   6.2e-17   60.5   3.0   1   3    0.0037      0.58    8.4   0.2    95   177     5    82     2    86 0.88 -
411_g                -            385 22116at5794          -            181   6.2e-17   60.5   3.0   2   3   9.5e-09   1.5e-06   26.7   0.0    96   164   106   173    93   191 0.87 -
411_g                -            385 22116at5794          -            181   6.2e-17   60.5   3.0   3   3   2.8e-08   4.3e-06   25.1   0.1    89   176   190   276   173   281 0.76 -
1703_g               -            454 22116at5794          -            181   1.7e-15   55.8   0.6   1   2   3.2e-08     5e-06   25.0   0.0    92   162    12    82     4    88 0.89 -
1703_g               -            454 22116at5794          -            181   1.7e-15   55.8   0.6   2   2   1.5e-09   2.4e-07   29.2   0.2    93   176    99   182    83   187 0.83 -
4096_g               -            242 22116at5794          -            181   2.4e-15   55.3   0.9   1   2   1.5e-07   2.4e-05   22.8   0.0    94   177     7    89     1    93 0.86 -
4096_g               -            242 22116at5794          -            181   2.4e-15   55.3   0.9   2   2   3.6e-10   5.7e-08   31.3   0.4    95   177   158   239   129   241 0.84 -
1068_g               -            924 22116at5794          -            181   6.3e-15   54.0   7.0   1   3   8.4e-09   1.3e-06   26.8   1.9    81   158   525   605   514   621 0.82 -
1068_g               -            924 22116at5794          -            181   6.3e-15   54.0   7.0   2   3   3.9e-07   6.2e-05   21.4   0.0   111   177   659   725   656   729 0.90 -
1068_g               -            924 22116at5794          -            181   6.3e-15   54.0   7.0   3   3     0.019       2.9    6.2   0.1   115   172   856   909   849   916 0.84 -
4056_g               -            305 22116at5794          -            181   1.5e-13   49.5   0.1   1   1   1.9e-15     3e-13   48.5   0.1    91   179    63   151    43   153 0.94 -
3307_g               -            293 22116at5794          -            181   8.8e-13   47.0   0.0   1   2   1.9e-09     3e-07   28.9   0.0   100   162     7    68     2    75 0.90 -
3307_g               -            293 22116at5794          -            181   8.8e-13   47.0   0.0   2   2   1.9e-05    0.0029   15.9   0.0   102   163   157   217   153   234 0.86 -
3898_g               -            548 22116at5794          -            181   5.1e-12   44.5  15.1   1   2   0.00055     0.086   11.1   0.4    86   158   124   195   114   206 0.84 -
3898_g               -            548 22116at5794          -            181   5.1e-12   44.5  15.1   2   2   7.2e-12   1.1e-09   36.8   8.6    42   158   288   407   279   411 0.80 -
1837_g               -            108 22116at5794          -            181   4.8e-10   38.0   0.1   1   1   3.7e-12   5.7e-10   37.8   0.1   101   178    24   101     5   104 0.89 -
3859_g               -            339 22116at5794          -            181   3.4e-09   35.3   1.4   1   2   5.3e-05    0.0083   14.5   0.1   100   158    87   144    60   156 0.85 -
3859_g               -            339 22116at5794          -            181   3.4e-09   35.3   1.4   2   2   1.8e-06   0.00028   19.2   0.0    86   160   156   229   143   240 0.85 -
636_g                -            124 22116at5794          -            181   3.5e-09   35.2   1.0   1   1   2.7e-11   4.3e-09   35.0   1.0    68   162    28   122    25   123 0.87 -
3563_g               -            545 22116at5794          -            181   6.7e-09   34.3   0.0   1   3   4.3e-11   6.7e-09   34.3   0.0    96   177     9    90     2    94 0.91 -
3563_g               -            545 22116at5794          -            181   6.7e-09   34.3   0.0   2   3     0.061       9.5    4.5   0.0    98   167   111   172   104   186 0.81 -
3563_g               -            545 22116at5794          -            181   6.7e-09   34.3   0.0   3   3       4.9   7.6e+02   -1.7   0.3    70    98   281   309   270   319 0.78 -
3542_g               -            473 22116at5794          -            181   2.5e-08   32.4   0.4   1   1   1.6e-10   2.5e-08   32.4   0.4    88   168   237   317   229   330 0.87 -
2077_g               -            127 22116at5794          -            181   3.1e-08   32.1   2.2   1   2   4.3e-10   6.7e-08   31.0   0.9   104   177    12    85     2    89 0.86 -
2077_g               -            127 22116at5794          -            181   3.1e-08   32.1   2.2   2   2       0.4        63    1.8   0.5    17    35    75    93    70   120 0.82 -
2203_g               -           1122 22116at5794          -            181   4.2e-08   31.7   5.2   1   5      0.19        30    2.9   2.1    90   162    24   106     9   118 0.73 -
2203_g               -           1122 22116at5794          -            181   4.2e-08   31.7   5.2   2   5         9   1.4e+03   -2.6  12.1    34   179   400   538   396   539 0.66 -
2203_g               -           1122 22116at5794          -            181   4.2e-08   31.7   5.2   3   5   3.6e-05    0.0056   15.0   0.1    96   176   729   803   724   807 0.90 -
2203_g               -           1122 22116at5794          -            181   4.2e-08   31.7   5.2   4   5   3.3e-05    0.0052   15.1   4.6    90   177   854   956   829   962 0.66 -
2203_g               -           1122 22116at5794          -            181   4.2e-08   31.7   5.2   5   5   5.9e-09   9.2e-07   27.3   1.7    98   163   978  1042   951  1052 0.78 -
3404_g               -            239 22116at5794          -            181   6.7e-08   31.0   0.1   1   1   7.7e-10   1.2e-07   30.2   0.1    99   164    33    98    10   109 0.92 -
4240_g               -            284 22116at5794          -            181   1.7e-07   29.8   0.3   1   2   2.6e-09     4e-07   28.5   0.0    94   163    30    99     9   106 0.89 -
4240_g               -            284 22116at5794          -            181   1.7e-07   29.8   0.3   2   2       8.2   1.3e+03   -2.5   0.1   140   153   153   166   141   189 0.56 -
3925_g               -            203 22116at5794          -            181   2.3e-07   29.3   0.3   1   1   1.9e-09     3e-07   28.9   0.3    69   158    37   129    16   149 0.80 -
3972_g               -            289 22116at5794          -            181   2.7e-07   29.1   5.9   1   2    0.0041      0.64    8.3   1.6    61   166     7   106     2   121 0.71 -
3972_g               -            289 22116at5794          -            181   2.7e-07   29.1   5.9   2   2   1.5e-07   2.4e-05   22.7   0.1    96   162   207   272   202   279 0.89 -
3394_g               -            362 22116at5794          -            181   3.1e-07   28.9   0.4   1   2     5e-07   7.9e-05   21.0   0.0   107   151   125   169   108   185 0.88 -
3394_g               -            362 22116at5794          -            181   3.1e-07   28.9   0.4   2   2     0.023       3.5    5.9   0.1   104   179   206   279   180   281 0.75 -
4565_g               -            175 22116at5794          -            181   9.8e-07   27.3   1.5   1   2   4.6e-08   7.2e-06   24.4   0.5   101   176     9    83     3    89 0.88 -
4565_g               -            175 22116at5794          -            181   9.8e-07   27.3   1.5   2   2      0.44        68    1.7   0.0   143   167   125   149   104   156 0.82 -
4010_g               -            843 22116at5794          -            181   1.9e-06   26.3   0.0   1   1   2.1e-08   3.3e-06   25.5   0.0    99   177     6    84     1    88 0.89 -
4632_g               -           1062 22116at5794          -            181   3.2e-06   25.6   0.0   1   1   2.1e-08   3.2e-06   25.6   0.0   100   164     6    70     2    94 0.91 -
142_g                -            317 22116at5794          -            181   4.2e-06   25.2   0.0   1   2   2.8e-06   0.00043   18.6   0.0   101   173     9    78     2    86 0.84 -
142_g                -            317 22116at5794          -            181   4.2e-06   25.2   0.0   2   2     0.074        12    4.2   0.0   142   167   145   170   139   173 0.85 -
4749_g               -           1325 22116at5794          -            181   4.3e-06   25.2   0.0   1   1   2.8e-08   4.3e-06   25.2   0.0   105   164   514   572   499   575 0.89 -
716_g                -            747 22116at5794          -            181   5.2e-06   24.9   2.3   1   3     0.029       4.5    5.5   0.0    97   164   399   463   379   473 0.77 -
716_g                -            747 22116at5794          -            181   5.2e-06   24.9   2.3   2   3         1   1.6e+02    0.5   0.0    84   136   532   586   529   608 0.75 -
716_g                -            747 22116at5794          -            181   5.2e-06   24.9   2.3   3   3   2.1e-05    0.0033   15.7   0.4    61   163   624   729   601   745 0.66 -
2378_g               -            545 22116at5794          -            181   6.8e-06   24.5   0.5   1   2   0.00055     0.086   11.2   0.0   101   160    17    85     9    89 0.75 -
2378_g               -            545 22116at5794          -            181   6.8e-06   24.5   0.5   2   2   0.00045      0.07   11.4   0.1   108   177   469   537   443   541 0.84 -
4448_g               -           1004 22116at5794          -            181   1.4e-05   23.5   3.7   1   3       7.4   1.2e+03   -2.3   2.1    42    88    14    60    10    72 0.76 -
4448_g               -           1004 22116at5794          -            181   1.4e-05   23.5   3.7   2   3   2.2e-07   3.4e-05   22.2   2.5    93   177   607   692   556   696 0.69 -
4448_g               -           1004 22116at5794          -            181   1.4e-05   23.5   3.7   3   3    0.0016      0.26    9.6   0.0   100   155   913   968   901   984 0.85 -
2268_g               -            111 22116at5794          -            181   4.5e-05   21.8   0.0   1   1   4.1e-07   6.4e-05   21.3   0.0   103   162    17    73    10    86 0.90 -
1336_g               -            798 22116at5794          -            181   4.5e-05   21.8   0.3   1   2   2.9e-07   4.5e-05   21.8   0.3    92   179    18   108     2   110 0.81 -
1336_g               -            798 22116at5794          -            181   4.5e-05   21.8   0.3   2   2       6.8   1.1e+03   -2.2   0.1    30    66   241   277   239   319 0.80 -
4029_g               -            846 22116at5794          -            181    0.0007   18.0   0.2   1   2     5e-05    0.0078   14.5   0.1   100   180   108   189    86   190 0.86 -
4029_g               -            846 22116at5794          -            181    0.0007   18.0   0.2   2   2       1.2   1.9e+02    0.2   0.0   100   158   219   274   212   281 0.71 -
2482_g               -            392 22116at5794          -            181     0.001   17.4   0.4   1   1   1.4e-05    0.0021   16.4   0.4    91   160   215   278   176   286 0.84 -
3559_g               -           1596 22116at5794          -            181    0.0033   15.8   2.1   1   2      0.79   1.2e+02    0.9   0.4   104   166   358   417   315   422 0.71 -
3559_g               -           1596 22116at5794          -            181    0.0033   15.8   2.1   2   2   0.00012     0.018   13.3   0.1   113   174   471   536   466   542 0.75 -
5048_g               -            279 22116at5794          -            181     0.029   12.7   6.1   1   2    0.0014      0.21    9.9   2.0     5    34    21    50    17    95 0.89 -
5048_g               -            279 22116at5794          -            181     0.029   12.7   6.1   2   2     0.065        10    4.4   0.1   105   135   219   249   182   254 0.83 -
#
# Program:         hmmsearch
# Version:         3.1b2 (February 2015)
# Pipeline mode:   SEARCH
# Query file:      /mnt/e/Bioinformatics/Semester2/BINP29/Malaria Project/Genomes/Parsed/busco_downloads/lineages/apicomplexa_odb10/hmms/22116at5794.hmm
# Target file:     /mnt/e/Bioinformatics/Semester2/BINP29/Malaria Project/Genomes/Parsed/Pc_new.faa
# Option settings: hmmsearch --domtblout /mnt/e/Bioinformatics/Semester2/BINP29/Malaria Project/Genomes/Parsed/Pc/run_apicomplexa_odb10/hmmer_output/initial_run_results/22116at5794.out --cpu 1 /mnt/e/Bioinformatics/Semester2/BINP29/Malaria Project/Genomes/Parsed/busco_downloads/lineages/apicomplexa_odb10/hmms/22116at5794.hmm /mnt/e/Bioinformatics/Semester2/BINP29/Malaria Project/Genomes/Parsed/Pc_new.faa 
# Current dir:     /mnt/e/Bioinformatics/Semester2/BINP29/Malaria Project/Genomes/Parsed
# Date:            Wed Mar  1 19:27:53 2023
# [ok]
