#                                                                            --- full sequence --- -------------- this domain -------------   hmm coord   ali coord   env coord
# target name        accession   tlen query name           accession   qlen   E-value  score  bias   #  of  c-Evalue  i-Evalue  score  bias  from    to  from    to  from    to  acc description of target
#------------------- ---------- ----- -------------------- ---------- ----- --------- ------ ----- --- --- --------- --------- ------ ----- ----- ----- ----- ----- ----- ----- ---- ---------------------
4000_g               -            283 22440at5794          -            197   3.8e-87  289.6   7.1   1   1   6.9e-89   2.8e-86  286.8   7.1     2   197    23   265    22   265 0.93 -
4148_g               -            271 22440at5794          -            197   1.7e-38  130.8   1.5   1   1   6.4e-41   2.7e-38  130.2   1.5     6   197    57   240    54   240 0.93 -
1005_g               -            271 22440at5794          -            197   7.7e-31  105.9   0.0   1   1   2.6e-33   1.1e-30  105.4   0.0     6   197    39   221    37   221 0.92 -
2656_g               -            257 22440at5794          -            197   3.8e-23   80.8   0.6   1   2   1.2e-17   4.9e-15   54.3   0.1     4   122     5   122     2   134 0.80 -
2656_g               -            257 22440at5794          -            197   3.8e-23   80.8   0.6   2   2   1.1e-08   4.4e-06   25.1   0.1   122   196   146   221   138   222 0.90 -
131_g                -            257 22440at5794          -            197   3.3e-17   61.4   0.2   1   1   1.1e-19   4.4e-17   61.0   0.2     9   187    54   233    49   243 0.85 -
2804_g               -            257 22440at5794          -            197   8.4e-15   53.5   0.0   1   1   2.5e-17     1e-14   53.2   0.0     4   187    30   214    27   224 0.87 -
2322_g               -            208 22440at5794          -            197   3.8e-11   41.6   0.1   1   1   5.5e-13   2.3e-10   39.1   0.1     7   161    36   175    33   199 0.76 -
484_g                -            247 22440at5794          -            197   2.2e-09   35.9   0.3   1   1   8.9e-12   3.7e-09   35.1   0.3     5   177    28   197    24   204 0.78 -
2749_g               -            449 22440at5794          -            197   2.9e-09   35.4   0.1   1   1   3.8e-11   1.6e-08   33.1   0.1     8   187     9   195     6   197 0.78 -
483_g                -            242 22440at5794          -            197   3.9e-09   35.0   0.0   1   1   1.3e-11   5.3e-09   34.6   0.0     4   177    25   194    22   202 0.84 -
1419_g               -            270 22440at5794          -            197   6.1e-08   31.1   0.1   1   1   1.9e-10   7.7e-08   30.8   0.1     3   160    27   176    25   202 0.80 -
4266_g               -            254 22440at5794          -            197     8e-08   30.8   0.6   1   1   2.7e-10   1.1e-07   30.3   0.6     3   171    29   196    27   211 0.81 -
695_g                -            236 22440at5794          -            197   6.9e-07   27.7   0.1   1   1   2.2e-09     9e-07   27.3   0.1     5   171    29   190    25   201 0.81 -
1096_g               -            762 22440at5794          -            197     8e-06   24.2   0.2   1   1   1.2e-06    0.0005   18.4   0.2    10   176     3   184     2   189 0.63 -
#
# Program:         hmmsearch
# Version:         3.1b2 (February 2015)
# Pipeline mode:   SEARCH
# Query file:      /mnt/e/Bioinformatics/Semester2/BINP29/Malaria Project/Genomes/Parsed/busco_downloads/lineages/apicomplexa_odb10/hmms/22440at5794.hmm
# Target file:     /mnt/e/Bioinformatics/Semester2/BINP29/Malaria Project/Genomes/Parsed/Pc_new.faa
# Option settings: hmmsearch --domtblout /mnt/e/Bioinformatics/Semester2/BINP29/Malaria Project/Genomes/Parsed/Pc/run_apicomplexa_odb10/hmmer_output/initial_run_results/22440at5794.out --cpu 1 /mnt/e/Bioinformatics/Semester2/BINP29/Malaria Project/Genomes/Parsed/busco_downloads/lineages/apicomplexa_odb10/hmms/22440at5794.hmm /mnt/e/Bioinformatics/Semester2/BINP29/Malaria Project/Genomes/Parsed/Pc_new.faa 
# Current dir:     /mnt/e/Bioinformatics/Semester2/BINP29/Malaria Project/Genomes/Parsed
# Date:            Wed Mar  1 19:27:53 2023
# [ok]
