#                                                                            --- full sequence --- -------------- this domain -------------   hmm coord   ali coord   env coord
# target name        accession   tlen query name           accession   qlen   E-value  score  bias   #  of  c-Evalue  i-Evalue  score  bias  from    to  from    to  from    to  acc description of target
#------------------- ---------- ----- -------------------- ---------- ----- --------- ------ ----- --- --- --------- --------- ------ ----- ----- ----- ----- ----- ----- ----- ---- ---------------------
2203_g               -           1122 22891at5794          -            486    1e-161  537.1  60.0   1   7   8.8e-25     1e-22   78.6   6.8     1    86    31   135    31   151 0.84 -
2203_g               -           1122 22891at5794          -            486    1e-161  537.1  60.0   2   7   2.8e-05    0.0033   14.3   0.3    73   101   168   196   154   219 0.83 -
2203_g               -           1122 22891at5794          -            486    1e-161  537.1  60.0   3   7   3.9e-08   4.6e-06   23.7   0.1    93   137   367   411   354   456 0.87 -
2203_g               -           1122 22891at5794          -            486    1e-161  537.1  60.0   4   7   1.4e-09   1.6e-07   28.5   1.3   126   177   494   549   485   573 0.73 -
2203_g               -           1122 22891at5794          -            486    1e-161  537.1  60.0   5   7   2.3e-27   2.7e-25   87.1   3.1   170   239   572   646   549   650 0.85 -
2203_g               -           1122 22891at5794          -            486    1e-161  537.1  60.0   6   7   1.2e-33   1.4e-31  107.9   0.2   236   321   727   815   723   819 0.92 -
2203_g               -           1122 22891at5794          -            486    1e-161  537.1  60.0   7   7   2.9e-67   3.3e-65  218.7  12.8   316   486   857  1057   848  1057 0.85 -
2263_g               -           1671 22891at5794          -            486   7.3e-42  141.8  10.9   1   3   2.6e-08     3e-06   24.3   0.0   405   477   798   871   683   880 0.86 -
2263_g               -           1671 22891at5794          -            486   7.3e-42  141.8  10.9   2   3   5.9e-25   6.9e-23   79.2   3.8   323   473   890  1041   883  1044 0.90 -
2263_g               -           1671 22891at5794          -            486   7.3e-42  141.8  10.9   3   3   3.6e-13   4.2e-11   40.3   0.2   394   484  1220  1310  1209  1321 0.72 -
3859_g               -            339 22891at5794          -            486   1.1e-30  104.8   1.0   1   2   2.6e-12     3e-10   37.5   0.0   399   477    77   158    53   166 0.82 -
3859_g               -            339 22891at5794          -            486   1.1e-30  104.8   1.0   2   2   2.9e-23   3.4e-21   73.6   0.2   324   468    88   229    82   244 0.89 -
411_g                -            385 22891at5794          -            486   4.2e-29   99.7   0.9   1   2   3.4e-08     4e-06   23.9   0.1   404   480     5    77     2    83 0.91 -
411_g                -            385 22891at5794          -            486   4.2e-29   99.7   0.9   2   2   1.6e-22   1.8e-20   71.2   0.1   317   469   104   261    97   272 0.88 -
426_g                -            515 22891at5794          -            486   2.4e-22   77.4   0.1   1   3     1e-06   0.00012   19.0   0.0   408   473    87   153    81   160 0.88 -
426_g                -            515 22891at5794          -            486   2.4e-22   77.4   0.1   2   3   2.9e-09   3.4e-07   27.4   0.0   407   472   185   251   171   256 0.88 -
426_g                -            515 22891at5794          -            486   2.4e-22   77.4   0.1   3   3   3.6e-09   4.2e-07   27.1   0.0   414   479   378   444   362   463 0.82 -
1703_g               -            454 22891at5794          -            486   2.8e-22   77.1   0.2   1   2   6.4e-13   7.5e-11   39.5   0.0   404   483    15    95     5    98 0.87 -
1703_g               -            454 22891at5794          -            486   2.8e-22   77.1   0.2   2   2   5.1e-12   5.9e-10   36.5   0.1   396   483    94   181    90   184 0.92 -
1801_g               -            506 22891at5794          -            486     1e-21   75.3   3.9   1   3   1.3e-06   0.00015   18.7   0.1   409   475    82   149    41   161 0.87 -
1801_g               -            506 22891at5794          -            486     1e-21   75.3   3.9   2   3   2.6e-11     3e-09   34.2   0.2   402   470   173   241   164   245 0.93 -
1801_g               -            506 22891at5794          -            486     1e-21   75.3   3.9   3   3   1.1e-07   1.3e-05   22.2   0.0   415   471   402   459   386   481 0.76 -
3307_g               -            293 22891at5794          -            486   4.7e-20   69.8   0.0   1   2   1.7e-09   1.9e-07   28.2   0.0   405   471     3    69     1    75 0.93 -
3307_g               -            293 22891at5794          -            486   4.7e-20   69.8   0.0   2   2   5.6e-13   6.5e-11   39.7   0.0   411   484   157   230   149   232 0.93 -
3898_g               -            548 22891at5794          -            486   1.1e-18   65.3   9.9   1   3   1.3e-09   1.5e-07   28.6   0.2   386   473   114   202    95   207 0.75 -
3898_g               -            548 22891at5794          -            486   1.1e-18   65.3   9.9   2   3       1.4   1.6e+02   -1.2   0.0    39    77   278   316   273   327 0.91 -
3898_g               -            548 22891at5794          -            486   1.1e-18   65.3   9.9   3   3   8.9e-13     1e-10   39.0   4.1   397   466   334   407   303   424 0.81 -
1068_g               -            924 22891at5794          -            486     2e-18   64.5   0.3   1   2   1.8e-19   2.1e-17   61.1   0.1   315   485   538   725   530   726 0.81 -
1068_g               -            924 22891at5794          -            486     2e-18   64.5   0.3   2   2      0.77        90   -0.4   0.0   423   472   855   901   849   910 0.81 -
4096_g               -            242 22891at5794          -            486   1.3e-17   61.7   0.0   1   2   2.7e-11   3.1e-09   34.1   0.0   401   477     5    81     1    89 0.91 -
4096_g               -            242 22891at5794          -            486   1.3e-17   61.7   0.0   2   2   8.6e-09     1e-06   25.9   0.0   403   483   157   237   151   240 0.90 -
4448_g               -           1004 22891at5794          -            486   2.6e-16   57.5   0.0   1   2   2.2e-11   2.6e-09   34.4   0.1   409   484   614   689   601   691 0.81 -
4448_g               -           1004 22891at5794          -            486   2.6e-16   57.5   0.0   2   2     3e-07   3.4e-05   20.8   0.0   406   485   910   991   905   992 0.86 -
3394_g               -            362 22891at5794          -            486   1.7e-14   51.5   0.2   1   2   1.3e-06   0.00015   18.6   0.1   400   459   109   169    98   176 0.83 -
3394_g               -            362 22891at5794          -            486   1.7e-14   51.5   0.2   2   2     2e-10   2.3e-08   31.3   0.0   384   471   175   264   169   276 0.81 -
4632_g               -           1062 22891at5794          -            486   5.6e-12   43.2   0.0   1   1   7.6e-14   8.8e-12   42.5   0.0   410   483     7    81     2    84 0.90 -
2077_g               -            127 22891at5794          -            486   8.9e-12   42.5   0.0   1   1   8.8e-14     1e-11   42.3   0.0   405   485     4    85     1    86 0.90 -
2268_g               -            111 22891at5794          -            486   9.1e-11   39.2   0.0   1   1   8.4e-13   9.7e-11   39.1   0.0   405   481    10    84     1    89 0.89 -
1840_g               -            716 22891at5794          -            486   1.3e-10   38.7   9.4   1   3    0.0011      0.13    9.0   2.3    35    83    50    98    13   115 0.82 -
1840_g               -            716 22891at5794          -            486   1.3e-10   38.7   9.4   2   3   2.7e-09   3.2e-07   27.5   0.2   406   480   309   381   305   387 0.88 -
1840_g               -            716 22891at5794          -            486   1.3e-10   38.7   9.4   3   3     0.017         2    5.1   0.0    86   150   520   590   512   594 0.63 -
505_g                -            671 22891at5794          -            486     3e-10   37.5   0.2   1   2    0.0022      0.25    8.1   0.0   394   477     8    97     6   107 0.73 -
505_g                -            671 22891at5794          -            486     3e-10   37.5   0.2   2   2   1.2e-11   1.4e-09   35.3   0.2   347   478    53   202    47   209 0.73 -
720_g                -            602 22891at5794          -            486     3e-10   37.5   3.9   1   2   1.7e-06    0.0002   18.3   0.1   323   384     9    70     4    83 0.82 -
720_g                -            602 22891at5794          -            486     3e-10   37.5   3.9   2   2   5.1e-07   5.9e-05   20.0   0.6   322   392   165   235   151   272 0.86 -
4010_g               -            843 22891at5794          -            486   3.2e-10   37.4   0.1   1   2   4.8e-12   5.6e-10   36.6   0.0   406   484     4    83     1    85 0.90 -
4010_g               -            843 22891at5794          -            486   3.2e-10   37.4   0.1   2   2       7.8     9e+02   -3.7   0.1   252   289   194   229   188   245 0.51 -
4749_g               -           1325 22891at5794          -            486   3.8e-10   37.2   0.2   1   2   1.8e-11   2.1e-09   34.7   0.0   403   472   503   572   496   584 0.89 -
4749_g               -           1325 22891at5794          -            486   3.8e-10   37.2   0.2   2   2      0.74        85   -0.3   0.0   369   448   736   814   697   824 0.77 -
4056_g               -            305 22891at5794          -            486   6.1e-10   36.5   0.0   1   1   7.3e-12   8.4e-10   36.0   0.0   316   400    65   152    61   162 0.85 -
4029_g               -            846 22891at5794          -            486   7.2e-10   36.2   3.4   1   3   4.8e-09   5.5e-07   26.7   0.2   408   485   107   186    67   187 0.87 -
4029_g               -            846 22891at5794          -            486   7.2e-10   36.2   3.4   2   3   0.00055     0.064   10.0   0.0   411   470   221   275   208   334 0.66 -
4029_g               -            846 22891at5794          -            486   7.2e-10   36.2   3.4   3   3       6.4   7.4e+02   -3.4   0.1   313   398   467   555   461   558 0.63 -
3542_g               -            473 22891at5794          -            486     1e-09   35.7   0.7   1   1   1.5e-11   1.8e-09   35.0   0.7   364   484   207   325   186   327 0.86 -
716_g                -            747 22891at5794          -            486   1.1e-09   35.6   4.2   1   3   0.00045     0.052   10.3   0.1   397   476   388   467   383   495 0.80 -
716_g                -            747 22891at5794          -            486   1.1e-09   35.6   4.2   2   3     0.015       1.7    5.3   0.0   402   479   542   616   529   622 0.80 -
716_g                -            747 22891at5794          -            486   1.1e-09   35.6   4.2   3   3   5.8e-07   6.7e-05   19.8   0.2   402   478   660   736   634   744 0.87 -
3559_g               -           1596 22891at5794          -            486   1.3e-09   35.4   0.4   1   2     0.002      0.24    8.2   0.1   385   475   330   418   293   423 0.74 -
3559_g               -           1596 22891at5794          -            486   1.3e-09   35.4   0.4   2   2   1.4e-08   1.6e-06   25.2   0.0   417   484   466   538   457   540 0.84 -
2378_g               -            545 22891at5794          -            486   1.8e-09   34.9   0.4   1   2   0.00078      0.09    9.5   0.1     2    32    15    48    14   108 0.83 -
2378_g               -            545 22891at5794          -            486   1.8e-09   34.9   0.4   2   2   5.2e-08     6e-06   23.3   0.0   401   477   453   529   444   541 0.78 -
277_g                -            327 22891at5794          -            486   1.9e-09   34.8   0.6   1   1     2e-11   2.3e-09   34.5   0.0   406   480     9    84     4    90 0.89 -
4075_g               -            907 22891at5794          -            486   4.7e-09   33.6   1.1   1   2   0.00021     0.024   11.4   0.0    91   164   309   384   296   399 0.55 -
4075_g               -            907 22891at5794          -            486   4.7e-09   33.6   1.1   2   2   3.1e-07   3.6e-05   20.7   0.2   396   476   409   487   406   495 0.90 -
4565_g               -            175 22891at5794          -            486   9.8e-09   32.5   0.1   1   1   1.3e-10   1.5e-08   31.9   0.1   406   483     5    82     1    85 0.94 -
3925_g               -            203 22891at5794          -            486   2.7e-08   31.0   0.2   1   1   2.9e-10   3.4e-08   30.7   0.2   401   469    62   131    38   147 0.68 -
3563_g               -            545 22891at5794          -            486   3.3e-08   30.8   0.0   1   1   8.3e-10   9.6e-08   29.2   0.0   318   473     8   170     2   174 0.79 -
1336_g               -            798 22891at5794          -            486   3.5e-08   30.7   0.2   1   1   4.6e-10   5.3e-08   30.1   0.2   392   484    11   105     1   107 0.85 -
420_g                -            182 22891at5794          -            486   8.9e-08   29.3   0.0   1   1   9.7e-10   1.1e-07   29.0   0.0   320   409    47   139    31   156 0.88 -
1116_g               -            915 22891at5794          -            486   9.4e-08   29.3   0.1   1   3      0.13        15    2.2   0.0   316   350   537   571   531   629 0.88 -
1116_g               -            915 22891at5794          -            486   9.4e-08   29.3   0.1   2   3   4.4e-08     5e-06   23.6   0.0   316   408   670   765   657   772 0.75 -
1116_g               -            915 22891at5794          -            486   9.4e-08   29.3   0.1   3   3       1.9   2.2e+02   -1.6   0.0   417   469   830   886   788   898 0.65 -
142_g                -            317 22891at5794          -            486   1.1e-07   29.1   0.0   1   2   7.1e-09   8.2e-07   26.2   0.0   406   482     5    79     1    83 0.88 -
142_g                -            317 22891at5794          -            486   1.1e-07   29.1   0.0   2   2      0.38        44    0.7   0.0   103   151   115   163   104   191 0.65 -
636_g                -            124 22891at5794          -            486   1.1e-07   29.0   0.0   1   1   1.1e-09   1.2e-07   28.9   0.0   400   469    52   121    35   123 0.86 -
4240_g               -            284 22891at5794          -            486   1.2e-07   28.9   0.0   1   1   1.4e-09   1.6e-07   28.5   0.0   402   483    29   111    14   114 0.88 -
352_g                -            490 22891at5794          -            486   1.4e-07   28.7   0.5   1   1   1.6e-09   1.9e-07   28.3   0.5   405   483    94   172    54   175 0.81 -
1837_g               -            108 22891at5794          -            486   2.4e-07   27.9   0.0   1   1   2.5e-09   2.9e-07   27.7   0.0   397   482    11    97     5   102 0.82 -
1944_g               -            392 22891at5794          -            486   5.7e-07   26.7   0.1   1   1   7.2e-09   8.3e-07   26.1   0.1   322   405   220   307   193   313 0.75 -
3404_g               -            239 22891at5794          -            486   4.8e-06   23.6   0.0   1   1     7e-08   8.1e-06   22.9   0.0   404   479    29   105    21   110 0.82 -
3972_g               -            289 22891at5794          -            486   7.5e-06   23.0   7.2   1   2    0.0015      0.17    8.6   3.5   316   409    40   129    28   146 0.67 -
3972_g               -            289 22891at5794          -            486   7.5e-06   23.0   7.2   2   2   9.1e-06    0.0011   15.9   0.1    96   466   209   268   201   284 0.43 -
3621_g               -            898 22891at5794          -            486   2.1e-05   21.5   0.0   1   1   2.9e-07   3.3e-05   20.8   0.0   404   485     4    83     1    84 0.90 -
3579_g               -            164 22891at5794          -            486   2.3e-05   21.4   0.0   1   1   2.6e-07     3e-05   21.0   0.0   396   477    45   129    35   135 0.84 -
4681_g               -            949 22891at5794          -            486   4.5e-05   20.4   0.0   1   1     6e-07     7e-05   19.8   0.0   404   468   725   797   714   803 0.75 -
1982_g               -            159 22891at5794          -            486    0.0018   15.2   0.0   1   1     2e-05    0.0023   14.8   0.0   390   470    17    95     2   100 0.82 -
2941_g               -           1088 22891at5794          -            486    0.0022   14.9   3.8   1   3      0.23        27    1.4   0.0   438   480   689   729   647   734 0.63 -
2941_g               -           1088 22891at5794          -            486    0.0022   14.9   3.8   2   3    0.0002     0.023   11.5   0.2   407   475   788   856   776   864 0.91 -
2941_g               -           1088 22891at5794          -            486    0.0022   14.9   3.8   3   3      0.33        38    0.9   0.2   360   392  1007  1040  1003  1065 0.66 -
2482_g               -            392 22891at5794          -            486    0.0032   14.3   0.2   1   1   3.8e-05    0.0044   13.8   0.2   399   479   214   290   193   297 0.78 -
4558_g               -            324 22891at5794          -            486     0.056   10.2   0.0   1   1   0.00049     0.056   10.2   0.0   279   317   115   153    81   159 0.87 -
#
# Program:         hmmsearch
# Version:         3.1b2 (February 2015)
# Pipeline mode:   SEARCH
# Query file:      /mnt/e/Bioinformatics/Semester2/BINP29/Malaria Project/Genomes/Parsed/busco_downloads/lineages/apicomplexa_odb10/hmms/22891at5794.hmm
# Target file:     /mnt/e/Bioinformatics/Semester2/BINP29/Malaria Project/Genomes/Parsed/Pc_new.faa
# Option settings: hmmsearch --domtblout /mnt/e/Bioinformatics/Semester2/BINP29/Malaria Project/Genomes/Parsed/Pc/run_apicomplexa_odb10/hmmer_output/initial_run_results/22891at5794.out --cpu 1 /mnt/e/Bioinformatics/Semester2/BINP29/Malaria Project/Genomes/Parsed/busco_downloads/lineages/apicomplexa_odb10/hmms/22891at5794.hmm /mnt/e/Bioinformatics/Semester2/BINP29/Malaria Project/Genomes/Parsed/Pc_new.faa 
# Current dir:     /mnt/e/Bioinformatics/Semester2/BINP29/Malaria Project/Genomes/Parsed
# Date:            Wed Mar  1 19:27:54 2023
# [ok]
