#                                                                            --- full sequence --- -------------- this domain -------------   hmm coord   ali coord   env coord
# target name        accession   tlen query name           accession   qlen   E-value  score  bias   #  of  c-Evalue  i-Evalue  score  bias  from    to  from    to  from    to  acc description of target
#------------------- ---------- ----- -------------------- ---------- ----- --------- ------ ----- --- --- --------- --------- ------ ----- ----- ----- ----- ----- ----- ----- ---- ---------------------
3844_g               -            160 25624at5794          -            158    2e-103  341.0   0.2   1   1  4.9e-106  2.2e-103  340.9   0.2     1   158     2   159     2   159 1.00 -
2127_g               -            165 25624at5794          -            158   4.4e-38  128.7   0.0   1   1   1.3e-40   5.9e-38  128.3   0.0     2   150     4   144     3   150 0.94 -
4242_g               -            161 25624at5794          -            158   3.6e-33  112.7   0.1   1   1     1e-35   4.5e-33  112.4   0.1     2   147     4   141     3   148 0.95 -
1459_g               -            148 25624at5794          -            158   1.3e-29  101.1   0.1   1   1   3.9e-32   1.7e-29  100.7   0.1     3   149     2   140     1   146 0.93 -
3899_g               -            164 25624at5794          -            158   1.8e-28   97.4   0.1   1   1   8.8e-31   3.9e-28   96.3   0.1     2   150     4   159     3   162 0.89 -
459_g                -            220 25624at5794          -            158   1.1e-24   85.1   0.2   1   1   3.7e-27   1.7e-24   84.5   0.2    33   143    34   143    23   155 0.92 -
41_g                 -            718 25624at5794          -            158   4.3e-21   73.5   0.0   1   1     2e-23   8.8e-21   72.4   0.0    43   145   602   702   592   712 0.92 -
719_g                -            153 25624at5794          -            158   1.4e-16   58.8   0.1   1   1   3.6e-19   1.6e-16   58.6   0.1    34   134    27   126    10   148 0.91 -
3675_g               -            192 25624at5794          -            158   3.3e-16   57.6   0.0   1   1     9e-19     4e-16   57.3   0.0    43   151    37   145     6   152 0.87 -
2455_g               -            151 25624at5794          -            158   4.6e-15   53.9   0.1   1   1   1.3e-17     6e-15   53.5   0.1    48   144    49   143    35   147 0.91 -
1766_g               -            305 25624at5794          -            158   8.5e-14   49.7   0.2   1   1   4.2e-16   1.9e-13   48.6   0.2    39   124   189   273   161   287 0.90 -
850_g                -            263 25624at5794          -            158   2.1e-13   48.5   0.1   1   1   7.1e-16   3.2e-13   47.9   0.1    33   122   143   231   119   244 0.89 -
4368_g               -            140 25624at5794          -            158   7.2e-12   43.5   0.0   1   1   1.8e-14   7.9e-12   43.3   0.0    34   129    37   133    20   139 0.90 -
#
# Program:         hmmsearch
# Version:         3.1b2 (February 2015)
# Pipeline mode:   SEARCH
# Query file:      /mnt/e/Bioinformatics/Semester2/BINP29/Malaria Project/Genomes/Parsed/busco_downloads/lineages/apicomplexa_odb10/hmms/25624at5794.hmm
# Target file:     /mnt/e/Bioinformatics/Semester2/BINP29/Malaria Project/Genomes/Parsed/Pc_new.faa
# Option settings: hmmsearch --domtblout /mnt/e/Bioinformatics/Semester2/BINP29/Malaria Project/Genomes/Parsed/Pc/run_apicomplexa_odb10/hmmer_output/initial_run_results/25624at5794.out --cpu 1 /mnt/e/Bioinformatics/Semester2/BINP29/Malaria Project/Genomes/Parsed/busco_downloads/lineages/apicomplexa_odb10/hmms/25624at5794.hmm /mnt/e/Bioinformatics/Semester2/BINP29/Malaria Project/Genomes/Parsed/Pc_new.faa 
# Current dir:     /mnt/e/Bioinformatics/Semester2/BINP29/Malaria Project/Genomes/Parsed
# Date:            Wed Mar  1 19:27:58 2023
# [ok]
