#                                                                            --- full sequence --- -------------- this domain -------------   hmm coord   ali coord   env coord
# target name        accession   tlen query name           accession   qlen   E-value  score  bias   #  of  c-Evalue  i-Evalue  score  bias  from    to  from    to  from    to  acc description of target
#------------------- ---------- ----- -------------------- ---------- ----- --------- ------ ----- --- --- --------- --------- ------ ----- ----- ----- ----- ----- ----- ----- ---- ---------------------
2670_g               -           1071 2587at5794           -            725  8.8e-264  875.4  34.1   1   6   1.6e-25   1.8e-23   81.0   0.3     1    69     3    74     3    98 0.93 -
2670_g               -           1071 2587at5794           -            725  8.8e-264  875.4  34.1   2   6   1.2e-37   1.3e-35  121.1   0.0    59   180   112   243    79   259 0.87 -
2670_g               -           1071 2587at5794           -            725  8.8e-264  875.4  34.1   3   6  4.6e-147  5.1e-145  482.8  15.7   173   495   288   664   285   683 0.89 -
2670_g               -           1071 2587at5794           -            725  8.8e-264  875.4  34.1   4   6   5.8e-28   6.4e-26   89.1   0.3   497   592   703   811   697   818 0.88 -
2670_g               -           1071 2587at5794           -            725  8.8e-264  875.4  34.1   5   6   1.8e-06    0.0002   18.0   0.0   580   611   822   853   813   856 0.85 -
2670_g               -           1071 2587at5794           -            725  8.8e-264  875.4  34.1   6   6   8.4e-28   9.2e-26   88.5   0.1   607   701   888   990   865   994 0.89 -
207_g                -            392 2587at5794           -            725   4.1e-34  116.2   9.7   1   3   2.2e-21   2.4e-19   67.3   1.5   288   428   124   266   115   267 0.90 -
207_g                -            392 2587at5794           -            725   4.1e-34  116.2   9.7   2   3   1.5e-19   1.6e-17   61.3   1.5   289   430   167   310   166   313 0.92 -
207_g                -            392 2587at5794           -            725   4.1e-34  116.2   9.7   3   3      0.02       2.2    4.7   0.0   116   143   329   356   321   362 0.86 -
4343_g               -            499 2587at5794           -            725   1.5e-32  111.0   3.4   1   3     6e-07   6.6e-05   19.6   0.0   372   426   231   282   223   287 0.93 -
4343_g               -            499 2587at5794           -            725   1.5e-32  111.0   3.4   2   3   5.7e-16   6.2e-14   49.4   0.0   299   428   286   414   283   419 0.90 -
4343_g               -            499 2587at5794           -            725   1.5e-32  111.0   3.4   3   3   2.5e-18   2.7e-16   57.3   0.2   289   426   357   497   356   498 0.87 -
4819_g               -            681 2587at5794           -            725   5.2e-31  105.9  10.2   1   7       2.9   3.2e+02   -2.5   0.1   612   667    50   105    41   124 0.64 -
4819_g               -            681 2587at5794           -            725   5.2e-31  105.9  10.2   2   7   8.4e-07   9.2e-05   19.1   0.0   104   143   124   163   110   181 0.76 -
4819_g               -            681 2587at5794           -            725   5.2e-31  105.9  10.2   3   7   2.8e-08   3.1e-06   24.0   0.0   371   406   187   222   183   230 0.92 -
4819_g               -            681 2587at5794           -            725   5.2e-31  105.9  10.2   4   7     3e-05    0.0033   14.0   0.1   369   427   360   418   356   421 0.87 -
4819_g               -            681 2587at5794           -            725   5.2e-31  105.9  10.2   5   7   2.1e-07   2.3e-05   21.1   0.0   103   144   509   550   499   552 0.91 -
4819_g               -            681 2587at5794           -            725   5.2e-31  105.9  10.2   6   7   1.6e-05    0.0017   14.9   0.1   105   138   553   586   549   595 0.91 -
4819_g               -            681 2587at5794           -            725   5.2e-31  105.9  10.2   7   7   0.00011     0.013   12.1   0.0   101   136   644   679   633   680 0.90 -
3310_g               -            382 2587at5794           -            725   8.6e-24   82.0   6.0   1   4     1e-08   1.1e-06   25.5   0.1   105   155    44    94    39    97 0.93 -
3310_g               -            382 2587at5794           -            725   8.6e-24   82.0   6.0   2   4   0.00042     0.046   10.2   0.1   104   140    86   122    80   133 0.87 -
3310_g               -            382 2587at5794           -            725   8.6e-24   82.0   6.0   3   4   1.6e-11   1.7e-09   34.8   1.2   301   428   116   243   109   245 0.87 -
3310_g               -            382 2587at5794           -            725   8.6e-24   82.0   6.0   4   4   8.1e-07   8.9e-05   19.2   0.0   369   423   278   329   261   333 0.66 -
714_g                -           1474 2587at5794           -            725   1.1e-23   81.7   3.8   1   3   1.3e-16   1.5e-14   51.5   0.5   262   429    59   221    54   237 0.87 -
714_g                -           1474 2587at5794           -            725   1.1e-23   81.7   3.8   2   3     0.014       1.5    5.2   0.0   392   426   307   338   303   344 0.91 -
714_g                -           1474 2587at5794           -            725   1.1e-23   81.7   3.8   3   3   7.3e-09     8e-07   25.9   0.1   369   471   325   424   325   432 0.79 -
3276_g               -            323 2587at5794           -            725   1.4e-21   74.8  14.7   1   6      0.01       1.1    5.6   0.2   394   429    18    52    14    63 0.84 -
3276_g               -            323 2587at5794           -            725   1.4e-21   74.8  14.7   2   6   1.6e-06   0.00017   18.2   0.1   101   137    64   100    61   105 0.92 -
3276_g               -            323 2587at5794           -            725   1.4e-21   74.8  14.7   3   6   8.6e-09   9.4e-07   25.7   0.1   380   431    97   145    97   154 0.90 -
3276_g               -            323 2587at5794           -            725   1.4e-21   74.8  14.7   4   6   9.8e-08   1.1e-05   22.2   0.5   394   474   154   229   150   231 0.69 -
3276_g               -            323 2587at5794           -            725   1.4e-21   74.8  14.7   5   6    0.0063      0.69    6.3   0.0   110   147   243   279   233   288 0.84 -
3276_g               -            323 2587at5794           -            725   1.4e-21   74.8  14.7   6   6     0.039       4.3    3.7   0.0   111   140   291   320   282   322 0.72 -
2224_g               -            614 2587at5794           -            725   3.2e-21   73.5   2.6   1   2   5.9e-12   6.4e-10   36.2   0.0   266   427   322   480   321   482 0.87 -
2224_g               -            614 2587at5794           -            725   3.2e-21   73.5   2.6   2   2   6.6e-11   7.2e-09   32.7   1.1   316   427   497   613   489   613 0.83 -
4402_g               -            590 2587at5794           -            725   3.7e-18   63.4   1.9   1   2   5.9e-20   6.4e-18   62.6   0.5   286   429   286   431   272   487 0.83 -
4402_g               -            590 2587at5794           -            725   3.7e-18   63.4   1.9   2   2       6.4     7e+02   -3.6   0.0   115   138   546   569   535   573 0.67 -
865_g                -            642 2587at5794           -            725   1.9e-17   61.0   4.8   1   3     0.026       2.9    4.3   0.2    70   122   250   302   245   316 0.80 -
865_g                -            642 2587at5794           -            725   1.9e-17   61.0   4.8   2   3   3.6e-16   3.9e-14   50.1   0.1   307   474   421   586   417   590 0.89 -
865_g                -            642 2587at5794           -            725   1.9e-17   61.0   4.8   3   3     0.014       1.6    5.1   0.0   108   136   599   627   589   638 0.85 -
1313_g               -           1302 2587at5794           -            725   7.5e-16   55.8  12.5   1   5   4.7e-08   5.2e-06   23.3   0.5   282   343    74   138    63   140 0.84 -
1313_g               -           1302 2587at5794           -            725   7.5e-16   55.8  12.5   2   5   0.00012     0.013   12.1   0.1   375   428   130   190   128   194 0.82 -
1313_g               -           1302 2587at5794           -            725   7.5e-16   55.8  12.5   3   5       1.1   1.2e+02   -1.1   0.0   106   143   699   735   691   768 0.73 -
1313_g               -           1302 2587at5794           -            725   7.5e-16   55.8  12.5   4   5     2e-08   2.2e-06   24.5   0.2    69   172   908  1014   884  1015 0.79 -
1313_g               -           1302 2587at5794           -            725   7.5e-16   55.8  12.5   5   5   0.00021     0.023   11.2   0.2   314   368   986  1041   975  1063 0.76 -
3759_g               -           1013 2587at5794           -            725     2e-15   54.3   7.9   1   2   1.5e-06   0.00017   18.3   0.2   219   342     9   127     4   128 0.84 -
3759_g               -           1013 2587at5794           -            725     2e-15   54.3   7.9   2   2   4.2e-14   4.5e-12   43.3   4.0   290   427   114   262   113   302 0.81 -
3600_g               -            366 2587at5794           -            725   3.7e-14   50.2   0.4   1   2   6.3e-11   6.8e-09   32.8   2.3   293   473    67   248    57   252 0.80 -
3600_g               -            366 2587at5794           -            725   3.7e-14   50.2   0.4   2   2   8.2e-06    0.0009   15.9   0.0    82   141   241   295   240   304 0.88 -
2727_g               -            448 2587at5794           -            725   1.2e-12   45.2   0.1   1   3      0.49        53    0.1   0.0   309   343   148   184   141   189 0.67 -
2727_g               -            448 2587at5794           -            725   1.2e-12   45.2   0.1   2   3   9.6e-13     1e-10   38.8   0.0   290   428   221   369   205   373 0.82 -
2727_g               -            448 2587at5794           -            725   1.2e-12   45.2   0.1   3   3      0.14        15    1.9   0.1   393   428   393   428   386   432 0.88 -
1986_g               -            526 2587at5794           -            725   3.3e-12   43.8   5.6   1   3     0.084       9.2    2.6   0.1   108   137   220   249   210   259 0.81 -
1986_g               -            526 2587at5794           -            725   3.3e-12   43.8   5.6   2   3   0.00065     0.071    9.6   0.1   100   139   262   301   249   304 0.89 -
1986_g               -            526 2587at5794           -            725   3.3e-12   43.8   5.6   3   3   3.8e-12   4.2e-10   36.8   1.2   294   394   289   394   284   409 0.80 -
128_g                -           1386 2587at5794           -            725   3.6e-12   43.6  15.4   1   6       1.8   1.9e+02   -1.8   0.0   479   525    85   131    76   141 0.88 -
128_g                -           1386 2587at5794           -            725   3.6e-12   43.6  15.4   2   6    0.0042      0.45    6.9   0.0   104   135  1055  1086  1043  1089 0.76 -
128_g                -           1386 2587at5794           -            725   3.6e-12   43.6  15.4   3   6   9.6e-08     1e-05   22.2   0.2    71   141  1067  1135  1065  1140 0.85 -
128_g                -           1386 2587at5794           -            725   3.6e-12   43.6  15.4   4   6    0.0026      0.29    7.6   0.2   100   138  1136  1174  1134  1192 0.86 -
128_g                -           1386 2587at5794           -            725   3.6e-12   43.6  15.4   5   6      0.11        12    2.2   0.2   104   489  1226  1276  1170  1293 0.58 -
128_g                -           1386 2587at5794           -            725   3.6e-12   43.6  15.4   6   6   3.7e-06   0.00041   17.0   0.4   370   429  1292  1352  1285  1358 0.85 -
2910_g               -            493 2587at5794           -            725   1.8e-11   41.3   3.4   1   4     0.015       1.6    5.1   0.0   388   431    58    99    54   101 0.85 -
2910_g               -            493 2587at5794           -            725   1.8e-11   41.3   3.4   2   4   0.00066     0.072    9.6   0.0   100   141   101   142    99   158 0.87 -
2910_g               -            493 2587at5794           -            725   1.8e-11   41.3   3.4   3   4   0.00091     0.099    9.1   0.1   294   347   306   363   286   371 0.63 -
2910_g               -            493 2587at5794           -            725   1.8e-11   41.3   3.4   4   4   2.7e-07   2.9e-05   20.8   0.3    66   145   333   408   329   423 0.79 -
2393_g               -            507 2587at5794           -            725     3e-11   40.6   0.5   1   3   0.00093       0.1    9.1   0.0   455   491   179   215   174   226 0.87 -
2393_g               -            507 2587at5794           -            725     3e-11   40.6   0.5   2   3   2.6e-08   2.8e-06   24.1   0.0   266   343   281   356   274   360 0.79 -
2393_g               -            507 2587at5794           -            725     3e-11   40.6   0.5   3   3     0.037         4    3.8   0.0   268   342   411   448   406   453 0.59 -
4579_g               -            556 2587at5794           -            725   4.6e-11   40.0   8.7   1   3   0.00021     0.023   11.2   0.3   107   148    49    90    45   156 0.60 -
4579_g               -            556 2587at5794           -            725   4.6e-11   40.0   8.7   2   3   1.9e-06   0.00021   17.9   0.5   100   175   162   242   154   265 0.55 -
4579_g               -            556 2587at5794           -            725   4.6e-11   40.0   8.7   3   3   4.5e-05    0.0049   13.4   0.1   288   343   342   403   313   414 0.77 -
4166_g               -           1176 2587at5794           -            725   9.6e-11   38.9   5.5   1   4       8.3   9.1e+02   -4.0   0.0     8    42    89   123    85   125 0.87 -
4166_g               -           1176 2587at5794           -            725   9.6e-11   38.9   5.5   2   4      0.82        90   -0.7   0.0   370   427   205   257   179   282 0.48 -
4166_g               -           1176 2587at5794           -            725   9.6e-11   38.9   5.5   3   4   0.00019     0.021   11.3   0.1    98   143   582   627   558   666 0.85 -
4166_g               -           1176 2587at5794           -            725   9.6e-11   38.9   5.5   4   4   1.9e-09   2.1e-07   27.9   0.1   286   421   715   849   693   928 0.88 -
2416_g               -            471 2587at5794           -            725   3.1e-10   37.2   2.8   1   3       1.7   1.9e+02   -1.8   0.0    95   135   117   157    80   176 0.72 -
2416_g               -            471 2587at5794           -            725   3.1e-10   37.2   2.8   2   3   0.00016     0.017   11.6   0.4   414   480   187   252   133   255 0.78 -
2416_g               -            471 2587at5794           -            725   3.1e-10   37.2   2.8   3   3   6.2e-11   6.7e-09   32.8   0.6   359   483   221   349   218   407 0.87 -
1512_g               -            762 2587at5794           -            725   1.4e-09   35.1  16.2   1   5   0.00048     0.052   10.0   0.0   104   141     9    46     3    66 0.82 -
1512_g               -            762 2587at5794           -            725   1.4e-09   35.1  16.2   2   5   1.5e-06   0.00016   18.3   0.4    69   137    93   161    68   168 0.85 -
1512_g               -            762 2587at5794           -            725   1.4e-09   35.1  16.2   3   5    0.0013      0.14    8.6   2.4   105   180   281   366   268   375 0.51 -
1512_g               -            762 2587at5794           -            725   1.4e-09   35.1  16.2   4   5      0.14        15    1.9   0.1   105   157   677   726   666   732 0.74 -
1512_g               -            762 2587at5794           -            725   1.4e-09   35.1  16.2   5   5      0.25        27    1.0   0.0   105   136   722   757   707   760 0.53 -
4529_g               -            467 2587at5794           -            725   2.5e-09   34.2   2.2   1   3    0.0012      0.13    8.7   0.0   107   138   110   140    36   146 0.87 -
4529_g               -            467 2587at5794           -            725   2.5e-09   34.2   2.2   2   3    0.0002     0.022   11.2   0.2   101   137   208   244   200   261 0.84 -
4529_g               -            467 2587at5794           -            725   2.5e-09   34.2   2.2   3   3   8.7e-05    0.0095   12.5   0.0   287   343   337   395   328   408 0.83 -
591_g                -            541 2587at5794           -            725     5e-09   33.2   4.1   1   2   3.7e-05     0.004   13.7   0.4   282   343   216   284   202   296 0.74 -
591_g                -            541 2587at5794           -            725     5e-09   33.2   4.1   2   2     8e-07   8.7e-05   19.2   0.2   292   349   383   442   357   460 0.78 -
1359_g               -            841 2587at5794           -            725   5.6e-09   33.1   2.1   1   4    0.0052      0.57    6.6   0.0   316   344    68    96    60   101 0.88 -
1359_g               -            841 2587at5794           -            725   5.6e-09   33.1   2.1   2   4    0.0019      0.21    8.0   0.0    70   138    73   138    72   146 0.64 -
1359_g               -            841 2587at5794           -            725   5.6e-09   33.1   2.1   3   4     0.013       1.4    5.2   0.0   285   313   275   304   257   332 0.76 -
1359_g               -            841 2587at5794           -            725   5.6e-09   33.1   2.1   4   4   1.2e-05    0.0014   15.3   0.2   284   358   426   502   398   505 0.79 -
2950_g               -            328 2587at5794           -            725   5.8e-09   33.0   1.7   1   4      0.51        55    0.0   0.0   102   138     4    40     1    53 0.75 -
2950_g               -            328 2587at5794           -            725   5.8e-09   33.0   1.7   2   4     0.036         4    3.8   0.0   368   411    65   107    51   119 0.79 -
2950_g               -            328 2587at5794           -            725   5.8e-09   33.0   1.7   3   4   1.4e-05    0.0015   15.1   0.1   290   342   157   212   116   234 0.54 -
2950_g               -            328 2587at5794           -            725   5.8e-09   33.0   1.7   4   4   0.00058     0.063    9.7   0.2   289   341   260   315   246   318 0.77 -
835_g                -            364 2587at5794           -            725   1.1e-08   32.1   0.5   1   3   6.8e-09   7.4e-07   26.1   0.1   288   343    81   142    62   146 0.83 -
835_g                -            364 2587at5794           -            725   1.1e-08   32.1   0.5   2   3      0.28        31    0.9   0.0   465   506   193   233   182   251 0.39 -
835_g                -            364 2587at5794           -            725   1.1e-08   32.1   0.5   3   3       0.2        22    1.3   0.0   108   426   327   355   316   362 0.55 -
2661_g               -            365 2587at5794           -            725   1.5e-08   31.7   5.0   1   2   2.8e-10   3.1e-08   30.6   1.2   310   434    13   135     7   151 0.77 -
2661_g               -            365 2587at5794           -            725   1.5e-08   31.7   5.0   2   2       0.3        33    0.8   0.0    28    67   164   203   146   226 0.64 -
2325_g               -            749 2587at5794           -            725   1.6e-08   31.6   5.3   1   3     0.031       3.3    4.0   0.1   106   138    10    42     7    49 0.83 -
2325_g               -            749 2587at5794           -            725   1.6e-08   31.6   5.3   2   3   6.1e-05    0.0067   13.0   0.2   388   455    49   115    45   146 0.70 -
2325_g               -            749 2587at5794           -            725   1.6e-08   31.6   5.3   3   3   1.1e-05    0.0012   15.4   0.1   394   471   234   311   202   331 0.82 -
1636_g               -           2014 2587at5794           -            725   1.9e-08   31.3   0.8   1   3    0.0026      0.28    7.6   0.0    97   158    41   104    32   111 0.84 -
1636_g               -           2014 2587at5794           -            725   1.9e-08   31.3   0.8   2   3    0.0024      0.26    7.7   0.0   289   342   112   170   107   180 0.81 -
1636_g               -           2014 2587at5794           -            725   1.9e-08   31.3   0.8   3   3   8.6e-05    0.0094   12.5   0.0   369   427  1903  1954  1889  1960 0.80 -
2511_g               -            553 2587at5794           -            725   1.9e-07   28.0   0.1   1   2   3.2e-08   3.5e-06   23.8   0.1   391   476    69   157    63   159 0.84 -
2511_g               -            553 2587at5794           -            725   1.9e-07   28.0   0.1   2   2   0.00089     0.097    9.1   0.0   105   147   122   165   119   179 0.81 -
3671_g               -            698 2587at5794           -            725     2e-07   27.9   1.1   1   3      0.16        17    1.7   0.0   100   148   113   161   103   189 0.73 -
3671_g               -            698 2587at5794           -            725     2e-07   27.9   1.1   2   3   1.7e-05    0.0019   14.8   0.0   364   428   194   250   189   257 0.89 -
3671_g               -            698 2587at5794           -            725     2e-07   27.9   1.1   3   3    0.0018       0.2    8.1   0.2    66   139   281   361   262   386 0.60 -
781_g                -            467 2587at5794           -            725     4e-07   26.9   0.7   1   3   4.3e-07   4.7e-05   20.1   0.1   290   391    87   198    78   200 0.74 -
781_g                -            467 2587at5794           -            725     4e-07   26.9   0.7   2   3   0.00042     0.046   10.2   0.0   301   344   143   191   141   219 0.78 -
781_g                -            467 2587at5794           -            725     4e-07   26.9   0.7   3   3      0.92     1e+02   -0.8   0.0   592   656   252   319   238   349 0.75 -
3109_g               -           1463 2587at5794           -            725   4.6e-07   26.7   5.4   1   4      0.11        12    2.2   0.0   258   306   135   178   117   186 0.72 -
3109_g               -           1463 2587at5794           -            725   4.6e-07   26.7   5.4   2   4   9.5e-06     0.001   15.6   0.1   394   488   144   238   133   249 0.79 -
3109_g               -           1463 2587at5794           -            725   4.6e-07   26.7   5.4   3   4   0.00018      0.02   11.4   0.0    89   158   263   336   245   339 0.82 -
3109_g               -           1463 2587at5794           -            725   4.6e-07   26.7   5.4   4   4         2   2.2e+02   -1.9   0.7   621   694   853   928   840   956 0.66 -
306_g                -            977 2587at5794           -            725   9.9e-07   25.6   0.1   1   4       1.7   1.9e+02   -1.7   0.0   414   431   189   206   181   212 0.85 -
306_g                -            977 2587at5794           -            725   9.9e-07   25.6   0.1   2   4    0.0033      0.36    7.2   0.0    99   144   212   258   199   313 0.66 -
306_g                -            977 2587at5794           -            725   9.9e-07   25.6   0.1   3   4     0.027       2.9    4.2   0.0   103   139   319   355   311   361 0.85 -
306_g                -            977 2587at5794           -            725   9.9e-07   25.6   0.1   4   4    0.0012      0.13    8.8   0.0   282   341   819   883   812   889 0.83 -
993_g                -            595 2587at5794           -            725   1.7e-06   24.8   0.4   1   5       5.5     6e+02   -3.4   0.0    75   114    91   130    88   135 0.81 -
993_g                -            595 2587at5794           -            725   1.7e-06   24.8   0.4   2   5         2   2.2e+02   -1.9   0.0   286   314   222   250   211   254 0.82 -
993_g                -            595 2587at5794           -            725   1.7e-06   24.8   0.4   3   5     0.061       6.7    3.0   0.1   413   475   338   354   328   377 0.67 -
993_g                -            595 2587at5794           -            725   1.7e-06   24.8   0.4   4   5   1.6e-08   1.7e-06   24.8   0.4   306   430   392   523   356   538 0.71 -
993_g                -            595 2587at5794           -            725   1.7e-06   24.8   0.4   5   5       6.5   7.1e+02   -3.6   0.1   395   427   556   586   553   589 0.56 -
2553_g               -            832 2587at5794           -            725   4.1e-06   23.6   2.4   1   2      0.17        18    1.6   0.1   285   352   204   274   189   278 0.58 -
2553_g               -            832 2587at5794           -            725   4.1e-06   23.6   2.4   2   2   2.4e-07   2.6e-05   20.9   0.5   359   426   423   487   418   491 0.92 -
2323_g               -            437 2587at5794           -            725   6.4e-06   22.9   1.6   1   2   4.3e-07   4.7e-05   20.1   0.4   277   403    77   220    60   230 0.79 -
2323_g               -            437 2587at5794           -            725   6.4e-06   22.9   1.6   2   2      0.29        32    0.8   0.0   308   346   309   346   297   359 0.68 -
2541_g               -           1349 2587at5794           -            725   1.2e-05   22.0   0.0   1   2   6.1e-06   0.00066   16.3   0.0   357   389    32    64    27    72 0.93 -
2541_g               -           1349 2587at5794           -            725   1.2e-05   22.0   0.0   2   2     0.077       8.4    2.7   0.0   498   527   340   369   326   421 0.77 -
2239_g               -            464 2587at5794           -            725   2.4e-05   21.1   5.7   1   3   1.2e-05    0.0013   15.3   0.1   303   343   313   354   297   366 0.78 -
2239_g               -            464 2587at5794           -            725   2.4e-05   21.1   5.7   2   3    0.0055       0.6    6.5   0.7   104   137   364   398   357   408 0.86 -
2239_g               -            464 2587at5794           -            725   2.4e-05   21.1   5.7   3   3      0.62        68   -0.3   0.0    93   132   410   448   405   460 0.74 -
3378_g               -            491 2587at5794           -            725   0.00011   18.9   0.3   1   1   2.5e-06   0.00027   17.6   0.3   284   343   369   433   348   436 0.72 -
52_g                 -            323 2587at5794           -            725   0.00012   18.7   2.3   1   1   1.1e-06   0.00012   18.7   2.3    66   225    14   180     4   182 0.78 -
4425_g               -            567 2587at5794           -            725   0.00017   18.3   3.7   1   3     0.014       1.6    5.1   0.1   103   156    37    89    28   125 0.85 -
4425_g               -            567 2587at5794           -            725   0.00017   18.3   3.7   2   3    0.0044      0.48    6.8   0.0   104   139   263   299   248   309 0.76 -
4425_g               -            567 2587at5794           -            725   0.00017   18.3   3.7   3   3     0.013       1.5    5.2   0.3   413   430   545   562   526   565 0.82 -
3544_g               -            648 2587at5794           -            725   0.00017   18.2   0.9   1   2      0.14        16    1.8   0.0   437   476   343   383   320   390 0.70 -
3544_g               -            648 2587at5794           -            725   0.00017   18.2   0.9   2   2   3.8e-05    0.0041   13.7   0.1   408   475   554   619   546   638 0.86 -
702_g                -            394 2587at5794           -            725   0.00019   18.1   0.1   1   1   2.5e-06   0.00027   17.6   0.1   284   343   233   297   220   340 0.79 -
3909_g               -            781 2587at5794           -            725   0.00026   17.6   2.4   1   3      0.32        35    0.7   0.1   141   178   526   559   521   570 0.83 -
3909_g               -            781 2587at5794           -            725   0.00026   17.6   2.4   2   3   2.3e-05    0.0026   14.3   0.1   269   350   585   665   580   677 0.77 -
3909_g               -            781 2587at5794           -            725   0.00026   17.6   2.4   3   3   0.00063     0.069    9.6   0.2   104   215   624   748   615   759 0.54 -
994_g                -           2447 2587at5794           -            725   0.00044   16.9   0.1   1   2   1.3e-05    0.0014   15.2   0.1   382   428  2170  2213  2169  2218 0.90 -
994_g                -           2447 2587at5794           -            725   0.00044   16.9   0.1   2   2       8.1   8.8e+02   -4.0   0.0   361   421  2273  2339  2269  2351 0.69 -
3036_g               -            817 2587at5794           -            725    0.0006   16.4   0.2   1   2       1.2   1.3e+02   -1.2   0.0   439   491   299   353   268   388 0.62 -
3036_g               -            817 2587at5794           -            725    0.0006   16.4   0.2   2   2     2e-05    0.0021   14.6   0.0    85   154   590   659   544   668 0.87 -
4553_g               -            399 2587at5794           -            725    0.0007   16.2   1.1   1   2   9.5e-06     0.001   15.6   0.3    54   137   102   182    57   188 0.75 -
4553_g               -            399 2587at5794           -            725    0.0007   16.2   1.1   2   2       3.8   4.2e+02   -2.9   0.0   388   426   348   388   345   390 0.63 -
4164_g               -            386 2587at5794           -            725    0.0011   15.5   6.1   1   3    0.0005     0.055    9.9   0.3    98   135   193   231    98   238 0.75 -
4164_g               -            386 2587at5794           -            725    0.0011   15.5   6.1   2   3    0.0011      0.12    8.8   0.1   108   141   248   281   232   287 0.89 -
4164_g               -            386 2587at5794           -            725    0.0011   15.5   6.1   3   3       9.3     1e+03   -4.2   0.1    18    37   346   364   341   370 0.56 -
4072_g               -            169 2587at5794           -            725    0.0043   13.6   0.0   1   1   4.8e-05    0.0052   13.3   0.0   374   428    55   107    20   111 0.81 -
3010_g               -            685 2587at5794           -            725     0.011   12.2   0.1   1   2       4.7   5.1e+02   -3.2   0.0   507   534   239   266   219   290 0.66 -
3010_g               -            685 2587at5794           -            725     0.011   12.2   0.1   2   2   0.00023     0.025   11.1   0.1   375   428   378   426   369   456 0.81 -
2681_g               -            585 2587at5794           -            725     0.043   10.3   0.0   1   2       1.4   1.5e+02   -1.4   0.0   498   537    54    93    42    98 0.75 -
2681_g               -            585 2587at5794           -            725     0.043   10.3   0.0   2   2    0.0014      0.15    8.5   0.0   371   475   158   256   151   262 0.79 -
#
# Program:         hmmsearch
# Version:         3.1b2 (February 2015)
# Pipeline mode:   SEARCH
# Query file:      /mnt/e/Bioinformatics/Semester2/BINP29/Malaria Project/Genomes/Parsed/busco_downloads/lineages/apicomplexa_odb10/hmms/2587at5794.hmm
# Target file:     /mnt/e/Bioinformatics/Semester2/BINP29/Malaria Project/Genomes/Parsed/Pc_new.faa
# Option settings: hmmsearch --domtblout /mnt/e/Bioinformatics/Semester2/BINP29/Malaria Project/Genomes/Parsed/Pc/run_apicomplexa_odb10/hmmer_output/initial_run_results/2587at5794.out --cpu 1 /mnt/e/Bioinformatics/Semester2/BINP29/Malaria Project/Genomes/Parsed/busco_downloads/lineages/apicomplexa_odb10/hmms/2587at5794.hmm /mnt/e/Bioinformatics/Semester2/BINP29/Malaria Project/Genomes/Parsed/Pc_new.faa 
# Current dir:     /mnt/e/Bioinformatics/Semester2/BINP29/Malaria Project/Genomes/Parsed
# Date:            Wed Mar  1 19:27:59 2023
# [ok]
