#                                                                            --- full sequence --- -------------- this domain -------------   hmm coord   ali coord   env coord
# target name        accession   tlen query name           accession   qlen   E-value  score  bias   #  of  c-Evalue  i-Evalue  score  bias  from    to  from    to  from    to  acc description of target
#------------------- ---------- ----- -------------------- ---------- ----- --------- ------ ----- --- --- --------- --------- ------ ----- ----- ----- ----- ----- ----- ----- ---- ---------------------
1021_g               -           2471 27220at5794          -            328   7.5e-97  322.6  48.1   1   6       1.7   2.4e+03   -4.4   2.0   116   211  1027  1130  1025  1136 0.55 -
1021_g               -           2471 27220at5794          -            328   7.5e-97  322.6  48.1   2   6   2.9e-24   4.2e-21   73.7   0.3     1    69  1958  2030  1958  2035 0.94 -
1021_g               -           2471 27220at5794          -            328   7.5e-97  322.6  48.1   3   6   5.9e-40   8.5e-37  125.3   6.8    65   185  2055  2194  2047  2198 0.84 -
1021_g               -           2471 27220at5794          -            328   7.5e-97  322.6  48.1   4   6     0.026        38    1.5   0.0   188   204  2252  2268  2248  2283 0.79 -
1021_g               -           2471 27220at5794          -            328   7.5e-97  322.6  48.1   5   6     7e-11     1e-07   29.7   0.5   199   237  2313  2353  2311  2360 0.88 -
1021_g               -           2471 27220at5794          -            328   7.5e-97  322.6  48.1   6   6   7.4e-36   1.1e-32  111.8  10.1   225   328  2365  2470  2358  2470 0.94 -
1694_g               -            436 27220at5794          -            328   2.4e-19   67.9   1.3   1   2   1.7e-09   2.5e-06   25.1   0.0     5   121     2   141     1   183 0.72 -
1694_g               -            436 27220at5794          -            328   2.4e-19   67.9   1.3   2   2   2.3e-13   3.4e-10   37.8   1.1   237   314   327   407   304   422 0.81 -
2172_g               -           1060 27220at5794          -            328   6.9e-06   23.7  30.1   1   4    0.0021       3.1    5.1   0.1    25    66    42    83    33    92 0.87 -
2172_g               -           1060 27220at5794          -            328   6.9e-06   23.7  30.1   2   4     0.068        99    0.2   2.4   146   221   243   325   234   344 0.70 -
2172_g               -           1060 27220at5794          -            328   6.9e-06   23.7  30.1   3   4   5.3e-09   7.7e-06   23.5   7.5   257   312   375   431   371   431 0.93 -
2172_g               -           1060 27220at5794          -            328   6.9e-06   23.7  30.1   4   4     2e-06     0.003   15.0   6.1   247   302   417   473   417   478 0.91 -
3019_g               -            257 27220at5794          -            328   2.3e-05   22.0   1.3   1   1   2.6e-08   3.8e-05   21.3   1.3   274   323   164   215   154   221 0.77 -
#
# Program:         hmmsearch
# Version:         3.1b2 (February 2015)
# Pipeline mode:   SEARCH
# Query file:      /mnt/e/Bioinformatics/Semester2/BINP29/Malaria Project/Genomes/Parsed/busco_downloads/lineages/apicomplexa_odb10/hmms/27220at5794.hmm
# Target file:     /mnt/e/Bioinformatics/Semester2/BINP29/Malaria Project/Genomes/Parsed/Pc_new.faa
# Option settings: hmmsearch --domtblout /mnt/e/Bioinformatics/Semester2/BINP29/Malaria Project/Genomes/Parsed/Pc/run_apicomplexa_odb10/hmmer_output/initial_run_results/27220at5794.out --cpu 1 /mnt/e/Bioinformatics/Semester2/BINP29/Malaria Project/Genomes/Parsed/busco_downloads/lineages/apicomplexa_odb10/hmms/27220at5794.hmm /mnt/e/Bioinformatics/Semester2/BINP29/Malaria Project/Genomes/Parsed/Pc_new.faa 
# Current dir:     /mnt/e/Bioinformatics/Semester2/BINP29/Malaria Project/Genomes/Parsed
# Date:            Wed Mar  1 19:28:02 2023
# [ok]
