#                                                                            --- full sequence --- -------------- this domain -------------   hmm coord   ali coord   env coord
# target name        accession   tlen query name           accession   qlen   E-value  score  bias   #  of  c-Evalue  i-Evalue  score  bias  from    to  from    to  from    to  acc description of target
#------------------- ---------- ----- -------------------- ---------- ----- --------- ------ ----- --- --- --------- --------- ------ ----- ----- ----- ----- ----- ----- ----- ---- ---------------------
4240_g               -            284 28533at5794          -            141   1.2e-64  214.6   0.9   1   1   2.2e-66   4.2e-64  212.8   0.9     1   135     6   156     6   162 0.88 -
2263_g               -           1671 28533at5794          -            141   1.4e-26   91.2   4.6   1   4   2.2e-05    0.0042   15.1   0.2    26    88   802   865   789   871 0.86 -
2263_g               -           1671 28533at5794          -            141   1.4e-26   91.2   4.6   2   4   2.7e-09   5.3e-07   27.7   0.1    27   100   891   965   875   977 0.89 -
2263_g               -           1671 28533at5794          -            141   1.4e-26   91.2   4.6   3   4   1.3e-09   2.4e-07   28.8   0.0    28   119   981  1068   973  1073 0.86 -
2263_g               -           1671 28533at5794          -            141   1.4e-26   91.2   4.6   4   4   4.4e-06   0.00085   17.3   0.0    26    84  1235  1293  1218  1303 0.89 -
1801_g               -            506 28533at5794          -            141   2.6e-21   74.1   4.2   1   4         3   5.8e+02   -1.6   0.2    85   133    12    62     6    72 0.63 -
1801_g               -            506 28533at5794          -            141   2.6e-21   74.1   4.2   2   4   0.00019     0.037   12.0   0.0    28    63    84   119    77   150 0.88 -
1801_g               -            506 28533at5794          -            141   2.6e-21   74.1   4.2   3   4   2.3e-09   4.4e-07   28.0   0.0    11    93   165   247   158   259 0.92 -
1801_g               -            506 28533at5794          -            141   2.6e-21   74.1   4.2   4   4   7.1e-11   1.4e-08   32.9   0.0    27    91   397   462   395   478 0.88 -
411_g                -            385 28533at5794          -            141   2.6e-18   64.4   1.3   1   3     0.092        18    3.3   0.1    18    94     3    74     1   101 0.83 -
411_g                -            385 28533at5794          -            141   2.6e-18   64.4   1.3   2   3   7.2e-08   1.4e-05   23.1   0.0    40    92   124   176   107   190 0.85 -
411_g                -            385 28533at5794          -            141   2.6e-18   64.4   1.3   3   3     1e-11     2e-09   35.6   0.0    19    94   194   269   179   289 0.87 -
1703_g               -            454 28533at5794          -            141   1.1e-17   62.4   1.5   1   2   6.2e-07   0.00012   20.1   0.1    14    92     8    87     3   104 0.83 -
1703_g               -            454 28533at5794          -            141   1.1e-17   62.4   1.5   2   2   1.6e-13   3.2e-11   41.4   0.2    25    94   106   175    89   200 0.85 -
426_g                -            515 28533at5794          -            141   2.9e-17   61.0   0.0   1   3     0.045       8.8    4.3   0.0    26    64    88   126    72   158 0.87 -
426_g                -            515 28533at5794          -            141   2.9e-17   61.0   0.0   2   3   1.3e-07   2.6e-05   22.3   0.0    25    93   186   255   181   266 0.93 -
426_g                -            515 28533at5794          -            141   2.9e-17   61.0   0.0   3   3   4.1e-10   7.9e-08   30.4   0.0    28    98   375   447   365   477 0.82 -
3307_g               -            293 28533at5794          -            141     1e-11   43.0   0.0   1   2     1e-07   1.9e-05   22.7   0.0    24    82     5    63     2   104 0.89 -
3307_g               -            293 28533at5794          -            141     1e-11   43.0   0.0   2   2   2.2e-06   0.00043   18.3   0.0    28    92   157   221   153   235 0.88 -
1068_g               -            924 28533at5794          -            141   1.5e-10   39.2   0.0   1   2   1.5e-05    0.0028   15.6   0.0    19    94   539   615   522   643 0.80 -
1068_g               -            924 28533at5794          -            141   1.5e-10   39.2   0.0   2   2   3.6e-07   6.9e-05   20.9   0.0    29   129   648   753   644   763 0.80 -
4565_g               -            175 28533at5794          -            141   4.9e-10   37.6   0.2   1   1   3.4e-12   6.5e-10   37.2   0.2    27   127     9   111     3   124 0.85 -
3559_g               -           1596 28533at5794          -            141   6.8e-09   33.9   0.1   1   2    0.0007      0.14   10.2   0.3    17    93   343   419   327   429 0.80 -
3559_g               -           1596 28533at5794          -            141   6.8e-09   33.9   0.1   2   2   4.1e-07   7.8e-05   20.7   0.0    29    95   461   532   443   548 0.84 -
2077_g               -            127 28533at5794          -            141   2.1e-08   32.3   0.3   1   1   1.3e-10   2.4e-08   32.1   0.3    28   111    10    95     4   122 0.86 -
3859_g               -            339 28533at5794          -            141   3.3e-07   28.4   0.8   1   2   0.00027     0.053   11.5   0.1    45    78   106   139    96   171 0.78 -
3859_g               -            339 28533at5794          -            141   3.3e-07   28.4   0.8   2   2   1.5e-05    0.0029   15.6   0.1    18    79   164   223   144   282 0.79 -
1837_g               -            108 28533at5794          -            141   4.8e-07   27.9   0.1   1   1   3.1e-09   5.9e-07   27.6   0.1    28    99    25    98    17   106 0.88 -
4010_g               -            843 28533at5794          -            141   5.2e-07   27.8   0.1   1   2   1.2e-08   2.2e-06   25.7   0.0    26    94     6    76     2   103 0.85 -
4010_g               -            843 28533at5794          -            141   5.2e-07   27.8   0.1   2   2       3.9   7.4e+02   -1.9   0.0    28    49   201   222   194   226 0.86 -
3563_g               -            545 28533at5794          -            141   1.8e-06   26.0   0.0   1   1   2.2e-08   4.3e-06   24.8   0.0    23   115    10   104     2   117 0.82 -
3404_g               -            239 28533at5794          -            141   1.9e-06   25.9   0.1   1   1   1.8e-08   3.4e-06   25.1   0.1    17    98    25   108    16   128 0.85 -
1116_g               -            915 28533at5794          -            141     3e-06   25.3   0.1   1   1   3.5e-08   6.7e-06   24.2   0.1    27    93   678   745   669   771 0.89 -
2203_g               -           1122 28533at5794          -            141   8.1e-06   23.9   7.5   1   3       2.4   4.6e+02   -1.3   0.0    38    65   383   410   375   423 0.84 -
2203_g               -           1122 28533at5794          -            141   8.1e-06   23.9   7.5   2   3      0.14        27    2.8   0.7    26    66   864   904   834   981 0.71 -
2203_g               -           1122 28533at5794          -            141   8.1e-06   23.9   7.5   3   3   4.5e-07   8.7e-05   20.6   1.4     3   138   957  1101   955  1104 0.79 -
3394_g               -            362 28533at5794          -            141   1.1e-05   23.5   0.0   1   2    0.0055       1.1    7.3   0.0    28    76   120   169   106   188 0.86 -
3394_g               -            362 28533at5794          -            141   1.1e-05   23.5   0.0   2   2     5e-05    0.0096   13.9   0.0    28    79   204   255   201   281 0.87 -
2378_g               -            545 28533at5794          -            141   7.3e-05   20.8   0.0   1   1   8.8e-07   0.00017   19.6   0.0    26    94   461   529   454   537 0.89 -
4096_g               -            242 28533at5794          -            141   0.00013   20.0   0.0   1   2   3.2e-06   0.00061   17.8   0.0    25    96    12    83     3    99 0.93 -
4096_g               -            242 28533at5794          -            141   0.00013   20.0   0.0   2   2       1.5   2.9e+02   -0.6   0.0    23    66   160   202   147   235 0.67 -
142_g                -            317 28533at5794          -            141   0.00037   18.5   0.0   1   1   4.9e-06   0.00095   17.2   0.0    26   104     8    85     2   106 0.81 -
1494_g               -            135 28533at5794          -            141   0.00083   17.4   0.0   1   1   4.8e-06   0.00092   17.2   0.0    26    94    35   106    10   125 0.82 -
4749_g               -           1325 28533at5794          -            141   0.00097   17.2   0.0   1   1   1.3e-05    0.0025   15.8   0.0    28    92   511   575   506   584 0.94 -
2268_g               -            111 28533at5794          -            141    0.0014   16.7   0.1   1   1   8.3e-06    0.0016   16.5   0.1    26    97    14    83     9   108 0.81 -
3898_g               -            548 28533at5794          -            141    0.0018   16.3   0.3   1   2     0.003      0.57    8.2   0.0    28    77   140   189   134   219 0.82 -
3898_g               -            548 28533at5794          -            141    0.0018   16.3   0.3   2   2     0.016         3    5.8   0.1     4    76   324   400   319   428 0.72 -
3925_g               -            203 28533at5794          -            141    0.0019   16.2   0.0   1   1   1.4e-05    0.0027   15.7   0.0    25    80    70   126    48   144 0.86 -
420_g                -            182 28533at5794          -            141     0.005   14.8   0.0   1   1     3e-05    0.0058   14.6   0.0    14    94    38   119    28   163 0.82 -
3972_g               -            289 28533at5794          -            141     0.011   13.8   1.7   1   2       2.3   4.3e+02   -1.2   0.1    65    90    80   105    65   130 0.68 -
3972_g               -            289 28533at5794          -            141     0.011   13.8   1.7   2   2   0.00011     0.021   12.9   0.1    27    91   212   276   202   285 0.85 -
2986_g               -           2776 28533at5794          -            141       3.5    5.6   7.5   1   3       1.4   2.8e+02   -0.5   0.0     7    28    81   102    77   141 0.88 -
2986_g               -           2776 28533at5794          -            141       3.5    5.6   7.5   2   3       1.4   2.8e+02   -0.5   0.0    24    66   566   608   552   610 0.91 -
2986_g               -           2776 28533at5794          -            141       3.5    5.6   7.5   3   3    0.0074       1.4    6.9   0.8    12    36  1106  1130  1101  1147 0.90 -
#
# Program:         hmmsearch
# Version:         3.1b2 (February 2015)
# Pipeline mode:   SEARCH
# Query file:      /mnt/e/Bioinformatics/Semester2/BINP29/Malaria Project/Genomes/Parsed/busco_downloads/lineages/apicomplexa_odb10/hmms/28533at5794.hmm
# Target file:     /mnt/e/Bioinformatics/Semester2/BINP29/Malaria Project/Genomes/Parsed/Pc_new.faa
# Option settings: hmmsearch --domtblout /mnt/e/Bioinformatics/Semester2/BINP29/Malaria Project/Genomes/Parsed/Pc/run_apicomplexa_odb10/hmmer_output/initial_run_results/28533at5794.out --cpu 1 /mnt/e/Bioinformatics/Semester2/BINP29/Malaria Project/Genomes/Parsed/busco_downloads/lineages/apicomplexa_odb10/hmms/28533at5794.hmm /mnt/e/Bioinformatics/Semester2/BINP29/Malaria Project/Genomes/Parsed/Pc_new.faa 
# Current dir:     /mnt/e/Bioinformatics/Semester2/BINP29/Malaria Project/Genomes/Parsed
# Date:            Wed Mar  1 19:28:04 2023
# [ok]
