#                                                                            --- full sequence --- -------------- this domain -------------   hmm coord   ali coord   env coord
# target name        accession   tlen query name           accession   qlen   E-value  score  bias   #  of  c-Evalue  i-Evalue  score  bias  from    to  from    to  from    to  acc description of target
#------------------- ---------- ----- -------------------- ---------- ----- --------- ------ ----- --- --- --------- --------- ------ ----- ----- ----- ----- ----- ----- ----- ---- ---------------------
1510_g               -            108 31937at5794          -             70   1.3e-12   45.9   1.2   1   2   6.7e-13   4.8e-10   37.6   0.2     6    47    17    58    12    62 0.91 -
1510_g               -            108 31937at5794          -             70   1.3e-12   45.9   1.2   2   2    0.0018       1.3    7.4   0.0    48    63    73    88    66    94 0.83 -
1360_g               -            102 31937at5794          -             70   3.6e-07   28.4   0.4   1   1   9.4e-10   6.8e-07   27.5   0.3    10    49    17    56    10    69 0.86 -
1748_g               -            202 31937at5794          -             70   1.6e-06   26.3   0.8   1   2   1.5e-07   0.00011   20.5   0.1     5    49     3    47     1    51 0.89 -
1748_g               -            202 31937at5794          -             70   1.6e-06   26.3   0.8   2   2     0.016        12    4.4   0.0    50    63    62    75    52    78 0.78 -
800_g                -            664 31937at5794          -             70   0.00021   19.6   0.0   1   1     8e-07   0.00058   18.2   0.0    18    62    30    83    13    87 0.71 -
3336_g               -           2034 31937at5794          -             70   0.00022   19.5   0.3   1   1   2.2e-06    0.0016   16.8   0.3     9    49  1956  1996  1950  2029 0.88 -
4610_g               -            150 31937at5794          -             70   0.00051   18.3   0.2   1   1   6.2e-06    0.0045   15.3   0.2    17    68    21    83    10    84 0.71 -
4621_g               -            128 31937at5794          -             70    0.0045   15.3   1.8   1   2   0.00048      0.35    9.3   1.1     9    47     7    45     2    53 0.85 -
4621_g               -            128 31937at5794          -             70    0.0045   15.3   1.8   2   2     0.012       8.6    4.8   0.0    44    64    58    78    55    83 0.85 -
111_g                -            199 31937at5794          -             70     0.015   13.6   0.0   1   1   4.1e-05      0.03   12.7   0.0    14    45   109   140    98   146 0.81 -
#
# Program:         hmmsearch
# Version:         3.1b2 (February 2015)
# Pipeline mode:   SEARCH
# Query file:      /mnt/e/Bioinformatics/Semester2/BINP29/Malaria Project/Genomes/Parsed/busco_downloads/lineages/apicomplexa_odb10/hmms/31937at5794.hmm
# Target file:     /mnt/e/Bioinformatics/Semester2/BINP29/Malaria Project/Genomes/Parsed/Pc_new.faa
# Option settings: hmmsearch --domtblout /mnt/e/Bioinformatics/Semester2/BINP29/Malaria Project/Genomes/Parsed/Pc/run_apicomplexa_odb10/hmmer_output/initial_run_results/31937at5794.out --cpu 1 /mnt/e/Bioinformatics/Semester2/BINP29/Malaria Project/Genomes/Parsed/busco_downloads/lineages/apicomplexa_odb10/hmms/31937at5794.hmm /mnt/e/Bioinformatics/Semester2/BINP29/Malaria Project/Genomes/Parsed/Pc_new.faa 
# Current dir:     /mnt/e/Bioinformatics/Semester2/BINP29/Malaria Project/Genomes/Parsed
# Date:            Wed Mar  1 19:28:10 2023
# [ok]
