#                                                                            --- full sequence --- -------------- this domain -------------   hmm coord   ali coord   env coord
# target name        accession   tlen query name           accession   qlen   E-value  score  bias   #  of  c-Evalue  i-Evalue  score  bias  from    to  from    to  from    to  acc description of target
#------------------- ---------- ----- -------------------- ---------- ----- --------- ------ ----- --- --- --------- --------- ------ ----- ----- ----- ----- ----- ----- ----- ---- ---------------------
1285_g               -            833 3296at5794           -            728         0 1443.4   6.4   1   1         0         0 1439.6   6.4     1   728    17   832    17   832 0.94 -
4069_g               -           1229 3296at5794           -            728  1.2e-115  385.5   9.8   1   4       0.1        49   -0.0   0.0     3    24   184   205   182   210 0.90 -
4069_g               -           1229 3296at5794           -            728  1.2e-115  385.5   9.8   2   4   8.5e-53   4.1e-50  168.8   5.6    38   414   274   708   263   715 0.84 -
4069_g               -           1229 3296at5794           -            728  1.2e-115  385.5   9.8   3   4   3.6e-26   1.7e-23   80.8   0.2   424   524   778   883   769   898 0.88 -
4069_g               -           1229 3296at5794           -            728  1.2e-115  385.5   9.8   4   4     1e-41   5.1e-39  132.2   0.0   542   707   982  1167   961  1180 0.84 -
819_g                -           1355 3296at5794           -            728   3.4e-72  241.8  10.4   1   4   2.5e-18   1.2e-15   54.9   0.2     2    62    12    72    11    85 0.92 -
819_g                -           1355 3296at5794           -            728   3.4e-72  241.8  10.4   2   4   1.3e-38   6.4e-36  121.9   2.5    66   331   164   454   134   483 0.79 -
819_g                -           1355 3296at5794           -            728   3.4e-72  241.8  10.4   3   4   3.8e-15   1.8e-12   44.4   0.3   419   521   697   799   638   818 0.86 -
819_g                -           1355 3296at5794           -            728   3.4e-72  241.8  10.4   4   4   1.6e-08   7.6e-06   22.5   0.0   614   706  1191  1295  1142  1304 0.79 -
754_g                -            902 3296at5794           -            728   9.7e-41  137.8   4.5   1   3     2e-28   9.7e-26   88.2   3.3     2   301    98   389    97   398 0.75 -
754_g                -            902 3296at5794           -            728   9.7e-41  137.8   4.5   2   3   3.2e-12   1.5e-09   34.7   0.0   358   508   493   644   482   652 0.84 -
754_g                -            902 3296at5794           -            728   9.7e-41  137.8   4.5   3   3   2.3e-05     0.011   12.0   0.0   631   712   800   889   755   900 0.80 -
2346_g               -            805 3296at5794           -            728   9.8e-39  131.2   1.9   1   3   4.6e-25   2.2e-22   77.1   0.2     2   142    44   186    43   214 0.85 -
2346_g               -            805 3296at5794           -            728   9.8e-39  131.2   1.9   2   3   1.5e-14   7.2e-12   42.4   0.2   315   508   405   590   394   613 0.79 -
2346_g               -            805 3296at5794           -            728   9.8e-39  131.2   1.9   3   3   0.00016     0.076    9.3   0.0   628   703   699   781   660   797 0.78 -
2368_g               -           1105 3296at5794           -            728   9.2e-22   75.1   4.2   1   3   8.7e-20   4.2e-17   59.7   0.1     3   154    25   168    23   184 0.81 -
2368_g               -           1105 3296at5794           -            728   9.2e-22   75.1   4.2   2   3   1.5e-06   0.00072   15.9   0.6   427   504   621   697   607   717 0.84 -
2368_g               -           1105 3296at5794           -            728   9.2e-22   75.1   4.2   3   3      0.65   3.1e+02   -2.7   0.0   669   695  1066  1092  1017  1100 0.79 -
2098_g               -            801 3296at5794           -            728     2e-21   74.0   1.8   1   2   2.1e-23     1e-20   71.7   0.1     2   147   124   260   123   272 0.86 -
2098_g               -            801 3296at5794           -            728     2e-21   74.0   1.8   2   2      0.03        15    1.7   0.1   443   556   525   639   398   664 0.73 -
3815_g               -            923 3296at5794           -            728     2e-13   47.5   0.2   1   2   6.1e-14   2.9e-11   40.4   0.0    37   165   242   366   219   376 0.81 -
3815_g               -            923 3296at5794           -            728     2e-13   47.5   0.2   2   2    0.0032       1.6    4.9   0.1   416   506   534   628   529   640 0.75 -
981_g                -            536 3296at5794           -            728   3.8e-12   43.3   0.4   1   2   6.6e-14   3.2e-11   40.3   0.1     5   138   153   280   149   298 0.76 -
981_g                -            536 3296at5794           -            728   3.8e-12   43.3   0.4   2   2     0.048        23    1.1   0.0   318   364   349   394   335   420 0.85 -
452_g                -            444 3296at5794           -            728   7.4e-06   22.5   0.0   1   1   2.3e-08   1.1e-05   22.0   0.0     5   153     9   171     5   183 0.65 -
2732_g               -            735 3296at5794           -            728    0.0032   13.8   0.6   1   2      0.62     3e+02   -2.6   0.0     5    23     5    23     4    56 0.73 -
2732_g               -            735 3296at5794           -            728    0.0032   13.8   0.6   2   2   1.6e-05    0.0078   12.5   0.2    71   155   119   203   113   210 0.80 -
149_g                -           1444 3296at5794           -            728    0.0061   12.9   0.1   1   1   2.6e-05     0.013   11.8   0.1    69   141   898   970   847  1004 0.79 -
#
# Program:         hmmsearch
# Version:         3.1b2 (February 2015)
# Pipeline mode:   SEARCH
# Query file:      /mnt/e/Bioinformatics/Semester2/BINP29/Malaria Project/Genomes/Parsed/busco_downloads/lineages/apicomplexa_odb10/hmms/3296at5794.hmm
# Target file:     /mnt/e/Bioinformatics/Semester2/BINP29/Malaria Project/Genomes/Parsed/Pc_new.faa
# Option settings: hmmsearch --domtblout /mnt/e/Bioinformatics/Semester2/BINP29/Malaria Project/Genomes/Parsed/Pc/run_apicomplexa_odb10/hmmer_output/initial_run_results/3296at5794.out --cpu 1 /mnt/e/Bioinformatics/Semester2/BINP29/Malaria Project/Genomes/Parsed/busco_downloads/lineages/apicomplexa_odb10/hmms/3296at5794.hmm /mnt/e/Bioinformatics/Semester2/BINP29/Malaria Project/Genomes/Parsed/Pc_new.faa 
# Current dir:     /mnt/e/Bioinformatics/Semester2/BINP29/Malaria Project/Genomes/Parsed
# Date:            Wed Mar  1 19:28:11 2023
# [ok]
