#                                                                            --- full sequence --- -------------- this domain -------------   hmm coord   ali coord   env coord
# target name        accession   tlen query name           accession   qlen   E-value  score  bias   #  of  c-Evalue  i-Evalue  score  bias  from    to  from    to  from    to  acc description of target
#------------------- ---------- ----- -------------------- ---------- ----- --------- ------ ----- --- --- --------- --------- ------ ----- ----- ----- ----- ----- ----- ----- ---- ---------------------
2758_g               -           1515 3388at5794           -            590    1e-221  735.6  50.4   1   5  1.3e-103  2.4e-100  334.9   2.5     4   214    36   263    32   279 0.92 -
2758_g               -           1515 3388at5794           -            590    1e-221  735.6  50.4   2   5   1.8e-25   3.4e-22   76.8   0.3   211   278   310   390   307   392 0.87 -
2758_g               -           1515 3388at5794           -            590    1e-221  735.6  50.4   3   5    0.0066        13    2.3   0.0   271   293   443   465   440   472 0.81 -
2758_g               -           1515 3388at5794           -            590    1e-221  735.6  50.4   4   5   2.9e-98   5.6e-95  317.1  15.1   302   545   851  1145   828  1164 0.85 -
2758_g               -           1515 3388at5794           -            590    1e-221  735.6  50.4   5   5   4.9e-05     0.094    9.3  13.8   538   590  1166  1225  1142  1225 0.69 -
1279_g               -            964 3388at5794           -            590   8.8e-18   62.2   1.4   1   4         3   5.8e+03   -8.5   9.6   544   587    11    36     2    70 0.50 -
1279_g               -            964 3388at5794           -            590   8.8e-18   62.2   1.4   2   4   9.4e-13   1.8e-09   34.8   0.4    87   240   114   283    98   300 0.74 -
1279_g               -            964 3388at5794           -            590   8.8e-18   62.2   1.4   3   4       0.2   3.8e+02   -2.6   0.0   343   376   714   749   705   774 0.62 -
1279_g               -            964 3388at5794           -            590   8.8e-18   62.2   1.4   4   4   5.6e-13   1.1e-09   35.5   0.0   404   498   840   936   811   941 0.92 -
149_g                -           1444 3388at5794           -            590   1.2e-05   22.2   0.9   1   2     6e-09   1.2e-05   22.2   0.9    26   141   841   965   825   990 0.74 -
149_g                -           1444 3388at5794           -            590   1.2e-05   22.2   0.9   2   2     0.072   1.4e+02   -1.2   0.3   397   455  1319  1378  1310  1406 0.83 -
#
# Program:         hmmsearch
# Version:         3.1b2 (February 2015)
# Pipeline mode:   SEARCH
# Query file:      /mnt/e/Bioinformatics/Semester2/BINP29/Malaria Project/Genomes/Parsed/busco_downloads/lineages/apicomplexa_odb10/hmms/3388at5794.hmm
# Target file:     /mnt/e/Bioinformatics/Semester2/BINP29/Malaria Project/Genomes/Parsed/Pc_new.faa
# Option settings: hmmsearch --domtblout /mnt/e/Bioinformatics/Semester2/BINP29/Malaria Project/Genomes/Parsed/Pc/run_apicomplexa_odb10/hmmer_output/initial_run_results/3388at5794.out --cpu 1 /mnt/e/Bioinformatics/Semester2/BINP29/Malaria Project/Genomes/Parsed/busco_downloads/lineages/apicomplexa_odb10/hmms/3388at5794.hmm /mnt/e/Bioinformatics/Semester2/BINP29/Malaria Project/Genomes/Parsed/Pc_new.faa 
# Current dir:     /mnt/e/Bioinformatics/Semester2/BINP29/Malaria Project/Genomes/Parsed
# Date:            Wed Mar  1 19:28:11 2023
# [ok]
