#                                                                            --- full sequence --- -------------- this domain -------------   hmm coord   ali coord   env coord
# target name        accession   tlen query name           accession   qlen   E-value  score  bias   #  of  c-Evalue  i-Evalue  score  bias  from    to  from    to  from    to  acc description of target
#------------------- ---------- ----- -------------------- ---------- ----- --------- ------ ----- --- --- --------- --------- ------ ----- ----- ----- ----- ----- ----- ----- ---- ---------------------
2660_g               -            714 3558at5794           -            661  6.3e-284  941.5  26.6   1   2  1.2e-183  6.6e-181  601.1  16.0     7   393    20   454    14   465 0.87 -
2660_g               -            714 3558at5794           -            661  6.3e-284  941.5  26.6   2   2  5.1e-104  2.7e-101  338.0   2.8   385   563   528   713   514   713 0.92 -
4422_g               -           1456 3558at5794           -            661   1.1e-86  289.7  13.2   1   1   3.5e-89   1.8e-86  289.0  13.2    15   613   289   877   277   926 0.77 -
3576_g               -           3256 3558at5794           -            661   1.1e-74  250.1   9.0   1   1     4e-77   2.1e-74  249.2   9.0   101   556  1388  1845  1366  1852 0.83 -
3336_g               -           2034 3558at5794           -            661   1.8e-71  239.4  26.8   1   3   3.7e-41   1.9e-38  130.3   2.4    51   375   528   851   500   857 0.83 -
3336_g               -           2034 3558at5794           -            661   1.8e-71  239.4  26.8   2   3     2e-39   1.1e-36  124.6   2.7   398   551  1471  1625  1395  1636 0.82 -
3336_g               -           2034 3558at5794           -            661   1.8e-71  239.4  26.8   3   3       2.1   1.1e+03   -4.4   6.2   626   656  1800  1833  1710  1844 0.63 -
3092_g               -           1304 3558at5794           -            661     3e-58  195.8   5.4   1   2   5.3e-44   2.8e-41  139.7   1.2    55   464   608  1023   560  1028 0.73 -
3092_g               -           1304 3558at5794           -            661     3e-58  195.8   5.4   2   2   4.1e-19   2.1e-16   57.5   0.2   466   570  1122  1229  1114  1240 0.85 -
554_g                -           2809 3558at5794           -            661   7.3e-56  187.9   1.7   1   4      0.12        63   -0.2   0.0   282   348   193   263   187   272 0.77 -
554_g                -           2809 3558at5794           -            661   7.3e-56  187.9   1.7   2   4   1.7e-29     9e-27   91.7   0.0    64   282   334   543   314   571 0.86 -
554_g                -           2809 3558at5794           -            661   7.3e-56  187.9   1.7   3   4    0.0082       4.3    3.6   1.7   297   399   603   718   594   798 0.62 -
554_g                -           2809 3558at5794           -            661   7.3e-56  187.9   1.7   4   4   8.7e-34   4.6e-31  105.9   0.4   416   569  1225  1384  1219  1396 0.91 -
2508_g               -           1592 3558at5794           -            661   1.5e-53  180.2  15.7   1   4   5.2e-08   2.7e-05   20.8   0.1    41   128   187   269   166   282 0.79 -
2508_g               -           1592 3558at5794           -            661   1.5e-53  180.2  15.7   2   4     6e-06    0.0031   14.0   0.2   136   207   371   438   365   453 0.81 -
2508_g               -           1592 3558at5794           -            661   1.5e-53  180.2  15.7   3   4   2.5e-13   1.3e-10   38.3   0.0   205   262   960  1018   953  1022 0.90 -
2508_g               -           1592 3558at5794           -            661   1.5e-53  180.2  15.7   4   4   1.8e-35   9.6e-33  111.5   5.3   324   568  1329  1590  1320  1591 0.83 -
3354_g               -            766 3558at5794           -            661     1e-39  134.6  21.1   1   3    0.0011      0.56    6.5   2.7   296   380   100   186    77   202 0.75 -
3354_g               -            766 3558at5794           -            661     1e-39  134.6  21.1   2   3   4.5e-06    0.0024   14.4   3.4   353   433   347   472   331   481 0.83 -
3354_g               -            766 3558at5794           -            661     1e-39  134.6  21.1   3   3   4.6e-39   2.4e-36  123.4   0.7   414   540   584   709   580   741 0.89 -
448_g                -            888 3558at5794           -            661     5e-34  115.7   5.2   1   1   3.9e-36     2e-33  113.7   5.3    53   535   296   762   274   805 0.77 -
870_g                -           1452 3558at5794           -            661   8.8e-31  105.0  12.0   1   3   7.3e-05     0.038   10.4   0.2   104   126   657   679   655   777 0.63 -
870_g                -           1452 3558at5794           -            661   8.8e-31  105.0  12.0   2   3   8.3e-10   4.4e-07   26.7   0.0   215   397   899  1094   890  1099 0.70 -
870_g                -           1452 3558at5794           -            661   8.8e-31  105.0  12.0   3   3   2.3e-20   1.2e-17   61.6   4.3   364   557  1210  1427  1183  1434 0.80 -
3353_g               -            336 3558at5794           -            661   1.4e-11   41.6   0.3   1   1     5e-14   2.6e-11   40.7   0.2    67   163   179   267   151   332 0.73 -
#
# Program:         hmmsearch
# Version:         3.1b2 (February 2015)
# Pipeline mode:   SEARCH
# Query file:      /mnt/e/Bioinformatics/Semester2/BINP29/Malaria Project/Genomes/Parsed/busco_downloads/lineages/apicomplexa_odb10/hmms/3558at5794.hmm
# Target file:     /mnt/e/Bioinformatics/Semester2/BINP29/Malaria Project/Genomes/Parsed/Pc_new.faa
# Option settings: hmmsearch --domtblout /mnt/e/Bioinformatics/Semester2/BINP29/Malaria Project/Genomes/Parsed/Pc/run_apicomplexa_odb10/hmmer_output/initial_run_results/3558at5794.out --cpu 1 /mnt/e/Bioinformatics/Semester2/BINP29/Malaria Project/Genomes/Parsed/busco_downloads/lineages/apicomplexa_odb10/hmms/3558at5794.hmm /mnt/e/Bioinformatics/Semester2/BINP29/Malaria Project/Genomes/Parsed/Pc_new.faa 
# Current dir:     /mnt/e/Bioinformatics/Semester2/BINP29/Malaria Project/Genomes/Parsed
# Date:            Wed Mar  1 19:28:12 2023
# [ok]
