#                                                                            --- full sequence --- -------------- this domain -------------   hmm coord   ali coord   env coord
# target name        accession   tlen query name           accession   qlen   E-value  score  bias   #  of  c-Evalue  i-Evalue  score  bias  from    to  from    to  from    to  acc description of target
#------------------- ---------- ----- -------------------- ---------- ----- --------- ------ ----- --- --- --------- --------- ------ ----- ----- ----- ----- ----- ----- ----- ---- ---------------------
446_g                -           1315 3933at5794           -            723  4.4e-208  691.4  65.8   1   6   5.5e-32   1.6e-28   97.8   0.5     1   111   130   256   130   267 0.88 -
446_g                -           1315 3933at5794           -            723  4.4e-208  691.4  65.8   2   6   7.1e-50   2.1e-46  156.9   9.5   106   328   350   641   347   645 0.80 -
446_g                -           1315 3933at5794           -            723  4.4e-208  691.4  65.8   3   6   3.9e-33   1.1e-29  101.6   2.1   328   411   731   825   726   839 0.88 -
446_g                -           1315 3933at5794           -            723  4.4e-208  691.4  65.8   4   6   9.8e-38   2.8e-34  116.8   9.3   397   535   838   983   829   998 0.85 -
446_g                -           1315 3933at5794           -            723  4.4e-208  691.4  65.8   5   6   6.5e-27   1.9e-23   81.0   0.5   526   599  1029  1102  1013  1109 0.87 -
446_g                -           1315 3933at5794           -            723  4.4e-208  691.4  65.8   6   6   9.5e-52   2.8e-48  163.1   8.4   600   723  1188  1314  1172  1314 0.93 -
207_g                -            392 3933at5794           -            723   0.00025   17.8   1.3   1   3     0.002       5.7    3.4   0.0   434   494   152   214   142   221 0.80 -
207_g                -            392 3933at5794           -            723   0.00025   17.8   1.3   2   3   0.00045       1.3    5.5   0.2   414   503   210   306   170   332 0.58 -
207_g                -            392 3933at5794           -            723   0.00025   17.8   1.3   3   3   5.8e-05      0.17    8.4   0.0   445   494   331   381   322   388 0.81 -
#
# Program:         hmmsearch
# Version:         3.1b2 (February 2015)
# Pipeline mode:   SEARCH
# Query file:      /mnt/e/Bioinformatics/Semester2/BINP29/Malaria Project/Genomes/Parsed/busco_downloads/lineages/apicomplexa_odb10/hmms/3933at5794.hmm
# Target file:     /mnt/e/Bioinformatics/Semester2/BINP29/Malaria Project/Genomes/Parsed/Pc_new.faa
# Option settings: hmmsearch --domtblout /mnt/e/Bioinformatics/Semester2/BINP29/Malaria Project/Genomes/Parsed/Pc/run_apicomplexa_odb10/hmmer_output/initial_run_results/3933at5794.out --cpu 1 /mnt/e/Bioinformatics/Semester2/BINP29/Malaria Project/Genomes/Parsed/busco_downloads/lineages/apicomplexa_odb10/hmms/3933at5794.hmm /mnt/e/Bioinformatics/Semester2/BINP29/Malaria Project/Genomes/Parsed/Pc_new.faa 
# Current dir:     /mnt/e/Bioinformatics/Semester2/BINP29/Malaria Project/Genomes/Parsed
# Date:            Wed Mar  1 19:28:13 2023
# [ok]
