#                                                                            --- full sequence --- -------------- this domain -------------   hmm coord   ali coord   env coord
# target name        accession   tlen query name           accession   qlen   E-value  score  bias   #  of  c-Evalue  i-Evalue  score  bias  from    to  from    to  from    to  acc description of target
#------------------- ---------- ----- -------------------- ---------- ----- --------- ------ ----- --- --- --------- --------- ------ ----- ----- ----- ----- ----- ----- ----- ---- ---------------------
4472_g               -           1273 4162at5794           -            734         0 1052.4  65.6   1   4   2.4e-58   7.1e-55  184.7   8.7     1   133    19   176    19   181 0.89 -
4472_g               -           1273 4162at5794           -            734         0 1052.4  65.6   2   4  1.2e-219  3.5e-216  718.0  26.3   121   571   319   809   312   818 0.92 -
4472_g               -           1273 4162at5794           -            734         0 1052.4  65.6   3   4   2.9e-08   8.3e-05   19.2   4.9   327   461   900  1038   896  1041 0.82 -
4472_g               -           1273 4162at5794           -            734         0 1052.4  65.6   4   4   2.8e-48     8e-45  151.5   4.4   601   730  1018  1174  1010  1181 0.87 -
2858_g               -            716 4162at5794           -            734   1.6e-15   54.6  26.2   1   3   3.1e-12   8.8e-09   32.3   6.6   413   557    76   225     3   237 0.85 -
2858_g               -            716 4162at5794           -            734   1.6e-15   54.6  26.2   2   3    0.0022       6.5    3.0   0.1   417   464   251   301   245   309 0.79 -
2858_g               -            716 4162at5794           -            734   1.6e-15   54.6  26.2   3   3   1.3e-09   3.9e-06   23.6   7.4   416   575   379   549   304   573 0.73 -
#
# Program:         hmmsearch
# Version:         3.1b2 (February 2015)
# Pipeline mode:   SEARCH
# Query file:      /mnt/e/Bioinformatics/Semester2/BINP29/Malaria Project/Genomes/Parsed/busco_downloads/lineages/apicomplexa_odb10/hmms/4162at5794.hmm
# Target file:     /mnt/e/Bioinformatics/Semester2/BINP29/Malaria Project/Genomes/Parsed/Pc_new.faa
# Option settings: hmmsearch --domtblout /mnt/e/Bioinformatics/Semester2/BINP29/Malaria Project/Genomes/Parsed/Pc/run_apicomplexa_odb10/hmmer_output/initial_run_results/4162at5794.out --cpu 1 /mnt/e/Bioinformatics/Semester2/BINP29/Malaria Project/Genomes/Parsed/busco_downloads/lineages/apicomplexa_odb10/hmms/4162at5794.hmm /mnt/e/Bioinformatics/Semester2/BINP29/Malaria Project/Genomes/Parsed/Pc_new.faa 
# Current dir:     /mnt/e/Bioinformatics/Semester2/BINP29/Malaria Project/Genomes/Parsed
# Date:            Wed Mar  1 19:28:13 2023
# [ok]
