#                                                                            --- full sequence --- -------------- this domain -------------   hmm coord   ali coord   env coord
# target name        accession   tlen query name           accession   qlen   E-value  score  bias   #  of  c-Evalue  i-Evalue  score  bias  from    to  from    to  from    to  acc description of target
#------------------- ---------- ----- -------------------- ---------- ----- --------- ------ ----- --- --- --------- --------- ------ ----- ----- ----- ----- ----- ----- ----- ---- ---------------------
1534_g               -            759 4404at5794           -            503  1.1e-244  811.1  12.1   1   3     1e-22   7.5e-20   69.5   0.6    14    93   108   210    96   217 0.81 -
1534_g               -            759 4404at5794           -            503  1.1e-244  811.1  12.1   2   3   1.5e-34   1.1e-31  108.6   0.0    89   164   247   337   227   344 0.83 -
1534_g               -            759 4404at5794           -            503  1.1e-244  811.1  12.1   3   3    5e-194  3.6e-191  634.6   3.3   157   503   356   730   346   730 0.94 -
471_g                -            952 4404at5794           -            503  1.2e-100  336.0   6.0   1   2   8.5e-12   6.1e-09   33.5   0.0    64   152   267   353   222   356 0.76 -
471_g                -            952 4404at5794           -            503  1.2e-100  336.0   6.0   2   2   9.6e-93   6.9e-90  300.5   3.8   170   457   459   770   443   797 0.89 -
1721_g               -           1181 4404at5794           -            503   6.4e-94  313.8   8.3   1   5      0.31   2.2e+02   -1.4   0.1   361   384   455   478   443   491 0.82 -
1721_g               -           1181 4404at5794           -            503   6.4e-94  313.8   8.3   2   5   3.7e-11   2.7e-08   31.4   0.1    95   157   584   646   494   655 0.74 -
1721_g               -           1181 4404at5794           -            503   6.4e-94  313.8   8.3   3   5   2.3e-08   1.7e-05   22.1   0.0   160   201   687   731   658   737 0.80 -
1721_g               -           1181 4404at5794           -            503   6.4e-94  313.8   8.3   4   5   1.5e-67   1.1e-64  217.4   0.0   202   370   757   931   742   949 0.91 -
1721_g               -           1181 4404at5794           -            503   6.4e-94  313.8   8.3   5   5   5.6e-14     4e-11   40.7   0.2   370   464   965  1062   935  1075 0.82 -
42_g                 -            972 4404at5794           -            503   1.8e-90  302.4   3.4   1   3   3.9e-11   2.8e-08   31.3   0.0   102   155   287   340   281   344 0.95 -
42_g                 -            972 4404at5794           -            503   1.8e-90  302.4   3.4   2   3   1.2e-75   8.5e-73  244.1   0.4   171   373   398   606   361   638 0.89 -
42_g                 -            972 4404at5794           -            503   1.8e-90  302.4   3.4   3   3   1.9e-09   1.4e-06   25.7   0.2   363   454   691   782   629   806 0.70 -
2562_g               -            828 4404at5794           -            503     7e-84  280.7  11.4   1   3   1.2e-08   8.7e-06   23.1   0.0   100   153   279   332   259   342 0.92 -
2562_g               -            828 4404at5794           -            503     7e-84  280.7  11.4   2   3   3.2e-73   2.3e-70  236.1   0.6   166   367   387   595   377   601 0.93 -
2562_g               -            828 4404at5794           -            503     7e-84  280.7  11.4   3   3   4.5e-09   3.3e-06   24.5   3.7   364   465   616   721   598   751 0.74 -
2044_g               -           3658 4404at5794           -            503   1.2e-80  270.1   7.2   1   4       0.1        75    0.2   0.2    55    96   292   332   281   351 0.77 -
2044_g               -           3658 4404at5794           -            503   1.2e-80  270.1   7.2   2   4   9.8e-08   7.1e-05   20.1   0.0    81   156   351   423   340   427 0.90 -
2044_g               -           3658 4404at5794           -            503   1.2e-80  270.1   7.2   3   4   9.7e-68     7e-65  218.0   0.1   163   363   504   712   465   719 0.91 -
2044_g               -           3658 4404at5794           -            503   1.2e-80  270.1   7.2   4   4   1.9e-11   1.3e-08   32.3   0.1   368   459   789   878   781   920 0.80 -
1530_g               -           1374 4404at5794           -            503     5e-60  202.0   1.7   1   3      0.13        92   -0.1   0.0   126   153   372   399   272   411 0.78 -
1530_g               -           1374 4404at5794           -            503     5e-60  202.0   1.7   2   3   8.6e-49   6.2e-46  155.5   0.0   169   366   874  1079   862  1089 0.92 -
1530_g               -           1374 4404at5794           -            503     5e-60  202.0   1.7   3   3   6.8e-15   4.9e-12   43.7   0.1   372   454  1192  1275  1172  1311 0.86 -
3420_g               -           1410 4404at5794           -            503   9.9e-45  151.5   5.5   1   3    0.0031       2.2    5.2   0.0    83   152   527   592   507   600 0.83 -
3420_g               -           1410 4404at5794           -            503   9.9e-45  151.5   5.5   2   3   2.3e-39   1.7e-36  124.4   1.5   205   366   944  1113   933  1118 0.85 -
3420_g               -           1410 4404at5794           -            503   9.9e-45  151.5   5.5   3   3   4.5e-08   3.2e-05   21.2   0.1   369   450  1249  1326  1243  1355 0.82 -
#
# Program:         hmmsearch
# Version:         3.1b2 (February 2015)
# Pipeline mode:   SEARCH
# Query file:      /mnt/e/Bioinformatics/Semester2/BINP29/Malaria Project/Genomes/Parsed/busco_downloads/lineages/apicomplexa_odb10/hmms/4404at5794.hmm
# Target file:     /mnt/e/Bioinformatics/Semester2/BINP29/Malaria Project/Genomes/Parsed/Pc_new.faa
# Option settings: hmmsearch --domtblout /mnt/e/Bioinformatics/Semester2/BINP29/Malaria Project/Genomes/Parsed/Pc/run_apicomplexa_odb10/hmmer_output/initial_run_results/4404at5794.out --cpu 1 /mnt/e/Bioinformatics/Semester2/BINP29/Malaria Project/Genomes/Parsed/busco_downloads/lineages/apicomplexa_odb10/hmms/4404at5794.hmm /mnt/e/Bioinformatics/Semester2/BINP29/Malaria Project/Genomes/Parsed/Pc_new.faa 
# Current dir:     /mnt/e/Bioinformatics/Semester2/BINP29/Malaria Project/Genomes/Parsed
# Date:            Wed Mar  1 19:28:14 2023
# [ok]
