#                                                                            --- full sequence --- -------------- this domain -------------   hmm coord   ali coord   env coord
# target name        accession   tlen query name           accession   qlen   E-value  score  bias   #  of  c-Evalue  i-Evalue  score  bias  from    to  from    to  from    to  acc description of target
#------------------- ---------- ----- -------------------- ---------- ----- --------- ------ ----- --- --- --------- --------- ------ ----- ----- ----- ----- ----- ----- ----- ---- ---------------------
2586_g               -            894 4967at5794           -            467  2.1e-180  598.6  44.5   1   5     1e-41   9.7e-39  131.5   0.6     1    76     1    76     1    88 0.97 -
2586_g               -            894 4967at5794           -            467  2.1e-180  598.6  44.5   2   5   3.9e-67   3.8e-64  215.3   2.3    73   227    96   258    85   265 0.92 -
2586_g               -            894 4967at5794           -            467  2.1e-180  598.6  44.5   3   5   9.9e-65   9.5e-62  207.4   1.2   220   360   281   436   270   463 0.88 -
2586_g               -            894 4967at5794           -            467  2.1e-180  598.6  44.5   4   5   2.2e-24   2.1e-21   74.3   2.1   371   458   633   726   619   734 0.89 -
2586_g               -            894 4967at5794           -            467  2.1e-180  598.6  44.5   5   5         6   5.8e+03   -7.9   8.8   382   453   784   848   750   880 0.47 -
3346_g               -            683 4967at5794           -            467   7.4e-65  217.6   9.6   1   3   1.6e-17   1.6e-14   51.7   0.1     4    74    18    88    16    99 0.96 -
3346_g               -            683 4967at5794           -            467   7.4e-65  217.6   9.6   2   3   8.2e-50   7.9e-47  158.2   0.0    89   340   129   394    92   399 0.87 -
3346_g               -            683 4967at5794           -            467   7.4e-65  217.6   9.6   3   3   7.3e-05      0.07   10.0   3.5   373   453   523   608   502   621 0.68 -
3869_g               -            638 4967at5794           -            467   5.6e-57  191.6   9.4   1   2   4.7e-57   4.5e-54  182.0   0.1     2   338    29   386    28   389 0.83 -
3869_g               -            638 4967at5794           -            467   5.6e-57  191.6   9.4   2   2   3.3e-05     0.032   11.1   5.6   376   457   517   603   499   610 0.72 -
4699_g               -            664 4967at5794           -            467   1.1e-52  177.5  13.7   1   3   2.5e-12   2.4e-09   34.6   0.1     3    73    43   114    42   129 0.94 -
4699_g               -            664 4967at5794           -            467   1.1e-52  177.5  13.7   2   3     4e-44   3.9e-41  139.4   0.0    97   338   161   415   141   421 0.87 -
4699_g               -            664 4967at5794           -            467   1.1e-52  177.5  13.7   3   3   0.00075      0.72    6.6   6.7   359   438   527   606   517   636 0.63 -
862_g                -            947 4967at5794           -            467   2.2e-37  127.0  17.9   1   3   9.3e-06     0.009   12.9   0.0     2    53    25    77    24   102 0.89 -
862_g                -            947 4967at5794           -            467   2.2e-37  127.0  17.9   2   3     1e-33   9.8e-31  105.1   2.3   112   347   200   455   171   464 0.81 -
862_g                -            947 4967at5794           -            467   2.2e-37  127.0  17.9   3   3   3.7e-06    0.0036   14.2   6.0   383   456   659   739   624   751 0.74 -
4623_g               -            618 4967at5794           -            467     0.039   10.8   5.2   1   1   6.5e-05     0.063   10.1   5.2   379   460   520   607   501   615 0.76 -
#
# Program:         hmmsearch
# Version:         3.1b2 (February 2015)
# Pipeline mode:   SEARCH
# Query file:      /mnt/e/Bioinformatics/Semester2/BINP29/Malaria Project/Genomes/Parsed/busco_downloads/lineages/apicomplexa_odb10/hmms/4967at5794.hmm
# Target file:     /mnt/e/Bioinformatics/Semester2/BINP29/Malaria Project/Genomes/Parsed/Pc_new.faa
# Option settings: hmmsearch --domtblout /mnt/e/Bioinformatics/Semester2/BINP29/Malaria Project/Genomes/Parsed/Pc/run_apicomplexa_odb10/hmmer_output/initial_run_results/4967at5794.out --cpu 1 /mnt/e/Bioinformatics/Semester2/BINP29/Malaria Project/Genomes/Parsed/busco_downloads/lineages/apicomplexa_odb10/hmms/4967at5794.hmm /mnt/e/Bioinformatics/Semester2/BINP29/Malaria Project/Genomes/Parsed/Pc_new.faa 
# Current dir:     /mnt/e/Bioinformatics/Semester2/BINP29/Malaria Project/Genomes/Parsed
# Date:            Wed Mar  1 19:28:15 2023
# [ok]
