#                                                                            --- full sequence --- -------------- this domain -------------   hmm coord   ali coord   env coord
# target name        accession   tlen query name           accession   qlen   E-value  score  bias   #  of  c-Evalue  i-Evalue  score  bias  from    to  from    to  from    to  acc description of target
#------------------- ---------- ----- -------------------- ---------- ----- --------- ------ ----- --- --- --------- --------- ------ ----- ----- ----- ----- ----- ----- ----- ---- ---------------------
3082_g               -            905 5510at5794           -            461  1.4e-129  431.5  89.6   1   6   1.4e-82     2e-79  266.2  29.5     1   226    22   293    22   310 0.87 -
3082_g               -            905 5510at5794           -            461  1.4e-129  431.5  89.6   2   6   3.5e-13     5e-10   37.4   4.1   230   278   452   501   414   517 0.70 -
3082_g               -            905 5510at5794           -            461  1.4e-129  431.5  89.6   3   6   2.2e-10   3.2e-07   28.1  14.5   269   325   522   579   513   586 0.89 -
3082_g               -            905 5510at5794           -            461  1.4e-129  431.5  89.6   4   6   1.2e-10   1.7e-07   29.0   0.1   315   357   594   636   584   644 0.90 -
3082_g               -            905 5510at5794           -            461  1.4e-129  431.5  89.6   5   6   7.7e-20   1.1e-16   59.3   5.9   345   416   701   784   692   800 0.74 -
3082_g               -            905 5510at5794           -            461  1.4e-129  431.5  89.6   6   6   5.1e-12   7.4e-09   33.5   1.8   409   452   798   841   787   847 0.86 -
3080_g               -            902 5510at5794           -            461   5.3e-12   43.9  85.6   1   7    0.0069        10    3.4   5.3     2    71    19    83    18    86 0.69 -
3080_g               -            902 5510at5794           -            461   5.3e-12   43.9  85.6   2   7    0.0028       4.1    4.7  12.8    67   150   113   194   109   202 0.72 -
3080_g               -            902 5510at5794           -            461   5.3e-12   43.9  85.6   3   7   5.3e-05     0.076   10.4   1.3   102   156   190   243   187   247 0.82 -
3080_g               -            902 5510at5794           -            461   5.3e-12   43.9  85.6   4   7   2.7e-06    0.0039   14.7   0.2   152   209   334   400   330   409 0.77 -
3080_g               -            902 5510at5794           -            461   5.3e-12   43.9  85.6   5   7    0.0035       5.1    4.4   1.1   227   270   538   581   523   587 0.90 -
3080_g               -            902 5510at5794           -            461   5.3e-12   43.9  85.6   6   7   0.00059      0.85    6.9  11.3   264   316   604   656   584   665 0.80 -
3080_g               -            902 5510at5794           -            461   5.3e-12   43.9  85.6   7   7     1e-09   1.5e-06   25.9  10.5   312   457   675   853   663   856 0.72 -
3932_g               -            706 5510at5794           -            461   1.2e-10   39.5  37.2   1   3   8.9e-08   0.00013   19.5   8.1     2    68    22    93    21   108 0.82 -
3932_g               -            706 5510at5794           -            461   1.2e-10   39.5  37.2   2   3    0.0046       6.7    4.0  13.1    68   151   114   210    98   226 0.65 -
3932_g               -            706 5510at5794           -            461   1.2e-10   39.5  37.2   3   3   6.5e-10   9.4e-07   26.6   1.8   156   220   512   582   509   590 0.86 -
3931_g               -            557 5510at5794           -            461     0.012   13.1  46.5   1   4     0.097   1.4e+02   -0.4   0.1   211   254    83   126    78   128 0.87 -
3931_g               -            557 5510at5794           -            461     0.012   13.1  46.5   2   4   9.6e-05      0.14    9.5   2.3   232   275   135   179   134   192 0.76 -
3931_g               -            557 5510at5794           -            461     0.012   13.1  46.5   3   4    0.0056         8    3.7   6.8   280   322   288   330   272   349 0.78 -
3931_g               -            557 5510at5794           -            461     0.012   13.1  46.5   4   4   5.9e-06    0.0085   13.5  17.2   308   452   352   511   346   520 0.73 -
#
# Program:         hmmsearch
# Version:         3.1b2 (February 2015)
# Pipeline mode:   SEARCH
# Query file:      /mnt/e/Bioinformatics/Semester2/BINP29/Malaria Project/Genomes/Parsed/busco_downloads/lineages/apicomplexa_odb10/hmms/5510at5794.hmm
# Target file:     /mnt/e/Bioinformatics/Semester2/BINP29/Malaria Project/Genomes/Parsed/Pc_new.faa
# Option settings: hmmsearch --domtblout /mnt/e/Bioinformatics/Semester2/BINP29/Malaria Project/Genomes/Parsed/Pc/run_apicomplexa_odb10/hmmer_output/initial_run_results/5510at5794.out --cpu 1 /mnt/e/Bioinformatics/Semester2/BINP29/Malaria Project/Genomes/Parsed/busco_downloads/lineages/apicomplexa_odb10/hmms/5510at5794.hmm /mnt/e/Bioinformatics/Semester2/BINP29/Malaria Project/Genomes/Parsed/Pc_new.faa 
# Current dir:     /mnt/e/Bioinformatics/Semester2/BINP29/Malaria Project/Genomes/Parsed
# Date:            Wed Mar  1 19:28:16 2023
# [ok]
