#                                                                            --- full sequence --- -------------- this domain -------------   hmm coord   ali coord   env coord
# target name        accession   tlen query name           accession   qlen   E-value  score  bias   #  of  c-Evalue  i-Evalue  score  bias  from    to  from    to  from    to  acc description of target
#------------------- ---------- ----- -------------------- ---------- ----- --------- ------ ----- --- --- --------- --------- ------ ----- ----- ----- ----- ----- ----- ----- ---- ---------------------
4397_g               -            783 6285at5794           -            627    3e-284  942.6  24.6   1   1  5.8e-284  1.5e-281  933.7  24.6     1   618    10   757    10   773 0.90 -
603_g                -            823 6285at5794           -            627  8.5e-107  356.3   0.0   1   2   5.3e-55   1.3e-52  177.3   0.1   153   420   209   465   193   473 0.89 -
603_g                -            823 6285at5794           -            627  8.5e-107  356.3   0.0   2   2   8.4e-55   2.1e-52  176.7   0.0   153   400   482   717   466   731 0.92 -
2608_g               -           1203 6285at5794           -            627  9.5e-101  336.4   1.4   1   2   1.2e-50   2.9e-48  163.0   0.5   146   405   541   783   523   789 0.89 -
2608_g               -           1203 6285at5794           -            627  9.5e-101  336.4   1.4   2   2   2.2e-53   5.4e-51  172.0   0.0   178   395   939  1143   910  1149 0.90 -
1768_g               -           1227 6285at5794           -            627   5.1e-62  208.4  11.1   1   4   8.3e-08   2.1e-05   21.4   0.0   153   212   375   433   346   475 0.83 -
1768_g               -           1227 6285at5794           -            627   5.1e-62  208.4  11.1   2   4   4.1e-16     1e-13   48.8   5.1   232   380   505   643   491   654 0.85 -
1768_g               -           1227 6285at5794           -            627   5.1e-62  208.4  11.1   3   4     2e-41   5.1e-39  132.4   0.1   176   350   803   966   784   971 0.89 -
1768_g               -           1227 6285at5794           -            627   5.1e-62  208.4  11.1   4   4    0.0039      0.98    6.0   0.0   359   419  1141  1207  1128  1215 0.72 -
2111_g               -           1098 6285at5794           -            627   1.8e-61  206.6   6.9   1   2     8e-06     0.002   14.9   0.5   398   525   201   335   185   374 0.80 -
2111_g               -           1098 6285at5794           -            627   1.8e-61  206.6   6.9   2   2   2.8e-60   6.9e-58  194.8   1.0   129   393   577   826   553   833 0.87 -
2487_g               -            425 6285at5794           -            627   1.6e-50  170.4   0.8   1   1     7e-53   1.8e-50  170.3   0.8   153   411   170   414    48   421 0.88 -
1939_g               -            394 6285at5794           -            627     6e-47  158.6   0.4   1   2       1.4   3.6e+02   -2.5   0.2    83   119     7    42     3    92 0.56 -
1939_g               -            394 6285at5794           -            627     6e-47  158.6   0.4   2   2   2.4e-49     6e-47  158.6   0.4   143   386   131   360    94   379 0.90 -
2412_g               -            898 6285at5794           -            627   2.2e-45  153.5   0.2   1   2   8.5e-48   2.2e-45  153.5   0.2   176   386   203   405   151   423 0.87 -
2412_g               -            898 6285at5794           -            627   2.2e-45  153.5   0.2   2   2       3.3   8.3e+02   -3.7   0.1   395   425   721   751   718   761 0.81 -
4113_g               -            448 6285at5794           -            627   3.5e-42  142.9   0.0   1   1   2.4e-44   6.1e-42  142.1   0.0   153   397   194   429   181   437 0.90 -
4664_g               -            442 6285at5794           -            627   7.7e-42  141.8   1.6   1   2    0.0092       2.3    4.8   0.3    52   133    21   103     4   115 0.74 -
4664_g               -            442 6285at5794           -            627   7.7e-42  141.8   1.6   2   2   1.4e-42   3.5e-40  136.3   0.1   152   392   189   420   169   429 0.87 -
1989_g               -            421 6285at5794           -            627   2.3e-41  140.2   0.1   1   1   1.3e-43   3.2e-41  139.7   0.1   153   394   164   396   146   406 0.86 -
3386_g               -            393 6285at5794           -            627   4.5e-36  122.7   1.8   1   1   2.3e-38   5.7e-36  122.4   1.8   133   388   120   363     4   381 0.80 -
2899_g               -            745 6285at5794           -            627   5.5e-35  119.1   0.2   1   1   3.2e-37   8.1e-35  118.6   0.2   160   421   476   728   442   736 0.86 -
1150_g               -            703 6285at5794           -            627   1.2e-33  114.7   0.8   1   2   4.8e-36   1.2e-33  114.7   0.8   180   400   277   486   201   502 0.90 -
1150_g               -            703 6285at5794           -            627   1.2e-33  114.7   0.8   2   2       1.8   4.6e+02   -2.8   0.4    66    80   609   623   573   698 0.50 -
4561_g               -            735 6285at5794           -            627   6.8e-33  112.2   1.1   1   1   3.8e-35   9.5e-33  111.7   1.1   111   382   118   384    26   406 0.73 -
1219_g               -            447 6285at5794           -            627   5.6e-23   79.5   0.1   1   3   1.3e-23   3.3e-21   73.6   0.1   126   341    93   294    15   304 0.80 -
1219_g               -            447 6285at5794           -            627   5.6e-23   79.5   0.1   2   3     0.037       9.3    2.8   0.0   357   383   332   358   326   375 0.87 -
1219_g               -            447 6285at5794           -            627   5.6e-23   79.5   0.1   3   3       1.1   2.7e+02   -2.1   0.0   407   431   412   436   405   445 0.79 -
4752_g               -            616 6285at5794           -            627   1.5e-18   64.8   0.1   1   1   3.4e-20   8.7e-18   62.3   0.1   184   341   331   496   312   602 0.86 -
2659_g               -           1112 6285at5794           -            627   1.1e-12   45.5   0.0   1   2   3.9e-11   9.8e-09   32.4   0.0   183   297   567   677   540   684 0.85 -
2659_g               -           1112 6285at5794           -            627   1.1e-12   45.5   0.0   2   2   0.00014     0.036   10.7   0.0   300   323   806   829   801   833 0.93 -
2640_g               -           1062 6285at5794           -            627   1.1e-08   32.3   0.0   1   2      0.18        46    0.5   0.0   355   379   623   647   607   665 0.86 -
2640_g               -           1062 6285at5794           -            627   1.1e-08   32.3   0.0   2   2   4.5e-10   1.1e-07   28.9   0.0   177   271   810   897   786   911 0.81 -
2574_g               -            671 6285at5794           -            627   3.9e-06   23.8   0.0   1   1   1.6e-08   3.9e-06   23.8   0.0   186   289   349   443   346   474 0.73 -
1166_g               -            364 6285at5794           -            627   9.8e-05   19.2   0.0   1   1   7.9e-07    0.0002   18.2   0.0   189   265    68   145    52   154 0.86 -
746_g                -            547 6285at5794           -            627   0.00018   18.4   0.1   1   2    0.0058       1.5    5.4   0.0   181   203   303   326   296   333 0.82 -
746_g                -            547 6285at5794           -            627   0.00018   18.4   0.1   2   2   0.00018     0.044   10.4   0.0   286   332   430   476   417   486 0.89 -
397_g                -            484 6285at5794           -            627   0.00089   16.0   6.0   1   3   4.4e-06    0.0011   15.7   0.1   187   224    64   102    51   111 0.83 -
397_g                -            484 6285at5794           -            627   0.00089   16.0   6.0   2   3     0.059        15    2.1   1.3    36   157   108   230   101   242 0.65 -
397_g                -            484 6285at5794           -            627   0.00089   16.0   6.0   3   3         1   2.5e+02   -2.0   0.0   154   194   299   340   228   352 0.55 -
#
# Program:         hmmsearch
# Version:         3.1b2 (February 2015)
# Pipeline mode:   SEARCH
# Query file:      /mnt/e/Bioinformatics/Semester2/BINP29/Malaria Project/Genomes/Parsed/busco_downloads/lineages/apicomplexa_odb10/hmms/6285at5794.hmm
# Target file:     /mnt/e/Bioinformatics/Semester2/BINP29/Malaria Project/Genomes/Parsed/Pc_new.faa
# Option settings: hmmsearch --domtblout /mnt/e/Bioinformatics/Semester2/BINP29/Malaria Project/Genomes/Parsed/Pc/run_apicomplexa_odb10/hmmer_output/initial_run_results/6285at5794.out --cpu 1 /mnt/e/Bioinformatics/Semester2/BINP29/Malaria Project/Genomes/Parsed/busco_downloads/lineages/apicomplexa_odb10/hmms/6285at5794.hmm /mnt/e/Bioinformatics/Semester2/BINP29/Malaria Project/Genomes/Parsed/Pc_new.faa 
# Current dir:     /mnt/e/Bioinformatics/Semester2/BINP29/Malaria Project/Genomes/Parsed
# Date:            Wed Mar  1 19:28:17 2023
# [ok]
