#                                                                            --- full sequence --- -------------- this domain -------------   hmm coord   ali coord   env coord
# target name        accession   tlen query name           accession   qlen   E-value  score  bias   #  of  c-Evalue  i-Evalue  score  bias  from    to  from    to  from    to  acc description of target
#------------------- ---------- ----- -------------------- ---------- ----- --------- ------ ----- --- --- --------- --------- ------ ----- ----- ----- ----- ----- ----- ----- ---- ---------------------
1279_g               -            964 6785at5794           -            459  1.7e-147  490.3  50.2   1   4      0.03        87    0.0  11.5     2    33     6    37     5    48 0.76 -
1279_g               -            964 6785at5794           -            459  1.7e-147  490.3  50.2   2   4   3.9e-52   1.1e-48  164.5   3.9     9   201    56   292    47   309 0.77 -
1279_g               -            964 6785at5794           -            459  1.7e-147  490.3  50.2   3   4   1.2e-48   3.6e-45  153.0  11.9   193   362   568   778   564   783 0.87 -
1279_g               -            964 6785at5794           -            459  1.7e-147  490.3  50.2   4   4     2e-58   5.7e-55  185.2   0.6   335   458   823   945   810   946 0.90 -
2758_g               -           1515 6785at5794           -            459   4.2e-25   86.8  14.4   1   3   2.9e-08   8.3e-05   19.9   0.5    36   115   108   185    70   263 0.78 -
2758_g               -           1515 6785at5794           -            459   4.2e-25   86.8  14.4   2   3   4.4e-05      0.13    9.4   0.0   162   211   309   359   281   362 0.79 -
2758_g               -           1515 6785at5794           -            459   4.2e-25   86.8  14.4   3   3   1.1e-20   3.3e-17   60.8   5.6   272   449   876  1075   852  1083 0.81 -
#
# Program:         hmmsearch
# Version:         3.1b2 (February 2015)
# Pipeline mode:   SEARCH
# Query file:      /mnt/e/Bioinformatics/Semester2/BINP29/Malaria Project/Genomes/Parsed/busco_downloads/lineages/apicomplexa_odb10/hmms/6785at5794.hmm
# Target file:     /mnt/e/Bioinformatics/Semester2/BINP29/Malaria Project/Genomes/Parsed/Pc_new.faa
# Option settings: hmmsearch --domtblout /mnt/e/Bioinformatics/Semester2/BINP29/Malaria Project/Genomes/Parsed/Pc/run_apicomplexa_odb10/hmmer_output/initial_run_results/6785at5794.out --cpu 1 /mnt/e/Bioinformatics/Semester2/BINP29/Malaria Project/Genomes/Parsed/busco_downloads/lineages/apicomplexa_odb10/hmms/6785at5794.hmm /mnt/e/Bioinformatics/Semester2/BINP29/Malaria Project/Genomes/Parsed/Pc_new.faa 
# Current dir:     /mnt/e/Bioinformatics/Semester2/BINP29/Malaria Project/Genomes/Parsed
# Date:            Wed Mar  1 19:28:18 2023
# [ok]
