#                                                                            --- full sequence --- -------------- this domain -------------   hmm coord   ali coord   env coord
# target name        accession   tlen query name           accession   qlen   E-value  score  bias   #  of  c-Evalue  i-Evalue  score  bias  from    to  from    to  from    to  acc description of target
#------------------- ---------- ----- -------------------- ---------- ----- --------- ------ ----- --- --- --------- --------- ------ ----- ----- ----- ----- ----- ----- ----- ---- ---------------------
4547_g               -            910 7485at5794           -            523  4.4e-232  769.7  40.1   1   4   4.8e-40     7e-37  125.5   5.4     1    89   117   227   117   230 0.84 -
4547_g               -            910 7485at5794           -            523  4.4e-232  769.7  40.1   2   4   6.2e-43   8.9e-40  135.1   0.5    88   177   259   361   248   377 0.86 -
4547_g               -            910 7485at5794           -            523  4.4e-232  769.7  40.1   3   4  3.8e-102   5.5e-99  330.5  14.7   169   402   416   692   412   698 0.89 -
4547_g               -            910 7485at5794           -            523  4.4e-232  769.7  40.1   4   4   1.2e-58   1.7e-55  187.0   0.2   397   523   717   854   706   854 0.92 -
2582_g               -            981 7485at5794           -            523   2.1e-94  315.4  19.4   1   2   3.5e-48   5.1e-45  152.4   2.8     1   179   238   455   238   469 0.78 -
2582_g               -            981 7485at5794           -            523   2.1e-94  315.4  19.4   2   2   6.9e-53     1e-49  167.9   8.8   173   516   542   948   531   953 0.75 -
2245_g               -            813 7485at5794           -            523   8.2e-88  293.6  24.3   1   3   6.1e-52   8.8e-49  164.8   1.1     1   170    66   274    66   290 0.81 -
2245_g               -            813 7485at5794           -            523   8.2e-88  293.6  24.3   2   3   4.8e-27   6.9e-24   82.7   1.3   167   295   314   457   309   486 0.79 -
2245_g               -            813 7485at5794           -            523   8.2e-88  293.6  24.3   3   3   7.9e-19   1.1e-15   55.5   9.0   289   502   485   740   465   757 0.70 -
1355_g               -            854 7485at5794           -            523   9.9e-86  286.7  25.5   1   3   5.2e-18   7.5e-15   52.8   0.4     1    64     9    72     9    85 0.84 -
1355_g               -            854 7485at5794           -            523   9.9e-86  286.7  25.5   2   3     3e-37   4.4e-34  116.3   3.7    47   174   103   261    74   280 0.78 -
1355_g               -            854 7485at5794           -            523   9.9e-86  286.7  25.5   3   3   1.4e-40   2.1e-37  127.3   8.2   173   517   289   708   276   713 0.69 -
#
# Program:         hmmsearch
# Version:         3.1b2 (February 2015)
# Pipeline mode:   SEARCH
# Query file:      /mnt/e/Bioinformatics/Semester2/BINP29/Malaria Project/Genomes/Parsed/busco_downloads/lineages/apicomplexa_odb10/hmms/7485at5794.hmm
# Target file:     /mnt/e/Bioinformatics/Semester2/BINP29/Malaria Project/Genomes/Parsed/Pc_new.faa
# Option settings: hmmsearch --domtblout /mnt/e/Bioinformatics/Semester2/BINP29/Malaria Project/Genomes/Parsed/Pc/run_apicomplexa_odb10/hmmer_output/initial_run_results/7485at5794.out --cpu 1 /mnt/e/Bioinformatics/Semester2/BINP29/Malaria Project/Genomes/Parsed/busco_downloads/lineages/apicomplexa_odb10/hmms/7485at5794.hmm /mnt/e/Bioinformatics/Semester2/BINP29/Malaria Project/Genomes/Parsed/Pc_new.faa 
# Current dir:     /mnt/e/Bioinformatics/Semester2/BINP29/Malaria Project/Genomes/Parsed
# Date:            Wed Mar  1 19:28:19 2023
# [ok]
