#                                                                            --- full sequence --- -------------- this domain -------------   hmm coord   ali coord   env coord
# target name        accession   tlen query name           accession   qlen   E-value  score  bias   #  of  c-Evalue  i-Evalue  score  bias  from    to  from    to  from    to  acc description of target
#------------------- ---------- ----- -------------------- ---------- ----- --------- ------ ----- --- --- --------- --------- ------ ----- ----- ----- ----- ----- ----- ----- ---- ---------------------
4192_g               -            581 8420at5794           -            479  1.9e-257  852.7  24.2   1   1  5.3e-260  3.4e-257  851.9  24.2     1   479    32   554    32   554 0.96 -
2338_g               -            713 8420at5794           -            479  2.3e-108  361.0  21.3   1   3   6.1e-81   3.9e-78  261.4   3.4     2   293    71   373    70   384 0.93 -
2338_g               -            713 8420at5794           -            479  2.3e-108  361.0  21.3   2   3   2.5e-21   1.6e-18   64.8   1.4   292   388   394   497   390   522 0.85 -
2338_g               -            713 8420at5794           -            479  2.3e-108  361.0  21.3   3   3   1.2e-15     8e-13   46.0   1.8   398   479   541   630   531   630 0.90 -
4346_g               -            541 8420at5794           -            479   3.2e-19   67.1   3.1   1   2   1.4e-14     9e-12   42.5   0.7    14   124    29   137    17   247 0.78 -
4346_g               -            541 8420at5794           -            479   3.2e-19   67.1   3.1   2   2   2.8e-09   1.8e-06   25.0   0.1   341   474   369   521   296   526 0.78 -
445_g                -            553 8420at5794           -            479   9.2e-18   62.3   4.2   1   2   1.7e-12   1.1e-09   35.6   1.4     5    99    41   133    37   250 0.80 -
445_g                -            553 8420at5794           -            479   9.2e-18   62.3   4.2   2   2   5.7e-10   3.6e-07   27.3   0.1   354   467   408   539   388   550 0.77 -
4682_g               -            544 8420at5794           -            479   1.2e-16   58.6   2.0   1   2   5.8e-16   3.7e-13   47.1   0.9     8   131    14   136     9   177 0.89 -
4682_g               -            544 8420at5794           -            479   1.2e-16   58.6   2.0   2   2   0.00011     0.072    9.9   0.0   346   423   372   458   365   472 0.67 -
4233_g               -            536 8420at5794           -            479   2.2e-16   57.7   6.6   1   2     7e-15   4.5e-12   43.5   2.9     2   152    21   165    20   187 0.86 -
4233_g               -            536 8420at5794           -            479   2.2e-16   57.7   6.6   2   2     2e-06    0.0013   15.6   0.1   346   403   380   439   371   522 0.73 -
4357_g               -            533 8420at5794           -            479   1.3e-13   48.6   2.9   1   2   4.6e-13     3e-10   37.5   0.1     9   123    21   140    14   171 0.83 -
4357_g               -            533 8420at5794           -            479   1.3e-13   48.6   2.9   2   2   4.3e-05     0.028   11.2   0.5   343   464   370   509   328   521 0.72 -
3110_g               -            545 8420at5794           -            479   2.2e-12   44.5   3.0   1   2   7.4e-11   4.8e-08   30.2   0.1     9   131    25   143    19   179 0.83 -
3110_g               -            545 8420at5794           -            479   2.2e-12   44.5   3.0   2   2   4.8e-06    0.0031   14.4   0.3   337   439   364   475   322   491 0.75 -
694_g                -           1410 8420at5794           -            479   2.6e-05   21.2   8.1   1   3         9   5.8e+03   -7.2   5.8   272   381    38   151    28   167 0.55 -
694_g                -           1410 8420at5794           -            479   2.6e-05   21.2   8.1   2   3   1.2e-07   7.5e-05   19.7   0.0    21    94   480   552   462   589 0.82 -
694_g                -           1410 8420at5794           -            479   2.6e-05   21.2   8.1   3   3    0.0018       1.1    5.9   0.0   354   423   841   919   832   978 0.70 -
#
# Program:         hmmsearch
# Version:         3.1b2 (February 2015)
# Pipeline mode:   SEARCH
# Query file:      /mnt/e/Bioinformatics/Semester2/BINP29/Malaria Project/Genomes/Parsed/busco_downloads/lineages/apicomplexa_odb10/hmms/8420at5794.hmm
# Target file:     /mnt/e/Bioinformatics/Semester2/BINP29/Malaria Project/Genomes/Parsed/Pc_new.faa
# Option settings: hmmsearch --domtblout /mnt/e/Bioinformatics/Semester2/BINP29/Malaria Project/Genomes/Parsed/Pc/run_apicomplexa_odb10/hmmer_output/initial_run_results/8420at5794.out --cpu 1 /mnt/e/Bioinformatics/Semester2/BINP29/Malaria Project/Genomes/Parsed/busco_downloads/lineages/apicomplexa_odb10/hmms/8420at5794.hmm /mnt/e/Bioinformatics/Semester2/BINP29/Malaria Project/Genomes/Parsed/Pc_new.faa 
# Current dir:     /mnt/e/Bioinformatics/Semester2/BINP29/Malaria Project/Genomes/Parsed
# Date:            Wed Mar  1 19:28:22 2023
# [ok]
