#                                                                            --- full sequence --- -------------- this domain -------------   hmm coord   ali coord   env coord
# target name        accession   tlen query name           accession   qlen   E-value  score  bias   #  of  c-Evalue  i-Evalue  score  bias  from    to  from    to  from    to  acc description of target
#------------------- ---------- ----- -------------------- ---------- ----- --------- ------ ----- --- --- --------- --------- ------ ----- ----- ----- ----- ----- ----- ----- ---- ---------------------
1676_g               -            560 8813at5794           -            325  4.2e-141  468.0  14.8   1   3   2.8e-20   1.5e-17   62.0   0.3     4    52    64   115    61   116 0.92 -
1676_g               -            560 8813at5794           -            325  4.2e-141  468.0  14.8   2   3   7.9e-06    0.0042   14.5   0.2    52    80   147   176   140   189 0.81 -
1676_g               -            560 8813at5794           -            325  4.2e-141  468.0  14.8   3   3  2.6e-122  1.3e-119  397.4   4.2    79   325   210   483   198   483 0.93 -
1607_g               -            818 8813at5794           -            325   1.7e-24   84.8   0.4   1   2   2.5e-12   1.3e-09   35.9   0.1    91   158   347   415   310   425 0.90 -
1607_g               -            818 8813at5794           -            325   1.7e-24   84.8   0.4   2   2   1.2e-15   6.4e-13   46.8   0.0   192   276   574   662   550   677 0.83 -
1553_g               -            441 8813at5794           -            325   7.5e-19   66.3   3.2   1   1   1.8e-19   9.4e-17   59.4   3.2    95   248   125   301   120   330 0.69 -
2204_g               -            881 8813at5794           -            325   1.7e-08   32.2   3.2   1   3    0.0016      0.83    7.0   0.0   195   221   272   298   263   382 0.72 -
2204_g               -            881 8813at5794           -            325   1.7e-08   32.2   3.2   2   3   4.7e-06    0.0025   15.3   0.1   194   252   577   640   547   650 0.81 -
2204_g               -            881 8813at5794           -            325   1.7e-08   32.2   3.2   3   3   0.00053      0.28    8.5   0.4    96   145   660   708   653   732 0.90 -
27_g                 -            529 8813at5794           -            325   4.1e-08   31.0   0.2   1   3       6.3   3.3e+03   -4.9   3.5    21    70    26    75     6    79 0.67 -
27_g                 -            529 8813at5794           -            325   4.1e-08   31.0   0.2   2   3   7.8e-11   4.1e-08   31.0   0.2    94   170   184   259   172   267 0.88 -
27_g                 -            529 8813at5794           -            325   4.1e-08   31.0   0.2   3   3      0.13        70    0.7   0.3   272   308   397   433   298   440 0.81 -
1560_g               -            500 8813at5794           -            325   7.1e-07   26.9   0.3   1   2   3.8e-08     2e-05   22.2   0.0   186   255    97   169    67   185 0.79 -
1560_g               -            500 8813at5794           -            325   7.1e-07   26.9   0.3   2   2     0.034        18    2.6   0.0   134   158   333   354   323   400 0.65 -
177_g                -            283 8813at5794           -            325   5.3e-06   24.1   0.0   1   1   1.6e-08   8.4e-06   23.4   0.0   196   248    79   132    62   157 0.87 -
71_g                 -            366 8813at5794           -            325   0.00024   18.6   0.3   1   2     1e-06   0.00053   17.5   0.0   195   289    64   163    55   183 0.68 -
71_g                 -            366 8813at5794           -            325   0.00024   18.6   0.3   2   2       1.9   9.8e+02   -3.1   0.1   134   144   241   251   225   259 0.84 -
663_g                -            727 8813at5794           -            325   0.00064   17.2   0.0   1   2   4.8e-06    0.0025   15.2   0.0   191   259   169   239   148   264 0.76 -
663_g                -            727 8813at5794           -            325   0.00064   17.2   0.0   2   2      0.56   2.9e+02   -1.4   0.0   163   211   254   306   237   323 0.60 -
4210_g               -           1409 8813at5794           -            325     0.027   11.9   2.5   1   2   4.9e-05     0.026   11.9   0.2   138   239   324   419   292   422 0.70 -
4210_g               -           1409 8813at5794           -            325     0.027   11.9   2.5   2   2      0.69   3.7e+02   -1.7   0.2   105   144   571   611   515   626 0.58 -
4503_g               -            749 8813at5794           -            325     0.042   11.2   4.2   1   2     7e-05     0.037   11.4   0.4   166   217   434   482   420   492 0.80 -
4503_g               -            749 8813at5794           -            325     0.042   11.2   4.2   2   2      0.23   1.2e+02   -0.2   0.2    98   119   534   555   524   590 0.67 -
#
# Program:         hmmsearch
# Version:         3.1b2 (February 2015)
# Pipeline mode:   SEARCH
# Query file:      /mnt/e/Bioinformatics/Semester2/BINP29/Malaria Project/Genomes/Parsed/busco_downloads/lineages/apicomplexa_odb10/hmms/8813at5794.hmm
# Target file:     /mnt/e/Bioinformatics/Semester2/BINP29/Malaria Project/Genomes/Parsed/Pc_new.faa
# Option settings: hmmsearch --domtblout /mnt/e/Bioinformatics/Semester2/BINP29/Malaria Project/Genomes/Parsed/Pc/run_apicomplexa_odb10/hmmer_output/initial_run_results/8813at5794.out --cpu 1 /mnt/e/Bioinformatics/Semester2/BINP29/Malaria Project/Genomes/Parsed/busco_downloads/lineages/apicomplexa_odb10/hmms/8813at5794.hmm /mnt/e/Bioinformatics/Semester2/BINP29/Malaria Project/Genomes/Parsed/Pc_new.faa 
# Current dir:     /mnt/e/Bioinformatics/Semester2/BINP29/Malaria Project/Genomes/Parsed
# Date:            Wed Mar  1 19:28:23 2023
# [ok]
