#                                                                            --- full sequence --- -------------- this domain -------------   hmm coord   ali coord   env coord
# target name        accession   tlen query name           accession   qlen   E-value  score  bias   #  of  c-Evalue  i-Evalue  score  bias  from    to  from    to  from    to  acc description of target
#------------------- ---------- ----- -------------------- ---------- ----- --------- ------ ----- --- --- --------- --------- ------ ----- ----- ----- ----- ----- ----- ----- ---- ---------------------
3526_g               -            911 9319at5794           -            316   3.8e-97  323.6   7.7   1   6   5.3e-19   1.5e-15   55.5   0.2     6    57   292   351   286   355 0.90 -
3526_g               -            911 9319at5794           -            316   3.8e-97  323.6   7.7   2   6    0.0012       3.6    5.0   0.0    59    85   378   404   360   424 0.79 -
3526_g               -            911 9319at5794           -            316   3.8e-97  323.6   7.7   3   6   3.9e-16   1.1e-12   46.1   0.0    81   136   464   530   454   550 0.79 -
3526_g               -            911 9319at5794           -            316   3.8e-97  323.6   7.7   4   6   7.7e-37   2.2e-33  114.1   0.0   137   209   608   680   597   690 0.91 -
3526_g               -            911 9319at5794           -            316   3.8e-97  323.6   7.7   5   6   0.00057       1.6    6.1   0.0   209   235   700   730   695   736 0.87 -
3526_g               -            911 9319at5794           -            316   3.8e-97  323.6   7.7   6   6   8.2e-31   2.4e-27   94.3   0.4   224   316   750   868   745   868 0.84 -
4317_g               -           1630 9319at5794           -            316     0.002   15.7   0.1   1   1   3.1e-06     0.009   13.6   0.1   161   228   902   969   892  1049 0.87 -
#
# Program:         hmmsearch
# Version:         3.1b2 (February 2015)
# Pipeline mode:   SEARCH
# Query file:      /mnt/e/Bioinformatics/Semester2/BINP29/Malaria Project/Genomes/Parsed/busco_downloads/lineages/apicomplexa_odb10/hmms/9319at5794.hmm
# Target file:     /mnt/e/Bioinformatics/Semester2/BINP29/Malaria Project/Genomes/Parsed/Pc_new.faa
# Option settings: hmmsearch --domtblout /mnt/e/Bioinformatics/Semester2/BINP29/Malaria Project/Genomes/Parsed/Pc/run_apicomplexa_odb10/hmmer_output/initial_run_results/9319at5794.out --cpu 1 /mnt/e/Bioinformatics/Semester2/BINP29/Malaria Project/Genomes/Parsed/busco_downloads/lineages/apicomplexa_odb10/hmms/9319at5794.hmm /mnt/e/Bioinformatics/Semester2/BINP29/Malaria Project/Genomes/Parsed/Pc_new.faa 
# Current dir:     /mnt/e/Bioinformatics/Semester2/BINP29/Malaria Project/Genomes/Parsed
# Date:            Wed Mar  1 19:28:23 2023
# [ok]
