#                                                                            --- full sequence --- -------------- this domain -------------   hmm coord   ali coord   env coord
# target name        accession   tlen query name           accession   qlen   E-value  score  bias   #  of  c-Evalue  i-Evalue  score  bias  from    to  from    to  from    to  acc description of target
#------------------- ---------- ----- -------------------- ---------- ----- --------- ------ ----- --- --- --------- --------- ------ ----- ----- ----- ----- ----- ----- ----- ---- ---------------------
663_g                -            727 9361at5794           -            434  3.4e-203  673.6  44.9   1   5  7.2e-164  4.6e-161  534.7  15.2     1   293     6   316     6   324 0.93 -
663_g                -            727 9361at5794           -            434  3.4e-203  673.6  44.9   2   5   3.6e-05     0.023   11.8   0.1   280   307   323   350   307   368 0.73 -
663_g                -            727 9361at5794           -            434  3.4e-203  673.6  44.9   3   5   2.7e-32   1.7e-29  101.2   7.5   285   404   452   583   434   610 0.77 -
663_g                -            727 9361at5794           -            434  3.4e-203  673.6  44.9   4   5      0.63   4.1e+02   -2.2   1.3   368   413   576   628   569   656 0.52 -
663_g                -            727 9361at5794           -            434  3.4e-203  673.6  44.9   5   5   7.2e-12   4.6e-09   33.9   3.3   385   434   678   726   639   726 0.71 -
3396_g               -            619 9361at5794           -            434   3.3e-24   83.8   0.6   1   2      0.85   5.5e+02   -2.6   0.1   108   179   177   252   170   254 0.62 -
3396_g               -            619 9361at5794           -            434   3.3e-24   83.8   0.6   2   2   5.1e-27   3.3e-24   83.8   0.6   137   303   422   595   357   609 0.84 -
1778_g               -            614 9361at5794           -            434   2.6e-12   44.6   3.3   1   2   4.2e-10   2.7e-07   28.0   0.0   154   192   253   291   215   322 0.82 -
1778_g               -            614 9361at5794           -            434   2.6e-12   44.6   3.3   2   2   2.1e-06    0.0013   15.9   1.5   194   286   379   473   371   509 0.72 -
71_g                 -            366 9361at5794           -            434   7.3e-12   43.1   0.1   1   2   1.1e-13     7e-11   39.8   0.0   152   278    65   188    58   220 0.80 -
71_g                 -            366 9361at5794           -            434   7.3e-12   43.1   0.1   2   2     0.073        47    0.9   0.2   237   284   216   260   195   266 0.75 -
432_g                -            375 9361at5794           -            434   4.9e-10   37.1   0.5   1   2   3.6e-12   2.3e-09   34.8   0.1   152   309    71   231    64   244 0.77 -
432_g                -            375 9361at5794           -            434   4.9e-10   37.1   0.5   2   2      0.24   1.5e+02   -0.8   0.0   266   303   248   286   241   296 0.76 -
1560_g               -            500 9361at5794           -            434   0.00011   19.5   0.0   1   2   5.2e-07   0.00034   17.8   0.0   145   223   100   179    87   212 0.78 -
1560_g               -            500 9361at5794           -            434   0.00011   19.5   0.0   2   2      0.86   5.5e+02   -2.6   0.0   264   280   332   348   329   356 0.82 -
1676_g               -            560 9361at5794           -            434    0.0016   15.6   0.4   1   3         2   1.3e+03   -3.9   1.7   373   414    27    67    19    86 0.52 -
1676_g               -            560 9361at5794           -            434    0.0016   15.6   0.4   2   3       0.2   1.3e+02   -0.6   0.0   254   277   255   278   235   284 0.80 -
1676_g               -            560 9361at5794           -            434    0.0016   15.6   0.4   3   3   2.4e-06    0.0016   15.6   0.4   102   221   280   398   255   417 0.72 -
3008_g               -            393 9361at5794           -            434     0.002   15.3   5.4   1   3   7.9e-06    0.0051   13.9   0.0   153   184    24    55    15    72 0.89 -
3008_g               -            393 9361at5794           -            434     0.002   15.3   5.4   2   3      0.88   5.6e+02   -2.7   3.9   267   373   169   275   143   304 0.43 -
3008_g               -            393 9361at5794           -            434     0.002   15.3   5.4   3   3     0.074        47    0.9   1.0   320   347   326   353   222   364 0.83 -
1553_g               -            441 9361at5794           -            434     0.011   12.8   3.7   1   2     0.011       7.3    3.5   1.0   252   292   152   193   146   227 0.69 -
1553_g               -            441 9361at5794           -            434     0.011   12.8   3.7   2   2   0.00014     0.087    9.9   0.1   151   179   226   254   198   275 0.77 -
#
# Program:         hmmsearch
# Version:         3.1b2 (February 2015)
# Pipeline mode:   SEARCH
# Query file:      /mnt/e/Bioinformatics/Semester2/BINP29/Malaria Project/Genomes/Parsed/busco_downloads/lineages/apicomplexa_odb10/hmms/9361at5794.hmm
# Target file:     /mnt/e/Bioinformatics/Semester2/BINP29/Malaria Project/Genomes/Parsed/Pc_new.faa
# Option settings: hmmsearch --domtblout /mnt/e/Bioinformatics/Semester2/BINP29/Malaria Project/Genomes/Parsed/Pc/run_apicomplexa_odb10/hmmer_output/initial_run_results/9361at5794.out --cpu 1 /mnt/e/Bioinformatics/Semester2/BINP29/Malaria Project/Genomes/Parsed/busco_downloads/lineages/apicomplexa_odb10/hmms/9361at5794.hmm /mnt/e/Bioinformatics/Semester2/BINP29/Malaria Project/Genomes/Parsed/Pc_new.faa 
# Current dir:     /mnt/e/Bioinformatics/Semester2/BINP29/Malaria Project/Genomes/Parsed
# Date:            Wed Mar  1 19:28:24 2023
# [ok]
