#                                                                            --- full sequence --- -------------- this domain -------------   hmm coord   ali coord   env coord
# target name        accession   tlen query name           accession   qlen   E-value  score  bias   #  of  c-Evalue  i-Evalue  score  bias  from    to  from    to  from    to  acc description of target
#------------------- ---------- ----- -------------------- ---------- ----- --------- ------ ----- --- --- --------- --------- ------ ----- ----- ----- ----- ----- ----- ----- ---- ---------------------
38_g                 -            591 10090at5794          -            362  1.7e-133  443.4  18.9   1   5   4.7e-45   2.9e-42  143.2   0.3     1   116     4   132     4   166 0.88 -
38_g                 -            591 10090at5794          -            362  1.7e-133  443.4  18.9   2   5   1.5e-19   9.7e-17   59.3   0.3   115   187   153   235   146   241 0.80 -
38_g                 -            591 10090at5794          -            362  1.7e-133  443.4  18.9   3   5     4e-46   2.5e-43  146.8   1.4   185   297   273   399   269   403 0.86 -
38_g                 -            591 10090at5794          -            362  1.7e-133  443.4  18.9   4   5   1.3e-15   8.5e-13   46.3   0.0   296   332   484   520   476   530 0.87 -
38_g                 -            591 10090at5794          -            362  1.7e-133  443.4  18.9   5   5   4.4e-19   2.8e-16   57.8   0.4   324   362   538   576   534   576 0.95 -
1513_g               -            382 10090at5794          -            362   8.6e-16   56.2   9.0   1   5   5.5e-05     0.035   11.4   0.1    11    64    11    65     1    72 0.84 -
1513_g               -            382 10090at5794          -            362   8.6e-16   56.2   9.0   2   5   4.3e-05     0.027   11.8   0.1    11    64    87   141    77   148 0.84 -
1513_g               -            382 10090at5794          -            362   8.6e-16   56.2   9.0   3   5   4.3e-05     0.027   11.8   0.1    11    64   163   217   153   224 0.84 -
1513_g               -            382 10090at5794          -            362   8.6e-16   56.2   9.0   4   5   4.3e-05     0.027   11.8   0.1    11    64   239   293   229   300 0.84 -
1513_g               -            382 10090at5794          -            362   8.6e-16   56.2   9.0   5   5   4.5e-05     0.028   11.7   0.1    11    64   315   369   305   374 0.84 -
2771_g               -           3001 10090at5794          -            362   8.2e-11   39.8  10.3   1   2   4.6e-07   0.00029   18.2   0.0    94   154   264   325   247   336 0.85 -
2771_g               -           3001 10090at5794          -            362   8.2e-11   39.8  10.3   2   2   4.1e-06    0.0026   15.1   7.5   259   338  1026  1110   885  1125 0.60 -
3742_g               -           1595 10090at5794          -            362   1.4e-08   32.4   9.6   1   2   1.9e-05     0.012   12.9   0.2    83   113  1229  1259  1203  1298 0.88 -
3742_g               -           1595 10090at5794          -            362   1.4e-08   32.4   9.6   2   2   9.9e-08   6.3e-05   20.4   4.5   269   342  1504  1579  1322  1583 0.80 -
141_g                -           1347 10090at5794          -            362   1.7e-08   32.2   1.8   1   3   1.8e-06    0.0011   16.3   0.2    92   114   330   352   313   387 0.79 -
141_g                -           1347 10090at5794          -            362   1.7e-08   32.2   1.8   2   3     0.044        28    1.8   0.0   127   179   398   447   383   453 0.80 -
141_g                -           1347 10090at5794          -            362   1.7e-08   32.2   1.8   3   3   6.3e-05      0.04   11.2   0.0   228   342  1189  1302  1182  1307 0.74 -
2752_g               -           4112 10090at5794          -            362   7.2e-08   30.1   8.0   1   2   4.9e-08   3.1e-05   21.4   0.1    88   115  3319  3346  3284  3358 0.81 -
2752_g               -           4112 10090at5794          -            362   7.2e-08   30.1   8.0   2   2    0.0054       3.4    4.9   4.8   277   342  3596  3668  3462  3672 0.59 -
5130_g               -            187 10090at5794          -            362   3.9e-06   24.4   0.0   1   1   8.1e-09   5.1e-06   24.0   0.0    94   155    80   142    60   154 0.84 -
1720_g               -           1211 10090at5794          -            362   0.00012   19.5   6.4   1   4       1.4   9.1e+02   -3.1   0.0    75   102   425   452   417   454 0.86 -
1720_g               -           1211 10090at5794          -            362   0.00012   19.5   6.4   2   4     0.026        16    2.6   0.2    94   130   625   663   613   688 0.71 -
1720_g               -           1211 10090at5794          -            362   0.00012   19.5   6.4   3   4     0.013         8    3.6   0.4   223   276   802   854   795   877 0.78 -
1720_g               -           1211 10090at5794          -            362   0.00012   19.5   6.4   4   4   1.1e-05    0.0067   13.8   0.0   287   340  1085  1142  1076  1147 0.82 -
4509_g               -            395 10090at5794          -            362     0.069   10.4   0.0   1   1   0.00016       0.1    9.9   0.0    10    66    13    69     3    91 0.84 -
#
# Program:         hmmsearch
# Version:         3.1b2 (February 2015)
# Pipeline mode:   SEARCH
# Query file:      /mnt/e/Bioinformatics/Semester2/BINP29/Malaria Project/Genomes/Parsed/busco_downloads/lineages/apicomplexa_odb10/hmms/10090at5794.hmm
# Target file:     /mnt/e/Bioinformatics/Semester2/BINP29/Malaria Project/Genomes/Parsed/Pv_new.faa
# Option settings: hmmsearch --domtblout /mnt/e/Bioinformatics/Semester2/BINP29/Malaria Project/Genomes/Parsed/Pv/run_apicomplexa_odb10/hmmer_output/initial_run_results/10090at5794.out --cpu 1 /mnt/e/Bioinformatics/Semester2/BINP29/Malaria Project/Genomes/Parsed/busco_downloads/lineages/apicomplexa_odb10/hmms/10090at5794.hmm /mnt/e/Bioinformatics/Semester2/BINP29/Malaria Project/Genomes/Parsed/Pv_new.faa 
# Current dir:     /mnt/e/Bioinformatics/Semester2/BINP29/Malaria Project/Genomes/Parsed
# Date:            Wed Mar  1 19:31:11 2023
# [ok]
