#                                                                            --- full sequence --- -------------- this domain -------------   hmm coord   ali coord   env coord
# target name        accession   tlen query name           accession   qlen   E-value  score  bias   #  of  c-Evalue  i-Evalue  score  bias  from    to  from    to  from    to  acc description of target
#------------------- ---------- ----- -------------------- ---------- ----- --------- ------ ----- --- --- --------- --------- ------ ----- ----- ----- ----- ----- ----- ----- ---- ---------------------
1948_g               -            421 10373at5794          -            356  1.5e-215  713.1   4.3   1   2    0.0031      0.71    6.9   0.1     1    27    16    42    16    45 0.86 -
1948_g               -            421 10373at5794          -            356  1.5e-215  713.1   4.3   2   2  2.5e-216  5.6e-214  707.9   1.8     9   356    41   420    37   420 0.95 -
577_g                -            823 10373at5794          -            356  5.7e-118  392.1   0.0   1   2   1.4e-63   3.2e-61  205.4   0.3   100   332   199   437   193   452 0.93 -
577_g                -            823 10373at5794          -            356  5.7e-118  392.1   0.0   2   2   3.4e-57   7.8e-55  184.4   0.0    90   324   463   705   441   725 0.92 -
2584_g               -           1090 10373at5794          -            356  1.4e-112  374.3   0.1   1   2   8.8e-62     2e-59  199.5   0.1    99   347   468   723   464   728 0.92 -
2584_g               -           1090 10373at5794          -            356  1.4e-112  374.3   0.1   2   2   1.2e-53   2.8e-51  172.7   0.0   101   329   790  1024   776  1028 0.93 -
2450_g               -            425 10373at5794          -            356  1.1e-106  354.9   1.7   1   1  6.7e-109  1.5e-106  354.5   1.7    45   343   103   411    91   420 0.93 -
1901_g               -            394 10373at5794          -            356   8.6e-97  322.4   2.3   1   1   4.8e-99   1.1e-96  322.1   2.3    42   349    63   387    35   392 0.90 -
4663_g               -            442 10373at5794          -            356   3.1e-94  314.0   0.2   1   1   1.9e-96   4.2e-94  313.6   0.2    57   346   138   435   109   440 0.94 -
4130_g               -            448 10373at5794          -            356   3.1e-92  307.4   0.2   1   1     2e-94   4.5e-92  306.9   0.2    61   345   146   438   137   444 0.92 -
3370_g               -            393 10373at5794          -            356   4.1e-89  297.2   0.2   1   1   2.3e-91   5.1e-89  296.8   0.2    61   336    92   375    47   389 0.92 -
1739_g               -           1187 10373at5794          -            356   1.8e-64  216.1   5.9   1   4   1.3e-07     3e-05   21.3   0.0   106   162   348   404   335   409 0.89 -
1739_g               -           1187 10373at5794          -            356   1.8e-64  216.1   5.9   2   4   6.8e-14   1.5e-11   42.0   0.4   197   324   497   627   480   644 0.80 -
1739_g               -           1187 10373at5794          -            356   1.8e-64  216.1   5.9   3   4   2.4e-46   5.5e-44  148.7   0.0    99   292   771   963   749   977 0.92 -
1739_g               -           1187 10373at5794          -            356   1.8e-64  216.1   5.9   4   4     0.032       7.3    3.6   0.2   296   332  1102  1139  1092  1144 0.77 -
2370_g               -            905 10373at5794          -            356   9.4e-56  187.4   0.1   1   1   6.4e-58   1.5e-55  186.8   0.1   104   343   166   415   158   423 0.91 -
1134_g               -            703 10373at5794          -            356   5.3e-54  181.7   3.7   1   2   4.6e-56     1e-53  180.7   0.9   100   344   243   491   230   497 0.92 -
1134_g               -            703 10373at5794          -            356   5.3e-54  181.7   3.7   2   2      0.15        34    1.4   0.1    28    83   583   637   570   689 0.75 -
2069_g               -           1071 10373at5794          -            356   1.1e-50  170.7   0.0   1   2    0.0062       1.4    5.9   0.0   144   219   245   322   217   383 0.81 -
2069_g               -           1071 10373at5794          -            356   1.1e-50  170.7   0.0   2   2   1.9e-50   4.3e-48  162.2   0.1    88   328   554   800   522   810 0.90 -
4570_g               -            951 10373at5794          -            356   1.7e-47  160.3   0.0   1   1   1.2e-49   2.7e-47  159.6   0.0   101   343   396   653   383   661 0.88 -
1201_g               -            440 10373at5794          -            356   5.1e-35  119.2   0.0   1   2   1.6e-36   3.7e-34  116.4   0.0    98   288   109   296    97   299 0.91 -
1201_g               -            440 10373at5794          -            356   5.1e-35  119.2   0.0   2   2      0.35        79    0.2   0.0   297   321   329   353   321   362 0.82 -
4403_g               -            786 10373at5794          -            356   1.5e-34  117.7   0.0   1   2   4.1e-34   9.3e-32  108.5   0.0   129   322   276   491   247   521 0.78 -
4403_g               -            786 10373at5794          -            356   1.5e-34  117.7   0.0   2   2    0.0029      0.67    7.0   0.0   143   182   572   611   545   679 0.77 -
2867_g               -            701 10373at5794          -            356   6.8e-32  108.9   0.0   1   1   4.6e-34     1e-31  108.3   0.0    95   316   412   641   388   668 0.82 -
2636_g               -           2249 10373at5794          -            356   8.8e-23   79.0   0.3   1   3       3.7   8.5e+02   -3.2   0.3    16    56   385   425   377   427 0.86 -
2636_g               -           2249 10373at5794          -            356   8.8e-23   79.0   0.3   2   3   1.6e-18   3.7e-16   57.2   0.0   142   250  1673  1788  1657  1794 0.86 -
2636_g               -           2249 10373at5794          -            356   8.8e-23   79.0   0.3   3   3   6.6e-07   0.00015   19.0   0.0   244   284  1866  1906  1847  1914 0.85 -
2548_g               -           2774 10373at5794          -            356   1.6e-10   38.6   0.0   1   1   1.4e-12   3.2e-10   37.6   0.0   142   284  1091  1233  1087  1248 0.80 -
4750_g               -            628 10373at5794          -            356   5.1e-10   37.0   0.0   1   1   3.7e-12   8.3e-10   36.3   0.0   127   291   331   513   316   523 0.74 -
2617_g               -            989 10373at5794          -            356   6.1e-08   30.1   0.0   1   1   5.2e-10   1.2e-07   29.2   0.0   139   238   744   847   740   916 0.77 -
722_g                -            547 10373at5794          -            356   3.5e-07   27.6   0.0   1   2   0.00084      0.19    8.8   0.0   129   174   305   349   290   374 0.83 -
722_g                -            547 10373at5794          -            356   3.5e-07   27.6   0.0   2   2   3.8e-06   0.00086   16.5   0.0   232   273   432   473   424   488 0.90 -
3770_g               -            825 10373at5794          -            356   0.00012   19.3   0.0   1   2   1.5e-05    0.0034   14.5   0.0   141   199   433   493   405   505 0.79 -
3770_g               -            825 10373at5794          -            356   0.00012   19.3   0.0   2   2     0.081        18    2.3   0.0   200   237   628   670   616   745 0.73 -
1149_g               -            370 10373at5794          -            356   0.00068   16.8   0.1   1   2   0.00051      0.12    9.5   0.0   132   162    64    92    43    98 0.81 -
1149_g               -            370 10373at5794          -            356   0.00068   16.8   0.1   2   2    0.0096       2.2    5.3   0.0   244   315   121   192   101   211 0.83 -
1799_g               -           1223 10373at5794          -            356    0.0014   15.8   0.0   1   2   0.00056      0.13    9.3   0.0   179   218   555   594   509   604 0.84 -
1799_g               -           1223 10373at5794          -            356    0.0014   15.8   0.0   2   2     0.024       5.4    4.0   0.0   139   180   859   905   790   950 0.70 -
1152_g               -            708 10373at5794          -            356     0.002   15.3   0.0   1   2         2   4.5e+02   -2.3   0.0   133   155   480   502   477   509 0.83 -
1152_g               -            708 10373at5794          -            356     0.002   15.3   0.0   2   2   3.1e-05    0.0071   13.5   0.0   167   211   594   638   586   661 0.84 -
#
# Program:         hmmsearch
# Version:         3.1b2 (February 2015)
# Pipeline mode:   SEARCH
# Query file:      /mnt/e/Bioinformatics/Semester2/BINP29/Malaria Project/Genomes/Parsed/busco_downloads/lineages/apicomplexa_odb10/hmms/10373at5794.hmm
# Target file:     /mnt/e/Bioinformatics/Semester2/BINP29/Malaria Project/Genomes/Parsed/Pv_new.faa
# Option settings: hmmsearch --domtblout /mnt/e/Bioinformatics/Semester2/BINP29/Malaria Project/Genomes/Parsed/Pv/run_apicomplexa_odb10/hmmer_output/initial_run_results/10373at5794.out --cpu 1 /mnt/e/Bioinformatics/Semester2/BINP29/Malaria Project/Genomes/Parsed/busco_downloads/lineages/apicomplexa_odb10/hmms/10373at5794.hmm /mnt/e/Bioinformatics/Semester2/BINP29/Malaria Project/Genomes/Parsed/Pv_new.faa 
# Current dir:     /mnt/e/Bioinformatics/Semester2/BINP29/Malaria Project/Genomes/Parsed
# Date:            Wed Mar  1 19:31:11 2023
# [ok]
