#                                                                            --- full sequence --- -------------- this domain -------------   hmm coord   ali coord   env coord
# target name        accession   tlen query name           accession   qlen   E-value  score  bias   #  of  c-Evalue  i-Evalue  score  bias  from    to  from    to  from    to  acc description of target
#------------------- ---------- ----- -------------------- ---------- ----- --------- ------ ----- --- --- --------- --------- ------ ----- ----- ----- ----- ----- ----- ----- ---- ---------------------
4237_g               -            434 11003at5794          -            359  2.9e-227  752.2   1.0   1   1  2.3e-229  3.4e-227  752.0   1.0     1   359    50   428    50   428 0.97 -
1099_g               -           2046 11003at5794          -            359   3.9e-88  294.5   0.8   1   1   4.6e-90   6.7e-88  293.7   0.8    11   358  1670  2041  1660  2042 0.91 -
3468_g               -            389 11003at5794          -            359   3.2e-82  275.1   1.4   1   1   2.7e-84     4e-82  274.8   1.4    11   358    15   384     9   385 0.91 -
3121_g               -            471 11003at5794          -            359   1.5e-77  259.7   4.4   1   2   9.4e-20   1.4e-17   62.5   0.0    11    74    56   119    49   143 0.94 -
3121_g               -            471 11003at5794          -            359   1.5e-77  259.7   4.4   2   2   1.2e-60   1.7e-58  197.0   2.9    73   359   157   463   129   463 0.89 -
1188_g               -            788 11003at5794          -            359   3.5e-54  182.8   6.5   1   1   2.9e-54   4.2e-52  176.0   6.5    11   348   372   767   363   777 0.80 -
3040_g               -            540 11003at5794          -            359   3.4e-53  179.6   3.0   1   1   3.2e-55   4.6e-53  179.1   3.0     6   353   127   495   122   500 0.89 -
122_g                -           1007 11003at5794          -            359   3.4e-52  176.3   0.0   1   2   3.4e-21     5e-19   67.2   0.0    13   155   583   752   580   764 0.75 -
122_g                -           1007 11003at5794          -            359   3.4e-52  176.3   0.0   2   2   4.3e-33   6.3e-31  106.3   0.0   168   355   790   977   777   981 0.93 -
1313_g               -            529 11003at5794          -            359   3.5e-52  176.3   0.0   1   1   3.6e-54   5.2e-52  175.7   0.0    23   342   125   473   115   491 0.81 -
2251_g               -            718 11003at5794          -            359     2e-50  170.4   0.8   1   2   6.8e-09   9.9e-07   26.7   0.0    27    73   293   339   276   343 0.88 -
2251_g               -            718 11003at5794          -            359     2e-50  170.4   0.8   2   2   6.9e-44     1e-41  141.9   0.3    73   333   402   679   397   687 0.87 -
33_g                 -            668 11003at5794          -            359   6.4e-48  162.2   0.9   1   1   1.2e-49   1.7e-47  160.8   0.9    12   340   219   581   216   598 0.83 -
257_g                -            721 11003at5794          -            359   4.8e-47  159.4   1.2   1   2   2.2e-07   3.2e-05   21.8   0.0    26    74   141   189   124   196 0.89 -
257_g                -            721 11003at5794          -            359   4.8e-47  159.4   1.2   2   2   3.8e-42   5.5e-40  136.1   0.4    76   350   228   521   223   532 0.84 -
471_g                -            600 11003at5794          -            359   7.2e-47  158.8   3.4   1   1   7.2e-49     1e-46  158.2   3.4    10   329   145   491   137   509 0.86 -
215_g                -           1771 11003at5794          -            359   9.7e-45  151.8   0.6   1   1     1e-46   1.5e-44  151.2   0.6    27   359   993  1355   976  1355 0.85 -
2475_g               -            738 11003at5794          -            359   6.1e-44  149.2   8.8   1   2     2e-29   2.9e-27   94.3   0.4    12   188   105   314    97   324 0.79 -
2475_g               -            738 11003at5794          -            359   6.1e-44  149.2   8.8   2   2   2.1e-17     3e-15   54.8   2.7   205   348   356   499   336   508 0.93 -
3644_g               -           1150 11003at5794          -            359   7.2e-44  148.9   1.8   1   3   1.3e-06   0.00019   19.2   0.0    21    72   711   762   701   771 0.93 -
3644_g               -           1150 11003at5794          -            359   7.2e-44  148.9   1.8   2   3     1e-21   1.5e-19   68.9   1.0    75   265   785   994   777   997 0.82 -
3644_g               -           1150 11003at5794          -            359   7.2e-44  148.9   1.8   3   3   2.7e-18     4e-16   57.7   0.0   264   356  1051  1143  1046  1145 0.94 -
2103_g               -            927 11003at5794          -            359   2.8e-43  147.0   3.6   1   3   4.7e-07   6.8e-05   20.7   0.0    18    72   347   401   336   405 0.86 -
2103_g               -            927 11003at5794          -            359   2.8e-43  147.0   3.6   2   3   3.7e-09   5.4e-07   27.6   0.0    75   159   432   528   426   534 0.81 -
2103_g               -            927 11003at5794          -            359   2.8e-43  147.0   3.6   3   3   3.8e-30   5.6e-28   96.6   1.7   164   342   558   736   546   752 0.90 -
1685_g               -            876 11003at5794          -            359   1.3e-41  141.5   9.4   1   1   1.5e-43   2.2e-41  140.7   9.4    11   353   132   510   125   515 0.76 -
946_g                -            490 11003at5794          -            359   2.4e-40  137.3   0.1   1   2   7.1e-15     1e-12   46.4   0.0    31   153    78   222    59   230 0.76 -
946_g                -            490 11003at5794          -            359   2.4e-40  137.3   0.1   2   2   8.9e-28   1.3e-25   88.9   0.0   165   345   250   434   246   444 0.85 -
4231_g               -            762 11003at5794          -            359     8e-38  129.0   7.1   1   2   1.7e-08   2.5e-06   25.4   0.0    17    71   260   314   256   324 0.92 -
4231_g               -            762 11003at5794          -            359     8e-38  129.0   7.1   2   2   5.9e-32   8.6e-30  102.6   5.9    74   356   379   677   375   680 0.85 -
2605_g               -           1255 11003at5794          -            359   2.2e-35  121.0   8.0   1   5   1.2e-08   1.8e-06   25.9   0.0     7    75    23    91    18    99 0.92 -
2605_g               -           1255 11003at5794          -            359   2.2e-35  121.0   8.0   2   5     0.058       8.5    3.9   0.0    73    97   136   160   114   170 0.80 -
2605_g               -           1255 11003at5794          -            359   2.2e-35  121.0   8.0   3   5     0.096        14    3.2   0.0    98   128   218   252   214   264 0.81 -
2605_g               -           1255 11003at5794          -            359   2.2e-35  121.0   8.0   4   5    0.0029      0.42    8.2   0.0   128   183   280   338   269   361 0.76 -
2605_g               -           1255 11003at5794          -            359   2.2e-35  121.0   8.0   5   5   4.1e-24   5.9e-22   76.8   3.4   213   342   587   716   580   727 0.91 -
3253_g               -           1182 11003at5794          -            359   5.3e-34  116.5   5.0   1   1   5.4e-36   7.9e-34  115.9   5.0    29   344   185   531   158   542 0.81 -
1910_g               -            627 11003at5794          -            359   9.6e-29   99.2   6.8   1   1   9.6e-31   1.4e-28   98.6   6.8    18   351   157   525   144   531 0.78 -
91_g                 -            817 11003at5794          -            359   2.8e-26   91.0   3.1   1   3   1.2e-09   1.7e-07   29.3   0.0    12    76     3    67     1    86 0.91 -
91_g                 -            817 11003at5794          -            359   2.8e-26   91.0   3.1   2   3     7e-05      0.01   13.5   0.2    72   188   329   464   320   525 0.64 -
91_g                 -            817 11003at5794          -            359   2.8e-26   91.0   3.1   3   3   5.7e-15   8.4e-13   46.7   0.3   248   334   601   687   563   700 0.92 -
2382_g               -            863 11003at5794          -            359   7.3e-24   83.1   5.1   1   3   2.4e-13   3.5e-11   41.4   0.4    12   186   104   311    94   321 0.76 -
2382_g               -            863 11003at5794          -            359   7.3e-24   83.1   5.1   2   3       0.4        58    1.2   0.1   200   239   379   419   375   452 0.84 -
2382_g               -            863 11003at5794          -            359   7.3e-24   83.1   5.1   3   3   5.4e-13   7.9e-11   40.2   0.0   287   347   526   589   522   601 0.80 -
2953_g               -           1080 11003at5794          -            359   2.2e-23   81.5   1.1   1   2   6.2e-15     9e-13   46.6   0.3    18   148   127   287   120   300 0.74 -
2953_g               -           1080 11003at5794          -            359   2.2e-23   81.5   1.1   2   2   2.3e-10   3.3e-08   31.6   0.0   256   328   597   672   586   699 0.83 -
3562_g               -            624 11003at5794          -            359   3.1e-23   81.0   2.3   1   2   3.2e-07   4.7e-05   21.2   0.0    25    73   148   194   135   198 0.88 -
3562_g               -            624 11003at5794          -            359   3.1e-23   81.0   2.3   2   2     2e-18   2.9e-16   58.1   1.6    73   343   250   541   245   557 0.70 -
1320_g               -            769 11003at5794          -            359   8.6e-21   73.0   5.7   1   2   3.5e-12   5.1e-10   37.6   0.6    21   179   227   429   217   445 0.65 -
1320_g               -            769 11003at5794          -            359   8.6e-21   73.0   5.7   2   2   7.1e-11     1e-08   33.3   0.4   254   337   575   659   520   679 0.81 -
4449_g               -           1340 11003at5794          -            359   5.2e-19   67.2   1.0   1   2   7.8e-05     0.011   13.4   0.0    12    73   143   204   134   216 0.91 -
4449_g               -           1340 11003at5794          -            359   5.2e-19   67.2   1.0   2   2   1.9e-16   2.7e-14   51.6   0.7   226   323   893   990   885  1010 0.92 -
1683_g               -           1020 11003at5794          -            359   1.3e-18   65.8   8.4   1   4   6.2e-06   0.00091   17.0   0.0    23    89    84   150    70   155 0.79 -
1683_g               -           1020 11003at5794          -            359   1.3e-18   65.8   8.4   2   4      0.17        25    2.4   0.0    72    94   264   286   258   291 0.85 -
1683_g               -           1020 11003at5794          -            359   1.3e-18   65.8   8.4   3   4    0.0055      0.81    7.3   0.0   118   172   342   406   314   418 0.73 -
1683_g               -           1020 11003at5794          -            359   1.3e-18   65.8   8.4   4   4   1.3e-12   1.9e-10   39.0   2.7   246   346   571   674   547   683 0.82 -
1419_g               -            992 11003at5794          -            359   2.4e-15   55.1   0.3   1   3      0.03       4.4    4.9   0.0    49    75   144   170   130   192 0.81 -
1419_g               -            992 11003at5794          -            359   2.4e-15   55.1   0.3   2   3       2.8   4.1e+02   -1.6   0.0   132   161   273   302   268   361 0.87 -
1419_g               -            992 11003at5794          -            359   2.4e-15   55.1   0.3   3   3   4.7e-15   6.8e-13   47.0   0.0   227   353   479   604   473   611 0.91 -
3868_g               -            739 11003at5794          -            359   7.3e-15   53.5   2.0   1   2       2.8   4.1e+02   -1.6   0.0    78   124   152   197   127   210 0.84 -
3868_g               -            739 11003at5794          -            359   7.3e-15   53.5   2.0   2   2     1e-16   1.5e-14   52.5   1.2   200   343   352   496   346   513 0.88 -
259_g                -            554 11003at5794          -            359   1.1e-13   49.6   5.2   1   2     0.051       7.5    4.1   0.0    49    74   165   190   121   215 0.88 -
259_g                -            554 11003at5794          -            359   1.1e-13   49.6   5.2   2   2   5.1e-14   7.4e-12   43.6   4.9   133   343   279   501   275   514 0.77 -
5521_g               -            515 11003at5794          -            359   3.2e-12   44.8   0.6   1   1   1.4e-12     2e-10   38.9   0.6    21   179   129   331   119   349 0.65 -
2539_g               -           1072 11003at5794          -            359     7e-10   37.1   1.4   1   3      0.92   1.3e+02   -0.0   0.0    11    49    94   132    87   145 0.87 -
2539_g               -           1072 11003at5794          -            359     7e-10   37.1   1.4   2   3       3.7   5.4e+02   -2.0   0.1   185   225   241   281   226   287 0.73 -
2539_g               -           1072 11003at5794          -            359     7e-10   37.1   1.4   3   3   4.8e-12     7e-10   37.1   1.4   222   316   774   867   763   877 0.92 -
2840_g               -            549 11003at5794          -            359   8.8e-10   36.8  10.3   1   1   2.4e-11   3.5e-09   34.8  10.3    57   342   144   484   131   498 0.60 -
2761_g               -           1379 11003at5794          -            359   5.1e-09   34.3   1.4   1   2      0.11        17    3.0   0.0   109   135   888   914   886   936 0.69 -
2761_g               -           1379 11003at5794          -            359   5.1e-09   34.3   1.4   2   2     3e-09   4.4e-07   27.9   1.6   273   338  1197  1262  1119  1279 0.69 -
1595_g               -           1283 11003at5794          -            359   1.4e-06   26.3   0.2   1   1     2e-08   2.9e-06   25.2   0.2   228   340   281   393   266   410 0.91 -
2898_g               -           1190 11003at5794          -            359   9.5e-05   20.2   0.5   1   2    0.0018      0.26    8.9   0.1    37    95   258   335   244   459 0.54 -
2898_g               -           1190 11003at5794          -            359   9.5e-05   20.2   0.5   2   2     0.019       2.7    5.6   0.0   258   318   848   911   839   945 0.76 -
1965_g               -            727 11003at5794          -            359    0.0012   16.6   0.1   1   3       0.4        58    1.2   0.0    32    69    66   103    48   109 0.82 -
1965_g               -            727 11003at5794          -            359    0.0012   16.6   0.1   2   3       1.8   2.6e+02   -1.0   0.0    74    93   188   207   179   218 0.79 -
1965_g               -            727 11003at5794          -            359    0.0012   16.6   0.1   3   3   0.00034      0.05   11.3   0.0   282   331   600   649   578   667 0.85 -
#
# Program:         hmmsearch
# Version:         3.1b2 (February 2015)
# Pipeline mode:   SEARCH
# Query file:      /mnt/e/Bioinformatics/Semester2/BINP29/Malaria Project/Genomes/Parsed/busco_downloads/lineages/apicomplexa_odb10/hmms/11003at5794.hmm
# Target file:     /mnt/e/Bioinformatics/Semester2/BINP29/Malaria Project/Genomes/Parsed/Pv_new.faa
# Option settings: hmmsearch --domtblout /mnt/e/Bioinformatics/Semester2/BINP29/Malaria Project/Genomes/Parsed/Pv/run_apicomplexa_odb10/hmmer_output/initial_run_results/11003at5794.out --cpu 1 /mnt/e/Bioinformatics/Semester2/BINP29/Malaria Project/Genomes/Parsed/busco_downloads/lineages/apicomplexa_odb10/hmms/11003at5794.hmm /mnt/e/Bioinformatics/Semester2/BINP29/Malaria Project/Genomes/Parsed/Pv_new.faa 
# Current dir:     /mnt/e/Bioinformatics/Semester2/BINP29/Malaria Project/Genomes/Parsed
# Date:            Wed Mar  1 19:31:13 2023
# [ok]
