#                                                                            --- full sequence --- -------------- this domain -------------   hmm coord   ali coord   env coord
# target name        accession   tlen query name           accession   qlen   E-value  score  bias   #  of  c-Evalue  i-Evalue  score  bias  from    to  from    to  from    to  acc description of target
#------------------- ---------- ----- -------------------- ---------- ----- --------- ------ ----- --- --- --------- --------- ------ ----- ----- ----- ----- ----- ----- ----- ---- ---------------------
3647_g               -            370 11176at5794          -            306  6.5e-145  480.4  78.6   1   2  5.7e-135  2.9e-132  438.9  65.3     1   261    13   294    13   294 0.97 -
3647_g               -            370 11176at5794          -            306  6.5e-145  480.4  78.6   2   2   3.8e-18     2e-15   55.2   5.3    69   140   271   344   271   357 0.91 -
1165_g               -            327 11176at5794          -            306   1.4e-29  101.7  41.0   1   3   1.2e-21     6e-19   66.7  10.8     1    86    49   135    49   152 0.91 -
1165_g               -            327 11176at5794          -            306   1.4e-29  101.7  41.0   2   3   1.4e-12   7.3e-10   36.9   8.4    33   128   104   201   104   203 0.89 -
1165_g               -            327 11176at5794          -            306   1.4e-29  101.7  41.0   3   3     6e-09   3.1e-06   25.0   5.9     1    64   187   253   187   283 0.83 -
194_g                -           1374 11176at5794          -            306   6.9e-23   79.7  23.8   1   4      0.04        20    2.6   0.1   171   197   201   229   187   255 0.71 -
194_g                -           1374 11176at5794          -            306   6.9e-23   79.7  23.8   2   4   2.8e-15   1.5e-12   45.8   3.5    22   133   829   944   818   947 0.85 -
194_g                -           1374 11176at5794          -            306   6.9e-23   79.7  23.8   3   4   5.8e-09     3e-06   25.0   0.4     1    54   948  1007   948  1030 0.86 -
194_g                -           1374 11176at5794          -            306   6.9e-23   79.7  23.8   4   4   7.4e-07   0.00038   18.1   2.0    20    75  1263  1318  1251  1328 0.77 -
160_g                -           1345 11176at5794          -            306   8.4e-16   56.4  32.3   1   2     2e-07    0.0001   20.0  14.3    11   129    69   203    61   218 0.77 -
160_g                -           1345 11176at5794          -            306   8.4e-16   56.4  32.3   2   2   1.8e-13   9.6e-11   39.8  10.0   150   240   265   349   255   360 0.89 -
4658_g               -           1006 11176at5794          -            306     3e-15   54.6  23.7   1   2   4.3e-10   2.2e-07   28.7   4.9    44   130   156   244   146   251 0.80 -
4658_g               -           1006 11176at5794          -            306     3e-15   54.6  23.7   2   2   1.8e-10   9.1e-08   30.0  11.3    24   128   252   359   246   370 0.86 -
3170_g               -            192 11176at5794          -            306   2.1e-14   51.8  13.1   1   1   7.6e-17   3.9e-14   50.9  13.1    63   187    42   166    23   175 0.76 -
1627_g               -            149 11176at5794          -            306   1.7e-10   39.0   4.7   1   1   3.8e-13     2e-10   38.8   4.7   102   156    12    73     4   126 0.72 -
1902_g               -           3935 11176at5794          -            306   1.9e-10   38.8  37.1   1   4      0.74   3.8e+02   -1.6   0.1   257   295  3152  3190  3147  3201 0.85 -
1902_g               -           3935 11176at5794          -            306   1.9e-10   38.8  37.1   2   4   1.3e-07   6.5e-05   20.6   1.7    68   138  3221  3296  3205  3305 0.86 -
1902_g               -           3935 11176at5794          -            306   1.9e-10   38.8  37.1   3   4   3.6e-08   1.8e-05   22.4  11.0    83   245  3552  3733  3540  3742 0.73 -
1902_g               -           3935 11176at5794          -            306   1.9e-10   38.8  37.1   4   4   0.00091      0.47    8.0   5.8   180   246  3759  3824  3746  3876 0.74 -
3942_g               -           1125 11176at5794          -            306   4.7e-10   37.5  11.6   1   1   1.2e-09   6.2e-07   27.3   5.3    23    87    68   132    60   173 0.59 -
1743_g               -            909 11176at5794          -            306   3.1e-05   21.7  12.8   1   1   6.1e-08   3.1e-05   21.7  12.8    47   109   228   293   208   315 0.67 -
4451_g               -           1293 11176at5794          -            306   0.00013   19.7   0.6   1   1   4.3e-07   0.00022   18.9   0.6    10    81    30   103    19   125 0.79 -
#
# Program:         hmmsearch
# Version:         3.1b2 (February 2015)
# Pipeline mode:   SEARCH
# Query file:      /mnt/e/Bioinformatics/Semester2/BINP29/Malaria Project/Genomes/Parsed/busco_downloads/lineages/apicomplexa_odb10/hmms/11176at5794.hmm
# Target file:     /mnt/e/Bioinformatics/Semester2/BINP29/Malaria Project/Genomes/Parsed/Pv_new.faa
# Option settings: hmmsearch --domtblout /mnt/e/Bioinformatics/Semester2/BINP29/Malaria Project/Genomes/Parsed/Pv/run_apicomplexa_odb10/hmmer_output/initial_run_results/11176at5794.out --cpu 1 /mnt/e/Bioinformatics/Semester2/BINP29/Malaria Project/Genomes/Parsed/busco_downloads/lineages/apicomplexa_odb10/hmms/11176at5794.hmm /mnt/e/Bioinformatics/Semester2/BINP29/Malaria Project/Genomes/Parsed/Pv_new.faa 
# Current dir:     /mnt/e/Bioinformatics/Semester2/BINP29/Malaria Project/Genomes/Parsed
# Date:            Wed Mar  1 19:31:13 2023
# [ok]
