#                                                                            --- full sequence --- -------------- this domain -------------   hmm coord   ali coord   env coord
# target name        accession   tlen query name           accession   qlen   E-value  score  bias   #  of  c-Evalue  i-Evalue  score  bias  from    to  from    to  from    to  acc description of target
#------------------- ---------- ----- -------------------- ---------- ----- --------- ------ ----- --- --- --------- --------- ------ ----- ----- ----- ----- ----- ----- ----- ---- ---------------------
930_g                -            523 11711at5794          -            309   8.2e-80  266.6  75.9   1   4     2e-33   1.4e-30  104.8  20.8     1   153    29   203    29   209 0.89 -
930_g                -            523 11711at5794          -            309   8.2e-80  266.6  75.9   2   4      0.19   1.4e+02   -0.2   9.8   122   155   209   242   199   248 0.77 -
930_g                -            523 11711at5794          -            309   8.2e-80  266.6  75.9   3   4   1.3e-33   9.4e-31  105.4  27.6   111   229   244   379   237   389 0.73 -
930_g                -            523 11711at5794          -            309   8.2e-80  266.6  75.9   4   4   5.5e-20   3.9e-17   60.7   1.6   228   301   412   501   408   521 0.68 -
2435_g               -            303 11711at5794          -            309   3.6e-14   51.0   8.2   1   1   1.9e-16   1.4e-13   49.1   8.2     2   127   136   287   135   302 0.81 -
1554_g               -            560 11711at5794          -            309   7.2e-14   50.0  64.6   1   4   6.2e-10   4.4e-07   27.7   5.2     7   120     5   128     1   168 0.77 -
1554_g               -            560 11711at5794          -            309   7.2e-14   50.0  64.6   2   4         8   5.7e+03   -7.3  16.9   116   161   200   243   192   244 0.55 -
1554_g               -            560 11711at5794          -            309   7.2e-14   50.0  64.6   3   4   6.5e-07   0.00046   17.8  12.9    11   145   240   364   236   367 0.65 -
1554_g               -            560 11711at5794          -            309   7.2e-14   50.0  64.6   4   4   4.2e-09     3e-06   25.0   7.7     7   126   371   504   364   508 0.75 -
4320_g               -           1124 11711at5794          -            309   2.6e-11   41.6   1.7   1   4      0.96   6.8e+02   -2.5   1.4    82   122    39    82    27    91 0.41 -
4320_g               -           1124 11711at5794          -            309   2.6e-11   41.6   1.7   2   4      0.62   4.4e+02   -1.9   2.2   111   150   140   179   129   184 0.73 -
4320_g               -           1124 11711at5794          -            309   2.6e-11   41.6   1.7   3   4   3.7e-14   2.6e-11   41.6   1.7     7    84   244   320   238   329 0.91 -
4320_g               -           1124 11711at5794          -            309   2.6e-11   41.6   1.7   4   4       1.2   8.7e+02   -2.8   0.0    80   113   338   371   323   373 0.82 -
2383_g               -            477 11711at5794          -            309     8e-10   36.7  10.3   1   2         8   5.7e+03  -15.6  15.0   134   160   262   289   252   295 0.48 -
2383_g               -            477 11711at5794          -            309     8e-10   36.7  10.3   2   2   1.1e-12     8e-10   36.7  10.3     8   124   303   421   298   441 0.71 -
3087_g               -            464 11711at5794          -            309     1e-06   26.5   6.9   1   2   1.1e-08   7.9e-06   23.6   2.6     8    90    32   114    26   140 0.89 -
3087_g               -            464 11711at5794          -            309     1e-06   26.5   6.9   2   2    0.0055       3.9    4.9   0.1     8    64   321   380   316   393 0.80 -
2550_g               -           1099 11711at5794          -            309   1.2e-05   23.0   3.3   1   3         2   1.4e+03   -3.5   0.2   118   153    20    55    13    71 0.55 -
2550_g               -           1099 11711at5794          -            309   1.2e-05   23.0   3.3   2   3      0.71   5.1e+02   -2.1   0.8   104   130    70    96    60   102 0.87 -
2550_g               -           1099 11711at5794          -            309   1.2e-05   23.0   3.3   3   3   1.6e-08   1.2e-05   23.0   3.3     2    81   835   914   834   948 0.86 -
450_g                -            765 11711at5794          -            309   0.00023   18.8   2.6   1   2   0.00025      0.18    9.3   0.0     5    44   236   275   233   286 0.89 -
450_g                -            765 11711at5794          -            309   0.00023   18.8   2.6   2   2   0.00048      0.34    8.3   1.0    46   122   332   419   311   441 0.77 -
#
# Program:         hmmsearch
# Version:         3.1b2 (February 2015)
# Pipeline mode:   SEARCH
# Query file:      /mnt/e/Bioinformatics/Semester2/BINP29/Malaria Project/Genomes/Parsed/busco_downloads/lineages/apicomplexa_odb10/hmms/11711at5794.hmm
# Target file:     /mnt/e/Bioinformatics/Semester2/BINP29/Malaria Project/Genomes/Parsed/Pv_new.faa
# Option settings: hmmsearch --domtblout /mnt/e/Bioinformatics/Semester2/BINP29/Malaria Project/Genomes/Parsed/Pv/run_apicomplexa_odb10/hmmer_output/initial_run_results/11711at5794.out --cpu 1 /mnt/e/Bioinformatics/Semester2/BINP29/Malaria Project/Genomes/Parsed/busco_downloads/lineages/apicomplexa_odb10/hmms/11711at5794.hmm /mnt/e/Bioinformatics/Semester2/BINP29/Malaria Project/Genomes/Parsed/Pv_new.faa 
# Current dir:     /mnt/e/Bioinformatics/Semester2/BINP29/Malaria Project/Genomes/Parsed
# Date:            Wed Mar  1 19:31:15 2023
# [ok]
