#                                                                            --- full sequence --- -------------- this domain -------------   hmm coord   ali coord   env coord
# target name        accession   tlen query name           accession   qlen   E-value  score  bias   #  of  c-Evalue  i-Evalue  score  bias  from    to  from    to  from    to  acc description of target
#------------------- ---------- ----- -------------------- ---------- ----- --------- ------ ----- --- --- --------- --------- ------ ----- ----- ----- ----- ----- ----- ----- ---- ---------------------
3623_g               -            471 12505at5794          -            344  8.4e-158  522.8  17.9   1   2   4.7e-88   1.4e-85  285.3   1.6    20   182    47   213    10   217 0.96 -
3623_g               -            471 12505at5794          -            344  8.4e-158  522.8  17.9   2   2   4.3e-74   1.3e-71  239.4   9.0   182   338   259   433   252   443 0.90 -
4153_g               -            171 12505at5794          -            344   5.6e-22   76.2   0.0   1   1   2.3e-24     7e-22   75.9   0.0    63   179    22   139    16   146 0.94 -
3566_g               -           1826 12505at5794          -            344     3e-18   63.9   0.4   1   2   2.9e-10   8.6e-08   29.5   0.1   113   182   997  1066   981  1073 0.90 -
3566_g               -           1826 12505at5794          -            344     3e-18   63.9   0.4   2   2   4.3e-11   1.3e-08   32.3   0.0    64   171  1089  1198  1074  1212 0.87 -
1401_g               -            764 12505at5794          -            344   6.8e-15   52.9   5.8   1   1   3.9e-17   1.2e-14   52.1   5.8   224   338    12   125     6   131 0.86 -
2122_g               -           1088 12505at5794          -            344   6.8e-14   49.6   3.2   1   1   5.7e-16   1.7e-13   48.3   3.2   233   333   502   605   492   614 0.85 -
1648_g               -           1277 12505at5794          -            344   1.8e-13   48.2   0.5   1   3   7.1e-12   2.1e-09   34.8   0.0    40   181   446   593   423   607 0.82 -
1648_g               -           1277 12505at5794          -            344   1.8e-13   48.2   0.5   2   3   0.00063      0.19    8.7   0.0    86   157   629   702   618   722 0.85 -
1648_g               -           1277 12505at5794          -            344   1.8e-13   48.2   0.5   3   3       1.8   5.4e+02   -2.7   0.1   194   213  1180  1199  1127  1205 0.63 -
3285_g               -           1522 12505at5794          -            344     2e-13   48.1   0.1   1   1   1.1e-15   3.3e-13   47.3   0.1   232   320  1420  1508  1404  1513 0.88 -
507_g                -           1898 12505at5794          -            344   6.2e-13   46.4   1.9   1   3       0.1        31    1.4   0.0   114   157  1267  1310  1194  1320 0.89 -
507_g                -           1898 12505at5794          -            344   6.2e-13   46.4   1.9   2   3     0.072        21    1.9   0.0   129   164  1539  1574  1506  1590 0.74 -
507_g                -           1898 12505at5794          -            344   6.2e-13   46.4   1.9   3   3   8.6e-13   2.6e-10   37.8   2.2     9   193  1652  1843  1642  1861 0.82 -
1970_g               -            401 12505at5794          -            344   2.9e-12   44.2   6.8   1   3    0.0093       2.8    4.8   0.0    86   128    26    70    13    81 0.71 -
1970_g               -            401 12505at5794          -            344   2.9e-12   44.2   6.8   2   3   1.4e-12   4.3e-10   37.1   0.2    76   177    86   188    81   197 0.89 -
1970_g               -            401 12505at5794          -            344   2.9e-12   44.2   6.8   3   3    0.0089       2.7    4.9   0.6   121   187   200   266   189   344 0.87 -
4399_g               -            612 12505at5794          -            344   9.6e-11   39.2   0.6   1   3   7.3e-05     0.022   11.8   0.0    65   123    51   110    27   135 0.83 -
4399_g               -            612 12505at5794          -            344   9.6e-11   39.2   0.6   2   3   5.8e-09   1.7e-06   25.3   0.0    42   149   136   248   113   256 0.80 -
4399_g               -            612 12505at5794          -            344   9.6e-11   39.2   0.6   3   3       1.5   4.4e+02   -2.4   0.1   103   143   394   433   379   440 0.65 -
220_g                -           1616 12505at5794          -            344   2.6e-10   37.8   0.0   1   2     0.023       6.9    3.5   0.0   127   165   906   944   890   981 0.85 -
220_g                -           1616 12505at5794          -            344   2.6e-10   37.8   0.0   2   2   6.6e-11     2e-08   31.6   0.0    64   165  1245  1347  1222  1361 0.93 -
2315_g               -           3396 12505at5794          -            344   4.2e-09   33.9   2.4   1   1   2.7e-11   8.1e-09   32.9   2.4   254   334  3205  3285  3171  3294 0.80 -
4564_g               -            367 12505at5794          -            344   2.7e-08   31.2   0.1   1   1   1.3e-10   3.9e-08   30.7   0.1    65   123   288   347   268   356 0.86 -
3270_g               -            186 12505at5794          -            344   1.3e-07   28.9   0.5   1   1   5.5e-10   1.6e-07   28.6   0.5    47   162    30   148    25   164 0.89 -
2700_g               -           1549 12505at5794          -            344   5.3e-07   26.9   0.1   1   1   2.9e-09   8.6e-07   26.2   0.1   234   307   820   900   802   919 0.78 -
2419_g               -            310 12505at5794          -            344   6.5e-07   26.6   0.4   1   1   3.2e-09   9.6e-07   26.1   0.4    99   190    70   162    60   178 0.87 -
1040_g               -            597 12505at5794          -            344   2.3e-06   24.8   0.0   1   1   1.4e-08   4.3e-06   24.0   0.0    78   181    17   121     9   133 0.92 -
4783_g               -            585 12505at5794          -            344    0.0034   14.4   0.0   1   1   1.9e-05    0.0056   13.7   0.0   100   175    29   109    14   116 0.59 -
1758_g               -            145 12505at5794          -            344     0.018   12.1   0.0   1   1   7.1e-05     0.021   11.8   0.0   117   166    51   103    32   119 0.79 -
#
# Program:         hmmsearch
# Version:         3.1b2 (February 2015)
# Pipeline mode:   SEARCH
# Query file:      /mnt/e/Bioinformatics/Semester2/BINP29/Malaria Project/Genomes/Parsed/busco_downloads/lineages/apicomplexa_odb10/hmms/12505at5794.hmm
# Target file:     /mnt/e/Bioinformatics/Semester2/BINP29/Malaria Project/Genomes/Parsed/Pv_new.faa
# Option settings: hmmsearch --domtblout /mnt/e/Bioinformatics/Semester2/BINP29/Malaria Project/Genomes/Parsed/Pv/run_apicomplexa_odb10/hmmer_output/initial_run_results/12505at5794.out --cpu 1 /mnt/e/Bioinformatics/Semester2/BINP29/Malaria Project/Genomes/Parsed/busco_downloads/lineages/apicomplexa_odb10/hmms/12505at5794.hmm /mnt/e/Bioinformatics/Semester2/BINP29/Malaria Project/Genomes/Parsed/Pv_new.faa 
# Current dir:     /mnt/e/Bioinformatics/Semester2/BINP29/Malaria Project/Genomes/Parsed
# Date:            Wed Mar  1 19:31:16 2023
# [ok]
