#                                                                            --- full sequence --- -------------- this domain -------------   hmm coord   ali coord   env coord
# target name        accession   tlen query name           accession   qlen   E-value  score  bias   #  of  c-Evalue  i-Evalue  score  bias  from    to  from    to  from    to  acc description of target
#------------------- ---------- ----- -------------------- ---------- ----- --------- ------ ----- --- --- --------- --------- ------ ----- ----- ----- ----- ----- ----- ----- ---- ---------------------
2628_g               -           2697 13940at5794          -            259   4.6e-83  276.7   8.4   1   3   1.4e-23   2.6e-20   71.1   0.2     2    65  2113  2191  2112  2194 0.89 -
2628_g               -           2697 13940at5794          -            259   4.6e-83  276.7   8.4   2   3   1.2e-24   2.3e-21   74.5   0.2    65   125  2248  2308  2242  2320 0.92 -
2628_g               -           2697 13940at5794          -            259   4.6e-83  276.7   8.4   3   3   4.6e-43   8.8e-40  134.9   0.4   125   255  2495  2646  2488  2651 0.85 -
3783_g               -            290 13940at5794          -            259   5.9e-25   86.3   0.7   1   1   5.9e-28   1.1e-24   85.4   0.7    20   233    12   234     2   252 0.77 -
145_g                -            546 13940at5794          -            259   7.2e-12   43.4   0.0   1   3    0.0032       6.1    4.3   0.0     5    30   110   135   106   150 0.81 -
145_g                -            546 13940at5794          -            259   7.2e-12   43.4   0.0   2   3   2.6e-08   4.9e-05   21.0   0.0    39   114   191   270   184   282 0.86 -
145_g                -            546 13940at5794          -            259   7.2e-12   43.4   0.0   3   3   3.5e-06    0.0066   14.0   0.0   159   225   459   530   442   537 0.80 -
#
# Program:         hmmsearch
# Version:         3.1b2 (February 2015)
# Pipeline mode:   SEARCH
# Query file:      /mnt/e/Bioinformatics/Semester2/BINP29/Malaria Project/Genomes/Parsed/busco_downloads/lineages/apicomplexa_odb10/hmms/13940at5794.hmm
# Target file:     /mnt/e/Bioinformatics/Semester2/BINP29/Malaria Project/Genomes/Parsed/Pv_new.faa
# Option settings: hmmsearch --domtblout /mnt/e/Bioinformatics/Semester2/BINP29/Malaria Project/Genomes/Parsed/Pv/run_apicomplexa_odb10/hmmer_output/initial_run_results/13940at5794.out --cpu 1 /mnt/e/Bioinformatics/Semester2/BINP29/Malaria Project/Genomes/Parsed/busco_downloads/lineages/apicomplexa_odb10/hmms/13940at5794.hmm /mnt/e/Bioinformatics/Semester2/BINP29/Malaria Project/Genomes/Parsed/Pv_new.faa 
# Current dir:     /mnt/e/Bioinformatics/Semester2/BINP29/Malaria Project/Genomes/Parsed
# Date:            Wed Mar  1 19:31:18 2023
# [ok]
