#                                                                            --- full sequence --- -------------- this domain -------------   hmm coord   ali coord   env coord
# target name        accession   tlen query name           accession   qlen   E-value  score  bias   #  of  c-Evalue  i-Evalue  score  bias  from    to  from    to  from    to  acc description of target
#------------------- ---------- ----- -------------------- ---------- ----- --------- ------ ----- --- --- --------- --------- ------ ----- ----- ----- ----- ----- ----- ----- ---- ---------------------
4466_g               -            336 14227at5794          -            277  1.5e-157  521.5  17.2   1   1  5.5e-159  5.1e-157  519.7  17.2     1   277    14   329    14   329 0.93 -
5672_g               -            365 14227at5794          -            277  1.6e-157  521.4  16.8   1   1  5.8e-159  5.4e-157  519.7  16.8     1   277    20   335    20   335 0.93 -
437_g                -            289 14227at5794          -            277   5.8e-41  139.0   0.1   1   1     8e-43   7.4e-41  138.7   0.1    14   277     4   285     1   285 0.78 -
1579_g               -            740 14227at5794          -            277   5.2e-40  135.9   6.0   1   1   1.7e-41   1.6e-39  134.3   6.0    21   276    16   309     5   310 0.77 -
4318_g               -            490 14227at5794          -            277   8.6e-37  125.3   0.9   1   1   1.9e-38   1.7e-36  124.4   0.9    23   277   112   401    98   401 0.79 -
3304_g               -           1047 14227at5794          -            277     3e-31  107.2   8.0   1   3   0.00082     0.077   10.7   0.7    24    93    34   112    14   126 0.66 -
3304_g               -           1047 14227at5794          -            277     3e-31  107.2   8.0   2   3   3.4e-10   3.2e-08   31.6   0.1    96   143   225   272   191   276 0.80 -
3304_g               -           1047 14227at5794          -            277     3e-31  107.2   8.0   3   3   3.3e-21     3e-19   67.8   0.1   144   277   571   718   555   718 0.78 -
3431_g               -            613 14227at5794          -            277   4.3e-30  103.4  10.1   1   2   2.3e-28   2.2e-26   91.2   7.9    24   236   266   499   261   517 0.77 -
3431_g               -            613 14227at5794          -            277   4.3e-30  103.4  10.1   2   2   0.00052     0.048   11.4   0.1   250   277   543   570   513   570 0.93 -
3385_g               -           1617 14227at5794          -            277   4.8e-28   96.7   0.3   1   3         3   2.8e+02   -1.0   0.4    23    78   693   760   687   766 0.56 -
3385_g               -           1617 14227at5794          -            277   4.8e-28   96.7   0.3   2   3   1.3e-27   1.2e-25   88.8   0.0   101   230   894  1023   886  1039 0.88 -
3385_g               -           1617 14227at5794          -            277   4.8e-28   96.7   0.3   3   3      0.11       9.9    3.8   0.0   250   276  1073  1099  1045  1100 0.92 -
896_g                -            564 14227at5794          -            277   8.5e-27   92.6   9.3   1   1   1.8e-28   1.7e-26   91.6   9.3    21   277   116   376   100   376 0.77 -
902_g                -            324 14227at5794          -            277   8.7e-27   92.5   2.6   1   1   1.9e-28   1.8e-26   91.5   2.6    54   270    52   287     5   292 0.71 -
4339_g               -            603 14227at5794          -            277   5.1e-26   90.0   1.2   1   1   1.4e-27   1.3e-25   88.6   1.2    31   277   164   414   152   414 0.76 -
4192_g               -            326 14227at5794          -            277   1.6e-24   85.1  11.6   1   1   5.5e-26   5.1e-24   83.4  11.6    12   276    23   308    15   309 0.76 -
4514_g               -            576 14227at5794          -            277   1.6e-24   85.1  11.2   1   4   3.3e-15     3e-13   48.1   4.3    21   161   168   327   157   333 0.76 -
4514_g               -            576 14227at5794          -            277   1.6e-24   85.1  11.2   2   4   1.3e-07   1.2e-05   23.2   0.0   162   202   354   394   349   406 0.87 -
4514_g               -            576 14227at5794          -            277   1.6e-24   85.1  11.2   3   4      0.03       2.8    5.6   0.3    49   105   425   480   422   483 0.89 -
4514_g               -            576 14227at5794          -            277   1.6e-24   85.1  11.2   4   4     0.001     0.093   10.4   0.0   238   276   473   512   469   513 0.81 -
1991_g               -            335 14227at5794          -            277   3.4e-24   84.0   0.1   1   1   5.1e-26   4.7e-24   83.6   0.1    24   219    10   216     4   266 0.82 -
1234_g               -            747 14227at5794          -            277   7.4e-24   82.9   5.8   1   1   1.4e-25   1.3e-23   82.1   5.8    24   211   480   684   472   698 0.76 -
2922_g               -            530 14227at5794          -            277   9.9e-24   82.5   8.6   1   1   1.9e-25   1.7e-23   81.7   8.6    20   276    66   329    49   330 0.81 -
4601_g               -           1990 14227at5794          -            277   1.1e-22   79.1   1.6   1   1   3.1e-24   2.9e-22   77.7   1.6    18   276  1528  1791  1507  1792 0.76 -
3049_g               -            527 14227at5794          -            277   2.3e-22   78.0  11.5   1   2      0.56        53    1.4   0.1    22    54    53    90    41    97 0.74 -
3049_g               -            527 14227at5794          -            277   2.3e-22   78.0  11.5   2   2   7.7e-24   7.1e-22   76.4   9.2    54   275   113   326    77   328 0.80 -
1276_g               -            378 14227at5794          -            277   8.5e-22   76.2   9.9   1   1   1.5e-23   1.4e-21   75.4   9.9     8   276    25   309    18   310 0.75 -
4598_g               -           1629 14227at5794          -            277   2.4e-21   74.7   9.4   1   1   9.3e-23   8.7e-21   72.9   9.4    13   277  1178  1442  1145  1442 0.71 -
2933_g               -            311 14227at5794          -            277   4.2e-21   73.9   5.5   1   1   6.2e-23   5.8e-21   73.4   5.5    23   218     2   214     1   282 0.72 -
1982_g               -            369 14227at5794          -            277   1.5e-20   72.1   9.9   1   1   4.7e-22   4.4e-20   70.5   9.9    18   214   101   316    96   362 0.80 -
1644_g               -            285 14227at5794          -            277   4.1e-20   70.6  12.5   1   1   1.2e-21   1.2e-19   69.2  12.5     2   276    11   279    10   280 0.76 -
613_g                -            807 14227at5794          -            277   4.4e-20   70.5   1.9   1   4       0.5        47    1.6   0.1    25    47    20    42     6    49 0.81 -
613_g                -            807 14227at5794          -            277   4.4e-20   70.5   1.9   2   4     0.032         3    5.5   0.1    58    95    97   130    83   141 0.82 -
613_g                -            807 14227at5794          -            277   4.4e-20   70.5   1.9   3   4   7.5e-10     7e-08   30.5   0.0   104   179   188   266   171   273 0.85 -
613_g                -            807 14227at5794          -            277   4.4e-20   70.5   1.9   4   4   1.2e-08   1.1e-06   26.6   0.0   184   276   480   593   473   594 0.73 -
52_g                 -            289 14227at5794          -            277   4.6e-19   67.2   1.5   1   1   8.8e-21   8.2e-19   66.4   1.5    24   214    11   219     5   231 0.76 -
4273_g               -           1392 14227at5794          -            277   8.8e-19   66.3  12.9   1   2     0.022       2.1    6.0   0.5    23   135   796   925   776   937 0.62 -
4273_g               -           1392 14227at5794          -            277   8.8e-19   66.3  12.9   2   2   5.1e-19   4.7e-17   60.6   6.4    76   277  1128  1369  1090  1369 0.67 -
2362_g               -            509 14227at5794          -            277   2.9e-18   64.6   1.0   1   1   5.3e-20     5e-18   63.8   1.0    23   210   109   308   103   364 0.78 -
4521_g               -            709 14227at5794          -            277   9.1e-17   59.7   8.3   1   2   5.9e-16   5.5e-14   50.5   3.8    18   213   366   580   341   614 0.73 -
4521_g               -            709 14227at5794          -            277   9.1e-17   59.7   8.3   2   2   0.00068     0.064   11.0   0.0   244   276   664   696   638   697 0.79 -
1532_g               -            855 14227at5794          -            277   8.6e-16   56.5   0.3   1   2   4.3e-17     4e-15   54.3   0.2    48   224   570   752   531   773 0.73 -
1532_g               -            855 14227at5794          -            277   8.6e-16   56.5   0.3   2   2       4.6   4.3e+02   -1.6   0.0   193   218   783   808   778   826 0.91 -
1318_g               -            886 14227at5794          -            277     4e-15   54.3   6.4   1   2   4.3e-08     4e-06   24.8   4.8    16   142   547   692   536   702 0.69 -
1318_g               -            886 14227at5794          -            277     4e-15   54.3   6.4   2   2   4.5e-09   4.2e-07   28.0   0.0   142   217   716   787   700   796 0.79 -
2262_g               -           2561 14227at5794          -            277   3.7e-14   51.1   2.0   1   2   3.9e-16   3.7e-14   51.1   2.0    15   218     5   253     1   261 0.72 -
2262_g               -           2561 14227at5794          -            277   3.7e-14   51.1   2.0   2   2       3.7   3.4e+02   -1.3   0.1    32    74  2177  2219  2171  2229 0.90 -
2430_g               -            756 14227at5794          -            277   1.2e-13   49.4   0.3   1   1   3.3e-15     3e-13   48.1   0.3    18   208   422   628   416   639 0.70 -
4589_g               -            562 14227at5794          -            277     1e-12   46.4   7.7   1   2   5.1e-12   4.8e-10   37.6   6.6    19   154    29   184    11   189 0.71 -
4589_g               -            562 14227at5794          -            277     1e-12   46.4   7.7   2   2      0.05       4.6    4.9   0.0   161   207   341   386   331   445 0.62 -
885_g                -            714 14227at5794          -            277   2.8e-12   45.0   0.1   1   3      0.17        16    3.1   0.0    23    67   215   258   199   322 0.83 -
885_g                -            714 14227at5794          -            277   2.8e-12   45.0   0.1   2   3   1.2e-08   1.1e-06   26.6   0.0   108   200   348   448   339   473 0.71 -
885_g                -            714 14227at5794          -            277   2.8e-12   45.0   0.1   3   3   0.00057     0.053   11.2   0.0   250   276   684   710   680   711 0.92 -
706_g                -            355 14227at5794          -            277     6e-12   43.9   0.1   1   1     8e-14   7.4e-12   43.5   0.1    49   275    70   306    26   308 0.64 -
1339_g               -           1276 14227at5794          -            277     6e-12   43.8   6.2   1   4         4   3.7e+02   -1.4   0.0    19    44   766   791   753   803 0.77 -
1339_g               -           1276 14227at5794          -            277     6e-12   43.8   6.2   2   4   3.5e-06   0.00033   18.5   0.2   113   152   932   973   879   976 0.77 -
1339_g               -           1276 14227at5794          -            277     6e-12   43.8   6.2   3   4   1.9e-08   1.7e-06   25.9   0.1   143   213  1048  1113  1035  1135 0.74 -
1339_g               -           1276 14227at5794          -            277     6e-12   43.8   6.2   4   4         3   2.8e+02   -1.0   0.0   250   276  1240  1266  1225  1267 0.87 -
4348_g               -           1608 14227at5794          -            277   1.3e-11   42.8   3.0   1   1   2.8e-13   2.6e-11   41.8   3.0    55   207  1383  1549  1321  1604 0.65 -
3188_g               -           2126 14227at5794          -            277   2.1e-11   42.1   1.0   1   1   4.9e-13   4.6e-11   41.0   1.0    54   206  1743  1899  1717  1920 0.76 -
438_g                -           3971 14227at5794          -            277     7e-11   40.4   0.4   1   1   1.7e-12   1.6e-10   39.2   0.4    98   207  1240  1348  1199  1401 0.84 -
2655_g               -            722 14227at5794          -            277   2.8e-10   38.4   1.5   1   1   4.8e-12   4.4e-10   37.7   1.5    19   220   452   669   437   687 0.78 -
1327_g               -           1527 14227at5794          -            277   5.6e-10   37.4   2.1   1   1   1.8e-11   1.6e-09   35.9   2.1    97   207   610   721   536   750 0.85 -
4029_g               -            342 14227at5794          -            277     8e-10   36.9   1.2   1   1   1.3e-11   1.2e-09   36.3   1.2    21   209    29   231    14   288 0.73 -
1416_g               -            297 14227at5794          -            277     1e-09   36.5   3.7   1   2   1.5e-11   1.4e-09   36.0   0.8    57   155    70   174    39   227 0.72 -
1416_g               -            297 14227at5794          -            277     1e-09   36.5   3.7   2   2      0.97        90    0.6   0.1    57    99   251   293   232   295 0.78 -
4724_g               -            293 14227at5794          -            277   1.3e-09   36.2   0.6   1   2      0.87        81    0.8   0.0   161   185     2    26     1    29 0.92 -
4724_g               -            293 14227at5794          -            277   1.3e-09   36.2   0.6   2   2     1e-10   9.7e-09   33.3   0.1   113   161    79   129    63   142 0.86 -
2436_g               -            731 14227at5794          -            277     9e-09   33.4   5.7   1   1   1.4e-10   1.3e-08   32.9   4.6    55   237    65   267    32   273 0.71 -
794_g                -           1737 14227at5794          -            277   1.3e-08   32.9   0.5   1   2      0.17        16    3.1   0.0     6    42  1271  1307  1268  1312 0.88 -
794_g                -           1737 14227at5794          -            277   1.3e-08   32.9   0.5   2   2   8.8e-09   8.2e-07   27.0   0.1    54   204  1494  1658  1468  1676 0.68 -
3943_g               -           3261 14227at5794          -            277   2.5e-08   32.0   0.7   1   1   5.1e-10   4.8e-08   31.1   0.7    60   218  3012  3199  2965  3216 0.66 -
4583_g               -           1563 14227at5794          -            277   1.7e-07   29.2   0.1   1   2      0.17        16    3.1   1.3    23   113   181   272   162   279 0.69 -
4583_g               -           1563 14227at5794          -            277   1.7e-07   29.2   0.1   2   2   1.8e-09   1.7e-07   29.2   0.1    91   216   332   459   316   467 0.81 -
4432_g               -           1285 14227at5794          -            277   2.4e-07   28.7   8.9   1   2   4.7e-09   4.3e-07   27.9   6.4    46   145   294   405   284   430 0.72 -
4432_g               -           1285 14227at5794          -            277   2.4e-07   28.7   8.9   2   2      0.94        88    0.7   0.0   172   207   538   572   526   637 0.62 -
3104_g               -           1030 14227at5794          -            277   2.5e-07   28.7   0.5   1   2       2.9   2.7e+02   -0.9   0.0    21    43   754   776   735   783 0.80 -
3104_g               -           1030 14227at5794          -            277   2.5e-07   28.7   0.5   2   2   1.2e-08   1.1e-06   26.6   0.1    56   208   812   965   788   978 0.73 -
1354_g               -           2444 14227at5794          -            277     8e-07   27.0   1.1   1   1     1e-07   9.5e-06   23.5   1.1    55   219   164   357   159   400 0.65 -
2528_g               -           1252 14227at5794          -            277   9.3e-07   26.8   4.9   1   2   3.9e-08   3.7e-06   24.9   1.7    61   165   783   890   759   899 0.81 -
2528_g               -           1252 14227at5794          -            277   9.3e-07   26.8   4.9   2   2       0.3        28    2.3   0.1   182   211  1109  1138  1091  1152 0.80 -
4804_g               -           2088 14227at5794          -            277   9.6e-07   26.8   0.1   1   1   2.6e-08   2.4e-06   25.5   0.1    24   275    76   338    66   340 0.61 -
3088_g               -            345 14227at5794          -            277     1e-06   26.7   0.0   1   2       9.6   8.9e+02   -2.6   0.1    25    41    28    44    23    99 0.58 -
3088_g               -            345 14227at5794          -            277     1e-06   26.7   0.0   2   2   2.4e-08   2.2e-06   25.6   0.0   112   276   153   322   139   323 0.69 -
2054_g               -            518 14227at5794          -            277     1e-06   26.7   4.7   1   2   7.1e-08   6.6e-06   24.0   1.1    56   142   258   346   230   355 0.69 -
2054_g               -            518 14227at5794          -            277     1e-06   26.7   4.7   2   2      0.21        20    2.8   0.1   171   209   424   461   389   511 0.68 -
3971_g               -            591 14227at5794          -            277   2.1e-06   25.7   0.9   1   2   1.1e-06   0.00011   20.1   0.7   101   147   380   427   364   443 0.84 -
3971_g               -            591 14227at5794          -            277   2.1e-06   25.7   0.9   2   2      0.12        11    3.6   0.0   146   275   453   573   443   575 0.69 -
2725_g               -           3695 14227at5794          -            277   2.7e-06   25.3   1.0   1   2   1.6e-06   0.00015   19.6   0.2   109   158  3168  3216  3149  3228 0.84 -
2725_g               -           3695 14227at5794          -            277   2.7e-06   25.3   1.0   2   2      0.15        14    3.3   0.0   164   205  3590  3630  3580  3636 0.82 -
763_g                -            405 14227at5794          -            277   2.8e-06   25.3   7.7   1   1   8.1e-08   7.5e-06   23.8   7.6    40   165    51   181    42   230 0.76 -
4326_g               -           3009 14227at5794          -            277   1.8e-05   22.6   0.1   1   1   3.1e-07   2.9e-05   21.9   0.1   103   277   268   444   252   444 0.75 -
3077_g               -           1616 14227at5794          -            277     2e-05   22.4   0.4   1   2   7.8e-07   7.2e-05   20.6   0.3   105   144  1214  1253  1115  1261 0.87 -
3077_g               -           1616 14227at5794          -            277     2e-05   22.4   0.4   2   2       5.8   5.4e+02   -1.9   0.0   183   213  1526  1556  1501  1610 0.78 -
2620_g               -           1416 14227at5794          -            277    0.0019   15.9   3.5   1   2     3e-05    0.0028   15.4   0.4   104   152  1206  1253  1181  1273 0.80 -
2620_g               -           1416 14227at5794          -            277    0.0019   15.9   3.5   2   2      0.91        85    0.7   0.2   208   276  1339  1410  1332  1411 0.72 -
#
# Program:         hmmsearch
# Version:         3.1b2 (February 2015)
# Pipeline mode:   SEARCH
# Query file:      /mnt/e/Bioinformatics/Semester2/BINP29/Malaria Project/Genomes/Parsed/busco_downloads/lineages/apicomplexa_odb10/hmms/14227at5794.hmm
# Target file:     /mnt/e/Bioinformatics/Semester2/BINP29/Malaria Project/Genomes/Parsed/Pv_new.faa
# Option settings: hmmsearch --domtblout /mnt/e/Bioinformatics/Semester2/BINP29/Malaria Project/Genomes/Parsed/Pv/run_apicomplexa_odb10/hmmer_output/initial_run_results/14227at5794.out --cpu 1 /mnt/e/Bioinformatics/Semester2/BINP29/Malaria Project/Genomes/Parsed/busco_downloads/lineages/apicomplexa_odb10/hmms/14227at5794.hmm /mnt/e/Bioinformatics/Semester2/BINP29/Malaria Project/Genomes/Parsed/Pv_new.faa 
# Current dir:     /mnt/e/Bioinformatics/Semester2/BINP29/Malaria Project/Genomes/Parsed
# Date:            Wed Mar  1 19:31:19 2023
# [ok]
