#                                                                            --- full sequence --- -------------- this domain -------------   hmm coord   ali coord   env coord
# target name        accession   tlen query name           accession   qlen   E-value  score  bias   #  of  c-Evalue  i-Evalue  score  bias  from    to  from    to  from    to  acc description of target
#------------------- ---------- ----- -------------------- ---------- ----- --------- ------ ----- --- --- --------- --------- ------ ----- ----- ----- ----- ----- ----- ----- ---- ---------------------
3255_g               -            347 14975at5794          -            275  1.8e-153  507.8  14.7   1   1  4.5e-153  3.6e-151  500.3  14.7     1   275    35   341    35   341 0.93 -
4811_g               -            661 14975at5794          -            275   1.3e-38  131.1  11.6   1   4   9.2e-14   7.3e-12   43.3   0.0    30   135   111   216   102   221 0.81 -
4811_g               -            661 14975at5794          -            275   1.3e-38  131.1  11.6   2   4   3.3e-08   2.6e-06   25.1   0.6    58   146   343   432   331   481 0.70 -
4811_g               -            661 14975at5794          -            275   1.3e-38  131.1  11.6   3   4   4.9e-16   3.9e-14   50.8   0.4    35   111   489   566   464   579 0.92 -
4811_g               -            661 14975at5794          -            275   1.3e-38  131.1  11.6   4   4   1.4e-05    0.0011   16.5   0.2   155   189   624   658   611   660 0.86 -
692_g                -           1414 14975at5794          -            275   1.5e-26   91.5   5.1   1   4   1.1e-07   8.7e-06   23.4   0.0    40   133     8   101     3   104 0.91 -
692_g                -           1414 14975at5794          -            275   1.5e-26   91.5   5.1   2   4   8.1e-13   6.4e-11   40.2   1.2    74   170    85   179    83   187 0.89 -
692_g                -           1414 14975at5794          -            275   1.5e-26   91.5   5.1   3   4   1.3e-09     1e-07   29.7   0.1    36   259   243   348   231   365 0.47 -
692_g                -           1414 14975at5794          -            275   1.5e-26   91.5   5.1   4   4       1.2        91    0.4   0.0    63    93   607   637   591   643 0.83 -
4409_g               -            596 14975at5794          -            275   3.4e-25   87.1  12.3   1   3   3.4e-19   2.7e-17   61.2   3.0    68   211   267   415   237   419 0.85 -
4409_g               -            596 14975at5794          -            275   3.4e-25   87.1  12.3   2   3   9.2e-11   7.3e-09   33.5   1.3   158   274   403   523   402   524 0.80 -
4409_g               -            596 14975at5794          -            275   3.4e-25   87.1  12.3   3   3      0.75        59    1.0   0.1    84   110   547   573   524   581 0.73 -
3755_g               -           1014 14975at5794          -            275   2.1e-24   84.5   4.0   1   2   2.8e-12   2.2e-10   38.5   0.1    52   157    68   174    36   181 0.93 -
3755_g               -           1014 14975at5794          -            275   2.1e-24   84.5   4.0   2   2   1.3e-14     1e-12   46.1   1.3    34   131   183   284   176   303 0.83 -
197_g                -            646 14975at5794          -            275     3e-24   84.0  17.7   1   2   3.5e-08   2.7e-06   25.1   1.4   158   254   361   459   351   462 0.85 -
197_g                -            646 14975at5794          -            275     3e-24   84.0  17.7   2   2     1e-22   8.2e-21   72.7   8.9    38   244   404   617   400   642 0.84 -
2181_g               -            613 14975at5794          -            275   3.1e-22   77.4   3.8   1   2   8.2e-18   6.5e-16   56.6   0.1    37   230   319   522   312   526 0.84 -
2181_g               -            613 14975at5794          -            275   3.1e-22   77.4   3.8   2   2   1.6e-09   1.3e-07   29.4   3.9    15   154   466   612   461   612 0.80 -
3290_g               -            325 14975at5794          -            275   3.8e-22   77.1   7.2   1   3   1.5e-05    0.0012   16.4   0.0    79   116    34    71    30    75 0.91 -
3290_g               -            325 14975at5794          -            275   3.8e-22   77.1   7.2   2   3   6.1e-13   4.8e-11   40.7   4.7    37   192    76   234    71   248 0.85 -
3290_g               -            325 14975at5794          -            275   3.8e-22   77.1   7.2   3   3     5e-06   0.00039   18.0   0.0    52   108   265   321   253   323 0.85 -
121_g                -           1241 14975at5794          -            275   1.1e-20   72.3   9.4   1   2   6.5e-20   5.1e-18   63.5   6.2    34   273   907  1159   881  1160 0.80 -
121_g                -           1241 14975at5794          -            275   1.1e-20   72.3   9.4   2   2     4e-05    0.0031   15.0   0.1    51   115  1142  1210  1124  1220 0.75 -
845_g                -            645 14975at5794          -            275   2.1e-20   71.3   3.1   1   3     0.097       7.6    3.9   0.1    86   134   247   297   214   333 0.83 -
845_g                -            645 14975at5794          -            275   2.1e-20   71.3   3.1   2   3   1.6e-13   1.2e-11   42.6   0.1   122   242   428   557   420   562 0.67 -
845_g                -            645 14975at5794          -            275   2.1e-20   71.3   3.1   3   3   5.2e-08   4.1e-06   24.5   0.2    39   189   557   629   549   641 0.52 -
4353_g               -            925 14975at5794          -            275   3.6e-20   70.6   4.0   1   3   1.5e-09   1.2e-07   29.6   0.1   155   274   248   371   220   372 0.72 -
4353_g               -            925 14975at5794          -            275   3.6e-20   70.6   4.0   2   3   2.3e-10   1.9e-08   32.2   0.1   156   235   379   458   374   464 0.95 -
4353_g               -            925 14975at5794          -            275   3.6e-20   70.6   4.0   3   3    0.0048      0.38    8.2   0.2    36   112   465   501   459   530 0.59 -
1294_g               -           1216 14975at5794          -            275   4.3e-19   67.0  20.5   1   4   1.2e-08   9.8e-07   26.5   0.5    97   206    32   153    11   161 0.75 -
1294_g               -           1216 14975at5794          -            275   4.3e-19   67.0  20.5   2   4    0.0017      0.13    9.7   0.8    93   156   176   236   159   265 0.57 -
1294_g               -           1216 14975at5794          -            275   4.3e-19   67.0  20.5   3   4    0.0035      0.28    8.6   0.1    78   274   608   679   593   722 0.58 -
1294_g               -           1216 14975at5794          -            275   4.3e-19   67.0  20.5   4   4   3.8e-10     3e-08   31.5   1.9   125   264   813   957   806   967 0.75 -
1488_g               -            695 14975at5794          -            275     7e-19   66.4  11.8   1   4   0.00015     0.012   13.1   0.0   155   205     6    56     1    61 0.83 -
1488_g               -            695 14975at5794          -            275     7e-19   66.4  11.8   2   4   7.6e-08     6e-06   23.9   0.2    38   110    84   160    80   172 0.87 -
1488_g               -            695 14975at5794          -            275     7e-19   66.4  11.8   3   4   3.5e-09   2.8e-07   28.3   0.4    37   112   244   323   239   334 0.81 -
1488_g               -            695 14975at5794          -            275     7e-19   66.4  11.8   4   4     0.018       1.4    6.3   0.4    89   155   620   691   568   694 0.60 -
800_g                -            721 14975at5794          -            275   6.5e-17   59.9  12.1   1   6   9.5e-05    0.0075   13.8   0.0   161   274   154   272   135   273 0.76 -
800_g                -            721 14975at5794          -            275   6.5e-17   59.9  12.1   2   6      0.58        46    1.4   0.0   165   208   292   334   288   342 0.65 -
800_g                -            721 14975at5794          -            275   6.5e-17   59.9  12.1   3   6     0.025       1.9    5.9   0.2   183   237   349   405   310   417 0.66 -
800_g                -            721 14975at5794          -            275   6.5e-17   59.9  12.1   4   6       5.1     4e+02   -1.7   0.0   230   272   447   489   443   493 0.72 -
800_g                -            721 14975at5794          -            275   6.5e-17   59.9  12.1   5   6    0.0016      0.12    9.8   0.8   179   273   522   617   491   621 0.74 -
800_g                -            721 14975at5794          -            275   6.5e-17   59.9  12.1   6   6   3.4e-10   2.7e-08   31.6   0.1    43   117   636   711   607   717 0.85 -
2637_g               -            366 14975at5794          -            275   1.9e-16   58.4   8.8   1   3   1.2e-15   9.5e-14   49.5   1.1    36   145    12   121     4   132 0.90 -
2637_g               -            366 14975at5794          -            275   1.9e-16   58.4   8.8   2   3    0.0012     0.094   10.2   0.9    40   110   147   214   134   257 0.81 -
2637_g               -            366 14975at5794          -            275   1.9e-16   58.4   8.8   3   3      0.58        46    1.4   0.0    46    74   235   263   219   276 0.83 -
2880_g               -            500 14975at5794          -            275   1.4e-15   55.5   5.0   1   3   7.9e-08   6.2e-06   23.9   0.1    35   157    60   140    46   163 0.53 -
2880_g               -            500 14975at5794          -            275   1.4e-15   55.5   5.0   2   3     0.017       1.4    6.4   0.1   187   274   234   322   207   323 0.80 -
2880_g               -            500 14975at5794          -            275   1.4e-15   55.5   5.0   3   3   1.6e-08   1.3e-06   26.2   0.1    38   117   334   415   325   428 0.67 -
4180_g               -           1151 14975at5794          -            275   8.8e-15   52.9  10.1   1   5       8.9   7.1e+02   -2.5   0.0   251   274   200   224   189   225 0.76 -
4180_g               -           1151 14975at5794          -            275   8.8e-15   52.9  10.1   2   5      0.42        33    1.8   0.1   141   160   342   361   217   369 0.68 -
4180_g               -           1151 14975at5794          -            275   8.8e-15   52.9  10.1   3   5   1.7e-08   1.4e-06   26.1   0.2    54   156   547   651   530   660 0.80 -
4180_g               -           1151 14975at5794          -            275   8.8e-15   52.9  10.1   4   5   5.5e-09   4.3e-07   27.7   0.4    38   120   685   768   678   801 0.86 -
4180_g               -           1151 14975at5794          -            275   8.8e-15   52.9  10.1   5   5   4.1e-05    0.0033   15.0   0.1    35   132   724   819   722   829 0.86 -
1945_g               -            525 14975at5794          -            275   1.2e-14   52.5   5.5   1   4       1.1        88    0.4   0.1    84   230   222   248   202   262 0.56 -
1945_g               -            525 14975at5794          -            275   1.2e-14   52.5   5.5   2   4   3.2e-10   2.6e-08   31.7   0.4    36   109   265   339   259   343 0.92 -
1945_g               -            525 14975at5794          -            275   1.2e-14   52.5   5.5   3   4     4e-10   3.1e-08   31.4   0.6    33   112   304   384   302   426 0.88 -
1945_g               -            525 14975at5794          -            275   1.2e-14   52.5   5.5   4   4       3.7   2.9e+02   -1.3   0.0   207   233   458   485   444   519 0.75 -
2915_g               -            328 14975at5794          -            275   2.2e-14   51.6   0.6   1   3   6.4e-06   0.00051   17.6   0.0    34   123     3    92     1   116 0.76 -
2915_g               -            328 14975at5794          -            275   2.2e-14   51.6   0.6   2   3     3e-05    0.0024   15.4   0.6    63   144   123   203   116   235 0.75 -
2915_g               -            328 14975at5794          -            275   2.2e-14   51.6   0.6   3   3   0.00029     0.023   12.2   0.0   149   193   275   319   270   325 0.89 -
2247_g               -            650 14975at5794          -            275   1.8e-13   48.6   7.6   1   3      0.15        11    3.3   0.0   170   201   322   355   311   363 0.77 -
2247_g               -            650 14975at5794          -            275   1.8e-13   48.6   7.6   2   3   4.6e-11   3.6e-09   34.5   2.3     9   114   382   497   373   507 0.75 -
2247_g               -            650 14975at5794          -            275   1.8e-13   48.6   7.6   3   3   0.00062     0.049   11.1   0.1    88   176   511   600   502   614 0.86 -
2646_g               -           1069 14975at5794          -            275   2.1e-13   48.4  10.8   1   4    0.0026       0.2    9.1   0.1    36   109   158   234   137   248 0.81 -
2646_g               -           1069 14975at5794          -            275   2.1e-13   48.4  10.8   2   4    0.0079      0.62    7.5   0.2    43    92   343   394   332   409 0.59 -
2646_g               -           1069 14975at5794          -            275   2.1e-13   48.4  10.8   3   4   2.4e-06   0.00019   19.0   0.0    53   113   420   482   410   495 0.83 -
2646_g               -           1069 14975at5794          -            275   2.1e-13   48.4  10.8   4   4   3.7e-05    0.0029   15.1   1.3    61   156   543   644   519   658 0.70 -
1335_g               -            835 14975at5794          -            275   5.8e-13   47.0   6.8   1   4   1.4e-06   0.00011   19.8   0.1   165   258    69   166    58   174 0.76 -
1335_g               -            835 14975at5794          -            275   5.8e-13   47.0   6.8   2   4     0.011      0.85    7.0   0.0   119   156   259   296   231   313 0.67 -
1335_g               -            835 14975at5794          -            275   5.8e-13   47.0   6.8   3   4   4.3e-07   3.4e-05   21.5   0.1    55   111   432   488   414   502 0.88 -
1335_g               -            835 14975at5794          -            275   5.8e-13   47.0   6.8   4   4       9.7   7.7e+02   -2.7   0.0   195   232   716   751   712   772 0.63 -
3689_g               -            432 14975at5794          -            275     5e-12   43.9   3.0   1   2   5.1e-08     4e-06   24.5   4.1    63   212   161   317   153   326 0.71 -
3689_g               -            432 14975at5794          -            275     5e-12   43.9   3.0   2   2   5.9e-05    0.0046   14.5   0.0    72   111   342   381   320   386 0.74 -
5542_g               -            865 14975at5794          -            275     7e-12   43.4   0.9   1   3    0.0036      0.28    8.6   0.0    16    70   111   164    99   179 0.75 -
5542_g               -            865 14975at5794          -            275     7e-12   43.4   0.9   2   3   3.6e-10   2.8e-08   31.6   0.1    19   110   227   319   212   331 0.90 -
5542_g               -            865 14975at5794          -            275     7e-12   43.4   0.9   3   3       3.6   2.8e+02   -1.2   0.1   218   251   375   408   356   423 0.83 -
376_g                -            888 14975at5794          -            275   7.5e-12   43.3   0.9   1   3    0.0037      0.29    8.6   0.0    16    70   132   185   120   200 0.75 -
376_g                -            888 14975at5794          -            275   7.5e-12   43.3   0.9   2   3   3.7e-10   2.9e-08   31.5   0.1    19   110   248   340   233   352 0.90 -
376_g                -            888 14975at5794          -            275   7.5e-12   43.3   0.9   3   3       3.7   2.9e+02   -1.3   0.1   218   251   396   429   377   444 0.83 -
566_g                -            540 14975at5794          -            275   1.8e-11   42.0   5.3   1   3   0.00016     0.013   13.0   0.2   159   230   191   267   181   279 0.51 -
566_g                -            540 14975at5794          -            275   1.8e-11   42.0   5.3   2   3       1.6   1.2e+02   -0.1   0.0   207   235   306   336   283   345 0.70 -
566_g                -            540 14975at5794          -            275   1.8e-11   42.0   5.3   3   3   1.7e-09   1.3e-07   29.4   0.3   157   233   344   424   339   439 0.85 -
2350_g               -            508 14975at5794          -            275   2.4e-11   41.6   3.2   1   1   6.8e-12   5.4e-10   37.2   3.2    33   112   276   358   273   450 0.84 -
4584_g               -            556 14975at5794          -            275   2.6e-10   38.2   4.7   1   3   4.1e-07   3.2e-05   21.5   0.1    38   117    47   130    40   159 0.80 -
4584_g               -            556 14975at5794          -            275   2.6e-10   38.2   4.7   2   3   9.8e-06   0.00077   17.0   0.3    35   116   164   244   143   264 0.60 -
4584_g               -            556 14975at5794          -            275   2.6e-10   38.2   4.7   3   3         2   1.6e+02   -0.4   0.0    72   104   362   396   331   420 0.57 -
48_g                 -            330 14975at5794          -            275   9.2e-10   36.5   6.3   1   2   1.9e-11   1.5e-09   35.7   4.8    34   162    57   186    38   199 0.89 -
48_g                 -            330 14975at5794          -            275   9.2e-10   36.5   6.3   2   2       4.9   3.9e+02   -1.7   0.0   194   194   269   269   225   313 0.51 -
2698_g               -            562 14975at5794          -            275   1.3e-09   35.9   0.0   1   2   5.8e-09   4.6e-07   27.6   0.0    52   233   280   485   258   494 0.69 -
2698_g               -            562 14975at5794          -            275   1.3e-09   35.9   0.0   2   2      0.19        15    3.0   0.0    38    75   507   547   502   559 0.79 -
2399_g               -            404 14975at5794          -            275   1.5e-09   35.8   0.2   1   3   0.00013      0.01   13.3   1.1   158   273    92   216    66   218 0.76 -
2399_g               -            404 14975at5794          -            275   1.5e-09   35.8   0.2   2   3     0.034       2.7    5.4   0.0    47   153   195   307   191   317 0.69 -
2399_g               -            404 14975at5794          -            275   1.5e-09   35.8   0.2   3   3   7.1e-05    0.0056   14.2   0.0    49    99   341   391   336   401 0.83 -
4538_g               -            465 14975at5794          -            275   3.3e-09   34.6   0.0   1   3   0.00057     0.045   11.2   0.0   124   166   110   150    97   174 0.64 -
4538_g               -            465 14975at5794          -            275   3.3e-09   34.6   0.0   2   3    0.0002     0.016   12.7   0.0    38    71   211   244   203   270 0.76 -
4538_g               -            465 14975at5794          -            275   3.3e-09   34.6   0.0   3   3     0.014       1.1    6.6   0.0    15   107   289   390   280   399 0.75 -
4428_g               -            617 14975at5794          -            275   5.7e-09   33.9   5.8   1   3      0.18        14    3.1   0.8   190   270   105   185    34   215 0.54 -
4428_g               -            617 14975at5794          -            275   5.7e-09   33.9   5.8   2   3   1.7e-06   0.00014   19.5   0.0    48   111   252   320   240   328 0.80 -
4428_g               -            617 14975at5794          -            275   5.7e-09   33.9   5.8   3   3   0.00079     0.063   10.8   0.1    49    72   587   610   564   614 0.76 -
2374_g               -            473 14975at5794          -            275   1.6e-08   32.4  17.1   1   3      0.33        26    2.2   0.0   248   272    88   112    75   114 0.84 -
2374_g               -            473 14975at5794          -            275   1.6e-08   32.4  17.1   2   3     0.012      0.97    6.9   5.0   207   274   176   245   165   246 0.66 -
2374_g               -            473 14975at5794          -            275   1.6e-08   32.4  17.1   3   3   2.5e-08   1.9e-06   25.5   1.4    36   159   254   391   253   416 0.70 -
2196_g               -            431 14975at5794          -            275   1.6e-08   32.4   1.0   1   2   4.2e-10   3.3e-08   31.3   0.5    68   153   275   363   259   372 0.83 -
2196_g               -            431 14975at5794          -            275   1.6e-08   32.4   1.0   2   2       7.4   5.9e+02   -2.3   0.0    71    95   379   403   369   426 0.71 -
5556_g               -            859 14975at5794          -            275   4.2e-08   31.0   0.3   1   3    0.0035      0.28    8.6   0.0    16    70   111   164    99   179 0.75 -
5556_g               -            859 14975at5794          -            275   4.2e-08   31.0   0.3   2   3   3.2e-06   0.00025   18.6   0.0    52   110   230   288   199   300 0.84 -
5556_g               -            859 14975at5794          -            275   4.2e-08   31.0   0.3   3   3       3.3   2.6e+02   -1.1   0.1   218   251   344   377   324   392 0.82 -
295_g                -            945 14975at5794          -            275   6.5e-08   30.4   2.2   1   4   0.00018     0.014   12.9   0.0    69   191   193   235   167   249 0.54 -
295_g                -            945 14975at5794          -            275   6.5e-08   30.4   2.2   2   4      0.14        11    3.4   0.1   250   274   270   293   255   294 0.87 -
295_g                -            945 14975at5794          -            275   6.5e-08   30.4   2.2   3   4    0.0018      0.14    9.6   0.0    35    71   303   339   295   353 0.69 -
295_g                -            945 14975at5794          -            275   6.5e-08   30.4   2.2   4   4       1.4   1.1e+02    0.2   0.1   239   273   817   851   792   855 0.77 -
2284_g               -            684 14975at5794          -            275   1.2e-07   29.5  10.4   1   3   3.9e-08   3.1e-06   24.9   2.2    39   146    10   125     7   170 0.81 -
2284_g               -            684 14975at5794          -            275   1.2e-07   29.5  10.4   2   3      0.07       5.5    4.4   0.8    93   154   193   262   145   278 0.74 -
2284_g               -            684 14975at5794          -            275   1.2e-07   29.5  10.4   3   3       0.1       7.9    3.9   0.0   251   274   284   307   275   308 0.90 -
202_g                -            738 14975at5794          -            275   1.6e-07   29.1   0.2   1   2   2.8e-08   2.2e-06   25.4   0.4    39   144   132   244   120   299 0.81 -
202_g                -            738 14975at5794          -            275   1.6e-07   29.1   0.2   2   2         1        79    0.6   0.0   154   178   355   379   352   405 0.85 -
2472_g               -            685 14975at5794          -            275   2.2e-07   28.7   0.1   1   2   1.1e-08   8.5e-07   26.7   0.0    74   159   185   278   168   312 0.77 -
2472_g               -            685 14975at5794          -            275   2.2e-07   28.7   0.1   2   2         4   3.2e+02   -1.4   0.0    52    74   344   370   333   384 0.61 -
767_g                -            467 14975at5794          -            275   2.7e-07   28.4   0.6   1   2   1.1e-08   8.5e-07   26.7   0.3    74   157   106   192    31   201 0.79 -
767_g                -            467 14975at5794          -            275   2.7e-07   28.4   0.6   2   2     0.045       3.5    5.0   0.0   179   240   178   238   166   249 0.83 -
3362_g               -            459 14975at5794          -            275   4.1e-07   27.8   1.0   1   3      0.76        60    1.0   0.0    70   118   194   243   184   248 0.81 -
3362_g               -            459 14975at5794          -            275   4.1e-07   27.8   1.0   2   3   7.1e-06   0.00056   17.5   1.2   175   231   341   401   316   401 0.67 -
3362_g               -            459 14975at5794          -            275   4.1e-07   27.8   1.0   3   3   0.00014     0.011   13.2   0.2    37    75   367   406   363   435 0.82 -
817_g                -            364 14975at5794          -            275     1e-06   26.5   0.1   1   2   1.7e-05    0.0013   16.2   0.0    49   115    75   146    41   161 0.78 -
817_g                -            364 14975at5794          -            275     1e-06   26.5   0.1   2   2     0.007      0.55    7.7   0.0   216   274   186   245   181   246 0.87 -
2654_g               -            575 14975at5794          -            275   1.7e-06   25.7   0.0   1   1     1e-07   8.2e-06   23.5   0.0    40   234    58   258    53   269 0.83 -
3625_g               -            707 14975at5794          -            275   1.8e-06   25.7   7.0   1   3   4.8e-07   3.8e-05   21.3   1.1    37   157    84   219    76   269 0.62 -
3625_g               -            707 14975at5794          -            275   1.8e-06   25.7   7.0   2   3     0.022       1.7    6.0   0.4    84   165   247   336   229   367 0.58 -
3625_g               -            707 14975at5794          -            275   1.8e-06   25.7   7.0   3   3       2.4   1.9e+02   -0.7   0.0   253   273   468   488   443   489 0.84 -
978_g                -           2330 14975at5794          -            275   5.3e-06   24.1   0.8   1   3   3.8e-05     0.003   15.1   0.1    73   112  2058  2097  2054  2112 0.85 -
978_g                -           2330 14975at5794          -            275   5.3e-06   24.1   0.8   2   3     0.031       2.4    5.5   0.0    52   136  2120  2206  2098  2243 0.61 -
978_g                -           2330 14975at5794          -            275   5.3e-06   24.1   0.8   3   3       5.2   4.1e+02   -1.8   0.0   155   189  2290  2324  2258  2326 0.54 -
475_g                -            514 14975at5794          -            275   1.2e-05   22.9   0.7   1   3       8.7   6.9e+02   -2.5   0.0    93   118   145   170   127   177 0.79 -
475_g                -            514 14975at5794          -            275   1.2e-05   22.9   0.7   2   3    0.0013       0.1   10.1   0.0   149   194   273   318   251   419 0.67 -
475_g                -            514 14975at5794          -            275   1.2e-05   22.9   0.7   3   3     0.071       5.6    4.3   0.0    31    85   429   483   405   491 0.60 -
977_g                -            534 14975at5794          -            275   2.3e-05   22.0   2.0   1   2     0.041       3.2    5.1   0.0   175   207   276   308   268   321 0.79 -
977_g                -            534 14975at5794          -            275   2.3e-05   22.0   2.0   2   2   0.00012    0.0097   13.4   0.5    26   122   371   472   364   521 0.61 -
3551_g               -            670 14975at5794          -            275   3.5e-05   21.4   1.2   1   2    0.0046      0.36    8.3   0.0    14   137   345   480   336   494 0.80 -
3551_g               -            670 14975at5794          -            275   3.5e-05   21.4   1.2   2   2    0.0028      0.22    8.9   1.6   100   189   541   638   528   643 0.56 -
680_g                -            354 14975at5794          -            275   8.5e-05   20.2   0.4   1   1   1.8e-06   0.00014   19.4   0.4    38   111   181   257   159   294 0.82 -
4178_g               -            381 14975at5794          -            275   9.3e-05   20.0   0.1   1   1   3.2e-06   0.00025   18.6   0.1   157   234   193   275   185   289 0.77 -
4091_g               -           2663 14975at5794          -            275    0.0001   19.9   2.8   1   3       4.6   3.6e+02   -1.6   0.0    56   106   235   285   228   305 0.66 -
4091_g               -           2663 14975at5794          -            275    0.0001   19.9   2.8   2   3      0.26        21    2.5   0.0    48    88  1158  1200  1150  1208 0.80 -
4091_g               -           2663 14975at5794          -            275    0.0001   19.9   2.8   3   3   4.4e-05    0.0035   14.9   0.0    54   112  2542  2602  2535  2613 0.89 -
1763_g               -           4048 14975at5794          -            275   0.00011   19.8   0.0   1   1   3.8e-06    0.0003   18.4   0.0    55   120  2808  2876  2776  2888 0.74 -
3904_g               -            847 14975at5794          -            275   0.00019   19.0   4.8   1   2      0.53        42    1.5   0.3   198   273   536   618   519   620 0.61 -
3904_g               -            847 14975at5794          -            275   0.00019   19.0   4.8   2   2   3.7e-06   0.00029   18.4   0.6    70   154   682   767   649   785 0.74 -
1628_g               -            611 14975at5794          -            275   0.00027   18.5   5.6   1   3      0.34        27    2.1   0.0    21    95    39   118    20   134 0.73 -
1628_g               -            611 14975at5794          -            275   0.00027   18.5   5.6   2   3   2.5e-05     0.002   15.7   0.8   125   197   215   300   179   313 0.74 -
1628_g               -            611 14975at5794          -            275   0.00027   18.5   5.6   3   3       2.5     2e+02   -0.7   0.0     7   116   395   502   390   533 0.53 -
2265_g               -           2974 14975at5794          -            275   0.00085   16.9   1.1   1   3      0.39        31    1.9   0.0   202   274    11    94     3    95 0.68 -
2265_g               -           2974 14975at5794          -            275   0.00085   16.9   1.1   2   3   0.00054     0.043   11.3   0.1    43   110   149   219   122   251 0.75 -
2265_g               -           2974 14975at5794          -            275   0.00085   16.9   1.1   3   3       1.5   1.2e+02    0.0   0.0   250   275   496   521   469   553 0.88 -
4746_g               -           1866 14975at5794          -            275    0.0012   16.3   1.9   1   3     0.048       3.8    4.9   0.0   166   274  1476  1590  1468  1591 0.68 -
4746_g               -           1866 14975at5794          -            275    0.0012   16.3   1.9   2   3     0.018       1.4    6.3   0.1   163   273  1605  1718  1565  1720 0.68 -
4746_g               -           1866 14975at5794          -            275    0.0012   16.3   1.9   3   3      0.28        22    2.4   0.1    82   112  1783  1813  1776  1836 0.80 -
363_g                -            383 14975at5794          -            275    0.0017   15.9   3.0   1   2   2.3e-05    0.0018   15.8   0.4   121   205    20   107     9   120 0.72 -
363_g                -            383 14975at5794          -            275    0.0017   15.9   3.0   2   2       2.2   1.7e+02   -0.5   0.1    42    74   291   323   260   362 0.68 -
2116_g               -           1227 14975at5794          -            275    0.0019   15.7   1.4   1   1   3.8e-05     0.003   15.1   0.5   158   240  1070  1160  1059  1196 0.55 -
3894_g               -            791 14975at5794          -            275    0.0028   15.2   0.1   1   2       3.7   2.9e+02   -1.3   0.0   249   274   156   181   140   182 0.74 -
3894_g               -            791 14975at5794          -            275    0.0028   15.2   0.1   2   2   0.00023     0.018   12.5   0.0   124   180   216   272   207   284 0.84 -
1006_g               -            339 14975at5794          -            275    0.0046   14.5   0.7   1   3       5.7   4.5e+02   -1.9   0.0   176   195    36    55    21    72 0.63 -
1006_g               -            339 14975at5794          -            275    0.0046   14.5   0.7   2   3         1        83    0.5   0.3   114   141   165   192   106   255 0.51 -
1006_g               -            339 14975at5794          -            275    0.0046   14.5   0.7   3   3   0.00071     0.056   10.9   0.0    50    76   276   302   265   327 0.82 -
5523_g               -            247 14975at5794          -            275    0.0055   14.2   0.0   1   2   0.00051      0.04   11.4   0.0    15    70   102   156    90   181 0.77 -
5523_g               -            247 14975at5794          -            275    0.0055   14.2   0.0   2   2       1.3     1e+02    0.2   0.0    94   115   212   233   187   246 0.59 -
1777_g               -            506 14975at5794          -            275    0.0057   14.2   0.9   1   2      0.32        26    2.2   0.0   114   163    61   111    42   147 0.61 -
1777_g               -            506 14975at5794          -            275    0.0057   14.2   0.9   2   2    0.0011     0.089   10.3   0.2   169   244   276   353   257   379 0.83 -
429_g                -           1329 14975at5794          -            275    0.0068   13.9   5.6   1   3      0.39        31    1.9   0.1   188   234   209   256   190   261 0.76 -
429_g                -           1329 14975at5794          -            275    0.0068   13.9   5.6   2   3      0.31        25    2.2   0.1    81   192   397   521   361   541 0.66 -
429_g                -           1329 14975at5794          -            275    0.0068   13.9   5.6   3   3    0.0015      0.12    9.8   0.1    57   114   855   911   791   929 0.83 -
5524_g               -            218 14975at5794          -            275    0.0081   13.7   0.7   1   1   0.00085     0.067   10.6   0.7   136   162    16    42     2   140 0.70 -
3106_g               -            403 14975at5794          -            275    0.0082   13.6   0.7   1   1   0.00049     0.039   11.4   0.7    21   192   208   400   194   402 0.69 -
2964_g               -            645 14975at5794          -            275    0.0093   13.5   0.2   1   1   0.00025      0.02   12.4   0.2    31   140   339   445   308   455 0.76 -
5655_g               -            250 14975at5794          -            275    0.0097   13.4   0.1   1   2    0.0018      0.14    9.6   0.1   165   274    60   175    50   176 0.71 -
5655_g               -            250 14975at5794          -            275    0.0097   13.4   0.1   2   2     0.019       1.5    6.2   0.0    68   122   133   187   103   195 0.77 -
3082_g               -           1439 14975at5794          -            275     0.011   13.3   6.4   1   3     0.044       3.5    5.0   0.6   158   259   142   252   135   263 0.75 -
3082_g               -           1439 14975at5794          -            275     0.011   13.3   6.4   2   3     0.001     0.081   10.4   0.2    64   154   266   358   257   373 0.65 -
3082_g               -           1439 14975at5794          -            275     0.011   13.3   6.4   3   3       6.3   4.9e+02   -2.0   0.0   100   116   869   885   856   898 0.68 -
5515_g               -            282 14975at5794          -            275     0.013   13.0   0.1   1   2    0.0024      0.19    9.2   0.1   166   274    61   175    51   176 0.71 -
5515_g               -            282 14975at5794          -            275     0.013   13.0   0.1   2   2     0.022       1.7    6.0   0.0    68   123   133   188    98   196 0.78 -
5483_g               -            280 14975at5794          -            275     0.014   12.9   0.1   1   2    0.0024      0.19    9.2   0.0   166   274    61   175    52   176 0.71 -
5483_g               -            280 14975at5794          -            275     0.014   12.9   0.1   2   2     0.022       1.7    6.0   0.0    68   124   133   189   103   199 0.78 -
1112_g               -            580 14975at5794          -            275     0.031   11.8   0.2   1   1   0.00086     0.068   10.6   0.2   199   234   307   343   277   393 0.72 -
#
# Program:         hmmsearch
# Version:         3.1b2 (February 2015)
# Pipeline mode:   SEARCH
# Query file:      /mnt/e/Bioinformatics/Semester2/BINP29/Malaria Project/Genomes/Parsed/busco_downloads/lineages/apicomplexa_odb10/hmms/14975at5794.hmm
# Target file:     /mnt/e/Bioinformatics/Semester2/BINP29/Malaria Project/Genomes/Parsed/Pv_new.faa
# Option settings: hmmsearch --domtblout /mnt/e/Bioinformatics/Semester2/BINP29/Malaria Project/Genomes/Parsed/Pv/run_apicomplexa_odb10/hmmer_output/initial_run_results/14975at5794.out --cpu 1 /mnt/e/Bioinformatics/Semester2/BINP29/Malaria Project/Genomes/Parsed/busco_downloads/lineages/apicomplexa_odb10/hmms/14975at5794.hmm /mnt/e/Bioinformatics/Semester2/BINP29/Malaria Project/Genomes/Parsed/Pv_new.faa 
# Current dir:     /mnt/e/Bioinformatics/Semester2/BINP29/Malaria Project/Genomes/Parsed
# Date:            Wed Mar  1 19:31:20 2023
# [ok]
