#                                                                            --- full sequence --- -------------- this domain -------------   hmm coord   ali coord   env coord
# target name        accession   tlen query name           accession   qlen   E-value  score  bias   #  of  c-Evalue  i-Evalue  score  bias  from    to  from    to  from    to  acc description of target
#------------------- ---------- ----- -------------------- ---------- ----- --------- ------ ----- --- --- --------- --------- ------ ----- ----- ----- ----- ----- ----- ----- ---- ---------------------
2634_g               -            453 16452at5794          -            403    8e-217  718.0   2.3   1   1  9.7e-220  9.2e-217  717.8   2.3     1   403     1   446     1   446 0.93 -
4133_g               -            446 16452at5794          -            403   5.7e-89  297.0   0.0   1   1   7.1e-92   6.8e-89  296.7   0.0     3   397     2   424     1   433 0.86 -
3464_g               -            451 16452at5794          -            403   5.4e-69  231.2   0.0   1   1   7.2e-72   6.8e-69  230.8   0.0     3   375     2   416     1   446 0.84 -
3733_g               -           1117 16452at5794          -            403     4e-60  202.0   2.2   1   3      0.13   1.3e+02   -0.6   0.3   155   222   124   193   110   217 0.77 -
3733_g               -           1117 16452at5794          -            403     4e-60  202.0   2.2   2   3       1.9   1.8e+03   -4.4   0.6   363   394   263   294   251   300 0.74 -
3733_g               -           1117 16452at5794          -            403     4e-60  202.0   2.2   3   3   1.1e-62   1.1e-59  200.5   0.0    18   375   680  1079   672  1109 0.83 -
1402_g               -            508 16452at5794          -            403   8.7e-59  197.6   8.0   1   1   1.3e-61   1.2e-58  197.1   8.0     1   369     1   411     1   440 0.78 -
4019_g               -            669 16452at5794          -            403   4.6e-30  103.0   2.5   1   3     1e-05    0.0096   13.0   0.0     5    45     3    44     1    51 0.73 -
4019_g               -            669 16452at5794          -            403   4.6e-30  103.0   2.5   2   3    0.0043       4.1    4.3   0.0    51    69    81    99    66   107 0.87 -
4019_g               -            669 16452at5794          -            403   4.6e-30  103.0   2.5   3   3   5.8e-27   5.5e-24   83.0   1.2    77   281   211   433   205   439 0.82 -
#
# Program:         hmmsearch
# Version:         3.1b2 (February 2015)
# Pipeline mode:   SEARCH
# Query file:      /mnt/e/Bioinformatics/Semester2/BINP29/Malaria Project/Genomes/Parsed/busco_downloads/lineages/apicomplexa_odb10/hmms/16452at5794.hmm
# Target file:     /mnt/e/Bioinformatics/Semester2/BINP29/Malaria Project/Genomes/Parsed/Pv_new.faa
# Option settings: hmmsearch --domtblout /mnt/e/Bioinformatics/Semester2/BINP29/Malaria Project/Genomes/Parsed/Pv/run_apicomplexa_odb10/hmmer_output/initial_run_results/16452at5794.out --cpu 1 /mnt/e/Bioinformatics/Semester2/BINP29/Malaria Project/Genomes/Parsed/busco_downloads/lineages/apicomplexa_odb10/hmms/16452at5794.hmm /mnt/e/Bioinformatics/Semester2/BINP29/Malaria Project/Genomes/Parsed/Pv_new.faa 
# Current dir:     /mnt/e/Bioinformatics/Semester2/BINP29/Malaria Project/Genomes/Parsed
# Date:            Wed Mar  1 19:31:23 2023
# [ok]
