#                                                                            --- full sequence --- -------------- this domain -------------   hmm coord   ali coord   env coord
# target name        accession   tlen query name           accession   qlen   E-value  score  bias   #  of  c-Evalue  i-Evalue  score  bias  from    to  from    to  from    to  acc description of target
#------------------- ---------- ----- -------------------- ---------- ----- --------- ------ ----- --- --- --------- --------- ------ ----- ----- ----- ----- ----- ----- ----- ---- ---------------------
2633_g               -            257 17044at5794          -            187   3.9e-78  259.8   8.0   1   2   5.3e-37     3e-34  116.7   1.9     1    96     5   118     5   135 0.85 -
2633_g               -            257 17044at5794          -            187   3.9e-78  259.8   8.0   2   2   6.9e-44   3.9e-41  139.2   0.5    96   180   151   235   149   247 0.92 -
4002_g               -            283 17044at5794          -            187   2.1e-16   58.6   0.6   1   2   3.2e-10   1.8e-07   29.4   0.0     2    65    26    90    25    94 0.91 -
4002_g               -            283 17044at5794          -            187   2.1e-16   58.6   0.6   2   2   1.3e-09   7.3e-07   27.4   0.1   110   168   208   266   193   280 0.90 -
4163_g               -            274 17044at5794          -            187   2.6e-15   55.0   3.3   1   1   4.1e-17   2.3e-14   51.9   3.3     5   184    62   264    59   267 0.82 -
987_g                -            271 17044at5794          -            187   1.8e-11   42.5   0.0   1   1   7.5e-13   4.3e-10   38.0   0.0     4   177    40   231    38   238 0.79 -
464_g                -            247 17044at5794          -            187     1e-06   27.0   0.1   1   1   1.6e-08     9e-06   23.9   0.1     4   180    30   230    27   235 0.79 -
2779_g               -            257 17044at5794          -            187   2.5e-06   25.7   0.1   1   2   0.00052       0.3    9.2   0.0     5    62    34    91    30   110 0.82 -
2779_g               -            257 17044at5794          -            187   2.5e-06   25.7   0.1   2   2   9.1e-06    0.0052   14.9   0.0   104   171   162   228   107   237 0.76 -
124_g                -            242 17044at5794          -            187   8.5e-06   24.0   0.2   1   1   2.9e-08   1.7e-05   23.0   0.2     4    68    37   102    34   234 0.92 -
1077_g               -            196 17044at5794          -            187   0.00013   20.1   1.7   1   1   4.4e-07   0.00025   19.2   1.7     8   149     4   167     2   194 0.73 -
2281_g               -            208 17044at5794          -            187   0.00024   19.2   0.1   1   1   3.9e-06    0.0022   16.1   0.1     5   148    37   190    34   204 0.61 -
5269_g               -            258 17044at5794          -            187     0.047   11.8   0.0   1   1   0.00015     0.086   10.9   0.0     4    69    41   107    38   113 0.78 -
#
# Program:         hmmsearch
# Version:         3.1b2 (February 2015)
# Pipeline mode:   SEARCH
# Query file:      /mnt/e/Bioinformatics/Semester2/BINP29/Malaria Project/Genomes/Parsed/busco_downloads/lineages/apicomplexa_odb10/hmms/17044at5794.hmm
# Target file:     /mnt/e/Bioinformatics/Semester2/BINP29/Malaria Project/Genomes/Parsed/Pv_new.faa
# Option settings: hmmsearch --domtblout /mnt/e/Bioinformatics/Semester2/BINP29/Malaria Project/Genomes/Parsed/Pv/run_apicomplexa_odb10/hmmer_output/initial_run_results/17044at5794.out --cpu 1 /mnt/e/Bioinformatics/Semester2/BINP29/Malaria Project/Genomes/Parsed/busco_downloads/lineages/apicomplexa_odb10/hmms/17044at5794.hmm /mnt/e/Bioinformatics/Semester2/BINP29/Malaria Project/Genomes/Parsed/Pv_new.faa 
# Current dir:     /mnt/e/Bioinformatics/Semester2/BINP29/Malaria Project/Genomes/Parsed
# Date:            Wed Mar  1 19:31:24 2023
# [ok]
