#                                                                            --- full sequence --- -------------- this domain -------------   hmm coord   ali coord   env coord
# target name        accession   tlen query name           accession   qlen   E-value  score  bias   #  of  c-Evalue  i-Evalue  score  bias  from    to  from    to  from    to  acc description of target
#------------------- ---------- ----- -------------------- ---------- ----- --------- ------ ----- --- --- --------- --------- ------ ----- ----- ----- ----- ----- ----- ----- ---- ---------------------
3280_g               -            319 19637at5794          -            240  2.2e-120  398.8   1.0   1   1  7.8e-123  3.2e-120  398.3   1.0     1   240    34   310    34   310 0.91 -
3594_g               -            302 19637at5794          -            240   1.2e-23   82.2   3.1   1   4   0.00012     0.051   11.3   0.1     2    33    13    44    12    52 0.91 -
3594_g               -            302 19637at5794          -            240   1.2e-23   82.2   3.1   2   4   5.6e-08   2.3e-05   22.3   0.0   117   153    50    86    41   104 0.82 -
3594_g               -            302 19637at5794          -            240   1.2e-23   82.2   3.1   3   4   3.4e-12   1.4e-09   36.1   0.1    87   208   123   260   110   261 0.69 -
3594_g               -            302 19637at5794          -            240   1.2e-23   82.2   3.1   4   4   4.1e-05     0.017   12.9   0.0   118   152   251   285   246   300 0.84 -
5670_g               -            331 19637at5794          -            240   1.9e-23   81.4   3.2   1   4   0.00015     0.061   11.1   0.1     2    33    19    50    18    56 0.91 -
5670_g               -            331 19637at5794          -            240   1.9e-23   81.4   3.2   2   4   7.1e-08   2.9e-05   21.9   0.0   117   153    56    92    50   110 0.82 -
5670_g               -            331 19637at5794          -            240   1.9e-23   81.4   3.2   3   4   3.8e-12   1.6e-09   35.9   0.1    86   208   128   266   111   267 0.69 -
5670_g               -            331 19637at5794          -            240   1.9e-23   81.4   3.2   4   4   3.7e-05     0.015   13.0   0.0   118   152   257   291   250   308 0.82 -
327_g                -            495 19637at5794          -            240   7.5e-17   59.9   0.2   1   3    0.0036       1.5    6.5   0.0   164   197    13    46     6    62 0.84 -
327_g                -            495 19637at5794          -            240   7.5e-17   59.9   0.2   2   3   2.1e-08   8.7e-06   23.7   0.0   110   167   197   254   190   259 0.91 -
327_g                -            495 19637at5794          -            240   7.5e-17   59.9   0.2   3   3   3.5e-08   1.4e-05   23.0   0.1     4   165   299   487   296   494 0.65 -
3748_g               -           1120 19637at5794          -            240   2.3e-13   48.5   0.3   1   3     0.028        11    3.6   0.0   173   197    41    65    28    81 0.69 -
3748_g               -           1120 19637at5794          -            240   2.3e-13   48.5   0.3   2   3   2.2e-06    0.0009   17.1   0.1     7    62   752   812   747   824 0.82 -
3748_g               -           1120 19637at5794          -            240   2.3e-13   48.5   0.3   3   3   2.4e-08   9.7e-06   23.5   0.0     2    60  1031  1095  1030  1116 0.76 -
3784_g               -            516 19637at5794          -            240   3.9e-13   47.7   2.9   1   3   8.8e-06    0.0036   15.1   0.1     5    56    97   150    92   167 0.67 -
3784_g               -            516 19637at5794          -            240   3.9e-13   47.7   2.9   2   3   8.8e-08   3.6e-05   21.6   0.0     2    70   220   293   219   306 0.85 -
3784_g               -            516 19637at5794          -            240   3.9e-13   47.7   2.9   3   3    0.0007      0.28    8.9   0.1   174   208   423   457   411   498 0.84 -
2098_g               -            607 19637at5794          -            240   5.5e-12   44.0   3.5   1   4   0.00021     0.086   10.6   0.0    10    77    58   131    53   145 0.69 -
2098_g               -            607 19637at5794          -            240   5.5e-12   44.0   3.5   2   4     0.024       9.9    3.8   0.1   168   203   246   281   239   314 0.74 -
2098_g               -            607 19637at5794          -            240   5.5e-12   44.0   3.5   3   4   0.00095      0.38    8.4   0.0   119   149   448   478   430   492 0.87 -
2098_g               -            607 19637at5794          -            240   5.5e-12   44.0   3.5   4   4   6.6e-07   0.00027   18.8   0.1     1    61   523   586   523   599 0.83 -
2218_g               -            307 19637at5794          -            240   1.8e-10   39.0   0.2   1   3    0.0036       1.5    6.5   0.0   169   232     5    70     1    78 0.74 -
2218_g               -            307 19637at5794          -            240   1.8e-10   39.0   0.2   2   3   1.2e-06   0.00049   17.9   0.0     2    71    94   164    93   186 0.86 -
2218_g               -            307 19637at5794          -            240   1.8e-10   39.0   0.2   3   3   0.00014     0.057   11.2   0.0    85   149   224   286   216   300 0.68 -
5677_g               -            336 19637at5794          -            240   2.2e-10   38.7   0.3   1   3    0.0036       1.5    6.5   0.0   169   232    11    76     5    84 0.74 -
5677_g               -            336 19637at5794          -            240   2.2e-10   38.7   0.3   2   3   1.4e-06   0.00057   17.7   0.0     2    71   100   170    99   192 0.86 -
5677_g               -            336 19637at5794          -            240   2.2e-10   38.7   0.3   3   3   0.00015     0.062   11.0   0.0    85   149   230   292   222   310 0.69 -
1421_g               -            324 19637at5794          -            240   2.7e-09   35.1   4.0   1   3   1.8e-06   0.00072   17.4   0.1     4    81    34   116    31   123 0.78 -
1421_g               -            324 19637at5794          -            240   2.7e-09   35.1   4.0   2   3   0.00057      0.23    9.2   0.1    10    74   138   209   132   228 0.60 -
1421_g               -            324 19637at5794          -            240   2.7e-09   35.1   4.0   3   3    0.0078       3.2    5.4   0.1     2    77   234   306   233   315 0.71 -
2380_g               -            212 19637at5794          -            240   4.9e-08   31.0   5.8   1   3   0.00016     0.064   11.0   0.1   170   213     7    50     3    65 0.84 -
2380_g               -            212 19637at5794          -            240   4.9e-08   31.0   5.8   2   3   2.8e-05     0.011   13.4   0.4   169   229    87   151    78   162 0.60 -
2380_g               -            212 19637at5794          -            240   4.9e-08   31.0   5.8   3   3     0.005         2    6.1   0.1     3    25   184   206   182   210 0.90 -
2718_g               -            333 19637at5794          -            240   2.1e-07   28.9   0.1   1   3     0.058        24    2.6   0.0     7    32    32    57    25    62 0.76 -
2718_g               -            333 19637at5794          -            240   2.1e-07   28.9   0.1   2   3       3.8   1.6e+03   -3.4   0.0    34    52    80    98    77   109 0.71 -
2718_g               -            333 19637at5794          -            240   2.1e-07   28.9   0.1   3   3   4.4e-08   1.8e-05   22.6   0.0     2   164   150   330   149   332 0.71 -
2864_g               -           1525 19637at5794          -            240   5.9e-07   27.5   6.6   1   4    0.0039       1.6    6.4   0.1   169   202    11    44     5    56 0.78 -
2864_g               -           1525 19637at5794          -            240   5.9e-07   27.5   6.6   2   4     0.002      0.83    7.4   0.1     4    78   119   199   115   208 0.72 -
2864_g               -           1525 19637at5794          -            240   5.9e-07   27.5   6.6   3   4   0.00028      0.11   10.2   0.0     1    31   218   248   218   261 0.90 -
2864_g               -           1525 19637at5794          -            240   5.9e-07   27.5   6.6   4   4       1.4   5.6e+02   -1.9   0.0   123   145   336   358   330   364 0.55 -
2714_g               -            419 19637at5794          -            240   0.00012   19.9   0.2   1   2   4.7e-05     0.019   12.7   0.0   120   153    62    95    53    99 0.84 -
2714_g               -            419 19637at5794          -            240   0.00012   19.9   0.2   2   2      0.01       4.2    5.1   0.1    41    96   246   302   208   320 0.75 -
#
# Program:         hmmsearch
# Version:         3.1b2 (February 2015)
# Pipeline mode:   SEARCH
# Query file:      /mnt/e/Bioinformatics/Semester2/BINP29/Malaria Project/Genomes/Parsed/busco_downloads/lineages/apicomplexa_odb10/hmms/19637at5794.hmm
# Target file:     /mnt/e/Bioinformatics/Semester2/BINP29/Malaria Project/Genomes/Parsed/Pv_new.faa
# Option settings: hmmsearch --domtblout /mnt/e/Bioinformatics/Semester2/BINP29/Malaria Project/Genomes/Parsed/Pv/run_apicomplexa_odb10/hmmer_output/initial_run_results/19637at5794.out --cpu 1 /mnt/e/Bioinformatics/Semester2/BINP29/Malaria Project/Genomes/Parsed/busco_downloads/lineages/apicomplexa_odb10/hmms/19637at5794.hmm /mnt/e/Bioinformatics/Semester2/BINP29/Malaria Project/Genomes/Parsed/Pv_new.faa 
# Current dir:     /mnt/e/Bioinformatics/Semester2/BINP29/Malaria Project/Genomes/Parsed
# Date:            Wed Mar  1 19:31:27 2023
# [ok]
