#                                                                            --- full sequence --- -------------- this domain -------------   hmm coord   ali coord   env coord
# target name        accession   tlen query name           accession   qlen   E-value  score  bias   #  of  c-Evalue  i-Evalue  score  bias  from    to  from    to  from    to  acc description of target
#------------------- ---------- ----- -------------------- ---------- ----- --------- ------ ----- --- --- --------- --------- ------ ----- ----- ----- ----- ----- ----- ----- ---- ---------------------
953_g                -            282 20882at5794          -            206   9.5e-79  262.0  16.1   1   2   1.1e-40   1.3e-37  127.7   6.1    13   120    34   160    27   167 0.84 -
953_g                -            282 20882at5794          -            206   9.5e-79  262.0  16.1   2   2   2.8e-44   3.2e-41  139.4   2.3   117   205   184   273   173   280 0.90 -
2392_g               -            331 20882at5794          -            206   1.2e-07   29.8   8.0   1   3      0.34   3.8e+02   -1.3   0.3    99   123    16    43     5    55 0.63 -
2392_g               -            331 20882at5794          -            206   1.2e-07   29.8   8.0   2   3      0.01        12    3.7   0.8    20    64    78   127    65   133 0.63 -
2392_g               -            331 20882at5794          -            206   1.2e-07   29.8   8.0   3   3   1.2e-10   1.4e-07   29.5   0.0   129   188   241   300   234   322 0.86 -
1497_g               -            320 20882at5794          -            206   0.00011   20.0   1.7   1   2      0.29   3.3e+02   -1.1   4.4    38   101    20    88    13   132 0.61 -
1497_g               -            320 20882at5794          -            206   0.00011   20.0   1.7   2   2   9.9e-08   0.00011   20.0   1.7   122   203   220   304   209   307 0.87 -
2031_g               -            208 20882at5794          -            206    0.0012   16.6   3.0   1   2     1e-05     0.011   13.5   0.1   124   185    15    78     5    88 0.83 -
2031_g               -            208 20882at5794          -            206    0.0012   16.6   3.0   2   2     0.013        15    3.3   0.4   151   183   170   202   142   207 0.82 -
999_g                -            398 20882at5794          -            206    0.0021   15.9   1.3   1   2      0.12   1.4e+02    0.1   0.6    54    91    83   124    51   140 0.62 -
999_g                -            398 20882at5794          -            206    0.0021   15.9   1.3   2   2   1.8e-06    0.0021   15.9   1.3   138   202   322   385   300   392 0.79 -
#
# Program:         hmmsearch
# Version:         3.1b2 (February 2015)
# Pipeline mode:   SEARCH
# Query file:      /mnt/e/Bioinformatics/Semester2/BINP29/Malaria Project/Genomes/Parsed/busco_downloads/lineages/apicomplexa_odb10/hmms/20882at5794.hmm
# Target file:     /mnt/e/Bioinformatics/Semester2/BINP29/Malaria Project/Genomes/Parsed/Pv_new.faa
# Option settings: hmmsearch --domtblout /mnt/e/Bioinformatics/Semester2/BINP29/Malaria Project/Genomes/Parsed/Pv/run_apicomplexa_odb10/hmmer_output/initial_run_results/20882at5794.out --cpu 1 /mnt/e/Bioinformatics/Semester2/BINP29/Malaria Project/Genomes/Parsed/busco_downloads/lineages/apicomplexa_odb10/hmms/20882at5794.hmm /mnt/e/Bioinformatics/Semester2/BINP29/Malaria Project/Genomes/Parsed/Pv_new.faa 
# Current dir:     /mnt/e/Bioinformatics/Semester2/BINP29/Malaria Project/Genomes/Parsed
# Date:            Wed Mar  1 19:31:28 2023
# [ok]
