#                                                                            --- full sequence --- -------------- this domain -------------   hmm coord   ali coord   env coord
# target name        accession   tlen query name           accession   qlen   E-value  score  bias   #  of  c-Evalue  i-Evalue  score  bias  from    to  from    to  from    to  acc description of target
#------------------- ---------- ----- -------------------- ---------- ----- --------- ------ ----- --- --- --------- --------- ------ ----- ----- ----- ----- ----- ----- ----- ---- ---------------------
4551_g               -            215 22202at5794          -            186    1e-117  388.8   0.3   1   1  3.8e-120  1.2e-117  388.6   0.3     1   186     8   200     8   200 0.98 -
180_g                -            247 22202at5794          -            186   8.4e-29   98.9   0.9   1   1   3.3e-31     1e-28   98.6   0.9     3   159    55   220    53   244 0.85 -
873_g                -            230 22202at5794          -            186   1.5e-24   85.1   0.1   1   1   5.9e-27   1.8e-24   84.7   0.1     3   171    10   197     8   209 0.80 -
2288_g               -            214 22202at5794          -            186   1.6e-24   85.0   0.1   1   1   6.6e-27   2.1e-24   84.6   0.1     3   161     8   174     6   183 0.89 -
168_g                -            208 22202at5794          -            186     3e-24   84.1   0.2   1   1   1.2e-26   3.6e-24   83.8   0.2     3   157    13   176    11   196 0.85 -
2032_g               -            237 22202at5794          -            186   6.4e-24   83.0   0.6   1   1   2.5e-26   7.7e-24   82.7   0.6     3   156    12   175    10   212 0.85 -
4802_g               -            866 22202at5794          -            186   2.6e-22   77.8   0.3   1   1   1.4e-24   4.4e-22   77.0   0.3     2   158   669   834   668   860 0.83 -
2731_g               -           1429 22202at5794          -            186     4e-21   73.9   1.0   1   2       1.2   3.7e+02   -1.0   0.1     7    21    87   101    83   114 0.78 -
2731_g               -           1429 22202at5794          -            186     4e-21   73.9   1.0   2   2   4.1e-23   1.3e-20   72.2   0.1     3   155  1242  1403  1240  1422 0.87 -
2603_g               -            226 22202at5794          -            186   1.2e-17   62.5   1.1   1   2      0.83   2.6e+02   -0.5   0.0     4    19    12    27    10    35 0.84 -
2603_g               -            226 22202at5794          -            186   1.2e-17   62.5   1.1   2   2   1.1e-19   3.4e-17   61.0   0.5    14   159    47   200    43   219 0.84 -
3110_g               -            246 22202at5794          -            186   1.8e-17   62.0   4.9   1   2   0.00099      0.31    9.0   0.0     2    38     6    42     5    71 0.84 -
3110_g               -            246 22202at5794          -            186   1.8e-17   62.0   4.9   2   2   1.5e-17   4.7e-15   54.1   1.8    46   160   100   217    89   239 0.88 -
3729_g               -            187 22202at5794          -            186   3.7e-16   57.7   0.1   1   1   1.5e-18   4.8e-16   57.3   0.1    48   158    37   158    29   172 0.82 -
1940_g               -            254 22202at5794          -            186   4.9e-16   57.3   0.2   1   1   2.1e-18   6.5e-16   56.9   0.2     3   150    33   188    31   219 0.82 -
3557_g               -            190 22202at5794          -            186     9e-12   43.4   0.1   1   1   3.2e-14     1e-11   43.2   0.1     3   115    26   138    24   189 0.75 -
1348_g               -            186 22202at5794          -            186   5.4e-11   40.8   0.2   1   1   2.3e-13   7.2e-11   40.4   0.2     3   151    17   174    15   181 0.72 -
3613_g               -            179 22202at5794          -            186   2.5e-09   35.4   0.1   1   1   9.5e-12     3e-09   35.2   0.1     3   130    18   145    16   177 0.75 -
3421_g               -            225 22202at5794          -            186   9.2e-06   23.8   0.0   1   2   1.1e-07   3.6e-05   21.9   0.0     5   120    27   142    24   165 0.85 -
3421_g               -            225 22202at5794          -            186   9.2e-06   23.8   0.0   2   2      0.66   2.1e+02   -0.2   0.0    50    74   159   183   145   192 0.75 -
3888_g               -            192 22202at5794          -            186    0.0028   15.7   0.1   1   1   2.2e-05    0.0069   14.4   0.1     3   157    23   182    21   190 0.65 -
601_g                -            453 22202at5794          -            186    0.0036   15.3   0.0   1   2     0.088        28    2.7   0.0     4    24     5    24     2    34 0.78 -
601_g                -            453 22202at5794          -            186    0.0036   15.3   0.0   2   2   0.00058      0.18    9.8   0.0    56    97   164   205   155   217 0.91 -
#
# Program:         hmmsearch
# Version:         3.1b2 (February 2015)
# Pipeline mode:   SEARCH
# Query file:      /mnt/e/Bioinformatics/Semester2/BINP29/Malaria Project/Genomes/Parsed/busco_downloads/lineages/apicomplexa_odb10/hmms/22202at5794.hmm
# Target file:     /mnt/e/Bioinformatics/Semester2/BINP29/Malaria Project/Genomes/Parsed/Pv_new.faa
# Option settings: hmmsearch --domtblout /mnt/e/Bioinformatics/Semester2/BINP29/Malaria Project/Genomes/Parsed/Pv/run_apicomplexa_odb10/hmmer_output/initial_run_results/22202at5794.out --cpu 1 /mnt/e/Bioinformatics/Semester2/BINP29/Malaria Project/Genomes/Parsed/busco_downloads/lineages/apicomplexa_odb10/hmms/22202at5794.hmm /mnt/e/Bioinformatics/Semester2/BINP29/Malaria Project/Genomes/Parsed/Pv_new.faa 
# Current dir:     /mnt/e/Bioinformatics/Semester2/BINP29/Malaria Project/Genomes/Parsed
# Date:            Wed Mar  1 19:31:30 2023
# [ok]
