#                                                                            --- full sequence --- -------------- this domain -------------   hmm coord   ali coord   env coord
# target name        accession   tlen query name           accession   qlen   E-value  score  bias   #  of  c-Evalue  i-Evalue  score  bias  from    to  from    to  from    to  acc description of target
#------------------- ---------- ----- -------------------- ---------- ----- --------- ------ ----- --- --- --------- --------- ------ ----- ----- ----- ----- ----- ----- ----- ---- ---------------------
1909_g               -            338 22709at5794          -            182   1.9e-53  179.1  52.6   1   4    0.0032      0.82    7.5   0.3     2    21    70    89    69    92 0.88 -
1909_g               -            338 22709at5794          -            182   1.9e-53  179.1  52.6   2   4   2.1e-34   5.3e-32  109.1  11.5    12   113    96   202    94   216 0.85 -
1909_g               -            338 22709at5794          -            182   1.9e-53  179.1  52.6   3   4   1.5e-24   3.8e-22   77.0  21.2   106   177   215   287   203   292 0.88 -
1909_g               -            338 22709at5794          -            182   1.9e-53  179.1  52.6   4   4       2.2   5.6e+02   -1.7   1.7   143   157   304   318   290   328 0.72 -
486_g                -            381 22709at5794          -            182   9.4e-10   36.6   3.2   1   3   3.6e-12   9.4e-10   36.6   3.2    27   108    43   127    29   135 0.85 -
486_g                -            381 22709at5794          -            182   9.4e-10   36.6   3.2   2   3         5   1.3e+03   -2.9   0.2   109   127   269   287   246   301 0.55 -
486_g                -            381 22709at5794          -            182   9.4e-10   36.6   3.2   3   3       1.1   2.8e+02   -0.8   0.0     3    48   306   351   304   360 0.72 -
76_g                 -            558 22709at5794          -            182   4.7e-08   31.1   2.2   1   3   1.8e-10   4.7e-08   31.1   2.2    29    89   218   281   199   290 0.85 -
76_g                 -            558 22709at5794          -            182   4.7e-08   31.1   2.2   2   3         2   5.1e+02   -1.6   2.1    86   115   322   351   316   375 0.60 -
76_g                 -            558 22709at5794          -            182   4.7e-08   31.1   2.2   3   3       1.5   3.9e+02   -1.2   1.0    95   123   522   552   486   557 0.61 -
1519_g               -            422 22709at5794          -            182   1.6e-07   29.4   0.3   1   2   6.3e-10   1.6e-07   29.4   0.3    23    90    20    87    11    94 0.86 -
1519_g               -            422 22709at5794          -            182   1.6e-07   29.4   0.3   2   2      0.38        99    0.7   8.9    97   150   357   412   344   421 0.67 -
1409_g               -            407 22709at5794          -            182   2.1e-07   29.0   0.3   1   1   1.5e-09   3.9e-07   28.1   0.3    31    88    83   147    77   155 0.82 -
1728_g               -            382 22709at5794          -            182   2.6e-07   28.7   0.9   1   2     1e-09   2.6e-07   28.7   0.9    28    90    53   118    48   128 0.84 -
1728_g               -            382 22709at5794          -            182   2.6e-07   28.7   0.9   2   2       5.7   1.5e+03   -3.1   0.1   123   140   290   307   287   325 0.75 -
3090_g               -            367 22709at5794          -            182   3.5e-07   28.3   0.7   1   1   2.4e-09   6.3e-07   27.4   0.7    30    89    42   108    33   115 0.80 -
968_g                -            335 22709at5794          -            182   3.8e-07   28.2   0.9   1   1   3.5e-09   9.1e-07   26.9   0.9    26    88    39   106    31   110 0.81 -
5658_g               -            257 22709at5794          -            182   4.1e-07   28.0   1.2   1   2      0.68   1.8e+02   -0.1   0.1    72   108    47    83    42    90 0.70 -
5658_g               -            257 22709at5794          -            182   4.1e-07   28.0   1.2   2   2   4.3e-09   1.1e-06   26.6   0.1    29    89   125   189   115   192 0.82 -
5501_g               -            259 22709at5794          -            182   4.2e-07   28.0   1.2   1   2      0.69   1.8e+02   -0.1   0.1    72   108    40    76    35    83 0.70 -
5501_g               -            259 22709at5794          -            182   4.2e-07   28.0   1.2   2   2   4.4e-09   1.1e-06   26.6   0.1    29    89   118   182   108   185 0.82 -
5656_g               -            266 22709at5794          -            182   4.5e-07   27.9   1.2   1   2      0.72   1.9e+02   -0.2   0.1    72   108    47    83    42    90 0.70 -
5656_g               -            266 22709at5794          -            182   4.5e-07   27.9   1.2   2   2   4.6e-09   1.2e-06   26.5   0.1    29    89   125   189   115   192 0.82 -
1509_g               -            246 22709at5794          -            182   4.6e-07   27.9   0.2   1   1   2.5e-09   6.5e-07   27.4   0.2    29    88     5    69     1   104 0.84 -
5553_g               -            290 22709at5794          -            182   4.7e-07   27.8   1.2   1   2      0.82   2.1e+02   -0.3   0.1    72   108    47    83    42    90 0.70 -
5553_g               -            290 22709at5794          -            182   4.7e-07   27.8   1.2   2   2   5.4e-09   1.4e-06   26.3   0.1    29    89   125   189   115   192 0.82 -
5537_g               -            286 22709at5794          -            182   5.5e-07   27.6   1.2   1   2       0.8   2.1e+02   -0.3   0.1    72   108    47    83    42    90 0.70 -
5537_g               -            286 22709at5794          -            182   5.5e-07   27.6   1.2   2   2   5.3e-09   1.4e-06   26.3   0.1    29    89   125   189   115   192 0.82 -
2612_g               -            844 22709at5794          -            182   8.3e-07   27.0   0.1   1   1     1e-08   2.7e-06   25.4   0.1    29    90   298   363   291   375 0.80 -
2017_g               -            721 22709at5794          -            182   1.8e-06   25.9   0.6   1   2       3.3   8.6e+02   -2.3   0.0    72   108    50    86    47    90 0.68 -
2017_g               -            721 22709at5794          -            182   1.8e-06   25.9   0.6   2   2   2.1e-08   5.5e-06   24.4   0.1    29    89   128   192   118   195 0.82 -
4469_g               -            550 22709at5794          -            182   6.9e-05   20.8   0.1   1   1   8.6e-07   0.00022   19.1   0.1    32    88    36    93    24    98 0.83 -
3874_g               -            379 22709at5794          -            182   0.00016   19.6   0.5   1   3   6.3e-07   0.00016   19.6   0.5    30    88    53   114    50   122 0.82 -
3874_g               -            379 22709at5794          -            182   0.00016   19.6   0.5   2   3      0.11        27    2.6   2.7    95   163   241   310   218   328 0.76 -
3874_g               -            379 22709at5794          -            182   0.00016   19.6   0.5   3   3       6.6   1.7e+03   -3.3   0.4   149   161   343   355   333   358 0.49 -
2882_g               -            649 22709at5794          -            182   0.00078   17.4   0.0   1   1     5e-06    0.0013   16.6   0.0    28    89    82   146    73   152 0.85 -
4630_g               -            639 22709at5794          -            182   0.00087   17.2   0.1   1   1   9.1e-06    0.0023   15.8   0.1    38    75   594   632   557   637 0.66 -
285_g                -            178 22709at5794          -            182     0.005   14.7   2.4   1   2   4.1e-05     0.011   13.6   0.1    29    63     7    43     4    49 0.80 -
285_g                -            178 22709at5794          -            182     0.005   14.7   2.4   2   2      0.33        85    0.9   0.3    60    84    89   113    63   138 0.58 -
1656_g               -            384 22709at5794          -            182      0.14   10.0  17.3   1   3   0.00066      0.17    9.7   0.0    32    61    21    50    12    58 0.83 -
1656_g               -            384 22709at5794          -            182      0.14   10.0  17.3   2   3   0.00064      0.17    9.8   2.4    64   103    82   121    77   170 0.73 -
1656_g               -            384 22709at5794          -            182      0.14   10.0  17.3   3   3       2.5   6.6e+02   -2.0   0.0    11    48   261   298   251   315 0.67 -
#
# Program:         hmmsearch
# Version:         3.1b2 (February 2015)
# Pipeline mode:   SEARCH
# Query file:      /mnt/e/Bioinformatics/Semester2/BINP29/Malaria Project/Genomes/Parsed/busco_downloads/lineages/apicomplexa_odb10/hmms/22709at5794.hmm
# Target file:     /mnt/e/Bioinformatics/Semester2/BINP29/Malaria Project/Genomes/Parsed/Pv_new.faa
# Option settings: hmmsearch --domtblout /mnt/e/Bioinformatics/Semester2/BINP29/Malaria Project/Genomes/Parsed/Pv/run_apicomplexa_odb10/hmmer_output/initial_run_results/22709at5794.out --cpu 1 /mnt/e/Bioinformatics/Semester2/BINP29/Malaria Project/Genomes/Parsed/busco_downloads/lineages/apicomplexa_odb10/hmms/22709at5794.hmm /mnt/e/Bioinformatics/Semester2/BINP29/Malaria Project/Genomes/Parsed/Pv_new.faa 
# Current dir:     /mnt/e/Bioinformatics/Semester2/BINP29/Malaria Project/Genomes/Parsed
# Date:            Wed Mar  1 19:31:31 2023
# [ok]
