#                                                                            --- full sequence --- -------------- this domain -------------   hmm coord   ali coord   env coord
# target name        accession   tlen query name           accession   qlen   E-value  score  bias   #  of  c-Evalue  i-Evalue  score  bias  from    to  from    to  from    to  acc description of target
#------------------- ---------- ----- -------------------- ---------- ----- --------- ------ ----- --- --- --------- --------- ------ ----- ----- ----- ----- ----- ----- ----- ---- ---------------------
4137_g               -            504 22905at5794          -            194     6e-93  308.2   0.5   1   1   1.4e-95   9.7e-93  307.5   0.5     1   193    10   224    10   225 0.90 -
3388_g               -            232 22905at5794          -            194   1.1e-29  101.7   1.9   1   1     2e-31   1.4e-28   98.1   1.9    16   186     3   199     1   205 0.80 -
2692_g               -            374 22905at5794          -            194     1e-17   62.7   2.5   1   3   2.7e-11   1.9e-08   32.5   0.3    21    84   106   182    94   191 0.65 -
2692_g               -            374 22905at5794          -            194     1e-17   62.7   2.5   2   3   1.6e-06    0.0012   16.9   0.0    64   134   239   312   207   316 0.72 -
2692_g               -            374 22905at5794          -            194     1e-17   62.7   2.5   3   3    0.0001     0.073   11.0   0.0   161   190   317   346   314   350 0.90 -
3353_g               -            260 22905at5794          -            194   1.4e-15   55.7   0.6   1   3   1.9e-06    0.0013   16.7   0.0    17    62     5    50     1    61 0.85 -
3353_g               -            260 22905at5794          -            194   1.4e-15   55.7   0.6   2   3   2.7e-10   1.9e-07   29.2   0.0    56   138    63   150    59   163 0.83 -
3353_g               -            260 22905at5794          -            194   1.4e-15   55.7   0.6   3   3    0.0019       1.3    6.9   0.0   153   186   190   226   184   236 0.80 -
4003_g               -            269 22905at5794          -            194   4.2e-08   31.4   0.0   1   1   9.7e-11   6.9e-08   30.7   0.0    31   123    71   168    51   228 0.78 -
4377_g               -            897 22905at5794          -            194     3e-06   25.3   0.2   1   3    0.0029       2.1    6.3   0.0    14    57   413   456   403   476 0.81 -
4377_g               -            897 22905at5794          -            194     3e-06   25.3   0.2   2   3   1.1e-05    0.0077   14.2   0.0    64   106   505   547   490   551 0.81 -
4377_g               -            897 22905at5794          -            194     3e-06   25.3   0.2   3   3      0.19   1.4e+02    0.3   0.1   153   191   797   836   793   840 0.77 -
2381_g               -            337 22905at5794          -            194      0.04   11.9   0.6   1   1    0.0014         1    7.3   0.6    18    68    48    92    36   188 0.55 -
1920_g               -           1866 22905at5794          -            194      0.21    9.5   4.3   1   4       3.2   2.3e+03   -3.7   0.0   110   136   246   273   238   275 0.76 -
1920_g               -           1866 22905at5794          -            194      0.21    9.5   4.3   2   4      0.59   4.2e+02   -1.3   0.1    41    90  1525  1574  1517  1577 0.84 -
1920_g               -           1866 22905at5794          -            194      0.21    9.5   4.3   3   4    0.0025       1.8    6.5   0.0    15    64  1607  1656  1602  1662 0.88 -
1920_g               -           1866 22905at5794          -            194      0.21    9.5   4.3   4   4     0.048        34    2.3   0.1    75   139  1744  1811  1722  1820 0.75 -
#
# Program:         hmmsearch
# Version:         3.1b2 (February 2015)
# Pipeline mode:   SEARCH
# Query file:      /mnt/e/Bioinformatics/Semester2/BINP29/Malaria Project/Genomes/Parsed/busco_downloads/lineages/apicomplexa_odb10/hmms/22905at5794.hmm
# Target file:     /mnt/e/Bioinformatics/Semester2/BINP29/Malaria Project/Genomes/Parsed/Pv_new.faa
# Option settings: hmmsearch --domtblout /mnt/e/Bioinformatics/Semester2/BINP29/Malaria Project/Genomes/Parsed/Pv/run_apicomplexa_odb10/hmmer_output/initial_run_results/22905at5794.out --cpu 1 /mnt/e/Bioinformatics/Semester2/BINP29/Malaria Project/Genomes/Parsed/busco_downloads/lineages/apicomplexa_odb10/hmms/22905at5794.hmm /mnt/e/Bioinformatics/Semester2/BINP29/Malaria Project/Genomes/Parsed/Pv_new.faa 
# Current dir:     /mnt/e/Bioinformatics/Semester2/BINP29/Malaria Project/Genomes/Parsed
# Date:            Wed Mar  1 19:31:32 2023
# [ok]
