#                                                                            --- full sequence --- -------------- this domain -------------   hmm coord   ali coord   env coord
# target name        accession   tlen query name           accession   qlen   E-value  score  bias   #  of  c-Evalue  i-Evalue  score  bias  from    to  from    to  from    to  acc description of target
#------------------- ---------- ----- -------------------- ---------- ----- --------- ------ ----- --- --- --------- --------- ------ ----- ----- ----- ----- ----- ----- ----- ---- ---------------------
3381_g               -            276 22915at5794          -            223  2.4e-107  355.6   1.3   1   2       0.4   7.6e+02   -2.5   0.0     1    10     3    12     3    19 0.83 -
3381_g               -            276 22915at5794          -            223  2.4e-107  355.6   1.3   2   2  1.5e-110  2.9e-107  355.3   0.3     6   223    36   275    32   275 0.94 -
2086_g               -            546 22915at5794          -            223   4.6e-09   34.2   0.6   1   2     8e-07    0.0015   16.2   0.0    58   127   158   231   129   250 0.79 -
2086_g               -            546 22915at5794          -            223   4.6e-09   34.2   0.6   2   2   1.4e-06    0.0027   15.4   0.2    72   170   339   443   330   503 0.84 -
4667_g               -            510 22915at5794          -            223   3.9e-06   24.6   5.8   1   4   0.00016      0.31    8.6   0.0   110   149    77   116    68   141 0.77 -
4667_g               -            510 22915at5794          -            223   3.9e-06   24.6   5.8   2   4   4.8e-05     0.091   10.4   0.2    64   167   195   303   181   312 0.83 -
4667_g               -            510 22915at5794          -            223   3.9e-06   24.6   5.8   3   4    0.0018       3.4    5.2   0.1    73   167   288   389   277   395 0.62 -
4667_g               -            510 22915at5794          -            223   3.9e-06   24.6   5.8   4   4     0.044        83    0.7   0.0    68    95   445   472   393   503 0.73 -
#
# Program:         hmmsearch
# Version:         3.1b2 (February 2015)
# Pipeline mode:   SEARCH
# Query file:      /mnt/e/Bioinformatics/Semester2/BINP29/Malaria Project/Genomes/Parsed/busco_downloads/lineages/apicomplexa_odb10/hmms/22915at5794.hmm
# Target file:     /mnt/e/Bioinformatics/Semester2/BINP29/Malaria Project/Genomes/Parsed/Pv_new.faa
# Option settings: hmmsearch --domtblout /mnt/e/Bioinformatics/Semester2/BINP29/Malaria Project/Genomes/Parsed/Pv/run_apicomplexa_odb10/hmmer_output/initial_run_results/22915at5794.out --cpu 1 /mnt/e/Bioinformatics/Semester2/BINP29/Malaria Project/Genomes/Parsed/busco_downloads/lineages/apicomplexa_odb10/hmms/22915at5794.hmm /mnt/e/Bioinformatics/Semester2/BINP29/Malaria Project/Genomes/Parsed/Pv_new.faa 
# Current dir:     /mnt/e/Bioinformatics/Semester2/BINP29/Malaria Project/Genomes/Parsed
# Date:            Wed Mar  1 19:31:32 2023
# [ok]
