#                                                                            --- full sequence --- -------------- this domain -------------   hmm coord   ali coord   env coord
# target name        accession   tlen query name           accession   qlen   E-value  score  bias   #  of  c-Evalue  i-Evalue  score  bias  from    to  from    to  from    to  acc description of target
#------------------- ---------- ----- -------------------- ---------- ----- --------- ------ ----- --- --- --------- --------- ------ ----- ----- ----- ----- ----- ----- ----- ---- ---------------------
2049_g               -            406 23515at5794          -            218   1.1e-90  301.3  28.6   1   2   1.1e-08   1.2e-05   23.2   8.0     6    88    53   147    47   178 0.71 -
2049_g               -            406 23515at5794          -            218   1.1e-90  301.3  28.6   2   2     1e-87   1.2e-84  281.6  12.6    48   218   220   405   206   405 0.91 -
3157_g               -            107 23515at5794          -            218   8.8e-11   40.0   0.8   1   1   7.7e-14   8.8e-11   40.0   0.8   171   217    60   105    53   106 0.90 -
4643_g               -           1518 23515at5794          -            218   1.6e-07   29.4   1.7   1   2       1.5   1.7e+03   -3.4   1.0    80   131    58   110    54   136 0.58 -
4643_g               -           1518 23515at5794          -            218   1.6e-07   29.4   1.7   2   2   1.4e-10   1.6e-07   29.4   1.7    76   158  1229  1310  1212  1315 0.87 -
3277_g               -           1116 23515at5794          -            218   0.00088   17.2   5.4   1   1   2.5e-06    0.0028   15.5   5.4    26   154   209   340   193   377 0.87 -
2958_g               -            241 23515at5794          -            218    0.0043   14.9   1.3   1   1     6e-06    0.0068   14.2   1.3   156   198   192   233   186   236 0.90 -
#
# Program:         hmmsearch
# Version:         3.1b2 (February 2015)
# Pipeline mode:   SEARCH
# Query file:      /mnt/e/Bioinformatics/Semester2/BINP29/Malaria Project/Genomes/Parsed/busco_downloads/lineages/apicomplexa_odb10/hmms/23515at5794.hmm
# Target file:     /mnt/e/Bioinformatics/Semester2/BINP29/Malaria Project/Genomes/Parsed/Pv_new.faa
# Option settings: hmmsearch --domtblout /mnt/e/Bioinformatics/Semester2/BINP29/Malaria Project/Genomes/Parsed/Pv/run_apicomplexa_odb10/hmmer_output/initial_run_results/23515at5794.out --cpu 1 /mnt/e/Bioinformatics/Semester2/BINP29/Malaria Project/Genomes/Parsed/busco_downloads/lineages/apicomplexa_odb10/hmms/23515at5794.hmm /mnt/e/Bioinformatics/Semester2/BINP29/Malaria Project/Genomes/Parsed/Pv_new.faa 
# Current dir:     /mnt/e/Bioinformatics/Semester2/BINP29/Malaria Project/Genomes/Parsed
# Date:            Wed Mar  1 19:31:33 2023
# [ok]
