#                                                                            --- full sequence --- -------------- this domain -------------   hmm coord   ali coord   env coord
# target name        accession   tlen query name           accession   qlen   E-value  score  bias   #  of  c-Evalue  i-Evalue  score  bias  from    to  from    to  from    to  acc description of target
#------------------- ---------- ----- -------------------- ---------- ----- --------- ------ ----- --- --- --------- --------- ------ ----- ----- ----- ----- ----- ----- ----- ---- ---------------------
3835_g               -            160 25624at5794          -            158  1.9e-103  341.0   0.2   1   1  5.3e-106  2.1e-103  340.9   0.2     1   158     2   159     2   159 1.00 -
2084_g               -            165 25624at5794          -            158   4.4e-38  128.7   0.0   1   1   1.4e-40   5.8e-38  128.3   0.0     2   150     4   144     3   150 0.94 -
4252_g               -            161 25624at5794          -            158     4e-33  112.5   0.1   1   1   1.2e-35     5e-33  112.2   0.1     2   147     4   141     3   148 0.95 -
1436_g               -            148 25624at5794          -            158   1.3e-29  101.1   0.1   1   1   4.2e-32   1.7e-29  100.7   0.1     3   149     2   140     1   146 0.93 -
3893_g               -            159 25624at5794          -            158   5.3e-27   92.6   0.1   1   1   2.6e-29   1.1e-26   91.6   0.1     2   146     4   155     3   158 0.89 -
443_g                -            203 25624at5794          -            158   8.4e-25   85.5   0.1   1   1     3e-27   1.2e-24   85.0   0.1    33   143    34   143    23   155 0.91 -
39_g                 -            153 25624at5794          -            158   1.8e-22   77.9   0.0   1   1   5.1e-25   2.1e-22   77.7   0.0     6   145     6   137     2   148 0.84 -
697_g                -            153 25624at5794          -            158   2.3e-16   58.1   0.1   1   1   6.5e-19   2.6e-16   57.9   0.1    34   134    27   126    10   148 0.91 -
2413_g               -            187 25624at5794          -            158   2.3e-15   54.8   0.1   1   1   7.6e-18   3.1e-15   54.4   0.1    48   144    85   179    71   183 0.91 -
3621_g               -            312 25624at5794          -            158   2.7e-15   54.6   0.3   1   2   1.1e-17   4.6e-15   53.8   0.0    43   148    37   142     7   148 0.88 -
3621_g               -            312 25624at5794          -            158   2.7e-15   54.6   0.3   2   2       5.2   2.1e+03   -3.6   0.1   121   150   252   281   250   286 0.61 -
1737_g               -            302 25624at5794          -            158   3.5e-14   51.0   0.2   1   2      0.55   2.2e+02   -0.4   0.0    74   106    51    83    40   130 0.64 -
1737_g               -            302 25624at5794          -            158   3.5e-14   51.0   0.2   2   2   4.5e-16   1.8e-13   48.6   0.2    39   124   186   270   158   284 0.90 -
832_g                -            216 25624at5794          -            158   1.7e-13   48.7   0.1   1   1   6.5e-16   2.6e-13   48.1   0.1    33   123    96   185    72   198 0.89 -
4378_g               -            169 25624at5794          -            158   1.2e-11   42.7   0.0   1   1   3.6e-14   1.5e-11   42.5   0.0    34   129    66   162    51   168 0.90 -
2398_g               -            625 25624at5794          -            158   4.3e-06   24.7   0.1   1   1     2e-08   8.2e-06   23.8   0.1    50   149   209   311   195   319 0.84 -
#
# Program:         hmmsearch
# Version:         3.1b2 (February 2015)
# Pipeline mode:   SEARCH
# Query file:      /mnt/e/Bioinformatics/Semester2/BINP29/Malaria Project/Genomes/Parsed/busco_downloads/lineages/apicomplexa_odb10/hmms/25624at5794.hmm
# Target file:     /mnt/e/Bioinformatics/Semester2/BINP29/Malaria Project/Genomes/Parsed/Pv_new.faa
# Option settings: hmmsearch --domtblout /mnt/e/Bioinformatics/Semester2/BINP29/Malaria Project/Genomes/Parsed/Pv/run_apicomplexa_odb10/hmmer_output/initial_run_results/25624at5794.out --cpu 1 /mnt/e/Bioinformatics/Semester2/BINP29/Malaria Project/Genomes/Parsed/busco_downloads/lineages/apicomplexa_odb10/hmms/25624at5794.hmm /mnt/e/Bioinformatics/Semester2/BINP29/Malaria Project/Genomes/Parsed/Pv_new.faa 
# Current dir:     /mnt/e/Bioinformatics/Semester2/BINP29/Malaria Project/Genomes/Parsed
# Date:            Wed Mar  1 19:31:36 2023
# [ok]
