#                                                                            --- full sequence --- -------------- this domain -------------   hmm coord   ali coord   env coord
# target name        accession   tlen query name           accession   qlen   E-value  score  bias   #  of  c-Evalue  i-Evalue  score  bias  from    to  from    to  from    to  acc description of target
#------------------- ---------- ----- -------------------- ---------- ----- --------- ------ ----- --- --- --------- --------- ------ ----- ----- ----- ----- ----- ----- ----- ---- ---------------------
318_g                -           1030 26728at5794          -            144   3.5e-61  203.3  11.9   1   1   2.3e-63   9.2e-61  201.9  11.9     1   144     1   157     1   157 0.95 -
3631_g               -           1756 26728at5794          -            144   1.4e-17   61.9  36.6   1   4       4.1   1.7e+03   -3.2   0.0    11    34   176   199   170   203 0.81 -
3631_g               -           1756 26728at5794          -            144   1.4e-17   61.9  36.6   2   4   7.9e-10   3.2e-07   28.3  15.1     5   101  1468  1562  1463  1570 0.91 -
3631_g               -           1756 26728at5794          -            144   1.4e-17   61.9  36.6   3   4   5.7e-11   2.3e-08   32.0   2.8     6    95  1557  1645  1555  1648 0.95 -
3631_g               -           1756 26728at5794          -            144   1.4e-17   61.9  36.6   4   4   2.1e-05    0.0085   14.0   5.5    27   122  1646  1725  1643  1743 0.50 -
1571_g               -           1550 26728at5794          -            144   1.6e-15   55.2  64.6   1   8     0.043        18    3.2   4.9    32   116    75   155    54   160 0.80 -
1571_g               -           1550 26728at5794          -            144   1.6e-15   55.2  64.6   2   8   5.8e-10   2.4e-07   28.7   2.9    30   142   162   283   154   285 0.78 -
1571_g               -           1550 26728at5794          -            144   1.6e-15   55.2  64.6   3   8      0.23        92    0.9   0.1    77    95   857   875   835   891 0.79 -
1571_g               -           1550 26728at5794          -            144   1.6e-15   55.2  64.6   4   8      0.25     1e+02    0.8   0.0    81   119   911   951   884   977 0.70 -
1571_g               -           1550 26728at5794          -            144   1.6e-15   55.2  64.6   5   8     0.054        22    2.9   1.2    77   101  1033  1057  1031  1081 0.79 -
1571_g               -           1550 26728at5794          -            144   1.6e-15   55.2  64.6   6   8     0.004       1.6    6.6  10.1    16   139  1062  1188  1058  1193 0.79 -
1571_g               -           1550 26728at5794          -            144   1.6e-15   55.2  64.6   7   8     1e-05     0.004   15.0   0.2    15    67  1218  1273  1213  1281 0.87 -
1571_g               -           1550 26728at5794          -            144   1.6e-15   55.2  64.6   8   8   4.2e-08   1.7e-05   22.7   5.0    23   129  1307  1412  1300  1425 0.79 -
1255_g               -            362 26728at5794          -            144   4.7e-11   40.7  30.8   1   3   1.5e-05    0.0062   14.4   6.1    13    72    36    95    23   104 0.90 -
1255_g               -            362 26728at5794          -            144   4.7e-11   40.7  30.8   2   3   1.2e-10   4.7e-08   31.0   9.8    24   115    91   179    86   185 0.85 -
1255_g               -            362 26728at5794          -            144   4.7e-11   40.7  30.8   3   3    0.0025         1    7.2   3.7    37   125   171   259   162   270 0.82 -
3293_g               -            226 26728at5794          -            144     9e-10   36.6   6.3   1   2    0.0027       1.1    7.1   0.2    51    96    74   117    52   124 0.65 -
3293_g               -            226 26728at5794          -            144     9e-10   36.6   6.3   2   2   3.3e-11   1.3e-08   32.8   6.1     6   144    73   219    70   219 0.88 -
1614_g               -            282 26728at5794          -            144   1.1e-09   36.3   1.6   1   1   5.8e-12   2.4e-09   35.2   1.5    28   133    51   164    26   171 0.82 -
3984_g               -            636 26728at5794          -            144     2e-08   32.2  20.2   1   2   7.5e-09     3e-06   25.1  10.9    10    98    73   159    68   163 0.94 -
3984_g               -            636 26728at5794          -            144     2e-08   32.2  20.2   2   2   0.00019     0.077   10.9   2.8    82   137   165   226   158   232 0.73 -
211_g                -           1812 26728at5794          -            144   3.7e-08   31.3  14.4   1   3     1e-06   0.00042   18.2   3.3    15    99  1489  1570  1479  1573 0.85 -
211_g                -           1812 26728at5794          -            144   3.7e-08   31.3  14.4   2   3   4.8e-05      0.02   12.8   1.6    39    93  1556  1611  1548  1616 0.84 -
211_g                -           1812 26728at5794          -            144   3.7e-08   31.3  14.4   3   3    0.0004      0.16    9.8   0.4    87   140  1702  1763  1692  1767 0.63 -
1102_g               -            251 26728at5794          -            144   5.4e-07   27.6   5.9   1   1   4.6e-09   1.9e-06   25.8   5.7    76   143   160   235    92   236 0.90 -
809_g                -            210 26728at5794          -            144   1.1e-06   26.5  19.6   1   2    0.0027       1.1    7.1   0.5    45    98    13    65     4    71 0.77 -
809_g                -            210 26728at5794          -            144   1.1e-06   26.5  19.6   2   2   3.5e-08   1.4e-05   23.0  13.5    16   134    73   200    65   205 0.82 -
4815_g               -            341 26728at5794          -            144   1.3e-06   26.3  23.9   1   2   8.1e-06    0.0033   15.3   7.2    16   111   107   200    93   214 0.82 -
4815_g               -            341 26728at5794          -            144   1.3e-06   26.3  23.9   2   2   4.8e-06    0.0019   16.0   9.9    37   127   217   306   198   319 0.83 -
643_g                -           1590 26728at5794          -            144     1e-05   23.4   3.5   1   2   1.3e-05    0.0054   14.6   0.6    33    94    30    89    12   103 0.80 -
643_g                -           1590 26728at5794          -            144     1e-05   23.4   3.5   2   2    0.0017       0.7    7.7   0.1    15    49   242   276   229   293 0.75 -
2260_g               -            439 26728at5794          -            144   0.00023   19.1   8.0   1   1   1.3e-06   0.00052   17.9   8.0    16   142    24   158     1   160 0.76 -
3764_g               -            415 26728at5794          -            144     0.071   11.0   8.6   1   4       1.2     5e+02   -1.5   0.1    82    94   183   195   147   221 0.48 -
3764_g               -            415 26728at5794          -            144     0.071   11.0   8.6   2   4    0.0059       2.4    6.0   0.2    79    97   272   290   265   296 0.87 -
3764_g               -            415 26728at5794          -            144     0.071   11.0   8.6   3   4    0.0018      0.72    7.7   0.1    34    63   299   328   294   335 0.87 -
3764_g               -            415 26728at5794          -            144     0.071   11.0   8.6   4   4      0.74     3e+02   -0.8   0.0    75    88   391   404   385   410 0.76 -
#
# Program:         hmmsearch
# Version:         3.1b2 (February 2015)
# Pipeline mode:   SEARCH
# Query file:      /mnt/e/Bioinformatics/Semester2/BINP29/Malaria Project/Genomes/Parsed/busco_downloads/lineages/apicomplexa_odb10/hmms/26728at5794.hmm
# Target file:     /mnt/e/Bioinformatics/Semester2/BINP29/Malaria Project/Genomes/Parsed/Pv_new.faa
# Option settings: hmmsearch --domtblout /mnt/e/Bioinformatics/Semester2/BINP29/Malaria Project/Genomes/Parsed/Pv/run_apicomplexa_odb10/hmmer_output/initial_run_results/26728at5794.out --cpu 1 /mnt/e/Bioinformatics/Semester2/BINP29/Malaria Project/Genomes/Parsed/busco_downloads/lineages/apicomplexa_odb10/hmms/26728at5794.hmm /mnt/e/Bioinformatics/Semester2/BINP29/Malaria Project/Genomes/Parsed/Pv_new.faa 
# Current dir:     /mnt/e/Bioinformatics/Semester2/BINP29/Malaria Project/Genomes/Parsed
# Date:            Wed Mar  1 19:31:38 2023
# [ok]
