#                                                                            --- full sequence --- -------------- this domain -------------   hmm coord   ali coord   env coord
# target name        accession   tlen query name           accession   qlen   E-value  score  bias   #  of  c-Evalue  i-Evalue  score  bias  from    to  from    to  from    to  acc description of target
#------------------- ---------- ----- -------------------- ---------- ----- --------- ------ ----- --- --- --------- --------- ------ ----- ----- ----- ----- ----- ----- ----- ---- ---------------------
804_g                -           1390 2708at5794           -            696  4.9e-254  843.1  56.6   1   8   3.2e-23   9.7e-21   72.0   2.3     1    46    26    71    26    74 0.98 -
804_g                -           1390 2708at5794           -            696  4.9e-254  843.1  56.6   2   8   9.3e-78   2.8e-75  252.2  15.0    47   225   175   390   171   397 0.87 -
804_g                -           1390 2708at5794           -            696  4.9e-254  843.1  56.6   3   8   2.2e-34   6.7e-32  108.9   6.2   218   341   418   570   395   573 0.84 -
804_g                -           1390 2708at5794           -            696  4.9e-254  843.1  56.6   4   8   5.9e-46   1.8e-43  147.1   0.5   338   443   700   812   694   835 0.90 -
804_g                -           1390 2708at5794           -            696  4.9e-254  843.1  56.6   5   8   2.1e-08   6.2e-06   23.0   0.0   441   477   961   997   945  1005 0.89 -
804_g                -           1390 2708at5794           -            696  4.9e-254  843.1  56.6   6   8   4.2e-05     0.013   12.1   0.0   485   517  1107  1140  1095  1147 0.81 -
804_g                -           1390 2708at5794           -            696  4.9e-254  843.1  56.6   7   8   4.6e-13   1.4e-10   38.4   0.0   486   549  1136  1207  1132  1209 0.79 -
804_g                -           1390 2708at5794           -            696  4.9e-254  843.1  56.6   8   8   2.4e-63   7.1e-61  204.6   0.3   547   696  1227  1389  1222  1389 0.92 -
1265_g               -            833 2708at5794           -            696  6.4e-110  366.7   0.0   1   2   7.3e-60   2.2e-57  193.1   0.0     1   223    32   278    32   281 0.86 -
1265_g               -            833 2708at5794           -            696  6.4e-110  366.7   0.0   2   2   4.8e-52   1.4e-49  167.2   0.0   225   665   309   812   304   820 0.75 -
4088_g               -           1252 2708at5794           -            696   2.2e-70  236.0   1.8   1   5    0.0034         1    5.8   0.0    22    48   272   298   259   300 0.86 -
4088_g               -           1252 2708at5794           -            696   2.2e-70  236.0   1.8   2   5   1.4e-34   4.2e-32  109.5   1.6    46   223   324   520   320   534 0.82 -
4088_g               -           1252 2708at5794           -            696   2.2e-70  236.0   1.8   3   5       3.2   9.5e+02   -4.0   0.0   311   351   664   709   662   712 0.76 -
4088_g               -           1252 2708at5794           -            696   2.2e-70  236.0   1.8   4   5     1e-13     3e-11   40.6   0.0   356   467   807   918   797   931 0.90 -
4088_g               -           1252 2708at5794           -            696   2.2e-70  236.0   1.8   5   5   6.8e-24     2e-21   74.2   0.0   461   652   992  1194   980  1227 0.80 -
730_g                -            921 2708at5794           -            696     4e-32  109.6   4.3   1   3   2.7e-21   8.1e-19   65.6   0.2    48   130   173   255   127   382 0.85 -
730_g                -            921 2708at5794           -            696     4e-32  109.6   4.3   2   3   1.8e-08   5.4e-06   23.2   0.1   294   443   493   659   477   662 0.81 -
730_g                -            921 2708at5794           -            696     4e-32  109.6   4.3   3   3   9.8e-08   2.9e-05   20.8   0.1   506   648   759   908   735   915 0.75 -
2305_g               -           1159 2708at5794           -            696   7.3e-26   88.9   2.9   1   2   4.1e-20   1.2e-17   61.7   0.1    25   110    83   177    54   211 0.80 -
2305_g               -           1159 2708at5794           -            696   7.3e-26   88.9   2.9   2   2   7.9e-08   2.4e-05   21.1   0.6   285   645   399   761   394   768 0.61 -
2056_g               -            772 2708at5794           -            696     2e-23   80.9   0.9   1   3   2.1e-22   6.4e-20   69.3   0.1     1   111   122   234   122   290 0.82 -
2056_g               -            772 2708at5794           -            696     2e-23   80.9   0.9   2   3   0.00033     0.099    9.1   0.0   312   353   413   454   408   472 0.81 -
2056_g               -            772 2708at5794           -            696     2e-23   80.9   0.9   3   3      0.93   2.8e+02   -2.3   0.0   584   646   576   640   554   653 0.66 -
3808_g               -            911 2708at5794           -            696   3.5e-20   70.1   0.4   1   1   2.4e-22   7.3e-20   69.1   0.4     1   112   204   319   204   349 0.90 -
2328_g               -           1102 2708at5794           -            696     4e-19   66.6   9.3   1   3   1.5e-18   4.4e-16   56.6   0.1     1   117    38   160    38   171 0.78 -
2328_g               -           1102 2708at5794           -            696     4e-19   66.6   9.3   2   3    0.0042       1.3    5.5   0.4   359   443   650   733   636   749 0.88 -
2328_g               -           1102 2708at5794           -            696     4e-19   66.6   9.3   3   3   0.00039      0.12    8.9   0.7   504   642   946  1095   921  1099 0.71 -
965_g                -            474 2708at5794           -            696   2.2e-12   44.3   0.0   1   1   1.1e-14   3.2e-12   43.8   0.0    10   109   108   216   102   226 0.80 -
690_g                -           1007 2708at5794           -            696     5e-10   36.6   0.0   1   1   2.9e-12   8.6e-10   35.8   0.0    45   113   484   552   460   564 0.89 -
2703_g               -            764 2708at5794           -            696   2.4e-07   27.7   2.9   1   1   1.2e-09   3.5e-07   27.2   2.9    46   110   125   189   122   208 0.91 -
142_g                -           1375 2708at5794           -            696     3e-06   24.1   0.1   1   1   1.5e-08   4.4e-06   23.5   0.1    35   109   814   888   801   911 0.90 -
3252_g               -           1209 2708at5794           -            696   1.1e-05   22.2   0.4   1   1   6.5e-08     2e-05   21.4   0.4    48   139   685   778   681   818 0.86 -
1957_g               -           1067 2708at5794           -            696   6.1e-05   19.7   0.0   1   1   3.7e-07   0.00011   18.9   0.0    50   194   256   390   252   396 0.88 -
4857_g               -            321 2708at5794           -            696   8.3e-05   19.3   0.0   1   1   3.4e-07    0.0001   19.0   0.0    26   111    12   110     3   146 0.75 -
435_g                -            444 2708at5794           -            696   0.00011   18.9   0.0   1   1   5.1e-07   0.00015   18.4   0.0    26   111    60   158    46   193 0.75 -
436_g                -            444 2708at5794           -            696   0.00011   18.9   0.0   1   1   5.1e-07   0.00015   18.4   0.0    26   111    60   158    46   193 0.75 -
1760_g               -            466 2708at5794           -            696   0.00087   15.9   0.1   1   1   4.4e-06    0.0013   15.3   0.1    48   120   124   198   116   207 0.81 -
2160_g               -            865 2708at5794           -            696    0.0018   14.9   0.1   1   1   8.9e-06    0.0027   14.3   0.1    65   115   645   695   640   735 0.83 -
#
# Program:         hmmsearch
# Version:         3.1b2 (February 2015)
# Pipeline mode:   SEARCH
# Query file:      /mnt/e/Bioinformatics/Semester2/BINP29/Malaria Project/Genomes/Parsed/busco_downloads/lineages/apicomplexa_odb10/hmms/2708at5794.hmm
# Target file:     /mnt/e/Bioinformatics/Semester2/BINP29/Malaria Project/Genomes/Parsed/Pv_new.faa
# Option settings: hmmsearch --domtblout /mnt/e/Bioinformatics/Semester2/BINP29/Malaria Project/Genomes/Parsed/Pv/run_apicomplexa_odb10/hmmer_output/initial_run_results/2708at5794.out --cpu 1 /mnt/e/Bioinformatics/Semester2/BINP29/Malaria Project/Genomes/Parsed/busco_downloads/lineages/apicomplexa_odb10/hmms/2708at5794.hmm /mnt/e/Bioinformatics/Semester2/BINP29/Malaria Project/Genomes/Parsed/Pv_new.faa 
# Current dir:     /mnt/e/Bioinformatics/Semester2/BINP29/Malaria Project/Genomes/Parsed
# Date:            Wed Mar  1 19:31:39 2023
# [ok]
