#                                                                            --- full sequence --- -------------- this domain -------------   hmm coord   ali coord   env coord
# target name        accession   tlen query name           accession   qlen   E-value  score  bias   #  of  c-Evalue  i-Evalue  score  bias  from    to  from    to  from    to  acc description of target
#------------------- ---------- ----- -------------------- ---------- ----- --------- ------ ----- --- --- --------- --------- ------ ----- ----- ----- ----- ----- ----- ----- ---- ---------------------
1002_g               -           2376 27220at5794          -            328  1.6e-103  344.5  35.0   1   4     7e-23   9.9e-20   69.1   0.1     1    69  1912  1984  1912  1991 0.93 -
1002_g               -           2376 27220at5794          -            328  1.6e-103  344.5  35.0   2   4   7.5e-46   1.1e-42  144.6   6.5    65   205  2009  2174  2001  2186 0.82 -
1002_g               -           2376 27220at5794          -            328  1.6e-103  344.5  35.0   3   4   3.3e-10   4.6e-07   27.5   0.3   199   237  2218  2258  2216  2266 0.87 -
1002_g               -           2376 27220at5794          -            328  1.6e-103  344.5  35.0   4   4   1.5e-36   2.1e-33  114.1  10.2   225   328  2270  2375  2263  2375 0.94 -
1666_g               -            459 27220at5794          -            328   1.9e-18   65.0   2.9   1   2   3.6e-09   5.1e-06   24.1   0.0     5   118     2   137     1   189 0.73 -
1666_g               -            459 27220at5794          -            328   1.9e-18   65.0   2.9   2   2   3.8e-13   5.5e-10   37.1   1.6   237   314   350   430   335   444 0.81 -
2129_g               -           1066 27220at5794          -            328   1.6e-06   25.7  27.1   1   4    0.0027       3.8    4.8   0.1    25    66    42    83    25    92 0.87 -
2129_g               -           1066 27220at5794          -            328   1.6e-06   25.7  27.1   2   4       0.1   1.5e+02   -0.5   2.5   147   215   242   317   235   342 0.68 -
2129_g               -           1066 27220at5794          -            328   1.6e-06   25.7  27.1   3   4     4e-09   5.7e-06   23.9   6.6   257   312   373   429   371   429 0.94 -
2129_g               -           1066 27220at5794          -            328   1.6e-06   25.7  27.1   4   4   6.5e-07   0.00093   16.7   4.7   247   302   415   471   415   476 0.91 -
2971_g               -           1761 27220at5794          -            328   8.7e-05   20.0   1.3   1   1   8.7e-08   0.00012   19.5   1.3   273   323   159   211   151   217 0.77 -
#
# Program:         hmmsearch
# Version:         3.1b2 (February 2015)
# Pipeline mode:   SEARCH
# Query file:      /mnt/e/Bioinformatics/Semester2/BINP29/Malaria Project/Genomes/Parsed/busco_downloads/lineages/apicomplexa_odb10/hmms/27220at5794.hmm
# Target file:     /mnt/e/Bioinformatics/Semester2/BINP29/Malaria Project/Genomes/Parsed/Pv_new.faa
# Option settings: hmmsearch --domtblout /mnt/e/Bioinformatics/Semester2/BINP29/Malaria Project/Genomes/Parsed/Pv/run_apicomplexa_odb10/hmmer_output/initial_run_results/27220at5794.out --cpu 1 /mnt/e/Bioinformatics/Semester2/BINP29/Malaria Project/Genomes/Parsed/busco_downloads/lineages/apicomplexa_odb10/hmms/27220at5794.hmm /mnt/e/Bioinformatics/Semester2/BINP29/Malaria Project/Genomes/Parsed/Pv_new.faa 
# Current dir:     /mnt/e/Bioinformatics/Semester2/BINP29/Malaria Project/Genomes/Parsed
# Date:            Wed Mar  1 19:31:39 2023
# [ok]
