#                                                                            --- full sequence --- -------------- this domain -------------   hmm coord   ali coord   env coord
# target name        accession   tlen query name           accession   qlen   E-value  score  bias   #  of  c-Evalue  i-Evalue  score  bias  from    to  from    to  from    to  acc description of target
#------------------- ---------- ----- -------------------- ---------- ----- --------- ------ ----- --- --- --------- --------- ------ ----- ----- ----- ----- ----- ----- ----- ---- ---------------------
4555_g               -            156 27413at5794          -            128   4.1e-69  228.9   5.6   1   1   2.1e-70   1.3e-67  224.0   5.6     1   128     1   143     1   143 0.92 -
3472_g               -            147 27413at5794          -            128   1.5e-38  130.1   9.9   1   2   1.3e-05    0.0085   14.5   0.0     1    28     1    28     1    33 0.91 -
3472_g               -            147 27413at5794          -            128   1.5e-38  130.1   9.9   2   2   1.7e-37   1.1e-34  117.6   7.7    11   122    26   138    22   143 0.91 -
3051_g               -            142 27413at5794          -            128   2.5e-31  106.7  12.8   1   1   1.6e-32     1e-29  101.5  12.8     1   121     1   135     1   141 0.83 -
2466_g               -            158 27413at5794          -            128   2.5e-27   93.8   4.9   1   1   5.7e-29   3.6e-26   90.0   4.9    13   127    28   148     1   149 0.80 -
1360_g               -            764 27413at5794          -            128   1.6e-07   29.7   0.6   1   1   6.5e-10   4.1e-07   28.4   0.6    41   107    67   135    37   153 0.78 -
4569_g               -            479 27413at5794          -            128   3.4e-05   22.2   2.6   1   1   1.3e-07   8.1e-05   21.0   2.6    44   120    58   134    48   141 0.91 -
3386_g               -            209 27413at5794          -            128    0.0001   20.7   0.8   1   1   3.1e-07   0.00019   19.8   0.8    42   119    90   175    60   184 0.75 -
1947_g               -            459 27413at5794          -            128   0.00021   19.7   7.1   1   2   5.9e-07   0.00037   18.9   5.8    16   118    30   132     4   141 0.78 -
1947_g               -            459 27413at5794          -            128   0.00021   19.7   7.1   2   2       1.1   7.2e+02   -1.5   0.0    21    46   143   168   127   180 0.72 -
4707_g               -            519 27413at5794          -            128     0.035   12.5   4.2   1   1   0.00022      0.14   10.5   4.2    16   113    31   130    14   144 0.78 -
#
# Program:         hmmsearch
# Version:         3.1b2 (February 2015)
# Pipeline mode:   SEARCH
# Query file:      /mnt/e/Bioinformatics/Semester2/BINP29/Malaria Project/Genomes/Parsed/busco_downloads/lineages/apicomplexa_odb10/hmms/27413at5794.hmm
# Target file:     /mnt/e/Bioinformatics/Semester2/BINP29/Malaria Project/Genomes/Parsed/Pv_new.faa
# Option settings: hmmsearch --domtblout /mnt/e/Bioinformatics/Semester2/BINP29/Malaria Project/Genomes/Parsed/Pv/run_apicomplexa_odb10/hmmer_output/initial_run_results/27413at5794.out --cpu 1 /mnt/e/Bioinformatics/Semester2/BINP29/Malaria Project/Genomes/Parsed/busco_downloads/lineages/apicomplexa_odb10/hmms/27413at5794.hmm /mnt/e/Bioinformatics/Semester2/BINP29/Malaria Project/Genomes/Parsed/Pv_new.faa 
# Current dir:     /mnt/e/Bioinformatics/Semester2/BINP29/Malaria Project/Genomes/Parsed
# Date:            Wed Mar  1 19:31:40 2023
# [ok]
