#                                                                            --- full sequence --- -------------- this domain -------------   hmm coord   ali coord   env coord
# target name        accession   tlen query name           accession   qlen   E-value  score  bias   #  of  c-Evalue  i-Evalue  score  bias  from    to  from    to  from    to  acc description of target
#------------------- ---------- ----- -------------------- ---------- ----- --------- ------ ----- --- --- --------- --------- ------ ----- ----- ----- ----- ----- ----- ----- ---- ---------------------
4250_g               -            300 28533at5794          -            141     1e-64  214.7   0.7   1   1   2.4e-66   3.7e-64  212.9   0.7     1   135     6   156     6   162 0.88 -
2223_g               -            884 28533at5794          -            141   1.1e-27   94.8   4.3   1   4   1.2e-05    0.0019   16.2   0.1    26    89    16    80     6    89 0.87 -
2223_g               -            884 28533at5794          -            141   1.1e-27   94.8   4.3   2   4   1.4e-09   2.3e-07   28.9   0.1    27   100   105   179    86   191 0.89 -
2223_g               -            884 28533at5794          -            141   1.1e-27   94.8   4.3   3   4   8.6e-10   1.4e-07   29.6   0.0    28   117   195   282   187   293 0.87 -
2223_g               -            884 28533at5794          -            141   1.1e-27   94.8   4.3   4   4   2.6e-06    0.0004   18.4   0.0    26    84   449   507   432   517 0.89 -
1768_g               -            508 28533at5794          -            141   5.4e-21   73.0   5.7   1   4       3.7   5.8e+02   -1.6   0.8    84   133    17    65     8    76 0.51 -
1768_g               -            508 28533at5794          -            141   5.4e-21   73.0   5.7   2   4   0.00019      0.03   12.3   0.0    28    63    88   123    80   154 0.88 -
1768_g               -            508 28533at5794          -            141   5.4e-21   73.0   5.7   3   4   2.8e-09   4.4e-07   28.0   0.0    11    93   169   251   162   261 0.92 -
1768_g               -            508 28533at5794          -            141   5.4e-21   73.0   5.7   4   4   8.6e-11   1.4e-08   32.9   0.0    27    91   399   464   397   480 0.88 -
398_g                -            393 28533at5794          -            141     3e-18   64.2   2.5   1   3     0.069        11    4.0   0.2    15    94     8    82     1   106 0.81 -
398_g                -            393 28533at5794          -            141     3e-18   64.2   2.5   2   3   1.1e-07   1.7e-05   22.8   0.0    40    92   132   184   112   192 0.85 -
398_g                -            393 28533at5794          -            141     3e-18   64.2   2.5   3   3   9.9e-12   1.6e-09   35.9   0.0    17    93   201   276   187   297 0.86 -
1674_g               -            480 28533at5794          -            141     5e-18   63.4   1.3   1   2   9.6e-07   0.00015   19.7   0.1    14    91     8    86     3    94 0.82 -
1674_g               -            480 28533at5794          -            141     5e-18   63.4   1.3   2   2   9.3e-14   1.5e-11   42.5   0.2    26    94   107   175    89   200 0.85 -
412_g                -            514 28533at5794          -            141   8.3e-17   59.5   0.0   1   3      0.17        27    2.7   0.0    27    64    89   126    83   157 0.86 -
412_g                -            514 28533at5794          -            141   8.3e-17   59.5   0.0   2   3   1.6e-07   2.5e-05   22.3   0.0    25    93   186   255   181   265 0.93 -
412_g                -            514 28533at5794          -            141   8.3e-17   59.5   0.0   3   3   4.9e-10   7.8e-08   30.4   0.0    29    98   375   446   369   477 0.81 -
3286_g               -            293 28533at5794          -            141   2.4e-12   45.0   0.0   1   2   4.1e-08   6.5e-06   24.2   0.0    24    83     5    64     2   111 0.86 -
3286_g               -            293 28533at5794          -            141   2.4e-12   45.0   0.0   2   2   1.9e-06    0.0003   18.8   0.0    28    93   157   222   153   238 0.88 -
1048_g               -           1017 28533at5794          -            141   3.3e-11   41.3   0.0   1   2   8.2e-06    0.0013   16.7   0.0    20    94   619   694   601   722 0.81 -
1048_g               -           1017 28533at5794          -            141   3.3e-11   41.3   0.0   2   2   2.3e-07   3.6e-05   21.8   0.0    29   115   727   818   723   841 0.79 -
4572_g               -            209 28533at5794          -            141   7.4e-10   37.0   0.1   1   1   7.5e-12   1.2e-09   36.3   0.1    27   104     9    87     3   113 0.90 -
3851_g               -            234 28533at5794          -            141   5.8e-09   34.1   0.1   1   2   0.00029     0.046   11.7   0.1    45    77   106   138    91   169 0.84 -
3851_g               -            234 28533at5794          -            141   5.8e-09   34.1   0.1   2   2   4.8e-07   7.6e-05   20.7   0.0    18    87   164   231   148   233 0.86 -
3567_g               -           1568 28533at5794          -            141     1e-08   33.2   0.0   1   2    0.0014      0.22    9.5   0.1    27    93   354   418   331   428 0.87 -
3567_g               -           1568 28533at5794          -            141     1e-08   33.2   0.0   2   2   4.1e-07   6.5e-05   20.9   0.0    29    95   460   531   442   546 0.84 -
4012_g               -            722 28533at5794          -            141     2e-08   32.3   0.1   1   2   1.1e-09   1.7e-07   29.3   0.0    27    94     7    76     2   104 0.85 -
4012_g               -            722 28533at5794          -            141     2e-08   32.3   0.1   2   2      0.96   1.5e+02    0.3   0.0    24    49   183   208   161   216 0.76 -
2034_g               -            125 28533at5794          -            141   4.7e-08   31.1   0.3   1   1   3.5e-10   5.6e-08   30.9   0.3    28   110    10    94     4   111 0.87 -
1805_g               -            108 28533at5794          -            141   4.4e-07   28.0   0.1   1   1   3.4e-09   5.4e-07   27.7   0.1    28    99    25    98    17   106 0.88 -
3387_g               -            237 28533at5794          -            141     2e-06   25.8   0.1   1   1     2e-08   3.2e-06   25.2   0.1    17    98    25   108    17   130 0.85 -
4453_g               -            754 28533at5794          -            141   2.1e-06   25.8   0.1   1   2   2.2e-05    0.0035   15.3   0.0    28    79   365   417   343   447 0.84 -
4453_g               -            754 28533at5794          -            141   2.1e-06   25.8   0.1   2   2    0.0043      0.67    7.9   0.0    28    93   665   731   656   747 0.78 -
2159_g               -           1128 28533at5794          -            141   2.8e-06   25.4   2.8   1   3       1.7   2.7e+02   -0.5   0.0    37    66   383   412   375   425 0.82 -
2159_g               -           1128 28533at5794          -            141   2.8e-06   25.4   2.8   2   3      0.14        22    3.0   0.2    27    66   870   909   848   987 0.71 -
2159_g               -           1128 28533at5794          -            141   2.8e-06   25.4   2.8   3   3     3e-06   0.00048   18.1   0.2    19   106   979  1067   960  1109 0.76 -
1098_g               -            915 28533at5794          -            141   2.9e-06   25.3   0.1   1   1   4.2e-08   6.6e-06   24.1   0.1    27    92   678   744   669   766 0.90 -
3377_g               -            362 28533at5794          -            141   1.3e-05   23.3   0.1   1   2    0.0077       1.2    7.1   0.0    28    77   120   170   104   194 0.82 -
3377_g               -            362 28533at5794          -            141   1.3e-05   23.3   0.1   2   2   5.6e-05    0.0088   14.0   0.0    28    79   204   255   198   281 0.88 -
3725_g               -            529 28533at5794          -            141     4e-05   21.6   0.1   1   1   6.3e-07    0.0001   20.3   0.1    23    90    10    78     2    83 0.87 -
2335_g               -            506 28533at5794          -            141     6e-05   21.1   0.0   1   1   9.3e-07   0.00015   19.8   0.0    26    94   422   490   413   498 0.89 -
4114_g               -            243 28533at5794          -            141   6.7e-05   20.9   0.0   1   2   3.8e-06    0.0006   17.8   0.0    25    96    12    83     3   100 0.93 -
4114_g               -            243 28533at5794          -            141   6.7e-05   20.9   0.0   2   2      0.77   1.2e+02    0.6   0.0    13    66   151   203   144   237 0.70 -
3366_g               -            270 28533at5794          -            141    0.0001   20.3   0.0   1   1   1.6e-06   0.00025   19.0   0.0    19    87   181   250   171   261 0.89 -
341_g                -            453 28533at5794          -            141   0.00016   19.6   0.0   1   1   2.2e-06   0.00035   18.6   0.0    28    94   100   166    88   186 0.88 -
405_g                -            182 28533at5794          -            141   0.00026   19.0   0.0   1   1     2e-06   0.00032   18.7   0.0    13    94    37   119    28   164 0.80 -
135_g                -            315 28533at5794          -            141   0.00028   18.9   0.1   1   2   5.9e-06   0.00094   17.2   0.0    26   104     8    85     2   106 0.81 -
135_g                -            315 28533at5794          -            141   0.00028   18.9   0.1   2   2       8.5   1.3e+03   -2.8   0.1    11    20   181   190   176   192 0.77 -
3892_g               -            476 28533at5794          -            141   0.00032   18.7   0.4   1   2    0.0021      0.33    8.9   0.0    28    76    97   145    93   167 0.91 -
3892_g               -            476 28533at5794          -            141   0.00032   18.7   0.4   2   2    0.0065         1    7.3   0.1     3    77   280   358   276   378 0.74 -
2229_g               -            111 28533at5794          -            141    0.0013   16.7   0.1   1   1   9.9e-06    0.0016   16.5   0.1    26    97    14    83     9   108 0.81 -
4747_g               -           1849 28533at5794          -            141    0.0015   16.6   0.0   1   1   2.4e-05    0.0037   15.2   0.0    28    92  1023  1087  1020  1096 0.94 -
3921_g               -            203 28533at5794          -            141    0.0018   16.2   0.0   1   1   1.6e-05    0.0026   15.7   0.0    25    80    70   126    48   144 0.86 -
3975_g               -            288 28533at5794          -            141    0.0037   15.2   0.8   1   2      0.72   1.1e+02    0.7   0.1    63    91    78   106    40   138 0.82 -
3975_g               -            288 28533at5794          -            141    0.0037   15.2   0.8   2   2   0.00013     0.021   12.8   0.1    27    91   211   275   199   284 0.85 -
3548_g               -            478 28533at5794          -            141     0.004   15.1   0.2   1   2       5.9   9.3e+02   -2.3   0.1    98   134    94   129    92   135 0.68 -
3548_g               -            478 28533at5794          -            141     0.004   15.1   0.2   2   2   7.4e-05     0.012   13.6   0.0    28   117   339   430   332   449 0.83 -
611_g                -            154 28533at5794          -            141    0.0058   14.6   1.7   1   1   5.7e-05     0.009   14.0   1.7     7   107    41   145    36   151 0.83 -
2794_g               -            532 28533at5794          -            141     0.009   14.0   0.5   1   1   0.00011     0.018   13.0   0.5    12   118   234   349   223   365 0.70 -
4031_g               -            193 28533at5794          -            141     0.009   14.0   0.1   1   2   0.00051     0.081   10.9   0.1    28    94    12    80     9   101 0.79 -
4031_g               -            193 28533at5794          -            141     0.009   14.0   0.1   2   2      0.71   1.1e+02    0.7   0.0    28    55   122   149   107   167 0.85 -
1470_g               -            190 28533at5794          -            141     0.019   12.9   0.0   1   1   0.00016     0.025   12.6   0.0    26    93    90   160    65   179 0.80 -
#
# Program:         hmmsearch
# Version:         3.1b2 (February 2015)
# Pipeline mode:   SEARCH
# Query file:      /mnt/e/Bioinformatics/Semester2/BINP29/Malaria Project/Genomes/Parsed/busco_downloads/lineages/apicomplexa_odb10/hmms/28533at5794.hmm
# Target file:     /mnt/e/Bioinformatics/Semester2/BINP29/Malaria Project/Genomes/Parsed/Pv_new.faa
# Option settings: hmmsearch --domtblout /mnt/e/Bioinformatics/Semester2/BINP29/Malaria Project/Genomes/Parsed/Pv/run_apicomplexa_odb10/hmmer_output/initial_run_results/28533at5794.out --cpu 1 /mnt/e/Bioinformatics/Semester2/BINP29/Malaria Project/Genomes/Parsed/busco_downloads/lineages/apicomplexa_odb10/hmms/28533at5794.hmm /mnt/e/Bioinformatics/Semester2/BINP29/Malaria Project/Genomes/Parsed/Pv_new.faa 
# Current dir:     /mnt/e/Bioinformatics/Semester2/BINP29/Malaria Project/Genomes/Parsed
# Date:            Wed Mar  1 19:31:42 2023
# [ok]
