#                                                                            --- full sequence --- -------------- this domain -------------   hmm coord   ali coord   env coord
# target name        accession   tlen query name           accession   qlen   E-value  score  bias   #  of  c-Evalue  i-Evalue  score  bias  from    to  from    to  from    to  acc description of target
#------------------- ---------- ----- -------------------- ---------- ----- --------- ------ ----- --- --- --------- --------- ------ ----- ----- ----- ----- ----- ----- ----- ---- ---------------------
1945_g               -            525 29462at5794          -            441  3.2e-167  555.1  36.6   1   1  1.2e-167  1.3e-165  549.8  36.6     1   441     5   523     5   523 0.88 -
5036_g               -            165 29462at5794          -            441   2.5e-34  117.1   6.4   1   1   3.4e-35   3.6e-33  113.3   6.4   313   441     1   163     1   163 0.84 -
3255_g               -            347 29462at5794          -            441   8.8e-30  102.2  12.0   1   2   1.9e-19   2.1e-17   61.4   4.1   180   340    47   216    24   220 0.85 -
3255_g               -            347 29462at5794          -            441   8.8e-30  102.2  12.0   2   2   5.7e-17   6.1e-15   53.2   1.0   180   339   183   345   168   346 0.81 -
4811_g               -            661 29462at5794          -            441   1.8e-28   97.8  12.2   1   4   1.8e-12   1.9e-10   38.5   0.0   263   343   119   201   102   228 0.64 -
4811_g               -            661 29462at5794          -            441   1.8e-28   97.8  12.2   2   4   8.5e-08   9.1e-06   23.0   0.7   238   315   341   422   338   430 0.72 -
4811_g               -            661 29462at5794          -            441   1.8e-28   97.8  12.2   3   4   4.3e-12   4.6e-10   37.2   0.5   158   295   433   566   427   578 0.87 -
4811_g               -            661 29462at5794          -            441   1.8e-28   97.8  12.2   4   4     0.045       4.8    4.2   0.1   222   251   630   659   620   660 0.88 -
197_g                -            646 29462at5794          -            441   2.1e-27   94.3  16.6   1   3   4.1e-11   4.4e-09   33.9   0.1   219   287   361   428   354   430 0.93 -
197_g                -            646 29462at5794          -            441   2.1e-27   94.3  16.6   2   3   2.4e-16   2.6e-14   51.2   0.8   234   344   418   529   418   538 0.92 -
197_g                -            646 29462at5794          -            441   2.1e-27   94.3  16.6   3   3   2.8e-08     3e-06   24.6   0.1   233   330   543   638   538   645 0.88 -
692_g                -           1414 29462at5794          -            441   9.2e-26   88.9   9.0   1   3   9.2e-18   9.8e-16   55.9   0.4   185   336    18   165     2   171 0.88 -
692_g                -           1414 29462at5794          -            441   9.2e-26   88.9   9.0   2   3   1.2e-11   1.3e-09   35.7   0.1   224   334   249   362   244   385 0.76 -
692_g                -           1414 29462at5794          -            441   9.2e-26   88.9   9.0   3   3      0.85        91   -0.0   0.6   313   353   593   632   580   669 0.79 -
845_g                -            645 29462at5794          -            441   3.9e-25   86.8   5.7   1   4   0.00014     0.015   12.4   0.0   219   276   239   298   219   317 0.79 -
845_g                -            645 29462at5794          -            441   3.9e-25   86.8   5.7   2   4   1.1e-06   0.00012   19.4   0.1   254   296   420   461   418   465 0.93 -
845_g                -            645 29462at5794          -            441   3.9e-25   86.8   5.7   3   4   1.1e-17   1.2e-15   55.6   0.4   211   340   463   594   460   600 0.87 -
845_g                -            645 29462at5794          -            441   3.9e-25   86.8   5.7   4   4    0.0003     0.032   11.3   0.2   238   293   575   629   573   632 0.93 -
1294_g               -           1216 29462at5794          -            441   6.8e-23   79.5  37.7   1   4   8.3e-09   8.9e-07   26.4   0.5   180   278    71   163    59   174 0.88 -
1294_g               -           1216 29462at5794          -            441   6.8e-23   79.5  37.7   2   4   3.5e-06   0.00038   17.7   0.6   235   293   177   233   171   237 0.88 -
1294_g               -           1216 29462at5794          -            441   6.8e-23   79.5  37.7   3   4    0.0012      0.13    9.3   0.6   167   295   602   722   590   725 0.77 -
1294_g               -           1216 29462at5794          -            441   6.8e-23   79.5  37.7   4   4   4.2e-16   4.5e-14   50.4   2.3   180   341   816   974   806   976 0.86 -
121_g                -           1241 29462at5794          -            441   4.8e-21   73.4  27.8   1   3   1.6e-10   1.7e-08   32.0   4.6     5   158   283   458   281   481 0.68 -
121_g                -           1241 29462at5794          -            441   4.8e-21   73.4  27.8   2   3     2e-11   2.1e-09   35.0   6.5   184   334   922  1072   905  1085 0.80 -
121_g                -           1241 29462at5794          -            441   4.8e-21   73.4  27.8   3   3     3e-06   0.00032   17.9   2.2   186   336  1054  1207  1049  1213 0.77 -
4584_g               -            556 29462at5794          -            441   1.4e-20   71.8  15.9   1   3     1e-10   1.1e-08   32.6   0.2   261   336    45   125    39   142 0.80 -
4584_g               -            556 29462at5794          -            441   1.4e-20   71.8  15.9   2   3   4.1e-10   4.3e-08   30.7   3.3   257   340   161   245   148   267 0.85 -
4584_g               -            556 29462at5794          -            441   1.4e-20   71.8  15.9   3   3     9e-06   0.00097   16.3   0.7   235   315   341   426   292   453 0.81 -
3290_g               -            325 29462at5794          -            441   2.9e-18   64.2   5.0   1   2   2.1e-12   2.3e-10   38.2   3.7   221   343    35   158    30   161 0.90 -
3290_g               -            325 29462at5794          -            441   2.9e-18   64.2   5.0   2   2     4e-08   4.3e-06   24.1   0.0   187   331   173   320   166   322 0.79 -
2646_g               -           1069 29462at5794          -            441   7.6e-18   62.8   8.7   1   4     1e-05    0.0011   16.2   0.1   261   334   159   235   138   240 0.80 -
2646_g               -           1069 29462at5794          -            441   7.6e-18   62.8   8.7   2   4     0.055       5.9    3.9   0.6   222   275   340   393   286   405 0.67 -
2646_g               -           1069 29462at5794          -            441   7.6e-18   62.8   8.7   3   4   8.6e-08   9.2e-06   23.0   0.0   235   295   421   480   416   491 0.89 -
2646_g               -           1069 29462at5794          -            441   7.6e-18   62.8   8.7   4   4   2.5e-07   2.6e-05   21.5   0.3   227   343   525   651   517   660 0.77 -
2374_g               -            473 29462at5794          -            441   1.9e-17   61.5  10.3   1   3     0.039       4.2    4.4   0.0   214   279    77   143    69   156 0.77 -
2374_g               -            473 29462at5794          -            441   1.9e-17   61.5  10.3   2   3   8.7e-15   9.3e-13   46.1   3.9   201   297   197   290   181   302 0.93 -
2374_g               -            473 29462at5794          -            441   1.9e-17   61.5  10.3   3   3   8.4e-05     0.009   13.2   0.1   235   266   323   354   320   386 0.81 -
566_g                -            540 29462at5794          -            441   2.7e-17   61.0  21.3   1   5       6.6   7.1e+02   -3.0   0.1    12    34    76    98    72   106 0.84 -
566_g                -            540 29462at5794          -            441   2.7e-17   61.0  21.3   2   5   1.9e-07     2e-05   21.9   3.0   213   305   183   277   177   318 0.81 -
566_g                -            540 29462at5794          -            441   2.7e-17   61.0  21.3   3   5      0.19        21    2.1   0.0   291   345   288   342   284   345 0.88 -
566_g                -            540 29462at5794          -            441   2.7e-17   61.0  21.3   4   5   2.7e-14   2.9e-12   44.4   2.6   215   297   340   424   326   453 0.82 -
566_g                -            540 29462at5794          -            441   2.7e-17   61.0  21.3   5   5     0.044       4.7    4.2   0.2   249   291   468   510   453   518 0.83 -
4180_g               -           1151 29462at5794          -            441   9.5e-17   59.2  17.0   1   3    0.0016      0.17    8.9   0.2   177   263   195   275   180   291 0.59 -
4180_g               -           1151 29462at5794          -            441   9.5e-17   59.2  17.0   2   3     1e-05    0.0011   16.2   0.6   247   305   557   616   541   653 0.42 -
4180_g               -           1151 29462at5794          -            441   9.5e-17   59.2  17.0   3   3     4e-13   4.3e-11   40.6   5.1   222   346   687   810   676   890 0.90 -
3755_g               -           1014 29462at5794          -            441   1.3e-16   58.8  14.2   1   4   6.2e-05    0.0066   13.6   0.8   263   346    12    97     6   110 0.86 -
3755_g               -           1014 29462at5794          -            441   1.3e-16   58.8  14.2   2   4     5e-13   5.3e-11   40.3   3.2   238   342   114   228    97   231 0.80 -
3755_g               -           1014 29462at5794          -            441   1.3e-16   58.8  14.2   3   4   6.6e-11   7.1e-09   33.3   3.3   229   294   198   262   187   302 0.88 -
3755_g               -           1014 29462at5794          -            441   1.3e-16   58.8  14.2   4   4   0.00052     0.056   10.5   0.3   222   261   233   272   230   327 0.75 -
2915_g               -            328 29462at5794          -            441   2.5e-16   57.8   2.1   1   3    0.0018      0.19    8.8   0.1   263   344     7    89     1   140 0.55 -
2915_g               -            328 29462at5794          -            441   2.5e-16   57.8   2.1   2   3   6.3e-15   6.8e-13   46.5   0.3   219   291   138   209   124   225 0.89 -
2915_g               -            328 29462at5794          -            441   2.5e-16   57.8   2.1   3   3      0.44        47    0.9   0.0   304   334   285   316   260   326 0.69 -
2880_g               -            500 29462at5794          -            441   2.5e-16   57.8   7.2   1   3   5.7e-10   6.1e-08   30.2   0.1   180   256    71   142    49   151 0.73 -
2880_g               -            500 29462at5794          -            441   2.5e-16   57.8   7.2   2   3    0.0011      0.11    9.5   0.1   237   337   225   325   215   333 0.82 -
2880_g               -            500 29462at5794          -            441   2.5e-16   57.8   7.2   3   3   1.1e-07   1.2e-05   22.6   0.9   242   335   313   409   309   414 0.81 -
2181_g               -            613 29462at5794          -            441   5.3e-16   56.7  12.3   1   3   1.5e-07   1.6e-05   22.2   0.2   265   334   322   395   314   407 0.59 -
2181_g               -            613 29462at5794          -            441   5.3e-16   56.7  12.3   2   3   1.8e-05    0.0019   15.4   1.4   177   307   410   539   396   547 0.75 -
2181_g               -            613 29462at5794          -            441   5.3e-16   56.7  12.3   3   3   1.3e-08   1.4e-06   25.7   0.6   228   293   546   611   542   612 0.89 -
4409_g               -            596 29462at5794          -            441   4.1e-15   53.8  18.7   1   4       9.7     1e+03   -3.5   2.5    58   123    89   154    69   211 0.72 -
4409_g               -            596 29462at5794          -            441   4.1e-15   53.8  18.7   2   4   3.7e-12     4e-10   37.4   0.3   229   341   287   400   277   404 0.90 -
4409_g               -            596 29462at5794          -            441   4.1e-15   53.8  18.7   3   4   6.2e-08   6.7e-06   23.5   0.9   222   337   406   526   402   533 0.85 -
4409_g               -            596 29462at5794          -            441   4.1e-15   53.8  18.7   4   4   0.00057     0.061   10.4   0.3   187   253   506   575   480   583 0.70 -
2637_g               -            366 29462at5794          -            441   9.1e-13   46.1  11.2   1   3   8.8e-12   9.4e-10   36.2   2.6   263   374    14   125     6   144 0.77 -
2637_g               -            366 29462at5794          -            441   9.1e-13   46.1  11.2   2   3   8.8e-05    0.0095   13.1   0.4   277   344   157   224   140   286 0.82 -
2637_g               -            366 29462at5794          -            441   9.1e-13   46.1  11.2   3   3       1.1   1.2e+02   -0.4   0.0   315   333   342   360   338   362 0.83 -
2698_g               -            562 29462at5794          -            441     1e-12   45.9   0.5   1   3       1.6   1.7e+02   -1.0   0.0   166   208   256   301   243   315 0.49 -
2698_g               -            562 29462at5794          -            441     1e-12   45.9   0.5   2   3   9.4e-14     1e-11   42.6   0.1   165   295   354   483   327   486 0.85 -
2698_g               -            562 29462at5794          -            441     1e-12   45.9   0.5   3   3       1.6   1.7e+02   -1.0   0.0   264   301   508   548   500   555 0.77 -
2350_g               -            508 29462at5794          -            441   1.8e-11   41.8   5.1   1   2   1.7e-13   1.8e-11   41.8   5.1   221   336   282   400   265   415 0.81 -
2350_g               -            508 29462at5794          -            441   1.8e-11   41.8   5.1   2   2      0.75        81    0.1   0.0   319   334   434   449   410   453 0.56 -
1488_g               -            695 29462at5794          -            441   4.6e-11   40.5  24.5   1   4    0.0082      0.88    6.6   0.6   221   263    11    53     5    59 0.86 -
1488_g               -            695 29462at5794          -            441   4.6e-11   40.5  24.5   2   4   7.5e-05    0.0081   13.3   1.1   258   334    79   160    72   167 0.81 -
1488_g               -            695 29462at5794          -            441   4.6e-11   40.5  24.5   3   4   1.5e-08   1.6e-06   25.5   1.4   220   298   247   323   239   345 0.81 -
1488_g               -            695 29462at5794          -            441   4.6e-11   40.5  24.5   4   4     0.003      0.32    8.1   1.4   217   334   564   690   552   694 0.70 -
4353_g               -            925 29462at5794          -            441   6.7e-11   39.9  14.7   1   4       8.6   9.2e+02   -3.4   1.9    88   147   114   170    74   194 0.68 -
4353_g               -            925 29462at5794          -            441   6.7e-11   39.9  14.7   2   4   9.8e-08   1.1e-05   22.8   0.3   218   340   250   377   223   382 0.82 -
4353_g               -            925 29462at5794          -            441   6.7e-11   39.9  14.7   3   4   3.3e-05    0.0036   14.5   0.1   222   263   384   425   376   459 0.78 -
4353_g               -            925 29462at5794          -            441   6.7e-11   39.9  14.7   4   4   0.00015     0.017   12.3   0.2   255   291   459   495   442   499 0.83 -
3689_g               -            432 29462at5794          -            441   4.6e-10   37.2   0.8   1   2   1.2e-06   0.00013   19.2   0.4   241   344   157   260   154   265 0.85 -
3689_g               -            432 29462at5794          -            441   4.6e-10   37.2   0.8   2   2   5.6e-05     0.006   13.7   0.0   186   293   274   379   271   384 0.84 -
4538_g               -            465 29462at5794          -            441   4.7e-10   37.2   4.8   1   3      0.11        12    2.9   0.0   227   296   114   140    45   148 0.73 -
4538_g               -            465 29462at5794          -            441   4.7e-10   37.2   4.8   2   3   0.00077     0.083   10.0   0.2   303   386   210   293   205   298 0.81 -
4538_g               -            465 29462at5794          -            441   4.7e-10   37.2   4.8   3   3   1.3e-08   1.4e-06   25.7   0.1   197   304   295   403   290   408 0.87 -
2247_g               -            650 29462at5794          -            441   5.4e-10   36.9  10.4   1   2   1.4e-07   1.5e-05   22.3   6.1   228   340   378   499   366   508 0.82 -
2247_g               -            650 29462at5794          -            441   5.4e-10   36.9  10.4   2   2   7.2e-06   0.00077   16.7   0.1   180   277   509   608   501   620 0.78 -
202_g                -            738 29462at5794          -            441   4.5e-09   33.9   5.4   1   2   7.3e-10   7.8e-08   29.8   3.3   207   339   118   258   115   289 0.77 -
202_g                -            738 29462at5794          -            441   4.5e-09   33.9   5.4   2   2      0.14        15    2.5   0.0   374   412   363   400   333   423 0.74 -
2196_g               -            431 29462at5794          -            441   5.5e-09   33.6   0.3   1   1   7.8e-11   8.4e-09   33.0   0.3   208   295   275   365   230   396 0.83 -
767_g                -            467 29462at5794          -            441   7.2e-09   33.2   0.7   1   1   2.6e-10   2.8e-08   31.3   0.3   220   298   111   193   106   238 0.85 -
48_g                 -            330 29462at5794          -            441   1.7e-08   32.0  15.7   1   2   8.2e-08   8.8e-06   23.1   4.2   235   337    30   135    12   138 0.77 -
48_g                 -            330 29462at5794          -            441   1.7e-08   32.0  15.7   2   2   5.4e-07   5.8e-05   20.4   9.2   213   410    96   313    89   323 0.70 -
680_g                -            354 29462at5794          -            441   2.5e-08   31.4   0.1   1   1   3.1e-10   3.3e-08   31.1   0.1   217   297   178   259   155   308 0.81 -
1335_g               -            835 29462at5794          -            441   3.2e-08   31.1  12.8   1   4    0.0055      0.59    7.2   0.0   374   412    65   103    55   110 0.77 -
1335_g               -            835 29462at5794          -            441   3.2e-08   31.1  12.8   2   4     0.044       4.7    4.2   0.1   372   409   105   142   101   163 0.84 -
1335_g               -            835 29462at5794          -            441   3.2e-08   31.1  12.8   3   4     0.028         3    4.9   0.0   219   258   261   301   243   342 0.79 -
1335_g               -            835 29462at5794          -            441   3.2e-08   31.1  12.8   4   4     9e-06   0.00096   16.4   5.0   271   334   419   487   405   509 0.83 -
817_g                -            364 29462at5794          -            441   5.6e-08   30.3   2.1   1   2   2.6e-08   2.8e-06   24.7   0.6   235   343    31   150    25   169 0.78 -
817_g                -            364 29462at5794          -            441   5.6e-08   30.3   2.1   2   2     0.034       3.6    4.6   0.0   288   335   195   246   182   260 0.71 -
978_g                -           2330 29462at5794          -            441   8.2e-08   29.8   1.3   1   2   1.4e-06   0.00016   19.0   0.8   257   318  2059  2120  2055  2156 0.77 -
978_g                -           2330 29462at5794          -            441   8.2e-08   29.8   1.3   2   2    0.0046       0.5    7.4   0.0   190   251  2267  2325  2257  2327 0.84 -
4178_g               -            381 29462at5794          -            441   2.4e-07   28.2   2.7   1   1   2.2e-09   2.4e-07   28.2   2.7   170   295   133   272    82   282 0.78 -
2282_g               -            446 29462at5794          -            441     1e-06   26.1   2.4   1   2   3.3e-07   3.5e-05   21.1   0.7   226   339    78   204    68   232 0.73 -
2282_g               -            446 29462at5794          -            441     1e-06   26.1   2.4   2   2     0.086       9.2    3.2   0.0   217   265   308   353   297   361 0.70 -
3362_g               -            459 29462at5794          -            441   1.8e-06   25.3   0.5   1   3       8.2   8.8e+02   -3.3   0.0   318   335   161   178   157   181 0.81 -
3362_g               -            459 29462at5794          -            441   1.8e-06   25.3   0.5   2   3       7.6   8.1e+02   -3.2   0.0   238   251   222   235   219   239 0.85 -
3362_g               -            459 29462at5794          -            441   1.8e-06   25.3   0.5   3   3   3.9e-08   4.2e-06   24.1   0.1   236   299   341   405   317   433 0.77 -
2527_g               -            806 29462at5794          -            441   9.1e-06   23.0  10.2   1   3    0.0032      0.35    7.9   4.6   140   335   115   313   106   365 0.72 -
2527_g               -            806 29462at5794          -            441   9.1e-06   23.0  10.2   2   3   6.4e-06   0.00069   16.8   0.0   220   293   417   488   401   497 0.88 -
2527_g               -            806 29462at5794          -            441   9.1e-06   23.0  10.2   3   3       4.8   5.1e+02   -2.5   0.0   148   186   559   597   553   602 0.86 -
3082_g               -           1439 29462at5794          -            441   1.6e-05   22.2   9.5   1   3   0.00022     0.023   11.8   1.2   217   298   140   227   114   234 0.64 -
3082_g               -           1439 29462at5794          -            441   1.6e-05   22.2   9.5   2   3   3.4e-06   0.00037   17.7   2.5   189   315   208   335   196   341 0.85 -
3082_g               -           1439 29462at5794          -            441   1.6e-05   22.2   9.5   3   3       2.2   2.4e+02   -1.4   0.1   190   234   865   909   814   914 0.79 -
3625_g               -            707 29462at5794          -            441   5.1e-05   20.5   5.5   1   3   0.00012     0.013   12.7   1.3   153   269   111   235    77   245 0.70 -
3625_g               -            707 29462at5794          -            441   5.1e-05   20.5   5.5   2   3     1e-05    0.0011   16.2   0.7   264   349   185   288   183   300 0.70 -
3625_g               -            707 29462at5794          -            441   5.1e-05   20.5   5.5   3   3       3.2   3.4e+02   -1.9   0.0   308   350   299   342   295   348 0.69 -
1563_g               -            593 29462at5794          -            441   5.4e-05   20.5  15.8   1   4    0.0056       0.6    7.1   0.4   208   271   204   266   194   273 0.70 -
1563_g               -            593 29462at5794          -            441   5.4e-05   20.5  15.8   2   4       1.1   1.1e+02   -0.4   0.1   316   339   285   308   272   319 0.72 -
1563_g               -            593 29462at5794          -            441   5.4e-05   20.5  15.8   3   4    0.0033      0.35    7.9   0.3   299   347   396   442   381   450 0.75 -
1563_g               -            593 29462at5794          -            441   5.4e-05   20.5  15.8   4   4   5.2e-05    0.0056   13.8   0.5   234   286   455   507   443   517 0.83 -
3551_g               -            670 29462at5794          -            441   9.9e-05   19.6   2.0   1   3       0.3        32    1.5   0.0   308   338   375   406   368   414 0.75 -
3551_g               -            670 29462at5794          -            441   9.9e-05   19.6   2.0   2   3    0.0011      0.12    9.5   0.1   182   334   429   595   424   596 0.73 -
3551_g               -            670 29462at5794          -            441   9.9e-05   19.6   2.0   3   3     0.001      0.11    9.6   0.3   237   291   581   636   577   646 0.53 -
2472_g               -            685 29462at5794          -            441   0.00012   19.4   0.1   1   1   1.8e-06   0.00019   18.7   0.1   221   296   191   275   150   329 0.74 -
4746_g               -           1866 29462at5794          -            441   0.00017   18.8   0.1   1   4         6   6.4e+02   -2.8   0.2    93   133   751   791   746   800 0.85 -
4746_g               -           1866 29462at5794          -            441   0.00017   18.8   0.1   2   4       0.1        11    3.0   0.1   316   339  1483  1506  1450  1522 0.57 -
4746_g               -           1866 29462at5794          -            441   0.00017   18.8   0.1   3   4   1.6e-06   0.00017   18.8   0.1   224   380  1563  1719  1539  1727 0.82 -
4746_g               -           1866 29462at5794          -            441   0.00017   18.8   0.1   4   4      0.38        41    1.1   0.1   263   294  1780  1811  1773  1830 0.73 -
4428_g               -            617 29462at5794          -            441   0.00025   18.3   0.6   1   4       8.3   8.9e+02   -3.3   0.0   222   434    41    70    31    73 0.47 -
4428_g               -            617 29462at5794          -            441   0.00025   18.3   0.6   2   4      0.48        51    0.8   0.2   166   207   151   192   121   220 0.69 -
4428_g               -            617 29462at5794          -            441   0.00025   18.3   0.6   3   4   0.00036     0.038   11.1   0.0   167   254   237   322   226   328 0.82 -
4428_g               -            617 29462at5794          -            441   0.00025   18.3   0.6   4   4      0.21        23    1.9   0.0   296   336   571   609   557   612 0.61 -
977_g                -            534 29462at5794          -            441    0.0013   15.9   0.9   1   2     0.078       8.3    3.4   0.0   235   258   275   298   269   309 0.75 -
977_g                -            534 29462at5794          -            441    0.0013   15.9   0.9   2   2   0.00073     0.078   10.1   0.2   198   295   362   460   349   484 0.56 -
2964_g               -            645 29462at5794          -            441    0.0022   15.2   0.1   1   2       1.2   1.3e+02   -0.6   0.0   181   215   190   224   178   246 0.77 -
2964_g               -            645 29462at5794          -            441    0.0022   15.2   0.1   2   2   0.00012     0.013   12.6   0.2   232   314   316   396   299   409 0.79 -
2654_g               -            575 29462at5794          -            441      0.01   13.0   0.0   1   1   0.00018     0.019   12.1   0.0   191   296   156   256   111   279 0.67 -
2265_g               -           2974 29462at5794          -            441     0.013   12.7   2.2   1   2   0.00022     0.024   11.8   0.6   167   288   137   213   118   223 0.53 -
2265_g               -           2974 29462at5794          -            441     0.013   12.7   2.2   2   2       1.4   1.5e+02   -0.8   0.0   176   211   492   527   478   543 0.81 -
2284_g               -            684 29462at5794          -            441     0.019   12.1   9.3   1   3    0.0012      0.13    9.4   1.4   236   332    25   132     9   142 0.70 -
2284_g               -            684 29462at5794          -            441     0.019   12.1   9.3   2   3      0.15        16    2.4   0.2   236   290   195   257   187   263 0.76 -
2284_g               -            684 29462at5794          -            441     0.019   12.1   9.3   3   3     0.094        10    3.1   0.1   369   404   272   308   256   338 0.78 -
3070_g               -            807 29462at5794          -            441      0.12    9.5   4.4   1   4     0.084         9    3.3   0.1   308   345   271   311   254   325 0.75 -
3070_g               -            807 29462at5794          -            441      0.12    9.5   4.4   2   4     0.063       6.7    3.7   0.0   190   211   392   413   378   422 0.68 -
3070_g               -            807 29462at5794          -            441      0.12    9.5   4.4   3   4       0.3        33    1.4   0.1   221   264   658   701   603   710 0.54 -
3070_g               -            807 29462at5794          -            441      0.12    9.5   4.4   4   4         3   3.2e+02   -1.8   0.0   190   215   727   751   720   761 0.63 -
#
# Program:         hmmsearch
# Version:         3.1b2 (February 2015)
# Pipeline mode:   SEARCH
# Query file:      /mnt/e/Bioinformatics/Semester2/BINP29/Malaria Project/Genomes/Parsed/busco_downloads/lineages/apicomplexa_odb10/hmms/29462at5794.hmm
# Target file:     /mnt/e/Bioinformatics/Semester2/BINP29/Malaria Project/Genomes/Parsed/Pv_new.faa
# Option settings: hmmsearch --domtblout /mnt/e/Bioinformatics/Semester2/BINP29/Malaria Project/Genomes/Parsed/Pv/run_apicomplexa_odb10/hmmer_output/initial_run_results/29462at5794.out --cpu 1 /mnt/e/Bioinformatics/Semester2/BINP29/Malaria Project/Genomes/Parsed/busco_downloads/lineages/apicomplexa_odb10/hmms/29462at5794.hmm /mnt/e/Bioinformatics/Semester2/BINP29/Malaria Project/Genomes/Parsed/Pv_new.faa 
# Current dir:     /mnt/e/Bioinformatics/Semester2/BINP29/Malaria Project/Genomes/Parsed
# Date:            Wed Mar  1 19:31:43 2023
# [ok]
