#                                                                            --- full sequence --- -------------- this domain -------------   hmm coord   ali coord   env coord
# target name        accession   tlen query name           accession   qlen   E-value  score  bias   #  of  c-Evalue  i-Evalue  score  bias  from    to  from    to  from    to  acc description of target
#------------------- ---------- ----- -------------------- ---------- ----- --------- ------ ----- --- --- --------- --------- ------ ----- ----- ----- ----- ----- ----- ----- ---- ---------------------
1513_g               -            382 32542at5794          -             54    0.0001   20.2  19.4   1  10    0.0031        17    3.5   0.1    11    37    10    36     2    51 0.85 -
1513_g               -            382 32542at5794          -             54    0.0001   20.2  19.4   2  10     0.014        80    1.4   0.0    35    52    52    69    42    71 0.84 -
1513_g               -            382 32542at5794          -             54    0.0001   20.2  19.4   3  10    0.0031        18    3.5   0.1    11    37    86   112    77   127 0.84 -
1513_g               -            382 32542at5794          -             54    0.0001   20.2  19.4   4  10     0.014        82    1.4   0.0    35    52   128   145   119   147 0.84 -
1513_g               -            382 32542at5794          -             54    0.0001   20.2  19.4   5  10    0.0031        18    3.5   0.1    11    37   162   188   153   203 0.84 -
1513_g               -            382 32542at5794          -             54    0.0001   20.2  19.4   6  10     0.014        82    1.4   0.0    35    52   204   221   195   223 0.84 -
1513_g               -            382 32542at5794          -             54    0.0001   20.2  19.4   7  10    0.0031        18    3.5   0.1    11    37   238   264   229   279 0.84 -
1513_g               -            382 32542at5794          -             54    0.0001   20.2  19.4   8  10     0.014        82    1.4   0.0    35    52   280   297   271   299 0.84 -
1513_g               -            382 32542at5794          -             54    0.0001   20.2  19.4   9  10    0.0031        18    3.5   0.1    11    37   314   340   305   355 0.84 -
1513_g               -            382 32542at5794          -             54    0.0001   20.2  19.4  10  10     0.014        82    1.4   0.0    35    52   356   373   347   375 0.84 -
#
# Program:         hmmsearch
# Version:         3.1b2 (February 2015)
# Pipeline mode:   SEARCH
# Query file:      /mnt/e/Bioinformatics/Semester2/BINP29/Malaria Project/Genomes/Parsed/busco_downloads/lineages/apicomplexa_odb10/hmms/32542at5794.hmm
# Target file:     /mnt/e/Bioinformatics/Semester2/BINP29/Malaria Project/Genomes/Parsed/Pv_new.faa
# Option settings: hmmsearch --domtblout /mnt/e/Bioinformatics/Semester2/BINP29/Malaria Project/Genomes/Parsed/Pv/run_apicomplexa_odb10/hmmer_output/initial_run_results/32542at5794.out --cpu 1 /mnt/e/Bioinformatics/Semester2/BINP29/Malaria Project/Genomes/Parsed/busco_downloads/lineages/apicomplexa_odb10/hmms/32542at5794.hmm /mnt/e/Bioinformatics/Semester2/BINP29/Malaria Project/Genomes/Parsed/Pv_new.faa 
# Current dir:     /mnt/e/Bioinformatics/Semester2/BINP29/Malaria Project/Genomes/Parsed
# Date:            Wed Mar  1 19:31:48 2023
# [ok]
