#                                                                            --- full sequence --- -------------- this domain -------------   hmm coord   ali coord   env coord
# target name        accession   tlen query name           accession   qlen   E-value  score  bias   #  of  c-Evalue  i-Evalue  score  bias  from    to  from    to  from    to  acc description of target
#------------------- ---------- ----- -------------------- ---------- ----- --------- ------ ----- --- --- --------- --------- ------ ----- ----- ----- ----- ----- ----- ----- ---- ---------------------
1532_g               -            855 3446at5794           -            728         0 1277.3  11.2   1   1         0         0 1276.9  11.2     5   721    46   828    40   835 0.94 -
2430_g               -            756 3446at5794           -            728   2.6e-67  225.7   0.2   1   1   3.8e-69   3.5e-67  225.3   0.2   445   727   432   719   427   720 0.90 -
4029_g               -            342 3446at5794           -            728   1.5e-62  210.0   0.7   1   1   2.1e-64   1.9e-62  209.6   0.7   437   717    27   313    22   324 0.92 -
896_g                -            564 3446at5794           -            728   1.2e-43  147.5   6.3   1   2   1.3e-45   1.2e-43  147.5   6.3   430   717   108   401   101   406 0.85 -
896_g                -            564 3446at5794           -            728   1.2e-43  147.5   6.3   2   2       3.8   3.5e+02   -2.8   0.0    99   133   525   559   496   562 0.60 -
4339_g               -            603 3446at5794           -            728     6e-43  145.2   0.2   1   1   9.2e-45   8.5e-43  144.7   0.2   440   680   156   406   151   438 0.86 -
2922_g               -            530 3446at5794           -            728   3.1e-39  132.9   6.1   1   2   6.2e-41   5.7e-39  132.0   5.0   431   678    58   320    40   331 0.86 -
2922_g               -            530 3446at5794           -            728   3.1e-39  132.9   6.1   2   2      0.87        80   -0.7   0.0   169   203   347   381   326   400 0.85 -
1644_g               -            285 3446at5794           -            728   2.9e-36  123.1   4.3   1   1     4e-38   3.7e-36  122.7   4.3   446   678    26   270    11   279 0.84 -
2211_g               -            455 3446at5794           -            728   3.4e-36  122.8   1.3   1   1   5.3e-38   4.8e-36  122.3   1.3     3   226   188   434   186   445 0.81 -
1234_g               -            747 3446at5794           -            728   1.1e-35  121.2   5.9   1   1   1.7e-37   1.6e-35  120.6   5.9   441   671   480   718   458   726 0.84 -
4601_g               -           1990 3446at5794           -            728     7e-33  111.9   0.8   1   1   1.3e-34   1.2e-32  111.1   0.8   434   678  1528  1782  1518  1798 0.84 -
3049_g               -            527 3446at5794           -            728   1.6e-32  110.7   5.9   1   1   3.7e-34   3.4e-32  109.6   5.9   435   677    49   317    43   346 0.80 -
52_g                 -            289 3446at5794           -            728   2.8e-32  109.9   0.2   1   1   3.7e-34   3.4e-32  109.6   0.2   445   675    15   257    11   279 0.82 -
438_g                -           3971 3446at5794           -            728   3.5e-32  109.6   0.2   1   1   5.8e-34   5.4e-32  109.0   0.2   445   676  1152  1390  1145  1403 0.89 -
2362_g               -            509 3446at5794           -            728   4.9e-32  109.1   0.5   1   1   7.7e-34   7.1e-32  108.6   0.5   446   670   115   346   107   361 0.87 -
4598_g               -           1629 3446at5794           -            728   8.6e-32  108.3   3.0   1   1   1.4e-33   1.3e-31  107.7   3.0   446   643  1193  1399  1184  1418 0.86 -
4589_g               -            562 3446at5794           -            728   4.4e-29   99.3   4.8   1   2   1.2e-18   1.1e-16   58.4   2.1   441   585    33   188    14   199 0.77 -
4589_g               -            562 3446at5794           -            728   4.4e-29   99.3   4.8   2   2   1.6e-13   1.4e-11   41.4   0.0   590   714   345   463   327   484 0.83 -
4348_g               -           1608 3446at5794           -            728   5.2e-29   99.1   1.1   1   1   7.4e-31   6.7e-29   98.7   1.1   446   695  1343  1606  1316  1607 0.82 -
2933_g               -            311 3446at5794           -            728   6.8e-29   98.7   1.6   1   1   9.1e-31   8.4e-29   98.4   1.6   444   677     6   250     2   287 0.83 -
1695_g               -           3336 3446at5794           -            728   6.9e-28   95.4  15.4   1   6   1.4e-10   1.3e-08   31.7   0.2   318   426  1930  2048  1910  2059 0.83 -
1695_g               -           3336 3446at5794           -            728   6.9e-28   95.4  15.4   2   6   6.8e-06   0.00062   16.2   0.4   333   396  2201  2270  2178  2300 0.78 -
1695_g               -           3336 3446at5794           -            728   6.9e-28   95.4  15.4   3   6   2.2e-05    0.0021   14.5   0.5   319   382  2338  2402  2316  2408 0.85 -
1695_g               -           3336 3446at5794           -            728   6.9e-28   95.4  15.4   4   6      0.06       5.5    3.2   0.0   382   405  2432  2455  2416  2487 0.72 -
1695_g               -           3336 3446at5794           -            728   6.9e-28   95.4  15.4   5   6      0.27        25    1.0   0.0    28   113  2968  3063  2959  3076 0.79 -
1695_g               -           3336 3446at5794           -            728   6.9e-28   95.4  15.4   6   6   4.9e-11   4.5e-09   33.2   0.0   320   405  3075  3167  3063  3179 0.83 -
1982_g               -            369 3446at5794           -            728   6.5e-27   92.2   3.7   1   1   8.8e-29     8e-27   91.9   3.7   443   672   109   346    71   364 0.83 -
1276_g               -            378 3446at5794           -            728   8.5e-27   91.8   4.5   1   1   1.1e-28     1e-26   91.5   4.5   445   679    45   301    24   351 0.75 -
1354_g               -           2444 3446at5794           -            728   1.1e-25   88.2   3.4   1   2   2.8e-27   2.6e-25   86.9   1.4   446   676   123   390   102   418 0.74 -
1354_g               -           2444 3446at5794           -            728   1.1e-25   88.2   3.4   2   2       1.8   1.6e+02   -1.7   0.0   371   406   658   693   653   721 0.71 -
706_g                -            355 3446at5794           -            728   6.1e-23   79.0   0.0   1   1   8.7e-25     8e-23   78.6   0.0   441   641    30   251    18   277 0.80 -
902_g                -            324 3446at5794           -            728   1.9e-22   77.4   0.8   1   1   3.4e-24   3.1e-22   76.7   0.8   447   657    14   244     6   252 0.82 -
1318_g               -            886 3446at5794           -            728     2e-22   77.3   2.6   1   2   3.9e-13   3.6e-11   40.1   0.9   445   572   559   694   552   708 0.82 -
1318_g               -            886 3446at5794           -            728     2e-22   77.3   2.6   2   2   4.7e-12   4.3e-10   36.5   0.0   568   644   715   793   704   814 0.85 -
3188_g               -           2126 3446at5794           -            728   4.1e-22   76.3   0.6   1   1   6.5e-24     6e-22   75.8   0.6   469   632  1727  1902  1718  1917 0.83 -
437_g                -            289 3446at5794           -            728   2.3e-21   73.8   0.0   1   1   3.3e-23     3e-21   73.4   0.0   446   644     8   217     3   230 0.79 -
1579_g               -            740 3446at5794           -            728   4.8e-20   69.4   0.9   1   1   9.8e-22     9e-20   68.6   0.9   445   643    23   238    10   252 0.81 -
2262_g               -           2561 3446at5794           -            728   6.1e-19   65.8   0.2   1   1   1.2e-20   1.1e-18   64.9   0.2   438   635    10   248     4   301 0.71 -
4318_g               -            490 3446at5794           -            728   1.4e-18   64.6   0.4   1   1   3.4e-20   3.1e-18   63.5   0.4   446   642   118   330    81   348 0.78 -
4466_g               -            336 3446at5794           -            728   1.6e-16   57.8   2.3   1   1   2.4e-18   2.2e-16   57.4   2.3   446   646    47   254    20   270 0.73 -
5672_g               -            365 3446at5794           -            728     2e-16   57.5   2.3   1   1     3e-18   2.8e-16   57.0   2.3   446   646    53   260    26   276 0.73 -
1991_g               -            335 3446at5794           -            728     2e-16   57.5   0.2   1   1   3.2e-18     3e-16   56.9   0.2   445   636    14   212     6   215 0.71 -
3104_g               -           1030 3446at5794           -            728   3.3e-16   56.8   0.2   1   1   5.1e-18   4.7e-16   56.3   0.2   466   632   791   966   745   975 0.81 -
3088_g               -            345 3446at5794           -            728     4e-16   56.5   0.1   1   2       1.8   1.7e+02   -1.8   0.1   464   483    48    67    16   127 0.63 -
3088_g               -            345 3446at5794           -            728     4e-16   56.5   0.1   2   2   1.1e-17   9.6e-16   55.2   0.0   541   652   154   269   134   280 0.88 -
4521_g               -            709 3446at5794           -            728   4.8e-16   56.2   1.7   1   1   8.4e-18   7.7e-16   55.5   1.7   446   638   378   583   372   654 0.81 -
4514_g               -            576 3446at5794           -            728   6.4e-16   55.8   1.5   1   2   3.9e-15   3.6e-13   46.7   2.7   442   585   171   324   150   332 0.77 -
4514_g               -            576 3446at5794           -            728   6.4e-16   55.8   1.5   2   2    0.0093      0.86    5.8   0.0   589   624   356   393   346   411 0.76 -
3431_g               -            613 3446at5794           -            728     3e-15   53.6   2.4   1   1   4.7e-17   4.3e-15   53.1   2.4   446   638   271   479   264   523 0.76 -
1327_g               -           1527 3446at5794           -            728   6.5e-15   52.5   2.9   1   2    0.0015      0.14    8.4   0.4   444   475   462   493   456   586 0.77 -
1327_g               -           1527 3446at5794           -            728   6.5e-15   52.5   2.9   2   2     3e-14   2.8e-12   43.8   0.1   510   677   595   766   589   784 0.81 -
2655_g               -            722 3446at5794           -            728   1.1e-13   48.4   0.2   1   1   1.7e-15   1.6e-13   47.9   0.2   446   646   462   671   452   702 0.77 -
3304_g               -           1047 3446at5794           -            728   1.5e-13   47.9   8.4   1   3   0.00023     0.021   11.1   0.4   429   540    24   124     5   132 0.74 -
3304_g               -           1047 3446at5794           -            728   1.5e-13   47.9   8.4   2   3   0.00011      0.01   12.2   0.0   524   571   226   274   210   285 0.83 -
3304_g               -           1047 3446at5794           -            728   1.5e-13   47.9   8.4   3   3   2.7e-09   2.5e-07   27.4   0.6   571   645   571   650   557   758 0.88 -
4192_g               -            326 3446at5794           -            728     2e-13   47.6   6.1   1   1   6.9e-15   6.3e-13   45.9   6.1   447   639    15   236    10   244 0.76 -
3385_g               -           1617 3446at5794           -            728   4.4e-13   46.4   0.7   1   2     0.015       1.4    5.1   0.4   437   503   689   757   666   763 0.70 -
3385_g               -           1617 3446at5794           -            728   4.4e-13   46.4   0.7   2   2   6.5e-13     6e-11   39.4   0.0   543   641   908  1013   895  1031 0.80 -
538_g                -           2214 3446at5794           -            728     2e-12   44.2   0.7   1   1   3.7e-14   3.4e-12   43.5   0.7   477   657  1994  2179  1976  2211 0.79 -
4432_g               -           1285 3446at5794           -            728   2.1e-12   44.2   6.7   1   2   2.2e-07     2e-05   21.1   4.6   459   570   286   402   279   420 0.84 -
4432_g               -           1285 3446at5794           -            728   2.1e-12   44.2   6.7   2   2     6e-08   5.5e-06   23.0   0.0   587   631   528   573   520   644 0.76 -
794_g                -           1737 3446at5794           -            728   2.1e-11   40.9   0.0   1   1   3.9e-13   3.6e-11   40.1   0.0   532   651  1558  1680  1542  1694 0.80 -
1339_g               -           1276 3446at5794           -            728   3.7e-11   40.1   0.5   1   2   4.3e-05    0.0039   13.5   0.2   507   575   896   967   879   984 0.73 -
1339_g               -           1276 3446at5794           -            728   3.7e-11   40.1   0.5   2   2   2.1e-08   1.9e-06   24.5   0.0   571   631  1049  1110  1041  1123 0.89 -
4804_g               -           2088 3446at5794           -            728   5.2e-10   36.3   0.0   1   1   8.4e-12   7.7e-10   35.7   0.0   427   629    60   275    47   328 0.80 -
3077_g               -           1616 3446at5794           -            728     7e-10   35.9   0.3   1   2   9.5e-05    0.0087   12.4   0.2   462   570  1136  1251  1117  1272 0.73 -
3077_g               -           1616 3446at5794           -            728     7e-10   35.9   0.3   2   2   1.9e-07   1.7e-05   21.4   0.0   589   676  1509  1599  1480  1606 0.78 -
4408_g               -           1392 3446at5794           -            728   8.1e-10   35.6   0.2   1   2      0.12        11    2.1   0.0   542   567   187   213   180   216 0.85 -
4408_g               -           1392 3446at5794           -            728   8.1e-10   35.6   0.2   2   2   1.9e-10   1.7e-08   31.2   0.0   568   642   695   770   675   796 0.85 -
4724_g               -            293 3446at5794           -            728   3.6e-09   33.5   0.0   1   1     5e-11   4.6e-09   33.1   0.0   542   649    80   202    67   229 0.77 -
3943_g               -           3261 3446at5794           -            728   9.1e-09   32.2   0.0   1   1   1.5e-10   1.4e-08   31.6   0.0   441   648  2962  3209  2946  3242 0.67 -
2725_g               -           3695 3446at5794           -            728   6.6e-08   29.3   0.1   1   2   1.2e-07   1.1e-05   22.0   0.0   540   582  3171  3213  3152  3223 0.91 -
2725_g               -           3695 3446at5794           -            728   6.6e-08   29.3   0.1   2   2     0.017       1.6    4.9   0.0   587   622  3586  3624  3580  3629 0.79 -
2436_g               -            731 3446at5794           -            728   3.2e-07   27.1   5.6   1   1   1.9e-08   1.7e-06   24.6   5.6   446   679    28   288    22   317 0.69 -
3971_g               -            591 3446at5794           -            728   3.7e-06   23.6   0.2   1   2    0.0088      0.81    5.9   0.1   541   570   392   421   359   439 0.73 -
3971_g               -            591 3446at5794           -            728   3.7e-06   23.6   0.2   2   2   8.4e-06   0.00077   15.9   0.0   564   636   444   519   426   557 0.84 -
2054_g               -            518 3446at5794           -            728   4.1e-06   23.4   3.8   1   2   6.6e-05     0.006   12.9   1.9   484   569   257   345   231   366 0.77 -
2054_g               -            518 3446at5794           -            728   4.1e-06   23.4   3.8   2   2    0.0004     0.036   10.3   0.0   591   630   419   459   392   499 0.82 -
4233_g               -            328 3446at5794           -            728   4.9e-06   23.1   0.2   1   1   6.9e-08   6.3e-06   22.8   0.2   513   653    98   241    78   255 0.82 -
4583_g               -           1563 3446at5794           -            728   9.7e-06   22.2   0.0   1   1   1.9e-07   1.7e-05   21.3   0.0   536   629   350   449   326   469 0.79 -
613_g                -            807 3446at5794           -            728   0.00014   18.3   0.1   1   1   4.9e-06   0.00045   16.6   0.1   514   606   173   268   103   272 0.64 -
4326_g               -           3009 3446at5794           -            728   0.00037   16.9   0.1   1   1   5.9e-06   0.00054   16.4   0.1   443   576   169   313   145   336 0.72 -
4451_g               -           1293 3446at5794           -            728    0.0056   13.0   0.0   1   2    0.0026      0.24    7.6   0.0   541   581  1054  1094  1042  1109 0.88 -
4451_g               -           1293 3446at5794           -            728    0.0056   13.0   0.0   2   2     0.064       5.8    3.1   0.0   600   632  1185  1219  1164  1238 0.82 -
3942_g               -           1125 3446at5794           -            728     0.015   11.6   0.0   1   2     0.075       6.9    2.8   0.0   542   591   859   909   846   914 0.82 -
3942_g               -           1125 3446at5794           -            728     0.015   11.6   0.0   2   2    0.0065       0.6    6.3   0.0   581   630   994  1042   988  1047 0.80 -
#
# Program:         hmmsearch
# Version:         3.1b2 (February 2015)
# Pipeline mode:   SEARCH
# Query file:      /mnt/e/Bioinformatics/Semester2/BINP29/Malaria Project/Genomes/Parsed/busco_downloads/lineages/apicomplexa_odb10/hmms/3446at5794.hmm
# Target file:     /mnt/e/Bioinformatics/Semester2/BINP29/Malaria Project/Genomes/Parsed/Pv_new.faa
# Option settings: hmmsearch --domtblout /mnt/e/Bioinformatics/Semester2/BINP29/Malaria Project/Genomes/Parsed/Pv/run_apicomplexa_odb10/hmmer_output/initial_run_results/3446at5794.out --cpu 1 /mnt/e/Bioinformatics/Semester2/BINP29/Malaria Project/Genomes/Parsed/busco_downloads/lineages/apicomplexa_odb10/hmms/3446at5794.hmm /mnt/e/Bioinformatics/Semester2/BINP29/Malaria Project/Genomes/Parsed/Pv_new.faa 
# Current dir:     /mnt/e/Bioinformatics/Semester2/BINP29/Malaria Project/Genomes/Parsed
# Date:            Wed Mar  1 19:31:49 2023
# [ok]
