#                                                                            --- full sequence --- -------------- this domain -------------   hmm coord   ali coord   env coord
# target name        accession   tlen query name           accession   qlen   E-value  score  bias   #  of  c-Evalue  i-Evalue  score  bias  from    to  from    to  from    to  acc description of target
#------------------- ---------- ----- -------------------- ---------- ----- --------- ------ ----- --- --- --------- --------- ------ ----- ----- ----- ----- ----- ----- ----- ---- ---------------------
396_g                -            949 3522at5794           -            613  2.7e-279  925.8  10.9   1   3   7.9e-68   1.5e-64  216.5   0.6     1   147   165   336   165   341 0.91 -
396_g                -            949 3522at5794           -            613  2.7e-279  925.8  10.9   2   3     1e-55   1.9e-52  176.5   0.1   146   258   356   471   351   482 0.93 -
396_g                -            949 3522at5794           -            613  2.7e-279  925.8  10.9   3   3  5.2e-165  9.8e-162  537.5   0.9   254   612   507   914   492   915 0.91 -
2841_g               -           1555 3522at5794           -            613   5.1e-48  161.9   8.1   1   3     0.095   1.8e+02   -1.7   0.0    52    83   704   734   642   739 0.59 -
2841_g               -           1555 3522at5794           -            613   5.1e-48  161.9   8.1   2   3     5e-41   9.5e-38  128.0   2.2   109   422   941  1309   934  1330 0.79 -
2841_g               -           1555 3522at5794           -            613   5.1e-48  161.9   8.1   3   3   6.6e-13   1.3e-09   35.1   0.1   438   600  1355  1532  1346  1546 0.84 -
3292_g               -            760 3522at5794           -            613     7e-13   45.9   4.6   1   3   7.1e-11   1.4e-07   28.4   0.2    12   165    10   174     3   186 0.76 -
3292_g               -            760 3522at5794           -            613     7e-13   45.9   4.6   2   3   1.2e-06    0.0022   14.5   0.1   257   418   324   517   312   522 0.66 -
3292_g               -            760 3522at5794           -            613     7e-13   45.9   4.6   3   3      0.07   1.3e+02   -1.3   0.1   465   525   596   656   573   668 0.66 -
#
# Program:         hmmsearch
# Version:         3.1b2 (February 2015)
# Pipeline mode:   SEARCH
# Query file:      /mnt/e/Bioinformatics/Semester2/BINP29/Malaria Project/Genomes/Parsed/busco_downloads/lineages/apicomplexa_odb10/hmms/3522at5794.hmm
# Target file:     /mnt/e/Bioinformatics/Semester2/BINP29/Malaria Project/Genomes/Parsed/Pv_new.faa
# Option settings: hmmsearch --domtblout /mnt/e/Bioinformatics/Semester2/BINP29/Malaria Project/Genomes/Parsed/Pv/run_apicomplexa_odb10/hmmer_output/initial_run_results/3522at5794.out --cpu 1 /mnt/e/Bioinformatics/Semester2/BINP29/Malaria Project/Genomes/Parsed/busco_downloads/lineages/apicomplexa_odb10/hmms/3522at5794.hmm /mnt/e/Bioinformatics/Semester2/BINP29/Malaria Project/Genomes/Parsed/Pv_new.faa 
# Current dir:     /mnt/e/Bioinformatics/Semester2/BINP29/Malaria Project/Genomes/Parsed
# Date:            Wed Mar  1 19:31:50 2023
# [ok]
