#                                                                            --- full sequence --- -------------- this domain -------------   hmm coord   ali coord   env coord
# target name        accession   tlen query name           accession   qlen   E-value  score  bias   #  of  c-Evalue  i-Evalue  score  bias  from    to  from    to  from    to  acc description of target
#------------------- ---------- ----- -------------------- ---------- ----- --------- ------ ----- --- --- --------- --------- ------ ----- ----- ----- ----- ----- ----- ----- ---- ---------------------
2561_g               -            888 4967at5794           -            467  6.1e-181  600.3  41.7   1   4  4.8e-103  5.4e-100  333.4   8.7     1   227     1   258     1   268 0.90 -
2561_g               -            888 4967at5794           -            467  6.1e-181  600.3  41.7   2   4   1.1e-64   1.3e-61  206.9   1.1   219   359   280   435   261   462 0.88 -
2561_g               -            888 4967at5794           -            467  6.1e-181  600.3  41.7   3   4   9.6e-25   1.1e-21   75.3   1.1   371   458   626   719   612   725 0.89 -
2561_g               -            888 4967at5794           -            467  6.1e-181  600.3  41.7   4   4         5   5.7e+03   -8.0   8.6   381   432   791   844   753   878 0.51 -
3326_g               -            691 4967at5794           -            467     1e-64  217.1   9.2   1   3   1.4e-17   1.6e-14   51.7   0.1     4    74    18    88    16    99 0.96 -
3326_g               -            691 4967at5794           -            467     1e-64  217.1   9.2   2   3     7e-50   7.9e-47  158.1   0.0    89   340   129   394    92   399 0.87 -
3326_g               -            691 4967at5794           -            467     1e-64  217.1   9.2   3   3   8.4e-05     0.095    9.5   3.1   373   454   523   609   502   621 0.66 -
3862_g               -            684 4967at5794           -            467     1e-58  197.3  10.9   1   3   6.7e-15   7.6e-12   42.8   0.0     2    73    60   131    59   136 0.96 -
3862_g               -            684 4967at5794           -            467     1e-58  197.3  10.9   2   3     5e-46   5.7e-43  145.4   0.1    90   338   173   432   147   435 0.85 -
3862_g               -            684 4967at5794           -            467     1e-58  197.3  10.9   3   3   3.3e-05     0.037   10.9   5.3   376   457   563   649   545   656 0.72 -
4699_g               -            664 4967at5794           -            467   1.2e-52  177.3  15.1   1   3   2.1e-12   2.4e-09   34.6   0.1     3    73    43   114    42   129 0.94 -
4699_g               -            664 4967at5794           -            467   1.2e-52  177.3  15.1   2   3     4e-44   4.6e-41  139.1   0.0    97   338   161   415   141   421 0.87 -
4699_g               -            664 4967at5794           -            467   1.2e-52  177.3  15.1   3   3   0.00067      0.76    6.5   8.3   359   459   527   629   517   637 0.65 -
842_g                -            929 4967at5794           -            467     3e-36  123.3  17.8   1   3     1e-05     0.011   12.5   0.0     2    53    25    77    24   114 0.89 -
842_g                -            929 4967at5794           -            467     3e-36  123.3  17.8   2   3   2.4e-33   2.7e-30  103.6   2.5   101   347   190   455   170   464 0.81 -
842_g                -            929 4967at5794           -            467     3e-36  123.3  17.8   3   3   1.2e-05     0.013   12.3   5.4   382   456   657   738   618   750 0.67 -
#
# Program:         hmmsearch
# Version:         3.1b2 (February 2015)
# Pipeline mode:   SEARCH
# Query file:      /mnt/e/Bioinformatics/Semester2/BINP29/Malaria Project/Genomes/Parsed/busco_downloads/lineages/apicomplexa_odb10/hmms/4967at5794.hmm
# Target file:     /mnt/e/Bioinformatics/Semester2/BINP29/Malaria Project/Genomes/Parsed/Pv_new.faa
# Option settings: hmmsearch --domtblout /mnt/e/Bioinformatics/Semester2/BINP29/Malaria Project/Genomes/Parsed/Pv/run_apicomplexa_odb10/hmmer_output/initial_run_results/4967at5794.out --cpu 1 /mnt/e/Bioinformatics/Semester2/BINP29/Malaria Project/Genomes/Parsed/busco_downloads/lineages/apicomplexa_odb10/hmms/4967at5794.hmm /mnt/e/Bioinformatics/Semester2/BINP29/Malaria Project/Genomes/Parsed/Pv_new.faa 
# Current dir:     /mnt/e/Bioinformatics/Semester2/BINP29/Malaria Project/Genomes/Parsed
# Date:            Wed Mar  1 19:31:53 2023
# [ok]
