#                                                                            --- full sequence --- -------------- this domain -------------   hmm coord   ali coord   env coord
# target name        accession   tlen query name           accession   qlen   E-value  score  bias   #  of  c-Evalue  i-Evalue  score  bias  from    to  from    to  from    to  acc description of target
#------------------- ---------- ----- -------------------- ---------- ----- --------- ------ ----- --- --- --------- --------- ------ ----- ----- ----- ----- ----- ----- ----- ---- ---------------------
1671_g               -            843 6474at5794           -            484  9.7e-223  738.6   9.5   1   4   1.6e-54   4.6e-51  172.4   0.0     1   110   175   285   175   299 0.94 -
1671_g               -            843 6474at5794           -            484  9.7e-223  738.6   9.5   2   4   9.3e-19   2.6e-15   54.5   0.1    93   144   312   364   301   369 0.87 -
1671_g               -            843 6474at5794           -            484  9.7e-223  738.6   9.5   3   4   2.4e-96   6.8e-93  310.3   0.1   143   346   389   635   382   650 0.81 -
1671_g               -            843 6474at5794           -            484  9.7e-223  738.6   9.5   4   4   3.5e-64   9.9e-61  204.3   1.0   340   470   657   806   648   817 0.89 -
4628_g               -            908 6474at5794           -            484   0.00012   19.3   0.0   1   3      0.14     4e+02   -2.2   0.0    28    80   459   510   452   520 0.69 -
4628_g               -            908 6474at5794           -            484   0.00012   19.3   0.0   2   3   7.4e-06     0.021   11.9   0.0   148   210   520   582   504   590 0.82 -
4628_g               -            908 6474at5794           -            484   0.00012   19.3   0.0   3   3    0.0014       3.9    4.4   0.0   392   477   786   880   764   885 0.76 -
#
# Program:         hmmsearch
# Version:         3.1b2 (February 2015)
# Pipeline mode:   SEARCH
# Query file:      /mnt/e/Bioinformatics/Semester2/BINP29/Malaria Project/Genomes/Parsed/busco_downloads/lineages/apicomplexa_odb10/hmms/6474at5794.hmm
# Target file:     /mnt/e/Bioinformatics/Semester2/BINP29/Malaria Project/Genomes/Parsed/Pv_new.faa
# Option settings: hmmsearch --domtblout /mnt/e/Bioinformatics/Semester2/BINP29/Malaria Project/Genomes/Parsed/Pv/run_apicomplexa_odb10/hmmer_output/initial_run_results/6474at5794.out --cpu 1 /mnt/e/Bioinformatics/Semester2/BINP29/Malaria Project/Genomes/Parsed/busco_downloads/lineages/apicomplexa_odb10/hmms/6474at5794.hmm /mnt/e/Bioinformatics/Semester2/BINP29/Malaria Project/Genomes/Parsed/Pv_new.faa 
# Current dir:     /mnt/e/Bioinformatics/Semester2/BINP29/Malaria Project/Genomes/Parsed
# Date:            Wed Mar  1 19:31:55 2023
# [ok]
