#                                                                            --- full sequence --- -------------- this domain -------------   hmm coord   ali coord   env coord
# target name        accession   tlen query name           accession   qlen   E-value  score  bias   #  of  c-Evalue  i-Evalue  score  bias  from    to  from    to  from    to  acc description of target
#------------------- ---------- ----- -------------------- ---------- ----- --------- ------ ----- --- --- --------- --------- ------ ----- ----- ----- ----- ----- ----- ----- ---- ---------------------
2827_g               -            725 7157at5794           -            543    8e-205  679.9  84.1   1   1  7.3e-207    1e-203  676.3  84.1     1   543     4   660     4   660 0.90 -
4479_g               -           1297 7157at5794           -            543   4.4e-11   40.5  41.0   1   6    0.0018       2.6    4.9   8.0    54   261   390   597   357   623 0.58 -
4479_g               -           1297 7157at5794           -            543   4.4e-11   40.5  41.0   2   6   6.7e-06    0.0095   13.0  10.9    68   271   466   681   455   690 0.73 -
4479_g               -           1297 7157at5794           -            543   4.4e-11   40.5  41.0   3   6   1.4e-09   1.9e-06   25.2   5.5    57   156   693   792   682   813 0.85 -
4479_g               -           1297 7157at5794           -            543   4.4e-11   40.5  41.0   4   6     6e-05     0.085    9.8   0.0    71   117   903   949   898   957 0.91 -
4479_g               -           1297 7157at5794           -            543   4.4e-11   40.5  41.0   5   6     0.057        81    0.0   0.1   414   458  1030  1072  1021  1080 0.71 -
4479_g               -           1297 7157at5794           -            543   4.4e-11   40.5  41.0   6   6     0.014        20    2.0   1.5    72   129  1106  1164  1088  1204 0.61 -
1820_g               -            459 7157at5794           -            543   2.5e-05   21.5  18.0   1   3   6.6e-05     0.094    9.7   0.1    77   121   181   225   176   232 0.90 -
1820_g               -            459 7157at5794           -            543   2.5e-05   21.5  18.0   2   3   0.00034      0.49    7.3   5.7   376   475   232   328   225   337 0.83 -
1820_g               -            459 7157at5794           -            543   2.5e-05   21.5  18.0   3   3   3.6e-05     0.051   10.6   2.2    52   429   331   387   327   442 0.59 -
2333_g               -            928 7157at5794           -            543   3.7e-05   20.9  40.4   1   4   0.00067      0.95    6.4  13.6    68   235   200   373   166   394 0.69 -
2333_g               -            928 7157at5794           -            543   3.7e-05   20.9  40.4   2   4   1.2e-05     0.016   12.2   0.8    33    89   504   558   479   591 0.74 -
2333_g               -            928 7157at5794           -            543   3.7e-05   20.9  40.4   3   4     0.042        60    0.4   2.5   190   266   637   711   623   735 0.67 -
2333_g               -            928 7157at5794           -            543   3.7e-05   20.9  40.4   4   4   6.8e-07   0.00097   16.3   3.8    36   185   720   876   708   895 0.82 -
#
# Program:         hmmsearch
# Version:         3.1b2 (February 2015)
# Pipeline mode:   SEARCH
# Query file:      /mnt/e/Bioinformatics/Semester2/BINP29/Malaria Project/Genomes/Parsed/busco_downloads/lineages/apicomplexa_odb10/hmms/7157at5794.hmm
# Target file:     /mnt/e/Bioinformatics/Semester2/BINP29/Malaria Project/Genomes/Parsed/Pv_new.faa
# Option settings: hmmsearch --domtblout /mnt/e/Bioinformatics/Semester2/BINP29/Malaria Project/Genomes/Parsed/Pv/run_apicomplexa_odb10/hmmer_output/initial_run_results/7157at5794.out --cpu 1 /mnt/e/Bioinformatics/Semester2/BINP29/Malaria Project/Genomes/Parsed/busco_downloads/lineages/apicomplexa_odb10/hmms/7157at5794.hmm /mnt/e/Bioinformatics/Semester2/BINP29/Malaria Project/Genomes/Parsed/Pv_new.faa 
# Current dir:     /mnt/e/Bioinformatics/Semester2/BINP29/Malaria Project/Genomes/Parsed
# Date:            Wed Mar  1 19:31:56 2023
# [ok]
