#                                                                            --- full sequence --- -------------- this domain -------------   hmm coord   ali coord   env coord
# target name        accession   tlen query name           accession   qlen   E-value  score  bias   #  of  c-Evalue  i-Evalue  score  bias  from    to  from    to  from    to  acc description of target
#------------------- ---------- ----- -------------------- ---------- ----- --------- ------ ----- --- --- --------- --------- ------ ----- ----- ----- ----- ----- ----- ----- ---- ---------------------
1273_g               -            803 7233at5794           -            418  3.8e-103  344.0  39.4   1   6   9.1e-43   1.7e-39  134.3   4.3     1   118     8   156     8   179 0.82 -
1273_g               -            803 7233at5794           -            418  3.8e-103  344.0  39.4   2   6   6.7e-06     0.013   12.8   0.0   121   174   266   321   257   333 0.72 -
1273_g               -            803 7233at5794           -            418  3.8e-103  344.0  39.4   3   6   9.5e-32   1.8e-28   98.0   5.4   150   260   331   447   313   456 0.86 -
1273_g               -            803 7233at5794           -            418  3.8e-103  344.0  39.4   4   6   2.4e-18   4.5e-15   53.9   0.3   252   330   513   604   492   607 0.79 -
1273_g               -            803 7233at5794           -            418  3.8e-103  344.0  39.4   5   6     0.012        23    2.1   2.7   327   345   628   646   625   672 0.81 -
1273_g               -            803 7233at5794           -            418  3.8e-103  344.0  39.4   6   6   1.8e-18   3.4e-15   54.2   0.2   349   418   721   801   706   801 0.85 -
3914_g               -            747 7233at5794           -            418   2.9e-24   84.1  14.5   1   3   8.9e-14   1.7e-10   38.8   1.8    27   125   106   218    60   231 0.82 -
3914_g               -            747 7233at5794           -            418   2.9e-24   84.1  14.5   2   3    0.0067        13    2.9   0.0   168   240   410   484   400   529 0.83 -
3914_g               -            747 7233at5794           -            418   2.9e-24   84.1  14.5   3   3   9.2e-15   1.7e-11   42.0   2.4   304   418   595   746   550   746 0.74 -
544_g                -            365 7233at5794           -            418   4.7e-06   24.1   0.1   1   1   3.8e-09   7.3e-06   23.5   0.1   251   325   147   238   145   277 0.68 -
#
# Program:         hmmsearch
# Version:         3.1b2 (February 2015)
# Pipeline mode:   SEARCH
# Query file:      /mnt/e/Bioinformatics/Semester2/BINP29/Malaria Project/Genomes/Parsed/busco_downloads/lineages/apicomplexa_odb10/hmms/7233at5794.hmm
# Target file:     /mnt/e/Bioinformatics/Semester2/BINP29/Malaria Project/Genomes/Parsed/Pv_new.faa
# Option settings: hmmsearch --domtblout /mnt/e/Bioinformatics/Semester2/BINP29/Malaria Project/Genomes/Parsed/Pv/run_apicomplexa_odb10/hmmer_output/initial_run_results/7233at5794.out --cpu 1 /mnt/e/Bioinformatics/Semester2/BINP29/Malaria Project/Genomes/Parsed/busco_downloads/lineages/apicomplexa_odb10/hmms/7233at5794.hmm /mnt/e/Bioinformatics/Semester2/BINP29/Malaria Project/Genomes/Parsed/Pv_new.faa 
# Current dir:     /mnt/e/Bioinformatics/Semester2/BINP29/Malaria Project/Genomes/Parsed
# Date:            Wed Mar  1 19:31:56 2023
# [ok]
