#                                                                            --- full sequence --- -------------- this domain -------------   hmm coord   ali coord   env coord
# target name        accession   tlen query name           accession   qlen   E-value  score  bias   #  of  c-Evalue  i-Evalue  score  bias  from    to  from    to  from    to  acc description of target
#------------------- ---------- ----- -------------------- ---------- ----- --------- ------ ----- --- --- --------- --------- ------ ----- ----- ----- ----- ----- ----- ----- ---- ---------------------
3083_g               -            545 7295at5794           -            465  2.7e-207  687.5  26.5   1   2  1.4e-196    9e-194  642.9  23.1     2   433    10   474     9   493 0.92 -
3083_g               -            545 7295at5794           -            465  2.7e-207  687.5  26.5   2   2   1.3e-15   8.1e-13   46.3   0.1   429   465   499   535   488   535 0.92 -
2271_g               -            569 7295at5794           -            465   8.9e-72  240.7  14.5   1   2   1.4e-74   8.9e-72  240.7  14.5    12   428    47   491    38   499 0.86 -
2271_g               -            569 7295at5794           -            465   8.9e-72  240.7  14.5   2   2       0.3   1.9e+02   -1.1   0.1   435   453   532   550   518   552 0.78 -
428_g                -            530 7295at5794           -            465   2.2e-69  232.8  21.2   1   2   9.6e-72     6e-69  231.3  15.2     3   431    13   471    11   480 0.87 -
428_g                -            530 7295at5794           -            465   2.2e-69  232.8  21.2   2   2    0.0034       2.1    5.3   0.3   433   455   506   528   494   529 0.89 -
4242_g               -            536 7295at5794           -            465   5.2e-66  221.7  17.1   1   2   2.6e-68   1.6e-65  220.0  15.5    12   434    28   476    17   499 0.83 -
4242_g               -            536 7295at5794           -            465   5.2e-66  221.7  17.1   2   2     0.066        41    1.1   0.0   429   453   505   529   500   532 0.85 -
4681_g               -            544 7295at5794           -            465   5.9e-66  221.5   8.7   1   2   1.9e-67   1.2e-64  217.2   5.3    11   428    14   463     6   475 0.85 -
4681_g               -            544 7295at5794           -            465   5.9e-66  221.5   8.7   2   2    0.0027       1.7    5.6   0.1   435   454   513   532   500   537 0.86 -
4356_g               -            541 7295at5794           -            465   1.2e-63  213.9  11.0   1   2   2.1e-66   1.3e-63  213.7   9.7    10   431    22   467    10   476 0.83 -
4356_g               -            541 7295at5794           -            465   1.2e-63  213.9  11.0   2   2       0.5   3.1e+02   -1.8   0.0   433   453   504   524   497   535 0.82 -
4368_g               -            533 7295at5794           -            465   4.1e-56  189.0   9.8   1   2   1.1e-57   6.9e-55  185.0   8.4    16   430    26   466     7   482 0.82 -
4368_g               -            533 7295at5794           -            465   4.1e-56  189.0   9.8   2   2     0.013       8.3    3.4   0.0   434   457   503   526   494   530 0.83 -
672_g                -            544 7295at5794           -            465   1.1e-42  144.7   7.5   1   2   1.8e-45   1.1e-42  144.7   7.5    10   434    16   480     9   486 0.82 -
672_g                -            544 7295at5794           -            465   1.1e-42  144.7   7.5   2   2       1.3   8.5e+02   -3.2   0.1   434   455   514   535   508   540 0.79 -
4204_g               -            839 7295at5794           -            465     4e-11   40.7   3.2   1   2   3.4e-10   2.1e-07   28.4   0.2    20   145   307   436   297   461 0.77 -
4204_g               -            839 7295at5794           -            465     4e-11   40.7   3.2   2   2   2.3e-05     0.014   12.5   0.3   343   426   671   753   655   771 0.86 -
#
# Program:         hmmsearch
# Version:         3.1b2 (February 2015)
# Pipeline mode:   SEARCH
# Query file:      /mnt/e/Bioinformatics/Semester2/BINP29/Malaria Project/Genomes/Parsed/busco_downloads/lineages/apicomplexa_odb10/hmms/7295at5794.hmm
# Target file:     /mnt/e/Bioinformatics/Semester2/BINP29/Malaria Project/Genomes/Parsed/Pv_new.faa
# Option settings: hmmsearch --domtblout /mnt/e/Bioinformatics/Semester2/BINP29/Malaria Project/Genomes/Parsed/Pv/run_apicomplexa_odb10/hmmer_output/initial_run_results/7295at5794.out --cpu 1 /mnt/e/Bioinformatics/Semester2/BINP29/Malaria Project/Genomes/Parsed/busco_downloads/lineages/apicomplexa_odb10/hmms/7295at5794.hmm /mnt/e/Bioinformatics/Semester2/BINP29/Malaria Project/Genomes/Parsed/Pv_new.faa 
# Current dir:     /mnt/e/Bioinformatics/Semester2/BINP29/Malaria Project/Genomes/Parsed
# Date:            Wed Mar  1 19:31:57 2023
# [ok]
