#                                                                            --- full sequence --- -------------- this domain -------------   hmm coord   ali coord   env coord
# target name        accession   tlen query name           accession   qlen   E-value  score  bias   #  of  c-Evalue  i-Evalue  score  bias  from    to  from    to  from    to  acc description of target
#------------------- ---------- ----- -------------------- ---------- ----- --------- ------ ----- --- --- --------- --------- ------ ----- ----- ----- ----- ----- ----- ----- ---- ---------------------
4556_g               -            854 7485at5794           -            523  3.7e-232  769.9  37.0   1   4   4.1e-40   5.8e-37  125.8   5.3     1    89    73   183    73   187 0.84 -
4556_g               -            854 7485at5794           -            523  3.7e-232  769.9  37.0   2   4   4.1e-43   5.8e-40  135.7   0.4    88   176   214   315   204   327 0.87 -
4556_g               -            854 7485at5794           -            523  3.7e-232  769.9  37.0   3   4  8.9e-102   1.3e-98  329.3  12.5   170   402   373   648   369   654 0.89 -
4556_g               -            854 7485at5794           -            523  3.7e-232  769.9  37.0   4   4   8.7e-59   1.2e-55  187.4   0.2   398   523   675   811   663   811 0.92 -
2557_g               -            749 7485at5794           -            523   8.8e-95  316.6  20.3   1   2   2.6e-48   3.7e-45  152.8   3.6     1   179     4   221     4   236 0.76 -
2557_g               -            749 7485at5794           -            523   8.8e-95  316.6  20.3   2   2   3.6e-53   5.1e-50  168.9   8.8   173   516   310   716   299   721 0.75 -
2202_g               -            815 7485at5794           -            523   2.6e-88  295.2  24.3   1   3   6.7e-52   9.5e-49  164.7   0.9     1   170    66   274    66   290 0.81 -
2202_g               -            815 7485at5794           -            523   2.6e-88  295.2  24.3   2   3   1.2e-27   1.8e-24   84.6   1.6   171   295   318   457   311   488 0.80 -
2202_g               -            815 7485at5794           -            523   2.6e-88  295.2  24.3   3   3   9.3e-19   1.3e-15   55.3   9.0   289   502   485   740   466   758 0.71 -
1332_g               -            945 7485at5794           -            523   3.1e-85  285.1  25.0   1   3   1.6e-17   2.2e-14   51.3   0.4     1    47    95   141    95   159 0.91 -
1332_g               -            945 7485at5794           -            523   3.1e-85  285.1  25.0   2   3   2.3e-37   3.2e-34  116.7   2.5    49   174   190   346   178   367 0.79 -
1332_g               -            945 7485at5794           -            523   3.1e-85  285.1  25.0   3   3     2e-40   2.8e-37  126.8   8.4   174   517   375   793   365   798 0.69 -
#
# Program:         hmmsearch
# Version:         3.1b2 (February 2015)
# Pipeline mode:   SEARCH
# Query file:      /mnt/e/Bioinformatics/Semester2/BINP29/Malaria Project/Genomes/Parsed/busco_downloads/lineages/apicomplexa_odb10/hmms/7485at5794.hmm
# Target file:     /mnt/e/Bioinformatics/Semester2/BINP29/Malaria Project/Genomes/Parsed/Pv_new.faa
# Option settings: hmmsearch --domtblout /mnt/e/Bioinformatics/Semester2/BINP29/Malaria Project/Genomes/Parsed/Pv/run_apicomplexa_odb10/hmmer_output/initial_run_results/7485at5794.out --cpu 1 /mnt/e/Bioinformatics/Semester2/BINP29/Malaria Project/Genomes/Parsed/busco_downloads/lineages/apicomplexa_odb10/hmms/7485at5794.hmm /mnt/e/Bioinformatics/Semester2/BINP29/Malaria Project/Genomes/Parsed/Pv_new.faa 
# Current dir:     /mnt/e/Bioinformatics/Semester2/BINP29/Malaria Project/Genomes/Parsed
# Date:            Wed Mar  1 19:31:57 2023
# [ok]
