#                                                                            --- full sequence --- -------------- this domain -------------   hmm coord   ali coord   env coord
# target name        accession   tlen query name           accession   qlen   E-value  score  bias   #  of  c-Evalue  i-Evalue  score  bias  from    to  from    to  from    to  acc description of target
#------------------- ---------- ----- -------------------- ---------- ----- --------- ------ ----- --- --- --------- --------- ------ ----- ----- ----- ----- ----- ----- ----- ---- ---------------------
33_g                 -            668 8643at5794           -            522    6e-278  920.6   2.9   1   1  5.8e-280  7.9e-278  920.3   2.9    17   519   134   661    92   667 0.93 -
1313_g               -            529 8643at5794           -            522  1.1e-116  388.6   0.0   1   1    1e-118  1.4e-116  388.2   0.0    53   470    67   499    48   510 0.91 -
122_g                -           1007 8643at5794           -            522  1.6e-112  374.8   0.1   1   2   9.3e-61   1.3e-58  197.0   0.0    73   273   559   766   532   781 0.88 -
122_g                -           1007 8643at5794           -            522  1.6e-112  374.8   0.1   2   2   2.8e-54   3.7e-52  175.6   0.1   266   461   786   980   775   989 0.96 -
2103_g               -            927 8643at5794           -            522   3.4e-98  327.5   0.4   1   2   2.1e-38   2.8e-36  123.2   0.0    82   263   323   528   289   532 0.80 -
2103_g               -            927 8643at5794           -            522   3.4e-98  327.5   0.4   2   2   3.1e-62   4.1e-60  201.9   0.1   267   466   559   758   538   792 0.91 -
215_g                -           1771 8643at5794           -            522   8.4e-98  326.2   0.2   1   2      0.31        43    0.5   0.0   479   511    82   114    63   122 0.87 -
215_g                -           1771 8643at5794           -            522   8.4e-98  326.2   0.2   2   2  6.2e-100   8.4e-98  326.2   0.2    35   506   913  1404   885  1411 0.87 -
2251_g               -            718 8643at5794           -            522   4.9e-94  313.8   0.0   1   2   1.8e-18   2.4e-16   57.4   0.0    93   160   276   343   233   355 0.85 -
2251_g               -            718 8643at5794           -            522   4.9e-94  313.8   0.0   2   2   4.2e-78   5.7e-76  254.2   0.1   168   464   402   712   392   716 0.91 -
471_g                -            600 8643at5794           -            522   7.4e-78  260.4   0.8   1   1   7.6e-80     1e-77  259.9   0.8    85   438   136   498   127   534 0.91 -
3040_g               -            540 8643at5794           -            522   3.6e-77  258.1   0.2   1   1   3.9e-79   5.2e-77  257.6   0.2    96   445   133   485   122   514 0.92 -
1099_g               -           2046 8643at5794           -            522   4.4e-75  251.3   1.2   1   1   5.4e-77   7.3e-75  250.5   1.2    94   441  1669  2020  1643  2039 0.89 -
3468_g               -            389 8643at5794           -            522   2.4e-73  245.5   0.4   1   1   2.3e-75   3.1e-73  245.2   0.4    95   451    15   374     7   387 0.88 -
3644_g               -           1150 8643at5794           -            522   2.7e-73  245.4   0.2   1   2   2.8e-48   3.8e-46  155.8   0.0    86   366   690   993   619   998 0.88 -
3644_g               -           1150 8643at5794           -            522   2.7e-73  245.4   0.2   2   2   1.3e-27   1.8e-25   87.6   0.0   367   462  1052  1146  1039  1149 0.88 -
4237_g               -            434 8643at5794           -            522   4.2e-70  234.8   0.3   1   1   3.9e-72   5.3e-70  234.5   0.3    96   437    61   404    50   428 0.91 -
257_g                -            721 8643at5794           -            522   1.7e-69  232.8   0.7   1   2   1.8e-13   2.4e-11   40.9   0.0    96   167   126   199   112   203 0.85 -
257_g                -            721 8643at5794           -            522   1.7e-69  232.8   0.7   2   2   1.5e-58     2e-56  189.7   0.7   166   502   223   576   216   597 0.83 -
2475_g               -            738 8643at5794           -            522   3.1e-68  228.6   6.9   1   2   1.8e-69   2.4e-67  225.7   1.0    98   447   107   496   102   516 0.81 -
2475_g               -            738 8643at5794           -            522   3.1e-68  228.6   6.9   2   2       2.2     3e+02   -2.2   0.5     9    41   525   556   515   569 0.61 -
4231_g               -            762 8643at5794           -            522   5.2e-63  211.4   4.2   1   2   6.5e-14   8.7e-12   42.4   0.1    77   155   234   315   199   329 0.84 -
4231_g               -            762 8643at5794           -            522   5.2e-63  211.4   4.2   2   2   1.6e-52   2.1e-50  169.8   1.2   168   464   378   682   367   716 0.86 -
946_g                -            490 8643at5794           -            522     6e-62  207.9   0.2   1   1   5.7e-63   7.8e-61  204.3   0.2    93   439    56   426    34   441 0.88 -
3121_g               -            471 8643at5794           -            522     9e-62  207.3   2.0   1   2   1.9e-09   2.6e-07   27.6   0.0    96   157    57   118    46   130 0.89 -
3121_g               -            471 8643at5794           -            522     9e-62  207.3   2.0   2   2   4.8e-55   6.5e-53  178.1   1.5   173   459   162   460   152   467 0.90 -
1685_g               -            876 8643at5794           -            522     7e-61  204.4   2.1   1   1   8.5e-63   1.1e-60  203.7   2.1    11   457    52   512    34   538 0.78 -
3253_g               -           1182 8643at5794           -            522     1e-57  194.0   1.2   1   2   7.4e-60     1e-57  194.0   1.2    97   427   168   510   164   524 0.88 -
3253_g               -           1182 8643at5794           -            522     1e-57  194.0   1.2   2   2       8.6   1.2e+03   -4.2   1.4    16    31   875   890   858   965 0.55 -
3562_g               -            624 8643at5794           -            522   2.1e-50  169.8   0.7   1   2   1.5e-10     2e-08   31.3   0.0   116   155   154   193   139   211 0.84 -
3562_g               -            624 8643at5794           -            522   2.1e-50  169.8   0.7   2   2   1.5e-42     2e-40  136.9   0.2   169   465   251   560   239   600 0.83 -
1188_g               -            788 8643at5794           -            522   9.8e-48  161.0   3.0   1   1   2.9e-48   3.9e-46  155.7   3.0    94   438   371   755   282   763 0.80 -
2953_g               -           1080 8643at5794           -            522   4.5e-47  158.8   1.0   1   2   1.6e-32   2.2e-30  103.8   0.2   102   267   127   302   119   304 0.86 -
2953_g               -           1080 8643at5794           -            522   4.5e-47  158.8   1.0   2   2   4.4e-17     6e-15   52.8   0.0   357   436   596   678   583   701 0.88 -
1320_g               -            769 8643at5794           -            522   1.3e-43  147.5   1.5   1   2   4.6e-31   6.2e-29   99.0   0.2   101   277   223   425   211   453 0.78 -
1320_g               -            769 8643at5794           -            522   1.3e-43  147.5   1.5   2   2   2.1e-15   2.9e-13   47.3   0.1   352   450   571   670   566   735 0.79 -
91_g                 -            817 8643at5794           -            522   1.2e-39  134.3   2.7   1   3   1.7e-10   2.2e-08   31.2   0.0    96   151     3    59     1    76 0.91 -
91_g                 -            817 8643at5794           -            522   1.2e-39  134.3   2.7   2   3   1.4e-15   1.9e-13   47.9   0.1   169   315   331   490   324   527 0.75 -
91_g                 -            817 8643at5794           -            522   1.2e-39  134.3   2.7   3   3   3.6e-17   4.8e-15   53.1   0.5   315   442   549   693   535   697 0.76 -
2382_g               -            863 8643at5794           -            522   4.9e-39  132.3   1.4   1   2   2.6e-24   3.5e-22   76.7   0.0    99   294   111   317   100   336 0.80 -
2382_g               -            863 8643at5794           -            522   4.9e-39  132.3   1.4   2   2   2.5e-17   3.4e-15   53.6   0.1   391   444   528   583   514   596 0.88 -
1910_g               -            627 8643at5794           -            522   2.7e-38  129.9   2.1   1   1   2.8e-40   3.7e-38  129.4   2.1   124   465   180   537   154   550 0.78 -
5521_g               -            515 8643at5794           -            522   8.4e-33  111.7   0.4   1   2   1.9e-31   2.5e-29  100.3   0.2   101   277   125   327   110   356 0.78 -
5521_g               -            515 8643at5794           -            522   8.4e-33  111.7   0.4   2   2   0.00056     0.075    9.6   0.0   352   391   473   513   468   514 0.87 -
1683_g               -           1020 8643at5794           -            522   1.9e-30  104.0  16.9   1   4   4.4e-09     6e-07   26.5   0.1    96   159    73   137    67   144 0.88 -
1683_g               -           1020 8643at5794           -            522   1.9e-30  104.0  16.9   2   4   0.00013     0.017   11.7   0.0   156   197   252   294   247   298 0.78 -
1683_g               -           1020 8643at5794           -            522   1.9e-30  104.0  16.9   3   4   5.8e-09   7.9e-07   26.1   0.0   208   275   334   407   322   415 0.77 -
1683_g               -           1020 8643at5794           -            522   1.9e-30  104.0  16.9   4   4   6.3e-16   8.5e-14   49.0   0.2   347   464   570   691   561   708 0.83 -
1419_g               -            992 8643at5794           -            522   1.7e-26   91.0   0.0   1   3    0.0033      0.45    7.1   0.0   134   166   146   178   136   226 0.79 -
1419_g               -            992 8643at5794           -            522   1.7e-26   91.0   0.0   2   3       4.1   5.6e+02   -3.2   0.0   213   232   247   266   241   297 0.71 -
1419_g               -            992 8643at5794           -            522   1.7e-26   91.0   0.0   3   3   1.5e-25     2e-23   80.8   0.0   332   438   482   587   476   599 0.94 -
2605_g               -           1255 8643at5794           -            522   5.5e-24   82.7  14.8   1   6   1.2e-06   0.00017   18.4   0.0    96   150    28    83    22   100 0.88 -
2605_g               -           1255 8643at5794           -            522   5.5e-24   82.7  14.8   2   6      0.14        19    1.7   0.0   170   192   138   160   134   164 0.88 -
2605_g               -           1255 8643at5794           -            522   5.5e-24   82.7  14.8   3   6     0.008       1.1    5.8   0.0   195   230   217   256   194   266 0.79 -
2605_g               -           1255 8643at5794           -            522   5.5e-24   82.7  14.8   4   6    0.0089       1.2    5.7   0.0   239   276   287   328   276   344 0.77 -
2605_g               -           1255 8643at5794           -            522   5.5e-24   82.7  14.8   5   6       5.1   6.9e+02   -3.5   2.9    13    52   431   470   422   499 0.68 -
2605_g               -           1255 8643at5794           -            522   5.5e-24   82.7  14.8   6   6   4.4e-18     6e-16   56.1   0.1   314   436   585   708   557   715 0.84 -
2840_g               -            549 8643at5794           -            522   5.3e-21   72.8   1.1   1   1   6.5e-22   8.8e-20   68.8   1.1   130   444   135   484   125   514 0.73 -
1595_g               -           1283 8643at5794           -            522     1e-20   71.9   0.4   1   2   0.00014     0.019   11.6   0.0   120   157    52    89    31   182 0.83 -
1595_g               -           1283 8643at5794           -            522     1e-20   71.9   0.4   2   2   1.3e-18   1.7e-16   57.9   0.2   333   465   284   422   276   442 0.84 -
2539_g               -           1072 8643at5794           -            522   1.5e-20   71.3   1.7   1   4    0.0013      0.17    8.4   0.0    96   132    95   132    89   145 0.80 -
2539_g               -           1072 8643at5794           -            522   1.5e-20   71.3   1.7   2   4       4.4     6e+02   -3.2   0.0   137   154   229   246   226   256 0.79 -
2539_g               -           1072 8643at5794           -            522   1.5e-20   71.3   1.7   3   4      0.29        39    0.7   0.0   210   266   450   510   441   516 0.80 -
2539_g               -           1072 8643at5794           -            522   1.5e-20   71.3   1.7   4   4     1e-18   1.4e-16   58.2   0.3   334   420   784   869   778   973 0.80 -
4449_g               -           1340 8643at5794           -            522   2.3e-19   67.4   0.2   1   2   4.8e-05    0.0065   13.1   0.0    97   153   144   201   131   210 0.88 -
4449_g               -           1340 8643at5794           -            522   2.3e-19   67.4   0.2   2   2   1.3e-16   1.7e-14   51.3   0.4   333   425   898   990   892   994 0.95 -
2898_g               -           1190 8643at5794           -            522   4.6e-19   66.4   0.2   1   2   4.3e-14   5.8e-12   43.0   0.1   118   284   256   443   228   457 0.77 -
2898_g               -           1190 8643at5794           -            522   4.6e-19   66.4   0.2   2   2   1.6e-07   2.2e-05   21.3   0.0   343   436   831   927   823   943 0.85 -
259_g                -            554 8643at5794           -            522   7.6e-19   65.7   1.5   1   1   1.5e-20     2e-18   64.3   1.5    97   428   125   485   122   504 0.78 -
3868_g               -            739 8643at5794           -            522   1.5e-18   64.7   0.2   1   2     0.074        10    2.6   0.0   120   155    46    82    26    89 0.84 -
3868_g               -            739 8643at5794           -            522   1.5e-18   64.7   0.2   2   2   5.9e-19     8e-17   59.0   0.0   319   432   370   483   348   499 0.84 -
2761_g               -           1379 8643at5794           -            522   6.6e-11   39.5   0.2   1   3       4.5   6.2e+02   -3.3   0.0   139   152   621   634   619   640 0.86 -
2761_g               -           1379 8643at5794           -            522   6.6e-11   39.5   0.2   2   3   0.00028     0.038   10.6   0.0   214   250   895   932   888   944 0.83 -
2761_g               -           1379 8643at5794           -            522   6.6e-11   39.5   0.2   3   3   1.1e-08   1.5e-06   25.2   0.0   332   437  1138  1259  1120  1268 0.66 -
3712_g               -           3242 8643at5794           -            522   1.7e-09   34.8   0.2   1   1   3.7e-11     5e-09   33.3   0.2   318   497  1698  1880  1684  1901 0.69 -
1965_g               -            727 8643at5794           -            522   1.4e-07   28.5   0.0   1   4      0.25        34    0.9   0.0   121   156    72   107    58   117 0.78 -
1965_g               -            727 8643at5794           -            522   1.4e-07   28.5   0.0   2   4    0.0031      0.42    7.2   0.0   165   191   184   210   173   221 0.80 -
1965_g               -            727 8643at5794           -            522   1.4e-07   28.5   0.0   3   4      0.27        36    0.8   0.0   233   251   306   324   281   339 0.80 -
1965_g               -            727 8643at5794           -            522   1.4e-07   28.5   0.0   4   4   3.8e-05    0.0052   13.5   0.0   383   434   599   650   580   667 0.78 -
3466_g               -           2676 8643at5794           -            522     7e-07   26.2   0.3   1   3   0.00023     0.031   10.9   0.1   133   250   719   841   699   860 0.82 -
3466_g               -           2676 8643at5794           -            522     7e-07   26.2   0.3   2   3      0.15        20    1.6   0.0   361   403  1070  1112  1045  1208 0.79 -
3466_g               -           2676 8643at5794           -            522     7e-07   26.2   0.3   3   3   0.00067      0.09    9.4   0.0   171   233  1746  1808  1733  1843 0.82 -
4425_g               -           1405 8643at5794           -            522   0.00026   17.8   0.2   1   1   1.9e-06   0.00026   17.8   0.2   317   441   624   754   614   788 0.77 -
#
# Program:         hmmsearch
# Version:         3.1b2 (February 2015)
# Pipeline mode:   SEARCH
# Query file:      /mnt/e/Bioinformatics/Semester2/BINP29/Malaria Project/Genomes/Parsed/busco_downloads/lineages/apicomplexa_odb10/hmms/8643at5794.hmm
# Target file:     /mnt/e/Bioinformatics/Semester2/BINP29/Malaria Project/Genomes/Parsed/Pv_new.faa
# Option settings: hmmsearch --domtblout /mnt/e/Bioinformatics/Semester2/BINP29/Malaria Project/Genomes/Parsed/Pv/run_apicomplexa_odb10/hmmer_output/initial_run_results/8643at5794.out --cpu 1 /mnt/e/Bioinformatics/Semester2/BINP29/Malaria Project/Genomes/Parsed/busco_downloads/lineages/apicomplexa_odb10/hmms/8643at5794.hmm /mnt/e/Bioinformatics/Semester2/BINP29/Malaria Project/Genomes/Parsed/Pv_new.faa 
# Current dir:     /mnt/e/Bioinformatics/Semester2/BINP29/Malaria Project/Genomes/Parsed
# Date:            Wed Mar  1 19:32:00 2023
# [ok]
