#                                                                            --- full sequence --- -------------- this domain -------------   hmm coord   ali coord   env coord
# target name        accession   tlen query name           accession   qlen   E-value  score  bias   #  of  c-Evalue  i-Evalue  score  bias  from    to  from    to  from    to  acc description of target
#------------------- ---------- ----- -------------------- ---------- ----- --------- ------ ----- --- --- --------- --------- ------ ----- ----- ----- ----- ----- ----- ----- ---- ---------------------
202_g                -            738 9069at5794           -            454  1.9e-174  579.0  33.6   1   3   6.5e-28   2.6e-25   87.4   8.3     1   132   114   298   114   304 0.75 -
202_g                -            738 9069at5794           -            454  1.9e-174  579.0  33.6   2   3   2.5e-51     1e-48  164.6   6.7   132   270   343   503   340   518 0.88 -
202_g                -            738 9069at5794           -            454  1.9e-174  579.0  33.6   3   3  1.3e-103  5.4e-101  336.9   3.3   258   454   515   735   502   735 0.88 -
25_g                 -            204 9069at5794           -            454   8.4e-50  168.2   0.2   1   1   2.4e-52   9.9e-50  167.9   0.2   308   452    46   196    21   198 0.90 -
4227_g               -            171 9069at5794           -            454   1.7e-47  160.6   0.4   1   1   5.4e-50   2.2e-47  160.2   0.4   315   438    16   151     8   160 0.88 -
5549_g               -            194 9069at5794           -            454   2.5e-47  160.0   0.4   1   1   8.2e-50   3.3e-47  159.6   0.4   315   438    16   151     8   160 0.88 -
5550_g               -            194 9069at5794           -            454   2.5e-47  160.0   0.4   1   1   8.2e-50   3.3e-47  159.6   0.4   315   438    16   151     8   160 0.88 -
4537_g               -            162 9069at5794           -            454     3e-44  149.8   0.4   1   1   8.7e-47   3.5e-44  149.6   0.4   310   453     3   147     1   148 0.92 -
4531_g               -            194 9069at5794           -            454   3.7e-40  136.4   0.7   1   1   1.1e-42   4.4e-40  136.1   0.7   315   443    41   179    18   190 0.84 -
2627_g               -            263 9069at5794           -            454   7.2e-38  128.8   1.2   1   2      0.92   3.7e+02   -2.1   2.9   361   376     7    22     4    51 0.79 -
2627_g               -            263 9069at5794           -            454   7.2e-38  128.8   1.2   2   2   1.8e-40   7.2e-38  128.8   1.2   317   440   107   243   103   258 0.90 -
1423_g               -            227 9069at5794           -            454   1.4e-28   98.3   0.5   1   1   4.2e-31   1.7e-28   97.9   0.5   315   451    18   170     9   173 0.86 -
1648_g               -           1277 9069at5794           -            454   8.5e-28   95.6   0.1   1   1   3.4e-30   1.4e-27   94.9   0.1   304   448   819   972   803   979 0.83 -
5031_g               -            114 9069at5794           -            454   1.3e-27   95.1   2.0   1   1   3.4e-30   1.4e-27   95.0   2.0   324   430     1   113     1   114 0.89 -
2142_g               -            277 9069at5794           -            454   3.2e-15   54.2   0.2   1   1   9.7e-18     4e-15   53.9   0.2   315   451    74   220    46   223 0.85 -
3989_g               -            617 9069at5794           -            454   0.00017   18.8   2.2   1   2      0.52   2.1e+02   -1.3   0.2   144   203    92   151    70   158 0.72 -
3989_g               -            617 9069at5794           -            454   0.00017   18.8   2.2   2   2   4.3e-07   0.00017   18.8   2.2   258   347   276   360   263   368 0.86 -
2640_g               -            579 9069at5794           -            454   0.00019   18.7   0.0   1   2      0.98     4e+02   -2.2   0.0   316   340    18    43    16    50 0.81 -
2640_g               -            579 9069at5794           -            454   0.00019   18.7   0.0   2   2   1.7e-06    0.0007   16.8   0.0   370   441   105   178    98   190 0.86 -
#
# Program:         hmmsearch
# Version:         3.1b2 (February 2015)
# Pipeline mode:   SEARCH
# Query file:      /mnt/e/Bioinformatics/Semester2/BINP29/Malaria Project/Genomes/Parsed/busco_downloads/lineages/apicomplexa_odb10/hmms/9069at5794.hmm
# Target file:     /mnt/e/Bioinformatics/Semester2/BINP29/Malaria Project/Genomes/Parsed/Pv_new.faa
# Option settings: hmmsearch --domtblout /mnt/e/Bioinformatics/Semester2/BINP29/Malaria Project/Genomes/Parsed/Pv/run_apicomplexa_odb10/hmmer_output/initial_run_results/9069at5794.out --cpu 1 /mnt/e/Bioinformatics/Semester2/BINP29/Malaria Project/Genomes/Parsed/busco_downloads/lineages/apicomplexa_odb10/hmms/9069at5794.hmm /mnt/e/Bioinformatics/Semester2/BINP29/Malaria Project/Genomes/Parsed/Pv_new.faa 
# Current dir:     /mnt/e/Bioinformatics/Semester2/BINP29/Malaria Project/Genomes/Parsed
# Date:            Wed Mar  1 19:32:01 2023
# [ok]
