#                                                                            --- full sequence --- -------------- this domain -------------   hmm coord   ali coord   env coord
# target name        accession   tlen query name           accession   qlen   E-value  score  bias   #  of  c-Evalue  i-Evalue  score  bias  from    to  from    to  from    to  acc description of target
#------------------- ---------- ----- -------------------- ---------- ----- --------- ------ ----- --- --- --------- --------- ------ ----- ----- ----- ----- ----- ----- ----- ---- ---------------------
1729_g               -            480 9164at5794           -            303  5.2e-115  382.2  16.2   1   3   4.4e-45   8.4e-42  141.8   5.3     1   122    31   178    31   189 0.84 -
1729_g               -            480 9164at5794           -            303  5.2e-115  382.2  16.2   2   3   8.2e-08   0.00016   19.4   0.0   118   139   194   215   190   220 0.90 -
1729_g               -            480 9164at5794           -            303  5.2e-115  382.2  16.2   3   3   1.7e-70   3.2e-67  225.3   2.6   137   301   276   471   272   473 0.84 -
1599_g               -            691 9164at5794           -            303   1.5e-05   22.8   0.2   1   3      0.49   9.2e+02   -2.8   0.0    21    42    29    50    26    54 0.83 -
1599_g               -            691 9164at5794           -            303   1.5e-05   22.8   0.2   2   3   6.5e-08   0.00012   19.8   0.0    44    94   111   163   109   181 0.85 -
1599_g               -            691 9164at5794           -            303   1.5e-05   22.8   0.2   3   3     0.091   1.7e+02   -0.4   0.0   170   235   404   468   400   523 0.68 -
4633_g               -            802 9164at5794           -            303    0.0016   16.1   0.0   1   1   1.5e-06    0.0028   15.3   0.0    69   135   667   733   655   738 0.92 -
#
# Program:         hmmsearch
# Version:         3.1b2 (February 2015)
# Pipeline mode:   SEARCH
# Query file:      /mnt/e/Bioinformatics/Semester2/BINP29/Malaria Project/Genomes/Parsed/busco_downloads/lineages/apicomplexa_odb10/hmms/9164at5794.hmm
# Target file:     /mnt/e/Bioinformatics/Semester2/BINP29/Malaria Project/Genomes/Parsed/Pv_new.faa
# Option settings: hmmsearch --domtblout /mnt/e/Bioinformatics/Semester2/BINP29/Malaria Project/Genomes/Parsed/Pv/run_apicomplexa_odb10/hmmer_output/initial_run_results/9164at5794.out --cpu 1 /mnt/e/Bioinformatics/Semester2/BINP29/Malaria Project/Genomes/Parsed/busco_downloads/lineages/apicomplexa_odb10/hmms/9164at5794.hmm /mnt/e/Bioinformatics/Semester2/BINP29/Malaria Project/Genomes/Parsed/Pv_new.faa 
# Current dir:     /mnt/e/Bioinformatics/Semester2/BINP29/Malaria Project/Genomes/Parsed
# Date:            Wed Mar  1 19:32:01 2023
# [ok]
