#                                                                            --- full sequence --- -------------- this domain -------------   hmm coord   ali coord   env coord
# target name        accession   tlen query name           accession   qlen   E-value  score  bias   #  of  c-Evalue  i-Evalue  score  bias  from    to  from    to  from    to  acc description of target
#------------------- ---------- ----- -------------------- ---------- ----- --------- ------ ----- --- --- --------- --------- ------ ----- ----- ----- ----- ----- ----- ----- ---- ---------------------
986_g                -            421 10373at5794          -            356  1.8e-215  713.1   4.0   1   2   0.00073      0.18    9.2   0.1     1    28    16    43    16    45 0.94 -
986_g                -            421 10373at5794          -            356  1.8e-215  713.1   4.0   2   2  1.2e-215  2.9e-213  705.9   1.5    10   356    42   420    40   420 0.95 -
3860_g               -           1076 10373at5794          -            356  1.6e-110  367.9   0.1   1   2   1.2e-60   2.9e-58  196.0   0.0    99   341   424   673   408   681 0.90 -
3860_g               -           1076 10373at5794          -            356  1.6e-110  367.9   0.1   2   2   1.3e-52   3.1e-50  169.6   0.0   101   323   773  1001   758  1026 0.93 -
209_g                -            423 10373at5794          -            356  2.4e-107  357.5   1.7   1   1  1.4e-109  3.3e-107  357.0   1.7    45   343   101   409    83   418 0.93 -
3942_g               -            362 10373at5794          -            356   4.9e-79  264.3   0.1   1   1   2.8e-81   6.7e-79  263.9   0.1    57   281   136   362   118   362 0.96 -
2292_g               -            494 10373at5794          -            356   3.2e-64  215.6   0.9   1   2   4.8e-64   1.2e-61  207.2   0.3   100   332   197   435   191   456 0.92 -
2292_g               -            494 10373at5794          -            356   3.2e-64  215.6   0.9   2   2    0.0032      0.77    7.1   0.0    90   123   461   494   441   494 0.87 -
3051_g               -           1010 10373at5794          -            356   1.3e-63  213.6   5.6   1   4   7.4e-10   1.8e-07   28.9   0.0   105   162   275   332   222   336 0.89 -
3051_g               -           1010 10373at5794          -            356   1.3e-63  213.6   5.6   2   4   3.9e-11   9.5e-09   33.2   0.7   244   344   438   544   430   552 0.80 -
3051_g               -           1010 10373at5794          -            356   1.3e-63  213.6   5.6   3   4   1.1e-45   2.7e-43  146.8   0.0   100   290   618   807   590   813 0.94 -
3051_g               -           1010 10373at5794          -            356   1.3e-63  213.6   5.6   4   4     0.035       8.4    3.7   0.1   296   343   922   970   904   981 0.72 -
1580_g               -            195 10373at5794          -            356   2.1e-53  180.1   0.3   1   1     1e-55   2.4e-53  179.8   0.3   169   336     2   177     1   191 0.89 -
6806_g               -            386 10373at5794          -            356   5.1e-51  172.2   0.0   1   1   2.9e-53   6.9e-51  171.7   0.0   104   315   161   382   154   384 0.90 -
756_g                -            673 10373at5794          -            356     5e-49  165.6   0.2   1   1   3.5e-51   8.4e-49  164.9   0.2    87   329   217   465   160   474 0.92 -
2682_g               -            271 10373at5794          -            356   9.8e-43  144.9   0.0   1   1   5.4e-45   1.3e-42  144.5   0.0    61   199   129   267   119   271 0.92 -
6576_g               -            769 10373at5794          -            356   2.8e-39  133.6   0.0   1   1   2.1e-41     5e-39  132.7   0.0   100   344   213   463   202   470 0.87 -
1269_g               -            431 10373at5794          -            356   5.2e-37  126.1   0.0   1   1   1.3e-38   3.2e-36  123.5   0.0    93   293   100   297    55   358 0.84 -
5273_g               -            130 10373at5794          -            356   4.3e-36  123.1   1.3   1   1   2.1e-38   5.1e-36  122.9   1.3   229   343     1   121     1   128 0.90 -
1537_g               -            785 10373at5794          -            356   2.4e-34  117.3   0.0   1   2   1.2e-34     3e-32  110.4   0.0   129   320   290   503   260   531 0.80 -
1537_g               -            785 10373at5794          -            356   2.4e-34  117.3   0.0   2   2     0.019       4.5    4.6   0.0   143   211   586   655   567   704 0.81 -
2279_g               -            130 10373at5794          -            356   2.5e-31  107.4   0.2   1   1   1.2e-33   2.9e-31  107.2   0.2   233   345     2   120     1   127 0.90 -
5844_g               -            132 10373at5794          -            356   4.9e-28   96.6   1.0   1   2   0.00015     0.035   11.5   0.1     1    28    16    43    16    45 0.94 -
5844_g               -            132 10373at5794          -            356   4.9e-28   96.6   1.0   2   2   5.2e-27   1.3e-24   85.4   0.2    10    77    42   132    40   132 0.84 -
3028_g               -            617 10373at5794          -            356   3.2e-27   93.9   0.1   1   1   2.3e-29   5.6e-27   93.1   0.1    93   283   334   514   315   565 0.79 -
1612_g               -            249 10373at5794          -            356   8.4e-24   82.7   0.0   1   1   4.4e-26   1.1e-23   82.3   0.0   200   323     4   135     1   149 0.90 -
5843_g               -            225 10373at5794          -            356   4.5e-23   80.3   0.0   1   1   2.2e-25   5.3e-23   80.0   0.0    93   241    76   222    56   225 0.87 -
4965_g               -            354 10373at5794          -            356     2e-21   74.8   1.8   1   2   1.1e-07   2.7e-05   21.8   0.0   124   162     6    44     3    49 0.93 -
4965_g               -            354 10373at5794          -            356     2e-21   74.8   1.8   2   2     1e-16   2.5e-14   51.5   1.1   195   344   137   288   120   297 0.78 -
1983_g               -            344 10373at5794          -            356   7.7e-21   72.9   2.4   1   2   2.6e-22   6.4e-20   69.9   0.2   214   345     1   138     1   144 0.90 -
1983_g               -            344 10373at5794          -            356   7.7e-21   72.9   2.4   2   2      0.05        12    3.2   0.1    28    83   229   283   210   337 0.74 -
6379_g               -            247 10373at5794          -            356   9.2e-19   66.1   0.0   1   1   5.2e-21   1.3e-18   65.6   0.0   142   248    46   157    28   169 0.85 -
2954_g               -            333 10373at5794          -            356     6e-18   63.4   0.1   1   1     4e-20   9.5e-18   62.7   0.1   100   190   244   333   228   333 0.93 -
6102_g               -            201 10373at5794          -            356   2.6e-15   54.7   0.1   1   1   1.6e-17   3.8e-15   54.2   0.1   234   344     3   125     1   132 0.78 -
6370_g               -            650 10373at5794          -            356   2.8e-14   51.4   0.0   1   1   2.2e-16   5.3e-14   50.4   0.0   142   286   356   500   348   512 0.82 -
6430_g               -            489 10373at5794          -            356   6.4e-10   37.0   0.0   1   1   4.4e-12   1.1e-09   36.3   0.0   131   291   287   465   268   478 0.74 -
3165_g               -            437 10373at5794          -            356   2.6e-07   28.4   0.0   1   2    0.0014      0.33    8.4   0.0   129   173   239   282   222   309 0.80 -
3165_g               -            437 10373at5794          -            356   2.6e-07   28.4   0.0   2   2   1.8e-06   0.00043   17.8   0.0   232   273   361   402   347   420 0.89 -
1143_g               -            330 10373at5794          -            356    0.0064   14.0   0.4   1   2   0.00073      0.17    9.2   0.0   143   162    33    52    15    57 0.79 -
1143_g               -            330 10373at5794          -            356    0.0064   14.0   0.4   2   2      0.09        22    2.4   0.1   267   315   105   152    78   161 0.80 -
6992_g               -            125 10373at5794          -            356    0.0093   13.4   0.3   1   1   3.6e-05    0.0086   13.5   0.3    40    97    60   120    14   125 0.83 -
2806_g               -            121 10373at5794          -            356     0.014   12.9   0.0   1   1   7.4e-05     0.018   12.5   0.0   134   177    56   101    51   114 0.82 -
#
# Program:         hmmsearch
# Version:         3.1b2 (February 2015)
# Pipeline mode:   SEARCH
# Query file:      /mnt/e/Bioinformatics/Semester2/BINP29/Malaria Project/Genomes/Parsed/busco_downloads/lineages/apicomplexa_odb10/hmms/10373at5794.hmm
# Target file:     /mnt/e/Bioinformatics/Semester2/BINP29/Malaria Project/Genomes/Parsed/Pb_new.faa
# Option settings: hmmsearch --domtblout /mnt/e/Bioinformatics/Semester2/BINP29/Malaria Project/Genomes/Parsed/Pb/run_apicomplexa_odb10/hmmer_output/initial_run_results/10373at5794.out --cpu 1 /mnt/e/Bioinformatics/Semester2/BINP29/Malaria Project/Genomes/Parsed/busco_downloads/lineages/apicomplexa_odb10/hmms/10373at5794.hmm /mnt/e/Bioinformatics/Semester2/BINP29/Malaria Project/Genomes/Parsed/Pb_new.faa 
# Current dir:     /mnt/e/Bioinformatics/Semester2/BINP29/Malaria Project/Genomes/Parsed
# Date:            Wed Mar  1 19:21:57 2023
# [ok]
