#                                                                            --- full sequence --- -------------- this domain -------------   hmm coord   ali coord   env coord
# target name        accession   tlen query name           accession   qlen   E-value  score  bias   #  of  c-Evalue  i-Evalue  score  bias  from    to  from    to  from    to  acc description of target
#------------------- ---------- ----- -------------------- ---------- ----- --------- ------ ----- --- --- --------- --------- ------ ----- ----- ----- ----- ----- ----- ----- ---- ---------------------
6775_g               -            467 10985at5794          -            350  5.1e-199  659.2  10.5   1   2   4.9e-37   8.9e-35  119.1   0.0     9    72    55   121    51   127 0.96 -
6775_g               -            467 10985at5794          -            350  5.1e-199  659.2  10.5   2   2    2e-164  3.7e-162  538.0   8.2    71   350   151   459   147   459 0.93 -
2913_g               -            391 10985at5794          -            350   1.2e-58  197.5   2.8   1   1     1e-60   1.9e-58  196.9   2.8    25   349    32   386    10   387 0.82 -
3632_g               -            386 10985at5794          -            350   9.9e-58  194.6   1.4   1   1   7.5e-60   1.4e-57  194.1   1.4    15   346    25   384    14   386 0.83 -
1613_g               -            339 10985at5794          -            350   3.7e-53  179.5   1.6   1   1   3.5e-55   6.3e-53  178.8   1.6    54   350     2   333     1   333 0.82 -
1224_g               -            500 10985at5794          -            350   5.1e-46  156.0   4.3   1   1   4.9e-48   8.8e-46  155.3   4.3    11   329    91   439    82   460 0.83 -
3884_g               -            523 10985at5794          -            350   1.6e-44  151.1   0.0   1   1   1.4e-46   2.5e-44  150.5   0.0     8   329   107   462   100   475 0.83 -
1474_g               -            926 10985at5794          -            350   9.3e-44  148.6   0.1   1   1   1.6e-42   2.8e-40  137.1   0.1    20   330   508   879   502   888 0.73 -
3263_g               -            701 10985at5794          -            350   3.7e-43  146.6   7.1   1   3       6.4   1.2e+03   -3.0   0.1   202   229   202   229   197   235 0.83 -
3263_g               -            701 10985at5794          -            350   3.7e-43  146.6   7.1   2   3   2.2e-06    0.0004   18.3   0.0    29    94   292   357   270   365 0.77 -
3263_g               -            701 10985at5794          -            350   3.7e-43  146.6   7.1   3   3     4e-40   7.3e-38  129.2   2.9    76   325   389   662   384   684 0.83 -
480_g                -           1332 10985at5794          -            350   1.4e-42  144.7   2.8   1   2   7.7e-45   1.4e-42  144.7   2.8    25   342   584   939   579   947 0.80 -
480_g                -           1332 10985at5794          -            350   1.4e-42  144.7   2.8   2   2       3.1   5.5e+02   -1.9   0.2   155   190  1159  1192  1136  1202 0.71 -
5213_g               -            346 10985at5794          -            350   6.3e-39  132.7   2.9   1   1   5.6e-41     1e-38  132.0   2.9    76   326    47   321    42   342 0.83 -
6847_g               -            553 10985at5794          -            350   8.2e-38  129.0   1.5   1   1   7.5e-40   1.4e-37  128.3   1.5    25   327   114   449   108   465 0.80 -
18_g                 -            633 10985at5794          -            350   2.7e-37  127.3   1.1   1   2       1.3   2.4e+02   -0.8   0.4   193   220    79   108    70   126 0.68 -
18_g                 -            633 10985at5794          -            350   2.7e-37  127.3   1.1   2   2   1.5e-39   2.7e-37  127.3   1.1    27   330   200   543   182   557 0.80 -
1511_g               -            674 10985at5794          -            350   4.4e-37  126.6   5.4   1   1   2.4e-37   4.3e-35  120.1   5.4    24   328   276   643   260   664 0.75 -
1820_g               -            475 10985at5794          -            350   1.7e-34  118.2   5.9   1   2   9.1e-37   1.7e-34  118.2   5.9    14   329    59   410    50   419 0.76 -
1820_g               -            475 10985at5794          -            350   1.7e-34  118.2   5.9   2   2       3.9   7.1e+02   -2.3   0.1   124   171   419   466   411   470 0.80 -
3574_g               -            896 10985at5794          -            350     2e-33  114.6   5.1   1   2     0.013       2.3    5.9   0.0    14    73   308   372   298   380 0.78 -
3574_g               -            896 10985at5794          -            350     2e-33  114.6   5.1   2   2   5.3e-31   9.6e-29   99.2   6.1    74   339   400   708   395   720 0.77 -
1098_g               -            539 10985at5794          -            350   1.3e-31  108.7   1.1   1   2     0.014       2.5    5.8   0.0    24    74    41    91    36   113 0.88 -
1098_g               -            539 10985at5794          -            350   1.3e-31  108.7   1.1   2   2     2e-31   3.5e-29  100.6   0.9    75   335   131   416   124   430 0.81 -
4261_g               -            734 10985at5794          -            350   2.8e-25   87.8   9.4   1   1   3.1e-27   5.7e-25   86.8   9.4    20   332   112   457    95   474 0.78 -
2826_g               -            997 10985at5794          -            350   8.8e-25   86.2   8.1   1   1   1.6e-26   2.9e-24   84.5   8.1    14   329    33   390    24   399 0.76 -
6654_g               -            720 10985at5794          -            350   2.6e-23   81.3   8.4   1   2     0.006       1.1    7.0   0.0    34    73   274   313   261   320 0.89 -
6654_g               -            720 10985at5794          -            350   2.6e-23   81.3   8.4   2   2   6.8e-23   1.2e-20   72.6   7.8    76   330   337   614   334   632 0.78 -
6155_g               -            189 10985at5794          -            350   8.7e-23   79.6   0.1   1   1   6.9e-25   1.2e-22   79.1   0.1    27   183     4   185     1   187 0.82 -
3556_g               -            837 10985at5794          -            350   1.5e-22   78.9  16.4   1   3   5.1e-15   9.3e-13   46.7   3.5    17   205    84   298    64   316 0.76 -
3556_g               -            837 10985at5794          -            350   1.5e-22   78.9  16.4   2   3   8.6e-13   1.6e-10   39.3   0.0   280   331   560   611   529   627 0.88 -
3556_g               -            837 10985at5794          -            350   1.5e-22   78.9  16.4   3   3       4.1   7.5e+02   -2.4   3.0   160   261   628   733   615   749 0.60 -
2925_g               -            656 10985at5794          -            350   6.4e-22   76.8   9.8   1   1   6.6e-24   1.2e-21   75.9   9.8    20   330   186   541   170   558 0.78 -
1649_g               -            726 10985at5794          -            350   1.8e-19   68.7   9.0   1   3   9.8e-22   1.8e-19   68.7   9.0   126   326    26   225    19   235 0.83 -
1649_g               -            726 10985at5794          -            350   1.8e-19   68.7   9.0   2   3         3   5.4e+02   -1.9   0.1   145   178   592   624   588   666 0.73 -
1649_g               -            726 10985at5794          -            350   1.8e-19   68.7   9.0   3   3       3.9   7.1e+02   -2.3   0.0   130   177   631   679   627   688 0.73 -
327_g                -            609 10985at5794          -            350   6.2e-18   63.7  19.2   1   3   6.2e-06    0.0011   16.8   0.0    29    83   192   248   167   262 0.80 -
327_g                -            609 10985at5794          -            350   6.2e-18   63.7  19.2   2   3   5.8e-08     1e-05   23.5   3.6    71   162   264   380   249   400 0.65 -
327_g                -            609 10985at5794          -            350   6.2e-18   63.7  19.2   3   3   6.9e-09   1.3e-06   26.5   6.4   245   314   535   605   395   608 0.65 -
4425_g               -            305 10985at5794          -            350   2.3e-17   61.8   1.5   1   1     2e-19   3.6e-17   61.2   1.5   214   330    93   214    80   232 0.86 -
1114_g               -            716 10985at5794          -            350   7.2e-14   50.3   1.6   1   1   1.1e-15     2e-13   48.9   1.6   217   316   331   433   312   452 0.86 -
2916_g               -            613 10985at5794          -            350   8.3e-14   50.1   6.5   1   3      0.76   1.4e+02    0.0   0.0    55    74    96   115    60   152 0.77 -
2916_g               -            613 10985at5794          -            350   8.3e-14   50.1   6.5   2   3     0.015       2.7    5.7   0.1   113   172   288   353   272   371 0.72 -
2916_g               -            613 10985at5794          -            350   8.3e-14   50.1   6.5   3   3   2.4e-14   4.3e-12   44.5   2.0   230   339   501   603   456   613 0.73 -
3802_g               -            735 10985at5794          -            350     4e-13   47.8   2.0   1   2       9.4   1.7e+03   -3.5   0.0    34    72    50    89    42   115 0.63 -
3802_g               -            735 10985at5794          -            350     4e-13   47.8   2.0   2   2   3.9e-15   7.1e-13   47.0   0.9   207   334   264   394   205   410 0.79 -
5757_g               -            325 10985at5794          -            350   3.9e-12   44.6   0.5   1   2       7.7   1.4e+03   -3.3   0.0   242   271    17    46     9    72 0.54 -
5757_g               -            325 10985at5794          -            350   3.9e-12   44.6   0.5   2   2   2.2e-14   3.9e-12   44.6   0.5   204   325   162   288   155   300 0.80 -
2768_g               -            930 10985at5794          -            350   7.3e-11   40.4   6.7   1   2       6.9   1.2e+03   -3.1   0.0   103   126   356   378   333   389 0.55 -
2768_g               -            930 10985at5794          -            350   7.3e-11   40.4   6.7   2   2   1.3e-12   2.3e-10   38.8   5.6   186   336   595   758   553   769 0.72 -
5534_g               -            502 10985at5794          -            350   7.5e-11   40.4  19.0   1   2   4.8e-07   8.6e-05   20.4   0.0    24    74   176   226   130   234 0.92 -
5534_g               -            502 10985at5794          -            350   7.5e-11   40.4  19.0   2   2   1.6e-07   2.9e-05   22.0  14.2    74   297   247   502   241   502 0.68 -
3961_g               -            633 10985at5794          -            350   1.3e-10   39.6  12.1   1   3   3.2e-07   5.8e-05   21.0   0.0    23    72    15    64     2    75 0.88 -
3961_g               -            633 10985at5794          -            350   1.3e-10   39.6  12.1   2   3   0.00021     0.038   11.8   5.1    70   209   316   487   309   511 0.67 -
3961_g               -            633 10985at5794          -            350   1.3e-10   39.6  12.1   3   3    0.0068       1.2    6.8   0.2   241   282   591   632   524   633 0.90 -
5870_g               -            185 10985at5794          -            350   3.5e-09   34.9   0.0   1   1   3.1e-10   5.6e-08   30.9   0.0    24   111    61   165    45   168 0.71 -
2754_g               -            476 10985at5794          -            350   3.6e-09   34.8   0.2   1   1   4.3e-11   7.7e-09   33.8   0.2   216   324    38   141    23   156 0.81 -
1933_g               -            483 10985at5794          -            350   2.8e-07   28.6   6.5   1   3     0.061        11    3.7   0.1    48   105   108   170    97   225 0.76 -
1933_g               -            483 10985at5794          -            350   2.8e-07   28.6   6.5   2   3     1e-08   1.8e-06   26.0   0.3   262   331   346   416   273   434 0.83 -
1933_g               -            483 10985at5794          -            350   2.8e-07   28.6   6.5   3   3      0.33        60    1.2   0.3   265   299   438   472   417   478 0.83 -
5643_g               -            196 10985at5794          -            350   3.1e-06   25.2   0.1   1   1   2.9e-08   5.2e-06   24.5   0.1    15   101    89   189    74   195 0.76 -
4047_g               -            247 10985at5794          -            350   1.6e-05   22.9   1.1   1   3       2.2     4e+02   -1.5   0.1    94   292    69    91    36   121 0.58 -
4047_g               -            247 10985at5794          -            350   1.6e-05   22.9   1.1   2   3       3.4   6.2e+02   -2.1   0.0   127   162   130   165   127   178 0.75 -
4047_g               -            247 10985at5794          -            350   1.6e-05   22.9   1.1   3   3   1.8e-07   3.2e-05   21.9   0.0    24    74   176   226   160   235 0.90 -
3650_g               -            390 10985at5794          -            350   2.4e-05   22.3   5.3   1   4   8.4e-07   0.00015   19.6   0.1    13    94     9    94     2   112 0.75 -
3650_g               -            390 10985at5794          -            350   2.4e-05   22.3   5.3   2   4       2.6   4.7e+02   -1.7   0.0    76    99   132   155   122   163 0.80 -
3650_g               -            390 10985at5794          -            350   2.4e-05   22.3   5.3   3   4     0.085        15    3.2   0.1   108   127   206   225   170   244 0.82 -
3650_g               -            390 10985at5794          -            350   2.4e-05   22.3   5.3   4   4       1.7     3e+02   -1.1   0.2   127   181   257   311   244   359 0.61 -
3879_g               -            328 10985at5794          -            350   0.00017   19.5   0.2   1   2   1.7e-05    0.0031   15.3   0.0    30    75    37    83    10   109 0.77 -
3879_g               -            328 10985at5794          -            350   0.00017   19.5   0.2   2   2      0.21        38    1.9   0.1    73    99   264   290   262   298 0.86 -
6127_g               -            163 10985at5794          -            350   0.00053   17.8   3.1   1   2       4.7   8.5e+02   -2.5   0.0    85   102    53    70    42    77 0.78 -
6127_g               -            163 10985at5794          -            350   0.00053   17.8   3.1   2   2   3.2e-06   0.00057   17.7   1.6   236   300   106   163    74   163 0.67 -
#
# Program:         hmmsearch
# Version:         3.1b2 (February 2015)
# Pipeline mode:   SEARCH
# Query file:      /mnt/e/Bioinformatics/Semester2/BINP29/Malaria Project/Genomes/Parsed/busco_downloads/lineages/apicomplexa_odb10/hmms/10985at5794.hmm
# Target file:     /mnt/e/Bioinformatics/Semester2/BINP29/Malaria Project/Genomes/Parsed/Pb_new.faa
# Option settings: hmmsearch --domtblout /mnt/e/Bioinformatics/Semester2/BINP29/Malaria Project/Genomes/Parsed/Pb/run_apicomplexa_odb10/hmmer_output/initial_run_results/10985at5794.out --cpu 1 /mnt/e/Bioinformatics/Semester2/BINP29/Malaria Project/Genomes/Parsed/busco_downloads/lineages/apicomplexa_odb10/hmms/10985at5794.hmm /mnt/e/Bioinformatics/Semester2/BINP29/Malaria Project/Genomes/Parsed/Pb_new.faa 
# Current dir:     /mnt/e/Bioinformatics/Semester2/BINP29/Malaria Project/Genomes/Parsed
# Date:            Wed Mar  1 19:21:58 2023
# [ok]
