#                                                                            --- full sequence --- -------------- this domain -------------   hmm coord   ali coord   env coord
# target name        accession   tlen query name           accession   qlen   E-value  score  bias   #  of  c-Evalue  i-Evalue  score  bias  from    to  from    to  from    to  acc description of target
#------------------- ---------- ----- -------------------- ---------- ----- --------- ------ ----- --- --- --------- --------- ------ ----- ----- ----- ----- ----- ----- ----- ---- ---------------------
2022_g               -            418 11405at5794          -            289   1.4e-91  305.2  16.8   1   3   2.2e-13   4.9e-11   40.9   0.2     2    75     4    84     3    90 0.80 -
2022_g               -            418 11405at5794          -            289   1.4e-91  305.2  16.8   2   3   2.1e-35   4.7e-33  113.2   3.4    50   179    96   261    86   269 0.78 -
2022_g               -            418 11405at5794          -            289   1.4e-91  305.2  16.8   3   3   3.7e-48   8.3e-46  155.0   1.5   173   288   286   416   276   417 0.90 -
2932_g               -            447 11405at5794          -            289   5.9e-19   66.9   0.1   1   3   2.5e-06   0.00056   17.7   0.0    60   142   143   234   133   246 0.69 -
2932_g               -            447 11405at5794          -            289   5.9e-19   66.9   0.1   2   3     0.023       5.2    4.7   0.0   210   251   251   291   239   296 0.78 -
2932_g               -            447 11405at5794          -            289   5.9e-19   66.9   0.1   3   3   2.7e-13   6.2e-11   40.6   0.1   175   284   297   424   290   429 0.79 -
3714_g               -            323 11405at5794          -            289   1.2e-15   56.0   9.6   1   4   2.6e-06   0.00058   17.7   1.0   174   244    36   111    26   121 0.73 -
3714_g               -            323 11405at5794          -            289   1.2e-15   56.0   9.6   2   4   3.5e-07   7.9e-05   20.5   0.1   174   240   124   189   111   195 0.81 -
3714_g               -            323 11405at5794          -            289   1.2e-15   56.0   9.6   3   4   0.00031     0.069   10.9   0.2   195   240   185   231   185   243 0.84 -
3714_g               -            323 11405at5794          -            289   1.2e-15   56.0   9.6   4   4   0.00012     0.028   12.2   0.0   182   231   263   314   248   319 0.77 -
3892_g               -            514 11405at5794          -            289   3.8e-14   51.1   4.8   1   4     0.027         6    4.5   0.1   157   173   257   273   149   301 0.75 -
3892_g               -            514 11405at5794          -            289   3.8e-14   51.1   4.8   2   4   0.00088       0.2    9.4   0.1    80   174   258   351   225   354 0.78 -
3892_g               -            514 11405at5794          -            289   3.8e-14   51.1   4.8   3   4   3.1e-08   7.1e-06   24.0   0.0   180   245   330   401   319   404 0.85 -
3892_g               -            514 11405at5794          -            289   3.8e-14   51.1   4.8   4   4   9.6e-07   0.00022   19.1   0.7   201   250   401   450   398   506 0.93 -
4364_g               -            607 11405at5794          -            289   4.9e-13   47.5  12.3   1   5     0.003      0.68    7.6   0.0   183   241     2    61     1    65 0.78 -
4364_g               -            607 11405at5794          -            289   4.9e-13   47.5  12.3   2   5   2.5e-06   0.00057   17.7   0.4   182   238    43   100    37   101 0.85 -
4364_g               -            607 11405at5794          -            289   4.9e-13   47.5  12.3   3   5   5.7e-07   0.00013   19.8   0.9   183   245    86   149    83   153 0.84 -
4364_g               -            607 11405at5794          -            289   4.9e-13   47.5  12.3   4   5   1.2e-07   2.7e-05   22.0   0.3   176   241   230   302   209   305 0.82 -
4364_g               -            607 11405at5794          -            289   4.9e-13   47.5  12.3   5   5       1.8     4e+02   -1.5   0.1   178   217   524   562   507   573 0.56 -
5115_g               -            438 11405at5794          -            289   5.4e-13   47.3   6.3   1   3   5.7e-09   1.3e-06   26.4   0.0   178   240   101   166    80   184 0.83 -
5115_g               -            438 11405at5794          -            289   5.4e-13   47.3   6.3   2   3   8.9e-08     2e-05   22.5   1.2   183   242   199   259   180   266 0.80 -
5115_g               -            438 11405at5794          -            289   5.4e-13   47.3   6.3   3   3       8.2   1.9e+03   -3.7   0.0   263   284   357   377   355   380 0.52 -
2383_g               -            439 11405at5794          -            289   3.1e-11   41.6   1.3   1   2   2.3e-05    0.0053   14.5   0.0   201   247   128   174    79   177 0.84 -
2383_g               -            439 11405at5794          -            289   3.1e-11   41.6   1.3   2   2   6.5e-09   1.5e-06   26.2   0.4   198   246   176   224   169   257 0.87 -
1308_g               -            431 11405at5794          -            289   4.4e-11   41.1  16.6   1   2   1.5e-12   3.5e-10   38.1  13.4    49   285    96   353    85   358 0.72 -
1308_g               -            431 11405at5794          -            289   4.4e-11   41.1  16.6   2   2   4.8e-05     0.011   13.5   0.5   202   286   317   412   313   415 0.80 -
970_g                -            486 11405at5794          -            289   1.2e-10   39.6   4.3   1   3       1.5   3.3e+02   -1.2   0.0   221   242   162   183   109   207 0.77 -
970_g                -            486 11405at5794          -            289   1.2e-10   39.6   4.3   2   3   1.1e-11   2.6e-09   35.2   1.0   182   284   279   391   263   397 0.74 -
970_g                -            486 11405at5794          -            289   1.2e-10   39.6   4.3   3   3     0.014       3.2    5.4   0.1   164   259   364   454   355   477 0.68 -
124_g                -            350 11405at5794          -            289     2e-10   38.9   0.0   1   3   2.8e-06   0.00064   17.5   0.0   184   261    82   163    41   191 0.77 -
124_g                -            350 11405at5794          -            289     2e-10   38.9   0.0   2   3    0.0031      0.69    7.6   0.0   185   245   201   264   195   282 0.81 -
124_g                -            350 11405at5794          -            289     2e-10   38.9   0.0   3   3   0.00055      0.12   10.0   0.0   201   238   304   341   295   344 0.89 -
3486_g               -            619 11405at5794          -            289     3e-10   38.3  10.7   1   4       1.6   3.6e+02   -1.3   0.2   155   184   192   221   161   255 0.63 -
3486_g               -            619 11405at5794          -            289     3e-10   38.3  10.7   2   4   5.8e-05     0.013   13.3   0.2   181   241   315   376   299   383 0.76 -
3486_g               -            619 11405at5794          -            289     3e-10   38.3  10.7   3   4   7.5e-09   1.7e-06   26.0   0.6   183   267   401   482   389   502 0.74 -
3486_g               -            619 11405at5794          -            289     3e-10   38.3  10.7   4   4       0.5   1.1e+02    0.3   0.0    72    93   575   596   526   605 0.65 -
1892_g               -            465 11405at5794          -            289   3.3e-10   38.2   6.2   1   3   8.1e-07   0.00018   19.3   0.4   176   241   226   295   194   301 0.78 -
1892_g               -            465 11405at5794          -            289   3.3e-10   38.2   6.2   2   3   1.4e-05    0.0031   15.3   0.2   184   240   321   378   312   381 0.83 -
1892_g               -            465 11405at5794          -            289   3.3e-10   38.2   6.2   3   3     0.025       5.6    4.6   0.0   185   239   406   461   400   463 0.74 -
6392_g               -            623 11405at5794          -            289   1.7e-09   35.9   3.9   1   3   0.00024     0.053   11.2   0.0   181   240   349   410   338   415 0.80 -
6392_g               -            623 11405at5794          -            289   1.7e-09   35.9   3.9   2   3    0.0003     0.067   10.9   0.1    59    93   459   493   427   498 0.86 -
6392_g               -            623 11405at5794          -            289   1.7e-09   35.9   3.9   3   3   0.00023     0.052   11.3   0.5   183   235   568   622   552   623 0.85 -
2077_g               -            798 11405at5794          -            289   3.7e-09   34.7   7.2   1   3   5.9e-05     0.013   13.2   0.1   208   280   494   565   481   574 0.77 -
2077_g               -            798 11405at5794          -            289   3.7e-09   34.7   7.2   2   3   2.9e-06   0.00067   17.5   2.9   184   273   616   703   585   748 0.62 -
2077_g               -            798 11405at5794          -            289   3.7e-09   34.7   7.2   3   3      0.16        37    1.9   0.1   182   182   729   729   681   785 0.54 -
2323_g               -            422 11405at5794          -            289   5.2e-09   34.3   9.3   1   4      0.07        16    3.1   0.1   194   238    53    96    32    99 0.77 -
2323_g               -            422 11405at5794          -            289   5.2e-09   34.3   9.3   2   4   1.1e-08   2.4e-06   25.5   0.4   182   282   124   224   110   230 0.82 -
2323_g               -            422 11405at5794          -            289   5.2e-09   34.3   9.3   3   4     0.028       6.3    4.4   0.0   181   238   252   314   243   316 0.74 -
2323_g               -            422 11405at5794          -            289   5.2e-09   34.3   9.3   4   4    0.0013      0.29    8.8   0.2   184   265   301   386   297   396 0.77 -
3874_g               -            469 11405at5794          -            289   1.1e-07   29.9   5.4   1   2   0.00033     0.076   10.7   0.3    66   100    99   134    87   186 0.68 -
3874_g               -            469 11405at5794          -            289   1.1e-07   29.9   5.4   2   2   1.2e-06   0.00027   18.8   0.8   183   247   384   452   371   464 0.74 -
3205_g               -            205 11405at5794          -            289   3.3e-07   28.3   2.9   1   2   0.00017     0.039   11.7   0.0   183   241     4    62     1    83 0.81 -
3205_g               -            205 11405at5794          -            289   3.3e-07   28.3   2.9   2   2   5.3e-06    0.0012   16.7   1.4   173   230    87   146    72   186 0.80 -
2477_g               -            603 11405at5794          -            289   6.2e-07   27.4   1.8   1   3      0.41        92    0.6   0.1   203   224   268   290   241   320 0.59 -
2477_g               -            603 11405at5794          -            289   6.2e-07   27.4   1.8   2   3   3.5e-08     8e-06   23.8   0.0   181   286   448   553   414   556 0.80 -
2477_g               -            603 11405at5794          -            289   6.2e-07   27.4   1.8   3   3       2.6   5.9e+02   -2.0   0.0   159   181   561   583   552   586 0.83 -
6708_g               -            445 11405at5794          -            289   6.8e-07   27.3   4.6   1   4     0.043       9.7    3.8   0.1   136   239    38   144    19   172 0.60 -
6708_g               -            445 11405at5794          -            289   6.8e-07   27.3   4.6   2   4     8e-06    0.0018   16.1   0.0   182   265   195   276   175   284 0.83 -
6708_g               -            445 11405at5794          -            289   6.8e-07   27.3   4.6   3   4     0.012       2.6    5.7   0.0   177   238   269   336   264   353 0.76 -
6708_g               -            445 11405at5794          -            289   6.8e-07   27.3   4.6   4   4      0.11        24    2.5   0.3    66    98   385   417   358   430 0.76 -
152_g                -           1378 11405at5794          -            289   7.4e-07   27.2   2.4   1   2   3.3e-07   7.5e-05   20.6   0.2   122   245   105   231   100   236 0.73 -
152_g                -           1378 11405at5794          -            289   7.4e-07   27.2   2.4   2   2     0.012       2.7    5.7   0.2   183   235   256   312   239   360 0.81 -
1735_g               -            446 11405at5794          -            289   1.5e-06   26.2   4.3   1   4       6.9   1.6e+03   -3.4   0.1    48    69    54    75    46    80 0.73 -
1735_g               -            446 11405at5794          -            289   1.5e-06   26.2   4.3   2   4   2.4e-05    0.0054   14.5   0.1   202   240   298   336   274   341 0.86 -
1735_g               -            446 11405at5794          -            289   1.5e-06   26.2   4.3   3   4   3.4e-07   7.7e-05   20.6   1.3   176   238   309   378   298   386 0.78 -
1735_g               -            446 11405at5794          -            289   1.5e-06   26.2   4.3   4   4      0.32        72    1.0   0.1   204   238   399   433   382   444 0.76 -
3342_g               -            642 11405at5794          -            289   4.9e-06   24.5   1.0   1   3       8.8     2e+03   -3.8   0.2    40    71    48    79    42    88 0.58 -
3342_g               -            642 11405at5794          -            289   4.9e-06   24.5   1.0   2   3   6.9e-07   0.00015   19.6   0.0   202   244   116   158   109   186 0.92 -
3342_g               -            642 11405at5794          -            289   4.9e-06   24.5   1.0   3   3       0.1        24    2.6   0.0   208   239   236   267   226   273 0.91 -
2533_g               -            451 11405at5794          -            289   9.8e-06   23.5   0.8   1   3      0.19        42    1.7   0.0   208   246   144   182   116   219 0.70 -
2533_g               -            451 11405at5794          -            289   9.8e-06   23.5   0.8   2   3   8.8e-05      0.02   12.6   0.1   205   285   284   368   256   372 0.58 -
2533_g               -            451 11405at5794          -            289   9.8e-06   23.5   0.8   3   3     0.022         5    4.8   0.2    57    99   376   418   364   433 0.78 -
2336_g               -            341 11405at5794          -            289   1.1e-05   23.3   2.0   1   3     0.008       1.8    6.2   0.1   180   201   120   141    97   164 0.75 -
2336_g               -            341 11405at5794          -            289   1.1e-05   23.3   2.0   2   3   0.00021     0.048   11.4   0.3   203   241   165   202   154   229 0.75 -
2336_g               -            341 11405at5794          -            289   1.1e-05   23.3   2.0   3   3     0.044        10    3.8   0.0   185   227   297   340   275   341 0.85 -
3514_g               -            591 11405at5794          -            289   2.8e-05   22.0   6.8   1   4       1.9   4.3e+02   -1.6   0.0   194   229   143   178   137   187 0.72 -
3514_g               -            591 11405at5794          -            289   2.8e-05   22.0   6.8   2   4   6.2e-07   0.00014   19.7   0.3   201   280   204   284   180   285 0.82 -
3514_g               -            591 11405at5794          -            289   2.8e-05   22.0   6.8   3   4    0.0047       1.1    7.0   0.7    57   103   252   300   243   313 0.75 -
3514_g               -            591 11405at5794          -            289   2.8e-05   22.0   6.8   4   4      0.48   1.1e+02    0.4   0.1   196   274   430   507   408   520 0.74 -
1752_g               -            497 11405at5794          -            289   4.9e-05   21.2   4.6   1   4      0.04       9.1    3.9   0.1   185   266     6    96     3   104 0.53 -
1752_g               -            497 11405at5794          -            289   4.9e-05   21.2   4.6   2   4    0.0011      0.25    9.0   0.6    55   105   101   150    85   190 0.60 -
1752_g               -            497 11405at5794          -            289   4.9e-05   21.2   4.6   3   4    0.0038      0.86    7.3   0.0   183   232   289   343   263   348 0.76 -
1752_g               -            497 11405at5794          -            289   4.9e-05   21.2   4.6   4   4       1.3     3e+02   -1.0   0.0    12    68   365   418   359   423 0.79 -
2100_g               -            328 11405at5794          -            289   5.6e-05   21.0   0.2   1   3     0.042       9.5    3.9   0.0    65   107    51    95    38   103 0.77 -
2100_g               -            328 11405at5794          -            289   5.6e-05   21.0   0.2   2   3   3.9e-05    0.0089   13.8   0.3   178   235   150   208   118   216 0.86 -
2100_g               -            328 11405at5794          -            289   5.6e-05   21.0   0.2   3   3       2.9   6.5e+02   -2.2   0.0   184   197   302   315   267   321 0.61 -
2357_g               -            146 11405at5794          -            289   0.00026   18.9   9.8   1   3     0.047        11    3.7   0.6   209   245    20    57    15    61 0.75 -
2357_g               -            146 11405at5794          -            289   0.00026   18.9   9.8   2   3   8.4e-05     0.019   12.7   0.6   205   243    67   104    55   108 0.85 -
2357_g               -            146 11405at5794          -            289   0.00026   18.9   9.8   3   3   1.4e-05    0.0032   15.2   2.8   184   239    86   142    76   145 0.82 -
6322_g               -            349 11405at5794          -            289     0.002   15.9   1.0   1   3         2   4.6e+02   -1.7   0.0    28    60     8    37     2    52 0.53 -
6322_g               -            349 11405at5794          -            289     0.002   15.9   1.0   2   3   3.8e-05    0.0086   13.8   0.2   202   241   112   150    84   153 0.89 -
6322_g               -            349 11405at5794          -            289     0.002   15.9   1.0   3   3       1.9   4.4e+02   -1.6   0.0   196   236   233   278   177   282 0.56 -
3820_g               -            206 11405at5794          -            289     0.011   13.5   0.0   1   1   6.7e-05     0.015   13.0   0.0   184   241    86   145    67   148 0.87 -
4025_g               -            134 11405at5794          -            289     0.011   13.5   0.5   1   2   0.00026     0.058   11.1   0.2   203   241    35    71    25   109 0.79 -
4025_g               -            134 11405at5794          -            289     0.011   13.5   0.5   2   2      0.33        74    0.9   0.0    29    53    95   120    69   131 0.50 -
5968_g               -            161 11405at5794          -            289     0.013   13.2   0.0   1   1   0.00019     0.044   11.5   0.0   182   240    15    76     2    81 0.74 -
#
# Program:         hmmsearch
# Version:         3.1b2 (February 2015)
# Pipeline mode:   SEARCH
# Query file:      /mnt/e/Bioinformatics/Semester2/BINP29/Malaria Project/Genomes/Parsed/busco_downloads/lineages/apicomplexa_odb10/hmms/11405at5794.hmm
# Target file:     /mnt/e/Bioinformatics/Semester2/BINP29/Malaria Project/Genomes/Parsed/Pb_new.faa
# Option settings: hmmsearch --domtblout /mnt/e/Bioinformatics/Semester2/BINP29/Malaria Project/Genomes/Parsed/Pb/run_apicomplexa_odb10/hmmer_output/initial_run_results/11405at5794.out --cpu 1 /mnt/e/Bioinformatics/Semester2/BINP29/Malaria Project/Genomes/Parsed/busco_downloads/lineages/apicomplexa_odb10/hmms/11405at5794.hmm /mnt/e/Bioinformatics/Semester2/BINP29/Malaria Project/Genomes/Parsed/Pb_new.faa 
# Current dir:     /mnt/e/Bioinformatics/Semester2/BINP29/Malaria Project/Genomes/Parsed
# Date:            Wed Mar  1 19:21:59 2023
# [ok]
