#                                                                            --- full sequence --- -------------- this domain -------------   hmm coord   ali coord   env coord
# target name        accession   tlen query name           accession   qlen   E-value  score  bias   #  of  c-Evalue  i-Evalue  score  bias  from    to  from    to  from    to  acc description of target
#------------------- ---------- ----- -------------------- ---------- ----- --------- ------ ----- --- --- --------- --------- ------ ----- ----- ----- ----- ----- ----- ----- ---- ---------------------
3937_g               -            674 11677at5794          -            656  6.6e-122  406.6  48.4   1   4   8.5e-06    0.0015   15.6  11.2   186   229    20    63    11   111 0.78 -
3937_g               -            674 11677at5794          -            656  6.6e-122  406.6  48.4   2   4      0.46        79   -0.1   0.5   204   263   120   179    92   184 0.64 -
3937_g               -            674 11677at5794          -            656  6.6e-122  406.6  48.4   3   4   1.3e-23   2.2e-21   74.4   5.8   235   340   255   379   221   397 0.78 -
3937_g               -            674 11677at5794          -            656  6.6e-122  406.6  48.4   4   4  1.3e-101   2.3e-99  332.1   9.6   339   564   426   661   405   672 0.95 -
3205_g               -            205 11677at5794          -            656   6.7e-49  165.4   6.1   1   1     5e-51   8.7e-49  165.0   6.1    59   188     4   158     1   187 0.84 -
3714_g               -            323 11677at5794          -            656   3.4e-33  113.5  12.8   1   4    0.0001     0.018   12.0   0.0   385   417    32    64    26    65 0.89 -
3714_g               -            323 11677at5794          -            656   3.4e-33  113.5  12.8   2   4   1.6e-17   2.7e-15   54.3   1.5    75   161    71   161    68   168 0.90 -
3714_g               -            323 11677at5794          -            656   3.4e-33  113.5  12.8   3   4     2e-09   3.5e-07   27.5   0.9   355   418   168   232   162   234 0.90 -
3714_g               -            323 11677at5794          -            656   3.4e-33  113.5  12.8   4   4   1.1e-08   1.8e-06   25.2   0.0    89   143   261   317   254   321 0.91 -
4473_g               -            670 11677at5794          -            656   7.2e-31  105.8  39.5   1   4   2.1e-13   3.6e-11   40.7   0.2   381   467   118   204   113   208 0.95 -
4473_g               -            670 11677at5794          -            656   7.2e-31  105.8  39.5   2   4   1.3e-08   2.3e-06   24.8   2.8    66   135   338   419   311   439 0.67 -
4473_g               -            670 11677at5794          -            656   7.2e-31  105.8  39.5   3   4   6.9e-15   1.2e-12   45.6   0.3   369   459   468   558   452   567 0.92 -
4473_g               -            670 11677at5794          -            656   7.2e-31  105.8  39.5   4   4   2.2e-07   3.8e-05   20.8   0.6   383   416   635   668   627   669 0.92 -
4364_g               -            607 11677at5794          -            656   9.9e-29   98.7  18.4   1   5   9.5e-15   1.6e-12   45.1   1.1    59   155     2   109     1   112 0.83 -
4364_g               -            607 11677at5794          -            656   9.9e-29   98.7  18.4   2   5     7e-05     0.012   12.5   0.1   117   149   111   145   109   149 0.72 -
4364_g               -            607 11677at5794          -            656   9.9e-29   98.7  18.4   3   5   1.2e-15   2.1e-13   48.1   0.3    77   186   222   344   216   363 0.79 -
4364_g               -            607 11677at5794          -            656   9.9e-29   98.7  18.4   4   5      0.58     1e+02   -0.4   0.0    24    56   352   384   346   405 0.85 -
4364_g               -            607 11677at5794          -            656   9.9e-29   98.7  18.4   5   5     0.062        11    2.8   0.5    23   131   525   565   508   590 0.62 -
6503_g               -            500 11677at5794          -            656   9.1e-24   82.3  12.7   1   4   2.1e-09   3.7e-07   27.5   0.3    92   147   227   284   223   297 0.89 -
6503_g               -            500 11677at5794          -            656   9.1e-24   82.3  12.7   2   4     0.027       4.7    4.0   0.1   426   467   298   339   294   343 0.64 -
6503_g               -            500 11677at5794          -            656   9.1e-24   82.3  12.7   3   4   1.4e-12   2.4e-10   38.0   0.1    93   158   358   425   352   434 0.91 -
6503_g               -            500 11677at5794          -            656   9.1e-24   82.3  12.7   4   4   8.1e-07   0.00014   18.9   0.9   352   416   432   499   425   499 0.83 -
3486_g               -            619 11677at5794          -            656   3.5e-23   80.4   4.5   1   4   2.4e-14   4.1e-12   43.8   0.3   375   465   291   381   289   384 0.92 -
3486_g               -            619 11677at5794          -            656   3.5e-23   80.4   4.5   2   4   3.2e-15   5.5e-13   46.7   0.4    76   160   382   471   380   498 0.86 -
3486_g               -            619 11677at5794          -            656   3.5e-23   80.4   4.5   3   4      0.34        59    0.3   0.0   242   272   469   499   463   521 0.86 -
3486_g               -            619 11677at5794          -            656   3.5e-23   80.4   4.5   4   4     0.024       4.1    4.2   0.1   393   416   573   596   568   600 0.86 -
963_g                -            798 11677at5794          -            656   1.2e-21   75.4  47.4   1   4       3.1   5.3e+02   -2.8   0.3   191   210    35    54    23   108 0.62 -
963_g                -            798 11677at5794          -            656   1.2e-21   75.4  47.4   2   4   3.6e-09   6.1e-07   26.7   2.1    38   132   175   274   167   288 0.79 -
963_g                -            798 11677at5794          -            656   1.2e-21   75.4  47.4   3   4   9.4e-12   1.6e-09   35.2   1.5    75   149   581   663   557   667 0.64 -
963_g                -            798 11677at5794          -            656   1.2e-21   75.4  47.4   4   4   2.9e-13     5e-11   40.2   4.4   379   472   688   779   678   795 0.89 -
5115_g               -            438 11677at5794          -            656   1.1e-19   68.8  17.2   1   3   0.00044     0.075    9.9   0.5   415   492    36   119     9   120 0.70 -
5115_g               -            438 11677at5794          -            656   1.1e-19   68.8  17.2   2   3   3.6e-09   6.2e-07   26.7   0.6    77   156    88   174    75   177 0.80 -
5115_g               -            438 11677at5794          -            656   1.1e-19   68.8  17.2   3   3   2.6e-14   4.4e-12   43.7   5.8    76   165   178   277   174   298 0.82 -
1892_g               -            465 11677at5794          -            656   9.4e-19   65.8  17.2   1   3       4.5   7.8e+02   -3.4   2.3   209   235    78   104    22   159 0.59 -
1892_g               -            465 11677at5794          -            656   9.4e-19   65.8  17.2   2   3     5e-10   8.6e-08   29.5   1.7    77   159   218   305   209   314 0.78 -
1892_g               -            465 11677at5794          -            656   9.4e-19   65.8  17.2   3   3   3.4e-15   5.9e-13   46.6   0.6   353   494   313   461   310   464 0.93 -
2357_g               -            146 11677at5794          -            656   2.5e-18   64.4   6.2   1   2   0.00018     0.031   11.2   0.3   386   418    19    53    16    56 0.92 -
2357_g               -            146 11677at5794          -            656   2.5e-18   64.4   6.2   2   2   4.7e-18   8.1e-16   56.1   1.2   383   459    67   143    63   146 0.96 -
6629_g               -            542 11677at5794          -            656   9.6e-18   62.4  24.3   1   5      0.37        64    0.2   2.9   188   232   242   287   229   290 0.69 -
6629_g               -            542 11677at5794          -            656   9.6e-18   62.4  24.3   2   5   1.5e-11   2.6e-09   34.5   7.4    56   153   286   393   269   400 0.79 -
6629_g               -            542 11677at5794          -            656   9.6e-18   62.4  24.3   3   5   4.6e-08   7.9e-06   23.1   0.3    80   128   357   408   351   414 0.90 -
6629_g               -            542 11677at5794          -            656   9.6e-18   62.4  24.3   4   5   6.5e-06    0.0011   16.0   2.7   387   450   400   465   399   474 0.83 -
6629_g               -            542 11677at5794          -            656   9.6e-18   62.4  24.3   5   5   1.4e-06   0.00024   18.1   0.1   370   417   471   518   464   519 0.89 -
2323_g               -            422 11677at5794          -            656   6.1e-17   59.8  25.9   1   5   2.6e-10   4.4e-08   30.5   4.2   383   457    64   139    55   139 0.95 -
2323_g               -            422 11677at5794          -            656   6.1e-17   59.8  25.9   2   5   3.9e-08   6.7e-06   23.3   1.1    77   141   107   176    98   193 0.68 -
2323_g               -            422 11677at5794          -            656   6.1e-17   59.8  25.9   3   5   6.4e-05     0.011   12.7   0.3   353   431   205   285   188   294 0.86 -
2323_g               -            422 11677at5794          -            656   6.1e-17   59.8  25.9   4   5   6.2e-07   0.00011   19.3   0.2    91   149   299   362   297   367 0.83 -
2323_g               -            422 11677at5794          -            656   6.1e-17   59.8  25.9   5   5       2.4   4.1e+02   -2.4   0.6   206   223   375   392   364   397 0.45 -
984_g                -            527 11677at5794          -            656   1.7e-16   58.3  22.5   1   4   1.2e-07   2.1e-05   21.6   1.6    90   156   231   307   211   310 0.78 -
984_g                -            527 11677at5794          -            656   1.7e-16   58.3  22.5   2   4   9.7e-13   1.7e-10   38.5   2.8   387   469   269   351   260   358 0.94 -
984_g                -            527 11677at5794          -            656   1.7e-16   58.3  22.5   3   4   8.1e-09   1.4e-06   25.5   3.2   387   474   311   398   307   427 0.90 -
984_g                -            527 11677at5794          -            656   1.7e-16   58.3  22.5   4   4      0.15        27    1.5   3.7   251   385   361   495   351   524 0.69 -
2100_g               -            328 11677at5794          -            656   3.4e-14   50.7   0.4   1   4   1.8e-06    0.0003   17.8   0.1   383   468     5    89     2    92 0.91 -
2100_g               -            328 11677at5794          -            656   3.4e-14   50.7   0.4   2   4     0.027       4.6    4.0   0.1   384   465    47   136    43   145 0.74 -
2100_g               -            328 11677at5794          -            656   3.4e-14   50.7   0.4   3   4   1.5e-07   2.6e-05   21.3   0.2    90   142   153   207   137   215 0.84 -
2100_g               -            328 11677at5794          -            656   3.4e-14   50.7   0.4   4   4     0.003      0.52    7.1   0.0    96   151   263   320   254   324 0.84 -
2477_g               -            603 11677at5794          -            656   1.9e-13   48.2  13.5   1   5     0.017         3    4.6   0.4   384   444   223   290   205   298 0.80 -
2477_g               -            603 11677at5794          -            656   1.9e-13   48.2  13.5   2   5    0.0022      0.37    7.6   0.6   395   416   300   321   295   322 0.92 -
2477_g               -            603 11677at5794          -            656   1.9e-13   48.2  13.5   3   5    0.0023       0.4    7.5   0.0    75   150   395   468   385   485 0.84 -
2477_g               -            603 11677at5794          -            656   1.9e-13   48.2  13.5   4   5   4.3e-10   7.4e-08   29.8   0.3    91   155   493   560   473   567 0.84 -
2477_g               -            603 11677at5794          -            656   1.9e-13   48.2  13.5   5   5     0.036       6.3    3.6   0.0   391   418   569   596   566   599 0.92 -
1638_g               -            643 11677at5794          -            656   1.3e-12   45.5  16.0   1   4   1.5e-05    0.0026   14.8   2.2   354   457   123   234    18   240 0.73 -
1638_g               -            643 11677at5794          -            656   1.3e-12   45.5  16.0   2   4    0.0055      0.95    6.3   0.5    89   154   360   428   338   450 0.65 -
1638_g               -            643 11677at5794          -            656   1.3e-12   45.5  16.0   3   4   1.8e-08   3.1e-06   24.4   0.1   400   487   472   558   464   571 0.86 -
1638_g               -            643 11677at5794          -            656   1.3e-12   45.5  16.0   4   4    0.0025      0.44    7.4   0.0    91   132   588   631   580   638 0.74 -
2336_g               -            341 11677at5794          -            656   2.2e-12   44.7   7.5   1   3   1.8e-05     0.003   14.5   0.3   394   425   116   147   113   156 0.87 -
2336_g               -            341 11677at5794          -            656   2.2e-12   44.7   7.5   2   3   1.4e-07   2.4e-05   21.5   0.3   386   423   170   208   147   235 0.79 -
2336_g               -            341 11677at5794          -            656   2.2e-12   44.7   7.5   3   3     8e-05     0.014   12.3   0.1   390   448   284   341   243   341 0.85 -
970_g                -            486 11677at5794          -            656   3.4e-12   44.1   4.1   1   4       3.5     6e+02   -3.0   0.4   210   226    15    31     8    59 0.57 -
970_g                -            486 11677at5794          -            656   3.4e-12   44.1   4.1   2   4      0.92   1.6e+02   -1.1   0.1   442   496   164   218   151   255 0.52 -
970_g                -            486 11677at5794          -            656   3.4e-12   44.1   4.1   3   4     2e-14   3.4e-12   44.1   4.1   381   463   259   343   253   348 0.88 -
970_g                -            486 11677at5794          -            656   3.4e-12   44.1   4.1   4   4      0.18        31    1.3   0.0   441   461   416   436   390   455 0.60 -
6708_g               -            445 11677at5794          -            656   8.4e-11   39.5  11.7   1   3   1.4e-10   2.3e-08   31.4   0.3   384   467    69   153    63   157 0.90 -
6708_g               -            445 11677at5794          -            656   8.4e-11   39.5  11.7   2   3     0.013       2.3    5.0   0.1   399   468   194   262   184   274 0.84 -
6708_g               -            445 11677at5794          -            656   8.4e-11   39.5  11.7   3   3     0.001      0.17    8.7   1.9   318   409   277   373   267   415 0.76 -
6392_g               -            623 11677at5794          -            656   1.8e-10   38.4  19.9   1   3   1.3e-07   2.3e-05   21.5   0.1    75   149   330   411   327   415 0.83 -
6392_g               -            623 11677at5794          -            656   1.8e-10   38.4  19.9   2   3   2.7e-05    0.0047   13.9   0.3   361   458   438   536   427   537 0.76 -
6392_g               -            623 11677at5794          -            656   1.8e-10   38.4  19.9   3   3   1.8e-08   3.2e-06   24.4   4.8   308   455   464   623   456   623 0.80 -
4279_g               -            771 11677at5794          -            656   2.2e-10   38.1  15.0   1   4     0.001      0.17    8.7   0.2   444   493    65   120    58   140 0.65 -
4279_g               -            771 11677at5794          -            656   2.2e-10   38.1  15.0   2   4   2.3e-05    0.0039   14.2   2.2   129   229   242   339   216   359 0.75 -
4279_g               -            771 11677at5794          -            656   2.2e-10   38.1  15.0   3   4   7.8e-08   1.3e-05   22.3   0.8   400   459   376   434   368   542 0.89 -
4279_g               -            771 11677at5794          -            656   2.2e-10   38.1  15.0   4   4       2.6   4.5e+02   -2.6   0.0    57    74   747   766   718   769 0.71 -
2383_g               -            439 11677at5794          -            656   5.6e-10   36.8   1.5   1   3   1.8e-06    0.0003   17.8   0.0   108   150   124   169   104   172 0.84 -
2383_g               -            439 11677at5794          -            656   5.6e-10   36.8   1.5   2   3   3.9e-06   0.00067   16.7   0.3    76   117   182   227   177   249 0.81 -
2383_g               -            439 11677at5794          -            656   5.6e-10   36.8   1.5   3   3      0.96   1.7e+02   -1.1   0.1   391   461   233   312   229   321 0.68 -
2932_g               -            447 11677at5794          -            656   6.6e-10   36.5   1.6   1   3     0.016       2.7    4.7   0.1   425   463   143   183   139   187 0.83 -
2932_g               -            447 11677at5794          -            656   6.6e-10   36.5   1.6   2   3   2.5e-08   4.3e-06   23.9   0.0   360   461   263   370   215   390 0.72 -
2932_g               -            447 11677at5794          -            656   6.6e-10   36.5   1.6   3   3     0.054       9.3    3.0   0.0   114   152   388   431   379   434 0.72 -
5968_g               -            161 11677at5794          -            656   1.2e-09   35.6   1.9   1   2   7.3e-12   1.3e-09   35.6   0.3   387   483     2   100     1   113 0.90 -
5968_g               -            161 11677at5794          -            656   1.2e-09   35.6   1.9   2   2      0.63   1.1e+02   -0.5   0.1   409   438   116   146   107   161 0.71 -
4437_g               -            918 11677at5794          -            656   4.7e-09   33.7   0.3   1   2   3.7e-05    0.0064   13.5   0.0    68   415   185   226   156   232 0.47 -
4437_g               -            918 11677at5794          -            656   4.7e-09   33.7   0.3   2   2   2.9e-06    0.0005   17.1   0.2   357   416   268   330   252   333 0.80 -
2575_g               -            606 11677at5794          -            656     2e-08   31.7  27.2   1   5       2.6   4.5e+02   -2.6   1.2   515   549    28    64    18    66 0.77 -
2575_g               -            606 11677at5794          -            656     2e-08   31.7  27.2   2   5       2.6   4.5e+02   -2.6   0.3    74    74   201   201   118   223 0.59 -
2575_g               -            606 11677at5794          -            656     2e-08   31.7  27.2   3   5   1.6e-05    0.0027   14.7   1.1    92   160   300   386   295   402 0.74 -
2575_g               -            606 11677at5794          -            656     2e-08   31.7  27.2   4   5   5.5e-08   9.4e-06   22.8   3.3    85   174   400   494   389   516 0.65 -
2575_g               -            606 11677at5794          -            656     2e-08   31.7  27.2   5   5   0.00022     0.038   10.9   0.1   123   170   522   571   481   583 0.77 -
3892_g               -            514 11677at5794          -            656   3.5e-08   30.8   3.8   1   4      0.22        38    1.0   0.0   253   337    93   180    75   194 0.77 -
3892_g               -            514 11677at5794          -            656   3.5e-08   30.8   3.8   2   4    0.0046      0.79    6.5   0.0    92   111   256   275   245   291 0.76 -
3892_g               -            514 11677at5794          -            656   3.5e-08   30.8   3.8   3   4   2.4e-06   0.00041   17.4   0.3    91   151   378   443   361   453 0.66 -
3892_g               -            514 11677at5794          -            656   3.5e-08   30.8   3.8   4   4     0.045       7.7    3.3   0.0   386   418   474   507   463   513 0.53 -
4913_g               -            493 11677at5794          -            656   8.5e-08   29.6   8.3   1   3    0.0074       1.3    5.8   0.3   436   486    49    99    36   164 0.74 -
4913_g               -            493 11677at5794          -            656   8.5e-08   29.6   8.3   2   3       1.6   2.7e+02   -1.8   0.1   354   374   183   202   167   224 0.61 -
4913_g               -            493 11677at5794          -            656   8.5e-08   29.6   8.3   3   3   1.4e-09   2.4e-07   28.1   0.3   391   463   286   359   282   397 0.93 -
243_g                -            108 11677at5794          -            656   1.6e-07   28.7   1.1   1   1   1.2e-09     2e-07   28.3   1.1   611   656    14    71     7    71 0.82 -
6322_g               -            349 11677at5794          -            656     4e-07   27.3   1.8   1   3      0.58     1e+02   -0.4   0.0    58    76     8    26     4    38 0.79 -
6322_g               -            349 11677at5794          -            656     4e-07   27.3   1.8   2   3   2.3e-09     4e-07   27.3   1.8   380   441   112   173   104   231 0.82 -
6322_g               -            349 11677at5794          -            656     4e-07   27.3   1.8   3   3       1.6   2.7e+02   -1.9   0.0    93   108   319   334   312   342 0.80 -
2022_g               -            418 11677at5794          -            656     5e-07   27.0   2.2   1   3      0.21        36    1.1   0.4   504   556    75   129    47   155 0.69 -
2022_g               -            418 11677at5794          -            656     5e-07   27.0   2.2   2   3       2.2   3.9e+02   -2.4   0.0   402   414   240   252   220   268 0.67 -
2022_g               -            418 11677at5794          -            656     5e-07   27.0   2.2   3   3   2.9e-09     5e-07   27.0   2.2    73   151   277   363   275   365 0.74 -
5089_g               -            505 11677at5794          -            656   1.5e-06   25.5  30.7   1   1   9.9e-08   1.7e-05   22.0  30.7   123   530    38   439    31   447 0.78 -
1815_g               -            609 11677at5794          -            656   2.3e-06   24.9   6.1   1   4   0.00022     0.038   10.9   0.1   387   415    12    40     5    55 0.89 -
1815_g               -            609 11677at5794          -            656   2.3e-06   24.9   6.1   2   4   5.9e-06     0.001   16.1   0.1   351   414    85   152    44   154 0.80 -
1815_g               -            609 11677at5794          -            656   2.3e-06   24.9   6.1   3   4   1.1e-06   0.00019   18.5   2.7   426   496   252   331   244   339 0.79 -
1815_g               -            609 11677at5794          -            656   2.3e-06   24.9   6.1   4   4     0.054       9.3    3.0   0.2   373   415   542   585   538   588 0.87 -
938_g                -            492 11677at5794          -            656   2.4e-06   24.8   0.4   1   2     0.082        14    2.4   0.2   433   469   235   273   228   289 0.79 -
938_g                -            492 11677at5794          -            656   2.4e-06   24.8   0.4   2   2   1.4e-08   2.4e-06   24.8   0.4    92   174   327   411   311   422 0.77 -
2016_g               -            113 11677at5794          -            656     3e-05   21.2   0.3   1   1   1.8e-07   3.1e-05   21.1   0.3    85   149     9    73     1    90 0.59 -
124_g                -            350 11677at5794          -            656   5.6e-05   20.2   6.2   1   4       2.4   4.1e+02   -2.4   0.1   430   464    18    56    12    61 0.69 -
124_g                -            350 11677at5794          -            656   5.6e-05   20.2   6.2   2   4   3.8e-07   6.6e-05   20.0   0.1    93   150    82   144    75   149 0.83 -
124_g                -            350 11677at5794          -            656   5.6e-05   20.2   6.2   3   4     0.067        12    2.7   0.0    61    79   201   219   182   263 0.82 -
124_g                -            350 11677at5794          -            656   5.6e-05   20.2   6.2   4   4       4.1     7e+02   -3.2   0.0   390   414   315   340   308   344 0.76 -
4942_g               -            105 11677at5794          -            656   0.00015   18.8   0.7   1   1   8.8e-07   0.00015   18.8   0.7   322   385    40   104     2   105 0.92 -
4025_g               -            134 11677at5794          -            656   0.00021   18.3   0.1   1   1   1.4e-06   0.00024   18.1   0.1   114   184    35   111    12   133 0.69 -
4056_g               -            383 11677at5794          -            656   0.00061   16.8   0.0   1   4      0.96   1.7e+02   -1.1   1.1   142   192    84   136    80   142 0.73 -
4056_g               -            383 11677at5794          -            656   0.00061   16.8   0.0   2   4   3.6e-06   0.00061   16.8   0.0   374   411   186   223   177   229 0.89 -
4056_g               -            383 11677at5794          -            656   0.00061   16.8   0.0   3   4      0.18        31    1.3   0.2   245   274   245   275   227   316 0.68 -
4056_g               -            383 11677at5794          -            656   0.00061   16.8   0.0   4   4       7.8   1.4e+03   -4.1   0.0   280   300   341   361   333   375 0.59 -
5252_g               -            183 11677at5794          -            656    0.0021   15.0   0.0   1   2       0.2        34    1.1   0.1   428   466    17    55     6    77 0.59 -
5252_g               -            183 11677at5794          -            656    0.0021   15.0   0.0   2   2   8.1e-05     0.014   12.3   0.0   330   408    97   173    21   179 0.81 -
4655_g               -            112 11677at5794          -            656      0.36    7.7   3.1   1   1    0.0024      0.42    7.4   3.1   205   269    15    75     8    94 0.64 -
#
# Program:         hmmsearch
# Version:         3.1b2 (February 2015)
# Pipeline mode:   SEARCH
# Query file:      /mnt/e/Bioinformatics/Semester2/BINP29/Malaria Project/Genomes/Parsed/busco_downloads/lineages/apicomplexa_odb10/hmms/11677at5794.hmm
# Target file:     /mnt/e/Bioinformatics/Semester2/BINP29/Malaria Project/Genomes/Parsed/Pb_new.faa
# Option settings: hmmsearch --domtblout /mnt/e/Bioinformatics/Semester2/BINP29/Malaria Project/Genomes/Parsed/Pb/run_apicomplexa_odb10/hmmer_output/initial_run_results/11677at5794.out --cpu 1 /mnt/e/Bioinformatics/Semester2/BINP29/Malaria Project/Genomes/Parsed/busco_downloads/lineages/apicomplexa_odb10/hmms/11677at5794.hmm /mnt/e/Bioinformatics/Semester2/BINP29/Malaria Project/Genomes/Parsed/Pb_new.faa 
# Current dir:     /mnt/e/Bioinformatics/Semester2/BINP29/Malaria Project/Genomes/Parsed
# Date:            Wed Mar  1 19:22:00 2023
# [ok]
