#                                                                            --- full sequence --- -------------- this domain -------------   hmm coord   ali coord   env coord
# target name        accession   tlen query name           accession   qlen   E-value  score  bias   #  of  c-Evalue  i-Evalue  score  bias  from    to  from    to  from    to  acc description of target
#------------------- ---------- ----- -------------------- ---------- ----- --------- ------ ----- --- --- --------- --------- ------ ----- ----- ----- ----- ----- ----- ----- ---- ---------------------
6785_g               -            270 11711at5794          -            309   7.2e-51  171.9  34.2   1   3   1.3e-21   1.5e-18   65.7  15.6   130   193    10    76     1    80 0.72 -
6785_g               -            270 11711at5794          -            309   7.2e-51  171.9  34.2   2   3   2.5e-17     3e-14   51.6   1.4   180   229    77   126    71   132 0.88 -
6785_g               -            270 11711at5794          -            309   7.2e-51  171.9  34.2   3   3   1.6e-20     2e-17   62.0   3.0   228   308   159   267   154   268 0.67 -
4311_g               -            560 11711at5794          -            309   3.6e-15   54.6  54.6   1   5   3.5e-09   4.2e-06   24.8   2.9     7   120     5   128     3   157 0.75 -
4311_g               -            560 11711at5794          -            309   3.6e-15   54.6  54.6   2   5         6   7.2e+03   -7.1  14.1   123   151   193   221   132   235 0.61 -
4311_g               -            560 11711at5794          -            309   3.6e-15   54.6  54.6   3   5   1.1e-07   0.00014   19.8  11.4    11    82   240   310   232   367 0.67 -
4311_g               -            560 11711at5794          -            309   3.6e-15   54.6  54.6   4   5   1.5e-09   1.8e-06   26.0   0.6     8    77   372   440   363   446 0.87 -
4311_g               -            560 11711at5794          -            309   3.6e-15   54.6  54.6   5   5    0.0012       1.4    6.6   0.5    10    38   442   470   438   504 0.83 -
6296_g               -            279 11711at5794          -            309   8.1e-13   46.9   9.0   1   1   2.5e-15     3e-12   45.0   9.0     2    90   140   243   139   278 0.79 -
252_g                -            366 11711at5794          -            309   4.8e-09   34.5   6.2   1   3         6   7.2e+03   -6.5   9.0   102   139    35    70    13   113 0.69 -
252_g                -            366 11711at5794          -            309   4.8e-09   34.5   6.2   2   3       1.8   2.2e+03   -3.8   3.7    83   138   100   155    95   183 0.51 -
252_g                -            366 11711at5794          -            309   4.8e-09   34.5   6.2   3   3     4e-12   4.8e-09   34.5   6.2     3    68   203   266   201   341 0.93 -
4372_g               -            393 11711at5794          -            309   1.8e-07   29.3  14.2   1   3         6   7.2e+03   -7.6  10.9   100   149    36    83     8    97 0.45 -
4372_g               -            393 11711at5794          -            309   1.8e-07   29.3  14.2   2   3   1.5e-10   1.8e-07   29.3  14.2     3   143   110   276   108   304 0.77 -
4372_g               -            393 11711at5794          -            309   1.8e-07   29.3  14.2   3   3       1.8   2.2e+03   -3.8   0.4    10    24   340   354   328   357 0.62 -
6227_g               -            100 11711at5794          -            309      0.01   13.7   1.1   1   1   1.7e-05      0.02   12.7   1.1    11    72     3    76     1    96 0.75 -
#
# Program:         hmmsearch
# Version:         3.1b2 (February 2015)
# Pipeline mode:   SEARCH
# Query file:      /mnt/e/Bioinformatics/Semester2/BINP29/Malaria Project/Genomes/Parsed/busco_downloads/lineages/apicomplexa_odb10/hmms/11711at5794.hmm
# Target file:     /mnt/e/Bioinformatics/Semester2/BINP29/Malaria Project/Genomes/Parsed/Pb_new.faa
# Option settings: hmmsearch --domtblout /mnt/e/Bioinformatics/Semester2/BINP29/Malaria Project/Genomes/Parsed/Pb/run_apicomplexa_odb10/hmmer_output/initial_run_results/11711at5794.out --cpu 1 /mnt/e/Bioinformatics/Semester2/BINP29/Malaria Project/Genomes/Parsed/busco_downloads/lineages/apicomplexa_odb10/hmms/11711at5794.hmm /mnt/e/Bioinformatics/Semester2/BINP29/Malaria Project/Genomes/Parsed/Pb_new.faa 
# Current dir:     /mnt/e/Bioinformatics/Semester2/BINP29/Malaria Project/Genomes/Parsed
# Date:            Wed Mar  1 19:22:00 2023
# [ok]
