#                                                                            --- full sequence --- -------------- this domain -------------   hmm coord   ali coord   env coord
# target name        accession   tlen query name           accession   qlen   E-value  score  bias   #  of  c-Evalue  i-Evalue  score  bias  from    to  from    to  from    to  acc description of target
#------------------- ---------- ----- -------------------- ---------- ----- --------- ------ ----- --- --- --------- --------- ------ ----- ----- ----- ----- ----- ----- ----- ---- ---------------------
3215_g               -            640 12505at5794          -            344     3e-72  241.8   9.2   1   1   2.1e-74   9.9e-72  240.1   9.2   182   338    31   203    28   214 0.90 -
3340_g               -            199 12505at5794          -            344   1.2e-61  206.9   3.1   1   2   9.3e-06    0.0045   14.4   0.2    20    42    47    69    10    70 0.87 -
3340_g               -            199 12505at5794          -            344   1.2e-61  206.9   3.1   2   2   1.8e-59   8.9e-57  191.0   0.3    73   182    71   181    69   185 0.97 -
5766_g               -            140 12505at5794          -            344   5.6e-47  158.7   0.6   1   1   1.1e-48   5.3e-46  155.5   0.6    20   110    47   140    10   140 0.93 -
6592_g               -            592 12505at5794          -            344     3e-20   70.9   1.9   1   4     0.039        19    2.5   0.3   293   313   207   227   187   245 0.73 -
6592_g               -            592 12505at5794          -            344     3e-20   70.9   1.9   2   4   4.5e-13   2.2e-10   38.4   0.0    67   152   275   362   270   366 0.92 -
6592_g               -            592 12505at5794          -            344     3e-20   70.9   1.9   3   4   1.2e-12   5.9e-10   37.0   0.0    63   161   338   436   335   445 0.91 -
6592_g               -            592 12505at5794          -            344     3e-20   70.9   1.9   4   4    0.0015      0.72    7.1   0.0   107   155   480   530   461   537 0.66 -
844_g                -           1293 12505at5794          -            344   2.9e-17   61.0   0.7   1   4      0.63   3.1e+02   -1.5   2.0   299   340   194   236   153   240 0.81 -
844_g                -           1293 12505at5794          -            344   2.9e-17   61.0   0.7   2   4   1.6e-10   7.9e-08   30.0   0.0   113   182   621   690   605   699 0.90 -
844_g                -           1293 12505at5794          -            344   2.9e-17   61.0   0.7   3   4     3e-13   1.5e-10   39.0   0.1    63   180   712   831   694   837 0.92 -
844_g                -           1293 12505at5794          -            344   2.9e-17   61.0   0.7   4   4         8   3.9e+03   -5.1   1.3   296   319  1058  1081  1011  1097 0.67 -
3782_g               -            120 12505at5794          -            344   1.6e-16   58.6   0.0   1   1   3.6e-19   1.7e-16   58.5   0.0    34   140    12   118     2   120 0.86 -
1197_g               -           1050 12505at5794          -            344     5e-16   57.0   2.2   1   3     0.046        22    2.2   0.0   114   158   392   436   379   444 0.85 -
1197_g               -           1050 12505at5794          -            344     5e-16   57.0   2.2   2   3      0.01         5    4.3   0.0   130   170   696   736   674   748 0.85 -
1197_g               -           1050 12505at5794          -            344     5e-16   57.0   2.2   3   3   1.8e-15   8.6e-13   46.3   2.0    11   196   810  1002   797  1018 0.80 -
972_g                -           1104 12505at5794          -            344     3e-14   51.1   0.5   1   1   1.9e-16     9e-14   49.5   0.5   230   320   561   651   541   661 0.86 -
812_g                -            388 12505at5794          -            344   1.6e-13   48.7   9.6   1   3   0.00023      0.11    9.8   0.1    81   128    20    67    11    78 0.76 -
812_g                -            388 12505at5794          -            344   1.6e-13   48.7   9.6   2   3   4.6e-14   2.2e-11   41.7   1.9    76   186    85   196    80   206 0.94 -
812_g                -            388 12505at5794          -            344   1.6e-13   48.7   9.6   3   3      0.13        62    0.7   0.2   125   166   203   244   197   277 0.65 -
2311_g               -           1002 12505at5794          -            344   2.7e-13   48.0   5.5   1   2   5.7e-16   2.7e-13   48.0   5.5   228   329   404   508   381   522 0.86 -
2311_g               -           1002 12505at5794          -            344   2.7e-13   48.0   5.5   2   2       2.5   1.2e+03   -3.5   0.5   168   197   895   924   882   929 0.60 -
1879_g               -            317 12505at5794          -            344     3e-09   34.7   0.0   1   1   1.1e-11   5.5e-09   33.8   0.0    50   123   221   299   211   311 0.80 -
1847_g               -            395 12505at5794          -            344   3.7e-07   27.8   0.6   1   2   2.4e-09   1.2e-06   26.2   0.1    43   150     5   117     3   129 0.86 -
1847_g               -            395 12505at5794          -            344   3.7e-07   27.8   0.6   2   2      0.44   2.1e+02   -1.0   0.1   286   317   276   307   263   310 0.81 -
2741_g               -            346 12505at5794          -            344   0.00034   18.1   2.9   1   2   2.1e-05      0.01   13.2   0.2    92   158   126   195    62   199 0.87 -
2741_g               -            346 12505at5794          -            344   0.00034   18.1   2.9   2   2   3.5e-05     0.017   12.5   1.0    78   176   149   257   149   267 0.74 -
5469_g               -            154 12505at5794          -            344   0.00097   16.6   0.2   1   1   3.5e-06    0.0017   15.8   0.2    91   159    49   120    10   127 0.85 -
5973_g               -            189 12505at5794          -            344      0.44    7.8   7.9   1   1    0.0012      0.57    7.4   7.9   234   340    31   137    13   141 0.83 -
#
# Program:         hmmsearch
# Version:         3.1b2 (February 2015)
# Pipeline mode:   SEARCH
# Query file:      /mnt/e/Bioinformatics/Semester2/BINP29/Malaria Project/Genomes/Parsed/busco_downloads/lineages/apicomplexa_odb10/hmms/12505at5794.hmm
# Target file:     /mnt/e/Bioinformatics/Semester2/BINP29/Malaria Project/Genomes/Parsed/Pb_new.faa
# Option settings: hmmsearch --domtblout /mnt/e/Bioinformatics/Semester2/BINP29/Malaria Project/Genomes/Parsed/Pb/run_apicomplexa_odb10/hmmer_output/initial_run_results/12505at5794.out --cpu 1 /mnt/e/Bioinformatics/Semester2/BINP29/Malaria Project/Genomes/Parsed/busco_downloads/lineages/apicomplexa_odb10/hmms/12505at5794.hmm /mnt/e/Bioinformatics/Semester2/BINP29/Malaria Project/Genomes/Parsed/Pb_new.faa 
# Current dir:     /mnt/e/Bioinformatics/Semester2/BINP29/Malaria Project/Genomes/Parsed
# Date:            Wed Mar  1 19:22:01 2023
# [ok]
