#                                                                            --- full sequence --- -------------- this domain -------------   hmm coord   ali coord   env coord
# target name        accession   tlen query name           accession   qlen   E-value  score  bias   #  of  c-Evalue  i-Evalue  score  bias  from    to  from    to  from    to  acc description of target
#------------------- ---------- ----- -------------------- ---------- ----- --------- ------ ----- --- --- --------- --------- ------ ----- ----- ----- ----- ----- ----- ----- ---- ---------------------
6882_g               -            404 13194at5794          -            301  1.5e-105  351.0  27.1   1   3   3.6e-20   8.8e-17   59.5   3.1     2    70     6    86     5    94 0.84 -
6882_g               -            404 13194at5794          -            301  1.5e-105  351.0  27.1   2   3   3.7e-07   0.00089   16.8   0.2    64    91    95   122    89   131 0.78 -
6882_g               -            404 13194at5794          -            301  1.5e-105  351.0  27.1   3   3   1.7e-88   4.2e-85  283.8  11.5    83   301   132   389   124   389 0.91 -
6532_g               -            464 13194at5794          -            301   1.5e-09   35.7  19.2   1   3   7.8e-05      0.19    9.2   1.0     7    64    96   163    91   164 0.70 -
6532_g               -            464 13194at5794          -            301   1.5e-09   35.7  19.2   2   3   4.4e-06     0.011   13.3   0.3   133   156   161   184   158   199 0.89 -
6532_g               -            464 13194at5794          -            301   1.5e-09   35.7  19.2   3   3   2.1e-08   5.1e-05   20.9   6.8    86   285   210   440   191   451 0.63 -
5453_g               -            429 13194at5794          -            301   2.7e-09   34.9  15.6   1   3   6.5e-05      0.16    9.4   0.9     7    64   189   256   184   257 0.70 -
5453_g               -            429 13194at5794          -            301   2.7e-09   34.9  15.6   2   3     4e-06    0.0096   13.4   0.3   133   156   254   277   251   292 0.89 -
5453_g               -            429 13194at5794          -            301   2.7e-09   34.9  15.6   3   3   1.5e-08   3.5e-05   21.4   3.5    86   166   303   392   284   398 0.77 -
#
# Program:         hmmsearch
# Version:         3.1b2 (February 2015)
# Pipeline mode:   SEARCH
# Query file:      /mnt/e/Bioinformatics/Semester2/BINP29/Malaria Project/Genomes/Parsed/busco_downloads/lineages/apicomplexa_odb10/hmms/13194at5794.hmm
# Target file:     /mnt/e/Bioinformatics/Semester2/BINP29/Malaria Project/Genomes/Parsed/Pb_new.faa
# Option settings: hmmsearch --domtblout /mnt/e/Bioinformatics/Semester2/BINP29/Malaria Project/Genomes/Parsed/Pb/run_apicomplexa_odb10/hmmer_output/initial_run_results/13194at5794.out --cpu 1 /mnt/e/Bioinformatics/Semester2/BINP29/Malaria Project/Genomes/Parsed/busco_downloads/lineages/apicomplexa_odb10/hmms/13194at5794.hmm /mnt/e/Bioinformatics/Semester2/BINP29/Malaria Project/Genomes/Parsed/Pb_new.faa 
# Current dir:     /mnt/e/Bioinformatics/Semester2/BINP29/Malaria Project/Genomes/Parsed
# Date:            Wed Mar  1 19:22:02 2023
# [ok]
