#                                                                            --- full sequence --- -------------- this domain -------------   hmm coord   ali coord   env coord
# target name        accession   tlen query name           accession   qlen   E-value  score  bias   #  of  c-Evalue  i-Evalue  score  bias  from    to  from    to  from    to  acc description of target
#------------------- ---------- ----- -------------------- ---------- ----- --------- ------ ----- --- --- --------- --------- ------ ----- ----- ----- ----- ----- ----- ----- ---- ---------------------
729_g                -            302 13724at5794          -            242   6.5e-98  325.7  11.1   1   1     2e-97   1.8e-94  314.4  11.1    14   242     1   294     1   294 0.84 -
2302_g               -            323 13724at5794          -            242   2.7e-16   58.4  14.1   1   3      0.05        45    2.0   1.1    42    70     5    36     1    40 0.75 -
2302_g               -            323 13724at5794          -            242   2.7e-16   58.4  14.1   2   3   1.4e-10   1.3e-07   30.0   0.6    52   109    54   121    39   141 0.68 -
2302_g               -            323 13724at5794          -            242   2.7e-16   58.4  14.1   3   3   5.2e-12   4.7e-09   34.7   0.5   139   196   193   250   163   271 0.86 -
304_g                -            364 13724at5794          -            242   6.3e-11   40.8   5.3   1   1   1.4e-13   1.2e-10   39.9   5.3    50   234   126   329    96   335 0.72 -
711_g                -            194 13724at5794          -            242   1.3e-09   36.5   4.9   1   1   1.7e-12   1.6e-09   36.3   4.5   114   227     1   128     1   142 0.79 -
38_g                 -            372 13724at5794          -            242     8e-07   27.4   9.9   1   1   8.9e-10     8e-07   27.4   9.9    72   225     7   163     2   174 0.80 -
4420_g               -            348 13724at5794          -            242     1e-06   27.1   2.3   1   1   1.6e-09   1.4e-06   26.6   2.3    25   225    38   239    19   283 0.80 -
2618_g               -            201 13724at5794          -            242   0.00032   18.9   0.6   1   1   4.9e-07   0.00045   18.4   0.6    18   103    46   144    31   189 0.75 -
809_g                -            203 13724at5794          -            242     0.011   13.8   1.5   1   1   2.1e-05     0.019   13.1   1.5    74   167    53   145     4   165 0.73 -
#
# Program:         hmmsearch
# Version:         3.1b2 (February 2015)
# Pipeline mode:   SEARCH
# Query file:      /mnt/e/Bioinformatics/Semester2/BINP29/Malaria Project/Genomes/Parsed/busco_downloads/lineages/apicomplexa_odb10/hmms/13724at5794.hmm
# Target file:     /mnt/e/Bioinformatics/Semester2/BINP29/Malaria Project/Genomes/Parsed/Pb_new.faa
# Option settings: hmmsearch --domtblout /mnt/e/Bioinformatics/Semester2/BINP29/Malaria Project/Genomes/Parsed/Pb/run_apicomplexa_odb10/hmmer_output/initial_run_results/13724at5794.out --cpu 1 /mnt/e/Bioinformatics/Semester2/BINP29/Malaria Project/Genomes/Parsed/busco_downloads/lineages/apicomplexa_odb10/hmms/13724at5794.hmm /mnt/e/Bioinformatics/Semester2/BINP29/Malaria Project/Genomes/Parsed/Pb_new.faa 
# Current dir:     /mnt/e/Bioinformatics/Semester2/BINP29/Malaria Project/Genomes/Parsed
# Date:            Wed Mar  1 19:22:02 2023
# [ok]
