#                                                                            --- full sequence --- -------------- this domain -------------   hmm coord   ali coord   env coord
# target name        accession   tlen query name           accession   qlen   E-value  score  bias   #  of  c-Evalue  i-Evalue  score  bias  from    to  from    to  from    to  acc description of target
#------------------- ---------- ----- -------------------- ---------- ----- --------- ------ ----- --- --- --------- --------- ------ ----- ----- ----- ----- ----- ----- ----- ---- ---------------------
3556_g               -            837 14048at5794          -            354  1.1e-105  352.1  35.6   1   4   4.9e-53   8.2e-51  171.6   6.2     2   168    73   282    72   283 0.84 -
3556_g               -            837 14048at5794          -            354  1.1e-105  352.1  35.6   2   4   1.1e-24   1.9e-22   78.3   2.6   165   238   347   420   335   439 0.93 -
3556_g               -            837 14048at5794          -            354  1.1e-105  352.1  35.6   3   4   4.3e-24   7.3e-22   76.4   0.1   230   290   555   615   542   619 0.92 -
3556_g               -            837 14048at5794          -            354  1.1e-105  352.1  35.6   4   4   7.4e-13   1.3e-10   39.4   7.1   277   345   624   702   617   711 0.77 -
6847_g               -            553 14048at5794          -            354   1.1e-50  171.2  11.5   1   2   1.9e-34   3.1e-32  110.5   2.1    16   169   114   309   100   320 0.77 -
6847_g               -            553 14048at5794          -            354   1.1e-50  171.2  11.5   2   2   1.4e-19   2.3e-17   61.6   2.2   169   325   331   494   327   510 0.81 -
2913_g               -            391 14048at5794          -            354   3.1e-45  153.2   4.9   1   3   1.9e-17   3.1e-15   54.6   0.0    19    97    35   115    24   120 0.90 -
2913_g               -            391 14048at5794          -            354   3.1e-45  153.2   4.9   2   3     2e-10   3.4e-08   31.5   0.2   112   167   157   220   150   228 0.84 -
2913_g               -            391 14048at5794          -            354   3.1e-45  153.2   4.9   3   3   1.5e-21   2.6e-19   68.0   0.2   181   293   256   374   243   389 0.87 -
1224_g               -            500 14048at5794          -            354   1.5e-44  151.0  31.2   1   2      0.28        47    1.4   5.0   317   353    20    56     3    57 0.82 -
1224_g               -            500 14048at5794          -            354   1.5e-44  151.0  31.2   2   2   3.6e-46   6.1e-44  149.0  18.3    16   331   108   488    92   498 0.72 -
18_g                 -            633 14048at5794          -            354   5.2e-44  149.2   0.1   1   3   8.2e-17   1.4e-14   52.5   0.0    18    94   200   286   184   296 0.89 -
18_g                 -            633 14048at5794          -            354   5.2e-44  149.2   0.1   2   3   1.2e-07     2e-05   22.3   0.0   111   167   336   400   317   403 0.86 -
18_g                 -            633 14048at5794          -            354   5.2e-44  149.2   0.1   3   3   2.8e-22   4.7e-20   70.4   0.0   164   285   416   543   406   553 0.88 -
1820_g               -            475 14048at5794          -            354   1.4e-43  147.8  16.9   1   2   2.7e-20   4.6e-18   63.9   3.9    15   136    67   220    55   250 0.77 -
1820_g               -            475 14048at5794          -            354   1.4e-43  147.8  16.9   2   2   2.8e-26   4.8e-24   83.6   5.3   141   284   261   410   230   471 0.84 -
1474_g               -            926 14048at5794          -            354   2.6e-42  143.7   0.8   1   3     1e-18   1.8e-16   58.7   0.1    15   134   515   671   504   675 0.68 -
1474_g               -            926 14048at5794          -            354   2.6e-42  143.7   0.8   2   3       1.5   2.5e+02   -1.0   0.0   142   167   711   736   693   737 0.91 -
1474_g               -            926 14048at5794          -            354   2.6e-42  143.7   0.8   3   3   1.1e-24   1.8e-22   78.4   0.0   179   284   768   878   763   888 0.93 -
3632_g               -            386 14048at5794          -            354   1.4e-41  141.2   5.1   1   2   1.6e-17   2.6e-15   54.8   0.1    18    99    40   123    22   146 0.86 -
3632_g               -            386 14048at5794          -            354   1.4e-41  141.2   5.1   2   2   3.4e-27   5.7e-25   86.6   1.4   112   292   163   371   155   380 0.81 -
3884_g               -            523 14048at5794          -            354     2e-41  140.7   0.0   1   3   1.7e-16   2.9e-14   51.4   0.0    18    87   124   200   113   215 0.79 -
3884_g               -            523 14048at5794          -            354     2e-41  140.7   0.0   2   3   2.5e-07   4.3e-05   21.2   0.0   110   167   250   316   240   350 0.80 -
3884_g               -            523 14048at5794          -            354     2e-41  140.7   0.0   3   3   1.8e-20     3e-18   64.5   0.0   183   284   356   462   342   474 0.90 -
3263_g               -            701 14048at5794          -            354   2.1e-39  134.1   9.2   1   3   7.1e-14   1.2e-11   42.8   0.0    19    69   291   341   273   343 0.87 -
3263_g               -            701 14048at5794          -            354   2.1e-39  134.1   9.2   2   3   4.9e-08   8.2e-06   23.6   0.8    67   166   385   520   382   542 0.62 -
3263_g               -            701 14048at5794          -            354   2.1e-39  134.1   9.2   3   3   1.3e-21   2.3e-19   68.2   0.6   165   285   542   667   518   698 0.86 -
2925_g               -            656 14048at5794          -            354   5.9e-39  132.6  15.0   1   3   1.8e-18     3e-16   57.9   1.3     5    92   180   273   176   289 0.83 -
2925_g               -            656 14048at5794          -            354   5.9e-39  132.6  15.0   2   3     9e-09   1.5e-06   26.0   0.1   112   158   325   379   316   388 0.81 -
2925_g               -            656 14048at5794          -            354   5.9e-39  132.6  15.0   3   3   1.5e-17   2.5e-15   54.9   3.3   158   286   406   542   392   552 0.85 -
480_g                -           1332 14048at5794          -            354   1.1e-37  128.4   6.0   1   3   8.4e-17   1.4e-14   52.4   0.1    16    97   584   672   579   677 0.84 -
480_g                -           1332 14048at5794          -            354   1.1e-37  128.4   6.0   2   3   1.8e-27     3e-25   87.5   1.8   107   285   712   925   701   973 0.80 -
480_g                -           1332 14048at5794          -            354   1.1e-37  128.4   6.0   3   3       2.3   3.8e+02   -1.6   2.8   282   345  1091  1153  1074  1162 0.77 -
3574_g               -            896 14048at5794          -            354   3.7e-37  126.7   9.1   1   3   1.7e-11   2.9e-09   34.9   0.0    14    65   322   373   308   378 0.86 -
3574_g               -            896 14048at5794          -            354   3.7e-37  126.7   9.1   2   3    0.0013      0.22    9.0   0.1    70   137   401   495   396   497 0.62 -
3574_g               -            896 14048at5794          -            354   3.7e-37  126.7   9.1   3   3   1.4e-24   2.4e-22   78.0   3.0   129   284   519   700   515   728 0.78 -
1098_g               -            539 14048at5794          -            354   1.1e-36  125.2   9.5   1   5         3     5e+02   -2.0   0.0   311   349     6    40     2    45 0.77 -
1098_g               -            539 14048at5794          -            354   1.1e-36  125.2   9.5   2   5   5.2e-14   8.7e-12   43.2   0.0    20    67    46    93    29   111 0.86 -
1098_g               -            539 14048at5794          -            354   1.1e-36  125.2   9.5   3   5     0.055       9.2    3.7   0.0    69    94   130   155   124   162 0.82 -
1098_g               -            539 14048at5794          -            354   1.1e-36  125.2   9.5   4   5   1.7e-07   2.9e-05   21.8   0.3   111   167   199   264   193   268 0.83 -
1098_g               -            539 14048at5794          -            354   1.1e-36  125.2   9.5   5   5   8.1e-19   1.4e-16   59.0   0.8   146   285   267   412   264   474 0.83 -
6775_g               -            467 14048at5794          -            354     2e-34  117.7   2.9   1   2     3e-11   5.1e-09   34.1   0.0    16    67    74   125    61   129 0.87 -
6775_g               -            467 14048at5794          -            354     2e-34  117.7   2.9   2   2   3.8e-24   6.5e-22   76.6   2.2   114   286   229   437   149   459 0.75 -
2826_g               -            997 14048at5794          -            354   6.2e-34  116.1  20.6   1   2   3.7e-36   6.2e-34  116.1  20.6     8   347    40   458    34   466 0.71 -
2826_g               -            997 14048at5794          -            354   6.2e-34  116.1  20.6   2   2       2.7   4.6e+02   -1.9   1.2   284   329   625   669   611   684 0.73 -
1613_g               -            339 14048at5794          -            354   7.1e-32  109.3   9.5   1   2   7.9e-09   1.3e-06   26.2   0.1    45   100     2    66     1    69 0.76 -
1613_g               -            339 14048at5794          -            354   7.1e-32  109.3   9.5   2   2   7.8e-26   1.3e-23   82.1   5.2   112   286   105   312    78   318 0.80 -
4261_g               -            734 14048at5794          -            354   5.7e-29   99.8  29.1   1   3   2.8e-19   4.8e-17   60.6   0.2    15    97   119   208   104   213 0.84 -
4261_g               -            734 14048at5794          -            354   5.7e-29   99.8  29.1   2   3   1.1e-14   1.9e-12   45.4  13.1   167   317   328   489   237   506 0.70 -
4261_g               -            734 14048at5794          -            354   5.7e-29   99.8  29.1   3   3       9.7   1.6e+03   -3.7   3.1   289   349   556   616   546   621 0.85 -
1511_g               -            674 14048at5794          -            354   6.3e-29   99.6  17.0   1   1   3.8e-26   6.4e-24   83.2  17.0    16   283   277   643   264   661 0.68 -
5213_g               -            346 14048at5794          -            354   1.9e-28   98.0   4.2   1   1   3.9e-26   6.5e-24   83.1   4.2    67   282    43   322    40   334 0.71 -
6654_g               -            720 14048at5794          -            354     2e-27   94.7  15.4   1   2   1.8e-15   3.1e-13   48.0   0.7     4    90   250   356   248   368 0.74 -
6654_g               -            720 14048at5794          -            354     2e-27   94.7  15.4   2   2     3e-14     5e-12   44.0   8.2   155   285   471   614   377   669 0.69 -
6155_g               -            189 14048at5794          -            354   1.1e-21   75.8   0.9   1   2   6.5e-18   1.1e-15   56.1   0.1    21    99     7    87     2   111 0.88 -
6155_g               -            189 14048at5794          -            354   1.1e-21   75.8   0.9   2   2   1.6e-06   0.00027   18.6   0.1   112   162   127   185   117   187 0.80 -
5870_g               -            185 14048at5794          -            354   2.5e-21   74.6   0.2   1   1   4.1e-23     7e-21   73.2   0.2    17    94    63   154    51   162 0.81 -
1933_g               -            483 14048at5794          -            354   3.5e-20   70.9  18.3   1   2   2.6e-09   4.3e-07   27.8   0.1    40    90   109   162    71   178 0.85 -
1933_g               -            483 14048at5794          -            354   3.5e-20   70.9  18.3   2   2   5.2e-13   8.7e-11   40.0  15.0   183   343   300   471   227   479 0.68 -
5534_g               -            502 14048at5794          -            354   3.1e-19   67.7  22.4   1   2   5.2e-15   8.7e-13   46.5  12.3    10   158   171   368   162   397 0.69 -
5534_g               -            502 14048at5794          -            354   3.1e-19   67.7  22.4   2   2   2.5e-07   4.2e-05   21.3   4.5   160   252   390   502   377   502 0.68 -
5643_g               -            196 14048at5794          -            354   4.5e-18   63.9   0.2   1   1   2.7e-20   4.5e-18   63.9   0.2    15    96   101   189    85   194 0.84 -
327_g                -            609 14048at5794          -            354   6.1e-18   63.5   6.9   1   4   2.4e-11   4.1e-09   34.5   0.1    20    69   192   242   173   245 0.84 -
327_g                -            609 14048at5794          -            354   6.1e-18   63.5   6.9   2   4   2.9e-05    0.0049   14.5   0.1    66    97   264   295   259   330 0.91 -
327_g                -            609 14048at5794          -            354   6.1e-18   63.5   6.9   3   4      0.44        73    0.7   3.1   133   157   378   402   336   459 0.57 -
327_g                -            609 14048at5794          -            354   6.1e-18   63.5   6.9   4   4   5.1e-11   8.5e-09   33.4   0.7   192   271   523   607   518   609 0.83 -
3961_g               -            633 14048at5794          -            354   2.8e-17   61.3   4.9   1   4   4.3e-10   7.2e-08   30.4   0.0    20    63    21    64     2    70 0.84 -
3961_g               -            633 14048at5794          -            354   2.8e-17   61.3   4.9   2   4    0.0029      0.48    7.9   0.0    65    86   316   337   313   356 0.86 -
3961_g               -            633 14048at5794          -            354   2.8e-17   61.3   4.9   3   4   2.6e-05    0.0045   14.6   0.5   111   168   397   465   380   507 0.80 -
3961_g               -            633 14048at5794          -            354   2.8e-17   61.3   4.9   4   4    0.0067       1.1    6.7   0.1   203   238   593   628   523   632 0.85 -
3879_g               -            328 14048at5794          -            354     4e-17   60.8   0.5   1   2   2.1e-12   3.5e-10   38.0   0.0    21    68    37    85    17    92 0.80 -
3879_g               -            328 14048at5794          -            354     4e-17   60.8   0.5   2   2   3.8e-07   6.4e-05   20.7   0.1    68    97   264   293   260   305 0.82 -
1649_g               -            726 14048at5794          -            354   3.6e-16   57.7   3.7   1   3       1.1   1.9e+02   -0.6   6.1   301   340     5    44     1    54 0.78 -
1649_g               -            726 14048at5794          -            354   3.6e-16   57.7   3.7   2   3   2.1e-18   3.6e-16   57.7   3.7   172   282   111   226    90   242 0.86 -
1649_g               -            726 14048at5794          -            354   3.6e-16   57.7   3.7   3   3       8.9   1.5e+03   -3.6   1.8   316   346   631   661   601   699 0.52 -
1114_g               -            716 14048at5794          -            354   3.5e-15   54.4   4.6   1   3      0.24        41    1.6   0.1   116   141   128   155    99   157 0.82 -
1114_g               -            716 14048at5794          -            354   3.5e-15   54.4   4.6   2   3       1.6   2.6e+02   -1.1   0.2   302   329   166   193   146   201 0.79 -
1114_g               -            716 14048at5794          -            354   3.5e-15   54.4   4.6   3   3   2.1e-17   3.5e-15   54.4   4.6   182   273   339   435   329   529 0.85 -
3802_g               -            735 14048at5794          -            354   3.2e-14   51.3   3.1   1   2   1.9e-07   3.1e-05   21.7   0.1     4    88    29   113    20   133 0.84 -
3802_g               -            735 14048at5794          -            354   3.2e-14   51.3   3.1   2   2   1.4e-09   2.4e-07   28.6   0.6   182   309   282   414   271   429 0.82 -
4047_g               -            247 14048at5794          -            354   2.7e-13   48.2   0.6   1   2       8.7   1.5e+03   -3.5   0.1   320   344    12    36     4    46 0.74 -
4047_g               -            247 14048at5794          -            354   2.7e-13   48.2   0.6   2   2   2.3e-15   3.8e-13   47.7   0.0    10    65   171   226   139   231 0.93 -
2916_g               -            613 14048at5794          -            354   2.5e-12   45.0  16.4   1   3   0.00015     0.025   12.2   0.2    43    69    93   119    89   248 0.75 -
2916_g               -            613 14048at5794          -            354   2.5e-12   45.0  16.4   2   3       1.5   2.6e+02   -1.1   2.0   112   135   309   331   282   419 0.54 -
2916_g               -            613 14048at5794          -            354   2.5e-12   45.0  16.4   3   3   2.2e-13   3.7e-11   41.2   1.7   233   285   542   594   459   607 0.72 -
5041_g               -            183 14048at5794          -            354   7.7e-11   40.1   0.2   1   1   7.9e-13   1.3e-10   39.4   0.2    16    64    75   123    59   136 0.85 -
3650_g               -            390 14048at5794          -            354   8.7e-11   40.0  15.4   1   3   2.2e-07   3.6e-05   21.5   0.5    16    69    24    77    10    80 0.90 -
3650_g               -            390 14048at5794          -            354   8.7e-11   40.0  15.4   2   3   6.5e-07   0.00011   19.9   0.2    64   100   125   161   119   167 0.85 -
3650_g               -            390 14048at5794          -            354   8.7e-11   40.0  15.4   3   3    0.0072       1.2    6.6   1.9   106   138   250   283   212   309 0.79 -
2768_g               -            930 14048at5794          -            354   6.4e-10   37.1  14.0   1   4      0.41        69    0.8   0.0    16    38    27    49    11    52 0.71 -
2768_g               -            930 14048at5794          -            354   6.4e-10   37.1  14.0   2   4    0.0012       0.2    9.2   0.0    42    68   143   169   115   173 0.85 -
2768_g               -            930 14048at5794          -            354   6.4e-10   37.1  14.0   3   4      0.22        38    1.7   0.2   178   228   257   310   251   318 0.75 -
2768_g               -            930 14048at5794          -            354   6.4e-10   37.1  14.0   4   4   2.3e-08   3.9e-06   24.7   7.5   179   285   640   752   637   805 0.80 -
4425_g               -            305 14048at5794          -            354   6.5e-10   37.1   6.1   1   1   5.3e-12   8.9e-10   36.6   5.5   212   285   142   214    96   273 0.75 -
5567_g               -            377 14048at5794          -            354   1.2e-09   36.2   2.8   1   3   1.6e-09   2.7e-07   28.5   0.0    40    92   158   214   117   229 0.84 -
5567_g               -            377 14048at5794          -            354   1.2e-09   36.2   2.8   2   3      0.15        25    2.3   0.2   107   129   259   281   234   313 0.71 -
5567_g               -            377 14048at5794          -            354   1.2e-09   36.2   2.8   3   3     0.044       7.4    4.0   0.0   139   165   315   341   308   362 0.90 -
5757_g               -            325 14048at5794          -            354   5.6e-09   34.0   1.3   1   2       2.6   4.4e+02   -1.8   0.0   303   340   103   140    95   146 0.80 -
5757_g               -            325 14048at5794          -            354   5.6e-09   34.0   1.3   2   2   6.5e-11   1.1e-08   33.0   0.6   183   279   186   287   154   301 0.87 -
426_g                -            246 14048at5794          -            354   1.3e-08   32.8   8.7   1   1     6e-10     1e-07   29.9   8.2    39   136   116   236    71   240 0.69 -
5885_g               -            217 14048at5794          -            354   3.7e-07   28.0   0.0   1   1   3.2e-09   5.3e-07   27.5   0.0    37    70   181   214   145   215 0.79 -
7003_g               -            138 14048at5794          -            354   0.00058   17.5   0.0   1   1   3.8e-06   0.00064   17.4   0.0    93   134    31    73     3    90 0.86 -
#
# Program:         hmmsearch
# Version:         3.1b2 (February 2015)
# Pipeline mode:   SEARCH
# Query file:      /mnt/e/Bioinformatics/Semester2/BINP29/Malaria Project/Genomes/Parsed/busco_downloads/lineages/apicomplexa_odb10/hmms/14048at5794.hmm
# Target file:     /mnt/e/Bioinformatics/Semester2/BINP29/Malaria Project/Genomes/Parsed/Pb_new.faa
# Option settings: hmmsearch --domtblout /mnt/e/Bioinformatics/Semester2/BINP29/Malaria Project/Genomes/Parsed/Pb/run_apicomplexa_odb10/hmmer_output/initial_run_results/14048at5794.out --cpu 1 /mnt/e/Bioinformatics/Semester2/BINP29/Malaria Project/Genomes/Parsed/busco_downloads/lineages/apicomplexa_odb10/hmms/14048at5794.hmm /mnt/e/Bioinformatics/Semester2/BINP29/Malaria Project/Genomes/Parsed/Pb_new.faa 
# Current dir:     /mnt/e/Bioinformatics/Semester2/BINP29/Malaria Project/Genomes/Parsed
# Date:            Wed Mar  1 19:22:03 2023
# [ok]
