#                                                                            --- full sequence --- -------------- this domain -------------   hmm coord   ali coord   env coord
# target name        accession   tlen query name           accession   qlen   E-value  score  bias   #  of  c-Evalue  i-Evalue  score  bias  from    to  from    to  from    to  acc description of target
#------------------- ---------- ----- -------------------- ---------- ----- --------- ------ ----- --- --- --------- --------- ------ ----- ----- ----- ----- ----- ----- ----- ---- ---------------------
4591_g               -            144 14640at5794          -            287   5.6e-43  145.7   4.4   1   2   1.4e-20   2.5e-17   61.5   0.1    27    83     1    63     1    65 0.89 -
4591_g               -            144 14640at5794          -            287   5.6e-43  145.7   4.4   2   2   7.8e-28   1.4e-24   85.3   1.5    81   138    77   138    67   143 0.89 -
4186_g               -            220 14640at5794          -            287   6.6e-05   20.7   1.4   1   2      0.11   1.9e+02   -0.5   0.0   244   286    30    72     6    73 0.84 -
4186_g               -            220 14640at5794          -            287   6.6e-05   20.7   1.4   2   2   8.8e-08   0.00016   19.5   0.6   145   242   102   189    81   216 0.66 -
1244_g               -            197 14640at5794          -            287    0.0002   19.2   7.9   1   2     0.045        82    0.7   6.7   150   217    11    76     3    91 0.63 -
1244_g               -            197 14640at5794          -            287    0.0002   19.2   7.9   2   2   2.1e-07   0.00039   18.2   0.2   193   251    86   144    72   157 0.79 -
4373_g               -            173 14640at5794          -            287    0.0011   16.7   0.9   1   2   1.2e-06    0.0022   15.7   0.3     4    46    17    58    15    92 0.77 -
4373_g               -            173 14640at5794          -            287    0.0011   16.7   0.9   2   2      0.26   4.7e+02   -1.7   0.0    62    81   104   123    94   127 0.81 -
#
# Program:         hmmsearch
# Version:         3.1b2 (February 2015)
# Pipeline mode:   SEARCH
# Query file:      /mnt/e/Bioinformatics/Semester2/BINP29/Malaria Project/Genomes/Parsed/busco_downloads/lineages/apicomplexa_odb10/hmms/14640at5794.hmm
# Target file:     /mnt/e/Bioinformatics/Semester2/BINP29/Malaria Project/Genomes/Parsed/Pb_new.faa
# Option settings: hmmsearch --domtblout /mnt/e/Bioinformatics/Semester2/BINP29/Malaria Project/Genomes/Parsed/Pb/run_apicomplexa_odb10/hmmer_output/initial_run_results/14640at5794.out --cpu 1 /mnt/e/Bioinformatics/Semester2/BINP29/Malaria Project/Genomes/Parsed/busco_downloads/lineages/apicomplexa_odb10/hmms/14640at5794.hmm /mnt/e/Bioinformatics/Semester2/BINP29/Malaria Project/Genomes/Parsed/Pb_new.faa 
# Current dir:     /mnt/e/Bioinformatics/Semester2/BINP29/Malaria Project/Genomes/Parsed
# Date:            Wed Mar  1 19:22:04 2023
# [ok]
