#                                                                            --- full sequence --- -------------- this domain -------------   hmm coord   ali coord   env coord
# target name        accession   tlen query name           accession   qlen   E-value  score  bias   #  of  c-Evalue  i-Evalue  score  bias  from    to  from    to  from    to  acc description of target
#------------------- ---------- ----- -------------------- ---------- ----- --------- ------ ----- --- --- --------- --------- ------ ----- ----- ----- ----- ----- ----- ----- ---- ---------------------
5525_g               -            522 15424at5794          -            265     1e-70  236.6  13.7   1   4     9e-08   0.00033   18.6   0.1     4    30    33    59    30    66 0.90 -
5525_g               -            522 15424at5794          -            265     1e-70  236.6  13.7   2   4   2.8e-25     1e-21   76.0   0.5    24   107    77   181    70   203 0.83 -
5525_g               -            522 15424at5794          -            265     1e-70  236.6  13.7   3   4   5.7e-09   2.1e-05   22.5   0.6   110   176   218   311   205   316 0.76 -
5525_g               -            522 15424at5794          -            265     1e-70  236.6  13.7   4   4   2.6e-38   9.4e-35  118.7   0.1   169   265   415   521   397   521 0.89 -
2333_g               -            227 15424at5794          -            265   4.3e-33  113.3   5.0   1   3   2.7e-09   9.7e-06   23.6   0.0     1    30     3    32     3    39 0.92 -
2333_g               -            227 15424at5794          -            265   4.3e-33  113.3   5.0   2   3   4.5e-26   1.6e-22   78.6   0.6    24   109    50   156    42   165 0.82 -
2333_g               -            227 15424at5794          -            265   4.3e-33  113.3   5.0   3   3    0.0012       4.4    5.1   0.1    98   131   179   215   162   225 0.72 -
#
# Program:         hmmsearch
# Version:         3.1b2 (February 2015)
# Pipeline mode:   SEARCH
# Query file:      /mnt/e/Bioinformatics/Semester2/BINP29/Malaria Project/Genomes/Parsed/busco_downloads/lineages/apicomplexa_odb10/hmms/15424at5794.hmm
# Target file:     /mnt/e/Bioinformatics/Semester2/BINP29/Malaria Project/Genomes/Parsed/Pb_new.faa
# Option settings: hmmsearch --domtblout /mnt/e/Bioinformatics/Semester2/BINP29/Malaria Project/Genomes/Parsed/Pb/run_apicomplexa_odb10/hmmer_output/initial_run_results/15424at5794.out --cpu 1 /mnt/e/Bioinformatics/Semester2/BINP29/Malaria Project/Genomes/Parsed/busco_downloads/lineages/apicomplexa_odb10/hmms/15424at5794.hmm /mnt/e/Bioinformatics/Semester2/BINP29/Malaria Project/Genomes/Parsed/Pb_new.faa 
# Current dir:     /mnt/e/Bioinformatics/Semester2/BINP29/Malaria Project/Genomes/Parsed
# Date:            Wed Mar  1 19:22:05 2023
# [ok]
