#                                                                            --- full sequence --- -------------- this domain -------------   hmm coord   ali coord   env coord
# target name        accession   tlen query name           accession   qlen   E-value  score  bias   #  of  c-Evalue  i-Evalue  score  bias  from    to  from    to  from    to  acc description of target
#------------------- ---------- ----- -------------------- ---------- ----- --------- ------ ----- --- --- --------- --------- ------ ----- ----- ----- ----- ----- ----- ----- ---- ---------------------
5016_g               -            236 15514at5794          -            245   3.1e-57  192.8  18.4   1   2   1.4e-18   3.8e-16   58.2   0.3     1    53     1    54     1    63 0.92 -
5016_g               -            236 15514at5794          -            245   3.1e-57  192.8  18.4   2   2   6.4e-42   1.7e-39  134.7  11.9    38   151    75   202    68   208 0.84 -
4229_g               -            359 15514at5794          -            245   1.6e-21   75.8   4.0   1   1     1e-23   2.8e-21   75.1   4.0    56   148   191   287   156   310 0.85 -
5512_g               -            332 15514at5794          -            245   1.6e-20   72.6   1.2   1   1   1.1e-22   2.9e-20   71.7   1.2    65   131     1    71     1    76 0.92 -
3369_g               -            619 15514at5794          -            245   5.1e-20   70.9   2.6   1   1   3.2e-22   8.5e-20   70.2   2.6    54   185   286   423   276   467 0.74 -
1301_g               -            356 15514at5794          -            245   1.5e-19   69.4   1.4   1   2   5.6e-22   1.5e-19   69.4   1.4    63   165    53   155    46   165 0.79 -
1301_g               -            356 15514at5794          -            245   1.5e-19   69.4   1.4   2   2       4.7   1.3e+03   -2.4   0.1   172   189   274   291   267   334 0.61 -
976_g                -            445 15514at5794          -            245   2.3e-19   68.8   0.4   1   1   1.4e-21   3.9e-19   68.0   0.4    59   131   345   418   313   444 0.81 -
899_g                -            414 15514at5794          -            245   2.9e-18   65.1   0.4   1   2   1.1e-20   2.9e-18   65.1   0.4    59   131    10    79     4    99 0.91 -
899_g                -            414 15514at5794          -            245   2.9e-18   65.1   0.4   2   2       7.1   1.9e+03   -3.0   0.6   225   234   357   366   336   397 0.55 -
3385_g               -            347 15514at5794          -            245     3e-18   65.1   6.6   1   2   1.1e-20     3e-18   65.1   6.6    63   130    45   112    40   123 0.94 -
3385_g               -            347 15514at5794          -            245     3e-18   65.1   6.6   2   2       6.2   1.7e+03   -2.8   0.0    68   101   302   338   280   341 0.53 -
6667_g               -            218 15514at5794          -            245   3.1e-18   65.1   5.5   1   2   1.2e-20   3.1e-18   65.1   5.5    63   130    15    84    12    92 0.91 -
6667_g               -            218 15514at5794          -            245   3.1e-18   65.1   5.5   2   2       2.9   7.6e+02   -1.7   0.0   132   147   113   128    87   135 0.57 -
4755_g               -            138 15514at5794          -            245   1.4e-17   62.9   0.5   1   1   6.3e-20   1.7e-17   62.7   0.5    62   162     5   105     4   129 0.84 -
647_g                -            322 15514at5794          -            245   2.2e-17   62.3   0.5   1   1   1.8e-19   4.8e-17   61.2   0.5    62   160     5   103     4   122 0.91 -
5453_g               -            429 15514at5794          -            245   2.7e-15   55.5   1.5   1   2     1e-17   2.7e-15   55.5   1.5    65   131    37   101    30   106 0.92 -
5453_g               -            429 15514at5794          -            245   2.7e-15   55.5   1.5   2   2       0.9   2.4e+02   -0.1   0.9    48    92   191   237   179   240 0.84 -
5965_g               -            103 15514at5794          -            245   1.3e-14   53.2  17.6   1   1   1.4e-15   3.8e-13   48.4  17.6   170   245     2   100     1   100 0.71 -
6706_g               -            609 15514at5794          -            245   3.4e-14   51.8   0.8   1   1   3.4e-16   9.1e-14   50.4   0.6    64   133    70   139    51   166 0.90 -
2926_g               -            328 15514at5794          -            245   6.1e-14   51.0   2.6   1   3   2.3e-16   6.1e-14   51.0   2.6    47   129    87   171    67   182 0.85 -
2926_g               -            328 15514at5794          -            245   6.1e-14   51.0   2.6   2   3         4   1.1e+03   -2.2   2.5    39    62   197   220   161   254 0.56 -
2926_g               -            328 15514at5794          -            245   6.1e-14   51.0   2.6   3   3       6.2   1.7e+03   -2.8   3.7   197   239   274   316   267   323 0.73 -
1486_g               -            584 15514at5794          -            245   5.1e-13   48.0   0.9   1   1     5e-15   1.3e-12   46.6   0.9    49   132    77   166    35   180 0.81 -
1911_g               -            303 15514at5794          -            245   1.5e-12   46.4   4.1   1   2   8.7e-12   2.3e-09   36.0   0.7    63    97     6    40     3    47 0.91 -
1911_g               -            303 15514at5794          -            245   1.5e-12   46.4   4.1   2   2   0.00053      0.14   10.5   0.1   101   134    74   107    68   129 0.90 -
530_g                -            606 15514at5794          -            245   1.2e-11   43.5   5.8   1   2   4.4e-14   1.2e-11   43.5   5.8    64   129    92   158    75   165 0.88 -
530_g                -            606 15514at5794          -            245   1.2e-11   43.5   5.8   2   2       5.7   1.5e+03   -2.7   0.2    56    88   433   468   408   472 0.62 -
3920_g               -            103 15514at5794          -            245     1e-09   37.2   4.9   1   1   4.6e-12   1.2e-09   36.9   4.5    72   133     1    63     1    88 0.88 -
3174_g               -            309 15514at5794          -            245   4.3e-09   35.1   0.2   1   1     3e-11   8.1e-09   34.2   0.2    88   131     1    48     1    53 0.89 -
128_g                -            151 15514at5794          -            245   8.2e-09   34.2   1.9   1   1   5.7e-11   1.5e-08   33.3   1.9    63    98     6    41     3    65 0.91 -
2788_g               -            860 15514at5794          -            245   1.2e-07   30.4  16.1   1   3   4.5e-10   1.2e-07   30.4  16.1    16   120   116   221   103   242 0.72 -
2788_g               -            860 15514at5794          -            245   1.2e-07   30.4  16.1   2   3       5.2   1.4e+03   -2.6  10.9   102   239   243   374   212   381 0.62 -
2788_g               -            860 15514at5794          -            245   1.2e-07   30.4  16.1   3   3       1.9   5.2e+02   -1.2   1.5    29    46   727   744   692   790 0.59 -
77_g                 -            174 15514at5794          -            245   1.8e-07   29.8   6.0   1   1   1.4e-09   3.6e-07   28.8   6.0    47   166    35   150    26   171 0.74 -
3461_g               -            105 15514at5794          -            245   2.5e-07   29.4   0.0   1   1   1.1e-09     3e-07   29.1   0.0    22    96    20    95    13   100 0.89 -
4456_g               -            337 15514at5794          -            245   2.8e-06   25.9   2.8   1   1   2.2e-08   5.9e-06   24.9   2.8    57   138    57   138    30   150 0.85 -
4326_g               -            210 15514at5794          -            245     3e-06   25.8   0.3   1   1   1.7e-08   4.6e-06   25.2   0.3    97   144     4    52     1    71 0.73 -
299_g                -            101 15514at5794          -            245    0.0031   16.0   1.2   1   1   1.4e-05    0.0037   15.7   1.2    77   147     6    81     2    90 0.68 -
#
# Program:         hmmsearch
# Version:         3.1b2 (February 2015)
# Pipeline mode:   SEARCH
# Query file:      /mnt/e/Bioinformatics/Semester2/BINP29/Malaria Project/Genomes/Parsed/busco_downloads/lineages/apicomplexa_odb10/hmms/15514at5794.hmm
# Target file:     /mnt/e/Bioinformatics/Semester2/BINP29/Malaria Project/Genomes/Parsed/Pb_new.faa
# Option settings: hmmsearch --domtblout /mnt/e/Bioinformatics/Semester2/BINP29/Malaria Project/Genomes/Parsed/Pb/run_apicomplexa_odb10/hmmer_output/initial_run_results/15514at5794.out --cpu 1 /mnt/e/Bioinformatics/Semester2/BINP29/Malaria Project/Genomes/Parsed/busco_downloads/lineages/apicomplexa_odb10/hmms/15514at5794.hmm /mnt/e/Bioinformatics/Semester2/BINP29/Malaria Project/Genomes/Parsed/Pb_new.faa 
# Current dir:     /mnt/e/Bioinformatics/Semester2/BINP29/Malaria Project/Genomes/Parsed
# Date:            Wed Mar  1 19:22:05 2023
# [ok]
