#                                                                            --- full sequence --- -------------- this domain -------------   hmm coord   ali coord   env coord
# target name        accession   tlen query name           accession   qlen   E-value  score  bias   #  of  c-Evalue  i-Evalue  score  bias  from    to  from    to  from    to  acc description of target
#------------------- ---------- ----- -------------------- ---------- ----- --------- ------ ----- --- --- --------- --------- ------ ----- ----- ----- ----- ----- ----- ----- ---- ---------------------
2746_g               -            490 15540at5794          -            300   3.5e-86  287.5   4.7   1   3   5.6e-63   2.9e-60  202.5   0.2    12   196     1   231     1   233 0.86 -
2746_g               -            490 15540at5794          -            300   3.5e-86  287.5   4.7   2   3   1.5e-05    0.0078   13.9   0.0   197   228   275   311   267   315 0.84 -
2746_g               -            490 15540at5794          -            300   3.5e-86  287.5   4.7   3   3   4.8e-21   2.5e-18   64.8   0.2   217   300   385   489   371   489 0.81 -
2547_g               -            486 15540at5794          -            300   2.4e-39  133.8   0.8   1   3    0.0059         3    5.4   0.0     2    30    20    48    19    52 0.92 -
2547_g               -            486 15540at5794          -            300   2.4e-39  133.8   0.8   2   3   1.1e-29   5.6e-27   93.2   0.0    65   198   143   285   137   286 0.88 -
2547_g               -            486 15540at5794          -            300   2.4e-39  133.8   0.8   3   3   9.7e-11     5e-08   30.9   0.2   241   292   423   475   339   480 0.93 -
3049_g               -            377 15540at5794          -            300   9.4e-35  118.7   0.0   1   2   0.00042      0.22    9.2   0.0     3    34     8    40     6    51 0.86 -
3049_g               -            377 15540at5794          -            300   9.4e-35  118.7   0.0   2   2   7.1e-33   3.7e-30  103.6   0.0    59   299    91   375    80   376 0.73 -
618_g                -            364 15540at5794          -            300   2.3e-30  104.2   0.1   1   2   0.00052      0.27    8.8   0.0     1    32    12    44    12    53 0.85 -
618_g                -            364 15540at5794          -            300   2.3e-30  104.2   0.1   2   2   1.8e-29   9.1e-27   92.5   0.0    63   291   100   362    90   364 0.79 -
1406_g               -            249 15540at5794          -            300   1.2e-25   88.8   0.0   1   1   1.1e-27   5.8e-25   86.5   0.0    87   292     1   247     1   249 0.73 -
5975_g               -            181 15540at5794          -            300     6e-21   73.4   0.0   1   2   1.8e-05    0.0092   13.6   0.0     1    32     7    39     7    49 0.86 -
5975_g               -            181 15540at5794          -            300     6e-21   73.4   0.0   2   2   6.2e-19   3.2e-16   57.8   0.0    59   143    92   176    78   178 0.92 -
6644_g               -            358 15540at5794          -            300   1.8e-17   61.9   0.0   1   2     4e-19   2.1e-16   58.4   0.0     2   206     5   215     4   236 0.78 -
6644_g               -            358 15540at5794          -            300   1.8e-17   61.9   0.0   2   2      0.17        88    0.6   0.0   234   258   268   294   246   344 0.55 -
754_g                -            179 15540at5794          -            300     2e-12   45.4   2.0   1   2   0.00013      0.07   10.8   0.1   193   226    18    53    13    64 0.80 -
754_g                -            179 15540at5794          -            300     2e-12   45.4   2.0   2   2   8.7e-11   4.5e-08   31.1   0.3   250   299   126   178    64   178 0.71 -
3585_g               -            465 15540at5794          -            300   0.00033   18.4   0.4   1   3   3.3e-05     0.017   12.8   0.1    54   143    88   178    81   223 0.83 -
3585_g               -            465 15540at5794          -            300   0.00033   18.4   0.4   2   3      0.23   1.2e+02    0.1   0.1   183   221   295   335   269   393 0.62 -
3585_g               -            465 15540at5794          -            300   0.00033   18.4   0.4   3   3     0.078        40    1.7   0.0   238   280   395   438   367   444 0.76 -
1407_g               -            106 15540at5794          -            300    0.0029   15.3   0.0   1   1   6.5e-06    0.0034   15.1   0.0     1    32     7    39     7    51 0.86 -
184_g                -            247 15540at5794          -            300      0.01   13.5   0.0   1   1     4e-05      0.02   12.5   0.0     2    33     9    41     8    45 0.86 -
1792_g               -            505 15540at5794          -            300     0.014   13.1   0.0   1   1   5.6e-05     0.029   12.0   0.0    55   139   198   284   182   323 0.83 -
5507_g               -            469 15540at5794          -            300       0.4    8.3   5.2   1   3   0.00015     0.077   10.6   0.9    30    81    77   128    67   150 0.83 -
5507_g               -            469 15540at5794          -            300       0.4    8.3   5.2   2   3       1.5   7.7e+02   -2.5   0.0    44    71   151   178   134   190 0.77 -
5507_g               -            469 15540at5794          -            300       0.4    8.3   5.2   3   3       2.1   1.1e+03   -3.0   0.1   162   188   221   247   220   250 0.82 -
1032_g               -            513 15540at5794          -            300      0.51    7.9   5.2   1   3   0.00017     0.086   10.5   0.9    30    81    77   128    67   150 0.83 -
1032_g               -            513 15540at5794          -            300      0.51    7.9   5.2   2   3       2.1   1.1e+03   -3.0   0.0    44    71   151   178   147   190 0.78 -
1032_g               -            513 15540at5794          -            300      0.51    7.9   5.2   3   3       2.6   1.3e+03   -3.3   0.1   162   188   221   247   220   249 0.82 -
#
# Program:         hmmsearch
# Version:         3.1b2 (February 2015)
# Pipeline mode:   SEARCH
# Query file:      /mnt/e/Bioinformatics/Semester2/BINP29/Malaria Project/Genomes/Parsed/busco_downloads/lineages/apicomplexa_odb10/hmms/15540at5794.hmm
# Target file:     /mnt/e/Bioinformatics/Semester2/BINP29/Malaria Project/Genomes/Parsed/Pb_new.faa
# Option settings: hmmsearch --domtblout /mnt/e/Bioinformatics/Semester2/BINP29/Malaria Project/Genomes/Parsed/Pb/run_apicomplexa_odb10/hmmer_output/initial_run_results/15540at5794.out --cpu 1 /mnt/e/Bioinformatics/Semester2/BINP29/Malaria Project/Genomes/Parsed/busco_downloads/lineages/apicomplexa_odb10/hmms/15540at5794.hmm /mnt/e/Bioinformatics/Semester2/BINP29/Malaria Project/Genomes/Parsed/Pb_new.faa 
# Current dir:     /mnt/e/Bioinformatics/Semester2/BINP29/Malaria Project/Genomes/Parsed
# Date:            Wed Mar  1 19:22:05 2023
# [ok]
