#                                                                            --- full sequence --- -------------- this domain -------------   hmm coord   ali coord   env coord
# target name        accession   tlen query name           accession   qlen   E-value  score  bias   #  of  c-Evalue  i-Evalue  score  bias  from    to  from    to  from    to  acc description of target
#------------------- ---------- ----- -------------------- ---------- ----- --------- ------ ----- --- --- --------- --------- ------ ----- ----- ----- ----- ----- ----- ----- ---- ---------------------
4178_g               -            581 15596at5794          -            287  1.7e-139  462.7  20.4   1   3   2.2e-91   5.3e-88  293.7   4.0     1   178    11   192    11   199 0.97 -
4178_g               -            581 15596at5794          -            287  1.7e-139  462.7  20.4   2   3   1.4e-08   3.3e-05   22.0   0.0   142   203   237   298   215   307 0.75 -
4178_g               -            581 15596at5794          -            287  1.7e-139  462.7  20.4   3   3   4.1e-47   9.9e-44  148.4   6.7   196   287   472   580   469   580 0.92 -
5302_g               -            429 15596at5794          -            287   7.2e-14   50.4   2.2   1   3      0.24   5.8e+02   -1.8   0.0    67   111     3    48     1    54 0.77 -
5302_g               -            429 15596at5794          -            287   7.2e-14   50.4   2.2   2   3   8.1e-10     2e-06   26.0   0.1   118   168   172   225    95   255 0.85 -
5302_g               -            429 15596at5794          -            287   7.2e-14   50.4   2.2   3   3   4.7e-09   1.1e-05   23.5   0.0   194   249   286   345   266   354 0.84 -
1054_g               -            392 15596at5794          -            287   3.9e-07   28.3   0.8   1   2     0.043     1e+02    0.7   0.0     1    28    86   113    86   162 0.83 -
1054_g               -            392 15596at5794          -            287   3.9e-07   28.3   0.8   2   2   7.5e-10   1.8e-06   26.1   0.1   117   168   288   342   211   363 0.85 -
#
# Program:         hmmsearch
# Version:         3.1b2 (February 2015)
# Pipeline mode:   SEARCH
# Query file:      /mnt/e/Bioinformatics/Semester2/BINP29/Malaria Project/Genomes/Parsed/busco_downloads/lineages/apicomplexa_odb10/hmms/15596at5794.hmm
# Target file:     /mnt/e/Bioinformatics/Semester2/BINP29/Malaria Project/Genomes/Parsed/Pb_new.faa
# Option settings: hmmsearch --domtblout /mnt/e/Bioinformatics/Semester2/BINP29/Malaria Project/Genomes/Parsed/Pb/run_apicomplexa_odb10/hmmer_output/initial_run_results/15596at5794.out --cpu 1 /mnt/e/Bioinformatics/Semester2/BINP29/Malaria Project/Genomes/Parsed/busco_downloads/lineages/apicomplexa_odb10/hmms/15596at5794.hmm /mnt/e/Bioinformatics/Semester2/BINP29/Malaria Project/Genomes/Parsed/Pb_new.faa 
# Current dir:     /mnt/e/Bioinformatics/Semester2/BINP29/Malaria Project/Genomes/Parsed
# Date:            Wed Mar  1 19:22:05 2023
# [ok]
