#                                                                            --- full sequence --- -------------- this domain -------------   hmm coord   ali coord   env coord
# target name        accession   tlen query name           accession   qlen   E-value  score  bias   #  of  c-Evalue  i-Evalue  score  bias  from    to  from    to  from    to  acc description of target
#------------------- ---------- ----- -------------------- ---------- ----- --------- ------ ----- --- --- --------- --------- ------ ----- ----- ----- ----- ----- ----- ----- ---- ---------------------
2918_g               -            257 17044at5794          -            187   7.9e-80  265.7   6.9   1   3   3.5e-27   2.5e-24   84.7   0.2     1    66     5    71     5    84 0.93 -
2918_g               -            257 17044at5794          -            187   7.9e-80  265.7   6.9   2   3   4.7e-14   3.4e-11   41.9   0.1    63    96    85   118    79   123 0.93 -
2918_g               -            257 17044at5794          -            187   7.9e-80  265.7   6.9   3   3   9.8e-45   7.1e-42  141.9   0.3    96   181   151   236   149   247 0.93 -
285_g                -            276 17044at5794          -            187   2.5e-16   58.7   5.2   1   3   1.8e-10   1.3e-07   30.3   0.1     2    65    26    90    25    98 0.91 -
285_g                -            276 17044at5794          -            187   2.5e-16   58.7   5.2   2   3       1.1   7.7e+02   -1.6   0.1   161   183   124   146   117   149 0.87 -
285_g                -            276 17044at5794          -            187   2.5e-16   58.7   5.2   3   3     2e-10   1.4e-07   30.1   0.2   108   173   199   264   176   274 0.88 -
1768_g               -            271 17044at5794          -            187     2e-14   52.4   3.5   1   1   2.5e-16   1.8e-13   49.3   3.5     5   185    59   262    56   264 0.83 -
3372_g               -            271 17044at5794          -            187   7.7e-13   47.3   0.0   1   1   2.6e-14   1.9e-11   42.7   0.0     4   177    40   231    38   239 0.79 -
4451_g               -            243 17044at5794          -            187   9.2e-08   30.7   1.2   1   1   1.6e-09   1.2e-06   27.1   1.2     4   131    38   185    35   236 0.69 -
6967_g               -            202 17044at5794          -            187   2.4e-06   26.1   1.1   1   1   4.4e-08   3.2e-05   22.4   1.1     9   131     2   144     1   195 0.67 -
4114_g               -            255 17044at5794          -            187   3.3e-06   25.7   0.2   1   1   4.9e-08   3.5e-05   22.3   0.2     4   179    30   229    27   235 0.77 -
619_g                -            241 17044at5794          -            187   3.9e-06   25.4   0.0   1   2   0.00074      0.53    8.7   0.0     5    62    18    75    14    95 0.81 -
619_g                -            241 17044at5794          -            187   3.9e-06   25.4   0.0   2   2   7.6e-06    0.0055   15.1   0.0   113   169   155   210    92   220 0.79 -
546_g                -            192 17044at5794          -            187   0.00018   20.0   2.2   1   1   4.3e-07   0.00031   19.2   2.2     8   148     4   166     1   174 0.72 -
2724_g               -            187 17044at5794          -            187   0.00029   19.3   0.1   1   1   3.3e-06    0.0024   16.3   0.1     5    75    16    88    13   182 0.63 -
#
# Program:         hmmsearch
# Version:         3.1b2 (February 2015)
# Pipeline mode:   SEARCH
# Query file:      /mnt/e/Bioinformatics/Semester2/BINP29/Malaria Project/Genomes/Parsed/busco_downloads/lineages/apicomplexa_odb10/hmms/17044at5794.hmm
# Target file:     /mnt/e/Bioinformatics/Semester2/BINP29/Malaria Project/Genomes/Parsed/Pb_new.faa
# Option settings: hmmsearch --domtblout /mnt/e/Bioinformatics/Semester2/BINP29/Malaria Project/Genomes/Parsed/Pb/run_apicomplexa_odb10/hmmer_output/initial_run_results/17044at5794.out --cpu 1 /mnt/e/Bioinformatics/Semester2/BINP29/Malaria Project/Genomes/Parsed/busco_downloads/lineages/apicomplexa_odb10/hmms/17044at5794.hmm /mnt/e/Bioinformatics/Semester2/BINP29/Malaria Project/Genomes/Parsed/Pb_new.faa 
# Current dir:     /mnt/e/Bioinformatics/Semester2/BINP29/Malaria Project/Genomes/Parsed
# Date:            Wed Mar  1 19:22:07 2023
# [ok]
