#                                                                            --- full sequence --- -------------- this domain -------------   hmm coord   ali coord   env coord
# target name        accession   tlen query name           accession   qlen   E-value  score  bias   #  of  c-Evalue  i-Evalue  score  bias  from    to  from    to  from    to  acc description of target
#------------------- ---------- ----- -------------------- ---------- ----- --------- ------ ----- --- --- --------- --------- ------ ----- ----- ----- ----- ----- ----- ----- ---- ---------------------
4913_g               -            493 17200at5794          -            367   2.9e-71  238.9  12.7   1   2   4.1e-52   3.7e-49  166.1   6.4   123   287     1   205     1   214 0.84 -
4913_g               -            493 17200at5794          -            367   2.9e-71  238.9  12.7   2   2   1.4e-24   1.3e-21   75.6   0.4   263   362   262   369   238   374 0.81 -
4473_g               -            670 17200at5794          -            367   9.6e-08   29.9  12.3   1   6    0.0049       4.4    4.7   0.0   263   343   110   192   101   209 0.66 -
4473_g               -            670 17200at5794          -            367   9.6e-08   29.9  12.3   2   6       0.1        93    0.3   0.0   293   328   178   215   167   220 0.71 -
4473_g               -            670 17200at5794          -            367   9.6e-08   29.9  12.3   3   6   1.9e-06    0.0017   15.9   0.9   247   329   327   412   312   422 0.79 -
4473_g               -            670 17200at5794          -            367   9.6e-08   29.9  12.3   4   6      0.14   1.3e+02   -0.1   0.0   329   347   454   472   429   488 0.77 -
4473_g               -            670 17200at5794          -            367   9.6e-08   29.9  12.3   5   6   3.3e-05      0.03   11.8   0.1   299   365   505   576   470   578 0.81 -
4473_g               -            670 17200at5794          -            367   9.6e-08   29.9  12.3   6   6      0.18   1.6e+02   -0.5   0.1   314   346   632   668   627   669 0.74 -
3205_g               -            205 17200at5794          -            367   2.9e-07   28.3   2.4   1   2     5e-07   0.00045   17.8   0.1   293   351     2    65     1    81 0.82 -
3205_g               -            205 17200at5794          -            367   2.9e-07   28.3   2.4   2   2   0.00012      0.11   10.0   0.1   326   351    92   117    78   131 0.83 -
2100_g               -            328 17200at5794          -            367   6.3e-05   20.6   0.4   1   3      0.21   1.9e+02   -0.7   0.0   329   352    21    44     8    49 0.86 -
2100_g               -            328 17200at5794          -            367   6.3e-05   20.6   0.4   2   3   1.6e-05     0.015   12.8   0.1   295   358   115   182   107   206 0.85 -
2100_g               -            328 17200at5794          -            367   6.3e-05   20.6   0.4   3   3     0.007       6.3    4.1   0.0   311   350   277   320   266   326 0.72 -
3714_g               -            323 17200at5794          -            367   0.00095   16.7   5.0   1   3   1.5e-06    0.0014   16.2   1.0   264   354    64   155    22   162 0.66 -
3714_g               -            323 17200at5794          -            367   0.00095   16.7   5.0   2   3      0.16   1.5e+02   -0.3   0.0   195   210   176   191   169   222 0.83 -
3714_g               -            323 17200at5794          -            367   0.00095   16.7   5.0   3   3      0.32   2.9e+02   -1.3   0.0   289   315   258   285   249   312 0.54 -
4025_g               -            134 17200at5794          -            367    0.0059   14.1   0.7   1   2   1.3e-05     0.012   13.1   0.2   313   355    33    78    12    92 0.86 -
4025_g               -            134 17200at5794          -            367    0.0059   14.1   0.7   2   2      0.21   1.9e+02   -0.7   0.0   162   185    93   116    85   124 0.61 -
2357_g               -            146 17200at5794          -            367     0.016   12.7   0.2   1   2      0.25   2.2e+02   -0.9   0.0   331   350    36    55    31    72 0.80 -
2357_g               -            146 17200at5794          -            367     0.016   12.7   0.2   2   2   5.9e-05     0.054   11.0   0.1   296   347    87   143    59   146 0.74 -
2932_g               -            447 17200at5794          -            367     0.021   12.3   0.9   1   4      0.91   8.2e+02   -2.8   0.0   161   184   160   183   145   190 0.58 -
2932_g               -            447 17200at5794          -            367     0.021   12.3   0.9   2   4     0.028        25    2.2   0.0   147   186   247   286   243   298 0.79 -
2932_g               -            447 17200at5794          -            367     0.021   12.3   0.9   3   4    0.0023         2    5.8   0.0   333   354   310   331   302   341 0.82 -
2932_g               -            447 17200at5794          -            367     0.021   12.3   0.9   4   4      0.31   2.8e+02   -1.3   0.0   331   352   411   432   387   444 0.78 -
#
# Program:         hmmsearch
# Version:         3.1b2 (February 2015)
# Pipeline mode:   SEARCH
# Query file:      /mnt/e/Bioinformatics/Semester2/BINP29/Malaria Project/Genomes/Parsed/busco_downloads/lineages/apicomplexa_odb10/hmms/17200at5794.hmm
# Target file:     /mnt/e/Bioinformatics/Semester2/BINP29/Malaria Project/Genomes/Parsed/Pb_new.faa
# Option settings: hmmsearch --domtblout /mnt/e/Bioinformatics/Semester2/BINP29/Malaria Project/Genomes/Parsed/Pb/run_apicomplexa_odb10/hmmer_output/initial_run_results/17200at5794.out --cpu 1 /mnt/e/Bioinformatics/Semester2/BINP29/Malaria Project/Genomes/Parsed/busco_downloads/lineages/apicomplexa_odb10/hmms/17200at5794.hmm /mnt/e/Bioinformatics/Semester2/BINP29/Malaria Project/Genomes/Parsed/Pb_new.faa 
# Current dir:     /mnt/e/Bioinformatics/Semester2/BINP29/Malaria Project/Genomes/Parsed
# Date:            Wed Mar  1 19:22:07 2023
# [ok]
