#                                                                            --- full sequence --- -------------- this domain -------------   hmm coord   ali coord   env coord
# target name        accession   tlen query name           accession   qlen   E-value  score  bias   #  of  c-Evalue  i-Evalue  score  bias  from    to  from    to  from    to  acc description of target
#------------------- ---------- ----- -------------------- ---------- ----- --------- ------ ----- --- --- --------- --------- ------ ----- ----- ----- ----- ----- ----- ----- ---- ---------------------
1449_g               -            298 18683at5794          -            269  9.4e-118  391.1  22.6   1   2  3.3e-117  3.9e-114  379.2  11.1     1   256     5   265     5   272 0.91 -
1449_g               -            298 18683at5794          -            269  9.4e-118  391.1  22.6   2   2   5.2e-06    0.0062   14.6   4.3   243   269   270   297   266   297 0.77 -
6271_g               -            222 18683at5794          -            269  8.1e-111  368.3   1.6   1   1    8e-114  9.7e-111  368.1   1.6     1   200     5   213     5   221 0.94 -
497_g                -            225 18683at5794          -            269   3.3e-05   22.1   1.1   1   1   3.6e-08   4.4e-05   21.7   1.1     3   181    22   213    18   220 0.77 -
7129_g               -            200 18683at5794          -            269     0.021   12.9   0.2   1   1   2.2e-05     0.027   12.5   0.2   212   261    34    83     4    91 0.88 -
1554_g               -            112 18683at5794          -            269     0.046   11.7   2.2   1   1   5.8e-05      0.07   11.1   2.2   252   268    94   110    82   111 0.84 -
1896_g               -            110 18683at5794          -            269     0.074   11.1   0.6   1   1   9.9e-05      0.12   10.4   0.6   252   268    94   110    76   110 0.83 -
#
# Program:         hmmsearch
# Version:         3.1b2 (February 2015)
# Pipeline mode:   SEARCH
# Query file:      /mnt/e/Bioinformatics/Semester2/BINP29/Malaria Project/Genomes/Parsed/busco_downloads/lineages/apicomplexa_odb10/hmms/18683at5794.hmm
# Target file:     /mnt/e/Bioinformatics/Semester2/BINP29/Malaria Project/Genomes/Parsed/Pb_new.faa
# Option settings: hmmsearch --domtblout /mnt/e/Bioinformatics/Semester2/BINP29/Malaria Project/Genomes/Parsed/Pb/run_apicomplexa_odb10/hmmer_output/initial_run_results/18683at5794.out --cpu 1 /mnt/e/Bioinformatics/Semester2/BINP29/Malaria Project/Genomes/Parsed/busco_downloads/lineages/apicomplexa_odb10/hmms/18683at5794.hmm /mnt/e/Bioinformatics/Semester2/BINP29/Malaria Project/Genomes/Parsed/Pb_new.faa 
# Current dir:     /mnt/e/Bioinformatics/Semester2/BINP29/Malaria Project/Genomes/Parsed
# Date:            Wed Mar  1 19:22:09 2023
# [ok]
