#                                                                            --- full sequence --- -------------- this domain -------------   hmm coord   ali coord   env coord
# target name        accession   tlen query name           accession   qlen   E-value  score  bias   #  of  c-Evalue  i-Evalue  score  bias  from    to  from    to  from    to  acc description of target
#------------------- ---------- ----- -------------------- ---------- ----- --------- ------ ----- --- --- --------- --------- ------ ----- ----- ----- ----- ----- ----- ----- ---- ---------------------
1048_g               -            417 19810at5794          -            216   1.9e-94  313.8   8.8   1   1   5.3e-95   4.8e-92  305.9   8.8     1   216   159   416   159   416 0.89 -
4114_g               -            255 19810at5794          -            216   1.1e-27   95.5   0.4   1   1   1.6e-30   1.4e-27   95.2   0.4     6   210     4   228     1   242 0.76 -
3329_g               -            236 19810at5794          -            216   1.2e-26   92.2   0.1   1   1   1.7e-29   1.5e-26   91.8   0.1     5   212     4   234     1   235 0.80 -
4085_g               -            251 19810at5794          -            216   1.6e-19   68.9   0.8   1   1   2.6e-22   2.3e-19   68.4   0.6     5   158     6   173     3   193 0.81 -
1845_g               -            250 19810at5794          -            216   4.4e-17   60.9   1.5   1   1   1.3e-19   1.2e-16   59.5   1.5     7   213     2   232     1   235 0.73 -
2497_g               -            242 19810at5794          -            216   1.3e-16   59.4   0.2   1   1   1.8e-19   1.7e-16   59.0   0.2     6   212     2   229     1   233 0.75 -
619_g                -            241 19810at5794          -            216   1.6e-09   36.2   0.1   1   1   2.1e-11   1.9e-08   32.7   0.1    20   198     5   213     2   228 0.59 -
3036_g               -            132 19810at5794          -            216     0.043   11.9   0.3   1   2       1.8   1.7e+03   -3.1   0.0    36    49    34    47    25    60 0.58 -
3036_g               -            132 19810at5794          -            216     0.043   11.9   0.3   2   2     7e-05     0.063   11.4   0.1    19    57    72   110    62   125 0.85 -
#
# Program:         hmmsearch
# Version:         3.1b2 (February 2015)
# Pipeline mode:   SEARCH
# Query file:      /mnt/e/Bioinformatics/Semester2/BINP29/Malaria Project/Genomes/Parsed/busco_downloads/lineages/apicomplexa_odb10/hmms/19810at5794.hmm
# Target file:     /mnt/e/Bioinformatics/Semester2/BINP29/Malaria Project/Genomes/Parsed/Pb_new.faa
# Option settings: hmmsearch --domtblout /mnt/e/Bioinformatics/Semester2/BINP29/Malaria Project/Genomes/Parsed/Pb/run_apicomplexa_odb10/hmmer_output/initial_run_results/19810at5794.out --cpu 1 /mnt/e/Bioinformatics/Semester2/BINP29/Malaria Project/Genomes/Parsed/busco_downloads/lineages/apicomplexa_odb10/hmms/19810at5794.hmm /mnt/e/Bioinformatics/Semester2/BINP29/Malaria Project/Genomes/Parsed/Pb_new.faa 
# Current dir:     /mnt/e/Bioinformatics/Semester2/BINP29/Malaria Project/Genomes/Parsed
# Date:            Wed Mar  1 19:22:11 2023
# [ok]
