#                                                                            --- full sequence --- -------------- this domain -------------   hmm coord   ali coord   env coord
# target name        accession   tlen query name           accession   qlen   E-value  score  bias   #  of  c-Evalue  i-Evalue  score  bias  from    to  from    to  from    to  acc description of target
#------------------- ---------- ----- -------------------- ---------- ----- --------- ------ ----- --- --- --------- --------- ------ ----- ----- ----- ----- ----- ----- ----- ---- ---------------------
6490_g               -            228 20983at5794          -            143   1.1e-44  150.4   1.1   1   1   4.6e-47   3.7e-44  148.7   1.1     2   132    19   165    18   190 0.85 -
845_g                -            401 20983at5794          -            143   3.7e-06   25.5   0.7   1   2   8.8e-09   7.1e-06   24.6   0.1    26   110    75   160    65   167 0.83 -
845_g                -            401 20983at5794          -            143   3.7e-06   25.5   0.7   2   2       1.7   1.4e+03   -2.3   0.1    71   101   188   220   168   223 0.68 -
3513_g               -            320 20983at5794          -            143   0.00038   19.0   0.1   1   1   9.2e-07   0.00074   18.0   0.1    17    78    98   159    86   183 0.85 -
1928_g               -            580 20983at5794          -            143    0.0032   16.0  10.0   1   3     0.035        28    3.2   0.2    73    96   124   147    99   148 0.75 -
1928_g               -            580 20983at5794          -            143    0.0032   16.0  10.0   2   3      0.21   1.7e+02    0.6   1.5   114   137   328   351   268   357 0.67 -
1928_g               -            580 20983at5794          -            143    0.0032   16.0  10.0   3   3   7.2e-06    0.0058   15.1   0.1    17    77   499   559   490   570 0.83 -
3596_g               -            376 20983at5794          -            143    0.0036   15.8   0.2   1   2   1.4e-05     0.011   14.2   0.1    27    90    93   158    76   162 0.77 -
3596_g               -            376 20983at5794          -            143    0.0036   15.8   0.2   2   2         4   3.2e+03   -3.5   0.0    23    44   192   213   184   215 0.71 -
2851_g               -            217 20983at5794          -            143    0.0087   14.6   0.4   1   2   3.3e-05     0.027   13.0   0.0    18    77    41   101     9   114 0.88 -
2851_g               -            217 20983at5794          -            143    0.0087   14.6   0.4   2   2       1.2   9.5e+02   -1.8   0.1    72    93   167   189   157   197 0.54 -
5848_g               -            122 20983at5794          -            143     0.021   13.3   0.2   1   1   3.6e-05     0.029   12.8   0.2    23    97    16    93     7    95 0.74 -
2692_g               -            124 20983at5794          -            143     0.023   13.2   0.2   1   1     4e-05     0.032   12.7   0.2    23    97    18    95    10    97 0.74 -
2702_g               -            230 20983at5794          -            143      0.13   10.7   4.2   1   1   0.00079      0.64    8.5   4.2    73   104   188   216   100   227 0.66 -
#
# Program:         hmmsearch
# Version:         3.1b2 (February 2015)
# Pipeline mode:   SEARCH
# Query file:      /mnt/e/Bioinformatics/Semester2/BINP29/Malaria Project/Genomes/Parsed/busco_downloads/lineages/apicomplexa_odb10/hmms/20983at5794.hmm
# Target file:     /mnt/e/Bioinformatics/Semester2/BINP29/Malaria Project/Genomes/Parsed/Pb_new.faa
# Option settings: hmmsearch --domtblout /mnt/e/Bioinformatics/Semester2/BINP29/Malaria Project/Genomes/Parsed/Pb/run_apicomplexa_odb10/hmmer_output/initial_run_results/20983at5794.out --cpu 1 /mnt/e/Bioinformatics/Semester2/BINP29/Malaria Project/Genomes/Parsed/busco_downloads/lineages/apicomplexa_odb10/hmms/20983at5794.hmm /mnt/e/Bioinformatics/Semester2/BINP29/Malaria Project/Genomes/Parsed/Pb_new.faa 
# Current dir:     /mnt/e/Bioinformatics/Semester2/BINP29/Malaria Project/Genomes/Parsed
# Date:            Wed Mar  1 19:22:11 2023
# [ok]
