#                                                                            --- full sequence --- -------------- this domain -------------   hmm coord   ali coord   env coord
# target name        accession   tlen query name           accession   qlen   E-value  score  bias   #  of  c-Evalue  i-Evalue  score  bias  from    to  from    to  from    to  acc description of target
#------------------- ---------- ----- -------------------- ---------- ----- --------- ------ ----- --- --- --------- --------- ------ ----- ----- ----- ----- ----- ----- ----- ---- ---------------------
4034_g               -            385 21717at5794          -            208   1.8e-79  264.9  27.0   1   4     0.008        29    2.9   4.3     1    26     1    27     1    55 0.65 -
4034_g               -            385 21717at5794          -            208   1.8e-79  264.9  27.0   2   4     0.063   2.3e+02    0.0   2.8    10    57    63   110    54   116 0.76 -
4034_g               -            385 21717at5794          -            208   1.8e-79  264.9  27.0   3   4   5.7e-62   2.1e-58  196.1  12.6     9   148   105   255    99   279 0.84 -
4034_g               -            385 21717at5794          -            208   1.8e-79  264.9  27.0   4   4   3.5e-27   1.3e-23   82.5   6.4   135   207   300   378   282   379 0.86 -
5303_g               -            254 21717at5794          -            208   1.3e-55  187.0   9.1   1   3    0.0061        22    3.3   4.8     1    26     1    27     1    55 0.64 -
5303_g               -            254 21717at5794          -            208   1.3e-55  187.0   9.1   2   3     0.049   1.8e+02    0.4   3.3    10    57    63   110    56   116 0.75 -
5303_g               -            254 21717at5794          -            208   1.3e-55  187.0   9.1   3   3   3.6e-59   1.3e-55  187.0   9.1    17   138   114   245   104   250 0.88 -
#
# Program:         hmmsearch
# Version:         3.1b2 (February 2015)
# Pipeline mode:   SEARCH
# Query file:      /mnt/e/Bioinformatics/Semester2/BINP29/Malaria Project/Genomes/Parsed/busco_downloads/lineages/apicomplexa_odb10/hmms/21717at5794.hmm
# Target file:     /mnt/e/Bioinformatics/Semester2/BINP29/Malaria Project/Genomes/Parsed/Pb_new.faa
# Option settings: hmmsearch --domtblout /mnt/e/Bioinformatics/Semester2/BINP29/Malaria Project/Genomes/Parsed/Pb/run_apicomplexa_odb10/hmmer_output/initial_run_results/21717at5794.out --cpu 1 /mnt/e/Bioinformatics/Semester2/BINP29/Malaria Project/Genomes/Parsed/busco_downloads/lineages/apicomplexa_odb10/hmms/21717at5794.hmm /mnt/e/Bioinformatics/Semester2/BINP29/Malaria Project/Genomes/Parsed/Pb_new.faa 
# Current dir:     /mnt/e/Bioinformatics/Semester2/BINP29/Malaria Project/Genomes/Parsed
# Date:            Wed Mar  1 19:22:12 2023
# [ok]
