#                                                                            --- full sequence --- -------------- this domain -------------   hmm coord   ali coord   env coord
# target name        accession   tlen query name           accession   qlen   E-value  score  bias   #  of  c-Evalue  i-Evalue  score  bias  from    to  from    to  from    to  acc description of target
#------------------- ---------- ----- -------------------- ---------- ----- --------- ------ ----- --- --- --------- --------- ------ ----- ----- ----- ----- ----- ----- ----- ---- ---------------------
285_g                -            276 22440at5794          -            197   8.6e-87  288.8  14.2   1   1   1.3e-88   6.4e-86  286.0  14.2     2   197    23   258    22   258 0.92 -
1768_g               -            271 22440at5794          -            197   1.3e-36  125.0   1.8   1   1   3.8e-39   1.8e-36  124.5   1.8     6   197    57   240    54   240 0.94 -
3372_g               -            271 22440at5794          -            197   1.1e-30  105.7   0.0   1   1   3.1e-33   1.5e-30  105.2   0.0     6   197    39   221    37   221 0.92 -
2918_g               -            257 22440at5794          -            197     3e-24   84.7   0.4   1   2   1.6e-18   7.9e-16   57.2   0.1     4   122     5   122     2   131 0.90 -
2918_g               -            257 22440at5794          -            197     3e-24   84.7   0.4   2   2   6.6e-09   3.2e-06   25.8   0.0   122   196   146   221   141   222 0.89 -
4451_g               -            243 22440at5794          -            197   2.9e-18   65.1   0.4   1   1   8.7e-21   4.2e-18   64.6   0.4     5   186    36   218    33   228 0.84 -
6967_g               -            202 22440at5794          -            197   1.5e-15   56.3   0.4   1   1   4.4e-18   2.1e-15   55.8   0.4    13   186     3   177     2   187 0.83 -
619_g                -            241 22440at5794          -            197   5.2e-14   51.3   0.0   1   1   1.3e-16   6.1e-14   51.0   0.0     4   189    14   200    11   208 0.86 -
546_g                -            192 22440at5794          -            197   2.7e-12   45.7   0.1   1   1   7.9e-15   3.8e-12   45.2   0.1    10   176     3   164     2   169 0.83 -
2724_g               -            187 22440at5794          -            197   2.1e-11   42.7   0.1   1   1   2.7e-13   1.3e-10   40.2   0.1     7   161    15   154    12   177 0.77 -
4114_g               -            255 22440at5794          -            197   5.5e-11   41.4   0.3   1   1   2.4e-13   1.1e-10   40.3   0.3     5   177    28   197    24   203 0.80 -
2479_g               -            362 22440at5794          -            197   2.6e-10   39.2   0.2   1   2   5.4e-13   2.6e-10   39.2   0.2     8   187     8   194     5   204 0.78 -
2479_g               -            362 22440at5794          -            197   2.6e-10   39.2   0.2   2   2       2.7   1.3e+03   -2.3   0.8    62   109   297   344   274   346 0.63 -
2497_g               -            242 22440at5794          -            197   3.1e-10   38.9   0.0   1   1   8.6e-13   4.1e-10   38.5   0.0     4   177    25   194    22   203 0.85 -
3329_g               -            236 22440at5794          -            197   1.7e-08   33.2   0.1   1   1   4.6e-11   2.2e-08   32.9   0.1     5   171    29   190    25   207 0.81 -
4085_g               -            251 22440at5794          -            197   8.5e-08   31.0   2.0   1   1   2.3e-10   1.1e-07   30.6   2.0     3   172    29   197    27   213 0.78 -
1845_g               -            250 22440at5794          -            197   3.7e-07   28.9   0.4   1   1     1e-09   4.9e-07   28.5   0.4     5   161    25   173    21   198 0.78 -
#
# Program:         hmmsearch
# Version:         3.1b2 (February 2015)
# Pipeline mode:   SEARCH
# Query file:      /mnt/e/Bioinformatics/Semester2/BINP29/Malaria Project/Genomes/Parsed/busco_downloads/lineages/apicomplexa_odb10/hmms/22440at5794.hmm
# Target file:     /mnt/e/Bioinformatics/Semester2/BINP29/Malaria Project/Genomes/Parsed/Pb_new.faa
# Option settings: hmmsearch --domtblout /mnt/e/Bioinformatics/Semester2/BINP29/Malaria Project/Genomes/Parsed/Pb/run_apicomplexa_odb10/hmmer_output/initial_run_results/22440at5794.out --cpu 1 /mnt/e/Bioinformatics/Semester2/BINP29/Malaria Project/Genomes/Parsed/busco_downloads/lineages/apicomplexa_odb10/hmms/22440at5794.hmm /mnt/e/Bioinformatics/Semester2/BINP29/Malaria Project/Genomes/Parsed/Pb_new.faa 
# Current dir:     /mnt/e/Bioinformatics/Semester2/BINP29/Malaria Project/Genomes/Parsed
# Date:            Wed Mar  1 19:22:13 2023
# [ok]
