#                                                                            --- full sequence --- -------------- this domain -------------   hmm coord   ali coord   env coord
# target name        accession   tlen query name           accession   qlen   E-value  score  bias   #  of  c-Evalue  i-Evalue  score  bias  from    to  from    to  from    to  acc description of target
#------------------- ---------- ----- -------------------- ---------- ----- --------- ------ ----- --- --- --------- --------- ------ ----- ----- ----- ----- ----- ----- ----- ---- ---------------------
792_g                -            263 22988at5794          -            218    4e-127  420.7   8.5   1   1  3.2e-130  4.7e-127  420.5   8.5     1   218    16   248    16   248 0.95 -
4288_g               -            301 22988at5794          -            218   8.1e-20   69.9   4.4   1   1   9.3e-23   1.3e-19   69.2   4.4     4   214    41   269    38   272 0.79 -
2546_g               -            470 22988at5794          -            218   1.2e-06   26.9   0.9   1   4      0.72     1e+03   -2.4   0.9    88    88   140   140    58   201 0.62 -
2546_g               -            470 22988at5794          -            218   1.2e-06   26.9   0.9   2   4      0.46   6.6e+02   -1.7   0.1    59    85   176   206   155   214 0.65 -
2546_g               -            470 22988at5794          -            218   1.2e-06   26.9   0.9   3   4      0.45   6.5e+02   -1.7   1.6    71    91   237   257   219   357 0.64 -
2546_g               -            470 22988at5794          -            218   1.2e-06   26.9   0.9   4   4   8.2e-10   1.2e-06   26.9   0.9    65   144   374   454   368   467 0.87 -
1465_g               -            247 22988at5794          -            218     0.014   13.5   2.1   1   1     2e-05     0.029   12.5   2.1    70   124    68   122    53   146 0.87 -
6077_g               -            288 22988at5794          -            218     0.027   12.6   5.2   1   2      0.18   2.6e+02   -0.4   0.4    49    90    95   136    84   154 0.76 -
6077_g               -            288 22988at5794          -            218     0.027   12.6   5.2   2   2   4.5e-06    0.0066   14.6   1.4     7   140   139   270   133   283 0.72 -
#
# Program:         hmmsearch
# Version:         3.1b2 (February 2015)
# Pipeline mode:   SEARCH
# Query file:      /mnt/e/Bioinformatics/Semester2/BINP29/Malaria Project/Genomes/Parsed/busco_downloads/lineages/apicomplexa_odb10/hmms/22988at5794.hmm
# Target file:     /mnt/e/Bioinformatics/Semester2/BINP29/Malaria Project/Genomes/Parsed/Pb_new.faa
# Option settings: hmmsearch --domtblout /mnt/e/Bioinformatics/Semester2/BINP29/Malaria Project/Genomes/Parsed/Pb/run_apicomplexa_odb10/hmmer_output/initial_run_results/22988at5794.out --cpu 1 /mnt/e/Bioinformatics/Semester2/BINP29/Malaria Project/Genomes/Parsed/busco_downloads/lineages/apicomplexa_odb10/hmms/22988at5794.hmm /mnt/e/Bioinformatics/Semester2/BINP29/Malaria Project/Genomes/Parsed/Pb_new.faa 
# Current dir:     /mnt/e/Bioinformatics/Semester2/BINP29/Malaria Project/Genomes/Parsed
# Date:            Wed Mar  1 19:22:14 2023
# [ok]
