#                                                                            --- full sequence --- -------------- this domain -------------   hmm coord   ali coord   env coord
# target name        accession   tlen query name           accession   qlen   E-value  score  bias   #  of  c-Evalue  i-Evalue  score  bias  from    to  from    to  from    to  acc description of target
#------------------- ---------- ----- -------------------- ---------- ----- --------- ------ ----- --- --- --------- --------- ------ ----- ----- ----- ----- ----- ----- ----- ---- ---------------------
2485_g               -            147 23514at5794          -            152   1.4e-28   98.3  14.5   1   3   2.4e-22   4.3e-19   67.5   1.6     1    56     1    58     1    60 0.91 -
2485_g               -            147 23514at5794          -            152   1.4e-28   98.3  14.5   2   3     6e-11   1.1e-07   30.5   3.0    27    80    61   114    53   116 0.69 -
2485_g               -            147 23514at5794          -            152   1.4e-28   98.3  14.5   3   3   0.00056         1    7.9   0.1    66    89   121   146   115   147 0.79 -
1108_g               -            156 23514at5794          -            152   4.2e-18   64.3   0.3   1   2   2.3e-21   4.2e-18   64.3   0.3    97   143     1    48     1    59 0.91 -
1108_g               -            156 23514at5794          -            152   4.2e-18   64.3   0.3   2   2      0.25   4.4e+02   -0.7   2.0    17    57    69   108    63   136 0.58 -
2556_g               -            194 23514at5794          -            152    0.0039   15.7   6.1   1   1   1.2e-05     0.021   13.4   6.0    30   139    32   158    16   163 0.62 -
519_g                -            105 23514at5794          -            152     0.022   13.3   0.0   1   1   1.3e-05     0.023   13.2   0.0    90   141    32    87     9   101 0.72 -
#
# Program:         hmmsearch
# Version:         3.1b2 (February 2015)
# Pipeline mode:   SEARCH
# Query file:      /mnt/e/Bioinformatics/Semester2/BINP29/Malaria Project/Genomes/Parsed/busco_downloads/lineages/apicomplexa_odb10/hmms/23514at5794.hmm
# Target file:     /mnt/e/Bioinformatics/Semester2/BINP29/Malaria Project/Genomes/Parsed/Pb_new.faa
# Option settings: hmmsearch --domtblout /mnt/e/Bioinformatics/Semester2/BINP29/Malaria Project/Genomes/Parsed/Pb/run_apicomplexa_odb10/hmmer_output/initial_run_results/23514at5794.out --cpu 1 /mnt/e/Bioinformatics/Semester2/BINP29/Malaria Project/Genomes/Parsed/busco_downloads/lineages/apicomplexa_odb10/hmms/23514at5794.hmm /mnt/e/Bioinformatics/Semester2/BINP29/Malaria Project/Genomes/Parsed/Pb_new.faa 
# Current dir:     /mnt/e/Bioinformatics/Semester2/BINP29/Malaria Project/Genomes/Parsed
# Date:            Wed Mar  1 19:22:15 2023
# [ok]
