#                                                                            --- full sequence --- -------------- this domain -------------   hmm coord   ali coord   env coord
# target name        accession   tlen query name           accession   qlen   E-value  score  bias   #  of  c-Evalue  i-Evalue  score  bias  from    to  from    to  from    to  acc description of target
#------------------- ---------- ----- -------------------- ---------- ----- --------- ------ ----- --- --- --------- --------- ------ ----- ----- ----- ----- ----- ----- ----- ---- ---------------------
3324_g               -            177 25455at5794          -            134     2e-38  130.0  14.7   1   3   7.1e-11     1e-07   30.6   0.0     1    24    15    38    15    46 0.92 -
3324_g               -            177 25455at5794          -            134     2e-38  130.0  14.7   2   3   6.5e-17   9.4e-14   50.1   0.9    20    62    53    95    50    99 0.92 -
3324_g               -            177 25455at5794          -            134     2e-38  130.0  14.7   3   3   1.7e-18   2.4e-15   55.2   4.6    85   133   101   153    97   154 0.88 -
6430_g               -            489 25455at5794          -            134   0.00057   18.4   0.9   1   2       1.1   1.6e+03   -2.4   0.2    75    75   112   112    54   142 0.60 -
6430_g               -            489 25455at5794          -            134   0.00057   18.4   0.9   2   2   1.1e-06    0.0015   17.1   0.0     3    52   300   349   298   396 0.67 -
3148_g               -            304 25455at5794          -            134     0.029   12.9   1.9   1   2     0.053        77    1.8   0.1     3    21    20    38    18    50 0.85 -
3148_g               -            304 25455at5794          -            134     0.029   12.9   1.9   2   2   0.00016      0.23   10.0   0.3    23    68   225   270   217   283 0.81 -
1537_g               -            785 25455at5794          -            134      0.03   12.9   5.8   1   4      0.94   1.4e+03   -2.2   0.1    40    65   142   167   123   187 0.74 -
1537_g               -            785 25455at5794          -            134      0.03   12.9   5.8   2   4    0.0044       6.3    5.3   0.0     3    41   306   344   304   378 0.80 -
1537_g               -            785 25455at5794          -            134      0.03   12.9   5.8   3   4     0.001       1.4    7.4   0.0     3    37   587   621   585   662 0.91 -
1537_g               -            785 25455at5794          -            134      0.03   12.9   5.8   4   4      0.43   6.2e+02   -1.1   1.0    86   127   715   759   668   766 0.61 -
6370_g               -            650 25455at5794          -            134     0.034   12.7   6.7   1   3     0.065        94    1.5   4.1    33   107   110   189    98   208 0.83 -
6370_g               -            650 25455at5794          -            134     0.034   12.7   6.7   2   3      0.81   1.2e+03   -2.0   0.0    79   109   295   325   277   346 0.55 -
6370_g               -            650 25455at5794          -            134     0.034   12.7   6.7   3   3   0.00018      0.26    9.8   0.0     2    24   357   379   356   386 0.88 -
#
# Program:         hmmsearch
# Version:         3.1b2 (February 2015)
# Pipeline mode:   SEARCH
# Query file:      /mnt/e/Bioinformatics/Semester2/BINP29/Malaria Project/Genomes/Parsed/busco_downloads/lineages/apicomplexa_odb10/hmms/25455at5794.hmm
# Target file:     /mnt/e/Bioinformatics/Semester2/BINP29/Malaria Project/Genomes/Parsed/Pb_new.faa
# Option settings: hmmsearch --domtblout /mnt/e/Bioinformatics/Semester2/BINP29/Malaria Project/Genomes/Parsed/Pb/run_apicomplexa_odb10/hmmer_output/initial_run_results/25455at5794.out --cpu 1 /mnt/e/Bioinformatics/Semester2/BINP29/Malaria Project/Genomes/Parsed/busco_downloads/lineages/apicomplexa_odb10/hmms/25455at5794.hmm /mnt/e/Bioinformatics/Semester2/BINP29/Malaria Project/Genomes/Parsed/Pb_new.faa 
# Current dir:     /mnt/e/Bioinformatics/Semester2/BINP29/Malaria Project/Genomes/Parsed
# Date:            Wed Mar  1 19:22:17 2023
# [ok]
