#                                                                            --- full sequence --- -------------- this domain -------------   hmm coord   ali coord   env coord
# target name        accession   tlen query name           accession   qlen   E-value  score  bias   #  of  c-Evalue  i-Evalue  score  bias  from    to  from    to  from    to  acc description of target
#------------------- ---------- ----- -------------------- ---------- ----- --------- ------ ----- --- --- --------- --------- ------ ----- ----- ----- ----- ----- ----- ----- ---- ---------------------
1638_g               -            643 2587at5794           -            725  2.2e-167  557.0  31.1   1   4   5.3e-25   9.8e-23   78.9   0.7     1    68     3    73     3    77 0.93 -
1638_g               -            643 2587at5794           -            725  2.2e-167  557.0  31.1   2   4   1.1e-37     2e-35  120.8   1.1    68   181   121   244   102   261 0.85 -
1638_g               -            643 2587at5794           -            725  2.2e-167  557.0  31.1   3   4     1e-81   1.9e-79  266.4   9.1   173   356   333   544   329   570 0.88 -
1638_g               -            643 2587at5794           -            725  2.2e-167  557.0  31.1   4   4   2.5e-32   4.5e-30  103.1   0.4   354   419   575   643   568   643 0.96 -
2680_g               -            443 2587at5794           -            725   1.2e-80  270.3  18.1   1   4   1.8e-24   3.3e-22   77.1   0.0   433   498     1    69     1    84 0.87 -
2680_g               -            443 2587at5794           -            725   1.2e-80  270.3  18.1   2   4   9.3e-29   1.7e-26   91.3   1.0   496   591    98   206    93   215 0.87 -
2680_g               -            443 2587at5794           -            725   1.2e-80  270.3  18.1   3   4   3.1e-05    0.0058   13.5   0.0   588   611   226   249   210   263 0.86 -
2680_g               -            443 2587at5794           -            725   1.2e-80  270.3  18.1   4   4     1e-29   1.9e-27   94.4   5.8   606   702   267   371   260   388 0.89 -
4473_g               -            670 2587at5794           -            725   9.6e-32  108.6   5.3   1   6   9.4e-08   1.7e-05   21.8   0.1   104   145   121   162   107   176 0.80 -
4473_g               -            670 2587at5794           -            725   9.6e-32  108.6   5.3   2   6   1.1e-05    0.0021   15.0   0.0   373   406   186   219   182   226 0.89 -
4473_g               -            670 2587at5794           -            725   9.6e-32  108.6   5.3   3   6   1.9e-07   3.5e-05   20.9   0.0   369   430   333   394   295   396 0.95 -
4473_g               -            670 2587at5794           -            725   9.6e-32  108.6   5.3   4   6   2.7e-06    0.0005   17.0   0.1   391   426   482   514   458   517 0.90 -
4473_g               -            670 2587at5794           -            725   9.6e-32  108.6   5.3   5   6   7.6e-06    0.0014   15.5   0.0   106   138   527   559   521   564 0.90 -
4473_g               -            670 2587at5794           -            725   9.6e-32  108.6   5.3   6   6   5.5e-05      0.01   12.7   0.0   101   136   633   668   625   669 0.91 -
3714_g               -            323 2587at5794           -            725   2.6e-26   90.7   5.4   1   4   1.1e-08   2.1e-06   24.9   0.1   104   154    31    81    23    82 0.93 -
3714_g               -            323 2587at5794           -            725   2.6e-26   90.7   5.4   2   4     6e-05     0.011   12.6   0.1   103   141    73   111    69   116 0.89 -
3714_g               -            323 2587at5794           -            725   2.6e-26   90.7   5.4   3   4   2.2e-14   4.2e-12   43.7   0.5   306   428   112   231   104   233 0.86 -
3714_g               -            323 2587at5794           -            725   2.6e-26   90.7   5.4   4   4   2.5e-06   0.00046   17.1   0.0   368   423   264   317   248   322 0.70 -
6503_g               -            500 2587at5794           -            725   4.1e-24   83.4   5.6   1   3   2.5e-08   4.6e-06   23.7   0.1   372   426   232   283   225   286 0.92 -
6503_g               -            500 2587at5794           -            725   4.1e-24   83.4   5.6   2   3   0.00087      0.16    8.7   0.1   101   142   295   336   285   347 0.82 -
6503_g               -            500 2587at5794           -            725   4.1e-24   83.4   5.6   3   3   3.3e-17   6.2e-15   53.1   0.3   261   426   327   498   325   499 0.85 -
1892_g               -            465 2587at5794           -            725   6.7e-24   82.7   2.5   1   2   1.3e-11   2.4e-09   34.6   0.0   288   352   236   303   220   303 0.86 -
1892_g               -            465 2587at5794           -            725   6.7e-24   82.7   2.5   2   2     5e-18   9.3e-16   55.8   0.8   296   430   286   422   284   463 0.90 -
4364_g               -            607 2587at5794           -            725   1.3e-22   78.4  14.0   1   4   3.4e-17   6.3e-15   53.0   2.5   289   434     3   150     2   165 0.88 -
4364_g               -            607 2587at5794           -            725   1.3e-22   78.4  14.0   2   4    0.0065       1.2    5.8   0.0   392   426   223   254   217   258 0.91 -
4364_g               -            607 2587at5794           -            725   1.3e-22   78.4  14.0   3   4   5.6e-09     1e-06   25.9   0.1   369   472   241   342   240   349 0.80 -
4364_g               -            607 2587at5794           -            725   1.3e-22   78.4  14.0   4   4       0.2        38    0.9   0.5    19    59   523   563   511   593 0.78 -
6392_g               -            623 2587at5794           -            725   1.2e-18   65.3   2.1   1   2   6.4e-14   1.2e-11   42.2   0.0   265   427   334   493   328   495 0.88 -
6392_g               -            623 2587at5794           -            725   1.2e-18   65.3   2.1   2   2   6.9e-08   1.3e-05   22.3   0.6   316   424   510   623   502   623 0.83 -
3486_g               -            619 2587at5794           -            725   7.4e-18   62.7   1.3   1   3   9.8e-20   1.8e-17   61.4   0.2   286   429   315   460   301   486 0.87 -
3486_g               -            619 2587at5794           -            725   7.4e-18   62.7   1.3   2   3       1.3   2.4e+02   -1.7   0.0   104   143   468   506   463   518 0.83 -
3486_g               -            619 2587at5794           -            725   7.4e-18   62.7   1.3   3   3       3.9   7.2e+02   -3.3   0.0   113   139   573   599   564   603 0.71 -
2323_g               -            422 2587at5794           -            725   1.5e-15   55.1   7.4   1   6   0.00032     0.059   10.2   0.1   102   136    63    97    21    99 0.88 -
2323_g               -            422 2587at5794           -            725   1.5e-15   55.1   7.4   2   6   6.4e-07   0.00012   19.1   0.0    95   143    99   147    97   164 0.80 -
2323_g               -            422 2587at5794           -            725   1.5e-15   55.1   7.4   3   6     0.018       3.4    4.4   0.1   310   351   150   192   146   203 0.73 -
2323_g               -            422 2587at5794           -            725   1.5e-15   55.1   7.4   4   6         1   1.9e+02   -1.4   0.0   108   140   199   231   195   239 0.82 -
2323_g               -            422 2587at5794           -            725   1.5e-15   55.1   7.4   5   6     0.092        17    2.0   0.0   447   493   243   290   235   305 0.77 -
2323_g               -            422 2587at5794           -            725   1.5e-15   55.1   7.4   6   6   2.5e-07   4.6e-05   20.4   0.1   370   437   302   370   295   381 0.86 -
6629_g               -            542 2587at5794           -            725   3.4e-15   54.0   8.7   1   3      0.49        91   -0.4   0.4   472   537   105   167   103   186 0.80 -
6629_g               -            542 2587at5794           -            725   3.4e-15   54.0   8.7   2   3   5.2e-14   9.6e-12   42.5   3.4   290   485   291   487   260   487 0.85 -
6629_g               -            542 2587at5794           -            725   3.4e-15   54.0   8.7   3   3     4e-06   0.00075   16.4   0.0    86   141   472   522   470   530 0.89 -
5115_g               -            438 2587at5794           -            725   3.4e-15   53.9   8.7   1   3   3.6e-06   0.00067   16.6   0.1   222   342     6   121     1   122 0.82 -
5115_g               -            438 2587at5794           -            725   3.4e-15   53.9   8.7   2   3   2.8e-05    0.0053   13.6   0.1   101   154    86   139    75   143 0.84 -
5115_g               -            438 2587at5794           -            725   3.4e-15   53.9   8.7   3   3   1.7e-13   3.1e-11   40.8   4.9   298   427   116   256   114   297 0.81 -
2932_g               -            447 2587at5794           -            725   1.7e-13   48.3   0.1   1   3     0.095        18    2.0   0.0   313   343   147   179   137   201 0.59 -
2932_g               -            447 2587at5794           -            725   1.7e-13   48.3   0.1   2   3   4.7e-13   8.8e-11   39.3   0.0   290   428   220   368   204   372 0.81 -
2932_g               -            447 2587at5794           -            725   1.7e-13   48.3   0.1   3   3     0.039       7.3    3.3   0.1   393   428   392   427   385   431 0.91 -
1752_g               -            497 2587at5794           -            725   3.6e-13   47.2   0.6   1   3    0.0084       1.6    5.5   0.0   288   339     4    61     1    86 0.76 -
1752_g               -            497 2587at5794           -            725   3.6e-13   47.2   0.6   2   3   1.4e-09   2.5e-07   27.9   0.1   305   404   102   203    88   210 0.88 -
1752_g               -            497 2587at5794           -            725   3.6e-13   47.2   0.6   3   3   0.00024     0.045   10.6   0.0   288   343   290   351   272   365 0.80 -
2357_g               -            146 2587at5794           -            725   7.4e-13   46.2   4.8   1   3    0.0024      0.44    7.3   0.2   394   428    19    52     4    64 0.84 -
2357_g               -            146 2587at5794           -            725   7.4e-13   46.2   4.8   2   3     9e-07   0.00017   18.6   0.1   101   137    65   101    53   106 0.87 -
2357_g               -            146 2587at5794           -            725   7.4e-13   46.2   4.8   3   3   2.8e-09   5.2e-07   26.9   0.2   378   430    96   145    95   146 0.91 -
2477_g               -            603 2587at5794           -            725   1.6e-12   45.1   4.0   1   4      0.04       7.3    3.2   0.1    70   122   238   290   211   302 0.79 -
2477_g               -            603 2587at5794           -            725   1.6e-12   45.1   4.0   2   4     0.067        12    2.5   0.0   410   428   304   322   294   336 0.80 -
2477_g               -            603 2587at5794           -            725   1.6e-12   45.1   4.0   3   4   4.2e-11   7.8e-09   32.9   0.1   308   475   396   554   392   562 0.83 -
2477_g               -            603 2587at5794           -            725   1.6e-12   45.1   4.0   4   4     0.026       4.8    3.8   0.0   104   139   562   597   554   602 0.87 -
1815_g               -            609 2587at5794           -            725   3.7e-12   43.9  13.4   1   4   0.00028     0.051   10.4   0.0   100   138     5    43     2    59 0.87 -
1815_g               -            609 2587at5794           -            725   3.7e-12   43.9  13.4   2   4   2.9e-07   5.4e-05   20.2   0.2    69   137    87   155    74   162 0.87 -
1815_g               -            609 2587at5794           -            725   3.7e-12   43.9  13.4   3   4   0.00011     0.021   11.7   1.8    43   141   240   334   220   347 0.70 -
1815_g               -            609 2587at5794           -            725   3.7e-12   43.9  13.4   4   4    0.0059       1.1    6.0   0.2   105   142   555   592   544   609 0.81 -
984_g                -            527 2587at5794           -            725   4.9e-12   43.5   5.2   1   3      0.22        41    0.8   0.0   286   304   231   249   209   254 0.56 -
984_g                -            527 2587at5794           -            725   4.9e-12   43.5   5.2   2   3     3e-05    0.0056   13.5   0.1    99   139   261   301   254   305 0.91 -
984_g                -            527 2587at5794           -            725   4.9e-12   43.5   5.2   3   3   2.8e-12   5.1e-10   36.8   0.6   290   393   285   393   284   404 0.85 -
2383_g               -            439 2587at5794           -            725   2.6e-11   41.1   0.4   1   2   7.4e-08   1.4e-05   22.2   0.0   389   437   130   176   113   184 0.88 -
2383_g               -            439 2587at5794           -            725   2.6e-11   41.1   0.4   2   2   3.6e-06   0.00067   16.6   0.1   105   142   185   223   176   239 0.83 -
3205_g               -            205 2587at5794           -            725   8.4e-11   39.4   5.2   1   3   6.6e-09   1.2e-06   25.6   0.3   286   343     2    61     1    63 0.80 -
3205_g               -            205 2587at5794           -            725   8.4e-11   39.4   5.2   2   3   9.7e-07   0.00018   18.5   0.1   377   428    55   113    53   117 0.83 -
3205_g               -            205 2587at5794           -            725   8.4e-11   39.4   5.2   3   3      0.37        69    0.0   0.3   503   548   126   169   116   196 0.45 -
124_g                -            350 2587at5794           -            725   1.5e-10   38.6   0.5   1   3   2.6e-09   4.9e-07   27.0   0.0   287   343    80   142    67   147 0.83 -
124_g                -            350 2587at5794           -            725   1.5e-10   38.6   0.5   2   3      0.09        17    2.1   0.0   460   507   201   247   186   278 0.58 -
124_g                -            350 2587at5794           -            725   1.5e-10   38.6   0.5   3   3     0.005      0.92    6.2   0.0    98   139   303   345   300   349 0.88 -
2100_g               -            328 2587at5794           -            725   4.5e-10   37.0   2.1   1   3     0.011         2    5.1   0.0   367   410    64   106     9   119 0.63 -
2100_g               -            328 2587at5794           -            725   4.5e-10   37.0   2.1   2   3     7e-07   0.00013   19.0   0.1   252   338   127   208   117   254 0.73 -
2100_g               -            328 2587at5794           -            725   4.5e-10   37.0   2.1   3   3    0.0004     0.074    9.8   0.1   289   341   260   315   245   318 0.77 -
2110_g               -            685 2587at5794           -            725   2.6e-09   34.5   5.7   1   4     0.021         4    4.1   0.1   107   137    11    41     4    48 0.71 -
2110_g               -            685 2587at5794           -            725   2.6e-09   34.5   5.7   2   4   7.7e-05     0.014   12.2   0.1   388   426    49    86    44    90 0.92 -
2110_g               -            685 2587at5794           -            725   2.6e-09   34.5   5.7   3   4      0.27        49    0.5   0.0    87   137    85   135    84   142 0.72 -
2110_g               -            685 2587at5794           -            725   2.6e-09   34.5   5.7   4   4   1.2e-06   0.00023   18.2   0.1   369   488   188   313   182   364 0.79 -
3892_g               -            514 2587at5794           -            725   6.2e-09   33.2   1.4   1   4       1.8   3.4e+02   -2.3   0.0   286   310   162   186   146   192 0.68 -
3892_g               -            514 2587at5794           -            725   6.2e-09   33.2   1.4   2   4     0.041       7.5    3.2   0.1   413   428   257   272   246   290 0.63 -
3892_g               -            514 2587at5794           -            725   6.2e-09   33.2   1.4   3   4   2.5e-09   4.6e-07   27.0   0.1   295   428   294   440   287   455 0.74 -
3892_g               -            514 2587at5794           -            725   6.2e-09   33.2   1.4   4   4       1.4   2.5e+02   -1.9   0.0   106   138   474   507   457   511 0.65 -
4807_g               -            229 2587at5794           -            725   7.5e-09   33.0   1.2   1   3   1.9e-05    0.0035   14.2   0.0   286   342    30    88    14    98 0.76 -
4807_g               -            229 2587at5794           -            725   7.5e-09   33.0   1.2   2   3   2.2e-06   0.00041   17.3   0.1   105   151   100   144    91   156 0.76 -
4807_g               -            229 2587at5794           -            725   7.5e-09   33.0   1.2   3   3       1.8   3.3e+02   -2.2   0.0   564   587   153   176   146   188 0.75 -
2336_g               -            341 2587at5794           -            725     1e-08   32.5   4.5   1   5      0.55     1e+02   -0.5   0.0   285   330    19    65    12    71 0.86 -
2336_g               -            341 2587at5794           -            725     1e-08   32.5   4.5   2   5    0.0028      0.52    7.0   0.0    99   138   101   140    47   153 0.83 -
2336_g               -            341 2587at5794           -            725     1e-08   32.5   4.5   3   5   1.4e-05    0.0025   14.7   0.1   100   138   164   202   157   216 0.89 -
2336_g               -            341 2587at5794           -            725     1e-08   32.5   4.5   4   5      0.22        41    0.8   0.0    86   123   257   297   215   302 0.78 -
2336_g               -            341 2587at5794           -            725     1e-08   32.5   4.5   5   5   0.00054       0.1    9.4   0.0   289   332   296   341   247   341 0.86 -
6708_g               -            445 2587at5794           -            725     1e-08   32.5   3.2   1   5    0.0017      0.32    7.7   0.1   388   430    65   105    60   108 0.86 -
6708_g               -            445 2587at5794           -            725     1e-08   32.5   3.2   2   5    0.0004     0.073    9.9   0.0   100   142   108   150   105   160 0.92 -
6708_g               -            445 2587at5794           -            725     1e-08   32.5   3.2   3   5      0.82   1.5e+02   -1.1   0.0   415   480   199   259   191   263 0.78 -
6708_g               -            445 2587at5794           -            725     1e-08   32.5   3.2   4   5   0.00041     0.075    9.8   0.1   294   342   285   337   264   350 0.71 -
6708_g               -            445 2587at5794           -            725     1e-08   32.5   3.2   5   5      0.13        23    1.6   0.1   105   130   349   374   340   380 0.85 -
3937_g               -            674 2587at5794           -            725   2.6e-08   31.2  13.4   1   5      0.46        85   -0.3   0.0   403   434    10    41     3    70 0.83 -
3937_g               -            674 2587at5794           -            725   2.6e-08   31.2  13.4   2   5       1.4   2.6e+02   -1.9   0.5   540   580   164   204   116   209 0.63 -
3937_g               -            674 2587at5794           -            725   2.6e-08   31.2  13.4   3   5   0.00069      0.13    9.1   0.3   106   185   263   343   248   377 0.74 -
3937_g               -            674 2587at5794           -            725   2.6e-08   31.2  13.4   4   5   4.7e-08   8.8e-06   22.8   0.1    69   172   442   548   420   548 0.81 -
3937_g               -            674 2587at5794           -            725   2.6e-08   31.2  13.4   5   5   0.00021     0.039   10.7   0.1   315   368   521   575   515   591 0.73 -
4140_g               -            515 2587at5794           -            725     5e-08   30.2   2.1   1   3      0.61   1.1e+02   -0.7   0.4   433   483    93   145    75   181 0.52 -
4140_g               -            515 2587at5794           -            725     5e-08   30.2   2.1   2   3       1.2   2.3e+02   -1.7   0.0   449   486   203   241   188   284 0.70 -
4140_g               -            515 2587at5794           -            725     5e-08   30.2   2.1   3   3   2.7e-10     5e-08   30.2   2.1   299   410   378   507   353   511 0.76 -
2533_g               -            451 2587at5794           -            725   1.6e-07   28.5   1.0   1   3     0.051       9.5    2.9   0.0   440   478   142   180   123   223 0.68 -
2533_g               -            451 2587at5794           -            725   1.6e-07   28.5   1.0   2   3    0.0022      0.41    7.4   0.1   288   424   160   321   155   327 0.69 -
2533_g               -            451 2587at5794           -            725   1.6e-07   28.5   1.0   3   3   1.1e-06   0.00021   18.3   0.1   392   474   335   413   324   417 0.84 -
5968_g               -            161 2587at5794           -            725   3.4e-07   27.5   0.7   1   2   3.9e-09   7.3e-07   26.4   0.5   292   360    20    91    10   145 0.81 -
5968_g               -            161 2587at5794           -            725   3.4e-07   27.5   0.7   2   2      0.42        77   -0.1   0.1   100   129   130   159    86   161 0.54 -
963_g                -            798 2587at5794           -            725   2.3e-06   24.7  15.2   1   6       1.2   2.2e+02   -1.6   0.2    11    68    16    71    14    80 0.81 -
963_g                -            798 2587at5794           -            725   2.3e-06   24.7  15.2   2   6      0.04       7.4    3.2   0.2   346   456   170   278   163   287 0.64 -
963_g                -            798 2587at5794           -            725   2.3e-06   24.7  15.2   3   6       6.8   1.3e+03   -4.1   0.0   526   542   489   505   482   527 0.65 -
963_g                -            798 2587at5794           -            725   2.3e-06   24.7  15.2   4   6   0.00054       0.1    9.4   0.0    99   142   579   622   568   663 0.80 -
963_g                -            798 2587at5794           -            725   2.3e-06   24.7  15.2   5   6   2.8e-06   0.00052   17.0   0.4   103   146   692   735   683   749 0.81 -
963_g                -            798 2587at5794           -            725   2.3e-06   24.7  15.2   6   6    0.0085       1.6    5.4   0.1   381   428   724   767   723   771 0.82 -
4913_g               -            493 2587at5794           -            725   2.7e-05   21.2   0.1   1   4     0.019       3.4    4.3   0.0    98   137    79   117    75   125 0.83 -
4913_g               -            493 2587at5794           -            725   2.7e-05   21.2   0.1   2   4       2.8   5.2e+02   -2.9   0.1    18    54   183   219   178   225 0.83 -
4913_g               -            493 2587at5794           -            725   2.7e-05   21.2   0.1   3   4   1.5e-07   2.7e-05   21.2   0.1   359   426   287   351   282   354 0.93 -
4913_g               -            493 2587at5794           -            725   2.7e-05   21.2   0.1   4   4       2.2   4.1e+02   -2.5   6.9   558   660   367   466   361   487 0.78 -
4056_g               -            383 2587at5794           -            725   6.7e-05   19.9   0.2   1   2   0.00087      0.16    8.7   0.0    98   135   190   228    99   242 0.78 -
4056_g               -            383 2587at5794           -            725   6.7e-05   19.9   0.2   2   2   0.00068      0.13    9.1   0.0   108   143   245   280   234   292 0.88 -
2108_g               -            256 2587at5794           -            725   0.00012   19.1   0.9   1   2   2.6e-05    0.0048   13.8   0.9   360   440    80   158    31   172 0.67 -
2108_g               -            256 2587at5794           -            725   0.00012   19.1   0.9   2   2   3.2e-06    0.0006   16.8   0.4   283   402    83   220    63   231 0.69 -
6322_g               -            349 2587at5794           -            725   0.00024   18.0   0.7   1   2      0.96   1.8e+02   -1.3   0.0   287   306     8    27     2    49 0.72 -
6322_g               -            349 2587at5794           -            725   0.00024   18.0   0.7   2   2     4e-06   0.00073   16.5   0.2    98   139   110   151    89   168 0.77 -
2958_g               -            267 2587at5794           -            725   0.00055   16.9   0.0   1   2      0.42        77   -0.1   0.0   500   536    54    90    44   111 0.75 -
2958_g               -            267 2587at5794           -            725   0.00055   16.9   0.0   2   2   1.5e-05    0.0028   14.6   0.0   271   343   177   253   144   260 0.59 -
4025_g               -            134 2587at5794           -            725   0.00067   16.6   0.2   1   1     5e-06   0.00092   16.1   0.1    92   142    26    75     6    90 0.85 -
7209_g               -            297 2587at5794           -            725    0.0011   15.9   0.3   1   1     8e-06    0.0015   15.5   0.3   118   191   119   192    96   217 0.83 -
#
# Program:         hmmsearch
# Version:         3.1b2 (February 2015)
# Pipeline mode:   SEARCH
# Query file:      /mnt/e/Bioinformatics/Semester2/BINP29/Malaria Project/Genomes/Parsed/busco_downloads/lineages/apicomplexa_odb10/hmms/2587at5794.hmm
# Target file:     /mnt/e/Bioinformatics/Semester2/BINP29/Malaria Project/Genomes/Parsed/Pb_new.faa
# Option settings: hmmsearch --domtblout /mnt/e/Bioinformatics/Semester2/BINP29/Malaria Project/Genomes/Parsed/Pb/run_apicomplexa_odb10/hmmer_output/initial_run_results/2587at5794.out --cpu 1 /mnt/e/Bioinformatics/Semester2/BINP29/Malaria Project/Genomes/Parsed/busco_downloads/lineages/apicomplexa_odb10/hmms/2587at5794.hmm /mnt/e/Bioinformatics/Semester2/BINP29/Malaria Project/Genomes/Parsed/Pb_new.faa 
# Current dir:     /mnt/e/Bioinformatics/Semester2/BINP29/Malaria Project/Genomes/Parsed
# Date:            Wed Mar  1 19:22:18 2023
# [ok]
