#                                                                            --- full sequence --- -------------- this domain -------------   hmm coord   ali coord   env coord
# target name        accession   tlen query name           accession   qlen   E-value  score  bias   #  of  c-Evalue  i-Evalue  score  bias  from    to  from    to  from    to  acc description of target
#------------------- ---------- ----- -------------------- ---------- ----- --------- ------ ----- --- --- --------- --------- ------ ----- ----- ----- ----- ----- ----- ----- ---- ---------------------
3658_g               -            150 26893at5794          -            134   6.4e-80  264.5   7.9   1   1   1.4e-82   7.3e-80  264.4   7.9     1   134     5   144     5   144 0.98 -
6188_g               -            113 26893at5794          -            134   2.3e-62  207.7   4.6   1   1   4.9e-65   2.5e-62  207.6   4.6    24   130     1   113     1   113 0.97 -
3321_g               -            169 26893at5794          -            134   2.3e-36  123.6   9.7   1   1   5.5e-39   2.8e-36  123.3   9.7     1   133    21   159    21   160 0.95 -
6971_g               -            416 26893at5794          -            134   4.3e-28   96.8   8.1   1   1   1.4e-30   7.2e-28   96.1   8.1     1   133    27   165    27   166 0.94 -
6600_g               -            169 26893at5794          -            134   1.6e-26   91.7   5.5   1   1   3.7e-29   1.9e-26   91.5   5.5     2   132    22   158    21   160 0.92 -
312_g                -            168 26893at5794          -            134     1e-14   53.5   4.3   1   1   2.5e-17   1.3e-14   53.2   4.3     3   132    13   148    10   150 0.88 -
4851_g               -            110 26893at5794          -            134     7e-13   47.6   1.1   1   1   1.6e-15     8e-13   47.4   1.1     1    78    27   109    27   110 0.90 -
524_g                -            520 26893at5794          -            134     2e-10   39.6   4.0   1   2     0.046        24    3.8   0.1   103   132   368   401   352   403 0.58 -
524_g                -            520 26893at5794          -            134     2e-10   39.6   4.0   2   2   3.6e-12   1.9e-09   36.5   4.2     5   132   377   518   372   520 0.75 -
840_g                -            540 26893at5794          -            134     3e-10   39.1   1.0   1   1   2.9e-12   1.5e-09   36.8   1.0     6   126   412   540   407   540 0.76 -
936_g                -           1162 26893at5794          -            134   3.8e-08   32.2   3.7   1   2   7.4e-11   3.8e-08   32.2   3.7     3   132    24   158    22   160 0.81 -
936_g                -           1162 26893at5794          -            134   3.8e-08   32.2   3.7   2   2       6.1   3.2e+03   -3.1   0.2   102   117  1093  1108  1054  1123 0.42 -
3638_g               -            508 26893at5794          -            134   4.4e-08   32.0   7.2   1   2   2.5e-07   0.00013   20.8   3.1    73   133   372   441   358   442 0.76 -
3638_g               -            508 26893at5794          -            134   4.4e-08   32.0   7.2   2   2   0.00037      0.19   10.6   0.1     9    42   456   491   446   508 0.60 -
3669_g               -            205 26893at5794          -            134   4.4e-07   28.8   0.7   1   1   1.2e-09     6e-07   28.4   0.7    16   132    81   198    61   200 0.82 -
625_g                -            137 26893at5794          -            134   5.8e-06   25.2   0.0   1   1   1.6e-08     8e-06   24.7   0.0     9   117     8   115     3   131 0.83 -
7111_g               -            184 26893at5794          -            134   3.3e-05   22.7   1.5   1   2   2.1e-07   0.00011   21.1   1.0     5    51    11    57     8   159 0.91 -
7111_g               -            184 26893at5794          -            134   3.3e-05   22.7   1.5   2   2      0.73   3.8e+02   -0.1   0.0    55    85   151   182   123   183 0.69 -
#
# Program:         hmmsearch
# Version:         3.1b2 (February 2015)
# Pipeline mode:   SEARCH
# Query file:      /mnt/e/Bioinformatics/Semester2/BINP29/Malaria Project/Genomes/Parsed/busco_downloads/lineages/apicomplexa_odb10/hmms/26893at5794.hmm
# Target file:     /mnt/e/Bioinformatics/Semester2/BINP29/Malaria Project/Genomes/Parsed/Pb_new.faa
# Option settings: hmmsearch --domtblout /mnt/e/Bioinformatics/Semester2/BINP29/Malaria Project/Genomes/Parsed/Pb/run_apicomplexa_odb10/hmmer_output/initial_run_results/26893at5794.out --cpu 1 /mnt/e/Bioinformatics/Semester2/BINP29/Malaria Project/Genomes/Parsed/busco_downloads/lineages/apicomplexa_odb10/hmms/26893at5794.hmm /mnt/e/Bioinformatics/Semester2/BINP29/Malaria Project/Genomes/Parsed/Pb_new.faa 
# Current dir:     /mnt/e/Bioinformatics/Semester2/BINP29/Malaria Project/Genomes/Parsed
# Date:            Wed Mar  1 19:22:20 2023
# [ok]
