#                                                                            --- full sequence --- -------------- this domain -------------   hmm coord   ali coord   env coord
# target name        accession   tlen query name           accession   qlen   E-value  score  bias   #  of  c-Evalue  i-Evalue  score  bias  from    to  from    to  from    to  acc description of target
#------------------- ---------- ----- -------------------- ---------- ----- --------- ------ ----- --- --- --------- --------- ------ ----- ----- ----- ----- ----- ----- ----- ---- ---------------------
3126_g               -            528 2838at5794           -            615  7.1e-214  710.8  16.9   1   1    5e-216  7.3e-213  707.4  16.9   192   615    39   494    31   494 0.91 -
2605_g               -            309 2838at5794           -            615   1.1e-62  211.4  25.4   1   3   8.5e-35   1.2e-31  108.9   0.4    26   113     1    94     1   115 0.85 -
2605_g               -            309 2838at5794           -            615   1.1e-62  211.4  25.4   2   3   3.1e-07   0.00044   17.8   0.3    88   112   124   148   120   163 0.86 -
2605_g               -            309 2838at5794           -            615   1.1e-62  211.4  25.4   3   3   2.2e-27   3.1e-24   84.4  13.1   124   203   193   309   172   309 0.80 -
308_g                -            935 2838at5794           -            615   1.3e-43  148.4  28.5   1   2   1.6e-11   2.3e-08   32.0   5.0    79   209     8   165     1   194 0.77 -
308_g                -            935 2838at5794           -            615   1.3e-43  148.4  28.5   2   2     2e-36   2.8e-33  114.3  16.3   318   589   354   649   186   670 0.72 -
5863_g               -            220 2838at5794           -            615   3.3e-09   34.8   0.3   1   2   1.2e-06    0.0018   15.8   0.1   479   513     6    40     2    47 0.93 -
5863_g               -            220 2838at5794           -            615   3.3e-09   34.8   0.3   2   2   4.6e-07   0.00067   17.2   0.0   543   609   105   172    74   178 0.83 -
4446_g               -            454 2838at5794           -            615     2e-06   25.6  20.8   1   3   5.4e-05     0.077   10.4   0.1    18   121    50   149    36   165 0.63 -
4446_g               -            454 2838at5794           -            615     2e-06   25.6  20.8   2   3    0.0015       2.2    5.6   1.8    62   136   204   282   197   326 0.74 -
4446_g               -            454 2838at5794           -            615     2e-06   25.6  20.8   3   3   6.2e-07    0.0009   16.8   8.0   145   232   340   437   298   444 0.73 -
#
# Program:         hmmsearch
# Version:         3.1b2 (February 2015)
# Pipeline mode:   SEARCH
# Query file:      /mnt/e/Bioinformatics/Semester2/BINP29/Malaria Project/Genomes/Parsed/busco_downloads/lineages/apicomplexa_odb10/hmms/2838at5794.hmm
# Target file:     /mnt/e/Bioinformatics/Semester2/BINP29/Malaria Project/Genomes/Parsed/Pb_new.faa
# Option settings: hmmsearch --domtblout /mnt/e/Bioinformatics/Semester2/BINP29/Malaria Project/Genomes/Parsed/Pb/run_apicomplexa_odb10/hmmer_output/initial_run_results/2838at5794.out --cpu 1 /mnt/e/Bioinformatics/Semester2/BINP29/Malaria Project/Genomes/Parsed/busco_downloads/lineages/apicomplexa_odb10/hmms/2838at5794.hmm /mnt/e/Bioinformatics/Semester2/BINP29/Malaria Project/Genomes/Parsed/Pb_new.faa 
# Current dir:     /mnt/e/Bioinformatics/Semester2/BINP29/Malaria Project/Genomes/Parsed
# Date:            Wed Mar  1 19:22:22 2023
# [ok]
