#                                                                            --- full sequence --- -------------- this domain -------------   hmm coord   ali coord   env coord
# target name        accession   tlen query name           accession   qlen   E-value  score  bias   #  of  c-Evalue  i-Evalue  score  bias  from    to  from    to  from    to  acc description of target
#------------------- ---------- ----- -------------------- ---------- ----- --------- ------ ----- --- --- --------- --------- ------ ----- ----- ----- ----- ----- ----- ----- ---- ---------------------
984_g                -            527 29462at5794          -            441  1.8e-168  559.6  46.9   1   1  4.6e-168  8.3e-166  550.8  46.9     1   441     5   525     5   525 0.88 -
4364_g               -            607 29462at5794          -            441   2.3e-28   97.9  20.7   1   3     9e-21   1.6e-18   65.4   0.7   192   336     5   145     2   158 0.92 -
4364_g               -            607 29462at5794          -            441   2.3e-28   97.9  20.7   2   3   8.3e-13   1.5e-10   39.1   0.3   222   333   226   340   223   349 0.77 -
4364_g               -            607 29462at5794          -            441   2.3e-28   97.9  20.7   3   3     0.097        18    2.7   5.7   282   359   491   569   447   603 0.73 -
4473_g               -            670 29462at5794          -            441   1.2e-27   95.5  23.2   1   4   2.7e-13   4.8e-11   40.8   0.4   249   342   108   203   100   232 0.85 -
4473_g               -            670 29462at5794          -            441   1.2e-27   95.5  23.2   2   4   2.1e-08   3.9e-06   24.6   3.7   238   314   333   413   313   423 0.86 -
4473_g               -            670 29462at5794          -            441   1.2e-27   95.5  23.2   3   4   3.2e-12   5.9e-10   37.2   1.6   160   294   427   557   419   563 0.64 -
4473_g               -            670 29462at5794          -            441   1.2e-27   95.5  23.2   4   4      0.02       3.7    4.9   0.1   222   251   639   668   623   669 0.88 -
1892_g               -            465 29462at5794          -            441   1.8e-24   85.0  17.3   1   3         7   1.3e+03   -3.5   1.3   132   132    95    95    53   143 0.59 -
1892_g               -            465 29462at5794          -            441   1.8e-24   85.0  17.3   2   3     1e-20   1.9e-18   65.2   5.8   156   344   203   387   203   396 0.91 -
1892_g               -            465 29462at5794          -            441   1.8e-24   85.0  17.3   3   3   7.1e-08   1.3e-05   22.9   0.0   231   295   399   462   390   463 0.93 -
3714_g               -            323 29462at5794          -            441   1.5e-23   82.0  20.1   1   3   2.6e-12   4.7e-10   37.5   4.1   261   352    30   124    19   132 0.86 -
3714_g               -            323 29462at5794          -            441   1.5e-23   82.0  20.1   2   3   1.7e-11     3e-09   34.8   2.0   228   336   125   232   118   236 0.85 -
3714_g               -            323 29462at5794          -            441   1.5e-23   82.0  20.1   3   3   2.7e-11     5e-09   34.1   0.4   183   331   167   318   164   320 0.81 -
1752_g               -            497 29462at5794          -            441   2.6e-19   68.0  18.4   1   3   1.1e-05     0.002   15.7   0.1   279   337     4    67     1    90 0.68 -
1752_g               -            497 29462at5794          -            441   2.6e-19   68.0  18.4   2   3   5.7e-14     1e-11   43.0   5.7   248   344    94   190    81   223 0.83 -
1752_g               -            497 29462at5794          -            441   2.6e-19   68.0  18.4   3   3   4.3e-06   0.00078   17.0   1.3   236   336   290   397   281   432 0.77 -
1638_g               -            643 29462at5794          -            441   2.3e-18   64.9  22.1   1   5       2.5   4.6e+02   -2.0   0.1   187   275    24   107    19   109 0.61 -
1638_g               -            643 29462at5794          -            441   2.3e-18   64.9  22.1   2   5   1.5e-07   2.7e-05   21.8   1.1   263   334   160   235   125   243 0.82 -
1638_g               -            643 29462at5794          -            441   2.3e-18   64.9  22.1   3   5   7.3e-05     0.013   13.0   2.2   176   275   350   444   333   460 0.53 -
1638_g               -            643 29462at5794          -            441   2.3e-18   64.9  22.1   4   5   3.1e-08   5.5e-06   24.1   0.0   235   303   472   540   467   557 0.86 -
1638_g               -            643 29462at5794          -            441   2.3e-18   64.9  22.1   5   5   1.9e-06   0.00035   18.2   0.2   225   285   578   642   556   643 0.74 -
2477_g               -            603 29462at5794          -            441   3.2e-18   64.4   5.6   1   4   0.00095      0.17    9.3   0.1   218   275   226   285   203   304 0.79 -
2477_g               -            603 29462at5794          -            441   3.2e-18   64.4   5.6   2   4      0.75   1.4e+02   -0.3   0.0   257   277   394   416   387   421 0.79 -
2477_g               -            603 29462at5794          -            441   3.2e-18   64.4   5.6   3   4   1.1e-16     2e-14   51.9   0.2   210   340   426   558   417   560 0.84 -
2477_g               -            603 29462at5794          -            441   3.2e-18   64.4   5.6   4   4   8.6e-06    0.0016   16.0   0.3   238   295   539   595   535   598 0.95 -
3486_g               -            619 29462at5794          -            441   1.7e-17   62.0   8.2   1   3   6.8e-12   1.2e-09   36.1   0.2   229   341   310   423   300   427 0.90 -
3486_g               -            619 29462at5794          -            441   1.7e-17   62.0   8.2   2   3   1.2e-07   2.1e-05   22.2   1.0   222   335   429   547   425   550 0.87 -
3486_g               -            619 29462at5794          -            441   1.7e-17   62.0   8.2   3   3   0.00039      0.07   10.6   0.8   233   293   528   595   493   598 0.61 -
5968_g               -            161 29462at5794          -            441   2.4e-17   61.5   7.5   1   2   4.8e-17   8.6e-15   53.1   3.1   222   322     2   106     1   125 0.83 -
5968_g               -            161 29462at5794          -            441   2.4e-17   61.5   7.5   2   2    0.0002     0.037   11.5   0.2   251   288   123   160   116   161 0.88 -
5115_g               -            438 29462at5794          -            441   2.9e-16   58.0  17.8   1   3   0.00036     0.065   10.7   0.8   263   345     6    90     1   105 0.82 -
5115_g               -            438 29462at5794          -            441   2.9e-16   58.0  17.8   2   3   2.1e-13   3.9e-11   41.1   2.1   238   342   108   222    90   225 0.79 -
5115_g               -            438 29462at5794          -            441   2.9e-16   58.0  17.8   3   3   3.7e-10   6.7e-08   30.4   8.1   230   367   193   330   181   342 0.72 -
6392_g               -            623 29462at5794          -            441   8.5e-16   56.4  14.2   1   3   1.2e-08   2.2e-06   25.4   0.4   263   336   334   411   328   422 0.80 -
6392_g               -            623 29462at5794          -            441   8.5e-16   56.4  14.2   2   3   3.1e-11   5.7e-09   33.9   5.8   181   345   428   594   411   602 0.78 -
6392_g               -            623 29462at5794          -            441   8.5e-16   56.4  14.2   3   3   1.9e-07   3.5e-05   21.4   1.4   228   291   560   623   547   623 0.89 -
2100_g               -            328 29462at5794          -            441   1.4e-15   55.7   4.4   1   3   0.00063      0.11    9.9   0.1   263   342     7    87     1    92 0.87 -
2100_g               -            328 29462at5794          -            441   1.4e-15   55.7   4.4   2   3   2.2e-14     4e-12   44.3   0.6   219   290   138   208   122   213 0.88 -
2100_g               -            328 29462at5794          -            441   1.4e-15   55.7   4.4   3   3       0.3        54    1.1   0.0   304   334   285   316   253   326 0.70 -
2323_g               -            422 29462at5794          -            441   4.1e-15   54.2  18.0   1   2   1.1e-11   1.9e-09   35.5   8.8   184   336    77   229    63   238 0.85 -
2323_g               -            422 29462at5794          -            441   4.1e-15   54.2  18.0   2   2   5.9e-08   1.1e-05   23.1   1.3   224   336   241   362   236   369 0.86 -
6629_g               -            542 29462at5794          -            441   4.5e-15   54.0  32.0   1   3   1.1e-11   1.9e-09   35.5   5.2   210   355   261   412   253   419 0.80 -
6629_g               -            542 29462at5794          -            441   4.5e-15   54.0  32.0   2   3   2.7e-09   4.8e-07   27.6   8.4   212   339   348   480   341   486 0.88 -
6629_g               -            542 29462at5794          -            441   4.5e-15   54.0  32.0   3   3   9.9e-07   0.00018   19.1   2.7   221   335   399   518   396   524 0.75 -
2357_g               -            146 29462at5794          -            441   2.3e-14   51.7   1.3   1   1   1.5e-16   2.7e-14   51.5   1.3   179   293    23   141     2   145 0.85 -
2932_g               -            447 29462at5794          -            441   3.3e-14   51.2   1.6   1   4      0.51        92    0.3   0.0   156   220   127   194   126   206 0.69 -
2932_g               -            447 29462at5794          -            441   3.3e-14   51.2   1.6   2   4      0.74   1.3e+02   -0.3   0.0   318   345   217   246   190   251 0.76 -
2932_g               -            447 29462at5794          -            441   3.3e-14   51.2   1.6   3   4   4.9e-15   8.8e-13   46.5   0.0   165   295   239   368   228   371 0.84 -
2932_g               -            447 29462at5794          -            441   3.3e-14   51.2   1.6   4   4      0.76   1.4e+02   -0.3   0.1   264   302   393   434   385   444 0.71 -
6708_g               -            445 29462at5794          -            441   3.8e-14   51.0   9.3   1   3   9.2e-11   1.7e-08   32.4   0.2   181   261    79   154    52   174 0.75 -
6708_g               -            445 29462at5794          -            441   3.8e-14   51.0   9.3   2   3    0.0002     0.036   11.5   0.3   237   336   197   296   184   302 0.81 -
6708_g               -            445 29462at5794          -            441   3.8e-14   51.0   9.3   3   3   0.00018     0.032   11.7   0.4   262   327   305   373   298   407 0.85 -
3937_g               -            674 29462at5794          -            441   7.5e-14   50.0   6.1   1   3       7.3   1.3e+03   -3.5   3.4    95   126    38    69     5   146 0.61 -
3937_g               -            674 29462at5794          -            441   7.5e-14   50.0   6.1   2   3    0.0001     0.018   12.5   4.6   258   351   257   350   246   400 0.58 -
3937_g               -            674 29462at5794          -            441   7.5e-14   50.0   6.1   3   3   4.1e-16   7.5e-14   50.0   6.1   177   334   436   590   415   596 0.87 -
3205_g               -            205 29462at5794          -            441   5.7e-13   47.1   6.9   1   2   3.8e-06   0.00069   17.2   0.1   234   285     2    51     1    54 0.88 -
3205_g               -            205 29462at5794          -            441   5.7e-13   47.1   6.9   2   2   9.8e-10   1.8e-07   29.0   3.6   188   304    44   165    44   187 0.82 -
6503_g               -            500 29462at5794          -            441   1.7e-12   45.6  19.0   1   4       3.6   6.5e+02   -2.5   0.2   161   173   158   170   105   196 0.57 -
6503_g               -            500 29462at5794          -            441   1.7e-12   45.6  19.0   2   4   2.2e-10     4e-08   31.1   3.8   199   340   237   378   223   383 0.79 -
6503_g               -            500 29462at5794          -            441   1.7e-12   45.6  19.0   3   4   7.8e-05     0.014   12.9   0.2   221   293   384   453   377   459 0.73 -
6503_g               -            500 29462at5794          -            441   1.7e-12   45.6  19.0   4   4   7.4e-05     0.013   12.9   0.5   247   293   450   498   441   499 0.78 -
1815_g               -            609 29462at5794          -            441   2.7e-12   44.9  19.9   1   4     0.012       2.2    5.6   0.1   221   254    11    44     3    63 0.71 -
1815_g               -            609 29462at5794          -            441   2.7e-12   44.9  19.9   2   4   9.9e-06    0.0018   15.8   2.0   261   334    76   154    69   176 0.61 -
1815_g               -            609 29462at5794          -            441   2.7e-12   44.9  19.9   3   4   5.1e-09   9.2e-07   26.7   2.3   217   293   252   328   206   340 0.90 -
1815_g               -            609 29462at5794          -            441   2.7e-12   44.9  19.9   4   4    0.0082       1.5    6.2   0.1   259   294   551   586   544   601 0.88 -
2336_g               -            341 29462at5794          -            441     5e-11   40.7  11.8   1   3   0.00044      0.08   10.4   1.2   157   255    43   142    36   161 0.76 -
2336_g               -            341 29462at5794          -            441     5e-11   40.7  11.8   2   3   3.7e-05    0.0067   13.9   2.8   309   391   175   256   163   277 0.81 -
2336_g               -            341 29462at5794          -            441     5e-11   40.7  11.8   3   3   5.1e-08   9.1e-06   23.4   0.1   197   283   253   340   240   341 0.84 -
970_g                -            486 29462at5794          -            441   3.8e-10   37.8   5.9   1   3         2   3.6e+02   -1.7   0.1   308   341   155   187   144   209 0.80 -
970_g                -            486 29462at5794          -            441   3.8e-10   37.8   5.9   2   3   2.1e-12   3.8e-10   37.8   5.9   207   297   251   341   198   346 0.85 -
970_g                -            486 29462at5794          -            441   3.8e-10   37.8   5.9   3   3     0.021       3.8    4.9   0.5   185   279   361   462   341   464 0.63 -
963_g                -            798 29462at5794          -            441   1.6e-09   35.7  41.0   1   5      0.89   1.6e+02   -0.5   0.2   384   417    26    58    21    76 0.72 -
963_g                -            798 29462at5794          -            441   1.6e-09   35.7  41.0   2   5   1.3e-05    0.0024   15.4   3.5   172   274   175   271   164   290 0.77 -
963_g                -            798 29462at5794          -            441   1.6e-09   35.7  41.0   3   5      0.72   1.3e+02   -0.2   0.1   326   345   487   506   451   532 0.77 -
963_g                -            798 29462at5794          -            441   1.6e-09   35.7  41.0   4   5   1.7e-06    0.0003   18.4   0.9   212   282   576   648   559   663 0.70 -
963_g                -            798 29462at5794          -            441   1.6e-09   35.7  41.0   5   5     2e-07   3.6e-05   21.4   7.9   248   350   677   782   670   796 0.79 -
4913_g               -            493 29462at5794          -            441   7.8e-09   33.5  12.8   1   3    0.0047      0.86    7.0   6.7   312   362    49    97    17   272 0.64 -
4913_g               -            493 29462at5794          -            441   7.8e-09   33.5  12.8   2   3   2.3e-09   4.1e-07   27.8   0.8   221   293   281   351   214   353 0.91 -
4913_g               -            493 29462at5794          -            441   7.8e-09   33.5  12.8   3   3    0.0032      0.57    7.6   0.0   229   253   330   354   327   361 0.85 -
2022_g               -            418 29462at5794          -            441   1.8e-08   32.3   5.2   1   3       2.2   4.1e+02   -1.8   0.3   359   406   102   144    79   159 0.67 -
2022_g               -            418 29462at5794          -            441   1.8e-08   32.3   5.2   2   3       1.2   2.2e+02   -0.9   0.2   284   332   244   252   183   280 0.49 -
2022_g               -            418 29462at5794          -            441   1.8e-08   32.3   5.2   3   3   9.8e-11   1.8e-08   32.3   5.2   235   295   299   360   239   389 0.83 -
2533_g               -            451 29462at5794          -            441   3.3e-08   31.4   8.1   1   3      0.11        20    2.5   0.1   224   255   148   179   112   202 0.59 -
2533_g               -            451 29462at5794          -            441   3.3e-08   31.4   8.1   2   3   2.6e-07   4.7e-05   21.0   5.3   181   347   202   381   174   389 0.73 -
2533_g               -            451 29462at5794          -            441   3.3e-08   31.4   8.1   3   3   0.00058       0.1   10.0   0.3   286   336   360   414   330   429 0.56 -
5089_g               -            505 29462at5794          -            441   6.2e-08   30.5  29.6   1   3       0.1        19    2.6   0.3   189   369    47    68    27   120 0.58 -
5089_g               -            505 29462at5794          -            441   6.2e-08   30.5  29.6   2   3   4.7e-05    0.0085   13.6   0.5   221   260   146   184   129   200 0.81 -
5089_g               -            505 29462at5794          -            441   6.2e-08   30.5  29.6   3   3   1.7e-07   3.1e-05   21.6  16.6   235   426   230   422   200   437 0.72 -
124_g                -            350 29462at5794          -            441   8.2e-08   30.1  14.3   1   3   9.4e-09   1.7e-06   25.8   6.5   242   339    41   146     7   158 0.75 -
124_g                -            350 29462at5794          -            441   8.2e-08   30.1  14.3   2   3     0.012       2.1    5.7   0.4   267   335   184   259   176   264 0.71 -
124_g                -            350 29462at5794          -            441   8.2e-08   30.1  14.3   3   3      0.15        26    2.1   0.0   261   293   309   341   300   346 0.86 -
4056_g               -            383 29462at5794          -            441   2.2e-07   28.7   1.0   1   2   1.2e-09   2.2e-07   28.7   1.0   171   295   136   274    85   279 0.77 -
4056_g               -            383 29462at5794          -            441   2.2e-07   28.7   1.0   2   2       8.7   1.6e+03   -3.8   0.1   312   330   342   360   334   369 0.54 -
3892_g               -            514 29462at5794          -            441   5.7e-07   27.3   2.8   1   2     0.045       8.1    3.8   0.0   234   257   254   277   226   287 0.76 -
3892_g               -            514 29462at5794          -            441   5.7e-07   27.3   2.8   2   2     8e-08   1.4e-05   22.7   0.9   190   316   334   460   296   466 0.77 -
2383_g               -            439 29462at5794          -            441     1e-06   26.5   3.3   1   1   9.7e-09   1.7e-06   25.7   3.3   196   345   112   269    68   281 0.69 -
6322_g               -            349 29462at5794          -            441   1.6e-06   25.8   1.6   1   3      0.53        96    0.2   0.0   189   217     9    37     2    74 0.67 -
6322_g               -            349 29462at5794          -            441   1.6e-06   25.8   1.6   2   3     9e-09   1.6e-06   25.8   1.6   220   332   117   229   106   248 0.83 -
6322_g               -            349 29462at5794          -            441   1.6e-06   25.8   1.6   3   3       1.1     2e+02   -0.8   0.0   181   203   310   332   282   342 0.74 -
4330_g               -            436 29462at5794          -            441     3e-06   25.0   7.9   1   3    0.0012      0.23    8.9   1.7   223   345    86   211    74   226 0.67 -
4330_g               -            436 29462at5794          -            441     3e-06   25.0   7.9   2   3      0.02       3.6    4.9   0.1   326   352   233   259   227   272 0.82 -
4330_g               -            436 29462at5794          -            441     3e-06   25.0   7.9   3   3   0.00011     0.019   12.4   0.0   235   266   284   315   281   347 0.85 -
2108_g               -            256 29462at5794          -            441   4.4e-06   24.4   5.5   1   2      0.23        41    1.4   0.3   388   420     4    36     1    60 0.67 -
2108_g               -            256 29462at5794          -            441   4.4e-06   24.4   5.5   2   2   2.5e-08   4.4e-06   24.4   5.5   224   344    76   210    57   243 0.72 -
4807_g               -            229 29462at5794          -            441   2.8e-05   21.7   3.3   1   1   3.6e-07   6.5e-05   20.6   3.3   261   338    55   135    30   217 0.86 -
2958_g               -            267 29462at5794          -            441   3.4e-05   21.5   0.4   1   1   5.6e-07    0.0001   19.9   0.2   169   256   174   257   164   265 0.79 -
2016_g               -            113 29462at5794          -            441   8.5e-05   20.2   1.1   1   1   5.1e-07   9.1e-05   20.1   1.1   264   345     1    82     1    99 0.80 -
58_g                 -            128 29462at5794          -            441     0.004   14.7   0.2   1   1   2.4e-05    0.0043   14.6   0.2   269   297     2    30     1    99 0.84 -
#
# Program:         hmmsearch
# Version:         3.1b2 (February 2015)
# Pipeline mode:   SEARCH
# Query file:      /mnt/e/Bioinformatics/Semester2/BINP29/Malaria Project/Genomes/Parsed/busco_downloads/lineages/apicomplexa_odb10/hmms/29462at5794.hmm
# Target file:     /mnt/e/Bioinformatics/Semester2/BINP29/Malaria Project/Genomes/Parsed/Pb_new.faa
# Option settings: hmmsearch --domtblout /mnt/e/Bioinformatics/Semester2/BINP29/Malaria Project/Genomes/Parsed/Pb/run_apicomplexa_odb10/hmmer_output/initial_run_results/29462at5794.out --cpu 1 /mnt/e/Bioinformatics/Semester2/BINP29/Malaria Project/Genomes/Parsed/busco_downloads/lineages/apicomplexa_odb10/hmms/29462at5794.hmm /mnt/e/Bioinformatics/Semester2/BINP29/Malaria Project/Genomes/Parsed/Pb_new.faa 
# Current dir:     /mnt/e/Bioinformatics/Semester2/BINP29/Malaria Project/Genomes/Parsed
# Date:            Wed Mar  1 19:22:23 2023
# [ok]
