#                                                                            --- full sequence --- -------------- this domain -------------   hmm coord   ali coord   env coord
# target name        accession   tlen query name           accession   qlen   E-value  score  bias   #  of  c-Evalue  i-Evalue  score  bias  from    to  from    to  from    to  acc description of target
#------------------- ---------- ----- -------------------- ---------- ----- --------- ------ ----- --- --- --------- --------- ------ ----- ----- ----- ----- ----- ----- ----- ---- ---------------------
633_g                -            341 3002at5794           -            678   5.1e-98  327.7  11.3   1   1  6.3e-101   6.5e-98  327.4  11.3     1   210     8   236     8   255 0.92 -
3801_g               -            310 3002at5794           -            678     1e-60  204.4  15.8   1   2   8.9e-48   9.2e-45  151.7  11.7   483   617    44   202    29   222 0.83 -
3801_g               -            310 3002at5794           -            678     1e-60  204.4  15.8   2   2   1.6e-18   1.7e-15   55.0   0.2   615   677   227   301   211   302 0.80 -
20_g                 -            833 3002at5794           -            678   5.1e-17   60.1   8.3   1   3   4.9e-20   5.1e-17   60.1   8.3    11   160    13   158     7   237 0.83 -
20_g                 -            833 3002at5794           -            678   5.1e-17   60.1   8.3   2   3       0.1   1.1e+02   -0.5   0.3   290   339   265   317   241   332 0.66 -
20_g                 -            833 3002at5794           -            678   5.1e-17   60.1   8.3   3   3     0.012        12    2.6   5.5   286   394   335   461   295   484 0.75 -
3033_g               -           1059 3002at5794           -            678   4.9e-12   43.6  20.8   1   2     2e-12   2.1e-09   34.9   5.7    85   173    96   189    71   231 0.79 -
3033_g               -           1059 3002at5794           -            678   4.9e-12   43.6  20.8   2   2   4.5e-06    0.0046   13.9   7.2   220   351   366   503   345   556 0.77 -
6076_g               -            222 3002at5794           -            678   9.2e-11   39.4   5.3   1   1   1.1e-13   1.1e-10   39.1   5.3    85   172    96   188    70   219 0.79 -
2122_g               -            315 3002at5794           -            678     4e-07   27.4  17.1   1   4   3.1e-07   0.00032   17.8   3.4   339   404    34   117    23   122 0.68 -
2122_g               -            315 3002at5794           -            678     4e-07   27.4  17.1   2   4     1e-07   0.00011   19.3   0.7   342   427   103   184   101   196 0.72 -
2122_g               -            315 3002at5794           -            678     4e-07   27.4  17.1   3   4     0.028        29    1.4   0.1   423   446   214   237   207   255 0.81 -
2122_g               -            315 3002at5794           -            678     4e-07   27.4  17.1   4   4      0.64   6.6e+02   -3.1   0.2   446   460   287   301   276   312 0.50 -
4218_g               -            434 3002at5794           -            678   0.00026   18.1   5.8   1   2   2.5e-07   0.00026   18.1   5.8    84   179   105   205    94   221 0.83 -
4218_g               -            434 3002at5794           -            678   0.00026   18.1   5.8   2   2    0.0041       4.2    4.1   5.0   220   341   290   421   212   430 0.72 -
#
# Program:         hmmsearch
# Version:         3.1b2 (February 2015)
# Pipeline mode:   SEARCH
# Query file:      /mnt/e/Bioinformatics/Semester2/BINP29/Malaria Project/Genomes/Parsed/busco_downloads/lineages/apicomplexa_odb10/hmms/3002at5794.hmm
# Target file:     /mnt/e/Bioinformatics/Semester2/BINP29/Malaria Project/Genomes/Parsed/Pb_new.faa
# Option settings: hmmsearch --domtblout /mnt/e/Bioinformatics/Semester2/BINP29/Malaria Project/Genomes/Parsed/Pb/run_apicomplexa_odb10/hmmer_output/initial_run_results/3002at5794.out --cpu 1 /mnt/e/Bioinformatics/Semester2/BINP29/Malaria Project/Genomes/Parsed/busco_downloads/lineages/apicomplexa_odb10/hmms/3002at5794.hmm /mnt/e/Bioinformatics/Semester2/BINP29/Malaria Project/Genomes/Parsed/Pb_new.faa 
# Current dir:     /mnt/e/Bioinformatics/Semester2/BINP29/Malaria Project/Genomes/Parsed
# Date:            Wed Mar  1 19:22:24 2023
# [ok]
