#                                                                            --- full sequence --- -------------- this domain -------------   hmm coord   ali coord   env coord
# target name        accession   tlen query name           accession   qlen   E-value  score  bias   #  of  c-Evalue  i-Evalue  score  bias  from    to  from    to  from    to  acc description of target
#------------------- ---------- ----- -------------------- ---------- ----- --------- ------ ----- --- --- --------- --------- ------ ----- ----- ----- ----- ----- ----- ----- ---- ---------------------
4053_g               -            452 3102at5794           -            734  5.4e-195  648.3   0.5   1   2   7.5e-66   3.9e-63  212.4   0.2   394   511     1   118     1   129 0.97 -
4053_g               -            452 3102at5794           -            734  5.4e-195  648.3   0.5   2   2  5.2e-133  2.7e-130  434.4   0.0   495   734   188   443   165   443 0.92 -
693_g                -            833 3102at5794           -            734  4.2e-142  473.4   0.5   1   1  3.2e-143  1.6e-140  468.2   0.5    43   688     7   802     1   805 0.82 -
1993_g               -            255 3102at5794           -            734   4.3e-45  152.7  19.9   1   1   2.6e-42   1.3e-39  134.5  19.9   155   322     1   255     1   255 0.80 -
993_g                -            774 3102at5794           -            734   3.6e-29  100.0  10.4   1   2   1.7e-13   8.7e-11   39.3   0.8    39   160    30   179    21   200 0.73 -
993_g                -            774 3102at5794           -            734   3.6e-29  100.0  10.4   2   2   3.5e-20   1.8e-17   61.4   3.0   318   687   408   769   371   773 0.78 -
1113_g               -            853 3102at5794           -            734   2.9e-26   90.4   1.6   1   3      0.05        26    1.4   0.2   307   373    24    86     9    98 0.80 -
1113_g               -            853 3102at5794           -            734   2.9e-26   90.4   1.6   2   3   9.7e-11     5e-08   30.2   0.5   383   498   219   336   205   360 0.79 -
1113_g               -            853 3102at5794           -            734   2.9e-26   90.4   1.6   3   3     2e-18     1e-15   55.6   0.0   575   683   688   796   682   843 0.90 -
5332_g               -            282 3102at5794           -            734   4.7e-24   83.2  12.9   1   3   2.1e-08   1.1e-05   22.4   0.2    63   113     1    62     1    79 0.80 -
5332_g               -            282 3102at5794           -            734   4.7e-24   83.2  12.9   2   3     1e-20   5.4e-18   63.1   4.5   104   186   121   214   117   224 0.83 -
5332_g               -            282 3102at5794           -            734   4.7e-24   83.2  12.9   3   3     0.026        14    2.3   0.1   176   218   229   272   215   275 0.81 -
3185_g               -            463 3102at5794           -            734   8.5e-21   72.4   9.9   1   2   1.2e-20   6.4e-18   62.9   1.3    50   159    93   218    64   233 0.77 -
3185_g               -            463 3102at5794           -            734   8.5e-21   72.4   9.9   2   2     8e-06    0.0041   13.9   1.8   291   385   314   409   271   431 0.69 -
2240_g               -            237 3102at5794           -            734     1e-19   68.8  14.9   1   3   1.6e-05    0.0085   12.9   2.7     1    19     6    24     6    39 0.88 -
2240_g               -            237 3102at5794           -            734     1e-19   68.8  14.9   2   3   3.3e-05     0.017   11.9   1.4    16    41    86   111    72   129 0.80 -
2240_g               -            237 3102at5794           -            734     1e-19   68.8  14.9   3   3   3.8e-17   1.9e-14   51.4   0.1    38    80   142   187   121   191 0.85 -
2589_g               -            847 3102at5794           -            734   4.8e-17   60.0   5.2   1   2   9.2e-20   4.8e-17   60.0   5.2    27   160   114   265    95   299 0.69 -
2589_g               -            847 3102at5794           -            734   4.8e-17   60.0   5.2   2   2      0.13        69   -0.1   0.4   257   335   280   357   271   366 0.78 -
2160_g               -            337 3102at5794           -            734   1.6e-09   35.1   0.5   1   1   4.6e-12   2.4e-09   34.5   0.5    55   159     2   126     1   149 0.67 -
2843_g               -            896 3102at5794           -            734   2.5e-08   31.1   0.5   1   1   1.1e-10   5.8e-08   29.9   0.5    55   163   352   479   345   501 0.69 -
5162_g               -            183 3102at5794           -            734   7.4e-07   26.3   2.9   1   1   1.6e-09   8.4e-07   26.1   2.9   106   244     5   154     2   180 0.61 -
3121_g               -            463 3102at5794           -            734   9.6e-07   25.9   0.3   1   1   2.7e-09   1.4e-06   25.4   0.3    53   159    94   221    69   231 0.74 -
5289_g               -            224 3102at5794           -            734   2.1e-05   21.5   2.6   1   1   4.9e-08   2.5e-05   21.2   2.6    38   160    44   170    14   197 0.71 -
#
# Program:         hmmsearch
# Version:         3.1b2 (February 2015)
# Pipeline mode:   SEARCH
# Query file:      /mnt/e/Bioinformatics/Semester2/BINP29/Malaria Project/Genomes/Parsed/busco_downloads/lineages/apicomplexa_odb10/hmms/3102at5794.hmm
# Target file:     /mnt/e/Bioinformatics/Semester2/BINP29/Malaria Project/Genomes/Parsed/Pb_new.faa
# Option settings: hmmsearch --domtblout /mnt/e/Bioinformatics/Semester2/BINP29/Malaria Project/Genomes/Parsed/Pb/run_apicomplexa_odb10/hmmer_output/initial_run_results/3102at5794.out --cpu 1 /mnt/e/Bioinformatics/Semester2/BINP29/Malaria Project/Genomes/Parsed/busco_downloads/lineages/apicomplexa_odb10/hmms/3102at5794.hmm /mnt/e/Bioinformatics/Semester2/BINP29/Malaria Project/Genomes/Parsed/Pb_new.faa 
# Current dir:     /mnt/e/Bioinformatics/Semester2/BINP29/Malaria Project/Genomes/Parsed
# Date:            Wed Mar  1 19:22:25 2023
# [ok]
