#                                                                            --- full sequence --- -------------- this domain -------------   hmm coord   ali coord   env coord
# target name        accession   tlen query name           accession   qlen   E-value  score  bias   #  of  c-Evalue  i-Evalue  score  bias  from    to  from    to  from    to  acc description of target
#------------------- ---------- ----- -------------------- ---------- ----- --------- ------ ----- --- --- --------- --------- ------ ----- ----- ----- ----- ----- ----- ----- ---- ---------------------
2285_g               -           1603 3187at5794           -            631  4.2e-185  615.1  53.2   1   7   3.2e-53   1.2e-49  167.7   4.2    64   194     1   144     1   174 0.90 -
2285_g               -           1603 3187at5794           -            631  4.2e-185  615.1  53.2   2   7   3.9e-33   1.4e-29  101.4   1.1   185   275   253   354   213   360 0.84 -
2285_g               -           1603 3187at5794           -            631  4.2e-185  615.1  53.2   3   7     1e-25   3.6e-22   76.9   0.6   259   335   374   454   352   465 0.77 -
2285_g               -           1603 3187at5794           -            631  4.2e-185  615.1  53.2   4   7   2.6e-47   9.4e-44  148.2   9.1   325   441   464   604   454   615 0.81 -
2285_g               -           1603 3187at5794           -            631  4.2e-185  615.1  53.2   5   7   1.2e-17   4.5e-14   50.2   0.1   438   490   654   712   649   716 0.88 -
2285_g               -           1603 3187at5794           -            631  4.2e-185  615.1  53.2   6   7   1.9e-21   6.9e-18   62.8   0.2   489   534   751   796   743   806 0.92 -
2285_g               -           1603 3187at5794           -            631  4.2e-185  615.1  53.2   7   7   1.1e-12     4e-09   33.8   1.3   560   631   875   964   854   964 0.79 -
5109_g               -            485 3187at5794           -            631  4.7e-107  357.3  29.4   1   4   3.1e-26   1.1e-22   78.6   0.4   274   335    24    89     6   100 0.78 -
5109_g               -            485 3187at5794           -            631  4.7e-107  357.3  29.4   2   4   1.1e-47   3.9e-44  149.5  10.5   325   441    99   239    89   250 0.81 -
5109_g               -            485 3187at5794           -            631  4.7e-107  357.3  29.4   3   4   2.8e-18     1e-14   52.3   0.1   438   490   289   347   284   351 0.88 -
5109_g               -            485 3187at5794           -            631  4.7e-107  357.3  29.4   4   4   1.2e-28   4.4e-25   86.5   1.9   489   564   386   476   378   481 0.84 -
#
# Program:         hmmsearch
# Version:         3.1b2 (February 2015)
# Pipeline mode:   SEARCH
# Query file:      /mnt/e/Bioinformatics/Semester2/BINP29/Malaria Project/Genomes/Parsed/busco_downloads/lineages/apicomplexa_odb10/hmms/3187at5794.hmm
# Target file:     /mnt/e/Bioinformatics/Semester2/BINP29/Malaria Project/Genomes/Parsed/Pb_new.faa
# Option settings: hmmsearch --domtblout /mnt/e/Bioinformatics/Semester2/BINP29/Malaria Project/Genomes/Parsed/Pb/run_apicomplexa_odb10/hmmer_output/initial_run_results/3187at5794.out --cpu 1 /mnt/e/Bioinformatics/Semester2/BINP29/Malaria Project/Genomes/Parsed/busco_downloads/lineages/apicomplexa_odb10/hmms/3187at5794.hmm /mnt/e/Bioinformatics/Semester2/BINP29/Malaria Project/Genomes/Parsed/Pb_new.faa 
# Current dir:     /mnt/e/Bioinformatics/Semester2/BINP29/Malaria Project/Genomes/Parsed
# Date:            Wed Mar  1 19:22:26 2023
# [ok]
