#                                                                            --- full sequence --- -------------- this domain -------------   hmm coord   ali coord   env coord
# target name        accession   tlen query name           accession   qlen   E-value  score  bias   #  of  c-Evalue  i-Evalue  score  bias  from    to  from    to  from    to  acc description of target
#------------------- ---------- ----- -------------------- ---------- ----- --------- ------ ----- --- --- --------- --------- ------ ----- ----- ----- ----- ----- ----- ----- ---- ---------------------
1670_g               -            103 31937at5794          -             70   1.7e-11   42.6   2.7   1   2   6.5e-13   5.9e-10   37.7   0.4     6    48    12    54     7    57 0.92 -
1670_g               -            103 31937at5794          -             70   1.7e-11   42.6   2.7   2   2    0.0083       7.5    5.3   0.1    49    62    69    82    62    85 0.87 -
4280_g               -            102 31937at5794          -             70   2.2e-06   26.2   0.4   1   1   4.6e-09   4.2e-06   25.3   0.2    10    51    17    58     9    67 0.86 -
2699_g               -            201 31937at5794          -             70     7e-06   24.6   1.6   1   1   3.3e-07    0.0003   19.4   1.6     9    49    13    53     5    84 0.68 -
48_g                 -           1296 31937at5794          -             70   0.00013   20.5   0.3   1   1   2.8e-06    0.0026   16.4   0.3     9    47     5    43     1    78 0.89 -
3438_g               -            588 31937at5794          -             70   0.00038   19.1   0.0   1   1   1.8e-06    0.0016   17.0   0.0    24    62    22    67     2    71 0.75 -
1379_g               -            124 31937at5794          -             70    0.0011   17.6   1.0   1   2   0.00038      0.35    9.6   0.8     9    47     7    45     2    53 0.85 -
1379_g               -            124 31937at5794          -             70    0.0011   17.6   1.0   2   2    0.0042       3.8    6.2   0.0    44    64    58    78    55    83 0.87 -
4132_g               -            105 31937at5794          -             70    0.0068   15.0   0.1   1   1   1.2e-05     0.011   14.4   0.1    12    45    10    45     4    72 0.80 -
1225_g               -            101 31937at5794          -             70     0.017   13.7   0.3   1   2   5.1e-05     0.046   12.4   0.1    16    56    31    68    17    75 0.77 -
1225_g               -            101 31937at5794          -             70     0.017   13.7   0.3   2   2       2.2     2e+03   -2.5   0.0    51    61    83    93    81    95 0.75 -
#
# Program:         hmmsearch
# Version:         3.1b2 (February 2015)
# Pipeline mode:   SEARCH
# Query file:      /mnt/e/Bioinformatics/Semester2/BINP29/Malaria Project/Genomes/Parsed/busco_downloads/lineages/apicomplexa_odb10/hmms/31937at5794.hmm
# Target file:     /mnt/e/Bioinformatics/Semester2/BINP29/Malaria Project/Genomes/Parsed/Pb_new.faa
# Option settings: hmmsearch --domtblout /mnt/e/Bioinformatics/Semester2/BINP29/Malaria Project/Genomes/Parsed/Pb/run_apicomplexa_odb10/hmmer_output/initial_run_results/31937at5794.out --cpu 1 /mnt/e/Bioinformatics/Semester2/BINP29/Malaria Project/Genomes/Parsed/busco_downloads/lineages/apicomplexa_odb10/hmms/31937at5794.hmm /mnt/e/Bioinformatics/Semester2/BINP29/Malaria Project/Genomes/Parsed/Pb_new.faa 
# Current dir:     /mnt/e/Bioinformatics/Semester2/BINP29/Malaria Project/Genomes/Parsed
# Date:            Wed Mar  1 19:22:26 2023
# [ok]
