#                                                                            --- full sequence --- -------------- this domain -------------   hmm coord   ali coord   env coord
# target name        accession   tlen query name           accession   qlen   E-value  score  bias   #  of  c-Evalue  i-Evalue  score  bias  from    to  from    to  from    to  acc description of target
#------------------- ---------- ----- -------------------- ---------- ----- --------- ------ ----- --- --- --------- --------- ------ ----- ----- ----- ----- ----- ----- ----- ---- ---------------------
693_g                -            833 3296at5794           -            728         0 1443.5   6.8   1   1         0         0 1439.7   6.8     1   728    17   832    17   832 0.94 -
4053_g               -            452 3296at5794           -            728   2.7e-63  212.7   0.0   1   2   2.9e-25   1.4e-22   78.1   0.2   432   525     2   100     1   125 0.88 -
4053_g               -            452 3296at5794           -            728   2.7e-63  212.7   0.0   2   2   1.2e-41   5.7e-39  132.3   0.0   542   707   205   390   188   403 0.85 -
5332_g               -            282 3296at5794           -            728   1.1e-40  137.9   3.2   1   2   8.8e-13   4.3e-10   36.9   0.1    14    61     1    48     1    64 0.92 -
5332_g               -            282 3296at5794           -            728   1.1e-40  137.9   3.2   2   2   2.9e-32   1.4e-29  101.3   0.7    68   205   119   274   113   281 0.80 -
993_g                -            774 3296at5794           -            728   3.8e-39  132.9   4.4   1   4   6.4e-25   3.1e-22   77.0   0.5     2   152    42   193    41   226 0.83 -
993_g                -            774 3296at5794           -            728   3.8e-39  132.9   4.4   2   4       1.5     7e+02   -3.5   0.0   276   308   319   349   315   362 0.75 -
993_g                -            774 3296at5794           -            728   3.8e-39  132.9   4.4   3   4   3.5e-15   1.7e-12   44.8   0.2   315   508   383   568   368   588 0.79 -
993_g                -            774 3296at5794           -            728   3.8e-39  132.9   4.4   4   4   6.6e-05     0.032   10.8   0.0   626   704   675   760   593   772 0.76 -
3106_g               -            823 3296at5794           -            728   3.5e-37  126.4   9.2   1   3   3.8e-30   1.8e-27   94.3   5.2     2   304    25   319    24   333 0.79 -
3106_g               -            823 3296at5794           -            728   3.5e-37  126.4   9.2   2   3   2.6e-11   1.3e-08   32.0   0.0   366   509   456   600   434   612 0.80 -
3106_g               -            823 3296at5794           -            728   3.5e-37  126.4   9.2   3   3      0.14        67   -0.2   0.0   653   693   763   806   726   813 0.76 -
3185_g               -            463 3296at5794           -            728   2.8e-23   80.5   1.7   1   2   4.4e-24   2.1e-21   74.2   0.2     2   148    94   231    93   242 0.86 -
3185_g               -            463 3296at5794           -            728   2.8e-23   80.5   1.7   2   2    0.0028       1.3    5.5   0.1   281   398   285   394   274   420 0.70 -
2589_g               -            847 3296at5794           -            728   3.2e-21   73.6   3.4   1   2   2.5e-23   1.2e-20   71.8   0.2     1   153   137   284   137   305 0.86 -
2589_g               -            847 3296at5794           -            728   3.2e-21   73.6   3.4   2   2     0.021        10    2.5   0.4   426   506   533   616   473   634 0.66 -
1113_g               -            853 3296at5794           -            728     3e-18   63.8   0.4   1   2   2.6e-13   1.3e-10   38.6   1.7   404   521   199   320   181   378 0.80 -
1113_g               -            853 3296at5794           -            728     3e-18   63.8   0.4   2   2   3.2e-08   1.6e-05   21.8   0.0   620   705   699   792   577   798 0.80 -
5162_g               -            183 3296at5794           -            728   6.2e-18   62.8   0.3   1   1   1.4e-20   6.7e-18   62.7   0.3    73   179     6   117     2   179 0.74 -
2160_g               -            337 3296at5794           -            728   7.3e-16   55.9   0.0   1   1     2e-18   9.7e-16   55.5   0.0     5   143     1   133     1   156 0.82 -
1993_g               -            255 3296at5794           -            728   1.3e-15   55.1   3.5   1   1   2.3e-17   1.1e-14   52.0   3.5   133   343     2   253     1   255 0.81 -
3121_g               -            463 3296at5794           -            728   5.4e-10   36.5   0.1   1   1   2.1e-12     1e-09   35.6   0.1     5   138    95   223    91   240 0.73 -
5289_g               -            224 3296at5794           -            728   1.9e-06   24.8   1.2   1   2    0.0041         2    4.9   0.0     6    23    60    77    54    94 0.79 -
5289_g               -            224 3296at5794           -            728   1.9e-06   24.8   1.2   2   2   2.2e-07    0.0001   19.0   0.2    68   161   101   195    86   212 0.85 -
3875_g               -            392 3296at5794           -            728   0.00019   18.2   0.0   1   1   6.2e-07    0.0003   17.5   0.0     5   106     9   118     5   131 0.72 -
2535_g               -            408 3296at5794           -            728    0.0023   14.6   0.1   1   1   9.7e-06    0.0047   13.6   0.1   433   489   295   354   287   362 0.83 -
#
# Program:         hmmsearch
# Version:         3.1b2 (February 2015)
# Pipeline mode:   SEARCH
# Query file:      /mnt/e/Bioinformatics/Semester2/BINP29/Malaria Project/Genomes/Parsed/busco_downloads/lineages/apicomplexa_odb10/hmms/3296at5794.hmm
# Target file:     /mnt/e/Bioinformatics/Semester2/BINP29/Malaria Project/Genomes/Parsed/Pb_new.faa
# Option settings: hmmsearch --domtblout /mnt/e/Bioinformatics/Semester2/BINP29/Malaria Project/Genomes/Parsed/Pb/run_apicomplexa_odb10/hmmer_output/initial_run_results/3296at5794.out --cpu 1 /mnt/e/Bioinformatics/Semester2/BINP29/Malaria Project/Genomes/Parsed/busco_downloads/lineages/apicomplexa_odb10/hmms/3296at5794.hmm /mnt/e/Bioinformatics/Semester2/BINP29/Malaria Project/Genomes/Parsed/Pb_new.faa 
# Current dir:     /mnt/e/Bioinformatics/Semester2/BINP29/Malaria Project/Genomes/Parsed
# Date:            Wed Mar  1 19:22:27 2023
# [ok]
