#                                                                            --- full sequence --- -------------- this domain -------------   hmm coord   ali coord   env coord
# target name        accession   tlen query name           accession   qlen   E-value  score  bias   #  of  c-Evalue  i-Evalue  score  bias  from    to  from    to  from    to  acc description of target
#------------------- ---------- ----- -------------------- ---------- ----- --------- ------ ----- --- --- --------- --------- ------ ----- ----- ----- ----- ----- ----- ----- ---- ---------------------
4364_g               -            607 3686at5794           -            802  1.5e-183  611.1  37.6   1   4     2e-99   3.8e-97  325.3   6.2    21   174     1   154     1   162 0.97 -
4364_g               -            607 3686at5794           -            802  1.5e-183  611.1  37.6   2   4   1.2e-82   2.3e-80  269.8   7.2   168   352   206   399   201   428 0.89 -
4364_g               -            607 3686at5794           -            802  1.5e-183  611.1  37.6   3   4   2.5e-07   4.8e-05   20.7   5.3   306   384   477   560   464   575 0.76 -
4364_g               -            607 3686at5794           -            802  1.5e-183  611.1  37.6   4   4    0.0008      0.15    9.1   0.1   365   394   574   602   563   604 0.77 -
5115_g               -            438 3686at5794           -            802   7.5e-70  235.0   9.2   1   1     5e-72   9.5e-70  234.7   9.2     4   317     4   313     1   340 0.91 -
774_g                -            269 3686at5794           -            802   3.9e-63  212.8  10.2   1   2       3.9   7.4e+02   -3.1   0.0   606   624     1    19     1    25 0.80 -
774_g                -            269 3686at5794           -            802   3.9e-63  212.8  10.2   2   2   2.1e-65     4e-63  212.7   7.7   614   802    48   267    36   267 0.86 -
3486_g               -            619 3686at5794           -            802   5.7e-37  126.2  12.6   1   2   5.4e-23     1e-20   72.5   1.0    47   165   300   418   289   419 0.96 -
3486_g               -            619 3686at5794           -            802   5.7e-37  126.2  12.6   2   2   2.3e-21   4.5e-19   67.1   4.8    33   265   370   599   369   609 0.85 -
1204_g               -            307 3686at5794           -            802   3.2e-31  107.2   2.4   1   1   2.6e-33   4.9e-31  106.6   2.4   456   572     1   138     1   152 0.89 -
4473_g               -            670 3686at5794           -            802   1.8e-30  104.8  14.7   1   4   6.3e-13   1.2e-10   39.2   0.0   181   268   117   201   105   219 0.73 -
4473_g               -            670 3686at5794           -            802   1.8e-30  104.8  14.7   2   4   2.5e-08   4.8e-06   24.0   2.9   204   289   333   418   326   423 0.81 -
4473_g               -            670 3686at5794           -            802   1.8e-30  104.8  14.7   3   4   6.1e-13   1.2e-10   39.2   0.1    65   168   457   562   424   576 0.88 -
4473_g               -            670 3686at5794           -            802   1.8e-30  104.8  14.7   4   4    0.0013      0.24    8.4   0.1   167   217   618   668   614   669 0.92 -
1892_g               -            465 3686at5794           -            802   4.8e-28   96.7   4.2   1   2       2.4   4.6e+02   -2.4   0.7   629   659    80   110    34   142 0.46 -
1892_g               -            465 3686at5794           -            802   4.8e-28   96.7   4.2   2   2   2.5e-30   4.8e-28   96.7   4.2     8   263   222   462   217   464 0.93 -
6503_g               -            500 3686at5794           -            802   9.7e-24   82.5   4.1   1   3   1.7e-14   3.1e-12   44.4   0.3   184   279   251   347   240   363 0.85 -
6503_g               -            500 3686at5794           -            802   9.7e-24   82.5   4.1   2   3   4.7e-07     9e-05   19.8   0.0   202   276   357   428   349   433 0.72 -
6503_g               -            500 3686at5794           -            802   9.7e-24   82.5   4.1   3   3   1.6e-06   0.00031   18.0   0.0    64   120   441   498   425   499 0.78 -
3714_g               -            323 3686at5794           -            802   8.9e-22   76.0   9.2   1   3   4.4e-09   8.3e-07   26.5   2.3   184   275    30   119    24   123 0.88 -
3714_g               -            323 3686at5794           -            802   8.9e-22   76.0   9.2   2   3   3.5e-07   6.7e-05   20.2   0.1   202   266   173   234   165   241 0.85 -
3714_g               -            323 3686at5794           -            802   8.9e-22   76.0   9.2   3   3   7.6e-07   0.00015   19.1   0.0    62   117   262   317   256   319 0.85 -
6392_g               -            623 3686at5794           -            802   2.1e-18   64.8   2.2   1   2   1.2e-11   2.3e-09   34.9   0.0    79   166   323   412   316   428 0.90 -
6392_g               -            623 3686at5794           -            802   2.1e-18   64.8   2.2   2   2   8.5e-06    0.0016   15.6   0.9    56   160   513   623   510   623 0.91 -
2323_g               -            422 3686at5794           -            802     8e-18   62.9  13.8   1   2   8.9e-10   1.7e-07   28.8   2.2   179   266    59   144    42   186 0.75 -
2323_g               -            422 3686at5794           -            802     8e-18   62.9  13.8   2   2   5.6e-11   1.1e-08   32.7   6.3    49   265   152   363   149   380 0.75 -
6629_g               -            542 3686at5794           -            802   1.4e-16   58.8   1.3   1   2   0.00016      0.03   11.4   0.0    22    83   289   348   271   353 0.84 -
6629_g               -            542 3686at5794           -            802   1.4e-16   58.8   1.3   2   2   2.2e-14   4.1e-12   44.0   0.8     3   166   353   520   351   529 0.82 -
963_g                -            798 3686at5794           -            802   1.2e-15   55.8   8.0   1   5       9.4   1.8e+03   -4.4   0.1   342   380    18    58     8    64 0.70 -
963_g                -            798 3686at5794           -            802   1.2e-15   55.8   8.0   2   5     0.082        16    2.4   1.6   218   292   165   239   153   280 0.74 -
963_g                -            798 3686at5794           -            802   1.2e-15   55.8   8.0   3   5       3.1   5.8e+02   -2.8   0.0    66   220   342   358   339   398 0.61 -
963_g                -            798 3686at5794           -            802   1.2e-15   55.8   8.0   4   5       1.4   2.7e+02   -1.6   0.0   251   275   484   508   456   531 0.63 -
963_g                -            798 3686at5794           -            802   1.2e-15   55.8   8.0   5   5   6.1e-18   1.2e-15   55.8   8.0    88   271   583   775   564   781 0.77 -
1638_g               -            643 3686at5794           -            802   8.5e-15   52.9   6.6   1   4   4.9e-05    0.0094   13.1   0.4   192   298   119   231    88   252 0.76 -
1638_g               -            643 3686at5794           -            802   8.5e-15   52.9   6.6   2   4   7.8e-05     0.015   12.4   0.0    57   146   356   446   337   456 0.89 -
1638_g               -            643 3686at5794           -            802   8.5e-15   52.9   6.6   3   4   2.4e-07   4.6e-05   20.7   0.1   199   301   470   569   457   594 0.73 -
1638_g               -            643 3686at5794           -            802   8.5e-15   52.9   6.6   4   4    0.0025      0.47    7.5   0.0    70   103   597   630   585   633 0.85 -
3205_g               -            205 3686at5794           -            802   1.9e-14   51.8   1.8   1   1   3.3e-15   6.4e-13   46.7   1.8    24   180     6   170     2   173 0.85 -
2477_g               -            603 3686at5794           -            802     2e-13   48.4   3.9   1   3      0.16        30    1.5   0.9   188   243   230   286   224   321 0.77 -
2477_g               -            603 3686at5794           -            802     2e-13   48.4   3.9   2   3      0.99   1.9e+02   -1.2   0.0   197   217   301   321   292   334 0.63 -
2477_g               -            603 3686at5794           -            802     2e-13   48.4   3.9   3   3   5.7e-15   1.1e-12   45.9   0.1     8   167   436   598   429   603 0.93 -
984_g                -            527 3686at5794           -            802   4.9e-13   47.1  16.5   1   4       3.8   7.2e+02   -3.1   0.4   515   562    24    71     3   143 0.43 -
984_g                -            527 3686at5794           -            802   4.9e-13   47.1  16.5   2   4     7e-08   1.3e-05   22.5   0.7   168   269   196   305   190   308 0.77 -
984_g                -            527 3686at5794           -            802   4.9e-13   47.1  16.5   3   4   1.1e-11   2.1e-09   35.1   3.1    21   151   232   370   220   385 0.87 -
984_g                -            527 3686at5794           -            802   4.9e-13   47.1  16.5   4   4   2.3e-05    0.0044   14.2   0.4   230   300   309   380   306   481 0.62 -
2357_g               -            146 3686at5794           -            802   1.6e-12   45.4   1.3   1   1   2.5e-14   4.7e-12   43.8   1.3   133   263    19   143    12   146 0.69 -
6708_g               -            445 3686at5794           -            802   3.4e-12   44.3   2.3   1   3     6e-10   1.1e-07   29.3   0.0    21    89    86   154    65   159 0.85 -
6708_g               -            445 3686at5794           -            802   3.4e-12   44.3   2.3   2   3    0.0021       0.4    7.7   0.0    56   103   188   233   167   260 0.86 -
6708_g               -            445 3686at5794           -            802   3.4e-12   44.3   2.3   3   3    0.0087       1.7    5.7   0.3    66   156   281   373   271   396 0.78 -
970_g                -            486 3686at5794           -            802   3.8e-12   44.1   8.9   1   3      0.51        98   -0.2   0.0   140   167   157   184    61   209 0.81 -
970_g                -            486 3686at5794           -            802   3.8e-12   44.1   8.9   2   3   8.1e-14   1.5e-11   42.1   2.7   181   267   258   343   248   352 0.87 -
970_g                -            486 3686at5794           -            802   3.8e-12   44.1   8.9   3   3     0.095        18    2.2   0.1   229   267   398   438   389   461 0.73 -
2383_g               -            439 3686at5794           -            802   5.6e-11   40.3   0.0   1   1   4.7e-13   8.9e-11   39.6   0.0    75   168   119   222   110   236 0.78 -
2022_g               -            418 3686at5794           -            802   3.5e-10   37.7   7.0   1   1   3.8e-12   7.3e-10   36.6   7.0   153   289   244   388   238   402 0.79 -
1815_g               -            609 3686at5794           -            802     1e-09   36.1  23.5   1   3   1.7e-06   0.00032   17.9   3.3   129   262     7   154     3   169 0.71 -
1815_g               -            609 3686at5794           -            802     1e-09   36.1  23.5   2   3   9.8e-08   1.9e-05   22.0   3.2   181   268   248   335   230   342 0.79 -
1815_g               -            609 3686at5794           -            802     1e-09   36.1  23.5   3   3    0.0034      0.64    7.0   1.8   173   238   541   608   525   609 0.79 -
4437_g               -            918 3686at5794           -            802   1.2e-08   32.5   1.3   1   2   4.3e-06   0.00082   16.6   0.0   204   266   167   231   160   235 0.81 -
4437_g               -            918 3686at5794           -            802   1.2e-08   32.5   1.3   2   2   2.6e-05     0.005   14.0   0.8   193   263   263   331   252   343 0.84 -
2336_g               -            341 3686at5794           -            802     3e-08   31.2   1.0   1   2   2.2e-07   4.3e-05   20.8   1.3   195   276   116   214    97   218 0.63 -
2336_g               -            341 3686at5794           -            802     3e-08   31.2   1.0   2   2    0.0081       1.6    5.7   0.0    22    66   295   338   284   341 0.81 -
2932_g               -            447 3686at5794           -            802   4.7e-08   30.6   0.0   1   1   9.2e-10   1.8e-07   28.7   0.0    17   228   213   437   209   445 0.82 -
3342_g               -            642 3686at5794           -            802     5e-08   30.5   3.0   1   1   2.6e-10     5e-08   30.5   3.0   132   267   121   272   115   296 0.70 -
6322_g               -            349 3686at5794           -            802   7.8e-07   26.6   0.1   1   1   6.3e-09   1.2e-06   26.0   0.1   226   276   113   162    92   230 0.80 -
6883_g               -            384 3686at5794           -            802   2.1e-06   25.1   1.9   1   2   2.2e-05    0.0042   14.2   0.0   198   266    33   102    23   112 0.77 -
6883_g               -            384 3686at5794           -            802   2.1e-06   25.1   1.9   2   2   0.00035     0.066   10.3   0.4   231   267   347   380   275   383 0.90 -
2100_g               -            328 3686at5794           -            802   2.8e-06   24.7   3.0   1   2   3.4e-06   0.00064   16.9   0.4    28   116   120   207   113   212 0.85 -
2100_g               -            328 3686at5794           -            802   2.8e-06   24.7   3.0   2   2    0.0049      0.94    6.5   0.0    36    82   273   319   254   326 0.72 -
2533_g               -            451 3686at5794           -            802     3e-06   24.7   0.3   1   2      0.48        92   -0.1   0.0    53    87   148   185   125   241 0.51 -
2533_g               -            451 3686at5794           -            802     3e-06   24.7   0.3   2   2   7.5e-08   1.4e-05   22.4   0.0    43   121   281   368   256   372 0.85 -
5968_g               -            161 3686at5794           -            802   5.9e-06   23.7   0.1   1   1   3.2e-08     6e-06   23.6   0.1    30    91    24    87    16   141 0.91 -
3937_g               -            674 3686at5794           -            802   1.7e-05   22.2   0.9   1   4       1.5   2.9e+02   -1.8   0.0   752   772    10    30     5    36 0.89 -
3937_g               -            674 3686at5794           -            802   1.7e-05   22.2   0.9   2   4       4.5   8.5e+02   -3.3   2.3   306   364    47   105    39   154 0.63 -
3937_g               -            674 3686at5794           -            802   1.7e-05   22.2   0.9   3   4   5.6e-05     0.011   12.9   0.7   227   314   259   343   240   406 0.69 -
3937_g               -            674 3686at5794           -            802   1.7e-05   22.2   0.9   4   4   8.7e-08   1.7e-05   22.2   0.9   181   272   470   558   452   562 0.83 -
7093_g               -            323 3686at5794           -            802    0.0002   18.6   1.2   1   2   1.1e-06    0.0002   18.6   1.2   138   339    14   200    10   215 0.75 -
7093_g               -            323 3686at5794           -            802    0.0002   18.6   1.2   2   2      0.29        55    0.6   0.2   201   265   239   302   224   318 0.80 -
4025_g               -            134 3686at5794           -            802     0.004   14.3   0.2   1   1   2.8e-05    0.0053   13.9   0.2   228   269    37    76    24    84 0.65 -
4913_g               -            493 3686at5794           -            802     0.005   14.0   0.2   1   3     0.075        14    2.6   1.5   195   348    49   208     8   225 0.64 -
4913_g               -            493 3686at5794           -            802     0.005   14.0   0.2   2   3   2.6e-05     0.005   14.0   0.2    26    79   299   352   283   361 0.86 -
4913_g               -            493 3686at5794           -            802     0.005   14.0   0.2   3   3       4.7     9e+02   -3.4   0.3   731   768   447   484   427   487 0.59 -
2016_g               -            113 3686at5794           -            802    0.0094   13.1   1.2   1   1   5.3e-05      0.01   13.0   1.2   188   267     2    76     1    94 0.80 -
4330_g               -            436 3686at5794           -            802     0.014   12.5   5.7   1   2   0.00013     0.025   11.7   1.4   202   276   185   255   157   267 0.80 -
4330_g               -            436 3686at5794           -            802     0.014   12.5   5.7   2   2     0.066        13    2.7   0.2   195   268   277   353   274   364 0.80 -
#
# Program:         hmmsearch
# Version:         3.1b2 (February 2015)
# Pipeline mode:   SEARCH
# Query file:      /mnt/e/Bioinformatics/Semester2/BINP29/Malaria Project/Genomes/Parsed/busco_downloads/lineages/apicomplexa_odb10/hmms/3686at5794.hmm
# Target file:     /mnt/e/Bioinformatics/Semester2/BINP29/Malaria Project/Genomes/Parsed/Pb_new.faa
# Option settings: hmmsearch --domtblout /mnt/e/Bioinformatics/Semester2/BINP29/Malaria Project/Genomes/Parsed/Pb/run_apicomplexa_odb10/hmmer_output/initial_run_results/3686at5794.out --cpu 1 /mnt/e/Bioinformatics/Semester2/BINP29/Malaria Project/Genomes/Parsed/busco_downloads/lineages/apicomplexa_odb10/hmms/3686at5794.hmm /mnt/e/Bioinformatics/Semester2/BINP29/Malaria Project/Genomes/Parsed/Pb_new.faa 
# Current dir:     /mnt/e/Bioinformatics/Semester2/BINP29/Malaria Project/Genomes/Parsed
# Date:            Wed Mar  1 19:22:29 2023
# [ok]
