#                                                                            --- full sequence --- -------------- this domain -------------   hmm coord   ali coord   env coord
# target name        accession   tlen query name           accession   qlen   E-value  score  bias   #  of  c-Evalue  i-Evalue  score  bias  from    to  from    to  from    to  acc description of target
#------------------- ---------- ----- -------------------- ---------- ----- --------- ------ ----- --- --- --------- --------- ------ ----- ----- ----- ----- ----- ----- ----- ---- ---------------------
931_g                -           1250 3933at5794           -            723  2.6e-204  679.2  82.8   1   5     3e-31   7.3e-28   95.9   2.3     1   108   114   237   114   249 0.90 -
931_g                -           1250 3933at5794           -            723  2.6e-204  679.2  82.8   2   5   2.7e-51   6.5e-48  162.2  13.4   106   327   320   608   306   611 0.79 -
931_g                -           1250 3933at5794           -            723  2.6e-204  679.2  82.8   3   5   7.7e-63   1.8e-59  200.4  23.3   326   532   681   929   668   948 0.85 -
931_g                -           1250 3933at5794           -            723  2.6e-204  679.2  82.8   4   5   1.4e-24   3.3e-21   73.9   3.0   525   606   985  1066   952  1079 0.80 -
931_g                -           1250 3933at5794           -            723  2.6e-204  679.2  82.8   5   5   1.9e-49   4.5e-46  156.1   9.4   594   723  1117  1249  1087  1249 0.91 -
4648_g               -            153 3933at5794           -            723   9.4e-23   79.0   1.1   1   2   3.9e-26   9.4e-23   79.0   1.1   531   608     3    80     1    92 0.86 -
4648_g               -            153 3933at5794           -            723   9.4e-23   79.0   1.1   2   2      0.03        73    0.1   0.1   591   617   126   152    96   153 0.73 -
2016_g               -            113 3933at5794           -            723   7.6e-05   19.8   0.6   1   1   3.3e-08     8e-05   19.7   0.6   441   507    10    76     2   107 0.89 -
#
# Program:         hmmsearch
# Version:         3.1b2 (February 2015)
# Pipeline mode:   SEARCH
# Query file:      /mnt/e/Bioinformatics/Semester2/BINP29/Malaria Project/Genomes/Parsed/busco_downloads/lineages/apicomplexa_odb10/hmms/3933at5794.hmm
# Target file:     /mnt/e/Bioinformatics/Semester2/BINP29/Malaria Project/Genomes/Parsed/Pb_new.faa
# Option settings: hmmsearch --domtblout /mnt/e/Bioinformatics/Semester2/BINP29/Malaria Project/Genomes/Parsed/Pb/run_apicomplexa_odb10/hmmer_output/initial_run_results/3933at5794.out --cpu 1 /mnt/e/Bioinformatics/Semester2/BINP29/Malaria Project/Genomes/Parsed/busco_downloads/lineages/apicomplexa_odb10/hmms/3933at5794.hmm /mnt/e/Bioinformatics/Semester2/BINP29/Malaria Project/Genomes/Parsed/Pb_new.faa 
# Current dir:     /mnt/e/Bioinformatics/Semester2/BINP29/Malaria Project/Genomes/Parsed
# Date:            Wed Mar  1 19:22:29 2023
# [ok]
