#                                                                            --- full sequence --- -------------- this domain -------------   hmm coord   ali coord   env coord
# target name        accession   tlen query name           accession   qlen   E-value  score  bias   #  of  c-Evalue  i-Evalue  score  bias  from    to  from    to  from    to  acc description of target
#------------------- ---------- ----- -------------------- ---------- ----- --------- ------ ----- --- --- --------- --------- ------ ----- ----- ----- ----- ----- ----- ----- ---- ---------------------
592_g                -            600 4086at5794           -            801  3.7e-233  774.9   5.6   1   1    1e-235  7.5e-233  773.9   5.6   345   794    59   566    40   571 0.92 -
591_g                -            494 4086at5794           -            801  1.2e-167  558.2  11.2   1   1  2.2e-170  1.6e-167  557.8  11.2     9   325    21   358    16   375 0.94 -
2499_g               -           1417 4086at5794           -            801  1.7e-132  442.0  18.2   1   3     3e-67   2.1e-64  216.7  10.0    13   336   379   709   371   714 0.89 -
2499_g               -           1417 4086at5794           -            801  1.7e-132  442.0  18.2   2   3   2.1e-12   1.5e-09   35.3   0.1   414   476   962  1028   939  1041 0.79 -
2499_g               -           1417 4086at5794           -            801  1.7e-132  442.0  18.2   3   3   3.2e-60   2.3e-57  193.5   0.1   472   645  1058  1233  1032  1289 0.86 -
722_g                -            584 4086at5794           -            801   6.7e-20   69.6   5.8   1   3   1.2e-10   8.4e-08   29.6   0.1   402   472    69   142    12   152 0.81 -
722_g                -            584 4086at5794           -            801   6.7e-20   69.6   5.8   2   3   9.2e-15   6.7e-12   43.1   0.0   483   529   290   336   247   379 0.85 -
722_g                -            584 4086at5794           -            801   6.7e-20   69.6   5.8   3   3       1.9   1.4e+03   -4.2   0.9   725   761   525   558   497   566 0.59 -
974_g                -           1452 4086at5794           -            801   6.1e-19   66.4   2.7   1   5     2e-05     0.015   12.2   0.0   290   323   540   573   532   598 0.83 -
974_g                -           1452 4086at5794           -            801   6.1e-19   66.4   2.7   2   5      0.38   2.7e+02   -1.9   0.0   343   363   705   725   701   754 0.77 -
974_g                -           1452 4086at5794           -            801   6.1e-19   66.4   2.7   3   5   0.00014       0.1    9.4   0.0   364   412   856   904   832   912 0.89 -
974_g                -           1452 4086at5794           -            801   6.1e-19   66.4   2.7   4   5   1.5e-08   1.1e-05   22.6   0.0   409   468   932   994   917  1011 0.87 -
974_g                -           1452 4086at5794           -            801   6.1e-19   66.4   2.7   5   5   4.7e-07   0.00034   17.6   0.0   478   591  1097  1210  1075  1240 0.79 -
1902_g               -           1735 4086at5794           -            801   3.3e-15   54.1   4.4   1   5   0.00093      0.68    6.7   0.0    58   153   119   214   105   228 0.75 -
1902_g               -           1735 4086at5794           -            801   3.3e-15   54.1   4.4   2   5   0.00012     0.083    9.7   0.0   289   323   502   536   494   560 0.86 -
1902_g               -           1735 4086at5794           -            801   3.3e-15   54.1   4.4   3   5    0.0034       2.5    4.9   0.1   345   413   960  1035   952  1045 0.74 -
1902_g               -           1735 4086at5794           -            801   3.3e-15   54.1   4.4   4   5   3.9e-08   2.8e-05   21.2   0.0   408   480  1063  1137  1040  1151 0.77 -
1902_g               -           1735 4086at5794           -            801   3.3e-15   54.1   4.4   5   5   0.00051      0.37    7.6   0.0   482   536  1311  1365  1279  1384 0.76 -
2017_g               -            892 4086at5794           -            801   9.4e-13   45.9   7.1   1   3   0.00049      0.36    7.6   0.1   289   323    43    77    17    91 0.87 -
2017_g               -            892 4086at5794           -            801   9.4e-13   45.9   7.1   2   3     2e-06    0.0015   15.5   1.2   411   467   553   612   441   630 0.78 -
2017_g               -            892 4086at5794           -            801   9.4e-13   45.9   7.1   3   3     1e-07   7.5e-05   19.8   0.1   482   546   671   736   650   763 0.84 -
218_g                -           1584 4086at5794           -            801   6.8e-11   39.8   0.1   1   3    0.0063       4.5    4.0   0.0   302   326   449   474   440   494 0.84 -
218_g                -           1584 4086at5794           -            801   6.8e-11   39.8   0.1   2   3   5.3e-08   3.9e-05   20.8   0.0   409   462  1366  1422  1286  1444 0.82 -
218_g                -           1584 4086at5794           -            801   6.8e-11   39.8   0.1   3   3   7.4e-05     0.054   10.4   0.0   482   529  1497  1547  1464  1561 0.79 -
2539_g               -            622 4086at5794           -            801   4.9e-09   33.6   0.0   1   2    0.0011      0.77    6.5   0.0   409   472    31    97    16   109 0.81 -
2539_g               -            622 4086at5794           -            801   4.9e-09   33.6   0.0   2   2   2.9e-09   2.1e-06   24.9   0.0   475   538   343   407   309   434 0.81 -
2833_g               -           1778 4086at5794           -            801   1.1e-06   25.8   1.1   1   2      0.28     2e+02   -1.5   0.1   134   198  1093  1160  1073  1206 0.68 -
2833_g               -           1778 4086at5794           -            801   1.1e-06   25.8   1.1   2   2   3.1e-09   2.2e-06   24.8   0.1   483   570  1662  1750  1622  1759 0.84 -
#
# Program:         hmmsearch
# Version:         3.1b2 (February 2015)
# Pipeline mode:   SEARCH
# Query file:      /mnt/e/Bioinformatics/Semester2/BINP29/Malaria Project/Genomes/Parsed/busco_downloads/lineages/apicomplexa_odb10/hmms/4086at5794.hmm
# Target file:     /mnt/e/Bioinformatics/Semester2/BINP29/Malaria Project/Genomes/Parsed/Pb_new.faa
# Option settings: hmmsearch --domtblout /mnt/e/Bioinformatics/Semester2/BINP29/Malaria Project/Genomes/Parsed/Pb/run_apicomplexa_odb10/hmmer_output/initial_run_results/4086at5794.out --cpu 1 /mnt/e/Bioinformatics/Semester2/BINP29/Malaria Project/Genomes/Parsed/busco_downloads/lineages/apicomplexa_odb10/hmms/4086at5794.hmm /mnt/e/Bioinformatics/Semester2/BINP29/Malaria Project/Genomes/Parsed/Pb_new.faa 
# Current dir:     /mnt/e/Bioinformatics/Semester2/BINP29/Malaria Project/Genomes/Parsed
# Date:            Wed Mar  1 19:22:29 2023
# [ok]
