#                                                                            --- full sequence --- -------------- this domain -------------   hmm coord   ali coord   env coord
# target name        accession   tlen query name           accession   qlen   E-value  score  bias   #  of  c-Evalue  i-Evalue  score  bias  from    to  from    to  from    to  acc description of target
#------------------- ---------- ----- -------------------- ---------- ----- --------- ------ ----- --- --- --------- --------- ------ ----- ----- ----- ----- ----- ----- ----- ---- ---------------------
3295_g               -            410 4291at5794           -            491  5.1e-105  350.7   0.1   1   1  5.4e-107  2.8e-104  348.3   0.1     5   240   126   410   124   410 0.86 -
213_g                -            771 4291at5794           -            491     2e-89  299.3   0.1   1   2   3.2e-23   1.7e-20   72.0   0.0    57   255   105   317    65   320 0.72 -
213_g                -            771 4291at5794           -            491     2e-89  299.3   0.1   2   2   1.3e-69   6.8e-67  225.0   0.0   243   460   337   565   326   571 0.86 -
4136_g               -            654 4291at5794           -            491   2.9e-87  292.2   0.6   1   1   1.8e-89   9.4e-87  290.5   0.7   132   434   251   577   107   593 0.80 -
132_g                -            941 4291at5794           -            491   2.4e-82  275.9   0.9   1   2   3.4e-13   1.8e-10   38.9   0.1    57   182   216   340   172   368 0.80 -
132_g                -            941 4291at5794           -            491   2.4e-82  275.9   0.9   2   2   9.4e-73   4.9e-70  235.3   0.1   209   467   428   706   395   730 0.79 -
6130_g               -            260 4291at5794           -            491   3.1e-65  219.5   0.1   1   1   1.3e-67   6.5e-65  218.5   0.1   203   439    16   249    11   257 0.91 -
1022_g               -            904 4291at5794           -            491   3.7e-58  196.2  10.5   1   3     1e-16   5.4e-14   50.5   1.6    51   226   287   473   265   483 0.71 -
1022_g               -            904 4291at5794           -            491   3.7e-58  196.2  10.5   2   3   1.4e-10   7.1e-08   30.3   0.0   203   266   495   564   476   566 0.87 -
1022_g               -            904 4291at5794           -            491   3.7e-58  196.2  10.5   3   3   1.2e-37   6.4e-35  119.5   1.6   295   459   565   720   563   745 0.82 -
3170_g               -           1181 4291at5794           -            491   1.1e-39  135.2   7.8   1   4      0.77     4e+02   -1.8   0.1    41    84   293   338   282   343 0.71 -
3170_g               -           1181 4291at5794           -            491   1.1e-39  135.2   7.8   2   4    0.0039         2    5.7   0.2   137   209   461   537   412   557 0.77 -
3170_g               -           1181 4291at5794           -            491   1.1e-39  135.2   7.8   3   4       1.8   9.2e+02   -3.0   0.0   218   254   638   677   584   679 0.75 -
3170_g               -           1181 4291at5794           -            491   1.1e-39  135.2   7.8   4   4   1.3e-41   6.8e-39  132.6   0.3   254   450   776   977   763  1013 0.81 -
3706_g               -            458 4291at5794           -            491   1.4e-24   85.4   0.2   1   1   5.7e-27   2.9e-24   84.4   0.2   126   280   279   455   210   458 0.78 -
2180_g               -            312 4291at5794           -            491   2.2e-17   61.7   0.1   1   1   6.8e-20   3.5e-17   61.0   0.1   342   430     6    94     2   148 0.86 -
2633_g               -            347 4291at5794           -            491   3.4e-17   61.1   6.2   1   3   5.1e-10   2.6e-07   28.4   0.7   404   440     1    37     1    57 0.90 -
2633_g               -            347 4291at5794           -            491   3.4e-17   61.1   6.2   2   3   1.1e-09   5.5e-07   27.4   0.1   429   461    84   116    52   121 0.85 -
2633_g               -            347 4291at5794           -            491   3.4e-17   61.1   6.2   3   3    0.0016      0.85    7.0   0.0   446   482   182   218   141   224 0.75 -
5038_g               -            261 4291at5794           -            491   5.9e-15   53.7   0.0   1   2     2e-12     1e-09   36.4   0.0   206   277   137   216   112   217 0.80 -
5038_g               -            261 4291at5794           -            491   5.9e-15   53.7   0.0   2   2   9.1e-07   0.00047   17.7   0.0   318   360   213   258   211   260 0.85 -
6059_g               -            321 4291at5794           -            491   1.2e-11   42.8   0.1   1   1   5.7e-14   2.9e-11   41.5   0.1    58   185   166   312   112   319 0.68 -
1783_g               -            280 4291at5794           -            491   2.1e-09   35.3   0.2   1   1   7.8e-12     4e-09   34.4   0.2   370   463     1   104     1   109 0.74 -
5375_g               -            389 4291at5794           -            491    0.0034   14.9   0.1   1   1   1.1e-05    0.0056   14.2   0.1    51    86   287   324   265   358 0.75 -
#
# Program:         hmmsearch
# Version:         3.1b2 (February 2015)
# Pipeline mode:   SEARCH
# Query file:      /mnt/e/Bioinformatics/Semester2/BINP29/Malaria Project/Genomes/Parsed/busco_downloads/lineages/apicomplexa_odb10/hmms/4291at5794.hmm
# Target file:     /mnt/e/Bioinformatics/Semester2/BINP29/Malaria Project/Genomes/Parsed/Pb_new.faa
# Option settings: hmmsearch --domtblout /mnt/e/Bioinformatics/Semester2/BINP29/Malaria Project/Genomes/Parsed/Pb/run_apicomplexa_odb10/hmmer_output/initial_run_results/4291at5794.out --cpu 1 /mnt/e/Bioinformatics/Semester2/BINP29/Malaria Project/Genomes/Parsed/busco_downloads/lineages/apicomplexa_odb10/hmms/4291at5794.hmm /mnt/e/Bioinformatics/Semester2/BINP29/Malaria Project/Genomes/Parsed/Pb_new.faa 
# Current dir:     /mnt/e/Bioinformatics/Semester2/BINP29/Malaria Project/Genomes/Parsed
# Date:            Wed Mar  1 19:22:30 2023
# [ok]
