#                                                                            --- full sequence --- -------------- this domain -------------   hmm coord   ali coord   env coord
# target name        accession   tlen query name           accession   qlen   E-value  score  bias   #  of  c-Evalue  i-Evalue  score  bias  from    to  from    to  from    to  acc description of target
#------------------- ---------- ----- -------------------- ---------- ----- --------- ------ ----- --- --- --------- --------- ------ ----- ----- ----- ----- ----- ----- ----- ---- ---------------------
4136_g               -            654 4404at5794           -            503  2.8e-213  707.9   9.8   1   3   1.4e-22   7.8e-20   69.7   0.6    15    93   101   202    88   209 0.81 -
4136_g               -            654 4404at5794           -            503  2.8e-213  707.9   9.8   2   3     2e-34   1.1e-31  108.8   0.0    89   164   239   329   219   334 0.83 -
4136_g               -            654 4404at5794           -            503  2.8e-213  707.9   9.8   3   3  3.7e-162  2.1e-159  530.2   1.3   157   435   348   649   339   652 0.93 -
132_g                -            941 4404at5794           -            503   1.8e-98  329.2   8.3   1   2     1e-11   5.7e-09   33.9   0.0    64   152   255   341   210   344 0.77 -
132_g                -            941 4404at5794           -            503   1.8e-98  329.2   8.3   2   2   2.7e-90   1.5e-87  293.1   5.8   170   457   447   758   430   778 0.89 -
213_g                -            771 4404at5794           -            503   6.3e-94  314.2  11.1   1   5      0.21   1.2e+02   -0.1   0.1   360   384    44    68    13    80 0.78 -
213_g                -            771 4404at5794           -            503   6.3e-94  314.2  11.1   2   5   2.8e-11   1.6e-08   32.5   0.1    96   157   175   236    84   245 0.71 -
213_g                -            771 4404at5794           -            503   6.3e-94  314.2  11.1   3   5   2.9e-08   1.6e-05   22.5   0.0   165   202   284   322   250   327 0.83 -
213_g                -            771 4404at5794           -            503   6.3e-94  314.2  11.1   4   5   4.5e-67   2.5e-64  216.5   0.0   202   369   347   520   332   537 0.93 -
213_g                -            771 4404at5794           -            503   6.3e-94  314.2  11.1   5   5   4.5e-14   2.5e-11   41.7   0.4   371   464   556   652   526   688 0.84 -
6059_g               -            321 4404at5794           -            503     1e-54  184.8   1.8   1   2   4.1e-23   2.3e-20   71.5   0.6    15    93   109   210    96   217 0.81 -
6059_g               -            321 4404at5794           -            503     1e-54  184.8   1.8   2   2     2e-34   1.1e-31  108.8   0.0    88   154   246   312   226   314 0.91 -
6130_g               -            260 4404at5794           -            503   1.1e-54  184.7   0.3   1   1   4.9e-57   2.7e-54  183.4   0.3   165   364    35   229    20   236 0.90 -
1022_g               -            904 4404at5794           -            503   1.9e-50  170.7  10.5   1   5     0.024        13    3.0   0.3    54    96   299   340   285   358 0.77 -
1022_g               -            904 4404at5794           -            503   1.9e-50  170.7  10.5   2   5   2.3e-08   1.3e-05   22.8   0.0    81   156   359   431   350   435 0.90 -
1022_g               -            904 4404at5794           -            503   1.9e-50  170.7  10.5   3   5   1.4e-09   7.7e-07   26.9   0.0   165   212   514   563   498   565 0.82 -
1022_g               -            904 4404at5794           -            503   1.9e-50  170.7  10.5   4   5   3.8e-27   2.1e-24   84.8   0.2   239   364   565   680   563   687 0.93 -
1022_g               -            904 4404at5794           -            503   1.9e-50  170.7  10.5   5   5   2.2e-12   1.2e-09   36.1   0.1   367   459   721   811   703   852 0.77 -
3170_g               -           1181 4404at5794           -            503   1.5e-44  151.2  12.6   1   4       1.4   7.9e+02   -2.9   0.2    44    90   307   353   267   368 0.74 -
3170_g               -           1181 4404at5794           -            503   1.5e-44  151.2  12.6   2   4    0.0002      0.11    9.9   0.0    94   152   454   508   419   516 0.83 -
3170_g               -           1181 4404at5794           -            503   1.5e-44  151.2  12.6   3   4   3.9e-40   2.2e-37  127.6   1.1   199   365   774   947   765   957 0.88 -
3170_g               -           1181 4404at5794           -            503   1.5e-44  151.2  12.6   4   4   1.7e-07   9.7e-05   19.9   0.1   367   454  1017  1101  1000  1165 0.86 -
2180_g               -            312 4404at5794           -            503   2.8e-34  117.4   2.5   1   2     5e-21   2.8e-18   64.6   0.1   287   368     6    87     2   102 0.92 -
2180_g               -            312 4404at5794           -            503   2.8e-34  117.4   2.5   2   2   1.7e-17   9.3e-15   53.0   0.4   372   460   153   242   112   274 0.83 -
3706_g               -            458 4404at5794           -            503   1.3e-23   82.2   0.5   1   2   8.2e-09   4.6e-06   24.3   0.0    99   153   283   337   184   342 0.94 -
3706_g               -            458 4404at5794           -            503   1.3e-23   82.2   0.5   2   2   2.3e-18   1.3e-15   55.8   0.1   172   228   399   456   380   458 0.87 -
1783_g               -            280 4404at5794           -            503   2.3e-15   55.0   2.7   1   2   1.2e-09   6.5e-07   27.1   0.0   315   367     1    53     1    58 0.96 -
1783_g               -            280 4404at5794           -            503   2.3e-15   55.0   2.7   2   2   7.9e-10   4.4e-07   27.7   0.9   369   484    90   210    74   221 0.76 -
5038_g               -            261 4404at5794           -            503   9.1e-11   39.8   0.6   1   2   6.2e-05     0.035   11.5   0.0   170   224   160   216   152   217 0.80 -
5038_g               -            261 4404at5794           -            503   9.1e-11   39.8   0.6   2   2   1.2e-10   6.8e-08   30.3   0.2   258   307   211   260   210   261 0.95 -
3295_g               -            410 4404at5794           -            503   4.2e-09   34.3   0.0   1   2       1.5   8.4e+02   -2.9   0.0    56    78   205   227   196   241 0.78 -
3295_g               -            410 4404at5794           -            503   4.2e-09   34.3   0.0   2   2   2.1e-11   1.2e-08   32.9   0.0   102   155   288   341   282   345 0.95 -
2633_g               -            347 4404at5794           -            503   1.4e-07   29.3   1.4   1   1   3.3e-10   1.8e-07   28.9   1.4   323   456    67   206    22   251 0.74 -
#
# Program:         hmmsearch
# Version:         3.1b2 (February 2015)
# Pipeline mode:   SEARCH
# Query file:      /mnt/e/Bioinformatics/Semester2/BINP29/Malaria Project/Genomes/Parsed/busco_downloads/lineages/apicomplexa_odb10/hmms/4404at5794.hmm
# Target file:     /mnt/e/Bioinformatics/Semester2/BINP29/Malaria Project/Genomes/Parsed/Pb_new.faa
# Option settings: hmmsearch --domtblout /mnt/e/Bioinformatics/Semester2/BINP29/Malaria Project/Genomes/Parsed/Pb/run_apicomplexa_odb10/hmmer_output/initial_run_results/4404at5794.out --cpu 1 /mnt/e/Bioinformatics/Semester2/BINP29/Malaria Project/Genomes/Parsed/busco_downloads/lineages/apicomplexa_odb10/hmms/4404at5794.hmm /mnt/e/Bioinformatics/Semester2/BINP29/Malaria Project/Genomes/Parsed/Pb_new.faa 
# Current dir:     /mnt/e/Bioinformatics/Semester2/BINP29/Malaria Project/Genomes/Parsed
# Date:            Wed Mar  1 19:22:30 2023
# [ok]
