#                                                                            --- full sequence --- -------------- this domain -------------   hmm coord   ali coord   env coord
# target name        accession   tlen query name           accession   qlen   E-value  score  bias   #  of  c-Evalue  i-Evalue  score  bias  from    to  from    to  from    to  acc description of target
#------------------- ---------- ----- -------------------- ---------- ----- --------- ------ ----- --- --- --------- --------- ------ ----- ----- ----- ----- ----- ----- ----- ---- ---------------------
6436_g               -            866 4526at5794           -            596  5.8e-165  548.9  76.9   1   5      0.43   5.2e+02   -2.4   0.1    46    87     7    49     4    54 0.71 -
6436_g               -            866 4526at5794           -            596  5.8e-165  548.9  76.9   2   5   1.2e-06    0.0015   15.9   1.0    16    63    65   125    53   134 0.77 -
6436_g               -            866 4526at5794           -            596  5.8e-165  548.9  76.9   3   5  7.6e-111  9.1e-108  360.0  28.1    70   360   176   504   131   529 0.82 -
6436_g               -            866 4526at5794           -            596  5.8e-165  548.9  76.9   4   5   5.1e-33   6.1e-30  103.0   8.0   344   466   546   691   526   697 0.81 -
6436_g               -            866 4526at5794           -            596  5.8e-165  548.9  76.9   5   5   4.5e-26   5.5e-23   80.1  14.3   455   575   711   865   691   865 0.72 -
3297_g               -            546 4526at5794           -            596   9.1e-18   62.8  13.7   1   2   5.8e-13     7e-10   36.8   3.7   240   368   111   244    88   257 0.74 -
3297_g               -            546 4526at5794           -            596   9.1e-18   62.8  13.7   2   2   5.2e-10   6.3e-07   27.0   2.4   380   574   298   469   276   477 0.76 -
1952_g               -            459 4526at5794           -            596   3.4e-11   41.1  13.5   1   2   8.5e-07     0.001   16.4   4.7   326   456   204   341   198   361 0.75 -
1952_g               -            459 4526at5794           -            596   3.4e-11   41.1  13.5   2   2   8.8e-11   1.1e-07   29.6   1.6   547   586   370   408   353   426 0.81 -
1898_g               -            595 4526at5794           -            596   2.2e-08   31.8   0.4   1   3      0.31   3.7e+02   -1.9   0.1    69   112   101   142    71   149 0.70 -
1898_g               -            595 4526at5794           -            596   2.2e-08   31.8   0.4   2   3   1.8e-11   2.2e-08   31.8   0.4   223   350   204   330   156   339 0.77 -
1898_g               -            595 4526at5794           -            596   2.2e-08   31.8   0.4   3   3       1.1   1.3e+03   -3.7   3.8   256   346   433   525   413   555 0.55 -
6729_g               -            387 4526at5794           -            596   2.2e-07   28.5  33.9   1   3   2.9e-07   0.00035   18.0   9.9   226   366    21   163    11   169 0.69 -
6729_g               -            387 4526at5794           -            596   2.2e-07   28.5  33.9   2   3    0.0032       3.9    4.6   2.4   347   455   183   304   171   317 0.61 -
6729_g               -            387 4526at5794           -            596   2.2e-07   28.5  33.9   3   3   2.3e-07   0.00028   18.3   6.2   538   586   317   364   307   369 0.89 -
3244_g               -            635 4526at5794           -            596   0.00092   16.6   1.0   1   4         6   7.2e+03   -8.2   5.5   197   230    37    71    27    86 0.54 -
3244_g               -            635 4526at5794           -            596   0.00092   16.6   1.0   2   4   7.6e-07   0.00092   16.6   1.0   219   290   188   262   172   334 0.74 -
3244_g               -            635 4526at5794           -            596   0.00092   16.6   1.0   3   4   0.00026      0.31    8.2   1.2   391   461   484   552   447   562 0.74 -
3244_g               -            635 4526at5794           -            596   0.00092   16.6   1.0   4   4    0.0005       0.6    7.3   1.9   534   585   551   605   539   607 0.77 -
#
# Program:         hmmsearch
# Version:         3.1b2 (February 2015)
# Pipeline mode:   SEARCH
# Query file:      /mnt/e/Bioinformatics/Semester2/BINP29/Malaria Project/Genomes/Parsed/busco_downloads/lineages/apicomplexa_odb10/hmms/4526at5794.hmm
# Target file:     /mnt/e/Bioinformatics/Semester2/BINP29/Malaria Project/Genomes/Parsed/Pb_new.faa
# Option settings: hmmsearch --domtblout /mnt/e/Bioinformatics/Semester2/BINP29/Malaria Project/Genomes/Parsed/Pb/run_apicomplexa_odb10/hmmer_output/initial_run_results/4526at5794.out --cpu 1 /mnt/e/Bioinformatics/Semester2/BINP29/Malaria Project/Genomes/Parsed/busco_downloads/lineages/apicomplexa_odb10/hmms/4526at5794.hmm /mnt/e/Bioinformatics/Semester2/BINP29/Malaria Project/Genomes/Parsed/Pb_new.faa 
# Current dir:     /mnt/e/Bioinformatics/Semester2/BINP29/Malaria Project/Genomes/Parsed
# Date:            Wed Mar  1 19:22:30 2023
# [ok]
