#                                                                            --- full sequence --- -------------- this domain -------------   hmm coord   ali coord   env coord
# target name        accession   tlen query name           accession   qlen   E-value  score  bias   #  of  c-Evalue  i-Evalue  score  bias  from    to  from    to  from    to  acc description of target
#------------------- ---------- ----- -------------------- ---------- ----- --------- ------ ----- --- --- --------- --------- ------ ----- ----- ----- ----- ----- ----- ----- ---- ---------------------
2292_g               -            494 4695at5794           -            682  1.5e-265  881.1   4.6   1   1  7.1e-268  1.8e-265  880.8   4.6     1   431    26   494    26   494 0.97 -
3860_g               -           1076 4695at5794           -            682  4.9e-227  753.8   9.8   1   3  8.1e-111  2.1e-108  361.8   3.9    21   376   276   665   267   706 0.85 -
3860_g               -           1076 4695at5794           -            682  4.9e-227  753.8   9.8   2   3  2.5e-118  6.4e-116  386.6   0.0   367   645   730  1009   714  1037 0.93 -
3860_g               -           1076 4695at5794           -            682  4.9e-227  753.8   9.8   3   3     0.002       0.5    6.9   0.1   642   673  1038  1069  1032  1072 0.93 -
1612_g               -            249 4695at5794           -            682  5.3e-101  337.3   1.2   1   2   5.2e-84   1.4e-81  273.2   0.1   505   647     1   146     1   169 0.95 -
1612_g               -            249 4695at5794           -            682  5.3e-101  337.3   1.2   2   2   1.5e-20     4e-18   63.4   0.1   637   678   173   214   162   217 0.94 -
3051_g               -           1010 4695at5794           -            682   1.2e-96  323.0   3.1   1   4     1e-11   2.6e-09   34.3   0.0   398   472   259   334   226   353 0.79 -
3051_g               -           1010 4695at5794           -            682   1.2e-96  323.0   3.1   2   4   1.5e-10     4e-08   30.4   0.3   284   365   440   525   432   549 0.68 -
3051_g               -           1010 4695at5794           -            682   1.2e-96  323.0   3.1   3   4   6.1e-73   1.6e-70  236.6   0.0   379   603   588   813   551   824 0.90 -
3051_g               -           1010 4695at5794           -            682   1.2e-96  323.0   3.1   4   4   5.7e-07   0.00015   18.6   0.0   337   402   922   992   874   999 0.81 -
756_g                -            673 4695at5794           -            682   8.7e-78  260.6   1.3   1   3   0.00054      0.14    8.8   0.0   573   645    17    87    10   128 0.79 -
756_g                -            673 4695at5794           -            682   8.7e-78  260.6   1.3   2   3   4.1e-77   1.1e-74  250.4   0.0   383   642   204   464   162   480 0.89 -
756_g                -            673 4695at5794           -            682   8.7e-78  260.6   1.3   3   3       2.7     7e+02   -3.4   0.1   641   673   639   671   633   672 0.88 -
209_g                -            423 4695at5794           -            682     2e-61  206.6   0.0   1   1   9.8e-64   2.5e-61  206.2   0.0   406   656   156   408   113   419 0.93 -
986_g                -            421 4695at5794           -            682   5.1e-60  201.9   0.4   1   1   2.8e-62   7.1e-60  201.4   0.4   138   372   154   394   143   407 0.92 -
1537_g               -            785 4695at5794           -            682   6.1e-55  185.1   0.1   1   3   4.4e-15   1.1e-12   45.4   0.0   171   237   294   361   243   366 0.91 -
1537_g               -            785 4695at5794           -            682   6.1e-55  185.1   0.1   2   3   8.3e-44   2.1e-41  140.3   0.0   441   640   295   510   268   518 0.81 -
1537_g               -            785 4695at5794           -            682   6.1e-55  185.1   0.1   3   3     3e-05    0.0078   12.9   0.0   181   252   585   657   514   737 0.80 -
6806_g               -            386 4695at5794           -            682   4.8e-54  182.1   0.0   1   1   2.4e-56   6.3e-54  181.8   0.0   412   627   160   381   153   384 0.91 -
3942_g               -            362 4695at5794           -            682   2.7e-49  166.5   0.0   1   1   1.5e-51   3.9e-49  165.9   0.0   406   587   176   361   169   362 0.92 -
1269_g               -            431 4695at5794           -            682   2.6e-44  150.0   0.0   1   1   1.7e-46   4.4e-44  149.2   0.0   411   636   109   346    84   360 0.87 -
6576_g               -            769 4695at5794           -            682   1.4e-41  140.9   0.1   1   1   8.6e-44   2.2e-41  140.3   0.1   130   371   206   449   190   468 0.85 -
1580_g               -            195 4695at5794           -            682   5.2e-36  122.6   0.2   1   1   2.3e-38     6e-36  122.4   0.2   477   653     2   180     1   192 0.93 -
3028_g               -            617 4695at5794           -            682   5.8e-36  122.4   0.1   1   1   3.2e-38   8.2e-36  121.9   0.1   415   640   347   568   337   604 0.89 -
2682_g               -            271 4695at5794           -            682   2.1e-29  100.7   0.0   1   2      0.36        93   -0.5   0.0   315   348    82   115    69   121 0.79 -
2682_g               -            271 4695at5794           -            682   2.1e-29  100.7   0.0   2   2   3.4e-31   8.7e-29   98.7   0.0   139   242   168   271   145   271 0.92 -
4965_g               -            354 4695at5794           -            682   1.7e-27   94.4   2.0   1   2   6.3e-10   1.6e-07   28.4   0.0   430   472     4    46     1    69 0.91 -
4965_g               -            354 4695at5794           -            682   1.7e-27   94.4   2.0   2   2   5.2e-21   1.3e-18   65.0   1.2   233   365   136   269    88   301 0.83 -
5843_g               -            225 4695at5794           -            682   3.4e-27   93.4   0.0   1   1   1.6e-29   4.1e-27   93.2   0.0   415   550    89   224    78   225 0.94 -
1983_g               -            344 4695at5794           -            682     4e-24   83.3   0.1   1   1   2.3e-26   5.9e-24   82.7   0.1   521   656     1   139     1   154 0.86 -
2279_g               -            130 4695at5794           -            682   5.1e-22   76.3   0.2   1   1   2.2e-24   5.7e-22   76.2   0.2   270   372     1   107     1   119 0.91 -
6102_g               -            201 4695at5794           -            682   8.1e-21   72.4   0.1   1   1   3.6e-23   9.3e-21   72.2   0.1   271   373     2   113     1   132 0.82 -
5273_g               -            130 4695at5794           -            682   2.5e-20   70.7   0.1   1   1   1.1e-22   2.9e-20   70.5   0.1   536   656     1   120     1   128 0.93 -
6379_g               -            247 4695at5794           -            682   6.1e-20   69.5   0.0   1   1   2.9e-22   7.4e-20   69.2   0.0   449   551    45   153    13   167 0.84 -
6430_g               -            489 4695at5794           -            682   3.5e-15   53.7   0.0   1   1   1.9e-17   4.9e-15   53.2   0.0   449   591   297   458   260   470 0.76 -
2954_g               -            333 4695at5794           -            682   4.6e-14   50.0   0.0   1   1   2.2e-16   5.6e-14   49.7   0.0   405   493   238   328   203   333 0.84 -
6370_g               -            650 4695at5794           -            682   4.8e-12   43.4   0.0   1   1   2.6e-14   6.7e-12   42.9   0.0   426   633   333   551   323   601 0.71 -
3165_g               -            437 4695at5794           -            682   1.2e-07   28.8   0.0   1   2   8.6e-05     0.022   11.4   0.0   426   481   224   283   217   291 0.74 -
3165_g               -            437 4695at5794           -            682   1.2e-07   28.8   0.0   2   2   5.6e-06    0.0015   15.3   0.0   538   584   360   406   342   415 0.88 -
2806_g               -            121 4695at5794           -            682     0.001   15.8   0.0   1   1   4.7e-06    0.0012   15.6   0.0   179   232    62   116    46   120 0.80 -
3600_g               -            223 4695at5794           -            682     0.018   11.7   0.0   1   2       2.5   6.5e+02   -3.3   0.0   184   198     5    19     3    23 0.64 -
3600_g               -            223 4695at5794           -            682     0.018   11.7   0.0   2   2   0.00013     0.033   10.9   0.0   216   256   119   159   101   180 0.87 -
#
# Program:         hmmsearch
# Version:         3.1b2 (February 2015)
# Pipeline mode:   SEARCH
# Query file:      /mnt/e/Bioinformatics/Semester2/BINP29/Malaria Project/Genomes/Parsed/busco_downloads/lineages/apicomplexa_odb10/hmms/4695at5794.hmm
# Target file:     /mnt/e/Bioinformatics/Semester2/BINP29/Malaria Project/Genomes/Parsed/Pb_new.faa
# Option settings: hmmsearch --domtblout /mnt/e/Bioinformatics/Semester2/BINP29/Malaria Project/Genomes/Parsed/Pb/run_apicomplexa_odb10/hmmer_output/initial_run_results/4695at5794.out --cpu 1 /mnt/e/Bioinformatics/Semester2/BINP29/Malaria Project/Genomes/Parsed/busco_downloads/lineages/apicomplexa_odb10/hmms/4695at5794.hmm /mnt/e/Bioinformatics/Semester2/BINP29/Malaria Project/Genomes/Parsed/Pb_new.faa 
# Current dir:     /mnt/e/Bioinformatics/Semester2/BINP29/Malaria Project/Genomes/Parsed
# Date:            Wed Mar  1 19:22:31 2023
# [ok]
