#                                                                            --- full sequence --- -------------- this domain -------------   hmm coord   ali coord   env coord
# target name        accession   tlen query name           accession   qlen   E-value  score  bias   #  of  c-Evalue  i-Evalue  score  bias  from    to  from    to  from    to  acc description of target
#------------------- ---------- ----- -------------------- ---------- ----- --------- ------ ----- --- --- --------- --------- ------ ----- ----- ----- ----- ----- ----- ----- ---- ---------------------
467_g                -           1269 4846at5794           -            815  8.3e-207  687.5  49.9   1   8   1.9e-21   8.2e-19   65.7   2.5    11    97    42   132    32   134 0.89 -
467_g                -           1269 4846at5794           -            815  8.3e-207  687.5  49.9   2   8   1.6e-88   6.9e-86  287.5  10.4   127   357   198   469   192   507 0.86 -
467_g                -           1269 4846at5794           -            815  8.3e-207  687.5  49.9   3   8     0.025        11    2.4   0.3   349   366   568   585   565   587 0.87 -
467_g                -           1269 4846at5794           -            815  8.3e-207  687.5  49.9   4   8     7e-37     3e-34  116.7   0.1   414   521   586   702   583   732 0.86 -
467_g                -           1269 4846at5794           -            815  8.3e-207  687.5  49.9   5   8   1.2e-23   5.1e-21   72.9   0.1   536   612   763   839   752   849 0.91 -
467_g                -           1269 4846at5794           -            815  8.3e-207  687.5  49.9   6   8      0.13        55    0.1   0.1   592   617   903   928   897   940 0.87 -
467_g                -           1269 4846at5794           -            815  8.3e-207  687.5  49.9   7   8   1.1e-47   4.8e-45  152.4   1.3   613   719  1087  1194  1068  1197 0.92 -
467_g                -           1269 4846at5794           -            815  8.3e-207  687.5  49.9   8   8   1.5e-05    0.0065   13.1   0.0   718   741  1222  1245  1218  1249 0.90 -
5967_g               -            229 4846at5794           -            815   3.4e-72  242.2   8.5   1   1   8.8e-75   3.8e-72  242.1   8.5    88   281     4   229     1   229 0.87 -
6592_g               -            592 4846at5794           -            815     1e-26   91.8  13.3   1   4       2.9   1.2e+03   -4.4   1.1   149   204    71   130    62   135 0.48 -
6592_g               -            592 4846at5794           -            815     1e-26   91.8  13.3   2   4   1.7e-17   7.1e-15   52.6   0.3   632   718   274   362   270   367 0.92 -
6592_g               -            592 4846at5794           -            815     1e-26   91.8  13.3   3   4   6.6e-11   2.8e-08   30.8   0.2   630   689   371   430   363   439 0.92 -
6592_g               -            592 4846at5794           -            815     1e-26   91.8  13.3   4   4     1e-06   0.00044   16.9   0.0   639   692   479   533   457   543 0.86 -
844_g                -           1293 4846at5794           -            815   4.6e-24   83.0   4.7   1   4   4.1e-14   1.7e-11   41.4   0.2   631   691   638   698   635   704 0.95 -
844_g                -           1293 4846at5794           -            815   4.6e-24   83.0   4.7   2   4   7.1e-06     0.003   14.2   0.0   647   691   697   741   695   746 0.87 -
844_g                -           1293 4846at5794           -            815   4.6e-24   83.0   4.7   3   4   4.2e-11   1.8e-08   31.4   0.1   630   716   713   801   708   806 0.90 -
844_g                -           1293 4846at5794           -            815   4.6e-24   83.0   4.7   4   4   1.8e-08   7.7e-06   22.7   0.0   628   693   744   810   741   840 0.81 -
1197_g               -           1050 4846at5794           -            815   4.9e-20   69.7   1.0   1   4   0.00043      0.18    8.3   0.0   635   690   379   434   333   439 0.91 -
1197_g               -           1050 4846at5794           -            815   4.9e-20   69.7   1.0   2   4   3.9e-06    0.0017   15.0   0.0   632   721   661   753   642   781 0.81 -
1197_g               -           1050 4846at5794           -            815   4.9e-20   69.7   1.0   3   4   9.3e-14   3.9e-11   40.2   2.1   607   717   810   919   800   931 0.82 -
1197_g               -           1050 4846at5794           -            815   4.9e-20   69.7   1.0   4   4      0.13        53    0.1   0.0   653   688   922   957   905   972 0.58 -
7176_g               -            687 4846at5794           -            815   2.6e-16   57.4   4.7   1   2     0.055        24    1.3   0.0    90   111   281   303   247   311 0.69 -
7176_g               -            687 4846at5794           -            815   2.6e-16   57.4   4.7   2   2   3.2e-18   1.4e-15   55.0   3.4   255   461   410   637   396   648 0.79 -
1879_g               -            317 4846at5794           -            815   1.2e-13   48.5   0.1   1   1   4.1e-16   1.7e-13   48.0   0.1   630   692   241   303   193   308 0.89 -
3340_g               -            199 4846at5794           -            815   4.7e-13   46.6   0.0   1   2   2.2e-07   9.2e-05   19.2   0.0   639   687    71   119    53   124 0.91 -
3340_g               -            199 4846at5794           -            815   4.7e-13   46.6   0.0   2   2   2.5e-09   1.1e-06   25.6   0.0   627   684   125   182   122   188 0.94 -
3782_g               -            120 4846at5794           -            815     5e-13   46.5   0.1   1   1   1.4e-15   5.9e-13   46.3   0.1   631   706    42   118    39   120 0.92 -
812_g                -            388 4846at5794           -            815   4.7e-10   36.7  14.4   1   4      0.39   1.6e+02   -1.5   0.0   650   686    23    59    17    78 0.81 -
812_g                -            388 4846at5794           -            815   4.7e-10   36.7  14.4   2   4     7e-12     3e-09   34.0   0.3   644   719    87   163    83   167 0.94 -
812_g                -            388 4846at5794           -            815   4.7e-10   36.7  14.4   3   4   2.5e-05     0.011   12.4   0.8   628   692   170   236   165   242 0.76 -
812_g                -            388 4846at5794           -            815   4.7e-10   36.7  14.4   4   4       3.1   1.3e+03   -4.5   0.9   367   421   251   304   247   325 0.65 -
466_g                -            168 4846at5794           -            815   3.9e-09   33.6   0.1   1   1   3.5e-11   1.5e-08   31.7   0.1   757   814     7    78     2    79 0.81 -
7220_g               -            207 4846at5794           -            815   1.8e-07   28.1   4.6   1   1     5e-10   2.1e-07   27.9   4.6   280   416     3   160     1   182 0.72 -
5766_g               -            140 4846at5794           -            815   1.9e-07   28.1   0.0   1   1   5.5e-10   2.3e-07   27.8   0.0   592   676    63   140    54   140 0.82 -
1438_g               -            723 4846at5794           -            815   4.9e-07   26.7   0.3   1   1   2.3e-09   9.6e-07   25.7   0.3   597   718    21   148     7   154 0.80 -
134_g                -            135 4846at5794           -            815   1.2e-05   22.1  11.3   1   1   3.7e-08   1.6e-05   21.7  11.3   116   187    56   123    49   127 0.81 -
2741_g               -            346 4846at5794           -            815   6.6e-05   19.7   0.2   1   2     0.055        23    1.3   0.1   609   660    58   109    46   115 0.68 -
2741_g               -            346 4846at5794           -            815   6.6e-05   19.7   0.2   2   2   2.1e-06   0.00089   15.9   0.0   630   691   131   194   119   196 0.83 -
5469_g               -            154 4846at5794           -            815   8.9e-05   19.2   0.0   1   1   4.8e-07   0.00021   18.0   0.0   630   691    55   118    47   120 0.84 -
#
# Program:         hmmsearch
# Version:         3.1b2 (February 2015)
# Pipeline mode:   SEARCH
# Query file:      /mnt/e/Bioinformatics/Semester2/BINP29/Malaria Project/Genomes/Parsed/busco_downloads/lineages/apicomplexa_odb10/hmms/4846at5794.hmm
# Target file:     /mnt/e/Bioinformatics/Semester2/BINP29/Malaria Project/Genomes/Parsed/Pb_new.faa
# Option settings: hmmsearch --domtblout /mnt/e/Bioinformatics/Semester2/BINP29/Malaria Project/Genomes/Parsed/Pb/run_apicomplexa_odb10/hmmer_output/initial_run_results/4846at5794.out --cpu 1 /mnt/e/Bioinformatics/Semester2/BINP29/Malaria Project/Genomes/Parsed/busco_downloads/lineages/apicomplexa_odb10/hmms/4846at5794.hmm /mnt/e/Bioinformatics/Semester2/BINP29/Malaria Project/Genomes/Parsed/Pb_new.faa 
# Current dir:     /mnt/e/Bioinformatics/Semester2/BINP29/Malaria Project/Genomes/Parsed
# Date:            Wed Mar  1 19:22:31 2023
# [ok]
