#                                                                            --- full sequence --- -------------- this domain -------------   hmm coord   ali coord   env coord
# target name        accession   tlen query name           accession   qlen   E-value  score  bias   #  of  c-Evalue  i-Evalue  score  bias  from    to  from    to  from    to  acc description of target
#------------------- ---------- ----- -------------------- ---------- ----- --------- ------ ----- --- --- --------- --------- ------ ----- ----- ----- ----- ----- ----- ----- ---- ---------------------
715_g                -            859 5412at5794           -            544  1.1e-167  557.8  80.8   1   5     0.011        28    2.0   0.8   378   404    57    83    41   104 0.88 -
715_g                -            859 5412at5794           -            544  1.1e-167  557.8  80.8   2   5   1.1e-28   2.7e-25   87.9  14.5     1   103   141   268   141   290 0.84 -
715_g                -            859 5412at5794           -            544  1.1e-167  557.8  80.8   3   5   5.8e-21   1.4e-17   62.4   1.7   103   187   310   396   304   402 0.82 -
715_g                -            859 5412at5794           -            544  1.1e-167  557.8  80.8   4   5   1.8e-38   4.3e-35  120.2   8.5   180   307   427   573   424   580 0.86 -
715_g                -            859 5412at5794           -            544  1.1e-167  557.8  80.8   5   5   3.8e-95   9.2e-92  307.3  25.0   300   543   603   852   595   853 0.93 -
53_g                 -            693 5412at5794           -            544   3.4e-24   84.3  57.3   1   6   3.8e-15   9.1e-12   43.2  12.8   330   511    75   252    58   258 0.88 -
53_g                 -            693 5412at5794           -            544   3.4e-24   84.3  57.3   2   6   0.00091       2.2    5.7   0.8    45    88   259   304   252   312 0.42 -
53_g                 -            693 5412at5794           -            544   3.4e-24   84.3  57.3   3   6   3.4e-05     0.081   10.4   0.1     4    34   324   354   321   361 0.91 -
53_g                 -            693 5412at5794           -            544   3.4e-24   84.3  57.3   4   6   5.8e-13   1.4e-09   36.0  11.1   392   503   355   481   353   497 0.76 -
53_g                 -            693 5412at5794           -            544   3.4e-24   84.3  57.3   5   6   3.8e-05     0.092   10.2   0.5   456   503   501   551   483   560 0.75 -
53_g                 -            693 5412at5794           -            544   3.4e-24   84.3  57.3   6   6     0.014        33    1.8   1.6   139   227   562   654   554   676 0.64 -
6041_g               -            270 5412at5794           -            544   3.9e-11   41.2  23.0   1   2   1.3e-12   3.1e-09   34.9  12.1   393   503    12   126     1   141 0.78 -
6041_g               -            270 5412at5794           -            544   3.9e-11   41.2  23.0   2   2   1.3e-05     0.031   11.8   0.9   456   503   146   196   128   205 0.75 -
#
# Program:         hmmsearch
# Version:         3.1b2 (February 2015)
# Pipeline mode:   SEARCH
# Query file:      /mnt/e/Bioinformatics/Semester2/BINP29/Malaria Project/Genomes/Parsed/busco_downloads/lineages/apicomplexa_odb10/hmms/5412at5794.hmm
# Target file:     /mnt/e/Bioinformatics/Semester2/BINP29/Malaria Project/Genomes/Parsed/Pb_new.faa
# Option settings: hmmsearch --domtblout /mnt/e/Bioinformatics/Semester2/BINP29/Malaria Project/Genomes/Parsed/Pb/run_apicomplexa_odb10/hmmer_output/initial_run_results/5412at5794.out --cpu 1 /mnt/e/Bioinformatics/Semester2/BINP29/Malaria Project/Genomes/Parsed/busco_downloads/lineages/apicomplexa_odb10/hmms/5412at5794.hmm /mnt/e/Bioinformatics/Semester2/BINP29/Malaria Project/Genomes/Parsed/Pb_new.faa 
# Current dir:     /mnt/e/Bioinformatics/Semester2/BINP29/Malaria Project/Genomes/Parsed
# Date:            Wed Mar  1 19:22:31 2023
# [ok]
