#                                                                            --- full sequence --- -------------- this domain -------------   hmm coord   ali coord   env coord
# target name        accession   tlen query name           accession   qlen   E-value  score  bias   #  of  c-Evalue  i-Evalue  score  bias  from    to  from    to  from    to  acc description of target
#------------------- ---------- ----- -------------------- ---------- ----- --------- ------ ----- --- --- --------- --------- ------ ----- ----- ----- ----- ----- ----- ----- ---- ---------------------
1194_g               -            731 5445at5794           -            485  2.2e-141  470.5  41.8   1   5   1.9e-32   4.5e-29  100.1   1.5     2    57    27    82    26    94 0.95 -
1194_g               -            731 5445at5794           -            485  2.2e-141  470.5  41.8   2   5  2.7e-109  6.6e-106  353.5   5.4    58   284   113   355   109   356 0.93 -
1194_g               -            731 5445at5794           -            485  2.2e-141  470.5  41.8   3   5   2.2e-12   5.4e-09   33.9   2.5   256   312   354   411   343   486 0.80 -
1194_g               -            731 5445at5794           -            485  2.2e-141  470.5  41.8   4   5    0.0098        24    2.1   0.8   332   375   534   584   469   605 0.69 -
1194_g               -            731 5445at5794           -            485  2.2e-141  470.5  41.8   5   5    0.0028       6.7    3.9   3.7   320   386   658   731   623   731 0.63 -
846_g                -            146 5445at5794           -            485   1.4e-15   55.6   0.4   1   1   8.7e-19   2.1e-15   55.0   0.4   417   471    25    84    11   101 0.81 -
4057_g               -            115 5445at5794           -            485      0.31    8.3   5.9   1   1   0.00016      0.38    8.0   5.9   278   379     6   105     2   109 0.89 -
#
# Program:         hmmsearch
# Version:         3.1b2 (February 2015)
# Pipeline mode:   SEARCH
# Query file:      /mnt/e/Bioinformatics/Semester2/BINP29/Malaria Project/Genomes/Parsed/busco_downloads/lineages/apicomplexa_odb10/hmms/5445at5794.hmm
# Target file:     /mnt/e/Bioinformatics/Semester2/BINP29/Malaria Project/Genomes/Parsed/Pb_new.faa
# Option settings: hmmsearch --domtblout /mnt/e/Bioinformatics/Semester2/BINP29/Malaria Project/Genomes/Parsed/Pb/run_apicomplexa_odb10/hmmer_output/initial_run_results/5445at5794.out --cpu 1 /mnt/e/Bioinformatics/Semester2/BINP29/Malaria Project/Genomes/Parsed/busco_downloads/lineages/apicomplexa_odb10/hmms/5445at5794.hmm /mnt/e/Bioinformatics/Semester2/BINP29/Malaria Project/Genomes/Parsed/Pb_new.faa 
# Current dir:     /mnt/e/Bioinformatics/Semester2/BINP29/Malaria Project/Genomes/Parsed
# Date:            Wed Mar  1 19:22:31 2023
# [ok]
