#                                                                            --- full sequence --- -------------- this domain -------------   hmm coord   ali coord   env coord
# target name        accession   tlen query name           accession   qlen   E-value  score  bias   #  of  c-Evalue  i-Evalue  score  bias  from    to  from    to  from    to  acc description of target
#------------------- ---------- ----- -------------------- ---------- ----- --------- ------ ----- --- --- --------- --------- ------ ----- ----- ----- ----- ----- ----- ----- ---- ---------------------
3408_g               -            452 6081at5794           -            589  1.6e-220  732.4  29.1   1   2    3e-107  3.7e-104  348.1   5.2     1   196     4   218     4   237 0.90 -
3408_g               -            452 6081at5794           -            589  1.6e-220  732.4  29.1   2   2  4.9e-120  5.9e-117  390.4  16.0   183   370   265   452   236   452 0.95 -
5520_g               -            466 6081at5794           -            589  1.6e-218  725.8  31.0   1   2   3.8e-23   4.6e-20   70.4   2.9   139   196    10    65     1    79 0.77 -
5520_g               -            466 6081at5794           -            589  1.6e-218  725.8  31.0   2   2  3.9e-202  4.7e-199  661.5  20.2   183   518   112   466    82   466 0.95 -
52_g                 -            783 6081at5794           -            589  1.2e-148  495.0  33.4   1   2   4.1e-67     5e-64  215.6   6.8     2   200    70   292    69   306 0.86 -
52_g                 -            783 6081at5794           -            589  1.2e-148  495.0  33.4   2   2   1.2e-87   1.5e-84  283.4  20.6   189   576   309   736   277   750 0.83 -
6515_g               -            858 6081at5794           -            589    1e-116  389.6  34.0   1   3      0.32   3.9e+02   -2.0   0.7   277   331    17    66     7    70 0.64 -
6515_g               -            858 6081at5794           -            589    1e-116  389.6  34.0   2   3   6.8e-14   8.2e-11   39.9   0.3     1    44    96   139    96   163 0.91 -
6515_g               -            858 6081at5794           -            589    1e-116  389.6  34.0   3   3  7.4e-110  8.9e-107  356.8  20.9    50   531   187   710   180   765 0.82 -
3745_g               -            269 6081at5794           -            589    5e-106  354.3  10.2   1   1  1.3e-108  1.6e-105  352.7  10.2   371   589     1   268     1   268 0.90 -
1557_g               -            786 6081at5794           -            589   6.1e-83  278.1  42.2   1   1   6.3e-81   7.6e-78  261.2  42.2     1   524    68   695    68   771 0.71 -
#
# Program:         hmmsearch
# Version:         3.1b2 (February 2015)
# Pipeline mode:   SEARCH
# Query file:      /mnt/e/Bioinformatics/Semester2/BINP29/Malaria Project/Genomes/Parsed/busco_downloads/lineages/apicomplexa_odb10/hmms/6081at5794.hmm
# Target file:     /mnt/e/Bioinformatics/Semester2/BINP29/Malaria Project/Genomes/Parsed/Pb_new.faa
# Option settings: hmmsearch --domtblout /mnt/e/Bioinformatics/Semester2/BINP29/Malaria Project/Genomes/Parsed/Pb/run_apicomplexa_odb10/hmmer_output/initial_run_results/6081at5794.out --cpu 1 /mnt/e/Bioinformatics/Semester2/BINP29/Malaria Project/Genomes/Parsed/busco_downloads/lineages/apicomplexa_odb10/hmms/6081at5794.hmm /mnt/e/Bioinformatics/Semester2/BINP29/Malaria Project/Genomes/Parsed/Pb_new.faa 
# Current dir:     /mnt/e/Bioinformatics/Semester2/BINP29/Malaria Project/Genomes/Parsed
# Date:            Wed Mar  1 19:22:32 2023
# [ok]
