#                                                                            --- full sequence --- -------------- this domain -------------   hmm coord   ali coord   env coord
# target name        accession   tlen query name           accession   qlen   E-value  score  bias   #  of  c-Evalue  i-Evalue  score  bias  from    to  from    to  from    to  acc description of target
#------------------- ---------- ----- -------------------- ---------- ----- --------- ------ ----- --- --- --------- --------- ------ ----- ----- ----- ----- ----- ----- ----- ---- ---------------------
3493_g               -            136 6333at5794           -            632   6.2e-50  169.0   4.7   1   1   3.9e-53     7e-50  168.8   4.7     1   102    30   136    30   136 0.96 -
161_g                -            182 6333at5794           -            632     1e-10   39.4   6.1   1   2   5.8e-06      0.01   13.0   0.4   429   459     1    30     1    64 0.90 -
161_g                -            182 6333at5794           -            632     1e-10   39.4   6.1   2   2     4e-11   7.3e-08   30.0   0.8   445   485   138   182    88   182 0.87 -
20_g                 -            833 6333at5794           -            632   8.4e-09   33.1  22.6   1   4   2.3e-11   4.2e-08   30.8   1.2    25   198    33   213    23   217 0.75 -
20_g                 -            833 6333at5794           -            632   8.4e-09   33.1  22.6   2   4     0.003       5.5    4.0   2.8   143   303   205   369   199   400 0.75 -
20_g                 -            833 6333at5794           -            632   8.4e-09   33.1  22.6   3   4   3.2e-05     0.057   10.5   2.1   300   399   409   508   370   516 0.79 -
20_g                 -            833 6333at5794           -            632   8.4e-09   33.1  22.6   4   4     0.065   1.2e+02   -0.4   0.4   542   630   723   818   712   820 0.75 -
6076_g               -            222 6333at5794           -            632   0.00036   17.8   2.1   1   2      0.51   9.1e+02   -3.4   0.0   171   200    11    39     7    53 0.63 -
6076_g               -            222 6333at5794           -            632   0.00036   17.8   2.1   2   2     2e-07   0.00036   17.8   2.1    48   186    68   211    61   222 0.76 -
#
# Program:         hmmsearch
# Version:         3.1b2 (February 2015)
# Pipeline mode:   SEARCH
# Query file:      /mnt/e/Bioinformatics/Semester2/BINP29/Malaria Project/Genomes/Parsed/busco_downloads/lineages/apicomplexa_odb10/hmms/6333at5794.hmm
# Target file:     /mnt/e/Bioinformatics/Semester2/BINP29/Malaria Project/Genomes/Parsed/Pb_new.faa
# Option settings: hmmsearch --domtblout /mnt/e/Bioinformatics/Semester2/BINP29/Malaria Project/Genomes/Parsed/Pb/run_apicomplexa_odb10/hmmer_output/initial_run_results/6333at5794.out --cpu 1 /mnt/e/Bioinformatics/Semester2/BINP29/Malaria Project/Genomes/Parsed/busco_downloads/lineages/apicomplexa_odb10/hmms/6333at5794.hmm /mnt/e/Bioinformatics/Semester2/BINP29/Malaria Project/Genomes/Parsed/Pb_new.faa 
# Current dir:     /mnt/e/Bioinformatics/Semester2/BINP29/Malaria Project/Genomes/Parsed
# Date:            Wed Mar  1 19:22:33 2023
# [ok]
