#                                                                            --- full sequence --- -------------- this domain -------------   hmm coord   ali coord   env coord
# target name        accession   tlen query name           accession   qlen   E-value  score  bias   #  of  c-Evalue  i-Evalue  score  bias  from    to  from    to  from    to  acc description of target
#------------------- ---------- ----- -------------------- ---------- ----- --------- ------ ----- --- --- --------- --------- ------ ----- ----- ----- ----- ----- ----- ----- ---- ---------------------
2516_g               -            544 6554at5794           -            366    2e-125  417.1  29.5   1   6   2.3e-05     0.083   10.4   0.0     1    28    35    64    35    94 0.79 -
2516_g               -            544 6554at5794           -            366    2e-125  417.1  29.5   2   6     1e-10   3.7e-07   28.0   0.5    23    56    98   135    79   167 0.73 -
2516_g               -            544 6554at5794           -            366    2e-125  417.1  29.5   3   6     3e-06     0.011   13.3   0.1    52    81   169   201   142   211 0.76 -
2516_g               -            544 6554at5794           -            366    2e-125  417.1  29.5   4   6   6.6e-06     0.024   12.2   0.1    72    98   215   241   208   247 0.89 -
2516_g               -            544 6554at5794           -            366    2e-125  417.1  29.5   5   6   1.4e-09   5.2e-06   24.2   0.8    83   119   290   327   281   328 0.85 -
2516_g               -            544 6554at5794           -            366    2e-125  417.1  29.5   6   6  3.6e-107  1.3e-103  345.4   6.3   149   366   326   543   324   543 0.94 -
4923_g               -            261 6554at5794           -            366    0.0027   15.3   0.0   1   1   1.1e-06    0.0039   14.8   0.0    46   125   103   188    62   200 0.80 -
#
# Program:         hmmsearch
# Version:         3.1b2 (February 2015)
# Pipeline mode:   SEARCH
# Query file:      /mnt/e/Bioinformatics/Semester2/BINP29/Malaria Project/Genomes/Parsed/busco_downloads/lineages/apicomplexa_odb10/hmms/6554at5794.hmm
# Target file:     /mnt/e/Bioinformatics/Semester2/BINP29/Malaria Project/Genomes/Parsed/Pb_new.faa
# Option settings: hmmsearch --domtblout /mnt/e/Bioinformatics/Semester2/BINP29/Malaria Project/Genomes/Parsed/Pb/run_apicomplexa_odb10/hmmer_output/initial_run_results/6554at5794.out --cpu 1 /mnt/e/Bioinformatics/Semester2/BINP29/Malaria Project/Genomes/Parsed/busco_downloads/lineages/apicomplexa_odb10/hmms/6554at5794.hmm /mnt/e/Bioinformatics/Semester2/BINP29/Malaria Project/Genomes/Parsed/Pb_new.faa 
# Current dir:     /mnt/e/Bioinformatics/Semester2/BINP29/Malaria Project/Genomes/Parsed
# Date:            Wed Mar  1 19:22:33 2023
# [ok]
