#                                                                            --- full sequence --- -------------- this domain -------------   hmm coord   ali coord   env coord
# target name        accession   tlen query name           accession   qlen   E-value  score  bias   #  of  c-Evalue  i-Evalue  score  bias  from    to  from    to  from    to  acc description of target
#------------------- ---------- ----- -------------------- ---------- ----- --------- ------ ----- --- --- --------- --------- ------ ----- ----- ----- ----- ----- ----- ----- ---- ---------------------
52_g                 -            783 7349at5794           -            537  2.4e-246  817.1  30.8   1   2  8.7e-104  1.1e-100  336.4   5.9     1   195    69   277    69   316 0.88 -
52_g                 -            783 7349at5794           -            537  2.4e-246  817.1  30.8   2   2  3.5e-149  4.3e-146  486.2  17.1   192   537   324   727   312   727 0.87 -
3408_g               -            452 7349at5794           -            537  1.4e-134  448.3  18.5   1   2   3.2e-81   3.8e-78  262.0   3.5     1   202     4   218     4   241 0.88 -
3408_g               -            452 7349at5794           -            537  1.4e-134  448.3  18.5   2   2   4.3e-60   5.2e-57  192.2   7.2   163   357   254   452   244   452 0.89 -
6515_g               -            858 7349at5794           -            537  8.3e-124  412.7  28.9   1   3   1.1e-19   1.3e-16   58.9   0.5     1    46    96   141    96   154 0.91 -
6515_g               -            858 7349at5794           -            537  8.3e-124  412.7  28.9   2   3     2e-48   2.4e-45  153.7   3.2    50   192   184   336   180   370 0.86 -
6515_g               -            858 7349at5794           -            537  8.3e-124  412.7  28.9   3   3   8.5e-63     1e-59  201.2  12.1   187   535   367   760   343   762 0.76 -
5520_g               -            466 7349at5794           -            537    5e-104  347.4  22.6   1   2   6.5e-16   7.9e-13   46.4   0.6   140   202     2    65     1    89 0.84 -
5520_g               -            466 7349at5794           -            537    5e-104  347.4  22.6   2   2   2.4e-94   2.9e-91  305.3  15.9   163   491   101   458    82   462 0.86 -
1557_g               -            786 7349at5794           -            537  2.7e-100  335.1  42.8   1   3   3.6e-56   4.3e-53  179.3   8.4     1   201    68   299    68   313 0.80 -
1557_g               -            786 7349at5794           -            537  2.7e-100  335.1  42.8   2   3   5.4e-47   6.5e-44  149.0  21.7   190   435   328   595   317   619 0.82 -
1557_g               -            786 7349at5794           -            537  2.7e-100  335.1  42.8   3   3   7.3e-05     0.089   10.0   0.1   435   513   628   718   617   751 0.60 -
3745_g               -            269 7349at5794           -            537   5.5e-33  112.9   3.9   1   1   1.1e-35   1.3e-32  111.7   3.9   366   535    16   230     1   232 0.78 -
#
# Program:         hmmsearch
# Version:         3.1b2 (February 2015)
# Pipeline mode:   SEARCH
# Query file:      /mnt/e/Bioinformatics/Semester2/BINP29/Malaria Project/Genomes/Parsed/busco_downloads/lineages/apicomplexa_odb10/hmms/7349at5794.hmm
# Target file:     /mnt/e/Bioinformatics/Semester2/BINP29/Malaria Project/Genomes/Parsed/Pb_new.faa
# Option settings: hmmsearch --domtblout /mnt/e/Bioinformatics/Semester2/BINP29/Malaria Project/Genomes/Parsed/Pb/run_apicomplexa_odb10/hmmer_output/initial_run_results/7349at5794.out --cpu 1 /mnt/e/Bioinformatics/Semester2/BINP29/Malaria Project/Genomes/Parsed/busco_downloads/lineages/apicomplexa_odb10/hmms/7349at5794.hmm /mnt/e/Bioinformatics/Semester2/BINP29/Malaria Project/Genomes/Parsed/Pb_new.faa 
# Current dir:     /mnt/e/Bioinformatics/Semester2/BINP29/Malaria Project/Genomes/Parsed
# Date:            Wed Mar  1 19:22:34 2023
# [ok]
