#                                                                            --- full sequence --- -------------- this domain -------------   hmm coord   ali coord   env coord
# target name        accession   tlen query name           accession   qlen   E-value  score  bias   #  of  c-Evalue  i-Evalue  score  bias  from    to  from    to  from    to  acc description of target
#------------------- ---------- ----- -------------------- ---------- ----- --------- ------ ----- --- --- --------- --------- ------ ----- ----- ----- ----- ----- ----- ----- ---- ---------------------
2788_g               -            860 7668at5794           -            389  5.9e-132  439.1  75.6   1   6   7.8e-05     0.022   12.5   0.3     2    42    50    89    49   119 0.68 -
2788_g               -            860 7668at5794           -            389  5.9e-132  439.1  75.6   2   6   5.6e-20   1.6e-17   62.4   6.3    17    80   135   198   120   209 0.84 -
2788_g               -            860 7668at5794           -            389  5.9e-132  439.1  75.6   3   6   7.2e-78   2.1e-75  252.9  19.7    77   258   237   423   209   433 0.92 -
2788_g               -            860 7668at5794           -            389  5.9e-132  439.1  75.6   4   6   5.3e-06    0.0015   16.3   0.3   222   286   433   510   423   518 0.78 -
2788_g               -            860 7668at5794           -            389  5.9e-132  439.1  75.6   5   6   6.5e-22   1.9e-19   68.7  13.9   230   341   631   743   600   779 0.71 -
2788_g               -            860 7668at5794           -            389  5.9e-132  439.1  75.6   6   6   2.9e-16   8.3e-14   50.2   1.7   324   389   782   849   767   849 0.91 -
6667_g               -            218 7668at5794           -            389   6.1e-18   63.8   1.3   1   1   4.4e-20   1.3e-17   62.7   1.3    42   109    15    83    10    91 0.92 -
976_g                -            445 7668at5794           -            389   1.7e-15   55.7   0.5   1   1   1.1e-17   3.2e-15   54.8   0.5    25   106   334   413   325   416 0.83 -
3385_g               -            347 7668at5794           -            389   3.3e-15   54.8   3.8   1   1   2.3e-17   6.7e-15   53.8   3.8    41   106    44   108    42   117 0.90 -
5016_g               -            236 7668at5794           -            389   6.8e-14   50.4   4.6   1   1   3.1e-16   8.9e-14   50.0   4.6    29   126    87   180    63   221 0.80 -
3369_g               -            619 7668at5794           -            389   9.3e-14   50.0   2.0   1   2       6.6   1.9e+03   -3.7   0.0   168   184    28    44    26    45 0.87 -
3369_g               -            619 7668at5794           -            389   9.3e-14   50.0   2.0   2   2   3.2e-16   9.3e-14   50.0   2.0    41   107   294   363   282   366 0.90 -
1301_g               -            356 7668at5794           -            389   1.7e-13   49.1   1.1   1   1   1.1e-15   3.2e-13   48.2   1.1    40   106    51   116    43   123 0.87 -
5512_g               -            332 7668at5794           -            389   2.4e-13   48.6   0.1   1   1   1.1e-15   3.1e-13   48.2   0.1    45   107     2    67     1   102 0.86 -
4755_g               -            138 7668at5794           -            389   1.6e-12   45.9   0.5   1   1   7.5e-15   2.2e-12   45.5   0.5    42   104     6    66     3    71 0.90 -
647_g                -            322 7668at5794           -            389   1.2e-11   43.1   0.5   1   2   4.1e-14   1.2e-11   43.1   0.5    42   104     6    66     3    70 0.90 -
647_g                -            322 7668at5794           -            389   1.2e-11   43.1   0.5   2   2      0.43   1.2e+02    0.2   4.4   228   288   252   314   220   317 0.62 -
530_g                -            606 7668at5794           -            389   6.9e-11   40.5   3.2   1   1   6.6e-13   1.9e-10   39.1   3.2    44   108    93   157    76   188 0.91 -
899_g                -            414 7668at5794           -            389   1.4e-10   39.6   1.3   1   2   4.8e-13   1.4e-10   39.6   1.3    41   106    13    74     6    76 0.87 -
899_g                -            414 7668at5794           -            389   1.4e-10   39.6   1.3   2   2      0.91   2.6e+02   -0.9   3.6   184   236   338   393   322   404 0.63 -
4229_g               -            359 7668at5794           -            389   3.8e-10   38.1   3.3   1   2   1.3e-12   3.8e-10   38.1   3.3    39   106   195   261   170   282 0.86 -
4229_g               -            359 7668at5794           -            389   3.8e-10   38.1   3.3   2   2       3.7   1.1e+03   -2.9   0.1   312   331   334   353   331   357 0.69 -
1486_g               -            584 7668at5794           -            389     4e-10   38.0   0.5   1   2   1.4e-12     4e-10   38.0   0.5    44   104    98   157    74   162 0.85 -
1486_g               -            584 7668at5794           -            389     4e-10   38.0   0.5   2   2       3.3   9.4e+02   -2.7   1.4   229   250   546   567   530   581 0.51 -
1911_g               -            303 7668at5794           -            389   6.4e-09   34.1   5.2   1   2   3.9e-10   1.1e-07   30.0   1.1    41    82     5    46     2    53 0.87 -
1911_g               -            303 7668at5794           -            389   6.4e-09   34.1   5.2   2   2   4.2e-05     0.012   13.4   0.2    81   106    73    99    63   109 0.84 -
5453_g               -            429 7668at5794           -            389   9.8e-09   33.5   0.6   1   2   3.4e-11   9.8e-09   33.5   0.6    41   106    34    96     8    98 0.87 -
5453_g               -            429 7668at5794           -            389   9.8e-09   33.5   0.6   2   2         4   1.2e+03   -3.0   0.2    21    57   273   308   266   314 0.69 -
6706_g               -            609 7668at5794           -            389   4.4e-08   31.3   0.1   1   1   2.9e-10   8.3e-08   30.4   0.1    42   105    69   130    47   140 0.86 -
128_g                -            151 7668at5794           -            389   1.8e-07   29.3   1.3   1   2   6.3e-10   1.8e-07   29.3   1.3    40    79     4    43     1    51 0.88 -
128_g                -            151 7668at5794           -            389   1.8e-07   29.3   1.3   2   2      0.61   1.8e+02   -0.3   0.7   241   255    55    69    43   107 0.45 -
3920_g               -            103 7668at5794           -            389   7.4e-07   27.3   7.4   1   1   3.5e-09     1e-06   26.8   7.2    51   131     1    81     1    97 0.79 -
3174_g               -            309 7668at5794           -            389     2e-05   22.6   0.0   1   1   9.1e-08   2.6e-05   22.2   0.0    68   107     2    44     1    79 0.82 -
2391_g               -            342 7668at5794           -            389   8.8e-05   20.4   0.0   1   3   3.1e-07   8.8e-05   20.4   0.0   284   336    35    83    14    88 0.88 -
2391_g               -            342 7668at5794           -            389   8.8e-05   20.4   0.0   2   3       5.6   1.6e+03   -3.5   2.7   237   285   183   231   138   240 0.60 -
2391_g               -            342 7668at5794           -            389   8.8e-05   20.4   0.0   3   3       3.2   9.1e+02   -2.7   5.8   213   269   266   324   255   339 0.68 -
4456_g               -            337 7668at5794           -            389   0.00038   18.3   6.3   1   2   1.3e-06   0.00038   18.3   6.3    39   107    60   127    35   146 0.78 -
4456_g               -            337 7668at5794           -            389   0.00038   18.3   6.3   2   2      0.92   2.7e+02   -0.9   0.1   226   244   247   265   240   297 0.61 -
3461_g               -            105 7668at5794           -            389   0.00047   18.1   0.0   1   1   1.6e-06   0.00047   18.1   0.0    41    76    61    96    33   104 0.87 -
4326_g               -            210 7668at5794           -            389     0.011   13.6   0.1   1   1   5.3e-05     0.015   13.1   0.1    75   106     1    33     1    36 0.87 -
2926_g               -            328 7668at5794           -            389       3.7    5.2  46.2   1   2       1.8   5.2e+02   -1.9   4.1   200   280     7    86     1    98 0.52 -
2926_g               -            328 7668at5794           -            389       3.7    5.2  46.2   2   2   0.00071       0.2    9.4  38.5    24   249    86   324    68   327 0.72 -
#
# Program:         hmmsearch
# Version:         3.1b2 (February 2015)
# Pipeline mode:   SEARCH
# Query file:      /mnt/e/Bioinformatics/Semester2/BINP29/Malaria Project/Genomes/Parsed/busco_downloads/lineages/apicomplexa_odb10/hmms/7668at5794.hmm
# Target file:     /mnt/e/Bioinformatics/Semester2/BINP29/Malaria Project/Genomes/Parsed/Pb_new.faa
# Option settings: hmmsearch --domtblout /mnt/e/Bioinformatics/Semester2/BINP29/Malaria Project/Genomes/Parsed/Pb/run_apicomplexa_odb10/hmmer_output/initial_run_results/7668at5794.out --cpu 1 /mnt/e/Bioinformatics/Semester2/BINP29/Malaria Project/Genomes/Parsed/busco_downloads/lineages/apicomplexa_odb10/hmms/7668at5794.hmm /mnt/e/Bioinformatics/Semester2/BINP29/Malaria Project/Genomes/Parsed/Pb_new.faa 
# Current dir:     /mnt/e/Bioinformatics/Semester2/BINP29/Malaria Project/Genomes/Parsed
# Date:            Wed Mar  1 19:22:35 2023
# [ok]
