#                                                                            --- full sequence --- -------------- this domain -------------   hmm coord   ali coord   env coord
# target name        accession   tlen query name           accession   qlen   E-value  score  bias   #  of  c-Evalue  i-Evalue  score  bias  from    to  from    to  from    to  acc description of target
#------------------- ---------- ----- -------------------- ---------- ----- --------- ------ ----- --- --- --------- --------- ------ ----- ----- ----- ----- ----- ----- ----- ---- ---------------------
2466_g               -            514 8041at5794           -            443  1.2e-199  662.8  13.3   1   1  5.1e-202  3.1e-199  661.4  13.3     1   443     6   512     6   512 0.89 -
4417_g               -            539 8041at5794           -            443     4e-60  202.9  12.6   1   2   2.3e-59   1.4e-56  191.3  10.7    11   400     5   465     2   473 0.76 -
4417_g               -            539 8041at5794           -            443     4e-60  202.9  12.6   2   2   0.00085      0.51    8.1   0.0   405   440   495   532   485   535 0.84 -
6383_g               -            526 8041at5794           -            443   8.7e-55  185.3  13.3   1   1   9.2e-57   5.5e-54  182.7  13.3    11   435    23   520    13   523 0.77 -
932_g                -            730 8041at5794           -            443   1.3e-47  161.7  16.7   1   1   4.7e-50   2.8e-47  160.6  16.7    10   411    13   490     8   529 0.70 -
5448_g               -            295 8041at5794           -            443   1.9e-37  128.2   6.4   1   1   6.5e-40   3.9e-37  127.1   6.4     3   252     6   289     3   293 0.79 -
6500_g               -            505 8041at5794           -            443     3e-37  127.5   9.4   1   2    0.0072       4.3    5.1   0.1     3    38    11    46     8    47 0.92 -
6500_g               -            505 8041at5794           -            443     3e-37  127.5   9.4   2   2   1.4e-38   8.2e-36  122.8   6.2    70   405    47   441    46   494 0.74 -
151_g                -            543 8041at5794           -            443   6.2e-26   90.2  13.9   1   1   1.4e-27   8.6e-25   86.5  13.9    13   438    21   525     8   530 0.69 -
6781_g               -            246 8041at5794           -            443   9.2e-15   53.4   1.7   1   1   8.7e-17   5.3e-14   50.9   1.7   310   435    75   229     6   236 0.73 -
2055_g               -            526 8041at5794           -            443   6.2e-10   37.5   9.1   1   1   1.2e-10   7.5e-08   30.6   9.1    27   436    29   517     4   521 0.65 -
3447_g               -            724 8041at5794           -            443   8.6e-10   37.0   0.7   1   2   1.4e-12   8.6e-10   37.0   0.7    13   124    75   196    67   248 0.83 -
3447_g               -            724 8041at5794           -            443   8.6e-10   37.0   0.7   2   2       1.9   1.1e+03   -2.9   0.0   371   395   565   589   550   627 0.71 -
1860_g               -            595 8041at5794           -            443   4.3e-09   34.7   0.2   1   3       2.8   1.7e+03   -3.5   0.1   289   316    18    45    15    51 0.83 -
1860_g               -            595 8041at5794           -            443   4.3e-09   34.7   0.2   2   3   7.2e-12   4.3e-09   34.7   0.2    25   122    64   171    53   193 0.81 -
1860_g               -            595 8041at5794           -            443   4.3e-09   34.7   0.2   3   3      0.35   2.1e+02   -0.5   0.2   297   395   406   513   377   547 0.65 -
6956_g               -            117 8041at5794           -            443   8.5e-05   20.6   0.0   1   1   1.5e-07   9.2e-05   20.5   0.0    20    82    22    89     4   109 0.76 -
#
# Program:         hmmsearch
# Version:         3.1b2 (February 2015)
# Pipeline mode:   SEARCH
# Query file:      /mnt/e/Bioinformatics/Semester2/BINP29/Malaria Project/Genomes/Parsed/busco_downloads/lineages/apicomplexa_odb10/hmms/8041at5794.hmm
# Target file:     /mnt/e/Bioinformatics/Semester2/BINP29/Malaria Project/Genomes/Parsed/Pb_new.faa
# Option settings: hmmsearch --domtblout /mnt/e/Bioinformatics/Semester2/BINP29/Malaria Project/Genomes/Parsed/Pb/run_apicomplexa_odb10/hmmer_output/initial_run_results/8041at5794.out --cpu 1 /mnt/e/Bioinformatics/Semester2/BINP29/Malaria Project/Genomes/Parsed/busco_downloads/lineages/apicomplexa_odb10/hmms/8041at5794.hmm /mnt/e/Bioinformatics/Semester2/BINP29/Malaria Project/Genomes/Parsed/Pb_new.faa 
# Current dir:     /mnt/e/Bioinformatics/Semester2/BINP29/Malaria Project/Genomes/Parsed
# Date:            Wed Mar  1 19:22:36 2023
# [ok]
