#                                                                            --- full sequence --- -------------- this domain -------------   hmm coord   ali coord   env coord
# target name        accession   tlen query name           accession   qlen   E-value  score  bias   #  of  c-Evalue  i-Evalue  score  bias  from    to  from    to  from    to  acc description of target
#------------------- ---------- ----- -------------------- ---------- ----- --------- ------ ----- --- --- --------- --------- ------ ----- ----- ----- ----- ----- ----- ----- ---- ---------------------
6626_g               -            281 8389at5794           -            454  3.2e-113  377.5   5.4   1   2   1.1e-67   2.7e-64  216.2   0.2   223   348     1   131     1   145 0.95 -
6626_g               -            281 8389at5794           -            454  3.2e-113  377.5   5.4   2   2   8.7e-52   2.1e-48  163.8   0.9   344   453   161   273   150   274 0.94 -
3751_g               -            348 8389at5794           -            454   1.2e-63  214.0  11.1   1   3   7.2e-10   1.7e-06   25.6   0.3     1    30    10    39    10    53 0.91 -
3751_g               -            348 8389at5794           -            454   1.2e-63  214.0  11.1   2   3   3.3e-15     8e-12   43.2   1.1    27    89    61   138    43   159 0.77 -
3751_g               -            348 8389at5794           -            454   1.2e-63  214.0  11.1   3   3   5.3e-48   1.3e-44  151.3   0.3    88   189   228   348   185   348 0.85 -
3753_g               -            373 8389at5794           -            454   2.4e-07   28.5   0.5   1   2   2.2e-10   5.2e-07   27.4   0.1   225   363   125   271    50   274 0.75 -
3753_g               -            373 8389at5794           -            454   2.4e-07   28.5   0.5   2   2      0.14   3.4e+02   -1.7   0.0   233   273   300   340   289   354 0.78 -
#
# Program:         hmmsearch
# Version:         3.1b2 (February 2015)
# Pipeline mode:   SEARCH
# Query file:      /mnt/e/Bioinformatics/Semester2/BINP29/Malaria Project/Genomes/Parsed/busco_downloads/lineages/apicomplexa_odb10/hmms/8389at5794.hmm
# Target file:     /mnt/e/Bioinformatics/Semester2/BINP29/Malaria Project/Genomes/Parsed/Pb_new.faa
# Option settings: hmmsearch --domtblout /mnt/e/Bioinformatics/Semester2/BINP29/Malaria Project/Genomes/Parsed/Pb/run_apicomplexa_odb10/hmmer_output/initial_run_results/8389at5794.out --cpu 1 /mnt/e/Bioinformatics/Semester2/BINP29/Malaria Project/Genomes/Parsed/busco_downloads/lineages/apicomplexa_odb10/hmms/8389at5794.hmm /mnt/e/Bioinformatics/Semester2/BINP29/Malaria Project/Genomes/Parsed/Pb_new.faa 
# Current dir:     /mnt/e/Bioinformatics/Semester2/BINP29/Malaria Project/Genomes/Parsed
# Date:            Wed Mar  1 19:22:36 2023
# [ok]
