#                                                                            --- full sequence --- -------------- this domain -------------   hmm coord   ali coord   env coord
# target name        accession   tlen query name           accession   qlen   E-value  score  bias   #  of  c-Evalue  i-Evalue  score  bias  from    to  from    to  from    to  acc description of target
#------------------- ---------- ----- -------------------- ---------- ----- --------- ------ ----- --- --- --------- --------- ------ ----- ----- ----- ----- ----- ----- ----- ---- ---------------------
6370_g               -            650 8677at5794           -            432  5.5e-182  604.0  54.2   1   2   1.2e-97   3.3e-95  318.0  42.4     1   230    36   289    36   316 0.93 -
6370_g               -            650 8677at5794           -            432  5.5e-182  604.0  54.2   2   2     2e-89   5.4e-87  290.9   4.0   228   429   324   565   316   571 0.90 -
3860_g               -           1076 8677at5794           -            432     3e-40  136.9   9.7   1   3       1.3   3.4e+02   -1.7   1.0   208   267   113   170    94   176 0.66 -
3860_g               -           1076 8677at5794           -            432     3e-40  136.9   9.7   2   3   6.4e-20   1.7e-17   61.9   0.0   254   411   466   645   453   659 0.74 -
3860_g               -           1076 8677at5794           -            432     3e-40  136.9   9.7   3   3   3.8e-25     1e-22   79.2   0.0   246   412   805   994   774  1008 0.77 -
209_g                -            423 8677at5794           -            432   8.8e-19   66.2   3.0   1   2     0.031       8.4    3.6   2.9    58   154    17   111     3   130 0.66 -
209_g                -            423 8677at5794           -            432   8.8e-19   66.2   3.0   2   2   1.6e-19   4.2e-17   60.7   0.0   247   410   193   380   181   398 0.74 -
986_g                -            421 8677at5794           -            432   2.1e-17   61.7   0.0   1   1   1.3e-19   3.4e-17   61.0   0.0   255   373   197   331   191   355 0.82 -
2292_g               -            494 8677at5794           -            432   1.9e-16   58.5   0.0   1   1   1.1e-18   2.9e-16   57.9   0.0   255   422   240   429   230   440 0.74 -
1537_g               -            785 8677at5794           -            432   2.9e-15   54.6   5.5   1   3       3.7   9.8e+02   -3.2   0.5   296   362   105   179   100   185 0.47 -
1537_g               -            785 8677at5794           -            432   2.9e-15   54.6   5.5   2   3   8.7e-13   2.3e-10   38.4   0.1   244   418   293   505   278   519 0.69 -
1537_g               -            785 8677at5794           -            432   2.9e-15   54.6   5.5   3   3   1.8e-06   0.00049   17.6   0.1   248   317   578   654   530   702 0.68 -
6806_g               -            386 8677at5794           -            432   2.1e-14   51.8   0.0   1   1   1.2e-16   3.1e-14   51.2   0.0   255   409   198   380   186   384 0.74 -
3051_g               -           1010 8677at5794           -            432   2.8e-13   48.0   0.0   1   6      0.01       2.8    5.2   0.1   254   273   311   330   302   336 0.85 -
3051_g               -           1010 8677at5794           -            432   2.8e-13   48.0   0.0   2   6       1.1     3e+02   -1.5   0.4   121   159   332   370   330   387 0.77 -
3051_g               -           1010 8677at5794           -            432   2.8e-13   48.0   0.0   3   6       1.1     3e+02   -1.5   0.0   300   318   423   441   410   454 0.82 -
3051_g               -           1010 8677at5794           -            432   2.8e-13   48.0   0.0   4   6     1e-15   2.8e-13   48.0   0.0   254   363   659   779   631   795 0.78 -
3051_g               -           1010 8677at5794           -            432   2.8e-13   48.0   0.0   5   6       9.1   2.4e+03   -4.5   5.3    40    88   862   912   826   919 0.56 -
3051_g               -           1010 8677at5794           -            432   2.8e-13   48.0   0.0   6   6      0.87   2.3e+02   -1.1   0.0   392   417   922   947   913   958 0.83 -
1269_g               -            431 8677at5794           -            432   3.8e-13   47.6   1.9   1   2       2.7   7.3e+02   -2.8   1.3    53    61    79    87    22   131 0.59 -
1269_g               -            431 8677at5794           -            432   3.8e-13   47.6   1.9   2   2   1.6e-15   4.3e-13   47.4   0.0   255   370   148   275   134   360 0.80 -
756_g                -            673 8677at5794           -            432   2.1e-12   45.1   3.4   1   1     8e-15   2.1e-12   45.1   3.4   115   364   138   393   103   446 0.64 -
3942_g               -            362 8677at5794           -            432   4.7e-12   44.0   0.0   1   2       3.9     1e+03   -3.3   1.4   125   147    25    47    12    58 0.49 -
3942_g               -            362 8677at5794           -            432   4.7e-12   44.0   0.0   2   2   1.8e-14   4.7e-12   44.0   0.0   255   371   221   353   198   356 0.74 -
3028_g               -            617 8677at5794           -            432   8.6e-12   43.1   9.8   1   1   6.4e-14   1.7e-11   42.2   9.8    68   421   195   566   131   571 0.69 -
6379_g               -            247 8677at5794           -            432   3.7e-10   37.8   0.7   1   1   1.9e-12   5.1e-10   37.3   0.2   253   321    44   119     8   140 0.81 -
5843_g               -            225 8677at5794           -            432   2.4e-09   35.1   0.8   1   1   1.6e-11   4.4e-09   34.2   0.8   204   324    74   199     4   209 0.66 -
6576_g               -            769 8677at5794           -            432   1.5e-08   32.5   0.0   1   3   5.5e-11   1.5e-08   32.5   0.0   255   322   254   327   243   333 0.84 -
6576_g               -            769 8677at5794           -            432   1.5e-08   32.5   0.0   2   3       4.7   1.3e+03   -3.5   0.0   148   174   377   403   371   408 0.85 -
6576_g               -            769 8677at5794           -            432   1.5e-08   32.5   0.0   3   3      0.84   2.3e+02   -1.1   0.8    83   124   699   740   678   746 0.75 -
1580_g               -            195 8677at5794           -            432   1.6e-05   22.5   0.2   1   1     7e-08   1.9e-05   22.3   0.2   304   373    30   109    18   166 0.68 -
2682_g               -            271 8677at5794           -            432   2.1e-05   22.1   0.0   1   1   1.3e-07   3.5e-05   21.4   0.0   255   289   210   244   204   260 0.86 -
6430_g               -            489 8677at5794           -            432   7.4e-05   20.3   1.6   1   1     4e-06    0.0011   16.5   1.5   255   307   298   352   287   447 0.79 -
2806_g               -            121 8677at5794           -            432   8.1e-05   20.2   0.0   1   1   3.5e-07   9.4e-05   19.9   0.0   255   303    64   114    47   120 0.84 -
2954_g               -            333 8677at5794           -            432   9.7e-05   19.9   0.0   1   1     6e-07   0.00016   19.2   0.0   254   289   284   319   256   324 0.77 -
1612_g               -            249 8677at5794           -            432    0.0002   18.9   0.0   1   1   1.4e-06   0.00037   18.0   0.0   327   414    33   130     1   150 0.65 -
5273_g               -            130 8677at5794           -            432    0.0013   16.2   0.1   1   1   5.7e-06    0.0015   16.0   0.1   342   411    13    93     5   111 0.72 -
2078_g               -            504 8677at5794           -            432    0.0045   14.4   0.1   1   2       0.8   2.1e+02   -1.0  10.6    17    92    24   104    20   124 0.74 -
2078_g               -            504 8677at5794           -            432    0.0045   14.4   0.1   2   2   1.7e-05    0.0045   14.4   0.1   227   289   126   188   118   237 0.73 -
1143_g               -            330 8677at5794           -            432    0.0045   14.4   0.0   1   1     2e-05    0.0053   14.2   0.0   239   269    15    46     3   218 0.86 -
1977_g               -            331 8677at5794           -            432     0.034   11.5   4.1   1   3   0.00018     0.049   11.0   0.0   247   276    29    59    13    66 0.76 -
1977_g               -            331 8677at5794           -            432     0.034   11.5   4.1   2   3       2.8   7.5e+02   -2.8   0.1   357   394   117   156   114   161 0.74 -
1977_g               -            331 8677at5794           -            432     0.034   11.5   4.1   3   3      0.17        45    1.2   0.3   356   391   254   288   237   327 0.67 -
1035_g               -            823 8677at5794           -            432     0.043   11.2  14.5   1   3   3.7e-05      0.01   13.3   0.3   239   327   149   256    66   280 0.73 -
1035_g               -            823 8677at5794           -            432     0.043   11.2  14.5   2   3     0.068        18    2.5   2.8   256   276   569   589   391   596 0.82 -
1035_g               -            823 8677at5794           -            432     0.043   11.2  14.5   3   3       2.3   6.3e+02   -2.5   0.3   118   151   746   777   717   784 0.70 -
5220_g               -            296 8677at5794           -            432      0.55    7.5   7.0   1   1    0.0028      0.74    7.1   7.0    89   152   176   242   155   259 0.76 -
#
# Program:         hmmsearch
# Version:         3.1b2 (February 2015)
# Pipeline mode:   SEARCH
# Query file:      /mnt/e/Bioinformatics/Semester2/BINP29/Malaria Project/Genomes/Parsed/busco_downloads/lineages/apicomplexa_odb10/hmms/8677at5794.hmm
# Target file:     /mnt/e/Bioinformatics/Semester2/BINP29/Malaria Project/Genomes/Parsed/Pb_new.faa
# Option settings: hmmsearch --domtblout /mnt/e/Bioinformatics/Semester2/BINP29/Malaria Project/Genomes/Parsed/Pb/run_apicomplexa_odb10/hmmer_output/initial_run_results/8677at5794.out --cpu 1 /mnt/e/Bioinformatics/Semester2/BINP29/Malaria Project/Genomes/Parsed/busco_downloads/lineages/apicomplexa_odb10/hmms/8677at5794.hmm /mnt/e/Bioinformatics/Semester2/BINP29/Malaria Project/Genomes/Parsed/Pb_new.faa 
# Current dir:     /mnt/e/Bioinformatics/Semester2/BINP29/Malaria Project/Genomes/Parsed
# Date:            Wed Mar  1 19:22:37 2023
# [ok]
