#                                                                            --- full sequence --- -------------- this domain -------------   hmm coord   ali coord   env coord
# target name        accession   tlen query name           accession   qlen   E-value  score  bias   #  of  c-Evalue  i-Evalue  score  bias  from    to  from    to  from    to  acc description of target
#------------------- ---------- ----- -------------------- ---------- ----- --------- ------ ----- --- --- --------- --------- ------ ----- ----- ----- ----- ----- ----- ----- ---- ---------------------
6708_g               -            445 8735at5794           -            365  1.8e-146  486.4  32.7   1   3   1.7e-44   4.3e-42  142.9   1.7     2   114     9   150     8   183 0.84 -
6708_g               -            445 8735at5794           -            365  1.8e-146  486.4  32.7   2   3   2.2e-90   5.4e-88  293.9   4.8   108   282   188   374   177   375 0.93 -
6708_g               -            445 8735at5794           -            365  1.8e-146  486.4  32.7   3   3   1.6e-19     4e-17   60.8  11.1   307   362   375   430   374   433 0.95 -
4807_g               -            229 8735at5794           -            365  1.6e-103  345.0   7.8   1   1  7.6e-106  1.9e-103  344.8   7.8   163   362     1   208     1   211 0.95 -
4473_g               -            670 8735at5794           -            365   2.1e-20   71.6  21.1   1   3   1.4e-08   3.6e-06   24.7   0.3   217   348   121   248    93   270 0.65 -
4473_g               -            670 8735at5794           -            365   2.1e-20   71.6  21.1   2   3   1.4e-13   3.5e-11   41.2  12.1    89   357   350   627   296   632 0.66 -
4473_g               -            670 8735at5794           -            365   2.1e-20   71.6  21.1   3   3   0.00058      0.15    9.6   0.0    81   108   641   668   636   669 0.55 -
2477_g               -            603 8735at5794           -            365     2e-12   45.3  11.3   1   5      0.24        60    1.0   0.1   132   178     4    49     1    58 0.83 -
2477_g               -            603 8735at5794           -            365     2e-12   45.3  11.3   2   5       0.3        74    0.7   0.7   229   256   239   266   234   321 0.76 -
2477_g               -            603 8735at5794           -            365     2e-12   45.3  11.3   3   5       1.2     3e+02   -1.3   0.0    88   107   301   320   266   336 0.70 -
2477_g               -            603 8735at5794           -            365     2e-12   45.3  11.3   4   5   5.3e-13   1.3e-10   39.3   0.6   139   258   438   560   413   566 0.83 -
2477_g               -            603 8735at5794           -            365     2e-12   45.3  11.3   5   5    0.0018      0.45    8.0   0.0   221   250   566   595   555   599 0.87 -
6629_g               -            542 8735at5794           -            365   2.8e-12   44.8   5.2   1   3   2.4e-08   5.9e-06   24.0   0.4   128   252   268   390   227   397 0.80 -
6629_g               -            542 8735at5794           -            365   2.8e-12   44.8   5.2   2   3   0.00013     0.034   11.7   1.0    76   151   397   479   389   495 0.79 -
6629_g               -            542 8735at5794           -            365   2.8e-12   44.8   5.2   3   3   0.00063      0.16    9.5   0.0   224   250   492   518   478   522 0.85 -
1892_g               -            465 8735at5794           -            365   3.6e-12   44.5  24.6   1   4   0.00052      0.13    9.7   0.0    76   111   219   254   205   262 0.89 -
1892_g               -            465 8735at5794           -            365   3.6e-12   44.5  24.6   2   4   0.00019     0.048   11.2   0.4    77   112   262   297   257   314 0.83 -
1892_g               -            465 8735at5794           -            365   3.6e-12   44.5  24.6   3   4   2.1e-12   5.2e-10   37.4   0.9   194   293   322   424   311   432 0.90 -
1892_g               -            465 8735at5794           -            365   3.6e-12   44.5  24.6   4   4       0.2        51    1.2   0.0    88   109   441   462   429   464 0.82 -
3714_g               -            323 8735at5794           -            365   1.3e-10   39.4  12.5   1   4     2e-06   0.00049   17.7   2.8   224   296    38   114    25   130 0.77 -
3714_g               -            323 8735at5794           -            365   1.3e-10   39.4  12.5   2   4   6.5e-05     0.016   12.7   2.4   143   250    83   189    61   195 0.71 -
3714_g               -            323 8735at5794           -            365   1.3e-10   39.4  12.5   3   4    0.0019      0.49    7.8   0.0    76   110   198   232   195   241 0.93 -
3714_g               -            323 8735at5794           -            365   1.3e-10   39.4  12.5   4   4   0.00087      0.22    9.0   0.0   195   245   267   317   250   320 0.86 -
5115_g               -            438 8735at5794           -            365   1.5e-10   39.1   5.1   1   3      0.05        12    3.2   0.1   263   294    54    85    12    94 0.80 -
5115_g               -            438 8735at5794           -            365   1.5e-10   39.1   5.1   2   3     0.011       2.8    5.4   0.0    76   116    89   129    80   136 0.86 -
5115_g               -            438 8735at5794           -            365   1.5e-10   39.1   5.1   3   3   7.5e-08   1.9e-05   22.4   0.2   219   292   182   260   175   272 0.79 -
6503_g               -            500 8735at5794           -            365   1.1e-09   36.3   1.6   1   2   2.5e-08   6.3e-06   23.9   0.3    72   251   245   416   234   465 0.71 -
6503_g               -            500 8735at5794           -            365   1.1e-09   36.3   1.6   2   2    0.0081         2    5.8   0.0    76   108   467   499   459   499 0.92 -
1638_g               -            643 8735at5794           -            365   2.3e-09   35.2   1.2   1   2    0.0099       2.5    5.5   0.0   224   253   166   195   152   246 0.76 -
1638_g               -            643 8735at5794           -            365   2.3e-09   35.2   1.2   2   2   2.3e-09   5.6e-07   27.4   0.3   181   250   458   531   423   551 0.82 -
1815_g               -            609 8735at5794           -            365   2.4e-09   35.2  17.7   1   4   0.00011     0.027   12.0   0.1    77   113    10    49     7    60 0.81 -
1815_g               -            609 8735at5794           -            365   2.4e-09   35.2  17.7   2   4      0.36        90    0.4   0.0   223   249    83   109    73   116 0.68 -
1815_g               -            609 8735at5794           -            365   2.4e-09   35.2  17.7   3   4   3.5e-08   8.7e-06   23.5   4.9    77   312   123   352   118   393 0.62 -
1815_g               -            609 8735at5794           -            365   2.4e-09   35.2  17.7   4   4      0.71   1.8e+02   -0.6   0.0   228   250   565   587   544   594 0.66 -
2357_g               -            146 8735at5794           -            365   2.9e-09   34.9   1.1   1   3    0.0026      0.64    7.4   0.0    72   118    13    61     5    71 0.80 -
2357_g               -            146 8735at5794           -            365   2.9e-09   34.9   1.1   2   3   0.00044      0.11   10.0   0.1   261   288    73   100    68   109 0.81 -
2357_g               -            146 8735at5794           -            365   2.9e-09   34.9   1.1   3   3   1.1e-05    0.0027   15.3   0.0   219   250   112   143   103   146 0.86 -
6392_g               -            623 8735at5794           -            365   4.1e-09   34.4   6.0   1   4    0.0048       1.2    6.5   0.0   254   294   332   372   327   376 0.83 -
6392_g               -            623 8735at5794           -            365   4.1e-09   34.4   6.0   2   4    0.0022      0.54    7.7   0.1   216   251   376   411   372   423 0.86 -
6392_g               -            623 8735at5794           -            365   4.1e-09   34.4   6.0   3   4   3.1e-05    0.0077   13.8   0.2   175   288   418   536   412   548 0.78 -
6392_g               -            623 8735at5794           -            365   4.1e-09   34.4   6.0   4   4    0.0025      0.62    7.5   0.5   225   294   512   589   502   600 0.61 -
5089_g               -            505 8735at5794           -            365   6.7e-09   33.7  11.5   1   5      0.38        95    0.3   0.0   267   299    41    73    17   100 0.75 -
5089_g               -            505 8735at5794           -            365   6.7e-09   33.7  11.5   2   5    0.0076       1.9    5.9   0.1    65   121   130   188   124   218 0.76 -
5089_g               -            505 8735at5794           -            365   6.7e-09   33.7  11.5   3   5      0.38        95    0.3   0.0    72   107   252   287   195   295 0.72 -
5089_g               -            505 8735at5794           -            365   6.7e-09   33.7  11.5   4   5   9.7e-10   2.4e-07   28.6   3.0    64   112   284   333   267   430 0.74 -
5089_g               -            505 8735at5794           -            365   6.7e-09   33.7  11.5   5   5      0.29        71    0.7   0.2   236   299   387   411   376   463 0.57 -
1308_g               -            431 8735at5794           -            365   8.1e-09   33.4   8.2   1   2   2.2e-05    0.0055   14.2   3.5    75   190   163   293   148   294 0.70 -
1308_g               -            431 8735at5794           -            365   8.1e-09   33.4   8.2   2   2   7.1e-09   1.8e-06   25.7   1.4   114   256   253   418   247   424 0.72 -
4364_g               -            607 8735at5794           -            365   2.1e-08   32.1  10.3   1   5   9.4e-05     0.023   12.2   0.0    76   112    27    63    17    76 0.87 -
4364_g               -            607 8735at5794           -            365   2.1e-08   32.1  10.3   2   5   3.4e-05    0.0085   13.6   0.3   237   290    89   145    74   163 0.79 -
4364_g               -            607 8735at5794           -            365   2.1e-08   32.1  10.3   3   5     0.033       8.3    3.8   0.0   263   292   230   259   225   268 0.87 -
4364_g               -            607 8735at5794           -            365   2.1e-08   32.1  10.3   4   5      0.02         5    4.5   0.2    93   254   285   305   259   388 0.61 -
4364_g               -            607 8735at5794           -            365   2.1e-08   32.1  10.3   5   5       1.2   2.9e+02   -1.3   0.2   147   174   526   551   477   564 0.70 -
2336_g               -            341 8735at5794           -            365   2.8e-07   28.4   0.5   1   4   0.00037     0.093   10.2   0.0   261   298   111   148   102   162 0.83 -
2336_g               -            341 8735at5794           -            365   2.8e-07   28.4   0.5   2   4   1.6e-05     0.004   14.7   0.1   264   302   176   214   170   243 0.75 -
2336_g               -            341 8735at5794           -            365   2.8e-07   28.4   0.5   3   4         2   5.1e+02   -2.1   0.0   267   293   289   315   275   326 0.73 -
2336_g               -            341 8735at5794           -            365   2.8e-07   28.4   0.5   4   4       1.3   3.2e+02   -1.4   0.0    76    97   319   340   313   341 0.92 -
3486_g               -            619 8735at5794           -            365   5.2e-07   27.5  20.1   1   6    0.0062       1.5    6.2   0.1    75   116   299   340   252   345 0.89 -
3486_g               -            619 8735at5794           -            365   5.2e-07   27.5  20.1   2   6   1.4e-06   0.00034   18.2   0.0    77   112   343   378   336   382 0.89 -
3486_g               -            619 8735at5794           -            365   5.2e-07   27.5  20.1   3   6     0.042        11    3.4   0.0    82   117   390   425   378   429 0.64 -
3486_g               -            619 8735at5794           -            365   5.2e-07   27.5  20.1   4   6    0.0015      0.38    8.2   0.0    74   120   424   470   420   495 0.77 -
3486_g               -            619 8735at5794           -            365   5.2e-07   27.5  20.1   5   6      0.34        85    0.5   0.0    76   117   468   508   458   518 0.73 -
3486_g               -            619 8735at5794           -            365   5.2e-07   27.5  20.1   6   6      0.33        82    0.5   0.0    85   110   573   598   559   606 0.69 -
2533_g               -            451 8735at5794           -            365   5.3e-07   27.5   1.1   1   3       0.6   1.5e+02   -0.3   0.0   144   179   155   191   146   196 0.72 -
2533_g               -            451 8735at5794           -            365   5.3e-07   27.5   1.1   2   3       2.5   6.4e+02   -2.4   0.0    79   111   196   228   177   242 0.80 -
2533_g               -            451 8735at5794           -            365   5.3e-07   27.5   1.1   3   3   1.5e-08   3.8e-06   24.7   0.4   147   258   306   421   260   428 0.83 -
2932_g               -            447 8735at5794           -            365   1.3e-06   26.2   0.6   1   3       3.4   8.4e+02   -2.8   0.0   182   210   152   181   137   186 0.54 -
2932_g               -            447 8735at5794           -            365   1.3e-06   26.2   0.6   2   3   9.2e-08   2.3e-05   22.1   0.3    90   248   215   366   200   372 0.72 -
2932_g               -            447 8735at5794           -            365   1.3e-06   26.2   0.6   3   3    0.0011      0.26    8.7   0.1    74   168   332   429   331   432 0.80 -
3892_g               -            514 8735at5794           -            365   2.5e-06   25.3   3.3   1   3    0.0038      0.95    6.9   0.1    79   173   183   279   161   291 0.62 -
3892_g               -            514 8735at5794           -            365   2.5e-06   25.3   3.3   2   3   3.9e-06   0.00098   16.7   0.3   139   254   324   444   308   463 0.83 -
3892_g               -            514 8735at5794           -            365   2.5e-06   25.3   3.3   3   3      0.32        81    0.5   0.0    75   111   471   508   467   511 0.79 -
3820_g               -            206 8735at5794           -            365   5.4e-06   24.1   1.5   1   1   2.8e-08     7e-06   23.8   1.5   135   252    27   146    25   163 0.80 -
984_g                -            527 8735at5794           -            365   7.5e-06   23.7   8.1   1   5       5.7   1.4e+03   -3.6   0.0   142   165   112   139   104   159 0.60 -
984_g                -            527 8735at5794           -            365   7.5e-06   23.7   8.1   2   5     0.012       2.9    5.3   0.1   262   289   222   249   204   266 0.86 -
984_g                -            527 8735at5794           -            365   7.5e-06   23.7   8.1   3   5   6.7e-05     0.017   12.7   0.1    76   113   266   303   261   312 0.87 -
984_g                -            527 8735at5794           -            365   7.5e-06   23.7   8.1   4   5     0.001      0.26    8.8   0.1   220   287   311   381   305   391 0.72 -
984_g                -            527 8735at5794           -            365   7.5e-06   23.7   8.1   5   5       1.6   3.9e+02   -1.7   0.0    87   108   463   484   440   515 0.75 -
2323_g               -            422 8735at5794           -            365   7.8e-06   23.6  18.3   1   4   0.00053      0.13    9.7   0.3   261   289    70    98    54   107 0.88 -
2323_g               -            422 8735at5794           -            365   7.8e-06   23.6  18.3   2   4   1.3e-05    0.0032   15.0   0.5    81   147   113   184   105   190 0.78 -
2323_g               -            422 8735at5794           -            365   7.8e-06   23.6  18.3   3   4    0.0065       1.6    6.1   0.2    76   114   150   188   144   277 0.88 -
2323_g               -            422 8735at5794           -            365   7.8e-06   23.6  18.3   4   4      0.13        33    1.8   4.6   272   355   299   386   266   393 0.58 -
2383_g               -            439 8735at5794           -            365   3.7e-05   21.4   0.5   1   2   5.7e-05     0.014   12.9   0.0   218   264   134   181   122   190 0.70 -
2383_g               -            439 8735at5794           -            365   3.7e-05   21.4   0.5   2   2    0.0097       2.4    5.6   0.2   151   188   203   240   185   263 0.71 -
124_g                -            350 8735at5794           -            365   6.6e-05   20.6   2.8   1   3   4.7e-07   0.00012   19.8   0.1   229   306    75   159    70   166 0.81 -
124_g                -            350 8735at5794           -            365   6.6e-05   20.6   2.8   2   3      0.38        95    0.3   0.2   182   256   189   263   185   268 0.73 -
124_g                -            350 8735at5794           -            365   6.6e-05   20.6   2.8   3   3       5.8   1.4e+03   -3.6   0.0   239   248   332   341   317   344 0.82 -
2100_g               -            328 8735at5794           -            365   0.00021   18.9   0.9   1   2    0.0075       1.9    5.9   0.5    83   115    13    45     4   205 0.85 -
2100_g               -            328 8735at5794           -            365   0.00021   18.9   0.9   2   2    0.0012      0.31    8.5   0.0   207   256   274   323   259   326 0.83 -
2016_g               -            113 8735at5794           -            365    0.0039   14.7   0.2   1   1   2.2e-05    0.0055   14.2   0.2   112   173    14    79     1    91 0.71 -
4025_g               -            134 8735at5794           -            365    0.0069   13.9   0.8   1   1   4.1e-05      0.01   13.4   0.7   144   218    48   123    25   128 0.77 -
#
# Program:         hmmsearch
# Version:         3.1b2 (February 2015)
# Pipeline mode:   SEARCH
# Query file:      /mnt/e/Bioinformatics/Semester2/BINP29/Malaria Project/Genomes/Parsed/busco_downloads/lineages/apicomplexa_odb10/hmms/8735at5794.hmm
# Target file:     /mnt/e/Bioinformatics/Semester2/BINP29/Malaria Project/Genomes/Parsed/Pb_new.faa
# Option settings: hmmsearch --domtblout /mnt/e/Bioinformatics/Semester2/BINP29/Malaria Project/Genomes/Parsed/Pb/run_apicomplexa_odb10/hmmer_output/initial_run_results/8735at5794.out --cpu 1 /mnt/e/Bioinformatics/Semester2/BINP29/Malaria Project/Genomes/Parsed/busco_downloads/lineages/apicomplexa_odb10/hmms/8735at5794.hmm /mnt/e/Bioinformatics/Semester2/BINP29/Malaria Project/Genomes/Parsed/Pb_new.faa 
# Current dir:     /mnt/e/Bioinformatics/Semester2/BINP29/Malaria Project/Genomes/Parsed
# Date:            Wed Mar  1 19:22:37 2023
# [ok]
