#                                                                            --- full sequence --- -------------- this domain -------------   hmm coord   ali coord   env coord
# target name        accession   tlen query name           accession   qlen   E-value  score  bias   #  of  c-Evalue  i-Evalue  score  bias  from    to  from    to  from    to  acc description of target
#------------------- ---------- ----- -------------------- ---------- ----- --------- ------ ----- --- --- --------- --------- ------ ----- ----- ----- ----- ----- ----- ----- ---- ---------------------
1486_g               -            584 9322at5794           -            487  1.5e-170  567.0  19.5   1   2   7.5e-66   2.4e-63  213.5   7.2     1   138     1   169     1   170 0.83 -
1486_g               -            584 9322at5794           -            487  1.5e-170  567.0  19.5   2   2  5.4e-109  1.7e-106  355.8   4.4   192   486   169   517   168   521 0.87 -
2915_g               -            525 9322at5794           -            487   1.7e-22   78.7   2.1   1   2       3.4   1.1e+03   -3.1   0.1   178   233   105   166   101   214 0.56 -
2915_g               -            525 9322at5794           -            487   1.7e-22   78.7   2.1   2   2   5.6e-25   1.7e-22   78.7   2.1   237   452   278   517   233   522 0.79 -
6667_g               -            218 9322at5794           -            487   1.2e-17   62.7   0.8   1   1   6.2e-20   1.9e-17   62.0   0.8    57   130     7    81     2    87 0.87 -
976_g                -            445 9322at5794           -            487   1.3e-16   59.4   0.5   1   1   6.3e-19     2e-16   58.7   0.5    69   133   353   417   344   427 0.93 -
530_g                -            606 9322at5794           -            487   5.3e-16   57.3   2.2   1   1   3.6e-18   1.1e-15   56.2   2.2    29   129    60   155    32   159 0.76 -
1301_g               -            356 9322at5794           -            487     2e-15   55.4   0.7   1   1   9.4e-18   2.9e-15   54.9   0.7    67   137    55   124    42   162 0.92 -
4755_g               -            138 9322at5794           -            487   1.2e-14   52.9   4.6   1   1   5.8e-17   1.8e-14   52.2   4.6    69   133    10    73     5   129 0.92 -
647_g                -            322 9322at5794           -            487   1.3e-14   52.7   2.3   1   1   5.5e-17   1.7e-14   52.3   1.4    69   133    10    73     5    80 0.92 -
3385_g               -            347 9322at5794           -            487   1.8e-13   48.9   1.4   1   1   8.7e-16   2.7e-13   48.4   1.4    69   132    49   111     8   117 0.93 -
6706_g               -            609 9322at5794           -            487   2.9e-13   48.3   0.4   1   1   1.4e-15   4.5e-13   47.7   0.4    66   137    70   140    58   161 0.90 -
5512_g               -            332 9322at5794           -            487     7e-13   47.0   0.2   1   1   3.1e-15   9.6e-13   46.6   0.2    67   134     1    71     1    81 0.86 -
5453_g               -            429 9322at5794           -            487   8.8e-11   40.1   0.3   1   2   2.8e-13   8.8e-11   40.1   0.3    67   133    37   100    31   111 0.90 -
5453_g               -            429 9322at5794           -            487   8.8e-11   40.1   0.3   2   2       1.5   4.8e+02   -1.9   0.2   141   141   303   303   219   399 0.59 -
1911_g               -            303 9322at5794           -            487   1.6e-10   39.2   3.2   1   3   1.1e-10   3.3e-08   31.6   0.2    63    99     4    40     1    47 0.91 -
1911_g               -            303 9322at5794           -            487   1.6e-10   39.2   3.2   2   3    0.0016      0.49    7.9   0.0   108   132    78   102    61   108 0.88 -
1911_g               -            303 9322at5794           -            487   1.6e-10   39.2   3.2   3   3       5.6   1.8e+03   -3.8   0.1   327   354   257   284   241   295 0.71 -
899_g                -            414 9322at5794           -            487   2.1e-10   38.8   0.1   1   1   1.2e-12   3.6e-10   38.1   0.1    66   133    15    78     8    84 0.90 -
3369_g               -            619 9322at5794           -            487   4.6e-10   37.7   0.0   1   1   2.9e-12   9.2e-10   36.7   0.0    56   132   286   365   266   373 0.84 -
5016_g               -            236 9322at5794           -            487   8.4e-09   33.6   3.2   1   1   3.7e-11   1.2e-08   33.1   3.2    61   129    95   162    74   166 0.85 -
4229_g               -            359 9322at5794           -            487   1.8e-08   32.5   1.9   1   1     9e-11   2.8e-08   31.8   1.9    63   133   196   265   182   272 0.92 -
2926_g               -            328 9322at5794           -            487   1.1e-06   26.6   0.2   1   3   3.4e-09   1.1e-06   26.6   0.2    64   129   104   168    83   173 0.85 -
2926_g               -            328 9322at5794           -            487   1.1e-06   26.6   0.2   2   3       1.5   4.7e+02   -1.9   0.2   322   350   230   258   207   264 0.78 -
2926_g               -            328 9322at5794           -            487   1.1e-06   26.6   0.2   3   3       6.6   2.1e+03   -4.0   0.9   214   232   296   314   274   317 0.67 -
3920_g               -            103 9322at5794           -            487   6.6e-06   24.0   2.2   1   1   2.6e-08   8.3e-06   23.7   2.2    74   128     1    55     1    63 0.86 -
128_g                -            151 9322at5794           -            487   2.1e-05   22.4   2.9   1   2   1.3e-07   4.1e-05   21.4   0.2    66    98     7    39     2    47 0.92 -
128_g                -            151 9322at5794           -            487   2.1e-05   22.4   2.9   2   2      0.13        40    1.6   0.2   321   373    60   113    43   136 0.53 -
3174_g               -            309 9322at5794           -            487    0.0013   16.5   0.1   1   1   5.6e-06    0.0018   16.0   0.1    90   134     1    48     1    58 0.81 -
4326_g               -            210 9322at5794           -            487    0.0026   15.5   0.2   1   1     1e-05    0.0033   15.1   0.2    98   139     1    43     1    45 0.88 -
3461_g               -            105 9322at5794           -            487     0.013   13.1   0.0   1   1   5.1e-05     0.016   12.8   0.0    63    98    60    95    50   103 0.91 -
#
# Program:         hmmsearch
# Version:         3.1b2 (February 2015)
# Pipeline mode:   SEARCH
# Query file:      /mnt/e/Bioinformatics/Semester2/BINP29/Malaria Project/Genomes/Parsed/busco_downloads/lineages/apicomplexa_odb10/hmms/9322at5794.hmm
# Target file:     /mnt/e/Bioinformatics/Semester2/BINP29/Malaria Project/Genomes/Parsed/Pb_new.faa
# Option settings: hmmsearch --domtblout /mnt/e/Bioinformatics/Semester2/BINP29/Malaria Project/Genomes/Parsed/Pb/run_apicomplexa_odb10/hmmer_output/initial_run_results/9322at5794.out --cpu 1 /mnt/e/Bioinformatics/Semester2/BINP29/Malaria Project/Genomes/Parsed/busco_downloads/lineages/apicomplexa_odb10/hmms/9322at5794.hmm /mnt/e/Bioinformatics/Semester2/BINP29/Malaria Project/Genomes/Parsed/Pb_new.faa 
# Current dir:     /mnt/e/Bioinformatics/Semester2/BINP29/Malaria Project/Genomes/Parsed
# Date:            Wed Mar  1 19:22:38 2023
# [ok]
