#                                                                            --- full sequence --- -------------- this domain -------------   hmm coord   ali coord   env coord
# target name        accession   tlen query name           accession   qlen   E-value  score  bias   #  of  c-Evalue  i-Evalue  score  bias  from    to  from    to  from    to  acc description of target
#------------------- ---------- ----- -------------------- ---------- ----- --------- ------ ----- --- --- --------- --------- ------ ----- ----- ----- ----- ----- ----- ----- ---- ---------------------
415_g                -            307 11003at5794          -            359  4.3e-179  593.1   1.5   1   1  3.2e-181  4.8e-179  593.0   1.5    74   359     3   301     1   301 0.97 length=307	scaffold=contig00094	strand=+
614_g                -            410 11003at5794          -            359     1e-84  282.7   1.1   1   1     9e-87   1.3e-84  282.3   1.1    11   358    17   386    11   387 0.91 length=410	scaffold=contig00153	strand=-
2346_g               -            475 11003at5794          -            359   1.3e-76  256.0   3.0   1   2     7e-20     1e-17   62.3   0.0    11    73    59   121    52   124 0.94 length=475	scaffold=contig01063	strand=+
2346_g               -            475 11003at5794          -            359   1.3e-76  256.0   3.0   2   2   1.9e-59   2.8e-57  192.4   2.3    73   359   160   467   156   467 0.88 length=475	scaffold=contig01063	strand=+
2740_g               -            829 11003at5794          -            359     4e-54  182.0   2.7   1   1   4.6e-56   6.8e-54  181.3   2.7    12   351   120   480   111   486 0.89 length=829	scaffold=contig01396	strand=+	adjustedToFrame=2
431_g                -            835 11003at5794          -            359   4.1e-51  172.1   9.1   1   1   1.4e-51   2.1e-49  166.5   9.1    15   351   422   815   415   821 0.78 length=835	scaffold=contig00100	strand=+
532_g                -            625 11003at5794          -            359   1.8e-49  166.7   0.5   1   1   3.2e-51   4.7e-49  165.4   0.5    12   340   178   540   175   557 0.84 length=625	scaffold=contig00130	strand=+	adjustedToFrame=2
3109_g               -           1088 11003at5794          -            359   5.7e-49  165.1   0.0   1   2   1.2e-19   1.8e-17   61.4   0.0    13   156   664   834   661   845 0.74 length=1088	scaffold=contig01710	strand=-	adjustedToFrame=3
3109_g               -           1088 11003at5794          -            359   5.7e-49  165.1   0.0   2   2   1.6e-31   2.4e-29  100.5   0.0   168   346   871  1049   862  1061 0.92 length=1088	scaffold=contig01710	strand=-	adjustedToFrame=3
1315_g               -            672 11003at5794          -            359   7.9e-48  161.3   4.7   1   3       6.6   9.8e+02   -3.4   0.0   311   346   178   212   173   221 0.65 length=672	scaffold=contig00447	strand=+
1315_g               -            672 11003at5794          -            359   7.9e-48  161.3   4.7   2   3   3.8e-09   5.6e-07   26.9   0.0    23    73   265   315   249   324 0.88 length=672	scaffold=contig00447	strand=+
1315_g               -            672 11003at5794          -            359   7.9e-48  161.3   4.7   3   3   1.1e-41   1.6e-39  134.0   2.3    71   335   355   636   340   660 0.85 length=672	scaffold=contig00447	strand=+
3430_g               -            514 11003at5794          -            359   1.1e-47  160.9   2.7   1   1     1e-49   1.5e-47  160.4   2.7    35   345   112   457    91   468 0.82 length=514	scaffold=contig02028	strand=-	adjustedToFrame=3
3072_g               -            850 11003at5794          -            359   5.7e-46  155.2   3.2   1   2     4e-08   5.9e-06   23.6   0.0    18    73   216   271   200   279 0.86 length=850	scaffold=contig01676	strand=-	adjustedToFrame=3
3072_g               -            850 11003at5794          -            359   5.7e-46  155.2   3.2   2   2   8.4e-41   1.2e-38  131.1   0.9    76   352   352   647   346   654 0.83 length=850	scaffold=contig01676	strand=-	adjustedToFrame=3
1855_g               -            637 11003at5794          -            359   2.8e-45  152.9   3.1   1   1   3.1e-47   4.6e-45  152.2   3.1    12   338   204   557   197   572 0.85 length=637	scaffold=contig00733	strand=-
2412_g               -            565 11003at5794          -            359   2.1e-44  150.1   0.0   1   2     3e-25   4.4e-23   79.9   0.0    28   183   117   297   105   330 0.77 length=565	scaffold=contig01123	strand=-
2412_g               -            565 11003at5794          -            359   2.1e-44  150.1   0.0   2   2   1.3e-21   1.9e-19   68.0   0.0   230   335   368   473   348   498 0.85 length=565	scaffold=contig01123	strand=-
414_g                -            133 11003at5794          -            359   2.6e-43  146.5   0.1   1   1   2.4e-45   3.6e-43  146.0   0.1     1    74    48   121    48   126 0.98 length=133	scaffold=contig00094	strand=+
1803_g               -            860 11003at5794          -            359   8.7e-42  141.5   3.9   1   3   6.3e-07   9.4e-05   19.6   0.0    13    73   306   368   295   371 0.84 length=860	scaffold=contig00699	strand=-	adjustedToFrame=3
1803_g               -            860 11003at5794          -            359   8.7e-42  141.5   3.9   2   3   5.6e-10   8.4e-08   29.7   0.0    75   154   400   491   392   502 0.78 length=860	scaffold=contig00699	strand=-	adjustedToFrame=3
1803_g               -            860 11003at5794          -            359   8.7e-42  141.5   3.9   3   3     1e-28   1.5e-26   91.3   0.8   164   342   537   715   526   730 0.90 length=860	scaffold=contig00699	strand=-	adjustedToFrame=3
2168_g               -            960 11003at5794          -            359   4.1e-40  135.9   9.4   1   1   4.5e-42   6.6e-40  135.3   9.4    11   353   184   563   176   568 0.76 length=960	scaffold=contig00936	strand=-	adjustedToFrame=3
2735_g               -           1342 11003at5794          -            359   3.2e-35  119.9   9.1   1   1   3.5e-37   5.2e-35  119.2   9.1    13   345   209   571   199   579 0.78 length=1342	scaffold=contig01391	strand=+
2051_g               -            744 11003at5794          -            359   3.8e-33  113.0  10.7   1   2   1.2e-11   1.7e-09   35.2   0.0    22    89   185   253   180   264 0.89 length=744	scaffold=contig00857	strand=-
2051_g               -            744 11003at5794          -            359   3.8e-33  113.0  10.7   2   2   1.1e-24   1.7e-22   78.0   8.2    73   340   284   565   278   579 0.77 length=744	scaffold=contig00857	strand=-
898_g                -            660 11003at5794          -            359   4.3e-27   93.1   8.6   1   1   3.9e-29   5.8e-27   92.7   8.6     9   345   181   553   171   565 0.77 length=660	scaffold=contig00256	strand=-	adjustedToFrame=2
1950_g               -            867 11003at5794          -            359   9.7e-24   82.1  12.0   1   3   3.2e-09   4.7e-07   27.2   0.0    12    76     3    67     1    71 0.90 length=867	scaffold=contig00792	strand=-
1950_g               -            867 11003at5794          -            359   9.7e-24   82.1  12.0   2   3   5.8e-05    0.0087   13.2   0.1    72   175   384   503   377   516 0.73 length=867	scaffold=contig00792	strand=-
1950_g               -            867 11003at5794          -            359   9.7e-24   82.1  12.0   3   3     8e-13   1.2e-10   39.0   7.1   248   334   650   736   502   746 0.92 length=867	scaffold=contig00792	strand=-
3534_g               -            844 11003at5794          -            359   1.5e-22   78.2  11.8   1   3   4.3e-18   6.3e-16   56.4   1.4    17   155   228   395   215   399 0.77 length=844	scaffold=contig02145	strand=-
3534_g               -            844 11003at5794          -            359   1.5e-22   78.2  11.8   2   3      0.44        66    0.4   1.0   172   237   558   628   519   646 0.60 length=844	scaffold=contig02145	strand=-
3534_g               -            844 11003at5794          -            359   1.5e-22   78.2  11.8   3   3   6.6e-09   9.9e-07   26.1   0.0   255   315   754   815   734   817 0.86 length=844	scaffold=contig02145	strand=-
2862_g               -           1321 11003at5794          -            359   1.5e-17   61.7  21.4   1   4      0.12        18    2.2   0.0    74   102    40    68    31    84 0.80 length=1321	scaffold=contig01501	strand=+	adjustedToFrame=2
2862_g               -           1321 11003at5794          -            359   1.5e-17   61.7  21.4   2   4   0.00021     0.031   11.4   0.9   127   186   235   297   230   336 0.66 length=1321	scaffold=contig01501	strand=+	adjustedToFrame=2
2862_g               -           1321 11003at5794          -            359   1.5e-17   61.7  21.4   3   4       5.9   8.7e+02   -3.3   1.0   211   274   361   428   358   441 0.69 length=1321	scaffold=contig01501	strand=+	adjustedToFrame=2
2862_g               -           1321 11003at5794          -            359   1.5e-17   61.7  21.4   4   4   2.3e-18   3.5e-16   57.2   5.9   215   351   574   703   550   709 0.91 length=1321	scaffold=contig01501	strand=+	adjustedToFrame=2
497_g                -            803 11003at5794          -            359   6.8e-11   39.8   0.1   1   1   8.9e-13   1.3e-10   38.9   0.1   200   336   352   490   344   512 0.85 length=803	scaffold=contig00117	strand=-
86_g                 -           1027 11003at5794          -            359   3.7e-10   37.4   5.3   1   4     0.032       4.8    4.1   0.0     9    50   109   150   101   161 0.86 length=1027	scaffold=contig00015	strand=-
86_g                 -           1027 11003at5794          -            359   3.7e-10   37.4   5.3   2   4       2.3   3.5e+02   -2.0   0.8   189   282   277   367   257   384 0.63 length=1027	scaffold=contig00015	strand=-
86_g                 -           1027 11003at5794          -            359   3.7e-10   37.4   5.3   3   4       1.7   2.5e+02   -1.5   0.0   111   146   482   527   477   556 0.56 length=1027	scaffold=contig00015	strand=-
86_g                 -           1027 11003at5794          -            359   3.7e-10   37.4   5.3   4   4   2.5e-12   3.7e-10   37.4   5.3   192   319   674   814   615   829 0.72 length=1027	scaffold=contig00015	strand=-
1853_g               -           1270 11003at5794          -            359   2.3e-06   24.9   0.5   1   2       5.7   8.4e+02   -3.2   0.0    30    72    48    90    44   101 0.85 length=1270	scaffold=contig00732	strand=+
1853_g               -           1270 11003at5794          -            359   2.3e-06   24.9   0.5   2   2   3.4e-08   5.1e-06   23.8   0.2   229   340   285   396   273   415 0.87 length=1270	scaffold=contig00732	strand=+
3324_g               -            113 11003at5794          -            359   3.1e-05   21.2   0.1   1   1   2.1e-07   3.2e-05   21.2   0.1   277   316     2    41     1    82 0.76 length=113	scaffold=contig01910	strand=+
#
# Program:         hmmsearch
# Version:         3.1b2 (February 2015)
# Pipeline mode:   SEARCH
# Query file:      /mnt/e/Bioinformatics/Semester2/BINP29/Malaria Project/Genomes/Parsed/busco_downloads/lineages/apicomplexa_odb10/hmms/11003at5794.hmm
# Target file:     /mnt/e/Bioinformatics/Semester2/BINP29/Malaria Project/Genomes/Parsed/Ht_new.faa
# Option settings: hmmsearch --domtblout /mnt/e/Bioinformatics/Semester2/BINP29/Malaria Project/Genomes/Parsed/Ht/run_apicomplexa_odb10/hmmer_output/initial_run_results/11003at5794.out --cpu 1 /mnt/e/Bioinformatics/Semester2/BINP29/Malaria Project/Genomes/Parsed/busco_downloads/lineages/apicomplexa_odb10/hmms/11003at5794.hmm /mnt/e/Bioinformatics/Semester2/BINP29/Malaria Project/Genomes/Parsed/Ht_new.faa 
# Current dir:     /mnt/e/Bioinformatics/Semester2/BINP29/Malaria Project/Genomes/Parsed
# Date:            Wed Mar  1 19:26:30 2023
# [ok]
