#                                                                            --- full sequence --- -------------- this domain -------------   hmm coord   ali coord   env coord
# target name        accession   tlen query name           accession   qlen   E-value  score  bias   #  of  c-Evalue  i-Evalue  score  bias  from    to  from    to  from    to  acc description of target
#------------------- ---------- ----- -------------------- ---------- ----- --------- ------ ----- --- --- --------- --------- ------ ----- ----- ----- ----- ----- ----- ----- ---- ---------------------
441_g                -            430 11259at5794          -            280   7.4e-69  229.9  19.1   1   2     2e-19   1.9e-16   58.0   2.9    10    88    45   137    34   150 0.83 length=430	scaffold=contig00103	strand=+
441_g                -            430 11259at5794          -            280   7.4e-69  229.9  19.1   2   2   2.5e-54   2.3e-51  172.5   8.9    68   279   146   401   136   402 0.81 length=430	scaffold=contig00103	strand=+
864_g                -            401 11259at5794          -            280   1.3e-10   38.8   0.1   1   3   1.4e-13   1.3e-10   38.8   0.1    84   185    34   140    17   151 0.79 length=401	scaffold=contig00246	strand=-
864_g                -            401 11259at5794          -            280   1.3e-10   38.8   0.1   2   3     0.032        29    1.6   0.1    46    92   143   185   127   204 0.70 length=401	scaffold=contig00246	strand=-
864_g                -            401 11259at5794          -            280   1.3e-10   38.8   0.1   3   3     0.079        74    0.3   0.3    65    95   302   334   289   345 0.67 length=401	scaffold=contig00246	strand=-
863_g                -            100 11259at5794          -            280   7.2e-08   29.8   0.1   1   1   1.2e-10   1.1e-07   29.2   0.1    95   135    27    71    17    81 0.79 length=100	scaffold=contig00246	strand=-
649_g                -            165 11259at5794          -            280   1.2e-05   22.6   0.0   1   1   1.6e-08   1.5e-05   22.2   0.0   114   166    25    83    12   107 0.78 length=165	scaffold=contig00167	strand=+
#
# Program:         hmmsearch
# Version:         3.1b2 (February 2015)
# Pipeline mode:   SEARCH
# Query file:      /mnt/e/Bioinformatics/Semester2/BINP29/Malaria Project/Genomes/Parsed/busco_downloads/lineages/apicomplexa_odb10/hmms/11259at5794.hmm
# Target file:     /mnt/e/Bioinformatics/Semester2/BINP29/Malaria Project/Genomes/Parsed/Ht_new.faa
# Option settings: hmmsearch --domtblout /mnt/e/Bioinformatics/Semester2/BINP29/Malaria Project/Genomes/Parsed/Ht/run_apicomplexa_odb10/hmmer_output/initial_run_results/11259at5794.out --cpu 1 /mnt/e/Bioinformatics/Semester2/BINP29/Malaria Project/Genomes/Parsed/busco_downloads/lineages/apicomplexa_odb10/hmms/11259at5794.hmm /mnt/e/Bioinformatics/Semester2/BINP29/Malaria Project/Genomes/Parsed/Ht_new.faa 
# Current dir:     /mnt/e/Bioinformatics/Semester2/BINP29/Malaria Project/Genomes/Parsed
# Date:            Wed Mar  1 19:26:30 2023
# [ok]
