#                                                                            --- full sequence --- -------------- this domain -------------   hmm coord   ali coord   env coord
# target name        accession   tlen query name           accession   qlen   E-value  score  bias   #  of  c-Evalue  i-Evalue  score  bias  from    to  from    to  from    to  acc description of target
#------------------- ---------- ----- -------------------- ---------- ----- --------- ------ ----- --- --- --------- --------- ------ ----- ----- ----- ----- ----- ----- ----- ---- ---------------------
1572_g               -           1325 1204at5794           -            996  1.3e-105  351.8   8.9   1   5     9e-58   3.3e-55  185.0   0.6    98   316   198   415   149   421 0.83 length=1325	scaffold=contig00573	strand=+	adjustedToFrame=3
1572_g               -           1325 1204at5794           -            996  1.3e-105  351.8   8.9   2   5        10   3.7e+03  -16.2  23.3   813   890   416   494   412   505 0.58 length=1325	scaffold=contig00573	strand=+	adjustedToFrame=3
1572_g               -           1325 1204at5794           -            996  1.3e-105  351.8   8.9   3   5     8e-05      0.03    9.7   4.2   326   395   528   604   505   607 0.75 length=1325	scaffold=contig00573	strand=+	adjustedToFrame=3
1572_g               -           1325 1204at5794           -            996  1.3e-105  351.8   8.9   4   5     0.019       7.2    1.8   0.0   426   453   613   640   608   644 0.89 length=1325	scaffold=contig00573	strand=+	adjustedToFrame=3
1572_g               -           1325 1204at5794           -            996  1.3e-105  351.8   8.9   5   5   2.1e-56   7.8e-54  180.4   2.2   477   653   644   828   640   869 0.89 length=1325	scaffold=contig00573	strand=+	adjustedToFrame=3
1960_g               -           2021 1204at5794           -            996   5.3e-82  273.7  15.2   1   6        10   3.7e+03  -10.6   8.9   835   892    52   107    34   209 0.47 length=2021	scaffold=contig00798	strand=-
1960_g               -           2021 1204at5794           -            996   5.3e-82  273.7  15.2   2   6        10   3.7e+03   -7.4   6.7   826   865   284   323   268   353 0.63 length=2021	scaffold=contig00798	strand=-
1960_g               -           2021 1204at5794           -            996   5.3e-82  273.7  15.2   3   6        10   3.7e+03   -8.5   9.0   827   900   338   415   324   428 0.58 length=2021	scaffold=contig00798	strand=-
1960_g               -           2021 1204at5794           -            996   5.3e-82  273.7  15.2   4   6     9e-50   3.3e-47  158.5   5.0   118   395   538   829   513   839 0.85 length=2021	scaffold=contig00798	strand=-
1960_g               -           2021 1204at5794           -            996   5.3e-82  273.7  15.2   5   6       1.3   4.7e+02   -4.2   4.8   829   891  1544  1608  1524  1627 0.61 length=2021	scaffold=contig00798	strand=-
1960_g               -           2021 1204at5794           -            996   5.3e-82  273.7  15.2   6   6   1.8e-41   6.8e-39  131.0   2.6   463   610  1668  1815  1634  1908 0.92 length=2021	scaffold=contig00798	strand=-
2617_g               -           1772 1204at5794           -            996   4.6e-80  267.3   3.7   1   7   4.2e-42   1.6e-39  133.1   0.1   111   395   121   427    70   439 0.79 length=1772	scaffold=contig01284	strand=-	adjustedToFrame=2
2617_g               -           1772 1204at5794           -            996   4.6e-80  267.3   3.7   2   7   1.1e-45   3.9e-43  145.0   0.7   473   620   461   609   452   622 0.93 length=1772	scaffold=contig01284	strand=-	adjustedToFrame=2
2617_g               -           1772 1204at5794           -            996   4.6e-80  267.3   3.7   3   7        10   3.7e+03   -8.1   5.7    50   130  1127  1205  1116  1217 0.56 length=1772	scaffold=contig01284	strand=-	adjustedToFrame=2
2617_g               -           1772 1204at5794           -            996   4.6e-80  267.3   3.7   4   7        10   3.7e+03  -16.8  20.2   819   878  1342  1401  1273  1405 0.69 length=1772	scaffold=contig01284	strand=-	adjustedToFrame=2
2617_g               -           1772 1204at5794           -            996   4.6e-80  267.3   3.7   5   7        10   3.7e+03   -9.9  15.0   819   888  1342  1411  1334  1430 0.77 length=1772	scaffold=contig01284	strand=-	adjustedToFrame=2
2617_g               -           1772 1204at5794           -            996   4.6e-80  267.3   3.7   6   7        10   3.7e+03   -7.2   6.2    80   121  1527  1568  1495  1645 0.57 length=1772	scaffold=contig01284	strand=-	adjustedToFrame=2
2617_g               -           1772 1204at5794           -            996   4.6e-80  267.3   3.7   7   7       2.7     1e+03   -5.3   4.2   808   856  1689  1737  1669  1748 0.61 length=1772	scaffold=contig01284	strand=-	adjustedToFrame=2
1858_g               -           2150 1204at5794           -            996   3.7e-67  224.5   4.3   1   7        10   3.7e+03   -9.2   7.8   793   869   813   886   706   913 0.62 length=2150	scaffold=contig00735	strand=-
1858_g               -           2150 1204at5794           -            996   3.7e-67  224.5   4.3   2   7   1.5e-51   5.7e-49  164.3   1.9    84   401   958  1278   944  1298 0.85 length=2150	scaffold=contig00735	strand=-
1858_g               -           2150 1204at5794           -            996   3.7e-67  224.5   4.3   3   7   6.4e-05     0.024   10.0   1.2   476   523  1306  1354  1295  1368 0.89 length=2150	scaffold=contig00735	strand=-
1858_g               -           2150 1204at5794           -            996   3.7e-67  224.5   4.3   4   7        10   3.7e+03  -18.9  28.8   816   895  1392  1471  1385  1482 0.75 length=2150	scaffold=contig00735	strand=-
1858_g               -           2150 1204at5794           -            996   3.7e-67  224.5   4.3   5   7   2.9e-23   1.1e-20   70.7   0.0   522   611  1490  1579  1478  1627 0.87 length=2150	scaffold=contig00735	strand=-
1858_g               -           2150 1204at5794           -            996   3.7e-67  224.5   4.3   6   7        10   3.7e+03  -11.4  14.6   815   872  1725  1782  1714  1827 0.62 length=2150	scaffold=contig00735	strand=-
1858_g               -           2150 1204at5794           -            996   3.7e-67  224.5   4.3   7   7      0.23        84   -1.7   0.5    48   126  2025  2103  2008  2109 0.83 length=2150	scaffold=contig00735	strand=-
1034_g               -           2447 1204at5794           -            996   1.1e-57  193.2   7.4   1   4     2e-35   7.5e-33  111.0   1.7   119   399   129   437   106   448 0.80 length=2447	scaffold=contig00314	strand=-
1034_g               -           2447 1204at5794           -            996   1.1e-57  193.2   7.4   2   4   7.2e-31   2.7e-28   95.9   0.4   468   642   596   770   581   804 0.83 length=2447	scaffold=contig00314	strand=-
1034_g               -           2447 1204at5794           -            996   1.1e-57  193.2   7.4   3   4       1.3   4.7e+02   -4.2   2.5   855   941  1011  1096   998  1149 0.57 length=2447	scaffold=contig00314	strand=-
1034_g               -           2447 1204at5794           -            996   1.1e-57  193.2   7.4   4   4         1   3.8e+02   -3.9   1.6   594   679  1183  1271  1173  1304 0.72 length=2447	scaffold=contig00314	strand=-
848_g                -            951 1204at5794           -            996   9.4e-44  147.1   5.0   1   7        10   3.7e+03  -13.1  19.2   819   862    69   112    48   123 0.69 length=951	scaffold=contig00239	strand=-
848_g                -            951 1204at5794           -            996   9.4e-44  147.1   5.0   2   7       1.2   4.6e+02   -4.2   9.0   814   870    91   147    87   169 0.71 length=951	scaffold=contig00239	strand=-
848_g                -            951 1204at5794           -            996   9.4e-44  147.1   5.0   3   7     2e-35   7.6e-33  111.0   1.1   116   307   205   405   172   429 0.82 length=951	scaffold=contig00239	strand=-
848_g                -            951 1204at5794           -            996   9.4e-44  147.1   5.0   4   7      0.02       7.5    1.7   1.4   308   367   464   528   454   544 0.78 length=951	scaffold=contig00239	strand=-
848_g                -            951 1204at5794           -            996   9.4e-44  147.1   5.0   5   7   0.00012     0.044    9.2   1.5   379   494   670   796   644   808 0.66 length=951	scaffold=contig00239	strand=-
848_g                -            951 1204at5794           -            996   9.4e-44  147.1   5.0   6   7         7   2.6e+03   -6.7   6.4   817   876   828   886   823   894 0.48 length=951	scaffold=contig00239	strand=-
848_g                -            951 1204at5794           -            996   9.4e-44  147.1   5.0   7   7   4.8e-16   1.8e-13   46.9   0.1   502   555   895   947   883   949 0.91 length=951	scaffold=contig00239	strand=-
1876_g               -           1617 1204at5794           -            996   3.9e-37  125.2   9.1   1   8   2.9e-09   1.1e-06   24.4   0.1   118   166   205   255   150   261 0.80 length=1617	scaffold=contig00744	strand=-	adjustedToFrame=3
1876_g               -           1617 1204at5794           -            996   3.9e-37  125.2   9.1   2   8     0.007       2.6    3.3   0.1   165   193   371   399   366   438 0.73 length=1617	scaffold=contig00744	strand=-	adjustedToFrame=3
1876_g               -           1617 1204at5794           -            996   3.9e-37  125.2   9.1   3   8       8.5   3.2e+03   -6.9   5.8   822   859   550   587   529   636 0.69 length=1617	scaffold=contig00744	strand=-	adjustedToFrame=3
1876_g               -           1617 1204at5794           -            996   3.9e-37  125.2   9.1   4   8       0.2        73   -1.5   0.2    29   103   636   710   613   724 0.73 length=1617	scaffold=contig00744	strand=-	adjustedToFrame=3
1876_g               -           1617 1204at5794           -            996   3.9e-37  125.2   9.1   5   8   2.2e-13   8.1e-11   38.1   0.0   239   296   966  1023   950  1028 0.88 length=1617	scaffold=contig00744	strand=-	adjustedToFrame=3
1876_g               -           1617 1204at5794           -            996   3.9e-37  125.2   9.1   6   8      0.17        62   -1.3   0.2   326   373  1094  1144  1088  1156 0.74 length=1617	scaffold=contig00744	strand=-	adjustedToFrame=3
1876_g               -           1617 1204at5794           -            996   3.9e-37  125.2   9.1   7   8       2.3   8.5e+02   -5.1   3.0    35   126  1223  1322  1203  1360 0.51 length=1617	scaffold=contig00744	strand=-	adjustedToFrame=3
1876_g               -           1617 1204at5794           -            996   3.9e-37  125.2   9.1   8   8   5.1e-27   1.9e-24   83.2   4.1   428   623  1418  1611  1394  1615 0.74 length=1617	scaffold=contig00744	strand=-	adjustedToFrame=3
1219_g               -            934 1204at5794           -            996   1.1e-36  123.6  13.8   1   2   8.6e-21   3.2e-18   62.6   0.2    98   358   297   553   266   576 0.76 length=934	scaffold=contig00399	strand=+	adjustedToFrame=2
1219_g               -            934 1204at5794           -            996   1.1e-36  123.6  13.8   2   2   8.7e-23   3.2e-20   69.2   2.1   478   627   646   794   627   862 0.83 length=934	scaffold=contig00399	strand=+	adjustedToFrame=2
3551_g               -           1002 1204at5794           -            996   2.7e-31  105.8  14.6   1   5   0.00041      0.15    7.4   0.0   139   160   190   211   176   218 0.90 length=1002	scaffold=contig02169	strand=-
3551_g               -           1002 1204at5794           -            996   2.7e-31  105.8  14.6   2   5    0.0049       1.8    3.8   0.0   167   238   246   314   237   321 0.84 length=1002	scaffold=contig02169	strand=-
3551_g               -           1002 1204at5794           -            996   2.7e-31  105.8  14.6   3   5     1e-15   3.7e-13   45.8   0.2   243   430   435   644   422   653 0.77 length=1002	scaffold=contig02169	strand=-
3551_g               -           1002 1204at5794           -            996   2.7e-31  105.8  14.6   4   5      0.59   2.2e+02   -3.1   3.4   697   733   716   751   704   764 0.76 length=1002	scaffold=contig02169	strand=-
3551_g               -           1002 1204at5794           -            996   2.7e-31  105.8  14.6   5   5   1.7e-18   6.3e-16   55.0   0.0   530   612   887   970   877   986 0.84 length=1002	scaffold=contig02169	strand=-
206_g                -            132 1204at5794           -            996     0.023   10.1   5.1   1   1   6.3e-05     0.023   10.0   5.1   827   907     5    87     1   112 0.73 length=132	scaffold=contig00042	strand=+
#
# Program:         hmmsearch
# Version:         3.1b2 (February 2015)
# Pipeline mode:   SEARCH
# Query file:      /mnt/e/Bioinformatics/Semester2/BINP29/Malaria Project/Genomes/Parsed/busco_downloads/lineages/apicomplexa_odb10/hmms/1204at5794.hmm
# Target file:     /mnt/e/Bioinformatics/Semester2/BINP29/Malaria Project/Genomes/Parsed/Ht_new.faa
# Option settings: hmmsearch --domtblout /mnt/e/Bioinformatics/Semester2/BINP29/Malaria Project/Genomes/Parsed/Ht/run_apicomplexa_odb10/hmmer_output/initial_run_results/1204at5794.out --cpu 1 /mnt/e/Bioinformatics/Semester2/BINP29/Malaria Project/Genomes/Parsed/busco_downloads/lineages/apicomplexa_odb10/hmms/1204at5794.hmm /mnt/e/Bioinformatics/Semester2/BINP29/Malaria Project/Genomes/Parsed/Ht_new.faa 
# Current dir:     /mnt/e/Bioinformatics/Semester2/BINP29/Malaria Project/Genomes/Parsed
# Date:            Wed Mar  1 19:26:32 2023
# [ok]
