#                                                                            --- full sequence --- -------------- this domain -------------   hmm coord   ali coord   env coord
# target name        accession   tlen query name           accession   qlen   E-value  score  bias   #  of  c-Evalue  i-Evalue  score  bias  from    to  from    to  from    to  acc description of target
#------------------- ---------- ----- -------------------- ---------- ----- --------- ------ ----- --- --- --------- --------- ------ ----- ----- ----- ----- ----- ----- ----- ---- ---------------------
3539_g               -            822 12644at5794          -            286   7.4e-92  305.3  13.5   1   4     7e-56   8.4e-54  180.4   1.1    23   170    22   196     8   209 0.85 length=822	scaffold=contig02152	strand=-
3539_g               -            822 12644at5794          -            286   7.4e-92  305.3  13.5   2   4     2e-15   2.5e-13   47.6   0.0   167   211   280   324   274   335 0.87 length=822	scaffold=contig02152	strand=-
3539_g               -            822 12644at5794          -            286   7.4e-92  305.3  13.5   3   4      0.22        26    1.6   0.3   158   231   376   455   370   488 0.72 length=822	scaffold=contig02152	strand=-
3539_g               -            822 12644at5794          -            286   7.4e-92  305.3  13.5   4   4   7.8e-26   9.4e-24   81.8   0.2   230   286   663   723   641   723 0.94 length=822	scaffold=contig02152	strand=-
3186_g               -            363 12644at5794          -            286   7.2e-20   69.1   1.8   1   2   1.8e-10   2.2e-08   31.4   1.9    54   168    72   191    68   197 0.78 length=363	scaffold=contig01777	strand=-
3186_g               -            363 12644at5794          -            286   7.2e-20   69.1   1.8   2   2   2.2e-11   2.7e-09   34.4   0.0    27   160   214   357   204   361 0.83 length=363	scaffold=contig01777	strand=-
2101_g               -            568 12644at5794          -            286     2e-19   67.6   1.2   1   3   1.8e-10   2.2e-08   31.4   0.3    24   131   290   395   276   403 0.85 length=568	scaffold=contig00890	strand=-	adjustedToFrame=3
2101_g               -            568 12644at5794          -            286     2e-19   67.6   1.2   2   3     0.084        10    2.9   0.0   255   285   405   435   391   436 0.81 length=568	scaffold=contig00890	strand=-	adjustedToFrame=3
2101_g               -            568 12644at5794          -            286     2e-19   67.6   1.2   3   3   7.1e-11   8.5e-09   32.7   0.1    33   164   429   564   413   567 0.73 length=568	scaffold=contig00890	strand=-	adjustedToFrame=3
981_g                -           1456 12644at5794          -            286   3.8e-18   63.4   3.4   1   4     2e-06   0.00024   18.1   0.0    12    89     5    83     2    90 0.79 length=1456	scaffold=contig00288	strand=-
981_g                -           1456 12644at5794          -            286   3.8e-18   63.4   3.4   2   4    0.0036      0.43    7.4   0.1    40    87    78   123    74   127 0.84 length=1456	scaffold=contig00288	strand=-
981_g                -           1456 12644at5794          -            286   3.8e-18   63.4   3.4   3   4   1.7e-06    0.0002   18.4   0.1    26    91   106   169    94   183 0.86 length=1456	scaffold=contig00288	strand=-
981_g                -           1456 12644at5794          -            286   3.8e-18   63.4   3.4   4   4   3.2e-08   3.8e-06   24.0   0.2    49   134   249   336   228   343 0.75 length=1456	scaffold=contig00288	strand=-
3197_g               -            689 12644at5794          -            286   3.4e-17   60.3  11.7   1   4   6.5e-06   0.00078   16.4   0.0    45    85   276   316   267   323 0.87 length=689	scaffold=contig01786	strand=-
3197_g               -            689 12644at5794          -            286   3.4e-17   60.3  11.7   2   4   6.7e-11   8.1e-09   32.8   0.9    50   131   324   401   318   412 0.85 length=689	scaffold=contig01786	strand=-
3197_g               -            689 12644at5794          -            286   3.4e-17   60.3  11.7   3   4   4.6e-06   0.00055   16.9   0.3    56   131   372   447   366   488 0.92 length=689	scaffold=contig01786	strand=-
3197_g               -            689 12644at5794          -            286   3.4e-17   60.3  11.7   4   4   7.4e-05    0.0089   13.0   0.2    50   131   496   580   481   597 0.75 length=689	scaffold=contig01786	strand=-
1295_g               -           1320 12644at5794          -            286   2.3e-14   51.0   6.2   1   5      0.42        50    0.7   0.0   218   248    66    96    47   102 0.83 length=1320	scaffold=contig00438	strand=-
1295_g               -           1320 12644at5794          -            286   2.3e-14   51.0   6.2   2   5     4e-05    0.0048   13.9   0.1    46    88    98   140    91   147 0.89 length=1320	scaffold=contig00438	strand=-
1295_g               -           1320 12644at5794          -            286   2.3e-14   51.0   6.2   3   5     0.026       3.1    4.6   0.1   123   181   148   206   139   213 0.85 length=1320	scaffold=contig00438	strand=-
1295_g               -           1320 12644at5794          -            286   2.3e-14   51.0   6.2   4   5      0.23        27    1.5   0.0    34    85   182   230   174   274 0.75 length=1320	scaffold=contig00438	strand=-
1295_g               -           1320 12644at5794          -            286   2.3e-14   51.0   6.2   5   5   1.6e-10   1.9e-08   31.6   0.1    51   214   792   958   750   987 0.75 length=1320	scaffold=contig00438	strand=-
487_g                -            586 12644at5794          -            286   2.5e-13   47.6   1.4   1   3       0.2        24    1.7   0.1   231   271   243   288   215   301 0.64 length=586	scaffold=contig00114	strand=-	adjustedToFrame=2
487_g                -            586 12644at5794          -            286   2.5e-13   47.6   1.4   2   3     0.022       2.7    4.8   0.0    65    98   301   334   292   352 0.75 length=586	scaffold=contig00114	strand=-	adjustedToFrame=2
487_g                -            586 12644at5794          -            286   2.5e-13   47.6   1.4   3   3   1.3e-12   1.6e-10   38.4   0.0     6   199   356   551   351   559 0.81 length=586	scaffold=contig00114	strand=-	adjustedToFrame=2
2733_g               -            602 12644at5794          -            286   4.9e-12   43.3   6.0   1   6       5.4   6.4e+02   -3.0   0.4   165   191   204   230   198   236 0.61 length=602	scaffold=contig01389	strand=+
2733_g               -            602 12644at5794          -            286   4.9e-12   43.3   6.0   2   6    0.0019      0.22    8.4   0.1    57    89   355   387   307   390 0.75 length=602	scaffold=contig01389	strand=+
2733_g               -            602 12644at5794          -            286   4.9e-12   43.3   6.0   3   6   0.00011     0.014   12.4   0.2    57   112   355   406   349   423 0.76 length=602	scaffold=contig01389	strand=+
2733_g               -            602 12644at5794          -            286   4.9e-12   43.3   6.0   4   6   1.6e-10   1.9e-08   31.6   0.1    15   133   396   514   391   523 0.81 length=602	scaffold=contig01389	strand=+
2733_g               -            602 12644at5794          -            286   4.9e-12   43.3   6.0   5   6     0.014       1.7    5.5   0.0    55   121   478   542   473   581 0.72 length=602	scaffold=contig01389	strand=+
2733_g               -            602 12644at5794          -            286   4.9e-12   43.3   6.0   6   6      0.17        20    2.0   0.0    55    92   552   589   537   594 0.83 length=602	scaffold=contig01389	strand=+
1512_g               -           1215 12644at5794          -            286   1.3e-11   42.0  12.6   1   5     0.023       2.8    4.8   0.0    59   120   127   189   117   204 0.77 length=1215	scaffold=contig00540	strand=-
1512_g               -           1215 12644at5794          -            286   1.3e-11   42.0  12.6   2   5       1.1   1.3e+02   -0.7   0.1    52    94   211   253   199   263 0.88 length=1215	scaffold=contig00540	strand=-
1512_g               -           1215 12644at5794          -            286   1.3e-11   42.0  12.6   3   5       2.6   3.2e+02   -2.0   0.0    60    89   367   397   351   420 0.72 length=1215	scaffold=contig00540	strand=-
1512_g               -           1215 12644at5794          -            286   1.3e-11   42.0  12.6   4   5   2.1e-05    0.0026   14.7   0.1   208   283   421   498   416   501 0.87 length=1215	scaffold=contig00540	strand=-
1512_g               -           1215 12644at5794          -            286   1.3e-11   42.0  12.6   5   5   5.3e-08   6.4e-06   23.3   1.7    26   180   562   727   547   791 0.78 length=1215	scaffold=contig00540	strand=-
742_g                -           1216 12644at5794          -            286   1.4e-11   41.8  10.1   1   3   1.1e-09   1.4e-07   28.8   1.0    25   130   295   405   271   416 0.81 length=1216	scaffold=contig00197	strand=+
742_g                -           1216 12644at5794          -            286   1.4e-11   41.8  10.1   2   3    0.0018      0.21    8.4   0.2    66   130   454   524   426   525 0.74 length=1216	scaffold=contig00197	strand=+
742_g                -           1216 12644at5794          -            286   1.4e-11   41.8  10.1   3   3   0.00013     0.016   12.1   0.6    56   129   492   568   491   573 0.71 length=1216	scaffold=contig00197	strand=+
2342_g               -           1036 12644at5794          -            286   3.8e-11   40.4   2.2   1   2   0.00031     0.037   10.9   0.2    51    87   313   349   306   360 0.88 length=1036	scaffold=contig01059	strand=-
2342_g               -           1036 12644at5794          -            286   3.8e-11   40.4   2.2   2   2   4.8e-09   5.7e-07   26.7   0.1    25   199   373   550   366   568 0.80 length=1036	scaffold=contig01059	strand=-
748_g                -           1133 12644at5794          -            286   9.1e-11   39.2  18.7   1   6    0.0017      0.21    8.5   0.4    47   176     5   139     1   151 0.72 length=1133	scaffold=contig00200	strand=+
748_g                -           1133 12644at5794          -            286   9.1e-11   39.2  18.7   2   6   9.9e-07   0.00012   19.1   0.1    29    89   159   224   145   228 0.78 length=1133	scaffold=contig00200	strand=+
748_g                -           1133 12644at5794          -            286   9.1e-11   39.2  18.7   3   6   6.1e-06   0.00074   16.5   0.1    48   104   225   281   221   313 0.85 length=1133	scaffold=contig00200	strand=+
748_g                -           1133 12644at5794          -            286   9.1e-11   39.2  18.7   4   6       3.5   4.2e+02   -2.4   0.0   109   130   398   419   390   432 0.87 length=1133	scaffold=contig00200	strand=+
748_g                -           1133 12644at5794          -            286   9.1e-11   39.2  18.7   5   6     0.071       8.6    3.2   0.1   242   281   449   487   440   493 0.84 length=1133	scaffold=contig00200	strand=+
748_g                -           1133 12644at5794          -            286   9.1e-11   39.2  18.7   6   6      0.38        46    0.8   0.7    76   127  1057  1114  1041  1120 0.66 length=1133	scaffold=contig00200	strand=+
1639_g               -            628 12644at5794          -            286     1e-08   32.4  12.2   1   6       1.4   1.6e+02   -1.0   0.1    85   130    67   111    61   123 0.76 length=628	scaffold=contig00609	strand=+
1639_g               -            628 12644at5794          -            286     1e-08   32.4  12.2   2   6         3   3.6e+02   -2.2   0.1    92    92   119   119    81   174 0.52 length=628	scaffold=contig00609	strand=+
1639_g               -            628 12644at5794          -            286     1e-08   32.4  12.2   3   6       0.8        96   -0.3   0.0    60    92   273   306   263   318 0.64 length=628	scaffold=contig00609	strand=+
1639_g               -            628 12644at5794          -            286     1e-08   32.4  12.2   4   6     0.032       3.8    4.3   0.1    50    94   321   366   309   384 0.73 length=628	scaffold=contig00609	strand=+
1639_g               -            628 12644at5794          -            286     1e-08   32.4  12.2   5   6      0.21        25    1.7   0.1   255   284   365   398   351   400 0.70 length=628	scaffold=contig00609	strand=+
1639_g               -            628 12644at5794          -            286     1e-08   32.4  12.2   6   6   1.3e-10   1.6e-08   31.9   0.4    51   131   448   529   443   537 0.78 length=628	scaffold=contig00609	strand=+
893_g                -            534 12644at5794          -            286   2.4e-08   31.2   3.7   1   3   0.00094      0.11    9.3   0.1    39    91    95   145    69   160 0.83 length=534	scaffold=contig00255	strand=-
893_g                -            534 12644at5794          -            286   2.4e-08   31.2   3.7   2   3     0.089        11    2.9   0.0   108   280   330   390   289   410 0.64 length=534	scaffold=contig00255	strand=-
893_g                -            534 12644at5794          -            286   2.4e-08   31.2   3.7   3   3   3.3e-06   0.00039   17.4   0.1    58   107   413   462   406   470 0.90 length=534	scaffold=contig00255	strand=-
331_g                -           1321 12644at5794          -            286   3.4e-07   27.4   2.4   1   3   0.00025      0.03   11.2   0.0    50    84   164   199   159   213 0.83 length=1321	scaffold=contig00073	strand=-
331_g                -           1321 12644at5794          -            286   3.4e-07   27.4   2.4   2   3      0.06       7.3    3.4   0.0    68   125   218   275   213   285 0.76 length=1321	scaffold=contig00073	strand=-
331_g                -           1321 12644at5794          -            286   3.4e-07   27.4   2.4   3   3   0.00035     0.041   10.8   0.2    50   113   291   351   279   371 0.83 length=1321	scaffold=contig00073	strand=-
815_g                -            461 12644at5794          -            286     5e-07   26.9   3.5   1   3   6.2e-05    0.0075   13.2   0.2    31    89     4    63     1    86 0.76 length=461	scaffold=contig00224	strand=-
815_g                -            461 12644at5794          -            286     5e-07   26.9   3.5   2   3     0.026       3.1    4.6   0.1    52    94   104   146    89   201 0.63 length=461	scaffold=contig00224	strand=-
815_g                -            461 12644at5794          -            286     5e-07   26.9   3.5   3   3    0.0022      0.27    8.1   0.0    26   130   246   353   242   374 0.85 length=461	scaffold=contig00224	strand=-
3040_g               -            778 12644at5794          -            286   5.4e-07   26.8   3.2   1   3      0.35        43    0.9   0.1    37    88   207   256   175   309 0.71 length=778	scaffold=contig01650	strand=-
3040_g               -            778 12644at5794          -            286   5.4e-07   26.8   3.2   2   3       2.1   2.5e+02   -1.6   0.0    28    45   331   348   327   352 0.74 length=778	scaffold=contig01650	strand=-
3040_g               -            778 12644at5794          -            286   5.4e-07   26.8   3.2   3   3   2.3e-08   2.7e-06   24.5   0.6    33   132   604   701   596   720 0.83 length=778	scaffold=contig01650	strand=-
2500_g               -            444 12644at5794          -            286   7.2e-07   26.4   0.1   1   3   0.00026     0.032   11.2   0.0    45    90    54    99    47   138 0.78 length=444	scaffold=contig01189	strand=-
2500_g               -            444 12644at5794          -            286   7.2e-07   26.4   0.1   2   3     0.037       4.5    4.1   0.0    49    80   232   263   198   286 0.72 length=444	scaffold=contig01189	strand=-
2500_g               -            444 12644at5794          -            286   7.2e-07   26.4   0.1   3   3    0.0043      0.52    7.2   0.0    44    87   331   374   313   428 0.81 length=444	scaffold=contig01189	strand=-
3257_g               -            979 12644at5794          -            286   9.6e-07   26.0   0.0   1   1   1.9e-08   2.3e-06   24.7   0.0    42   119   873   959   861   970 0.68 length=979	scaffold=contig01845	strand=-
2236_g               -            660 12644at5794          -            286   6.2e-05   20.0   6.1   1   4     0.017         2    5.2   0.0    56   120    52   117    46   136 0.75 length=660	scaffold=contig00987	strand=+
2236_g               -            660 12644at5794          -            286   6.2e-05   20.0   6.1   2   4   3.8e-05    0.0045   13.9   0.5    51   127   147   227   137   297 0.75 length=660	scaffold=contig00987	strand=+
2236_g               -            660 12644at5794          -            286   6.2e-05   20.0   6.1   3   4         2   2.4e+02   -1.6   0.1    87   141   332   388   284   401 0.66 length=660	scaffold=contig00987	strand=+
2236_g               -            660 12644at5794          -            286   6.2e-05   20.0   6.1   4   4      0.44        52    0.6   0.0   239   271   405   437   401   453 0.81 length=660	scaffold=contig00987	strand=+
1125_g               -           2059 12644at5794          -            286   9.8e-05   19.4   0.0   1   2   4.9e-06   0.00058   16.9   0.0    46    89  1820  1863  1817  1887 0.87 length=2059	scaffold=contig00353	strand=+
1125_g               -           2059 12644at5794          -            286   9.8e-05   19.4   0.0   2   2       3.2   3.9e+02   -2.3   0.0    69    91  2028  2050  2022  2054 0.82 length=2059	scaffold=contig00353	strand=+
3346_g               -            464 12644at5794          -            286   0.00017   18.6   2.7   1   4         2   2.4e+02   -1.6   0.1    83   105   103   124    94   143 0.68 length=464	scaffold=contig01935	strand=-
3346_g               -            464 12644at5794          -            286   0.00017   18.6   2.7   2   4       0.7        84   -0.1   0.0   229   249   183   203   173   229 0.80 length=464	scaffold=contig01935	strand=-
3346_g               -            464 12644at5794          -            286   0.00017   18.6   2.7   3   4   7.3e-06   0.00087   16.3   0.0    55   112   266   320   261   346 0.70 length=464	scaffold=contig01935	strand=-
3346_g               -            464 12644at5794          -            286   0.00017   18.6   2.7   4   4       7.7   9.3e+02   -3.5   0.0    89   130   405   445   398   451 0.56 length=464	scaffold=contig01935	strand=-
3335_g               -            644 12644at5794          -            286   0.00018   18.6   0.5   1   4         1   1.2e+02   -0.6   0.1   101   131   103   133    61   145 0.75 length=644	scaffold=contig01924	strand=-
3335_g               -            644 12644at5794          -            286   0.00018   18.6   0.5   2   4   1.5e-06   0.00018   18.6   0.5    59   136   220   300   167   326 0.80 length=644	scaffold=contig01924	strand=-
3335_g               -            644 12644at5794          -            286   0.00018   18.6   0.5   3   4       9.6   1.1e+03   -3.8   0.0    94   132   367   408   360   434 0.56 length=644	scaffold=contig01924	strand=-
3335_g               -            644 12644at5794          -            286   0.00018   18.6   0.5   4   4         1   1.2e+02   -0.6   0.1    65   130   477   541   449   589 0.74 length=644	scaffold=contig01924	strand=-
658_g                -            643 12644at5794          -            286   0.00019   18.4  12.0   1   4     0.096        12    2.8   0.0    52    86   348   383   343   388 0.74 length=643	scaffold=contig00169	strand=+
658_g                -            643 12644at5794          -            286   0.00019   18.4  12.0   2   4     0.003      0.36    7.7   0.1    48    88   388   428   375   441 0.83 length=643	scaffold=contig00169	strand=+
658_g                -            643 12644at5794          -            286   0.00019   18.4  12.0   3   4    0.0041      0.49    7.3   0.1    75   130   457   509   437   514 0.67 length=643	scaffold=contig00169	strand=+
658_g                -            643 12644at5794          -            286   0.00019   18.4  12.0   4   4    0.0091       1.1    6.1   0.5    61   128   575   640   545   642 0.64 length=643	scaffold=contig00169	strand=+
3341_g               -            333 12644at5794          -            286    0.0006   16.8   4.7   1   3    0.0081      0.97    6.3   0.0    48    83    53    86    12    92 0.78 length=333	scaffold=contig01930	strand=-	adjustedToFrame=2
3341_g               -            333 12644at5794          -            286    0.0006   16.8   4.7   2   3      0.11        14    2.5   0.2    48   130    92   171    86   185 0.68 length=333	scaffold=contig01930	strand=-	adjustedToFrame=2
3341_g               -            333 12644at5794          -            286    0.0006   16.8   4.7   3   3    0.0011      0.13    9.2   0.2    57   130   189   261   160   330 0.79 length=333	scaffold=contig01930	strand=-	adjustedToFrame=2
3694_g               -            625 12644at5794          -            286   0.00097   16.1   0.0   1   2     0.037       4.4    4.1   0.0   134   165    17    52     3    77 0.74 length=625	scaffold=contig02328	strand=-	adjustedToFrame=2
3694_g               -            625 12644at5794          -            286   0.00097   16.1   0.0   2   2    0.0008     0.096    9.6   0.0    58   130   107   176   103   198 0.76 length=625	scaffold=contig02328	strand=-	adjustedToFrame=2
1339_g               -            521 12644at5794          -            286    0.0011   15.9   1.9   1   1   1.9e-05    0.0023   14.9   1.9   104   285   134   326   106   327 0.79 length=521	scaffold=contig00458	strand=+
1359_g               -            743 12644at5794          -            286    0.0011   15.9   1.6   1   4      0.37        45    0.8   0.0    31    89     8    66     2   124 0.74 length=743	scaffold=contig00469	strand=-
1359_g               -            743 12644at5794          -            286    0.0011   15.9   1.6   2   4       5.8   6.9e+02   -3.1   0.0    96   120   170   193   130   224 0.62 length=743	scaffold=contig00469	strand=-
1359_g               -            743 12644at5794          -            286    0.0011   15.9   1.6   3   4     0.045       5.5    3.8   0.0    50    85   290   323   277   328 0.81 length=743	scaffold=contig00469	strand=-
1359_g               -            743 12644at5794          -            286    0.0011   15.9   1.6   4   4   0.00048     0.058   10.3   0.2    28    88   310   368   303   396 0.83 length=743	scaffold=contig00469	strand=-
2105_g               -            564 12644at5794          -            286     0.002   15.1   2.3   1   3     0.046       5.5    3.8   0.0    66    93   300   327   289   354 0.80 length=564	scaffold=contig00892	strand=+	adjustedToFrame=3
2105_g               -            564 12644at5794          -            286     0.002   15.1   2.3   2   3     0.087        10    2.9   0.1    27    89   431   493   403   499 0.60 length=564	scaffold=contig00892	strand=+	adjustedToFrame=3
2105_g               -            564 12644at5794          -            286     0.002   15.1   2.3   3   3     0.011       1.3    5.8   0.1    55    88   524   558   505   561 0.78 length=564	scaffold=contig00892	strand=+	adjustedToFrame=3
1168_g               -            609 12644at5794          -            286     0.016   12.1   1.0   1   2   0.00022     0.026   11.4   0.0    38   100    55   115    46   127 0.81 length=609	scaffold=contig00374	strand=-
1168_g               -            609 12644at5794          -            286     0.016   12.1   1.0   2   2       5.6   6.8e+02   -3.0   0.2   148   219   340   364   302   392 0.51 length=609	scaffold=contig00374	strand=-
3686_g               -            372 12644at5794          -            286     0.029   11.3   5.0   1   1   0.00055     0.067   10.1   0.5    61   128   153   221   143   235 0.79 length=372	scaffold=contig02317	strand=+
#
# Program:         hmmsearch
# Version:         3.1b2 (February 2015)
# Pipeline mode:   SEARCH
# Query file:      /mnt/e/Bioinformatics/Semester2/BINP29/Malaria Project/Genomes/Parsed/busco_downloads/lineages/apicomplexa_odb10/hmms/12644at5794.hmm
# Target file:     /mnt/e/Bioinformatics/Semester2/BINP29/Malaria Project/Genomes/Parsed/Ht_new.faa
# Option settings: hmmsearch --domtblout /mnt/e/Bioinformatics/Semester2/BINP29/Malaria Project/Genomes/Parsed/Ht/run_apicomplexa_odb10/hmmer_output/initial_run_results/12644at5794.out --cpu 1 /mnt/e/Bioinformatics/Semester2/BINP29/Malaria Project/Genomes/Parsed/busco_downloads/lineages/apicomplexa_odb10/hmms/12644at5794.hmm /mnt/e/Bioinformatics/Semester2/BINP29/Malaria Project/Genomes/Parsed/Ht_new.faa 
# Current dir:     /mnt/e/Bioinformatics/Semester2/BINP29/Malaria Project/Genomes/Parsed
# Date:            Wed Mar  1 19:26:33 2023
# [ok]
