#                                                                            --- full sequence --- -------------- this domain -------------   hmm coord   ali coord   env coord
# target name        accession   tlen query name           accession   qlen   E-value  score  bias   #  of  c-Evalue  i-Evalue  score  bias  from    to  from    to  from    to  acc description of target
#------------------- ---------- ----- -------------------- ---------- ----- --------- ------ ----- --- --- --------- --------- ------ ----- ----- ----- ----- ----- ----- ----- ---- ---------------------
957_g                -            369 13724at5794          -            242   2.7e-96  319.5   9.6   1   1   8.1e-96   6.1e-93  308.5   9.6     1   242    22   328    22   328 0.85 length=369	scaffold=contig00279	strand=-
1182_g               -            695 13724at5794          -            242   2.6e-19   67.4   9.1   1   2     0.033        24    2.0   0.1    25    55    63    91    40    96 0.74 length=695	scaffold=contig00380	strand=-
1182_g               -            695 13724at5794          -            242   2.6e-19   67.4   9.1   2   2   6.6e-22   4.9e-19   66.5   4.9    72   227   404   575   390   588 0.81 length=695	scaffold=contig00380	strand=-
2006_g               -            680 13724at5794          -            242   2.5e-14   51.0   6.6   1   3      0.52   3.8e+02   -2.0   0.2    23    65    77   127    64   134 0.54 length=680	scaffold=contig00829	strand=-
2006_g               -            680 13724at5794          -            242   2.5e-14   51.0   6.6   2   3   3.4e-09   2.5e-06   24.8   0.0    54   105   152   213   138   229 0.72 length=680	scaffold=contig00829	strand=-
2006_g               -            680 13724at5794          -            242   2.5e-14   51.0   6.6   3   3   2.9e-10   2.2e-07   28.3   0.8   137   193   307   363   285   369 0.84 length=680	scaffold=contig00829	strand=-
2299_g               -            894 13724at5794          -            242   6.1e-12   43.2   8.2   1   1   2.8e-14   2.1e-11   41.5   8.2    19   227    15   239     4   252 0.71 length=894	scaffold=contig01030	strand=-
3653_g               -            730 13724at5794          -            242   1.6e-05   22.2   7.9   1   2         5   3.7e+03   -6.6   5.0    39    58    54    73    23    77 0.81 length=730	scaffold=contig02273	strand=-	adjustedToFrame=3
3653_g               -            730 13724at5794          -            242   1.6e-05   22.2   7.9   2   2   2.1e-08   1.6e-05   22.2   7.9    65   226   372   536   301   544 0.78 length=730	scaffold=contig02273	strand=-	adjustedToFrame=3
#
# Program:         hmmsearch
# Version:         3.1b2 (February 2015)
# Pipeline mode:   SEARCH
# Query file:      /mnt/e/Bioinformatics/Semester2/BINP29/Malaria Project/Genomes/Parsed/busco_downloads/lineages/apicomplexa_odb10/hmms/13724at5794.hmm
# Target file:     /mnt/e/Bioinformatics/Semester2/BINP29/Malaria Project/Genomes/Parsed/Ht_new.faa
# Option settings: hmmsearch --domtblout /mnt/e/Bioinformatics/Semester2/BINP29/Malaria Project/Genomes/Parsed/Ht/run_apicomplexa_odb10/hmmer_output/initial_run_results/13724at5794.out --cpu 1 /mnt/e/Bioinformatics/Semester2/BINP29/Malaria Project/Genomes/Parsed/busco_downloads/lineages/apicomplexa_odb10/hmms/13724at5794.hmm /mnt/e/Bioinformatics/Semester2/BINP29/Malaria Project/Genomes/Parsed/Ht_new.faa 
# Current dir:     /mnt/e/Bioinformatics/Semester2/BINP29/Malaria Project/Genomes/Parsed
# Date:            Wed Mar  1 19:26:34 2023
# [ok]
