#                                                                            --- full sequence --- -------------- this domain -------------   hmm coord   ali coord   env coord
# target name        accession   tlen query name           accession   qlen   E-value  score  bias   #  of  c-Evalue  i-Evalue  score  bias  from    to  from    to  from    to  acc description of target
#------------------- ---------- ----- -------------------- ---------- ----- --------- ------ ----- --- --- --------- --------- ------ ----- ----- ----- ----- ----- ----- ----- ---- ---------------------
2575_g               -            554 13776at5794          -            320   6.4e-93  309.2  33.5   1   3   4.2e-61   5.2e-58  194.5  10.6     1   150     1   202     1   219 0.92 length=554	scaffold=contig01248	strand=-
2575_g               -            554 13776at5794          -            320   6.4e-93  309.2  33.5   2   3   7.9e-17   9.7e-14   49.0   5.4   147   248   228   331   222   337 0.86 length=554	scaffold=contig01248	strand=-
2575_g               -            554 13776at5794          -            320   6.4e-93  309.2  33.5   3   3   2.3e-24   2.9e-21   73.7   2.6   220   319   340   550   329   551 0.92 length=554	scaffold=contig01248	strand=-
545_g                -            152 13776at5794          -            320   6.5e-05   20.0   1.9   1   2   5.1e-05     0.064   10.2   0.2     5    26    19    40    17    45 0.88 length=152	scaffold=contig00133	strand=-
545_g                -            152 13776at5794          -            320   6.5e-05   20.0   1.9   2   2   0.00013      0.16    8.9   0.1   122   177    73   139    67   149 0.64 length=152	scaffold=contig00133	strand=-
2607_g               -            526 13776at5794          -            320    0.0034   14.4   0.1   1   2   0.00018      0.23    8.3   0.0     3    32    56    85    54    87 0.84 length=526	scaffold=contig01275	strand=+
2607_g               -            526 13776at5794          -            320    0.0034   14.4   0.1   2   2    0.0049       6.1    3.7   0.0   182   257   166   238   146   241 0.78 length=526	scaffold=contig01275	strand=+
#
# Program:         hmmsearch
# Version:         3.1b2 (February 2015)
# Pipeline mode:   SEARCH
# Query file:      /mnt/e/Bioinformatics/Semester2/BINP29/Malaria Project/Genomes/Parsed/busco_downloads/lineages/apicomplexa_odb10/hmms/13776at5794.hmm
# Target file:     /mnt/e/Bioinformatics/Semester2/BINP29/Malaria Project/Genomes/Parsed/Ht_new.faa
# Option settings: hmmsearch --domtblout /mnt/e/Bioinformatics/Semester2/BINP29/Malaria Project/Genomes/Parsed/Ht/run_apicomplexa_odb10/hmmer_output/initial_run_results/13776at5794.out --cpu 1 /mnt/e/Bioinformatics/Semester2/BINP29/Malaria Project/Genomes/Parsed/busco_downloads/lineages/apicomplexa_odb10/hmms/13776at5794.hmm /mnt/e/Bioinformatics/Semester2/BINP29/Malaria Project/Genomes/Parsed/Ht_new.faa 
# Current dir:     /mnt/e/Bioinformatics/Semester2/BINP29/Malaria Project/Genomes/Parsed
# Date:            Wed Mar  1 19:26:34 2023
# [ok]
