#                                                                            --- full sequence --- -------------- this domain -------------   hmm coord   ali coord   env coord
# target name        accession   tlen query name           accession   qlen   E-value  score  bias   #  of  c-Evalue  i-Evalue  score  bias  from    to  from    to  from    to  acc description of target
#------------------- ---------- ----- -------------------- ---------- ----- --------- ------ ----- --- --- --------- --------- ------ ----- ----- ----- ----- ----- ----- ----- ---- ---------------------
1855_g               -            637 14048at5794          -            354   2.2e-51  172.5   9.0   1   2   3.4e-34   4.5e-32  109.0   1.8    15   169   217   413   204   423 0.77 length=637	scaffold=contig00733	strand=-
1855_g               -            637 14048at5794          -            354   2.2e-51  172.5   9.0   2   2   3.1e-20   4.1e-18   63.1   0.8   169   301   435   573   430   608 0.81 length=637	scaffold=contig00733	strand=-
614_g                -            410 14048at5794          -            354   1.2e-47  160.2   5.6   1   3   1.7e-18   2.3e-16   57.4   0.0    18    97    34   115    17   120 0.90 length=410	scaffold=contig00153	strand=-
614_g                -            410 14048at5794          -            354   1.2e-47  160.2   5.6   2   3   3.3e-11   4.4e-09   33.4   0.3   112   167   157   220   146   227 0.83 length=410	scaffold=contig00153	strand=-
614_g                -            410 14048at5794          -            354   1.2e-47  160.2   5.6   3   3   1.4e-22   1.8e-20   70.9   0.2   181   305   256   387   243   401 0.87 length=410	scaffold=contig00153	strand=-
532_g                -            625 14048at5794          -            354   3.6e-45  152.1   0.0   1   3   8.8e-16   1.2e-13   48.5   0.0    17    97   193   283   178   287 0.88 length=625	scaffold=contig00130	strand=+	adjustedToFrame=2
532_g                -            625 14048at5794          -            354   3.6e-45  152.1   0.0   2   3   3.7e-08   4.9e-06   23.4   0.0   110   167   329   394   302   397 0.84 length=625	scaffold=contig00130	strand=+	adjustedToFrame=2
532_g                -            625 14048at5794          -            354   3.6e-45  152.1   0.0   3   3   3.8e-24   5.1e-22   76.0   0.0   164   285   410   537   400   545 0.87 length=625	scaffold=contig00130	strand=+	adjustedToFrame=2
2740_g               -            829 14048at5794          -            354   1.6e-43  146.7  12.9   1   2   5.3e-44   7.1e-42  141.3   9.7    19   284   137   465   128   520 0.76 length=829	scaffold=contig01396	strand=+	adjustedToFrame=2
2740_g               -            829 14048at5794          -            354   1.6e-43  146.7  12.9   2   2       2.2   2.9e+02   -2.2   0.0   184   227   543   586   540   592 0.88 length=829	scaffold=contig01396	strand=+	adjustedToFrame=2
3430_g               -            514 14048at5794          -            354   3.5e-43  145.6  10.8   1   2   6.8e-21   9.1e-19   65.3   2.5    15   198   102   311    94   322 0.70 length=514	scaffold=contig02028	strand=-	adjustedToFrame=3
3430_g               -            514 14048at5794          -            354   3.5e-43  145.6  10.8   2   2   2.4e-25   3.2e-23   79.9   2.9   151   283   310   447   298   506 0.84 length=514	scaffold=contig02028	strand=-	adjustedToFrame=3
2735_g               -           1342 14048at5794          -            354   5.8e-43  144.8  20.1   1   2   3.2e-26   4.2e-24   82.8   7.7     7   166   214   414   207   434 0.76 length=1342	scaffold=contig01391	strand=+
2735_g               -           1342 14048at5794          -            354   5.8e-43  144.8  20.1   2   2   4.1e-19   5.5e-17   59.4   4.8   169   351   442   629   417   632 0.73 length=1342	scaffold=contig01391	strand=+
1315_g               -            672 14048at5794          -            354   1.4e-42  143.6   9.9   1   3   3.4e-14   4.5e-12   43.2   0.0    12    67   262   319   250   323 0.82 length=672	scaffold=contig00447	strand=+
1315_g               -            672 14048at5794          -            354   1.4e-42  143.6   9.9   2   3   2.5e-09   3.3e-07   27.2   2.4    65   167   354   492   350   519 0.66 length=672	scaffold=contig00447	strand=+
1315_g               -            672 14048at5794          -            354   1.4e-42  143.6   9.9   3   3   2.3e-23     3e-21   73.4   1.1   170   318   518   669   497   671 0.87 length=672	scaffold=contig00447	strand=+
2412_g               -            565 14048at5794          -            354   1.5e-41  140.2   0.6   1   3   6.4e-18   8.5e-16   55.5   0.0    16    91   115   197   107   224 0.79 length=565	scaffold=contig01123	strand=-
2412_g               -            565 14048at5794          -            354   1.5e-41  140.2   0.6   2   3   3.3e-07   4.4e-05   20.3   0.0   106   166   239   308   233   332 0.79 length=565	scaffold=contig01123	strand=-
2412_g               -            565 14048at5794          -            354   1.5e-41  140.2   0.6   3   3   1.1e-19   1.5e-17   61.3   0.0   183   284   368   474   357   484 0.91 length=565	scaffold=contig01123	strand=-
898_g                -            660 14048at5794          -            354   3.5e-41  139.0  14.4   1   3   7.1e-20   9.4e-18   61.9   1.9     4    93   183   278   180   289 0.86 length=660	scaffold=contig00256	strand=-	adjustedToFrame=2
898_g                -            660 14048at5794          -            354   3.5e-41  139.0  14.4   2   3   3.1e-08   4.2e-06   23.6   0.1   112   158   329   383   322   394 0.82 length=660	scaffold=contig00256	strand=-	adjustedToFrame=2
898_g                -            660 14048at5794          -            354   3.5e-41  139.0  14.4   3   3   2.6e-19   3.5e-17   60.1   1.9   152   286   403   546   396   556 0.84 length=660	scaffold=contig00256	strand=-	adjustedToFrame=2
3109_g               -           1088 14048at5794          -            354   4.3e-39  132.1  10.3   1   3   6.2e-18   8.3e-16   55.5   0.0    16   134   677   832   666   837 0.68 length=1088	scaffold=contig01710	strand=-	adjustedToFrame=3
3109_g               -           1088 14048at5794          -            354   4.3e-39  132.1  10.3   2   3       1.2   1.6e+02   -1.4   0.0   142   167   872   897   861   898 0.91 length=1088	scaffold=contig01710	strand=-	adjustedToFrame=3
3109_g               -           1088 14048at5794          -            354   4.3e-39  132.1  10.3   3   3   2.6e-25   3.4e-23   79.8   0.0   179   282   929  1037   924  1049 0.93 length=1088	scaffold=contig01710	strand=-	adjustedToFrame=3
2346_g               -            475 14048at5794          -            354   1.5e-36  123.8   1.8   1   3   4.8e-11   6.3e-09   32.9   0.0    16    63    74   121    61   125 0.89 length=475	scaffold=contig01063	strand=+
2346_g               -            475 14048at5794          -            354   1.5e-36  123.8   1.8   2   3      0.87   1.2e+02   -0.9   0.0    68    94   160   186   157   196 0.84 length=475	scaffold=contig01063	strand=+
2346_g               -            475 14048at5794          -            354   1.5e-36  123.8   1.8   3   3   3.2e-26   4.3e-24   82.8   2.3   114   286   237   445   214   467 0.74 length=475	scaffold=contig01063	strand=+
1803_g               -            860 14048at5794          -            354   1.2e-35  120.7  10.2   1   3     2e-12   2.6e-10   37.4   0.0    14    65   319   370   304   374 0.89 length=860	scaffold=contig00699	strand=-	adjustedToFrame=3
1803_g               -            860 14048at5794          -            354   1.2e-35  120.7  10.2   2   3    0.0032      0.42    7.2   0.2    70   136   400   493   395   496 0.53 length=860	scaffold=contig00699	strand=-	adjustedToFrame=3
1803_g               -            860 14048at5794          -            354   1.2e-35  120.7  10.2   3   3   8.2e-23   1.1e-20   71.6   2.6   136   284   536   710   524   720 0.73 length=860	scaffold=contig00699	strand=-	adjustedToFrame=3
3072_g               -            850 14048at5794          -            354   2.8e-33  113.0  30.0   1   5   1.6e-13   2.2e-11   41.0   0.0     4    68   210   276   207   282 0.80 length=850	scaffold=contig01676	strand=-	adjustedToFrame=3
3072_g               -            850 14048at5794          -            354   2.8e-33  113.0  30.0   2   5     0.025       3.4    4.2   0.0    67    93   348   374   343   381 0.84 length=850	scaffold=contig01676	strand=-	adjustedToFrame=3
3072_g               -            850 14048at5794          -            354   2.8e-33  113.0  30.0   3   5   5.4e-23   7.1e-21   72.2   5.5   111   285   419   632   413   694 0.77 length=850	scaffold=contig01676	strand=-	adjustedToFrame=3
3072_g               -            850 14048at5794          -            354   2.8e-33  113.0  30.0   4   5       1.1   1.5e+02   -1.3   0.0    17    66   662   711   653   717 0.81 length=850	scaffold=contig01676	strand=-	adjustedToFrame=3
3072_g               -            850 14048at5794          -            354   2.8e-33  113.0  30.0   5   5       1.1   1.5e+02   -1.2   0.9   166   229   727   795   692   799 0.73 length=850	scaffold=contig01676	strand=-	adjustedToFrame=3
2051_g               -            744 14048at5794          -            354   1.1e-31  107.7  36.6   1   4   4.9e-13   6.6e-11   39.4   0.0    13    67   187   241   180   244 0.89 length=744	scaffold=contig00857	strand=-
2051_g               -            744 14048at5794          -            354   1.1e-31  107.7  36.6   2   4    0.0003      0.04   10.5   5.4    68   162   284   409   280   421 0.66 length=744	scaffold=contig00857	strand=-
2051_g               -            744 14048at5794          -            354   1.1e-31  107.7  36.6   3   4   6.9e-21   9.2e-19   65.3   2.4   155   281   426   558   416   574 0.85 length=744	scaffold=contig00857	strand=-
2051_g               -            744 14048at5794          -            354   1.1e-31  107.7  36.6   4   4      0.15        21    1.6  12.4   298   352   654   708   621   730 0.88 length=744	scaffold=contig00857	strand=-
2168_g               -            960 14048at5794          -            354   1.3e-30  104.2  12.0   1   2   2.9e-18   3.8e-16   56.6   2.2    18   153   201   379   184   395 0.69 length=960	scaffold=contig00936	strand=-	adjustedToFrame=3
2168_g               -            960 14048at5794          -            354   1.3e-30  104.2  12.0   2   2   3.2e-16   4.3e-14   49.9   2.4   170   288   422   548   397   555 0.72 length=960	scaffold=contig00936	strand=-	adjustedToFrame=3
415_g                -            307 14048at5794          -            354     5e-29   99.0   5.4   1   2     3e-05     0.004   13.8   0.0    68   101     2    35     1    38 0.90 length=307	scaffold=contig00094	strand=+
415_g                -            307 14048at5794          -            354     5e-29   99.0   5.4   2   2   1.1e-25   1.4e-23   81.1   4.2   112   285    73   279    43   288 0.78 length=307	scaffold=contig00094	strand=+
431_g                -            835 14048at5794          -            354   3.6e-28   96.2  17.3   1   1   1.2e-25   1.6e-23   80.9  17.3    11   284   425   800   417   818 0.68 length=835	scaffold=contig00100	strand=+
1950_g               -            867 14048at5794          -            354   5.1e-28   95.7   6.5   1   3   5.6e-11   7.4e-09   32.7   0.0    16    63    17    64     3    71 0.86 length=867	scaffold=contig00792	strand=-
1950_g               -            867 14048at5794          -            354   5.1e-28   95.7   6.5   2   3   0.00011     0.014   12.0   1.4    66   168   383   524   376   545 0.62 length=867	scaffold=contig00792	strand=-
1950_g               -            867 14048at5794          -            354   5.1e-28   95.7   6.5   3   3   5.5e-15   7.4e-13   45.8   0.2   206   283   655   737   641   747 0.90 length=867	scaffold=contig00792	strand=-
3534_g               -            844 14048at5794          -            354   3.7e-24   83.0  25.7   1   5     2e-21   2.6e-19   67.0   0.5     3    92   221   323   219   335 0.82 length=844	scaffold=contig02145	strand=-
3534_g               -            844 14048at5794          -            354   3.7e-24   83.0  25.7   2   5      0.21        28    1.2   0.0   111   128   371   388   361   396 0.80 length=844	scaffold=contig02145	strand=-
3534_g               -            844 14048at5794          -            354   3.7e-24   83.0  25.7   3   5   0.00048     0.064    9.8   0.2   132   162   528   558   520   566 0.85 length=844	scaffold=contig02145	strand=-
3534_g               -            844 14048at5794          -            354   3.7e-24   83.0  25.7   4   5      0.11        15    2.0   0.1   167   215   605   653   589   672 0.80 length=844	scaffold=contig02145	strand=-
3534_g               -            844 14048at5794          -            354   3.7e-24   83.0  25.7   5   5     8e-07   0.00011   19.0   0.2   206   263   752   815   736   816 0.69 length=844	scaffold=contig02145	strand=-
2862_g               -           1321 14048at5794          -            354   1.8e-15   54.4   5.5   1   3   0.00048     0.064    9.8   0.0    68    96    39    67    23    79 0.84 length=1321	scaffold=contig01501	strand=+	adjustedToFrame=2
2862_g               -           1321 14048at5794          -            354   1.8e-15   54.4   5.5   2   3     0.066       8.7    2.8   0.1   116   147   244   275   237   296 0.83 length=1321	scaffold=contig01501	strand=+	adjustedToFrame=2
2862_g               -           1321 14048at5794          -            354   1.8e-15   54.4   5.5   3   3   2.5e-17   3.4e-15   53.5   4.0   176   284   582   688   558   738 0.86 length=1321	scaffold=contig01501	strand=+	adjustedToFrame=2
3080_g               -            809 14048at5794          -            354   1.2e-11   41.8  18.1   1   5    0.0023       0.3    7.6   0.0    17    54   131   168   117   184 0.81 length=809	scaffold=contig01683	strand=-
3080_g               -            809 14048at5794          -            354   1.2e-11   41.8  18.1   2   5       3.7   4.9e+02   -2.9   0.0   282   314   181   213   171   214 0.75 length=809	scaffold=contig01683	strand=-
3080_g               -            809 14048at5794          -            354   1.2e-11   41.8  18.1   3   5   7.6e-05      0.01   12.5   0.2    64    91   252   279   247   294 0.87 length=809	scaffold=contig01683	strand=-
3080_g               -            809 14048at5794          -            354   1.2e-11   41.8  18.1   4   5       1.9   2.5e+02   -2.0   0.1   221   249   590   618   552   622 0.69 length=809	scaffold=contig01683	strand=-
3080_g               -            809 14048at5794          -            354   1.2e-11   41.8  18.1   5   5   8.4e-10   1.1e-07   28.8   4.3   208   338   653   783   641   800 0.76 length=809	scaffold=contig01683	strand=-
1853_g               -           1270 14048at5794          -            354   3.6e-11   40.3   8.6   1   3     4e-07   5.3e-05   20.0   0.0     4    88    32   116    29   137 0.84 length=1270	scaffold=contig00732	strand=+
1853_g               -           1270 14048at5794          -            354   3.6e-11   40.3   8.6   2   3   1.2e-08   1.6e-06   25.0   0.3   183   288   286   396   275   421 0.88 length=1270	scaffold=contig00732	strand=+
1853_g               -           1270 14048at5794          -            354   3.6e-11   40.3   8.6   3   3       2.4   3.3e+02   -2.3   0.8   267   308   723   767   722   799 0.55 length=1270	scaffold=contig00732	strand=+
414_g                -            133 14048at5794          -            354   4.4e-11   40.0   0.0   1   2       1.4   1.8e+02   -1.5   0.0   283   303    35    55    27    71 0.80 length=133	scaffold=contig00094	strand=+
414_g                -            133 14048at5794          -            354   4.4e-11   40.0   0.0   2   2   7.3e-13   9.7e-11   38.9   0.0    20    62    77   119    55   126 0.86 length=133	scaffold=contig00094	strand=+
43_g                 -           1232 14048at5794          -            354   6.7e-11   39.4  12.2   1   3   3.7e-11   4.9e-09   33.2   0.1     6    66   218   278   213   284 0.92 length=1232	scaffold=contig00006	strand=-
43_g                 -           1232 14048at5794          -            354   6.7e-11   39.4  12.2   2   3     0.026       3.5    4.1   4.9    69   142   304   405   299   445 0.67 length=1232	scaffold=contig00006	strand=-
43_g                 -           1232 14048at5794          -            354   6.7e-11   39.4  12.2   3   3     0.024       3.1    4.3   0.0   206   281   866   948   856   989 0.79 length=1232	scaffold=contig00006	strand=-
86_g                 -           1027 14048at5794          -            354   6.8e-11   39.4  13.2   1   5      0.64        85   -0.4   0.0    16    37   126   147   110   150 0.70 length=1027	scaffold=contig00015	strand=-
86_g                 -           1027 14048at5794          -            354   6.8e-11   39.4  13.2   2   5   0.00056     0.074    9.6   0.0    42    68   259   285   250   289 0.86 length=1027	scaffold=contig00015	strand=-
86_g                 -           1027 14048at5794          -            354   6.8e-11   39.4  13.2   3   5     0.017       2.3    4.7   0.1   183   227   377   424   363   430 0.77 length=1027	scaffold=contig00015	strand=-
86_g                 -           1027 14048at5794          -            354   6.8e-11   39.4  13.2   4   5       1.3   1.7e+02   -1.4   0.1   112   130   513   531   509   541 0.75 length=1027	scaffold=contig00015	strand=-
86_g                 -           1027 14048at5794          -            354   6.8e-11   39.4  13.2   5   5   6.4e-09   8.4e-07   25.9   4.4   182   308   725   856   717   884 0.83 length=1027	scaffold=contig00015	strand=-
497_g                -            803 14048at5794          -            354   6.1e-08   29.7   1.0   1   3     0.034       4.5    3.8   0.2    15    99   130   211   118   217 0.77 length=803	scaffold=contig00117	strand=-
497_g                -            803 14048at5794          -            354   6.1e-08   29.7   1.0   2   3       3.6   4.8e+02   -2.9   0.0   111   142   256   289   250   292 0.74 length=803	scaffold=contig00117	strand=-
497_g                -            803 14048at5794          -            354   6.1e-08   29.7   1.0   3   3   3.3e-08   4.4e-06   23.5   0.0   184   283   385   489   367   501 0.82 length=803	scaffold=contig00117	strand=-
3323_g               -            675 14048at5794          -            354   1.6e-07   28.3   0.4   1   2   5.3e-09   7.1e-07   26.1   0.2    39    96   277   338   255   344 0.83 length=675	scaffold=contig01910	strand=+	adjustedToFrame=3
3323_g               -            675 14048at5794          -            354   1.6e-07   28.3   0.4   2   2       2.1   2.8e+02   -2.1   0.0   111   128   466   483   446   499 0.79 length=675	scaffold=contig01910	strand=+	adjustedToFrame=3
3324_g               -            113 14048at5794          -            354   0.00012   18.8   0.5   1   2   1.5e-06    0.0002   18.1   0.1   235   263    12    40     5    44 0.93 length=113	scaffold=contig01910	strand=+
3324_g               -            113 14048at5794          -            354   0.00012   18.8   0.5   2   2       1.8   2.4e+02   -1.9   0.0   223   238    64    79    45   100 0.65 length=113	scaffold=contig01910	strand=+
#
# Program:         hmmsearch
# Version:         3.1b2 (February 2015)
# Pipeline mode:   SEARCH
# Query file:      /mnt/e/Bioinformatics/Semester2/BINP29/Malaria Project/Genomes/Parsed/busco_downloads/lineages/apicomplexa_odb10/hmms/14048at5794.hmm
# Target file:     /mnt/e/Bioinformatics/Semester2/BINP29/Malaria Project/Genomes/Parsed/Ht_new.faa
# Option settings: hmmsearch --domtblout /mnt/e/Bioinformatics/Semester2/BINP29/Malaria Project/Genomes/Parsed/Ht/run_apicomplexa_odb10/hmmer_output/initial_run_results/14048at5794.out --cpu 1 /mnt/e/Bioinformatics/Semester2/BINP29/Malaria Project/Genomes/Parsed/busco_downloads/lineages/apicomplexa_odb10/hmms/14048at5794.hmm /mnt/e/Bioinformatics/Semester2/BINP29/Malaria Project/Genomes/Parsed/Ht_new.faa 
# Current dir:     /mnt/e/Bioinformatics/Semester2/BINP29/Malaria Project/Genomes/Parsed
# Date:            Wed Mar  1 19:26:35 2023
# [ok]
