#                                                                            --- full sequence --- -------------- this domain -------------   hmm coord   ali coord   env coord
# target name        accession   tlen query name           accession   qlen   E-value  score  bias   #  of  c-Evalue  i-Evalue  score  bias  from    to  from    to  from    to  acc description of target
#------------------- ---------- ----- -------------------- ---------- ----- --------- ------ ----- --- --- --------- --------- ------ ----- ----- ----- ----- ----- ----- ----- ---- ---------------------
830_g                -           1484 1482at5794           -            857  1.3e-289  960.4  43.2   1   6     1e-29   1.3e-26   90.4   1.4    31   169    70   232    51   261 0.76 length=1484	scaffold=contig00232	strand=-
830_g                -           1484 1482at5794           -            857  1.3e-289  960.4  43.2   2   6   4.5e-18   5.6e-15   51.9   2.4   167   258   313   410   309   447 0.77 length=1484	scaffold=contig00232	strand=-
830_g                -           1484 1482at5794           -            857  1.3e-289  960.4  43.2   3   6   5.6e-49   6.9e-46  154.1   0.4   230   440   500   768   471   780 0.77 length=1484	scaffold=contig00232	strand=-
830_g                -           1484 1482at5794           -            857  1.3e-289  960.4  43.2   4   6   8.1e-73     1e-69  233.0   0.7   428   565   866  1006   856  1026 0.94 length=1484	scaffold=contig00232	strand=-
830_g                -           1484 1482at5794           -            857  1.3e-289  960.4  43.2   5   6   7.6e-49   9.5e-46  153.7   0.2   600   680  1104  1184  1028  1190 0.81 length=1484	scaffold=contig00232	strand=-
830_g                -           1484 1482at5794           -            857  1.3e-289  960.4  43.2   6   6   3.2e-93   3.9e-90  300.5   5.3   682   855  1252  1438  1242  1440 0.92 length=1484	scaffold=contig00232	strand=-
1080_g               -           1342 1482at5794           -            857  5.2e-150  498.6  15.6   1   5       0.1   1.3e+02   -2.2   0.0     6    45    10    49     6    56 0.82 length=1342	scaffold=contig00333	strand=-
1080_g               -           1342 1482at5794           -            857  5.2e-150  498.6  15.6   2   5   3.2e-12     4e-09   32.5   0.0    68   121   115   168    67   181 0.84 length=1342	scaffold=contig00333	strand=-
1080_g               -           1342 1482at5794           -            857  5.2e-150  498.6  15.6   3   5   3.2e-10     4e-07   25.9   0.0   199   339   348   510   307   607 0.71 length=1342	scaffold=contig00333	strand=-
1080_g               -           1342 1482at5794           -            857  5.2e-150  498.6  15.6   4   5   6.5e-45   8.1e-42  140.7   0.4   409   558   639   791   633   815 0.94 length=1342	scaffold=contig00333	strand=-
1080_g               -           1342 1482at5794           -            857  5.2e-150  498.6  15.6   5   5   1.6e-94     2e-91  304.8   3.4   599   854  1084  1340  1041  1341 0.88 length=1342	scaffold=contig00333	strand=-
1967_g               -           1335 1482at5794           -            857  1.5e-144  480.5  23.4   1   4   6.9e-21   8.5e-18   61.2   2.1     2   122   162   303   161   386 0.76 length=1335	scaffold=contig00803	strand=-
1967_g               -           1335 1482at5794           -            857  1.5e-144  480.5  23.4   2   4   3.1e-09   3.8e-06   22.6   3.5   165   338   434   657   423   669 0.60 length=1335	scaffold=contig00803	strand=-
1967_g               -           1335 1482at5794           -            857  1.5e-144  480.5  23.4   3   4   2.9e-43   3.7e-40  135.2   0.1   404   564   779   936   712   961 0.83 length=1335	scaffold=contig00803	strand=-
1967_g               -           1335 1482at5794           -            857  1.5e-144  480.5  23.4   4   4   8.9e-84   1.1e-80  269.2   0.5   601   853  1085  1332  1037  1334 0.89 length=1335	scaffold=contig00803	strand=-
#
# Program:         hmmsearch
# Version:         3.1b2 (February 2015)
# Pipeline mode:   SEARCH
# Query file:      /mnt/e/Bioinformatics/Semester2/BINP29/Malaria Project/Genomes/Parsed/busco_downloads/lineages/apicomplexa_odb10/hmms/1482at5794.hmm
# Target file:     /mnt/e/Bioinformatics/Semester2/BINP29/Malaria Project/Genomes/Parsed/Ht_new.faa
# Option settings: hmmsearch --domtblout /mnt/e/Bioinformatics/Semester2/BINP29/Malaria Project/Genomes/Parsed/Ht/run_apicomplexa_odb10/hmmer_output/initial_run_results/1482at5794.out --cpu 1 /mnt/e/Bioinformatics/Semester2/BINP29/Malaria Project/Genomes/Parsed/busco_downloads/lineages/apicomplexa_odb10/hmms/1482at5794.hmm /mnt/e/Bioinformatics/Semester2/BINP29/Malaria Project/Genomes/Parsed/Ht_new.faa 
# Current dir:     /mnt/e/Bioinformatics/Semester2/BINP29/Malaria Project/Genomes/Parsed
# Date:            Wed Mar  1 19:26:35 2023
# [ok]
