#                                                                            --- full sequence --- -------------- this domain -------------   hmm coord   ali coord   env coord
# target name        accession   tlen query name           accession   qlen   E-value  score  bias   #  of  c-Evalue  i-Evalue  score  bias  from    to  from    to  from    to  acc description of target
#------------------- ---------- ----- -------------------- ---------- ----- --------- ------ ----- --- --- --------- --------- ------ ----- ----- ----- ----- ----- ----- ----- ---- ---------------------
2743_g               -            838 15540at5794          -            300   4.6e-81  269.8   1.1   1   3   1.7e-60   9.2e-58  193.3   0.0     1   196    28   268    28   270 0.84 length=838	scaffold=contig01398	strand=-
2743_g               -            838 15540at5794          -            300   4.6e-81  269.8   1.1   2   3     1e-05    0.0053   13.5   0.0   196   226   323   358   317   373 0.77 length=838	scaffold=contig01398	strand=-
2743_g               -            838 15540at5794          -            300   4.6e-81  269.8   1.1   3   3   5.6e-18     3e-15   53.7   0.1   217   296   435   532   427   535 0.79 length=838	scaffold=contig01398	strand=-
1978_g               -            559 15540at5794          -            300     7e-41  137.9   0.7   1   3     0.042        22    1.6   0.0     2    30    20    48    19    53 0.89 length=559	scaffold=contig00810	strand=+
1978_g               -            559 15540at5794          -            300     7e-41  137.9   0.7   2   3   1.1e-28   5.6e-26   88.9   0.0    64   188   151   283   145   293 0.79 length=559	scaffold=contig00810	strand=+
1978_g               -            559 15540at5794          -            300     7e-41  137.9   0.7   3   3   4.3e-14   2.3e-11   40.9   0.2   196   299   416   557   408   558 0.75 length=559	scaffold=contig00810	strand=+
198_g                -            377 15540at5794          -            300   1.2e-35  120.7   0.0   1   2   3.7e-05      0.02   11.6   0.0     1    32     7    39     7    48 0.85 length=377	scaffold=contig00040	strand=+
198_g                -            377 15540at5794          -            300   1.2e-35  120.7   0.0   2   2   1.1e-33   5.6e-31  105.3   0.0    59   299    92   375    78   376 0.75 length=377	scaffold=contig00040	strand=+
2513_g               -            683 15540at5794          -            300   1.9e-27   93.7   0.8   1   4    0.0028       1.5    5.5   0.0     2    35     9    43     8    50 0.86 length=683	scaffold=contig01197	strand=-
2513_g               -            683 15540at5794          -            300   1.9e-27   93.7   0.8   2   4     3e-15   1.6e-12   44.8   0.1    64   191   353   489   329   494 0.85 length=683	scaffold=contig01197	strand=-
2513_g               -            683 15540at5794          -            300   1.9e-27   93.7   0.8   3   4    0.0026       1.4    5.5   0.1   196   223   524   553   487   567 0.73 length=683	scaffold=contig01197	strand=-
2513_g               -            683 15540at5794          -            300   1.9e-27   93.7   0.8   4   4   9.8e-12   5.2e-09   33.2   0.0   248   291   631   675   626   678 0.92 length=683	scaffold=contig01197	strand=-
2608_g               -            376 15540at5794          -            300   1.5e-26   90.8   0.1   1   2   0.00027      0.14    8.8   0.0     2    38     7    44     6    55 0.82 length=376	scaffold=contig01276	strand=+
2608_g               -            376 15540at5794          -            300   1.5e-26   90.8   0.1   2   2   2.9e-24   1.6e-21   74.3   0.0    58   292    90   353    77   356 0.73 length=376	scaffold=contig01276	strand=+
3128_g               -            320 15540at5794          -            300   2.8e-12   44.0   0.0   1   1   1.3e-14   6.7e-12   42.7   0.0    68   173    68   175    38   222 0.71 length=320	scaffold=contig01725	strand=-	adjustedToFrame=2
2525_g               -            133 15540at5794          -            300     1e-08   32.2   0.1   1   1     3e-11   1.6e-08   31.6   0.1    84   135    27    78    21    89 0.89 length=133	scaffold=contig01206	strand=-	adjustedToFrame=3
#
# Program:         hmmsearch
# Version:         3.1b2 (February 2015)
# Pipeline mode:   SEARCH
# Query file:      /mnt/e/Bioinformatics/Semester2/BINP29/Malaria Project/Genomes/Parsed/busco_downloads/lineages/apicomplexa_odb10/hmms/15540at5794.hmm
# Target file:     /mnt/e/Bioinformatics/Semester2/BINP29/Malaria Project/Genomes/Parsed/Ht_new.faa
# Option settings: hmmsearch --domtblout /mnt/e/Bioinformatics/Semester2/BINP29/Malaria Project/Genomes/Parsed/Ht/run_apicomplexa_odb10/hmmer_output/initial_run_results/15540at5794.out --cpu 1 /mnt/e/Bioinformatics/Semester2/BINP29/Malaria Project/Genomes/Parsed/busco_downloads/lineages/apicomplexa_odb10/hmms/15540at5794.hmm /mnt/e/Bioinformatics/Semester2/BINP29/Malaria Project/Genomes/Parsed/Ht_new.faa 
# Current dir:     /mnt/e/Bioinformatics/Semester2/BINP29/Malaria Project/Genomes/Parsed
# Date:            Wed Mar  1 19:26:36 2023
# [ok]
