#                                                                            --- full sequence --- -------------- this domain -------------   hmm coord   ali coord   env coord
# target name        accession   tlen query name           accession   qlen   E-value  score  bias   #  of  c-Evalue  i-Evalue  score  bias  from    to  from    to  from    to  acc description of target
#------------------- ---------- ----- -------------------- ---------- ----- --------- ------ ----- --- --- --------- --------- ------ ----- ----- ----- ----- ----- ----- ----- ---- ---------------------
3197_g               -            689 15805at5794          -            426  2.6e-111  370.5  13.6   1   1  2.8e-113  4.1e-111  369.8  13.6   124   426   235   579   210   579 0.85 length=689	scaffold=contig01786	strand=-
3186_g               -            363 15805at5794          -            426   4.6e-24   83.0   2.8   1   4   7.3e-15   1.1e-12   45.6   0.9   168   241    70   149    66   155 0.86 length=363	scaffold=contig01777	strand=-
3186_g               -            363 15805at5794          -            426   4.6e-24   83.0   2.8   2   4   7.8e-06    0.0012   15.8   0.3   377   425   134   186   134   187 0.91 length=363	scaffold=contig01777	strand=-
3186_g               -            363 15805at5794          -            426   4.6e-24   83.0   2.8   3   4    0.0042      0.63    6.8   0.0   168   238   237   270   206   282 0.65 length=363	scaffold=contig01777	strand=-
3186_g               -            363 15805at5794          -            426   4.6e-24   83.0   2.8   4   4   1.2e-07   1.8e-05   21.7   0.0   371   423   301   358   295   361 0.86 length=363	scaffold=contig01777	strand=-
2101_g               -            568 15805at5794          -            426   3.1e-20   70.4   0.1   1   4   3.1e-05    0.0047   13.8   0.1   163   204   311   352   301   362 0.86 length=568	scaffold=contig00890	strand=-	adjustedToFrame=3
2101_g               -            568 15805at5794          -            426   3.1e-20   70.4   0.1   2   4   1.2e-06   0.00018   18.5   0.0   167   242   361   441   353   445 0.88 length=568	scaffold=contig00890	strand=-	adjustedToFrame=3
2101_g               -            568 15805at5794          -            426   3.1e-20   70.4   0.1   3   4     5e-08   7.4e-06   23.0   0.0   167   242   445   525   440   530 0.76 length=568	scaffold=contig00890	strand=-	adjustedToFrame=3
2101_g               -            568 15805at5794          -            426   3.1e-20   70.4   0.1   4   4   0.00016     0.024   11.5   0.0   162   203   525   566   518   567 0.89 length=568	scaffold=contig00890	strand=-	adjustedToFrame=3
2733_g               -            602 15805at5794          -            426   2.5e-17   60.8   3.6   1   4    0.0067      0.99    6.2   0.2   208   242   353   387   332   394 0.86 length=602	scaffold=contig01389	strand=+
2733_g               -            602 15805at5794          -            426   2.5e-17   60.8   3.6   2   4   8.6e-09   1.3e-06   25.6   0.1   180   244   402   472   386   476 0.78 length=602	scaffold=contig01389	strand=+
2733_g               -            602 15805at5794          -            426   2.5e-17   60.8   3.6   3   4   1.5e-11   2.2e-09   34.7   0.3   160   242   425   515   420   542 0.77 length=602	scaffold=contig01389	strand=+
2733_g               -            602 15805at5794          -            426   2.5e-17   60.8   3.6   4   4   4.7e-06   0.00069   16.6   0.0   165   205   546   586   528   592 0.91 length=602	scaffold=contig01389	strand=+
893_g                -            534 15805at5794          -            426   6.1e-14   49.7   0.1   1   2   4.4e-10   6.5e-08   29.8   0.1   164   246    59   147    41   156 0.87 length=534	scaffold=contig00255	strand=-
893_g                -            534 15805at5794          -            426   6.1e-14   49.7   0.1   2   2   2.3e-06   0.00034   17.6   0.0   171   243   367   445   354   454 0.78 length=534	scaffold=contig00255	strand=-
1295_g               -           1320 15805at5794          -            426   1.2e-13   48.7   4.1   1   3      0.38        56    0.4   0.0   317   352    13    52     4    56 0.77 length=1320	scaffold=contig00438	strand=-
1295_g               -           1320 15805at5794          -            426   1.2e-13   48.7   4.1   2   3   5.5e-08   8.2e-06   22.9   0.7   164   251   100   202    68   276 0.71 length=1320	scaffold=contig00438	strand=-
1295_g               -           1320 15805at5794          -            426   1.2e-13   48.7   4.1   3   3   6.1e-08   9.1e-06   22.8   0.0   168   245   793   875   785   884 0.81 length=1320	scaffold=contig00438	strand=-
748_g                -           1133 15805at5794          -            426   1.8e-13   48.2   8.2   1   3     3e-07   4.4e-05   20.5   0.1   164   246    90   179    86   184 0.80 length=1133	scaffold=contig00200	strand=+
748_g                -           1133 15805at5794          -            426   1.8e-13   48.2   8.2   2   3   2.1e-09   3.2e-07   27.6   2.1   168   248   185   272   179   351 0.76 length=1133	scaffold=contig00200	strand=+
748_g                -           1133 15805at5794          -            426   1.8e-13   48.2   8.2   3   3      0.26        38    0.9   0.0   200   235   455   490   441   501 0.85 length=1133	scaffold=contig00200	strand=+
487_g                -            586 15805at5794          -            426   4.2e-13   46.9   0.0   1   4   0.00061      0.09    9.6   0.0   182   205   302   325   296   336 0.83 length=586	scaffold=contig00114	strand=-	adjustedToFrame=2
487_g                -            586 15805at5794          -            426   4.2e-13   46.9   0.0   2   4   5.3e-06   0.00078   16.4   0.0   157   244   348   440   330   455 0.79 length=586	scaffold=contig00114	strand=-	adjustedToFrame=2
487_g                -            586 15805at5794          -            426   4.2e-13   46.9   0.0   3   4    0.0015      0.22    8.3   0.0   171   241   446   523   438   525 0.76 length=586	scaffold=contig00114	strand=-	adjustedToFrame=2
487_g                -            586 15805at5794          -            426   4.2e-13   46.9   0.0   4   4    0.0013       0.2    8.5   0.0   164   199   525   560   522   568 0.90 length=586	scaffold=contig00114	strand=-	adjustedToFrame=2
981_g                -           1456 15805at5794          -            426   5.1e-13   46.7   3.3   1   3     0.009       1.3    5.7   0.0   180   238    16    79     3    83 0.51 length=1456	scaffold=contig00288	strand=-
981_g                -           1456 15805at5794          -            426   5.1e-13   46.7   3.3   2   3   1.2e-06   0.00017   18.5   0.6   163   250    83   175    81   183 0.86 length=1456	scaffold=contig00288	strand=-
981_g                -           1456 15805at5794          -            426   5.1e-13   46.7   3.3   3   3   3.9e-07   5.8e-05   20.1   0.1   164   244   250   338   241   347 0.82 length=1456	scaffold=contig00288	strand=-
658_g                -            643 15805at5794          -            426   9.1e-13   45.8   6.7   1   5   1.7e-06   0.00025   18.0   0.0   161   240   341   427   336   439 0.83 length=643	scaffold=contig00169	strand=+
658_g                -            643 15805at5794          -            426   9.1e-13   45.8   6.7   2   5   0.00033     0.048   10.5   0.0   164   202   388   426   385   473 0.80 length=643	scaffold=contig00169	strand=+
658_g                -            643 15805at5794          -            426   9.1e-13   45.8   6.7   3   5    0.0018      0.26    8.1   0.0   170   202   478   510   458   556 0.62 length=643	scaffold=contig00169	strand=+
658_g                -            643 15805at5794          -            426   9.1e-13   45.8   6.7   4   5   7.7e-05     0.011   12.6   0.0   177   238   528   599   512   599 0.76 length=643	scaffold=contig00169	strand=+
658_g                -            643 15805at5794          -            426   9.1e-13   45.8   6.7   5   5   6.5e-06   0.00097   16.1   4.0   178   238   576   642   556   642 0.77 length=643	scaffold=contig00169	strand=+
2342_g               -           1036 15805at5794          -            426   4.1e-12   43.7   4.6   1   3     2e-06    0.0003   17.7   0.3   158   237   304   388   293   388 0.86 length=1036	scaffold=contig01059	strand=-
2342_g               -           1036 15805at5794          -            426   4.1e-12   43.7   4.6   2   3   2.5e-09   3.7e-07   27.4   0.4   340   425   385   472   383   473 0.84 length=1036	scaffold=contig01059	strand=-
2342_g               -           1036 15805at5794          -            426   4.1e-12   43.7   4.6   3   3      0.14        21    1.8   0.0   164   204   478   517   474   567 0.83 length=1036	scaffold=contig01059	strand=-
3539_g               -            822 15805at5794          -            426   1.1e-07   29.1  13.9   1   4   4.8e-07   7.1e-05   19.8   0.0   163   203    49    89    18    99 0.75 length=822	scaffold=contig02152	strand=-
3539_g               -            822 15805at5794          -            426   1.1e-07   29.1  13.9   2   4      0.19        29    1.3   0.3   208   237   117   145   108   153 0.66 length=822	scaffold=contig02152	strand=-
3539_g               -            822 15805at5794          -            426   1.1e-07   29.1  13.9   3   4   9.4e-05     0.014   12.3   0.0   163   229   152   220   147   224 0.86 length=822	scaffold=contig02152	strand=-
3539_g               -            822 15805at5794          -            426   1.1e-07   29.1  13.9   4   4      0.17        25    1.5   0.0   209   238   695   724   680   735 0.81 length=822	scaffold=contig02152	strand=-
742_g                -           1216 15805at5794          -            426   1.4e-07   28.7  15.4   1   3      0.31        46    0.7   0.1   152   201   261   311   242   317 0.69 length=1216	scaffold=contig00197	strand=+
742_g                -           1216 15805at5794          -            426   1.4e-07   28.7  15.4   2   3   2.3e-08   3.4e-06   24.1   1.7   163   303   318   472   314   487 0.77 length=1216	scaffold=contig00197	strand=+
742_g                -           1216 15805at5794          -            426   1.4e-07   28.7  15.4   3   3   0.00036     0.053   10.3   3.0   171   248   491   579   459   586 0.71 length=1216	scaffold=contig00197	strand=+
741_g                -            519 15805at5794          -            426   6.4e-07   26.5   0.4   1   2   5.2e-07   7.8e-05   19.7   0.1   368   410   117   159    61   179 0.88 length=519	scaffold=contig00197	strand=-
741_g                -            519 15805at5794          -            426   6.4e-07   26.5   0.4   2   2     0.018       2.7    4.7   0.0   157   205   392   439   386   452 0.88 length=519	scaffold=contig00197	strand=-
1339_g               -            521 15805at5794          -            426   3.3e-06   24.2   0.6   1   2   5.7e-08   8.5e-06   22.9   0.1   164   240   165   249   158   259 0.80 length=521	scaffold=contig00458	strand=+
1339_g               -            521 15805at5794          -            426   3.3e-06   24.2   0.6   2   2       2.3   3.5e+02   -2.2   0.0   284   331   269   317   256   323 0.67 length=521	scaffold=contig00458	strand=+
3346_g               -            464 15805at5794          -            426     6e-05   20.1   0.2   1   2       3.8   5.6e+02   -2.9   0.0   187   201   187   201   181   215 0.65 length=464	scaffold=contig01935	strand=-
3346_g               -            464 15805at5794          -            426     6e-05   20.1   0.2   2   2   8.2e-07   0.00012   19.0   0.1   167   240   262   342   248   428 0.86 length=464	scaffold=contig01935	strand=-
3040_g               -            778 15805at5794          -            426   7.7e-05   19.7   3.6   1   2    0.0084       1.3    5.8   0.3   332   409   199   271   172   280 0.77 length=778	scaffold=contig01650	strand=-
3040_g               -            778 15805at5794          -            426   7.7e-05   19.7   3.6   2   2   2.5e-05    0.0038   14.1   0.2   167   238   620   699   609   711 0.71 length=778	scaffold=contig01650	strand=-
3257_g               -            979 15805at5794          -            426   9.5e-05   19.4   2.0   1   2   1.2e-05    0.0018   15.2   0.2   373   425   858   915   853   916 0.74 length=979	scaffold=contig01845	strand=-
3257_g               -            979 15805at5794          -            426   9.5e-05   19.4   2.0   2   2     6e-05    0.0089   12.9   0.1   165   203   880   918   879   949 0.81 length=979	scaffold=contig01845	strand=-
3341_g               -            333 15805at5794          -            426   0.00035   17.5   0.6   1   2     4e-06   0.00059   16.8   0.4   168   255    55   145    38   189 0.73 length=333	scaffold=contig01930	strand=-	adjustedToFrame=2
3341_g               -            333 15805at5794          -            426   0.00035   17.5   0.6   2   2         6     9e+02   -3.6   0.0   208   231   275   298   241   305 0.56 length=333	scaffold=contig01930	strand=-	adjustedToFrame=2
3636_g               -            698 15805at5794          -            426    0.0014   15.6   2.7   1   4      0.12        17    2.1   0.1   187   201     3    17     1    33 0.57 length=698	scaffold=contig02256	strand=+
3636_g               -            698 15805at5794          -            426    0.0014   15.6   2.7   2   4    0.0015      0.23    8.3   0.0   169   242    32   111    22   129 0.75 length=698	scaffold=contig02256	strand=+
3636_g               -            698 15805at5794          -            426    0.0014   15.6   2.7   3   4      0.44        65    0.2   0.0   278   315   180   218   158   230 0.77 length=698	scaffold=contig02256	strand=+
3636_g               -            698 15805at5794          -            426    0.0014   15.6   2.7   4   4      0.14        21    1.8   0.0   212   250   254   292   237   303 0.87 length=698	scaffold=contig02256	strand=+
2105_g               -            564 15805at5794          -            426    0.0024   14.8   3.8   1   3   0.00079      0.12    9.2   0.4   219   259   300   340   263   489 0.65 length=564	scaffold=contig00892	strand=+	adjustedToFrame=3
2105_g               -            564 15805at5794          -            426    0.0024   14.8   3.8   2   3      0.24        35    1.0   0.0   165   202   452   490   445   502 0.66 length=564	scaffold=contig00892	strand=+	adjustedToFrame=3
2105_g               -            564 15805at5794          -            426    0.0024   14.8   3.8   3   3     0.055       8.2    3.1   0.2   379   425   502   554   496   555 0.68 length=564	scaffold=contig00892	strand=+	adjustedToFrame=3
2236_g               -            660 15805at5794          -            426    0.0025   14.7   0.5   1   3    0.0053      0.79    6.5   0.0   276   314    53    91    42   107 0.85 length=660	scaffold=contig00987	strand=+
2236_g               -            660 15805at5794          -            426    0.0025   14.7   0.5   2   3     0.032       4.8    3.9   0.0   167   202   147   183   137   240 0.75 length=660	scaffold=contig00987	strand=+
2236_g               -            660 15805at5794          -            426    0.0025   14.7   0.5   3   3      0.44        65    0.2   0.0   183   209   273   299   254   364 0.52 length=660	scaffold=contig00987	strand=+
2816_g               -            674 15805at5794          -            426    0.0058   13.5   4.2   1   4      0.96   1.4e+02   -0.9   0.0   336   357   366   387   355   394 0.77 length=674	scaffold=contig01460	strand=+
2816_g               -            674 15805at5794          -            426    0.0058   13.5   4.2   2   4     0.025       3.7    4.3   0.0   310   359   398   446   391   459 0.74 length=674	scaffold=contig01460	strand=+
2816_g               -            674 15805at5794          -            426    0.0058   13.5   4.2   3   4    0.0024      0.36    7.6   0.1   339   389   475   523   466   537 0.75 length=674	scaffold=contig01460	strand=+
2816_g               -            674 15805at5794          -            426    0.0058   13.5   4.2   4   4       1.3     2e+02   -1.4   0.0   222   246   591   615   546   643 0.71 length=674	scaffold=contig01460	strand=+
2500_g               -            444 15805at5794          -            426    0.0062   13.4   0.0   1   3    0.0027      0.41    7.4   0.0   164   247    57   144    52   151 0.77 length=444	scaffold=contig01189	strand=-
2500_g               -            444 15805at5794          -            426    0.0062   13.4   0.0   2   3       0.1        15    2.3   0.1   165   194   232   261   106   267 0.55 length=444	scaffold=contig01189	strand=-
2500_g               -            444 15805at5794          -            426    0.0062   13.4   0.0   3   3     0.084        13    2.5   0.0   165   203   232   270   225   280 0.85 length=444	scaffold=contig01189	strand=-
3686_g               -            372 15805at5794          -            426     0.031   11.1   7.0   1   4      0.32        48    0.6   0.0   267   308    96   138    87   146 0.81 length=372	scaffold=contig02317	strand=+
3686_g               -            372 15805at5794          -            426     0.031   11.1   7.0   2   4    0.0011      0.17    8.7   0.3   211   241   150   180   143   191 0.84 length=372	scaffold=contig02317	strand=+
3686_g               -            372 15805at5794          -            426     0.031   11.1   7.0   3   4      0.27        40    0.9   0.1   285   347   204   269   192   273 0.70 length=372	scaffold=contig02317	strand=+
3686_g               -            372 15805at5794          -            426     0.031   11.1   7.0   4   4     0.045       6.7    3.4   0.4   185   241   250   314   228   322 0.67 length=372	scaffold=contig02317	strand=+
#
# Program:         hmmsearch
# Version:         3.1b2 (February 2015)
# Pipeline mode:   SEARCH
# Query file:      /mnt/e/Bioinformatics/Semester2/BINP29/Malaria Project/Genomes/Parsed/busco_downloads/lineages/apicomplexa_odb10/hmms/15805at5794.hmm
# Target file:     /mnt/e/Bioinformatics/Semester2/BINP29/Malaria Project/Genomes/Parsed/Ht_new.faa
# Option settings: hmmsearch --domtblout /mnt/e/Bioinformatics/Semester2/BINP29/Malaria Project/Genomes/Parsed/Ht/run_apicomplexa_odb10/hmmer_output/initial_run_results/15805at5794.out --cpu 1 /mnt/e/Bioinformatics/Semester2/BINP29/Malaria Project/Genomes/Parsed/busco_downloads/lineages/apicomplexa_odb10/hmms/15805at5794.hmm /mnt/e/Bioinformatics/Semester2/BINP29/Malaria Project/Genomes/Parsed/Ht_new.faa 
# Current dir:     /mnt/e/Bioinformatics/Semester2/BINP29/Malaria Project/Genomes/Parsed
# Date:            Wed Mar  1 19:26:37 2023
# [ok]
