#                                                                            --- full sequence --- -------------- this domain -------------   hmm coord   ali coord   env coord
# target name        accession   tlen query name           accession   qlen   E-value  score  bias   #  of  c-Evalue  i-Evalue  score  bias  from    to  from    to  from    to  acc description of target
#------------------- ---------- ----- -------------------- ---------- ----- --------- ------ ----- --- --- --------- --------- ------ ----- ----- ----- ----- ----- ----- ----- ---- ---------------------
204_g                -            405 16994at5794          -            353  9.8e-152  502.9   6.1   1   1  1.4e-152  3.1e-150  498.0   6.1     4   351     1   401     1   403 0.89 length=405	scaffold=contig00041	strand=+
2775_g               -           1282 16994at5794          -            353  3.4e-110  366.3   4.7   1   3   3.9e-54   8.6e-52  174.2   0.4    62   277   603   843   572   865 0.88 length=1282	scaffold=contig01425	strand=-
2775_g               -           1282 16994at5794          -            353  3.4e-110  366.3   4.7   2   3   4.1e-58     9e-56  187.3   0.1    43   269   968  1220   933  1233 0.84 length=1282	scaffold=contig01425	strand=-
2775_g               -           1282 16994at5794          -            353  3.4e-110  366.3   4.7   3   3     0.014         3    4.7   0.0   315   351  1242  1278  1228  1280 0.90 length=1282	scaffold=contig01425	strand=-
2475_g               -            849 16994at5794          -            353   2.2e-98  327.4   0.0   1   3   5.3e-49   1.2e-46  157.4   0.0    71   279   200   433   193   461 0.88 length=849	scaffold=contig01169	strand=+
2475_g               -            849 16994at5794          -            353   2.2e-98  327.4   0.0   2   3     1e-50   2.2e-48  163.0   0.0    72   283   474   713   466   733 0.86 length=849	scaffold=contig01169	strand=+
2475_g               -            849 16994at5794          -            353   2.2e-98  327.4   0.0   3   3     0.048        10    2.9   0.0   305   349   766   809   748   811 0.81 length=849	scaffold=contig01169	strand=+
2461_g               -           1061 16994at5794          -            353   7.3e-75  250.1  29.3   1   4   3.7e-09   8.2e-07   26.3   0.1    49   133   276   359   234   367 0.69 length=1061	scaffold=contig01157	strand=+	adjustedToFrame=3
2461_g               -           1061 16994at5794          -            353   7.3e-75  250.1  29.3   2   4   5.3e-20   1.2e-17   62.0   4.6   151   302   419   592   403   602 0.77 length=1061	scaffold=contig01157	strand=+	adjustedToFrame=3
2461_g               -           1061 16994at5794          -            353   7.3e-75  250.1  29.3   3   4   2.6e-51   5.7e-49  165.0   4.5    53   342   652   945   603   957 0.82 length=1061	scaffold=contig01157	strand=+	adjustedToFrame=3
2461_g               -           1061 16994at5794          -            353   7.3e-75  250.1  29.3   4   4   0.00042     0.093    9.7   0.9   248   298   969  1019   956  1056 0.76 length=1061	scaffold=contig01157	strand=+	adjustedToFrame=3
2785_g               -           1111 16994at5794          -            353   1.8e-62  209.4  10.9   1   4         3   6.5e+02   -3.0   6.4    15    71    76   132    61   144 0.75 length=1111	scaffold=contig01433	strand=-	adjustedToFrame=2
2785_g               -           1111 16994at5794          -            353   1.8e-62  209.4  10.9   2   4     1e-13   2.2e-11   41.3   2.9    11   245   177   409   165   448 0.73 length=1111	scaffold=contig01433	strand=-	adjustedToFrame=2
2785_g               -           1111 16994at5794          -            353   1.8e-62  209.4  10.9   3   4         5   1.1e+03   -3.7   8.3     6    78   460   531   450   547 0.81 length=1111	scaffold=contig01433	strand=-	adjustedToFrame=2
2785_g               -           1111 16994at5794          -            353   1.8e-62  209.4  10.9   4   4   1.6e-56   3.4e-54  182.1   1.1    40   291   622   906   587   944 0.83 length=1111	scaffold=contig01433	strand=-	adjustedToFrame=2
850_g                -            393 16994at5794          -            353   8.8e-46  154.5   1.8   1   2      0.56   1.2e+02   -0.6   0.4    46    91    11    55     2    78 0.62 length=393	scaffold=contig00240	strand=-
850_g                -            393 16994at5794          -            353   8.8e-46  154.5   1.8   2   2     7e-48   1.5e-45  153.7   0.0    74   278   132   364   121   377 0.85 length=393	scaffold=contig00240	strand=-
1438_g               -            439 16994at5794          -            353   1.7e-43  146.9   0.0   1   1   1.7e-45   3.7e-43  145.8   0.0    72   278   174   407   160   426 0.86 length=439	scaffold=contig00507	strand=+
1680_g               -            403 16994at5794          -            353   2.6e-41  139.8   0.0   1   2      0.69   1.5e+02   -0.9   0.0   192   234    76   123    72   135 0.73 length=403	scaffold=contig00633	strand=+	adjustedToFrame=3
1680_g               -            403 16994at5794          -            353   2.6e-41  139.8   0.0   2   2   4.4e-43   9.7e-41  137.9   0.0    72   299   136   391   125   400 0.82 length=403	scaffold=contig00633	strand=+	adjustedToFrame=3
2689_g               -            535 16994at5794          -            353   9.2e-41  138.0   0.0   1   1   1.2e-42   2.6e-40  136.5   0.0    78   282   229   461   211   528 0.84 length=535	scaffold=contig01352	strand=-	adjustedToFrame=3
880_g                -            876 16994at5794          -            353   1.2e-39  134.3   1.1   1   1   1.3e-41   2.9e-39  133.0   0.0    61   278   166   414   160   433 0.82 length=876	scaffold=contig00251	strand=-
690_g                -            458 16994at5794          -            353   1.7e-39  133.8   1.1   1   2      0.63   1.4e+02   -0.8   1.1    41    65    50    74    14   115 0.66 length=458	scaffold=contig00179	strand=+
690_g                -            458 16994at5794          -            353   1.7e-39  133.8   1.1   2   2   2.9e-41   6.4e-39  131.9   0.0    78   277   196   423   180   434 0.86 length=458	scaffold=contig00179	strand=+
2120_g               -            394 16994at5794          -            353   4.9e-39  132.3   0.1   1   2         5   1.1e+03   -3.7   0.1    26    48     6    28     3    47 0.58 length=394	scaffold=contig00904	strand=+
2120_g               -            394 16994at5794          -            353   4.9e-39  132.3   0.1   2   2   4.6e-41     1e-38  131.3   0.0    72   278   129   363   112   377 0.84 length=394	scaffold=contig00904	strand=+
359_g                -            699 16994at5794          -            353   5.1e-39  132.2   0.0   1   2       5.7   1.3e+03   -3.9   0.5    16    52    92   127    79   130 0.67 length=699	scaffold=contig00080	strand=-
359_g                -            699 16994at5794          -            353   5.1e-39  132.2   0.0   2   2   2.3e-41   5.1e-39  132.2   0.0    76   271   246   465   230   493 0.85 length=699	scaffold=contig00080	strand=-
804_g                -            936 16994at5794          -            353   1.5e-34  117.5   0.0   1   1   3.1e-36   6.8e-34  115.4   0.0    45   279   345   610   308   620 0.80 length=936	scaffold=contig00221	strand=+	adjustedToFrame=2
3015_g               -            777 16994at5794          -            353   5.5e-28   95.9   0.0   1   2   2.6e-25   5.7e-23   79.4   0.0   107   289   277   496   227   508 0.77 length=777	scaffold=contig01631	strand=+	adjustedToFrame=2
3015_g               -            777 16994at5794          -            353   5.5e-28   95.9   0.0   2   2    0.0001     0.023   11.7   0.0   109   177   559   632   547   640 0.82 length=777	scaffold=contig01631	strand=+	adjustedToFrame=2
540_g                -            599 16994at5794          -            353   1.4e-12   45.3   0.2   1   3      0.39        85   -0.1   6.2    15    68    47   101    37   113 0.79 length=599	scaffold=contig00132	strand=-
540_g                -            599 16994at5794          -            353   1.4e-12   45.3   0.2   2   3   6.3e-15   1.4e-12   45.3   0.2    79   249   304   475   237   487 0.81 length=599	scaffold=contig00132	strand=-
540_g                -            599 16994at5794          -            353   1.4e-12   45.3   0.2   3   3      0.23        51    0.7   0.0   242   268   491   517   473   579 0.80 length=599	scaffold=contig00132	strand=-
547_g                -            449 16994at5794          -            353   8.4e-08   29.5   0.4   1   1   1.3e-08   2.7e-06   24.6   0.4   109   203   329   414   288   432 0.66 length=449	scaffold=contig00134	strand=+
#
# Program:         hmmsearch
# Version:         3.1b2 (February 2015)
# Pipeline mode:   SEARCH
# Query file:      /mnt/e/Bioinformatics/Semester2/BINP29/Malaria Project/Genomes/Parsed/busco_downloads/lineages/apicomplexa_odb10/hmms/16994at5794.hmm
# Target file:     /mnt/e/Bioinformatics/Semester2/BINP29/Malaria Project/Genomes/Parsed/Ht_new.faa
# Option settings: hmmsearch --domtblout /mnt/e/Bioinformatics/Semester2/BINP29/Malaria Project/Genomes/Parsed/Ht/run_apicomplexa_odb10/hmmer_output/initial_run_results/16994at5794.out --cpu 1 /mnt/e/Bioinformatics/Semester2/BINP29/Malaria Project/Genomes/Parsed/busco_downloads/lineages/apicomplexa_odb10/hmms/16994at5794.hmm /mnt/e/Bioinformatics/Semester2/BINP29/Malaria Project/Genomes/Parsed/Ht_new.faa 
# Current dir:     /mnt/e/Bioinformatics/Semester2/BINP29/Malaria Project/Genomes/Parsed
# Date:            Wed Mar  1 19:26:38 2023
# [ok]
