#                                                                            --- full sequence --- -------------- this domain -------------   hmm coord   ali coord   env coord
# target name        accession   tlen query name           accession   qlen   E-value  score  bias   #  of  c-Evalue  i-Evalue  score  bias  from    to  from    to  from    to  acc description of target
#------------------- ---------- ----- -------------------- ---------- ----- --------- ------ ----- --- --- --------- --------- ------ ----- ----- ----- ----- ----- ----- ----- ---- ---------------------
3627_g               -            275 18098at5794          -            212  4.6e-104  344.1   5.1   1   1  1.2e-106  5.8e-104  343.8   5.1     9   211    58   266    51   267 0.97 length=275	scaffold=contig02247	strand=-
2685_g               -            432 18098at5794          -            212   2.5e-24   83.6   0.0   1   1   8.2e-27   3.8e-24   83.0   0.0    12   195    39   227    29   235 0.95 length=432	scaffold=contig01349	strand=+
553_g                -            197 18098at5794          -            212   1.4e-10   38.7   0.5   1   1   3.7e-13   1.7e-10   38.4   0.5    16   169     3   160     2   185 0.85 length=197	scaffold=contig00136	strand=+
628_g                -            216 18098at5794          -            212   7.6e-09   33.0   0.0   1   1     4e-11   1.9e-08   31.7   0.0    23   191     2   185     1   202 0.83 length=216	scaffold=contig00160	strand=-
1991_g               -            221 18098at5794          -            212   4.7e-08   30.4   0.1   1   1   1.2e-10   5.4e-08   30.2   0.1    38   125    23   115     8   186 0.83 length=221	scaffold=contig00818	strand=+	adjustedToFrame=3
913_g                -            225 18098at5794          -            212   4.2e-05   20.8   0.1   1   1   1.2e-07   5.6e-05   20.3   0.1    28   163    35   179    29   191 0.84 length=225	scaffold=contig00263	strand=+	adjustedToFrame=2
1395_g               -            202 18098at5794          -            212   0.00016   18.9   0.2   1   2      0.41   1.9e+02   -1.0   0.0    77    98    39    59     3    72 0.54 length=202	scaffold=contig00486	strand=+
1395_g               -            202 18098at5794          -            212   0.00016   18.9   0.2   2   2   9.9e-07   0.00046   17.4   0.0   120   193    97   171    90   182 0.92 length=202	scaffold=contig00486	strand=+
2534_g               -            216 18098at5794          -            212     0.003   14.7   0.1   1   1   8.8e-06    0.0041   14.3   0.1    44   127    54   140    30   160 0.82 length=216	scaffold=contig01214	strand=+
#
# Program:         hmmsearch
# Version:         3.1b2 (February 2015)
# Pipeline mode:   SEARCH
# Query file:      /mnt/e/Bioinformatics/Semester2/BINP29/Malaria Project/Genomes/Parsed/busco_downloads/lineages/apicomplexa_odb10/hmms/18098at5794.hmm
# Target file:     /mnt/e/Bioinformatics/Semester2/BINP29/Malaria Project/Genomes/Parsed/Ht_new.faa
# Option settings: hmmsearch --domtblout /mnt/e/Bioinformatics/Semester2/BINP29/Malaria Project/Genomes/Parsed/Ht/run_apicomplexa_odb10/hmmer_output/initial_run_results/18098at5794.out --cpu 1 /mnt/e/Bioinformatics/Semester2/BINP29/Malaria Project/Genomes/Parsed/busco_downloads/lineages/apicomplexa_odb10/hmms/18098at5794.hmm /mnt/e/Bioinformatics/Semester2/BINP29/Malaria Project/Genomes/Parsed/Ht_new.faa 
# Current dir:     /mnt/e/Bioinformatics/Semester2/BINP29/Malaria Project/Genomes/Parsed
# Date:            Wed Mar  1 19:26:39 2023
# [ok]
