#                                                                            --- full sequence --- -------------- this domain -------------   hmm coord   ali coord   env coord
# target name        accession   tlen query name           accession   qlen   E-value  score  bias   #  of  c-Evalue  i-Evalue  score  bias  from    to  from    to  from    to  acc description of target
#------------------- ---------- ----- -------------------- ---------- ----- --------- ------ ----- --- --- --------- --------- ------ ----- ----- ----- ----- ----- ----- ----- ---- ---------------------
2691_g               -           1653 1911at5794           -            995         0 1077.0  37.3   1   7   1.1e-72     2e-69  232.0   5.1    15   226     1   264     1   285 0.85 length=1653	scaffold=contig01355	strand=+	adjustedToFrame=2
2691_g               -           1653 1911at5794           -            995         0 1077.0  37.3   2   7    0.0016       2.9    3.1   0.0   252   284   423   460   375   473 0.80 length=1653	scaffold=contig01355	strand=+	adjustedToFrame=2
2691_g               -           1653 1911at5794           -            995         0 1077.0  37.3   3   7     2e-05     0.036    9.4   0.2   282   318   557   593   528   597 0.80 length=1653	scaffold=contig01355	strand=+	adjustedToFrame=2
2691_g               -           1653 1911at5794           -            995         0 1077.0  37.3   4   7   6.1e-93   1.1e-89  299.1   0.2   306   515   604   850   599   857 0.88 length=1653	scaffold=contig01355	strand=+	adjustedToFrame=2
2691_g               -           1653 1911at5794           -            995         0 1077.0  37.3   5   7   3.3e-09   6.1e-06   21.9   0.1   513   588   873   955   867   969 0.78 length=1653	scaffold=contig01355	strand=+	adjustedToFrame=2
2691_g               -           1653 1911at5794           -            995         0 1077.0  37.3   6   7     0.053        99   -2.0   0.2   544   567  1051  1074  1042  1100 0.72 length=1653	scaffold=contig01355	strand=+	adjustedToFrame=2
2691_g               -           1653 1911at5794           -            995         0 1077.0  37.3   7   7  3.8e-162    7e-159  528.2   4.7   559   893  1286  1651  1254  1653 0.89 length=1653	scaffold=contig01355	strand=+	adjustedToFrame=2
1884_g               -           1911 1911at5794           -            995   2.7e-50  168.7  28.3   1   6    0.0053       9.9    1.3   0.7   342   894    28   109     5   141 0.43 length=1911	scaffold=contig00748	strand=-
1884_g               -           1911 1911at5794           -            995   2.7e-50  168.7  28.3   2   6    0.0025       4.6    2.4   0.3   137   206   196   275   178   318 0.68 length=1911	scaffold=contig00748	strand=-
1884_g               -           1911 1911at5794           -            995   2.7e-50  168.7  28.3   3   6   4.3e-06    0.0079   11.6   0.4   311   377   660   726   634   750 0.87 length=1911	scaffold=contig00748	strand=-
1884_g               -           1911 1911at5794           -            995   2.7e-50  168.7  28.3   4   6    0.0033       6.1    2.0   0.2   484   535   977  1035   950  1097 0.64 length=1911	scaffold=contig00748	strand=-
1884_g               -           1911 1911at5794           -            995   2.7e-50  168.7  28.3   5   6   1.8e-16   3.4e-13   45.9   0.1   639   755  1402  1521  1383  1530 0.87 length=1911	scaffold=contig00748	strand=-
1884_g               -           1911 1911at5794           -            995   2.7e-50  168.7  28.3   6   6   3.7e-39   6.8e-36  121.0   0.8   754   980  1588  1841  1576  1844 0.77 length=1911	scaffold=contig00748	strand=-
#
# Program:         hmmsearch
# Version:         3.1b2 (February 2015)
# Pipeline mode:   SEARCH
# Query file:      /mnt/e/Bioinformatics/Semester2/BINP29/Malaria Project/Genomes/Parsed/busco_downloads/lineages/apicomplexa_odb10/hmms/1911at5794.hmm
# Target file:     /mnt/e/Bioinformatics/Semester2/BINP29/Malaria Project/Genomes/Parsed/Ht_new.faa
# Option settings: hmmsearch --domtblout /mnt/e/Bioinformatics/Semester2/BINP29/Malaria Project/Genomes/Parsed/Ht/run_apicomplexa_odb10/hmmer_output/initial_run_results/1911at5794.out --cpu 1 /mnt/e/Bioinformatics/Semester2/BINP29/Malaria Project/Genomes/Parsed/busco_downloads/lineages/apicomplexa_odb10/hmms/1911at5794.hmm /mnt/e/Bioinformatics/Semester2/BINP29/Malaria Project/Genomes/Parsed/Ht_new.faa 
# Current dir:     /mnt/e/Bioinformatics/Semester2/BINP29/Malaria Project/Genomes/Parsed
# Date:            Wed Mar  1 19:26:41 2023
# [ok]
