#                                                                            --- full sequence --- -------------- this domain -------------   hmm coord   ali coord   env coord
# target name        accession   tlen query name           accession   qlen   E-value  score  bias   #  of  c-Evalue  i-Evalue  score  bias  from    to  from    to  from    to  acc description of target
#------------------- ---------- ----- -------------------- ---------- ----- --------- ------ ----- --- --- --------- --------- ------ ----- ----- ----- ----- ----- ----- ----- ---- ---------------------
2481_g               -            189 19469at5794          -            200   3.6e-45  151.8  20.6   1   2   1.8e-38   1.7e-35  120.3   6.5     1    98     1    98     1   103 0.88 length=189	scaffold=contig01174	strand=-
2481_g               -            189 19469at5794          -            200   3.6e-45  151.8  20.6   2   2   6.5e-13   6.1e-10   36.9   6.8    76   141   105   179    97   187 0.75 length=189	scaffold=contig01174	strand=-
1796_g               -            299 19469at5794          -            200   8.1e-05   20.1   5.2   1   3       1.7   1.6e+03   -3.6   1.9    73    73    52    52    14    91 0.58 length=299	scaffold=contig00694	strand=-
1796_g               -            299 19469at5794          -            200   8.1e-05   20.1   5.2   2   3      0.83   7.7e+02   -2.7   3.4    72   102   177   207   144   230 0.50 length=299	scaffold=contig00694	strand=-
1796_g               -            299 19469at5794          -            200   8.1e-05   20.1   5.2   3   3   8.7e-08   8.1e-05   20.1   5.2    34    85   237   288   218   295 0.82 length=299	scaffold=contig00694	strand=-
3682_g               -            175 19469at5794          -            200   0.00012   19.6   5.2   1   2   1.3e-07   0.00012   19.6   5.2    33    72    68   107    53   121 0.79 length=175	scaffold=contig02313	strand=+
3682_g               -            175 19469at5794          -            200   0.00012   19.6   5.2   2   2      0.03        28    2.1   1.5    33    91   102   168   101   174 0.60 length=175	scaffold=contig02313	strand=+
2582_g               -           1105 19469at5794          -            200   0.00085   16.8   1.2   1   1   3.2e-06     0.003   15.0   1.2    37    71   328   362   308   370 0.83 length=1105	scaffold=contig01254	strand=+
#
# Program:         hmmsearch
# Version:         3.1b2 (February 2015)
# Pipeline mode:   SEARCH
# Query file:      /mnt/e/Bioinformatics/Semester2/BINP29/Malaria Project/Genomes/Parsed/busco_downloads/lineages/apicomplexa_odb10/hmms/19469at5794.hmm
# Target file:     /mnt/e/Bioinformatics/Semester2/BINP29/Malaria Project/Genomes/Parsed/Ht_new.faa
# Option settings: hmmsearch --domtblout /mnt/e/Bioinformatics/Semester2/BINP29/Malaria Project/Genomes/Parsed/Ht/run_apicomplexa_odb10/hmmer_output/initial_run_results/19469at5794.out --cpu 1 /mnt/e/Bioinformatics/Semester2/BINP29/Malaria Project/Genomes/Parsed/busco_downloads/lineages/apicomplexa_odb10/hmms/19469at5794.hmm /mnt/e/Bioinformatics/Semester2/BINP29/Malaria Project/Genomes/Parsed/Ht_new.faa 
# Current dir:     /mnt/e/Bioinformatics/Semester2/BINP29/Malaria Project/Genomes/Parsed
# Date:            Wed Mar  1 19:26:41 2023
# [ok]
