#                                                                            --- full sequence --- -------------- this domain -------------   hmm coord   ali coord   env coord
# target name        accession   tlen query name           accession   qlen   E-value  score  bias   #  of  c-Evalue  i-Evalue  score  bias  from    to  from    to  from    to  acc description of target
#------------------- ---------- ----- -------------------- ---------- ----- --------- ------ ----- --- --- --------- --------- ------ ----- ----- ----- ----- ----- ----- ----- ---- ---------------------
1651_g               -            157 20983at5794          -            143   3.9e-25   86.1   1.2   1   1   1.4e-27   8.9e-25   84.9   1.2    50   133     7    98     2   122 0.86 length=157	scaffold=contig00617	strand=-
2530_g               -            357 20983at5794          -            143   1.9e-05   22.2   0.1   1   1     8e-08     5e-05   20.9   0.1    29   107    71   150    59   158 0.83 length=357	scaffold=contig01211	strand=-
988_g                -           1471 20983at5794          -            143   0.00073   17.1   0.1   1   1   3.7e-06    0.0023   15.5   0.1    16    77  1042  1103  1029  1120 0.80 length=1471	scaffold=contig00292	strand=-
2179_g               -            338 20983at5794          -            143   0.00074   17.1   0.0   1   1   2.9e-06    0.0018   15.8   0.0    20    60   113   153   102   179 0.85 length=338	scaffold=contig00945	strand=-
1821_g               -            274 20983at5794          -            143    0.0019   15.8   0.0   1   1   8.2e-06    0.0051   14.4   0.0    31    96    37   105    10   109 0.68 length=274	scaffold=contig00712	strand=+
1907_g               -            514 20983at5794          -            143    0.0047   14.5   0.5   1   2       1.8   1.1e+03   -2.9   0.0    84   100   107   123    97   130 0.81 length=514	scaffold=contig00762	strand=-
1907_g               -            514 20983at5794          -            143    0.0047   14.5   0.5   2   2     2e-05     0.012   13.1   0.1    55   104   367   421   351   429 0.75 length=514	scaffold=contig00762	strand=-
#
# Program:         hmmsearch
# Version:         3.1b2 (February 2015)
# Pipeline mode:   SEARCH
# Query file:      /mnt/e/Bioinformatics/Semester2/BINP29/Malaria Project/Genomes/Parsed/busco_downloads/lineages/apicomplexa_odb10/hmms/20983at5794.hmm
# Target file:     /mnt/e/Bioinformatics/Semester2/BINP29/Malaria Project/Genomes/Parsed/Ht_new.faa
# Option settings: hmmsearch --domtblout /mnt/e/Bioinformatics/Semester2/BINP29/Malaria Project/Genomes/Parsed/Ht/run_apicomplexa_odb10/hmmer_output/initial_run_results/20983at5794.out --cpu 1 /mnt/e/Bioinformatics/Semester2/BINP29/Malaria Project/Genomes/Parsed/busco_downloads/lineages/apicomplexa_odb10/hmms/20983at5794.hmm /mnt/e/Bioinformatics/Semester2/BINP29/Malaria Project/Genomes/Parsed/Ht_new.faa 
# Current dir:     /mnt/e/Bioinformatics/Semester2/BINP29/Malaria Project/Genomes/Parsed
# Date:            Wed Mar  1 19:26:42 2023
# [ok]
