#                                                                            --- full sequence --- -------------- this domain -------------   hmm coord   ali coord   env coord
# target name        accession   tlen query name           accession   qlen   E-value  score  bias   #  of  c-Evalue  i-Evalue  score  bias  from    to  from    to  from    to  acc description of target
#------------------- ---------- ----- -------------------- ---------- ----- --------- ------ ----- --- --- --------- --------- ------ ----- ----- ----- ----- ----- ----- ----- ---- ---------------------
2943_g               -            155 21482at5794          -            119   2.2e-25   86.6   0.2   1   2   1.6e-27   8.8e-25   84.7   0.1     4   102    16   112    13   127 0.84 length=155	scaffold=contig01560	strand=-
2943_g               -            155 21482at5794          -            119   2.2e-25   86.6   0.2   2   2      0.26   1.4e+02    0.2   0.0    94   111   126   143   113   150 0.76 length=155	scaffold=contig01560	strand=-
1404_g               -            222 21482at5794          -            119   1.8e-14   51.4   0.1   1   1   6.5e-17   3.5e-14   50.5   0.1    28   105    66   139    57   150 0.87 length=222	scaffold=contig00490	strand=+
2202_g               -            496 21482at5794          -            119   5.2e-11   40.2   0.2   1   1   1.6e-12   8.5e-10   36.3   0.2     3    77    12    74    10    86 0.89 length=496	scaffold=contig00961	strand=-
3562_g               -            165 21482at5794          -            119   6.6e-09   33.5   0.0   1   1   2.1e-11   1.1e-08   32.8   0.0    46   107     3    61     1    73 0.84 length=165	scaffold=contig02179	strand=+	adjustedToFrame=3
2771_g               -            484 21482at5794          -            119   2.9e-08   31.4   0.0   1   1   1.8e-10   9.7e-08   29.7   0.0    25    90   249   314   234   333 0.84 length=484	scaffold=contig01423	strand=+
2103_g               -            193 21482at5794          -            119   2.9e-05   21.7   0.0   1   1   8.7e-08   4.6e-05   21.1   0.0     2    66   100   161    99   176 0.90 length=193	scaffold=contig00891	strand=+
545_g                -            152 21482at5794          -            119     0.004   14.8   0.1   1   1   1.1e-05    0.0059   14.3   0.1    28    63    61    96    43   148 0.78 length=152	scaffold=contig00133	strand=-
#
# Program:         hmmsearch
# Version:         3.1b2 (February 2015)
# Pipeline mode:   SEARCH
# Query file:      /mnt/e/Bioinformatics/Semester2/BINP29/Malaria Project/Genomes/Parsed/busco_downloads/lineages/apicomplexa_odb10/hmms/21482at5794.hmm
# Target file:     /mnt/e/Bioinformatics/Semester2/BINP29/Malaria Project/Genomes/Parsed/Ht_new.faa
# Option settings: hmmsearch --domtblout /mnt/e/Bioinformatics/Semester2/BINP29/Malaria Project/Genomes/Parsed/Ht/run_apicomplexa_odb10/hmmer_output/initial_run_results/21482at5794.out --cpu 1 /mnt/e/Bioinformatics/Semester2/BINP29/Malaria Project/Genomes/Parsed/busco_downloads/lineages/apicomplexa_odb10/hmms/21482at5794.hmm /mnt/e/Bioinformatics/Semester2/BINP29/Malaria Project/Genomes/Parsed/Ht_new.faa 
# Current dir:     /mnt/e/Bioinformatics/Semester2/BINP29/Malaria Project/Genomes/Parsed
# Date:            Wed Mar  1 19:26:43 2023
# [ok]
