#                                                                            --- full sequence --- -------------- this domain -------------   hmm coord   ali coord   env coord
# target name        accession   tlen query name           accession   qlen   E-value  score  bias   #  of  c-Evalue  i-Evalue  score  bias  from    to  from    to  from    to  acc description of target
#------------------- ---------- ----- -------------------- ---------- ----- --------- ------ ----- --- --- --------- --------- ------ ----- ----- ----- ----- ----- ----- ----- ---- ---------------------
1578_g               -            510 21541at5794          -            253   5.9e-23   79.2  51.1   1   2   8.4e-20   6.2e-17   59.5  28.4     3   163   111   278   109   283 0.90 length=510	scaffold=contig00576	strand=+	adjustedToFrame=2
1578_g               -            510 21541at5794          -            253   5.9e-23   79.2  51.1   2   2   5.4e-12     4e-09   33.9  14.7    62   199   242   383   241   414 0.79 length=510	scaffold=contig00576	strand=+	adjustedToFrame=2
856_g                -            232 21541at5794          -            253   6.1e-17   59.5  11.6   1   1   1.3e-19   9.7e-17   58.8  11.6    43   134     6    98     3   129 0.92 length=232	scaffold=contig00243	strand=+
364_g                -            229 21541at5794          -            253   5.8e-10   36.6  19.1   1   2   7.8e-13   5.8e-10   36.6  19.1    41   112    19    92     4   104 0.87 length=229	scaffold=contig00081	strand=-
364_g                -            229 21541at5794          -            253   5.8e-10   36.6  19.1   2   2       0.2   1.5e+02   -0.8   0.1   180   205   195   219   173   223 0.72 length=229	scaffold=contig00081	strand=-
2340_g               -            304 21541at5794          -            253   6.2e-10   36.5  27.6   1   2   8.9e-08   6.6e-05   20.1   9.3    42   131    62   156    37   157 0.80 length=304	scaffold=contig01056	strand=+
2340_g               -            304 21541at5794          -            253   6.2e-10   36.5  27.6   2   2   1.3e-08   9.4e-06   22.8  15.3    71   161   118   211   112   246 0.63 length=304	scaffold=contig01056	strand=+
3272_g               -            284 21541at5794          -            253   1.9e-05   21.8   5.3   1   1   5.7e-08   4.3e-05   20.7   5.3    78   160    52   142    38   170 0.63 length=284	scaffold=contig01860	strand=+
#
# Program:         hmmsearch
# Version:         3.1b2 (February 2015)
# Pipeline mode:   SEARCH
# Query file:      /mnt/e/Bioinformatics/Semester2/BINP29/Malaria Project/Genomes/Parsed/busco_downloads/lineages/apicomplexa_odb10/hmms/21541at5794.hmm
# Target file:     /mnt/e/Bioinformatics/Semester2/BINP29/Malaria Project/Genomes/Parsed/Ht_new.faa
# Option settings: hmmsearch --domtblout /mnt/e/Bioinformatics/Semester2/BINP29/Malaria Project/Genomes/Parsed/Ht/run_apicomplexa_odb10/hmmer_output/initial_run_results/21541at5794.out --cpu 1 /mnt/e/Bioinformatics/Semester2/BINP29/Malaria Project/Genomes/Parsed/busco_downloads/lineages/apicomplexa_odb10/hmms/21541at5794.hmm /mnt/e/Bioinformatics/Semester2/BINP29/Malaria Project/Genomes/Parsed/Ht_new.faa 
# Current dir:     /mnt/e/Bioinformatics/Semester2/BINP29/Malaria Project/Genomes/Parsed
# Date:            Wed Mar  1 19:26:43 2023
# [ok]
