#                                                                            --- full sequence --- -------------- this domain -------------   hmm coord   ali coord   env coord
# target name        accession   tlen query name           accession   qlen   E-value  score  bias   #  of  c-Evalue  i-Evalue  score  bias  from    to  from    to  from    to  acc description of target
#------------------- ---------- ----- -------------------- ---------- ----- --------- ------ ----- --- --- --------- --------- ------ ----- ----- ----- ----- ----- ----- ----- ---- ---------------------
553_g                -            197 21956at5794          -            164   8.5e-69  228.4   5.9   1   1   3.4e-71   2.1e-68  227.1   5.9     1   164     1   179     1   179 0.93 length=197	scaffold=contig00136	strand=+
3627_g               -            275 21956at5794          -            164   1.3e-07   29.4   0.3   1   1   4.1e-10   2.5e-07   28.5   0.3     8   142    70   221    64   229 0.72 length=275	scaffold=contig02247	strand=-
2685_g               -            432 21956at5794          -            164   4.2e-06   24.5   0.0   1   1   1.3e-08   8.1e-06   23.6   0.0     3   140    43   196    41   204 0.75 length=432	scaffold=contig01349	strand=+
628_g                -            216 21956at5794          -            164   6.4e-05   20.6   0.0   1   1   1.4e-06   0.00089   16.9   0.0    75   139    93   158     6   182 0.79 length=216	scaffold=contig00160	strand=-
1395_g               -            202 21956at5794          -            164     9e-05   20.2   1.2   1   2     0.045        28    2.3   0.0    58    94    30    66     8    71 0.70 length=202	scaffold=contig00486	strand=+
1395_g               -            202 21956at5794          -            164     9e-05   20.2   1.2   2   2   1.7e-06     0.001   16.7   0.2    90   150    91   152    86   166 0.84 length=202	scaffold=contig00486	strand=+
913_g                -            225 21956at5794          -            164   0.00055   17.6   0.0   1   1   1.7e-06    0.0011   16.7   0.0    61   139   100   179    42   194 0.70 length=225	scaffold=contig00263	strand=+	adjustedToFrame=2
#
# Program:         hmmsearch
# Version:         3.1b2 (February 2015)
# Pipeline mode:   SEARCH
# Query file:      /mnt/e/Bioinformatics/Semester2/BINP29/Malaria Project/Genomes/Parsed/busco_downloads/lineages/apicomplexa_odb10/hmms/21956at5794.hmm
# Target file:     /mnt/e/Bioinformatics/Semester2/BINP29/Malaria Project/Genomes/Parsed/Ht_new.faa
# Option settings: hmmsearch --domtblout /mnt/e/Bioinformatics/Semester2/BINP29/Malaria Project/Genomes/Parsed/Ht/run_apicomplexa_odb10/hmmer_output/initial_run_results/21956at5794.out --cpu 1 /mnt/e/Bioinformatics/Semester2/BINP29/Malaria Project/Genomes/Parsed/busco_downloads/lineages/apicomplexa_odb10/hmms/21956at5794.hmm /mnt/e/Bioinformatics/Semester2/BINP29/Malaria Project/Genomes/Parsed/Ht_new.faa 
# Current dir:     /mnt/e/Bioinformatics/Semester2/BINP29/Malaria Project/Genomes/Parsed
# Date:            Wed Mar  1 19:26:44 2023
# [ok]
