#                                                                            --- full sequence --- -------------- this domain -------------   hmm coord   ali coord   env coord
# target name        accession   tlen query name           accession   qlen   E-value  score  bias   #  of  c-Evalue  i-Evalue  score  bias  from    to  from    to  from    to  acc description of target
#------------------- ---------- ----- -------------------- ---------- ----- --------- ------ ----- --- --- --------- --------- ------ ----- ----- ----- ----- ----- ----- ----- ---- ---------------------
3447_g               -            157 22116at5794          -            181   9.1e-47  157.1   6.5   1   2   3.3e-05    0.0095   13.6   0.4    72    97    10    38     5    55 0.73 length=157	scaffold=contig02044	strand=+
3447_g               -            157 22116at5794          -            181   9.1e-47  157.1   6.5   2   2   4.1e-46   1.2e-43  146.9   1.2    90   177    56   143    43   147 0.94 length=157	scaffold=contig02044	strand=+
1251_g               -            865 22116at5794          -            181   1.6e-30  104.1  19.4   1   5   8.4e-12   2.4e-09   35.1   0.0   100   164    16    80    11    97 0.89 length=865	scaffold=contig00414	strand=-
1251_g               -            865 22116at5794          -            181   1.6e-30  104.1  19.4   2   5     1e-07   2.9e-05   21.8   0.2   101   163   105   166    93   170 0.91 length=865	scaffold=contig00414	strand=-
1251_g               -            865 22116at5794          -            181   1.6e-30  104.1  19.4   3   5   2.4e-08   6.8e-06   23.9   0.2    88   164   181   254   177   259 0.87 length=865	scaffold=contig00414	strand=-
1251_g               -            865 22116at5794          -            181   1.6e-30  104.1  19.4   4   5   2.2e-11   6.2e-09   33.8   0.2    83   162   374   453   361   471 0.88 length=865	scaffold=contig00414	strand=-
1251_g               -            865 22116at5794          -            181   1.6e-30  104.1  19.4   5   5       1.6   4.7e+02   -1.7   2.1   136   176   723   766   712   771 0.69 length=865	scaffold=contig00414	strand=-
3239_g               -            446 22116at5794          -            181   5.5e-10   37.2   0.6   1   2   2.6e-05    0.0075   14.0   0.1   102   152   158   207   146   217 0.85 length=446	scaffold=contig01829	strand=+
3239_g               -            446 22116at5794          -            181   5.5e-10   37.2   0.6   2   2   1.9e-07   5.4e-05   20.9   0.1    84   160   223   298   210   303 0.85 length=446	scaffold=contig01829	strand=+
1718_g               -            223 22116at5794          -            181   3.2e-09   34.7   0.1   1   2     0.019       5.5    4.6   0.0   147   173    38    64    16    71 0.85 length=223	scaffold=contig00655	strand=-	adjustedToFrame=2
1718_g               -            223 22116at5794          -            181   3.2e-09   34.7   0.1   2   2   1.1e-09   3.3e-07   28.2   0.0    97   177   139   218   129   222 0.85 length=223	scaffold=contig00655	strand=-	adjustedToFrame=2
3428_g               -            275 22116at5794          -            181   4.3e-09   34.3   1.5   1   2       4.2   1.2e+03   -3.0   0.2   151   177    40    66    26    68 0.58 length=275	scaffold=contig02025	strand=-	adjustedToFrame=2
3428_g               -            275 22116at5794          -            181   4.3e-09   34.3   1.5   2   2   2.3e-11   6.7e-09   33.7   0.1    99   164   192   257   187   261 0.96 length=275	scaffold=contig02025	strand=-	adjustedToFrame=2
1724_g               -            669 22116at5794          -            181   8.3e-09   33.4   7.6   1   4       4.4   1.3e+03   -3.1   2.2    71    98   101   128    93   184 0.59 length=669	scaffold=contig00659	strand=-
1724_g               -            669 22116at5794          -            181   8.3e-09   33.4   7.6   2   4    0.0072       2.1    6.0   7.4    78   163   209   287   158   305 0.73 length=669	scaffold=contig00659	strand=-
1724_g               -            669 22116at5794          -            181   8.3e-09   33.4   7.6   3   4      0.76   2.2e+02   -0.6   0.4    19    52   285   319   282   339 0.76 length=669	scaffold=contig00659	strand=-
1724_g               -            669 22116at5794          -            181   8.3e-09   33.4   7.6   4   4   2.9e-11   8.3e-09   33.4   7.6    27   158   393   527   386   532 0.85 length=669	scaffold=contig00659	strand=-
934_g                -            515 22116at5794          -            181   2.5e-07   28.6   0.2   1   1   1.4e-09     4e-07   27.9   0.2   100   178    25   102     8   105 0.87 length=515	scaffold=contig00269	strand=-
3232_g               -            798 22116at5794          -            181     4e-07   27.9   0.7   1   3       2.4   6.8e+02   -2.2   0.8    88   115     5    32     2    41 0.79 length=798	scaffold=contig01823	strand=-	adjustedToFrame=2
3232_g               -            798 22116at5794          -            181     4e-07   27.9   0.7   2   3   1.1e-07   3.1e-05   21.8   0.7    98   162   332   399   300   417 0.75 length=798	scaffold=contig01823	strand=-	adjustedToFrame=2
3232_g               -            798 22116at5794          -            181     4e-07   27.9   0.7   3   3   5.5e-05     0.016   12.9   0.0   101   152   714   765   704   774 0.86 length=798	scaffold=contig01823	strand=-	adjustedToFrame=2
1812_g               -            299 22116at5794          -            181   6.9e-07   27.1   0.1   1   2   1.9e-08   5.4e-06   24.2   0.0   100   175     9    81     3    87 0.89 length=299	scaffold=contig00706	strand=-
1812_g               -            299 22116at5794          -            181   6.9e-07   27.1   0.1   2   2      0.56   1.6e+02   -0.1   0.0   146   166   126   146   119   149 0.85 length=299	scaffold=contig00706	strand=-
1519_g               -            838 22116at5794          -            181     1e-06   26.6   0.0   1   1   8.4e-09   2.4e-06   25.4   0.0    93   158   109   174    83   177 0.85 length=838	scaffold=contig00544	strand=+
687_g                -            131 22116at5794          -            181   8.9e-06   23.5   0.2   1   2   8.9e-05     0.025   12.2   0.0   134   163    52    81    41    86 0.89 length=131	scaffold=contig00178	strand=-	adjustedToFrame=2
687_g                -            131 22116at5794          -            181   8.9e-06   23.5   0.2   2   2   0.00033     0.095   10.4   0.3   134   177    82   126    80   130 0.78 length=131	scaffold=contig00178	strand=-	adjustedToFrame=2
671_g                -            694 22116at5794          -            181   0.00059   17.6   0.7   1   2   2.1e-06   0.00059   17.6   0.7    91   163    22    94     2   101 0.81 length=694	scaffold=contig00172	strand=-
671_g                -            694 22116at5794          -            181   0.00059   17.6   0.7   2   2       6.2   1.8e+03   -3.5   1.0    62   102   563   604   558   626 0.51 length=694	scaffold=contig00172	strand=-
1874_g               -            223 22116at5794          -            181   0.00091   17.0   2.4   1   3     0.027       7.9    4.1   0.0   100   133    14    47     3    58 0.80 length=223	scaffold=contig00743	strand=-
1874_g               -            223 22116at5794          -            181   0.00091   17.0   2.4   2   3   0.00014     0.041   11.6   0.1   140   161    96   117    89   139 0.77 length=223	scaffold=contig00743	strand=-
1874_g               -            223 22116at5794          -            181   0.00091   17.0   2.4   3   3      0.93   2.6e+02   -0.8   0.1   112   146   170   204   152   209 0.61 length=223	scaffold=contig00743	strand=-
#
# Program:         hmmsearch
# Version:         3.1b2 (February 2015)
# Pipeline mode:   SEARCH
# Query file:      /mnt/e/Bioinformatics/Semester2/BINP29/Malaria Project/Genomes/Parsed/busco_downloads/lineages/apicomplexa_odb10/hmms/22116at5794.hmm
# Target file:     /mnt/e/Bioinformatics/Semester2/BINP29/Malaria Project/Genomes/Parsed/Ht_new.faa
# Option settings: hmmsearch --domtblout /mnt/e/Bioinformatics/Semester2/BINP29/Malaria Project/Genomes/Parsed/Ht/run_apicomplexa_odb10/hmmer_output/initial_run_results/22116at5794.out --cpu 1 /mnt/e/Bioinformatics/Semester2/BINP29/Malaria Project/Genomes/Parsed/busco_downloads/lineages/apicomplexa_odb10/hmms/22116at5794.hmm /mnt/e/Bioinformatics/Semester2/BINP29/Malaria Project/Genomes/Parsed/Ht_new.faa 
# Current dir:     /mnt/e/Bioinformatics/Semester2/BINP29/Malaria Project/Genomes/Parsed
# Date:            Wed Mar  1 19:26:44 2023
# [ok]
