#                                                                            --- full sequence --- -------------- this domain -------------   hmm coord   ali coord   env coord
# target name        accession   tlen query name           accession   qlen   E-value  score  bias   #  of  c-Evalue  i-Evalue  score  bias  from    to  from    to  from    to  acc description of target
#------------------- ---------- ----- -------------------- ---------- ----- --------- ------ ----- --- --- --------- --------- ------ ----- ----- ----- ----- ----- ----- ----- ---- ---------------------
161_g                -            504 22305at5794          -            201   1.9e-54  182.2  37.6   1   5   1.1e-18   5.7e-16   56.6   0.1     1    49     3    51     3    62 0.96 length=504	scaffold=contig00032	strand=+
161_g                -            504 22305at5794          -            201   1.9e-54  182.2  37.6   2   5      0.36   1.9e+02   -0.6   0.2    58    68    82    92    71   151 0.49 length=504	scaffold=contig00032	strand=+
161_g                -            504 22305at5794          -            201   1.9e-54  182.2  37.6   3   5   2.3e-21   1.2e-18   65.3   8.7    83   156   179   256   174   265 0.89 length=504	scaffold=contig00032	strand=+
161_g                -            504 22305at5794          -            201   1.9e-54  182.2  37.6   4   5      0.69   3.6e+02   -1.5   0.4   124   158   290   324   283   326 0.73 length=504	scaffold=contig00032	strand=+
161_g                -            504 22305at5794          -            201   1.9e-54  182.2  37.6   5   5     1e-24   5.5e-22   76.2   6.0   105   200   373   468   359   469 0.77 length=504	scaffold=contig00032	strand=+
663_g                -            129 22305at5794          -            201   7.9e-13   46.3   0.1   1   1   1.7e-15   9.3e-13   46.1   0.1     2    75     2    78     1    96 0.85 length=129	scaffold=contig00170	strand=+
2370_g               -           1582 22305at5794          -            201   1.4e-07   29.2   0.1   1   1   6.3e-10   3.3e-07   28.0   0.1     1    74     6    82     6    89 0.92 length=1582	scaffold=contig01086	strand=-
2068_g               -            407 22305at5794          -            201   3.4e-07   28.0   5.5   1   2     7e-09   3.7e-06   24.5   1.7     4    64     4    69     1    92 0.73 length=407	scaffold=contig00870	strand=-
2068_g               -            407 22305at5794          -            201   3.4e-07   28.0   5.5   2   2    0.0076         4    4.9   0.1    80   147   228   294   207   310 0.72 length=407	scaffold=contig00870	strand=-
1708_g               -            150 22305at5794          -            201   9.8e-06   23.2   0.0   1   1   2.6e-08   1.4e-05   22.7   0.0     5    58    76   126    73   131 0.85 length=150	scaffold=contig00650	strand=+	adjustedToFrame=3
1402_g               -            550 22305at5794          -            201    0.0012   16.4   0.1   1   1   5.3e-06    0.0028   15.1   0.1    13    47    63    97    51   133 0.79 length=550	scaffold=contig00488	strand=-
451_g                -            587 22305at5794          -            201      0.65    7.4   7.8   1   2       1.1   5.7e+02   -2.2   0.4    46    80   404   438   378   442 0.70 length=587	scaffold=contig00105	strand=-
451_g                -            587 22305at5794          -            201      0.65    7.4   7.8   2   2     7e-05     0.037   11.5   2.0    80   115   516   550   508   568 0.79 length=587	scaffold=contig00105	strand=-
#
# Program:         hmmsearch
# Version:         3.1b2 (February 2015)
# Pipeline mode:   SEARCH
# Query file:      /mnt/e/Bioinformatics/Semester2/BINP29/Malaria Project/Genomes/Parsed/busco_downloads/lineages/apicomplexa_odb10/hmms/22305at5794.hmm
# Target file:     /mnt/e/Bioinformatics/Semester2/BINP29/Malaria Project/Genomes/Parsed/Ht_new.faa
# Option settings: hmmsearch --domtblout /mnt/e/Bioinformatics/Semester2/BINP29/Malaria Project/Genomes/Parsed/Ht/run_apicomplexa_odb10/hmmer_output/initial_run_results/22305at5794.out --cpu 1 /mnt/e/Bioinformatics/Semester2/BINP29/Malaria Project/Genomes/Parsed/busco_downloads/lineages/apicomplexa_odb10/hmms/22305at5794.hmm /mnt/e/Bioinformatics/Semester2/BINP29/Malaria Project/Genomes/Parsed/Ht_new.faa 
# Current dir:     /mnt/e/Bioinformatics/Semester2/BINP29/Malaria Project/Genomes/Parsed
# Date:            Wed Mar  1 19:26:44 2023
# [ok]
