#                                                                            --- full sequence --- -------------- this domain -------------   hmm coord   ali coord   env coord
# target name        accession   tlen query name           accession   qlen   E-value  score  bias   #  of  c-Evalue  i-Evalue  score  bias  from    to  from    to  from    to  acc description of target
#------------------- ---------- ----- -------------------- ---------- ----- --------- ------ ----- --- --- --------- --------- ------ ----- ----- ----- ----- ----- ----- ----- ---- ---------------------
3627_g               -            275 22440at5794          -            197     2e-37  126.7   1.3   1   1   5.3e-40   2.8e-37  126.2   1.3     6   194    61   241    57   244 0.93 length=275	scaffold=contig02247	strand=-
2685_g               -            432 22440at5794          -            197     1e-29  101.6   0.4   1   1   6.9e-32   3.7e-29   99.8   0.4     6   197    39   221    36   221 0.91 length=432	scaffold=contig01349	strand=+
628_g                -            216 22440at5794          -            197   1.6e-10   39.0   0.0   1   1   3.6e-13   1.9e-10   38.7   0.0    17   189     2   175     1   183 0.85 length=216	scaffold=contig00160	strand=-
553_g                -            197 22440at5794          -            197   2.4e-09   35.1   0.1   1   1   7.6e-12     4e-09   34.4   0.1    10   176     3   159     2   164 0.85 length=197	scaffold=contig00136	strand=+
1395_g               -            202 22440at5794          -            197   3.4e-08   31.3   0.3   1   2      0.42   2.2e+02   -0.7   0.0    59   121     3    64     1    71 0.46 length=202	scaffold=contig00486	strand=+
1395_g               -            202 22440at5794          -            197   3.4e-08   31.3   0.3   2   2   1.9e-10   9.9e-08   29.8   0.1   123   196    92   166    86   167 0.89 length=202	scaffold=contig00486	strand=+
913_g                -            225 22440at5794          -            197   7.9e-08   30.1   0.1   1   1     2e-10     1e-07   29.8   0.1    23   171    35   179    26   193 0.84 length=225	scaffold=contig00263	strand=+	adjustedToFrame=2
1991_g               -            221 22440at5794          -            197   2.7e-05   21.9   0.2   1   1   6.7e-08   3.6e-05   21.5   0.2    32   180    23   168    14   174 0.75 length=221	scaffold=contig00818	strand=+	adjustedToFrame=3
#
# Program:         hmmsearch
# Version:         3.1b2 (February 2015)
# Pipeline mode:   SEARCH
# Query file:      /mnt/e/Bioinformatics/Semester2/BINP29/Malaria Project/Genomes/Parsed/busco_downloads/lineages/apicomplexa_odb10/hmms/22440at5794.hmm
# Target file:     /mnt/e/Bioinformatics/Semester2/BINP29/Malaria Project/Genomes/Parsed/Ht_new.faa
# Option settings: hmmsearch --domtblout /mnt/e/Bioinformatics/Semester2/BINP29/Malaria Project/Genomes/Parsed/Ht/run_apicomplexa_odb10/hmmer_output/initial_run_results/22440at5794.out --cpu 1 /mnt/e/Bioinformatics/Semester2/BINP29/Malaria Project/Genomes/Parsed/busco_downloads/lineages/apicomplexa_odb10/hmms/22440at5794.hmm /mnt/e/Bioinformatics/Semester2/BINP29/Malaria Project/Genomes/Parsed/Ht_new.faa 
# Current dir:     /mnt/e/Bioinformatics/Semester2/BINP29/Malaria Project/Genomes/Parsed
# Date:            Wed Mar  1 19:26:44 2023
# [ok]
