#                                                                            --- full sequence --- -------------- this domain -------------   hmm coord   ali coord   env coord
# target name        accession   tlen query name           accession   qlen   E-value  score  bias   #  of  c-Evalue  i-Evalue  score  bias  from    to  from    to  from    to  acc description of target
#------------------- ---------- ----- -------------------- ---------- ----- --------- ------ ----- --- --- --------- --------- ------ ----- ----- ----- ----- ----- ----- ----- ---- ---------------------
969_g                -           1329 2676at5794           -            858         0 1087.1  67.5   1   7   1.7e-48   1.6e-45  153.3   0.1     1   104     8   113     8   131 0.92 length=1329	scaffold=contig00283	strand=-	adjustedToFrame=2
969_g                -           1329 2676at5794           -            858         0 1087.1  67.5   2   7   1.1e-59     1e-56  190.3   2.1    97   220   150   285   140   292 0.89 length=1329	scaffold=contig00283	strand=-	adjustedToFrame=2
969_g                -           1329 2676at5794           -            858         0 1087.1  67.5   3   7   3.8e-20   3.5e-17   59.5   0.5   219   289   323   409   315   427 0.77 length=1329	scaffold=contig00283	strand=-	adjustedToFrame=2
969_g                -           1329 2676at5794           -            858         0 1087.1  67.5   4   7   2.2e-76   2.1e-73  245.5   2.9   285   493   442   681   438   690 0.87 length=1329	scaffold=contig00283	strand=-	adjustedToFrame=2
969_g                -           1329 2676at5794           -            858         0 1087.1  67.5   5   7   1.4e-48   1.3e-45  153.6   1.0   493   598   739   854   737   859 0.91 length=1329	scaffold=contig00283	strand=-	adjustedToFrame=2
969_g                -           1329 2676at5794           -            858         0 1087.1  67.5   6   7   2.1e-79   1.9e-76  255.5  14.0   591   780   891  1116   874  1166 0.84 length=1329	scaffold=contig00283	strand=-	adjustedToFrame=2
969_g                -           1329 2676at5794           -            858         0 1087.1  67.5   7   7   1.1e-18   1.1e-15   54.6   6.4   759   858  1173  1291  1165  1291 0.82 length=1329	scaffold=contig00283	strand=-	adjustedToFrame=2
3453_g               -            683 2676at5794           -            858   3.6e-13   46.2   4.8   1   3     0.021        19    0.8   0.1   779   823    20    61    16    68 0.83 length=683	scaffold=contig02048	strand=-
3453_g               -            683 2676at5794           -            858   3.6e-13   46.2   4.8   2   3   2.7e-05     0.025   10.3   0.2    29    70    62   103    35   105 0.80 length=683	scaffold=contig02048	strand=-
3453_g               -            683 2676at5794           -            858   3.6e-13   46.2   4.8   3   3   3.9e-13   3.6e-10   36.3   0.3   553   654   422   524   404   601 0.79 length=683	scaffold=contig02048	strand=-
977_g                -            891 2676at5794           -            858   1.8e-11   40.6   6.0   1   3   6.6e-08   6.1e-05   19.0   0.1    28    92   216   280   205   301 0.82 length=891	scaffold=contig00287	strand=+
977_g                -            891 2676at5794           -            858   1.8e-11   40.6   6.0   2   3      0.29   2.7e+02   -3.0   0.2   759   815   356   414   343   420 0.70 length=891	scaffold=contig00287	strand=+
977_g                -            891 2676at5794           -            858   1.8e-11   40.6   6.0   3   3   1.6e-09   1.5e-06   24.3   0.2   562   637   466   544   441   603 0.82 length=891	scaffold=contig00287	strand=+
1955_g               -            622 2676at5794           -            858   1.2e-07   27.9   5.4   1   2      0.17   1.6e+02   -2.2   0.3   349   374   112   137    93   211 0.57 length=622	scaffold=contig00794	strand=-	adjustedToFrame=3
1955_g               -            622 2676at5794           -            858   1.2e-07   27.9   5.4   2   2   1.3e-10   1.2e-07   27.9   5.4   567   828   284   543   281   565 0.70 length=622	scaffold=contig00794	strand=-	adjustedToFrame=3
#
# Program:         hmmsearch
# Version:         3.1b2 (February 2015)
# Pipeline mode:   SEARCH
# Query file:      /mnt/e/Bioinformatics/Semester2/BINP29/Malaria Project/Genomes/Parsed/busco_downloads/lineages/apicomplexa_odb10/hmms/2676at5794.hmm
# Target file:     /mnt/e/Bioinformatics/Semester2/BINP29/Malaria Project/Genomes/Parsed/Ht_new.faa
# Option settings: hmmsearch --domtblout /mnt/e/Bioinformatics/Semester2/BINP29/Malaria Project/Genomes/Parsed/Ht/run_apicomplexa_odb10/hmmer_output/initial_run_results/2676at5794.out --cpu 1 /mnt/e/Bioinformatics/Semester2/BINP29/Malaria Project/Genomes/Parsed/busco_downloads/lineages/apicomplexa_odb10/hmms/2676at5794.hmm /mnt/e/Bioinformatics/Semester2/BINP29/Malaria Project/Genomes/Parsed/Ht_new.faa 
# Current dir:     /mnt/e/Bioinformatics/Semester2/BINP29/Malaria Project/Genomes/Parsed
# Date:            Wed Mar  1 19:26:51 2023
# [ok]
