#                                                                            --- full sequence --- -------------- this domain -------------   hmm coord   ali coord   env coord
# target name        accession   tlen query name           accession   qlen   E-value  score  bias   #  of  c-Evalue  i-Evalue  score  bias  from    to  from    to  from    to  acc description of target
#------------------- ---------- ----- -------------------- ---------- ----- --------- ------ ----- --- --- --------- --------- ------ ----- ----- ----- ----- ----- ----- ----- ---- ---------------------
2465_g               -            137 26893at5794          -            134   2.1e-67  223.1  10.5   1   1     1e-69   3.9e-67  222.2  10.5     1   134     1   131     1   131 0.97 length=137	scaffold=contig01161	strand=+
2521_g               -            165 26893at5794          -            134   1.2e-16   58.8   6.6   1   1   1.2e-18   4.6e-16   56.9   6.6     2   132    22   154    21   156 0.76 length=165	scaffold=contig01204	strand=-
2663_g               -            614 26893at5794          -            134   3.9e-16   57.1   1.2   1   2   5.7e-09   2.1e-06   25.7   0.0    61   130   443   513   429   518 0.93 length=614	scaffold=contig01328	strand=+
2663_g               -            614 26893at5794          -            134   3.9e-16   57.1   1.2   2   2   3.9e-10   1.5e-07   29.4   0.3    60   125   545   613   539   614 0.85 length=614	scaffold=contig01328	strand=+
326_g                -            485 26893at5794          -            134   3.5e-15   54.1   0.9   1   2   2.9e-07   0.00011   20.1   0.0    62   133   330   401   311   402 0.93 length=485	scaffold=contig00072	strand=-
326_g                -            485 26893at5794          -            134   3.5e-15   54.1   0.9   2   2   6.3e-11   2.4e-08   32.0   0.2    74   133   412   477   404   478 0.80 length=485	scaffold=contig00072	strand=-
836_g                -            254 26893at5794          -            134   1.2e-14   52.4   5.7   1   2     5e-07   0.00019   19.4   0.1     3    50     7    54     5    65 0.91 length=254	scaffold=contig00235	strand=-
836_g                -            254 26893at5794          -            134   1.2e-14   52.4   5.7   2   2   4.8e-12   1.8e-09   35.6   0.7    11   130   121   245   111   249 0.82 length=254	scaffold=contig00235	strand=-
2631_g               -            762 26893at5794          -            134   2.1e-14   51.6   1.6   1   2       9.1   3.4e+03   -4.1   0.0    69    85   577   593   568   594 0.78 length=762	scaffold=contig01296	strand=+
2631_g               -            762 26893at5794          -            134   2.1e-14   51.6   1.6   2   2   5.6e-17   2.1e-14   51.6   1.6     1   134   610   749   610   749 0.81 length=762	scaffold=contig01296	strand=+
2606_g               -            134 26893at5794          -            134   9.2e-12   43.0   3.6   1   2   2.5e-14   9.2e-12   43.0   3.6     1    88    32   116    32   121 0.91 length=134	scaffold=contig01274	strand=+
2606_g               -            134 26893at5794          -            134   9.2e-12   43.0   3.6   2   2     0.043        16    3.4   0.5   106   129   110   133   110   134 0.82 length=134	scaffold=contig01274	strand=+
1906_g               -            204 26893at5794          -            134   1.9e-10   38.8   0.4   1   1   7.2e-13   2.7e-10   38.3   0.4    11   132    75   197    69   199 0.88 length=204	scaffold=contig00762	strand=+
3150_g               -            337 26893at5794          -            134   3.3e-05   21.8   9.6   1   2   3.9e-06    0.0014   16.5   6.4    10   132    60   192    50   194 0.79 length=337	scaffold=contig01745	strand=+
3150_g               -            337 26893at5794          -            134   3.3e-05   21.8   9.6   2   2    0.0078       2.9    5.8   0.1    70    99   203   233   200   263 0.78 length=337	scaffold=contig01745	strand=+
2369_g               -            199 26893at5794          -            134    0.0084   14.0   0.2   1   1   6.3e-05     0.023   12.6   0.2     9   114     8   111     3   124 0.68 length=199	scaffold=contig01085	strand=+
#
# Program:         hmmsearch
# Version:         3.1b2 (February 2015)
# Pipeline mode:   SEARCH
# Query file:      /mnt/e/Bioinformatics/Semester2/BINP29/Malaria Project/Genomes/Parsed/busco_downloads/lineages/apicomplexa_odb10/hmms/26893at5794.hmm
# Target file:     /mnt/e/Bioinformatics/Semester2/BINP29/Malaria Project/Genomes/Parsed/Ht_new.faa
# Option settings: hmmsearch --domtblout /mnt/e/Bioinformatics/Semester2/BINP29/Malaria Project/Genomes/Parsed/Ht/run_apicomplexa_odb10/hmmer_output/initial_run_results/26893at5794.out --cpu 1 /mnt/e/Bioinformatics/Semester2/BINP29/Malaria Project/Genomes/Parsed/busco_downloads/lineages/apicomplexa_odb10/hmms/26893at5794.hmm /mnt/e/Bioinformatics/Semester2/BINP29/Malaria Project/Genomes/Parsed/Ht_new.faa 
# Current dir:     /mnt/e/Bioinformatics/Semester2/BINP29/Malaria Project/Genomes/Parsed
# Date:            Wed Mar  1 19:26:51 2023
# [ok]
