#                                                                            --- full sequence --- -------------- this domain -------------   hmm coord   ali coord   env coord
# target name        accession   tlen query name           accession   qlen   E-value  score  bias   #  of  c-Evalue  i-Evalue  score  bias  from    to  from    to  from    to  acc description of target
#------------------- ---------- ----- -------------------- ---------- ----- --------- ------ ----- --- --- --------- --------- ------ ----- ----- ----- ----- ----- ----- ----- ---- ---------------------
1077_g               -            660 2708at5794           -            696  5.2e-123  409.4  37.9   1   3   1.1e-23   4.6e-21   72.4   1.7     1    47    27    73    27    75 0.98 length=660	scaffold=contig00332	strand=-
1077_g               -            660 2708at5794           -            696  5.2e-123  409.4  37.9   2   3   9.3e-80   3.8e-77  257.8  11.3    46   226   153   364   143   377 0.88 length=660	scaffold=contig00332	strand=-
1077_g               -            660 2708at5794           -            696  5.2e-123  409.4  37.9   3   3   1.4e-28     6e-26   88.6  10.0   190   341   381   562   366   575 0.78 length=660	scaffold=contig00332	strand=-
1778_g               -            806 2708at5794           -            696  6.2e-105  349.6  17.6   1   6   4.7e-43     2e-40  136.5   0.3   338   441    51   161    47   203 0.93 length=806	scaffold=contig00685	strand=-	adjustedToFrame=2
1778_g               -            806 2708at5794           -            696  6.2e-105  349.6  17.6   2   6     2e-07   8.3e-05   18.7   0.0   443   477   320   354   312   358 0.91 length=806	scaffold=contig00685	strand=-	adjustedToFrame=2
1778_g               -            806 2708at5794           -            696  6.2e-105  349.6  17.6   3   6   7.3e-05      0.03   10.2   0.0   484   514   470   500   448   510 0.75 length=806	scaffold=contig00685	strand=-	adjustedToFrame=2
1778_g               -            806 2708at5794           -            696  6.2e-105  349.6  17.6   4   6   3.3e-08   1.3e-05   21.3   0.0   510   537   531   558   513   573 0.83 length=806	scaffold=contig00685	strand=-	adjustedToFrame=2
1778_g               -            806 2708at5794           -            696  6.2e-105  349.6  17.6   5   6   7.1e-54   2.9e-51  172.2   0.2   547   696   599   750   586   750 0.91 length=806	scaffold=contig00685	strand=-	adjustedToFrame=2
1778_g               -            806 2708at5794           -            696  6.2e-105  349.6  17.6   6   6       1.9   7.9e+02   -4.4   1.4   466   509   757   800   754   802 0.75 length=806	scaffold=contig00685	strand=-	adjustedToFrame=2
3468_g               -            774 2708at5794           -            696  1.8e-104  348.1   0.0   1   2   5.2e-79   2.2e-76  255.3   0.0    13   447     4   507     2   519 0.77 length=774	scaffold=contig02069	strand=-	adjustedToFrame=3
3468_g               -            774 2708at5794           -            696  1.8e-104  348.1   0.0   2   2   3.2e-28   1.3e-25   87.5   0.0   503   662   581   750   557   762 0.83 length=774	scaffold=contig02069	strand=-	adjustedToFrame=3
1382_g               -            763 2708at5794           -            696   3.7e-24   82.7   1.9   1   3   8.2e-24   3.4e-21   72.9   0.2     1   113   111   225   111   292 0.82 length=763	scaffold=contig00480	strand=-
1382_g               -            763 2708at5794           -            696   3.7e-24   82.7   1.9   2   3    0.0063       2.6    3.8   0.0   312   355   402   451   397   468 0.81 length=763	scaffold=contig00480	strand=-
1382_g               -            763 2708at5794           -            696   3.7e-24   82.7   1.9   3   3     0.011       4.4    3.1   0.0   568   657   549   639   522   652 0.83 length=763	scaffold=contig00480	strand=-
2073_g               -           1043 2708at5794           -            696   5.2e-20   68.9  12.6   1   3   1.6e-18   6.7e-16   55.4   0.3     1   116    37   158    37   182 0.82 length=1043	scaffold=contig00872	strand=-
2073_g               -           1043 2708at5794           -            696   5.2e-20   68.9  12.6   2   3   1.3e-05    0.0054   12.7   0.7   359   445   579   664   563   673 0.85 length=1043	scaffold=contig00872	strand=-
2073_g               -           1043 2708at5794           -            696   5.2e-20   68.9  12.6   3   3   0.00046      0.19    7.6   0.8   465   617   831   991   825  1013 0.66 length=1043	scaffold=contig00872	strand=-
1686_g               -            862 2708at5794           -            696   4.4e-17   59.3   0.2   1   2   1.1e-19   4.4e-17   59.3   0.2     1    94   100   197   100   318 0.70 length=862	scaffold=contig00638	strand=-
1686_g               -            862 2708at5794           -            696   4.4e-17   59.3   0.2   2   2       5.6   2.3e+03   -5.9   2.0   655   689   604   638   589   643 0.72 length=862	scaffold=contig00638	strand=-
751_g                -            519 2708at5794           -            696   6.6e-12   42.2   0.1   1   1   2.2e-14   9.2e-12   41.7   0.1    26   110   172   262   147   274 0.83 length=519	scaffold=contig00201	strand=+
3542_g               -            971 2708at5794           -            696     4e-10   36.3   0.0   1   1   1.7e-12     7e-10   35.5   0.0    48   113   425   490   412   503 0.93 length=971	scaffold=contig02157	strand=-
2263_g               -            513 2708at5794           -            696   0.00045   16.3   0.1   1   1   1.6e-06   0.00068   15.7   0.1    48   120   124   198   115   208 0.81 length=513	scaffold=contig01008	strand=-
#
# Program:         hmmsearch
# Version:         3.1b2 (February 2015)
# Pipeline mode:   SEARCH
# Query file:      /mnt/e/Bioinformatics/Semester2/BINP29/Malaria Project/Genomes/Parsed/busco_downloads/lineages/apicomplexa_odb10/hmms/2708at5794.hmm
# Target file:     /mnt/e/Bioinformatics/Semester2/BINP29/Malaria Project/Genomes/Parsed/Ht_new.faa
# Option settings: hmmsearch --domtblout /mnt/e/Bioinformatics/Semester2/BINP29/Malaria Project/Genomes/Parsed/Ht/run_apicomplexa_odb10/hmmer_output/initial_run_results/2708at5794.out --cpu 1 /mnt/e/Bioinformatics/Semester2/BINP29/Malaria Project/Genomes/Parsed/busco_downloads/lineages/apicomplexa_odb10/hmms/2708at5794.hmm /mnt/e/Bioinformatics/Semester2/BINP29/Malaria Project/Genomes/Parsed/Ht_new.faa 
# Current dir:     /mnt/e/Bioinformatics/Semester2/BINP29/Malaria Project/Genomes/Parsed
# Date:            Wed Mar  1 19:26:51 2023
# [ok]
