#                                                                            --- full sequence --- -------------- this domain -------------   hmm coord   ali coord   env coord
# target name        accession   tlen query name           accession   qlen   E-value  score  bias   #  of  c-Evalue  i-Evalue  score  bias  from    to  from    to  from    to  acc description of target
#------------------- ---------- ----- -------------------- ---------- ----- --------- ------ ----- --- --- --------- --------- ------ ----- ----- ----- ----- ----- ----- ----- ---- ---------------------
2084_g               -            396 28533at5794          -            141   5.8e-37  124.2   0.2   1   2     2e-39   5.8e-37  124.2   0.2     1   132     6   135     6   144 0.87 length=396	scaffold=contig00879	strand=-
2084_g               -            396 28533at5794          -            141   5.8e-37  124.2   0.2   2   2       4.5   1.3e+03   -3.3   1.2     7    24   338   355   327   358 0.79 length=396	scaffold=contig00879	strand=-
1251_g               -            865 28533at5794          -            141   2.6e-26   89.7   6.8   1   5   3.8e-06    0.0011   16.4   0.2    26    89    16    80     6    87 0.87 length=865	scaffold=contig00414	strand=-
1251_g               -            865 28533at5794          -            141   2.6e-26   89.7   6.8   2   5     3e-09   8.7e-07   26.4   0.0    27    94   105   172    91   187 0.90 length=865	scaffold=contig00414	strand=-
1251_g               -            865 28533at5794          -            141   2.6e-26   89.7   6.8   3   5   1.4e-09   4.1e-07   27.5   0.1    27   117   194   282   180   299 0.84 length=865	scaffold=contig00414	strand=-
1251_g               -            865 28533at5794          -            141   2.6e-26   89.7   6.8   4   5   4.6e-07   0.00013   19.3   0.0    25    85   391   451   375   460 0.89 length=865	scaffold=contig00414	strand=-
1251_g               -            865 28533at5794          -            141   2.6e-26   89.7   6.8   5   5         4   1.1e+03   -3.1   0.0   110   139   537   566   527   567 0.75 length=865	scaffold=contig00414	strand=-
687_g                -            131 28533at5794          -            141   3.9e-11   40.5   0.1   1   2   2.6e-07   7.4e-05   20.2   0.0    60    90    53    83    43    87 0.88 length=131	scaffold=contig00178	strand=-	adjustedToFrame=2
687_g                -            131 28533at5794          -            141   3.9e-11   40.5   0.1   2   2   1.8e-07     5e-05   20.7   0.1    56    92    80   116    79   125 0.85 length=131	scaffold=contig00178	strand=-	adjustedToFrame=2
934_g                -            515 28533at5794          -            141   7.9e-11   39.5   0.2   1   1   4.4e-13   1.3e-10   38.8   0.2    26   105    25   103     9   138 0.80 length=515	scaffold=contig00269	strand=-
3239_g               -            446 28533at5794          -            141   4.2e-08   30.7   0.8   1   2   3.9e-05     0.011   13.1   0.1    43    74   173   204   160   214 0.87 length=446	scaffold=contig01829	strand=+
3239_g               -            446 28533at5794          -            141   4.2e-08   30.7   0.8   2   2   6.9e-06     0.002   15.5   0.1    16    77   231   290   214   353 0.84 length=446	scaffold=contig01829	strand=+
3447_g               -            157 28533at5794          -            141   2.1e-06   25.2   0.0   1   1     1e-08   2.9e-06   24.7   0.0    20    89    61   130    45   151 0.80 length=157	scaffold=contig02044	strand=+
309_g                -           1206 28533at5794          -            141   6.1e-06   23.7   0.0   1   1   5.8e-08   1.7e-05   22.2   0.0    15    90   405   482   392   488 0.84 length=1206	scaffold=contig00068	strand=+
2707_g               -            771 28533at5794          -            141   6.1e-06   23.7   0.1   1   1   6.1e-08   1.7e-05   22.2   0.1    28    95   536   604   528   636 0.81 length=771	scaffold=contig01367	strand=-	adjustedToFrame=3
3428_g               -            275 28533at5794          -            141   4.1e-05   21.0   0.0   1   1   2.5e-07   7.1e-05   20.2   0.0    30    91   197   259   193   271 0.90 length=275	scaffold=contig02025	strand=-	adjustedToFrame=2
2244_g               -            639 28533at5794          -            141   0.00011   19.6   1.5   1   2   5.6e-07   0.00016   19.1   0.0    28    98    89   160    73   196 0.89 length=639	scaffold=contig00992	strand=-
2244_g               -            639 28533at5794          -            141   0.00011   19.6   1.5   2   2       5.4   1.5e+03   -3.6   1.7     5    27   600   622   597   631 0.60 length=639	scaffold=contig00992	strand=-
1519_g               -            838 28533at5794          -            141   0.00022   18.6   0.0   1   1   1.7e-06   0.00048   17.5   0.0    23    79   113   170    93   195 0.89 length=838	scaffold=contig00544	strand=+
1812_g               -            299 28533at5794          -            141    0.0016   15.8   0.0   1   1   1.1e-05     0.003   14.9   0.0    26    98     9    80     3   100 0.85 length=299	scaffold=contig00706	strand=-
209_g                -            402 28533at5794          -            141    0.0027   15.1   0.7   1   1   2.3e-05    0.0066   13.8   0.7     4    93   199   296   196   340 0.73 length=402	scaffold=contig00042	strand=-
#
# Program:         hmmsearch
# Version:         3.1b2 (February 2015)
# Pipeline mode:   SEARCH
# Query file:      /mnt/e/Bioinformatics/Semester2/BINP29/Malaria Project/Genomes/Parsed/busco_downloads/lineages/apicomplexa_odb10/hmms/28533at5794.hmm
# Target file:     /mnt/e/Bioinformatics/Semester2/BINP29/Malaria Project/Genomes/Parsed/Ht_new.faa
# Option settings: hmmsearch --domtblout /mnt/e/Bioinformatics/Semester2/BINP29/Malaria Project/Genomes/Parsed/Ht/run_apicomplexa_odb10/hmmer_output/initial_run_results/28533at5794.out --cpu 1 /mnt/e/Bioinformatics/Semester2/BINP29/Malaria Project/Genomes/Parsed/busco_downloads/lineages/apicomplexa_odb10/hmms/28533at5794.hmm /mnt/e/Bioinformatics/Semester2/BINP29/Malaria Project/Genomes/Parsed/Ht_new.faa 
# Current dir:     /mnt/e/Bioinformatics/Semester2/BINP29/Malaria Project/Genomes/Parsed
# Date:            Wed Mar  1 19:26:53 2023
# [ok]
