#                                                                            --- full sequence --- -------------- this domain -------------   hmm coord   ali coord   env coord
# target name        accession   tlen query name           accession   qlen   E-value  score  bias   #  of  c-Evalue  i-Evalue  score  bias  from    to  from    to  from    to  acc description of target
#------------------- ---------- ----- -------------------- ---------- ----- --------- ------ ----- --- --- --------- --------- ------ ----- ----- ----- ----- ----- ----- ----- ---- ---------------------
981_g                -           1456 29462at5794          -            441   1.8e-23   80.8  13.3   1   3   1.1e-18   1.7e-16   57.7   0.1   185   337    18   166     2   181 0.88 length=1456	scaffold=contig00288	strand=-
981_g                -           1456 29462at5794          -            441   1.8e-23   80.8  13.3   2   3   4.9e-10   7.5e-08   29.3   2.0   222   334   258   373   249   483 0.69 length=1456	scaffold=contig00288	strand=-
981_g                -           1456 29462at5794          -            441   1.8e-23   80.8  13.3   3   3       2.4   3.7e+02   -2.7   0.5   384   420   569   602   516   624 0.62 length=1456	scaffold=contig00288	strand=-
3186_g               -            363 29462at5794          -            441   4.4e-23   79.5   7.5   1   3   1.5e-06   0.00024   17.8   0.3   261   296    70   105    59   113 0.86 length=363	scaffold=contig01777	strand=-
3186_g               -            363 29462at5794          -            441   4.4e-23   79.5   7.5   2   3   3.6e-16   5.5e-14   49.5   3.9   222   341    74   194    74   199 0.91 length=363	scaffold=contig01777	strand=-
3186_g               -            363 29462at5794          -            441   4.4e-23   79.5   7.5   3   3   2.8e-09   4.4e-07   26.8   0.1   186   331   210   358   194   360 0.79 length=363	scaffold=contig01777	strand=-
487_g                -            586 29462at5794          -            441   1.3e-19   68.0   1.1   1   3      0.28        44    0.4   0.0   224   275   232   285   208   290 0.64 length=586	scaffold=contig00114	strand=-	adjustedToFrame=2
487_g                -            586 29462at5794          -            441   1.3e-19   68.0   1.1   2   3   6.6e-05      0.01   12.4   0.0   256   296   355   394   349   399 0.88 length=586	scaffold=contig00114	strand=-	adjustedToFrame=2
487_g                -            586 29462at5794          -            441   1.3e-19   68.0   1.1   3   3   8.9e-17   1.4e-14   51.5   0.1   212   340   397   526   393   552 0.86 length=586	scaffold=contig00114	strand=-	adjustedToFrame=2
748_g                -           1133 29462at5794          -            441     1e-17   61.8  30.3   1   3   3.5e-09   5.4e-07   26.5   6.8   178   339    16   176     6   181 0.81 length=1133	scaffold=contig00200	strand=+
748_g                -           1133 29462at5794          -            441     1e-17   61.8  30.3   2   3   1.1e-11   1.6e-09   34.7   2.9   239   342   115   228   113   230 0.80 length=1133	scaffold=contig00200	strand=+
748_g                -           1133 29462at5794          -            441     1e-17   61.8  30.3   3   3   1.6e-10   2.5e-08   30.8   4.8   234   294   203   262   187   347 0.74 length=1133	scaffold=contig00200	strand=+
658_g                -            643 29462at5794          -            441   2.2e-17   60.7  14.5   1   3     9e-08   1.4e-05   21.8   0.1   236   290   367   421   345   434 0.69 length=643	scaffold=contig00169	strand=+
658_g                -            643 29462at5794          -            441   2.2e-17   60.7  14.5   2   3   1.2e-12   1.8e-10   37.9   1.8   175   348   438   610   426   618 0.75 length=643	scaffold=contig00169	strand=+
658_g                -            643 29462at5794          -            441   2.2e-17   60.7  14.5   3   3   9.8e-09   1.5e-06   25.0   1.5   227   293   575   641   563   642 0.92 length=643	scaffold=contig00169	strand=+
1512_g               -           1215 29462at5794          -            441   3.7e-17   60.0  20.1   1   4   1.4e-06   0.00021   17.9   0.5   261   334   168   244   147   256 0.80 length=1215	scaffold=contig00540	strand=-
1512_g               -           1215 29462at5794          -            441   3.7e-17   60.0  20.1   2   4   9.6e-10   1.5e-07   28.3   0.6   153   295   340   503   323   528 0.74 length=1215	scaffold=contig00540	strand=-
1512_g               -           1215 29462at5794          -            441   3.7e-17   60.0  20.1   3   4   3.8e-08   5.8e-06   23.1   0.4   218   343   545   679   531   685 0.77 length=1215	scaffold=contig00540	strand=-
1512_g               -           1215 29462at5794          -            441   3.7e-17   60.0  20.1   4   4       1.4   2.2e+02   -1.9   0.9   357   415  1053  1110  1037  1130 0.77 length=1215	scaffold=contig00540	strand=-
2101_g               -            568 29462at5794          -            441   3.6e-16   56.7  11.2   1   3   6.2e-13   9.7e-11   38.8   1.2   189   338   292   441   260   445 0.84 length=568	scaffold=contig00890	strand=-	adjustedToFrame=3
2101_g               -            568 29462at5794          -            441   3.6e-16   56.7  11.2   2   3   2.5e-06   0.00039   17.1   0.1   261   342   446   527   439   534 0.78 length=568	scaffold=contig00890	strand=-	adjustedToFrame=3
2101_g               -            568 29462at5794          -            441   3.6e-16   56.7  11.2   3   3   0.00043     0.067    9.7   0.1   247   293   515   563   512   566 0.78 length=568	scaffold=contig00890	strand=-	adjustedToFrame=3
2733_g               -            602 29462at5794          -            441   6.1e-15   52.7   7.0   1   3   8.9e-12   1.4e-09   35.0   1.0   217   344   349   476   325   478 0.89 length=602	scaffold=contig01389	strand=+
2733_g               -            602 29462at5794          -            441   6.1e-15   52.7   7.0   2   3   4.5e-10   6.9e-08   29.4   0.5   185   322   404   540   401   550 0.80 length=602	scaffold=contig01389	strand=+
2733_g               -            602 29462at5794          -            441   6.1e-15   52.7   7.0   3   3     0.021       3.3    4.1   0.0   220   253   551   584   531   588 0.82 length=602	scaffold=contig01389	strand=+
893_g                -            534 29462at5794          -            441   8.7e-15   52.1  11.1   1   3   3.5e-10   5.4e-08   29.8   1.2   222   293    67   138    60   166 0.66 length=534	scaffold=contig00255	strand=-
893_g                -            534 29462at5794          -            441   8.7e-15   52.1  11.1   2   3     0.016       2.5    4.5   0.0   237   334   257   354   244   362 0.71 length=534	scaffold=contig00255	strand=-
893_g                -            534 29462at5794          -            441   8.7e-15   52.1  11.1   3   3   3.6e-08   5.6e-06   23.1   1.2   258   348   361   456   344   532 0.78 length=534	scaffold=contig00255	strand=-
815_g                -            461 29462at5794          -            441   9.5e-15   52.0  16.9   1   3   1.6e-06   0.00024   17.7   0.2   282   339     2    64     1    91 0.70 length=461	scaffold=contig00224	strand=-
815_g                -            461 29462at5794          -            441   9.5e-15   52.0  16.9   2   3   9.1e-13   1.4e-10   38.3   3.1   256   349    99   193    87   223 0.86 length=461	scaffold=contig00224	strand=-
815_g                -            461 29462at5794          -            441   9.5e-15   52.0  16.9   3   3      0.02         3    4.2   2.0   237   315   248   331   209   353 0.75 length=461	scaffold=contig00224	strand=-
1295_g               -           1320 29462at5794          -            441   1.9e-14   51.0  40.4   1   5   3.8e-08   5.9e-06   23.0   1.0   177   282    68   167    55   174 0.83 length=1320	scaffold=contig00438	strand=-
1295_g               -           1320 29462at5794          -            441   1.9e-14   51.0  40.4   2   5   0.00013     0.021   11.4   0.7   235   305   173   243   166   257 0.78 length=1320	scaffold=contig00438	strand=-
1295_g               -           1320 29462at5794          -            441   1.9e-14   51.0  40.4   3   5    0.0025      0.39    7.1   0.5   193   295   597   702   563   709 0.73 length=1320	scaffold=contig00438	strand=-
1295_g               -           1320 29462at5794          -            441   1.9e-14   51.0  40.4   4   5   2.9e-12   4.5e-10   36.6   1.0   182   327   762   903   746   916 0.76 length=1320	scaffold=contig00438	strand=-
1295_g               -           1320 29462at5794          -            441   1.9e-14   51.0  40.4   5   5       5.9   9.2e+02   -4.0   1.0    93   129  1168  1203  1130  1218 0.57 length=1320	scaffold=contig00438	strand=-
2500_g               -            444 29462at5794          -            441   3.4e-14   50.2   2.4   1   3   4.3e-09   6.7e-07   26.1   0.1   155   345    45   237    44   238 0.80 length=444	scaffold=contig01189	strand=-
2500_g               -            444 29462at5794          -            441   3.4e-14   50.2   2.4   2   3     7e-11   1.1e-08   32.1   0.2   238   304   213   279   207   291 0.84 length=444	scaffold=contig01189	strand=-
2500_g               -            444 29462at5794          -            441   3.4e-14   50.2   2.4   3   3      0.13        20    1.5   0.0   253   295   332   373   293   382 0.64 length=444	scaffold=contig01189	strand=-
3341_g               -            333 29462at5794          -            441   2.1e-13   47.6  14.8   1   3   1.9e-12     3e-10   37.2   7.1   231   380    22   174    16   188 0.85 length=333	scaffold=contig01930	strand=-	adjustedToFrame=2
3341_g               -            333 29462at5794          -            441   2.1e-13   47.6  14.8   2   3   4.7e-08   7.2e-06   22.7   0.9   237   334   114   217   100   218 0.82 length=333	scaffold=contig01930	strand=-	adjustedToFrame=2
3341_g               -            333 29462at5794          -            441   2.1e-13   47.6  14.8   3   3   9.9e-05     0.015   11.8   1.9   159   297   170   308   167   320 0.75 length=333	scaffold=contig01930	strand=-	adjustedToFrame=2
2342_g               -           1036 29462at5794          -            441     3e-13   47.1   3.8   1   4   2.2e-11   3.4e-09   33.7   0.3   231   341   327   438   314   442 0.79 length=1036	scaffold=contig01059	strand=-
2342_g               -           1036 29462at5794          -            441     3e-13   47.1   3.8   2   4   2.4e-08   3.7e-06   23.7   0.3   222   337   444   564   440   576 0.87 length=1036	scaffold=contig01059	strand=-
2342_g               -           1036 29462at5794          -            441     3e-13   47.1   3.8   3   4       5.9   9.1e+02   -3.9   0.5   365   403   783   811   753   849 0.48 length=1036	scaffold=contig01059	strand=-
2342_g               -           1036 29462at5794          -            441     3e-13   47.1   3.8   4   4       7.3   1.1e+03   -4.3   0.7   253   283   909   938   899   958 0.53 length=1036	scaffold=contig01059	strand=-
3197_g               -            689 29462at5794          -            441   3.5e-13   46.9  21.3   1   2   7.3e-13   1.1e-10   38.6  10.0   179   353   291   465   266   471 0.80 length=689	scaffold=contig01786	strand=-
3197_g               -            689 29462at5794          -            441   3.5e-13   46.9  21.3   2   2   4.8e-08   7.5e-06   22.7   3.5   181   336   423   581   406   585 0.83 length=689	scaffold=contig01786	strand=-
3307_g               -            890 29462at5794          -            441   2.3e-11   40.8  20.2   1   5       1.5   2.4e+02   -2.0   6.2   320   405    33   119    29   162 0.54 length=890	scaffold=contig01895	strand=-
3307_g               -            890 29462at5794          -            441   2.3e-11   40.8  20.2   2   5   7.5e-06    0.0012   15.5   1.3   210   280   183   251   176   264 0.81 length=890	scaffold=contig01895	strand=-
3307_g               -            890 29462at5794          -            441   2.3e-11   40.8  20.2   3   5   3.7e-13   5.8e-11   39.5  11.7   236   405   275   446   267   485 0.67 length=890	scaffold=contig01895	strand=-
3307_g               -            890 29462at5794          -            441   2.3e-11   40.8  20.2   4   5       3.8   5.9e+02   -3.3   0.2    10    43   572   607   568   661 0.56 length=890	scaffold=contig01895	strand=-
3307_g               -            890 29462at5794          -            441   2.3e-11   40.8  20.2   5   5         4   6.1e+02   -3.4   1.5   381   409   817   845   760   873 0.57 length=890	scaffold=contig01895	strand=-
3346_g               -            464 29462at5794          -            441   3.7e-11   40.2   3.5   1   3      0.04       6.3    3.2   0.0   308   339   176   206   174   214 0.85 length=464	scaffold=contig01935	strand=-
3346_g               -            464 29462at5794          -            441   3.7e-11   40.2   3.5   2   3   4.6e-12   7.1e-10   35.9   0.8   210   296   251   342   244   348 0.87 length=464	scaffold=contig01935	strand=-
3346_g               -            464 29462at5794          -            441   3.7e-11   40.2   3.5   3   3       1.3   1.9e+02   -1.7   0.0   183   334   423   445   400   454 0.53 length=464	scaffold=contig01935	strand=-
741_g                -            519 29462at5794          -            441   1.3e-08   31.8   0.4   1   2   2.4e-09   3.7e-07   27.0   0.0   227   296   114   182    69   202 0.88 length=519	scaffold=contig00197	strand=-
741_g                -            519 29462at5794          -            441   1.3e-08   31.8   0.4   2   2     0.097        15    1.9   0.0   215   261   400   445   387   455 0.76 length=519	scaffold=contig00197	strand=-
2975_g               -            547 29462at5794          -            441   1.3e-08   31.8   1.0   1   3    0.0019       0.3    7.5   0.0   295   338   233   277   218   293 0.79 length=547	scaffold=contig01591	strand=+	adjustedToFrame=2
2975_g               -            547 29462at5794          -            441   1.3e-08   31.8   1.0   2   3   2.4e-05    0.0037   13.8   0.0   181   335   299   466   290   476 0.72 length=547	scaffold=contig01591	strand=+	adjustedToFrame=2
2975_g               -            547 29462at5794          -            441   1.3e-08   31.8   1.0   3   3    0.0031      0.47    6.9   0.0   175   206   480   511   471   531 0.86 length=547	scaffold=contig01591	strand=+	adjustedToFrame=2
3636_g               -            698 29462at5794          -            441   5.9e-08   29.6   2.0   1   1   6.5e-10     1e-07   28.9   1.5   236   349     2   121     1   214 0.64 length=698	scaffold=contig02256	strand=+
2105_g               -            564 29462at5794          -            441   6.1e-07   26.3   5.4   1   3       2.8   4.3e+02   -2.9   0.0   311   335   189   213   174   217 0.56 length=564	scaffold=contig00892	strand=+	adjustedToFrame=3
2105_g               -            564 29462at5794          -            441   6.1e-07   26.3   5.4   2   3   0.00062     0.097    9.1   0.1   166   210   281   325   273   334 0.64 length=564	scaffold=contig00892	strand=+	adjustedToFrame=3
2105_g               -            564 29462at5794          -            441   6.1e-07   26.3   5.4   3   3   3.8e-06    0.0006   16.4   2.8   188   307   380   501   337   514 0.69 length=564	scaffold=contig00892	strand=+	adjustedToFrame=3
1204_g               -            527 29462at5794          -            441   3.7e-05   20.4   7.9   1   3   0.00013      0.02   11.4   0.4   305   337   269   301   260   307 0.91 length=527	scaffold=contig00392	strand=+
1204_g               -            527 29462at5794          -            441   3.7e-05   20.4   7.9   2   3     0.071        11    2.4   0.1   317   358   373   417   348   448 0.73 length=527	scaffold=contig00392	strand=+
1204_g               -            527 29462at5794          -            441   3.7e-05   20.4   7.9   3   3   0.00044     0.069    9.6   0.3   264   299   449   484   444   524 0.73 length=527	scaffold=contig00392	strand=+
2816_g               -            674 29462at5794          -            441   4.4e-05   20.2  22.4   1   4       2.5   3.9e+02   -2.7   2.2    87   129   186   224   182   262 0.76 length=674	scaffold=contig01460	strand=+
2816_g               -            674 29462at5794          -            441   4.4e-05   20.2  22.4   2   4       0.3        46    0.3   0.3   311   345   350   385   335   445 0.64 length=674	scaffold=contig01460	strand=+
2816_g               -            674 29462at5794          -            441   4.4e-05   20.2  22.4   3   4   4.3e-06   0.00067   16.3   6.2   225   337   404   526   381   533 0.72 length=674	scaffold=contig01460	strand=+
2816_g               -            674 29462at5794          -            441   4.4e-05   20.2  22.4   4   4   1.9e-05    0.0029   14.2   0.3   179   276   538   637   528   646 0.75 length=674	scaffold=contig01460	strand=+
966_g                -            601 29462at5794          -            441   0.00016   18.3   1.6   1   2     0.072        11    2.4   0.0   181   219   196   234   174   270 0.75 length=601	scaffold=contig00282	strand=-
966_g                -            601 29462at5794          -            441   0.00016   18.3   1.6   2   2   1.8e-05    0.0029   14.2   0.5   232   326   314   404   305   413 0.74 length=601	scaffold=contig00282	strand=-
#
# Program:         hmmsearch
# Version:         3.1b2 (February 2015)
# Pipeline mode:   SEARCH
# Query file:      /mnt/e/Bioinformatics/Semester2/BINP29/Malaria Project/Genomes/Parsed/busco_downloads/lineages/apicomplexa_odb10/hmms/29462at5794.hmm
# Target file:     /mnt/e/Bioinformatics/Semester2/BINP29/Malaria Project/Genomes/Parsed/Ht_new.faa
# Option settings: hmmsearch --domtblout /mnt/e/Bioinformatics/Semester2/BINP29/Malaria Project/Genomes/Parsed/Ht/run_apicomplexa_odb10/hmmer_output/initial_run_results/29462at5794.out --cpu 1 /mnt/e/Bioinformatics/Semester2/BINP29/Malaria Project/Genomes/Parsed/busco_downloads/lineages/apicomplexa_odb10/hmms/29462at5794.hmm /mnt/e/Bioinformatics/Semester2/BINP29/Malaria Project/Genomes/Parsed/Ht_new.faa 
# Current dir:     /mnt/e/Bioinformatics/Semester2/BINP29/Malaria Project/Genomes/Parsed
# Date:            Wed Mar  1 19:26:54 2023
# [ok]
