#                                                                            --- full sequence --- -------------- this domain -------------   hmm coord   ali coord   env coord
# target name        accession   tlen query name           accession   qlen   E-value  score  bias   #  of  c-Evalue  i-Evalue  score  bias  from    to  from    to  from    to  acc description of target
#------------------- ---------- ----- -------------------- ---------- ----- --------- ------ ----- --- --- --------- --------- ------ ----- ----- ----- ----- ----- ----- ----- ---- ---------------------
3468_g               -            774 3102at5794           -            734  1.3e-141  470.8   0.0   1   1  6.8e-143  2.8e-140  466.4   0.0    76   688    13   743     2   753 0.84 length=774	scaffold=contig02069	strand=-	adjustedToFrame=3
1077_g               -            660 3102at5794           -            734   3.7e-26   89.1  15.0   1   4   2.7e-12   1.1e-09   34.7   0.1    49   101    11    73     3    89 0.82 length=660	scaffold=contig00332	strand=-
1077_g               -            660 3102at5794           -            734   3.7e-26   89.1  15.0   2   4   1.8e-19   7.6e-17   58.4   2.6   104   186   150   243   143   247 0.83 length=660	scaffold=contig00332	strand=-
1077_g               -            660 3102at5794           -            734   3.7e-26   89.1  15.0   3   4    0.0062       2.6    3.7   0.1   185   218   267   300   259   394 0.79 length=660	scaffold=contig00332	strand=-
1077_g               -            660 3102at5794           -            734   3.7e-26   89.1  15.0   4   4      0.71   2.9e+02   -3.1   0.1   312   382   504   565   487   586 0.66 length=660	scaffold=contig00332	strand=-
1778_g               -            806 3102at5794           -            734   8.5e-26   88.0   0.0   1   3   2.4e-10     1e-07   28.2   0.1   386   473    75   162    57   201 0.89 length=806	scaffold=contig00685	strand=-	adjustedToFrame=2
1778_g               -            806 3102at5794           -            734   8.5e-26   88.0   0.0   2   3     0.013       5.4    2.7   0.0   536   571   531   568   519   577 0.76 length=806	scaffold=contig00685	strand=-	adjustedToFrame=2
1778_g               -            806 3102at5794           -            734   8.5e-26   88.0   0.0   3   3   8.3e-18   3.4e-15   52.9   0.0   570   683   592   705   576   716 0.91 length=806	scaffold=contig00685	strand=-	adjustedToFrame=2
1382_g               -            763 3102at5794           -            734   9.7e-22   74.5   4.4   1   2   1.6e-23   6.5e-21   71.8   4.4    50   373    96   428    83   455 0.69 length=763	scaffold=contig00480	strand=-
1382_g               -            763 3102at5794           -            734   9.7e-22   74.5   4.4   2   2     0.085        35   -0.0   0.0   599   673   550   622   493   629 0.80 length=763	scaffold=contig00480	strand=-
1686_g               -            862 3102at5794           -            734     4e-18   62.6   0.3   1   3   9.7e-21     4e-18   62.6   0.3    49   145    84   190    63   210 0.82 length=862	scaffold=contig00638	strand=-
1686_g               -            862 3102at5794           -            734     4e-18   62.6   0.3   2   3       1.3   5.5e+02   -4.0   0.1   276   331   281   332   257   342 0.70 length=862	scaffold=contig00638	strand=-
1686_g               -            862 3102at5794           -            734     4e-18   62.6   0.3   3   3      0.21        88   -1.4   0.2   244   291   542   588   536   605 0.73 length=862	scaffold=contig00638	strand=-
2073_g               -           1043 3102at5794           -            734     5e-14   49.0  16.8   1   4   2.8e-12   1.1e-09   34.6   0.7    54   159    26   151    10   164 0.70 length=1043	scaffold=contig00872	strand=-
2073_g               -           1043 3102at5794           -            734     5e-14   49.0  16.8   2   4   0.00074      0.31    6.8   0.3   289   340   383   434   349   476 0.71 length=1043	scaffold=contig00872	strand=-
2073_g               -           1043 3102at5794           -            734     5e-14   49.0  16.8   3   4      0.18        76   -1.2   0.8   383   464   572   652   567   679 0.78 length=1043	scaffold=contig00872	strand=-
2073_g               -           1043 3102at5794           -            734     5e-14   49.0  16.8   4   4   4.3e-07   0.00018   17.5   0.1   537   649   877   993   849   997 0.83 length=1043	scaffold=contig00872	strand=-
3542_g               -            971 3102at5794           -            734   9.8e-09   31.5   0.3   1   1   5.6e-11   2.3e-08   30.3   0.3    55   163   363   490   355   507 0.67 length=971	scaffold=contig02157	strand=-
751_g                -            519 3102at5794           -            734   9.6e-07   25.0   0.2   1   1   3.5e-09   1.5e-06   24.3   0.2    53   159   135   261   116   268 0.72 length=519	scaffold=contig00201	strand=+
1390_g               -            332 3102at5794           -            734   0.00052   15.9   0.8   1   2   0.00019     0.077    8.7   0.8    11    87   122   198   114   213 0.79 length=332	scaffold=contig00483	strand=+
1390_g               -            332 3102at5794           -            734   0.00052   15.9   0.8   2   2    0.0022       0.9    5.2   0.0   102   138   237   276   216   282 0.74 length=332	scaffold=contig00483	strand=+
#
# Program:         hmmsearch
# Version:         3.1b2 (February 2015)
# Pipeline mode:   SEARCH
# Query file:      /mnt/e/Bioinformatics/Semester2/BINP29/Malaria Project/Genomes/Parsed/busco_downloads/lineages/apicomplexa_odb10/hmms/3102at5794.hmm
# Target file:     /mnt/e/Bioinformatics/Semester2/BINP29/Malaria Project/Genomes/Parsed/Ht_new.faa
# Option settings: hmmsearch --domtblout /mnt/e/Bioinformatics/Semester2/BINP29/Malaria Project/Genomes/Parsed/Ht/run_apicomplexa_odb10/hmmer_output/initial_run_results/3102at5794.out --cpu 1 /mnt/e/Bioinformatics/Semester2/BINP29/Malaria Project/Genomes/Parsed/busco_downloads/lineages/apicomplexa_odb10/hmms/3102at5794.hmm /mnt/e/Bioinformatics/Semester2/BINP29/Malaria Project/Genomes/Parsed/Ht_new.faa 
# Current dir:     /mnt/e/Bioinformatics/Semester2/BINP29/Malaria Project/Genomes/Parsed
# Date:            Wed Mar  1 19:26:57 2023
# [ok]
