#                                                                            --- full sequence --- -------------- this domain -------------   hmm coord   ali coord   env coord
# target name        accession   tlen query name           accession   qlen   E-value  score  bias   #  of  c-Evalue  i-Evalue  score  bias  from    to  from    to  from    to  acc description of target
#------------------- ---------- ----- -------------------- ---------- ----- --------- ------ ----- --- --- --------- --------- ------ ----- ----- ----- ----- ----- ----- ----- ---- ---------------------
3263_g               -           1005 3366at5794           -            699         0 1055.7  44.8   1   6      0.58   2.7e+02   -2.6   0.2     7    35    36    66    33    95 0.61 length=1005	scaffold=contig01850	strand=-	adjustedToFrame=3
3263_g               -           1005 3366at5794           -            699         0 1055.7  44.8   2   6   0.00078      0.36    6.9   9.9    13    51    98   141    84   170 0.71 length=1005	scaffold=contig01850	strand=-	adjustedToFrame=3
3263_g               -           1005 3366at5794           -            699         0 1055.7  44.8   3   6   1.9e-07     9e-05   18.8   1.2    16    88   154   226   143   231 0.65 length=1005	scaffold=contig01850	strand=-	adjustedToFrame=3
3263_g               -           1005 3366at5794           -            699         0 1055.7  44.8   4   6  8.6e-122    4e-119  396.8   7.1    87   346   252   547   248   555 0.92 length=1005	scaffold=contig01850	strand=-	adjustedToFrame=3
3263_g               -           1005 3366at5794           -            699         0 1055.7  44.8   5   6  4.7e-194  2.2e-191  635.6   0.4   341   674   570   927   559   937 0.92 length=1005	scaffold=contig01850	strand=-	adjustedToFrame=3
3263_g               -           1005 3366at5794           -            699         0 1055.7  44.8   6   6   2.3e-05     0.011   11.9   0.2   668   698   952   984   944   985 0.84 length=1005	scaffold=contig01850	strand=-	adjustedToFrame=3
1968_g               -            946 3366at5794           -            699  1.9e-114  381.3   7.6   1   2   5.9e-21   2.7e-18   63.5   1.6    72   267   125   348    53   356 0.62 length=946	scaffold=contig00804	strand=+
1968_g               -            946 3366at5794           -            699  1.9e-114  381.3   7.6   2   2     8e-98   3.7e-95  317.6   0.4   290   612   425   751   404   769 0.88 length=946	scaffold=contig00804	strand=+
2845_g               -            659 3366at5794           -            699  1.6e-103  345.2   0.3   1   2     0.083        39    0.2   0.1   160   199   162   201   116   211 0.71 length=659	scaffold=contig01485	strand=+
2845_g               -            659 3366at5794           -            699  1.6e-103  345.2   0.3   2   2  2.2e-105    1e-102  342.5   0.0   211   598   254   650   240   655 0.88 length=659	scaffold=contig01485	strand=+
2372_g               -            969 3366at5794           -            699   2.7e-98  327.9  13.7   1   4   3.9e-09   1.8e-06   24.4   0.4   143   202   280   339   216   353 0.84 length=969	scaffold=contig01088	strand=-
2372_g               -            969 3366at5794           -            699   2.7e-98  327.9  13.7   2   4   1.8e-11   8.2e-09   32.2   0.2   200   295   365   465   358   494 0.81 length=969	scaffold=contig01088	strand=-
2372_g               -            969 3366at5794           -            699   2.7e-98  327.9  13.7   3   4     9e-80   4.2e-77  257.9   0.2   297   536   505   749   493   763 0.91 length=969	scaffold=contig01088	strand=-
2372_g               -            969 3366at5794           -            699   2.7e-98  327.9  13.7   4   4   6.4e-08     3e-05   20.4   0.1   538   616   783   864   765   876 0.75 length=969	scaffold=contig01088	strand=-
2602_g               -            812 3366at5794           -            699   2.4e-97  324.8   0.9   1   1  7.6e-100   3.5e-97  324.2   0.9   215   617   275   702   195   784 0.84 length=812	scaffold=contig01271	strand=-	adjustedToFrame=3
2669_g               -            913 3366at5794           -            699   2.1e-90  301.8  24.4   1   4   0.00035      0.16    8.0   0.2   164   195   196   228    48   241 0.86 length=913	scaffold=contig01335	strand=-
2669_g               -            913 3366at5794           -            699   2.1e-90  301.8  24.4   2   4   3.9e-90   1.8e-87  292.1   0.3   218   527   287   608   277   627 0.89 length=913	scaffold=contig01335	strand=-
2669_g               -            913 3366at5794           -            699   2.1e-90  301.8  24.4   3   4   3.5e-07   0.00016   18.0   0.5   564   619   719   781   710   793 0.77 length=913	scaffold=contig01335	strand=-
2669_g               -            913 3366at5794           -            699   2.1e-90  301.8  24.4   4   4       5.4   2.5e+03   -5.8   7.3    10    64   796   851   783   868 0.62 length=913	scaffold=contig01335	strand=-
273_g                -            991 3366at5794           -            699   1.7e-73  245.9   6.7   1   2   1.3e-07   5.9e-05   19.4   1.6   147   269   169   318   147   368 0.70 length=991	scaffold=contig00058	strand=-	adjustedToFrame=2
273_g                -            991 3366at5794           -            699   1.7e-73  245.9   6.7   2   2   1.7e-70   7.9e-68  227.2   0.2   313   607   567   889   538   906 0.83 length=991	scaffold=contig00058	strand=-	adjustedToFrame=2
2124_g               -            722 3366at5794           -            699   7.3e-47  157.9   8.8   1   3         8   3.7e+03  -12.3  12.8     9    56    97   144    90   165 0.57 length=722	scaffold=contig00905	strand=-	adjustedToFrame=2
2124_g               -            722 3366at5794           -            699   7.3e-47  157.9   8.8   2   3   2.6e-44   1.2e-41  140.7   1.8   347   520   248   422   227   450 0.84 length=722	scaffold=contig00905	strand=-	adjustedToFrame=2
2124_g               -            722 3366at5794           -            699   7.3e-47  157.9   8.8   3   3   7.3e-11   3.4e-08   30.1   0.8   523   608   536   623   517   643 0.79 length=722	scaffold=contig00905	strand=-	adjustedToFrame=2
#
# Program:         hmmsearch
# Version:         3.1b2 (February 2015)
# Pipeline mode:   SEARCH
# Query file:      /mnt/e/Bioinformatics/Semester2/BINP29/Malaria Project/Genomes/Parsed/busco_downloads/lineages/apicomplexa_odb10/hmms/3366at5794.hmm
# Target file:     /mnt/e/Bioinformatics/Semester2/BINP29/Malaria Project/Genomes/Parsed/Ht_new.faa
# Option settings: hmmsearch --domtblout /mnt/e/Bioinformatics/Semester2/BINP29/Malaria Project/Genomes/Parsed/Ht/run_apicomplexa_odb10/hmmer_output/initial_run_results/3366at5794.out --cpu 1 /mnt/e/Bioinformatics/Semester2/BINP29/Malaria Project/Genomes/Parsed/busco_downloads/lineages/apicomplexa_odb10/hmms/3366at5794.hmm /mnt/e/Bioinformatics/Semester2/BINP29/Malaria Project/Genomes/Parsed/Ht_new.faa 
# Current dir:     /mnt/e/Bioinformatics/Semester2/BINP29/Malaria Project/Genomes/Parsed
# Date:            Wed Mar  1 19:26:59 2023
# [ok]
