#                                                                            --- full sequence --- -------------- this domain -------------   hmm coord   ali coord   env coord
# target name        accession   tlen query name           accession   qlen   E-value  score  bias   #  of  c-Evalue  i-Evalue  score  bias  from    to  from    to  from    to  acc description of target
#------------------- ---------- ----- -------------------- ---------- ----- --------- ------ ----- --- --- --------- --------- ------ ----- ----- ----- ----- ----- ----- ----- ---- ---------------------
2846_g               -            831 3388at5794           -            590   7.5e-95  316.1  10.8   1   3       1.6   1.5e+03   -5.2   9.4   549   584   122   157    65   167 0.72 length=831	scaffold=contig01486	strand=-
2846_g               -            831 3388at5794           -            590   7.5e-95  316.1  10.8   2   3   8.1e-98   7.5e-95  316.1  10.8   303   577   458   765   453   772 0.82 length=831	scaffold=contig01486	strand=-
2846_g               -            831 3388at5794           -            590   7.5e-95  316.1  10.8   3   3   0.00011       0.1    8.5  10.7   538   584   774   821   761   830 0.59 length=831	scaffold=contig01486	strand=-
2847_g               -            233 3388at5794           -            590   5.5e-21   72.2   0.8   1   3   5.9e-24   5.5e-21   72.2   0.8   212   278    19    98    15   110 0.90 length=233	scaffold=contig01486	strand=-	adjustedToFrame=2
2847_g               -            233 3388at5794           -            590   5.5e-21   72.2   0.8   2   3      0.25   2.3e+02   -2.5   1.7   553   562   144   153    99   182 0.50 length=233	scaffold=contig01486	strand=-	adjustedToFrame=2
2847_g               -            233 3388at5794           -            590   5.5e-21   72.2   0.8   3   3       1.2   1.2e+03   -4.9   2.3   563   577   212   226   197   231 0.41 length=233	scaffold=contig01486	strand=-	adjustedToFrame=2
2890_g               -            904 3388at5794           -            590   3.1e-13   46.6  10.8   1   4   0.00026      0.24    7.3   0.0   213   240    17    45    14    76 0.88 length=904	scaffold=contig01522	strand=-
2890_g               -            904 3388at5794           -            590   3.1e-13   46.6  10.8   2   4      0.28   2.6e+02   -2.7   1.0   538   582   331   375   317   382 0.73 length=904	scaffold=contig01522	strand=-
2890_g               -            904 3388at5794           -            590   3.1e-13   46.6  10.8   3   4     0.013        12    1.7   0.1   339   443   605   713   585   736 0.71 length=904	scaffold=contig01522	strand=-
2890_g               -            904 3388at5794           -            590   3.1e-13   46.6  10.8   4   4   5.8e-15   5.4e-12   42.5   0.1   406   502   755   853   743   857 0.91 length=904	scaffold=contig01522	strand=-
2891_g               -            209 3388at5794           -            590   6.1e-08   29.1   0.2   1   2         4   3.7e+03   -8.7  13.3   531   586     3    55     1    63 0.55 length=209	scaffold=contig01522	strand=-	adjustedToFrame=3
2891_g               -            209 3388at5794           -            590   6.1e-08   29.1   0.2   2   2   6.6e-11   6.1e-08   29.1   0.2    81   174   109   202    80   206 0.85 length=209	scaffold=contig01522	strand=-	adjustedToFrame=3
#
# Program:         hmmsearch
# Version:         3.1b2 (February 2015)
# Pipeline mode:   SEARCH
# Query file:      /mnt/e/Bioinformatics/Semester2/BINP29/Malaria Project/Genomes/Parsed/busco_downloads/lineages/apicomplexa_odb10/hmms/3388at5794.hmm
# Target file:     /mnt/e/Bioinformatics/Semester2/BINP29/Malaria Project/Genomes/Parsed/Ht_new.faa
# Option settings: hmmsearch --domtblout /mnt/e/Bioinformatics/Semester2/BINP29/Malaria Project/Genomes/Parsed/Ht/run_apicomplexa_odb10/hmmer_output/initial_run_results/3388at5794.out --cpu 1 /mnt/e/Bioinformatics/Semester2/BINP29/Malaria Project/Genomes/Parsed/busco_downloads/lineages/apicomplexa_odb10/hmms/3388at5794.hmm /mnt/e/Bioinformatics/Semester2/BINP29/Malaria Project/Genomes/Parsed/Ht_new.faa 
# Current dir:     /mnt/e/Bioinformatics/Semester2/BINP29/Malaria Project/Genomes/Parsed
# Date:            Wed Mar  1 19:26:59 2023
# [ok]
