#                                                                            --- full sequence --- -------------- this domain -------------   hmm coord   ali coord   env coord
# target name        accession   tlen query name           accession   qlen   E-value  score  bias   #  of  c-Evalue  i-Evalue  score  bias  from    to  from    to  from    to  acc description of target
#------------------- ---------- ----- -------------------- ---------- ----- --------- ------ ----- --- --- --------- --------- ------ ----- ----- ----- ----- ----- ----- ----- ---- ---------------------
116_g                -           1304 4152at5794           -            724    3e-135  449.6  48.4   1   6   1.5e-18   6.8e-16   55.1   0.8   108   167    61   125    46   128 0.88 length=1304	scaffold=contig00022	strand=+	adjustedToFrame=3
116_g                -           1304 4152at5794           -            724    3e-135  449.6  48.4   2   6   9.8e-18   4.6e-15   52.3   1.3   263   321   359   418   352   425 0.85 length=1304	scaffold=contig00022	strand=+	adjustedToFrame=3
116_g                -           1304 4152at5794           -            724    3e-135  449.6  48.4   3   6    0.0018      0.85    5.2   0.0   316   340   679   703   672   715 0.86 length=1304	scaffold=contig00022	strand=+	adjustedToFrame=3
116_g                -           1304 4152at5794           -            724    3e-135  449.6  48.4   4   6   3.3e-10   1.5e-07   27.4   0.0   339   368   872   901   863   917 0.89 length=1304	scaffold=contig00022	strand=+	adjustedToFrame=3
116_g                -           1304 4152at5794           -            724    3e-135  449.6  48.4   5   6   4.6e-79   2.2e-76  255.1  18.7   369   622   947  1224   928  1228 0.81 length=1304	scaffold=contig00022	strand=+	adjustedToFrame=3
116_g                -           1304 4152at5794           -            724    3e-135  449.6  48.4   6   6   1.7e-21   7.7e-19   64.8   3.3   667   722  1229  1285  1225  1287 0.94 length=1304	scaffold=contig00022	strand=+	adjustedToFrame=3
647_g                -           1667 4152at5794           -            724     1e-87  292.5  40.2   1   8   1.6e-12   7.5e-10   35.1   0.1     6    85    11    92     7   111 0.82 length=1667	scaffold=contig00166	strand=+	adjustedToFrame=2
647_g                -           1667 4152at5794           -            724     1e-87  292.5  40.2   2   8   9.1e-11   4.2e-08   29.3   0.0    84   134   183   234   168   279 0.86 length=1667	scaffold=contig00166	strand=+	adjustedToFrame=2
647_g                -           1667 4152at5794           -            724     1e-87  292.5  40.2   3   8   1.3e-07   6.2e-05   18.8   1.5   181   237   381   437   376   442 0.90 length=1667	scaffold=contig00166	strand=+	adjustedToFrame=2
647_g                -           1667 4152at5794           -            724     1e-87  292.5  40.2   4   8     0.031        15    1.1   0.2   236   266   463   493   455   513 0.77 length=1667	scaffold=contig00166	strand=+	adjustedToFrame=2
647_g                -           1667 4152at5794           -            724     1e-87  292.5  40.2   5   8   5.4e-11   2.5e-08   30.1   0.0   275   312   643   681   628   696 0.86 length=1667	scaffold=contig00166	strand=+	adjustedToFrame=2
647_g                -           1667 4152at5794           -            724     1e-87  292.5  40.2   6   8   0.00066      0.31    6.6   0.0   319   367   738   790   724   805 0.74 length=1667	scaffold=contig00166	strand=+	adjustedToFrame=2
647_g                -           1667 4152at5794           -            724     1e-87  292.5  40.2   7   8   2.6e-21   1.2e-18   64.1   1.4   405   488  1103  1190  1040  1208 0.80 length=1667	scaffold=contig00166	strand=+	adjustedToFrame=2
647_g                -           1667 4152at5794           -            724     1e-87  292.5  40.2   8   8   4.9e-39   2.3e-36  122.8   8.2   485   690  1290  1512  1278  1525 0.86 length=1667	scaffold=contig00166	strand=+	adjustedToFrame=2
401_g                -           1802 4152at5794           -            724   2.6e-69  231.7  30.5   1   6   8.3e-21   3.8e-18   62.5   1.2    14   166    65   247    53   251 0.73 length=1802	scaffold=contig00090	strand=+
401_g                -           1802 4152at5794           -            724   2.6e-69  231.7  30.5   2   6   4.1e-12   1.9e-09   33.8   5.4   163   314   390   579   378   594 0.67 length=1802	scaffold=contig00090	strand=+
401_g                -           1802 4152at5794           -            724   2.6e-69  231.7  30.5   3   6     0.013       5.8    2.4   0.0   342   367   837   862   828   874 0.83 length=1802	scaffold=contig00090	strand=+
401_g                -           1802 4152at5794           -            724   2.6e-69  231.7  30.5   4   6   9.8e-15   4.6e-12   42.4   0.3   410   479  1121  1194  1046  1206 0.66 length=1802	scaffold=contig00090	strand=+
401_g                -           1802 4152at5794           -            724   2.6e-69  231.7  30.5   5   6     2e-31   9.5e-29   97.6   0.0   498   662  1332  1510  1293  1515 0.83 length=1802	scaffold=contig00090	strand=+
401_g                -           1802 4152at5794           -            724   2.6e-69  231.7  30.5   6   6       1.2   5.8e+02   -4.2   0.7   206   246  1615  1656  1605  1661 0.76 length=1802	scaffold=contig00090	strand=+
996_g                -           3434 4152at5794           -            724   2.2e-63  212.1  47.5   1   4   1.9e-21   8.7e-19   64.6  18.2     5   266   177   508   174   527 0.70 length=3434	scaffold=contig00296	strand=-
996_g                -           3434 4152at5794           -            724   2.2e-63  212.1  47.5   2   4   9.6e-11   4.5e-08   29.2   0.1   278   340   846   908   835   938 0.87 length=3434	scaffold=contig00296	strand=-
996_g                -           3434 4152at5794           -            724   2.2e-63  212.1  47.5   3   4      0.15        68   -1.1   0.0   335   368  1587  1620  1564  1646 0.80 length=3434	scaffold=contig00296	strand=-
996_g                -           3434 4152at5794           -            724   2.2e-63  212.1  47.5   4   4   6.2e-36   2.9e-33  112.5  16.3   410   701  1860  2201  1814  2212 0.76 length=3434	scaffold=contig00296	strand=-
1656_g               -           1639 4152at5794           -            724   9.7e-45  150.4  39.7   1   8     0.087        40   -0.4   3.1   213   262   176   225   153   243 0.76 length=1639	scaffold=contig00619	strand=-	adjustedToFrame=3
1656_g               -           1639 4152at5794           -            724   9.7e-45  150.4  39.7   2   8   1.8e-05    0.0086   11.8   0.0    77   164   254   348   242   355 0.77 length=1639	scaffold=contig00619	strand=-	adjustedToFrame=3
1656_g               -           1639 4152at5794           -            724   9.7e-45  150.4  39.7   3   8   2.7e-20   1.3e-17   60.8   6.7   157   325   575   755   549   771 0.82 length=1639	scaffold=contig00619	strand=-	adjustedToFrame=3
1656_g               -           1639 4152at5794           -            724   9.7e-45  150.4  39.7   4   8       1.2   5.4e+02   -4.1   0.2   302   334   791   825   786   827 0.66 length=1639	scaffold=contig00619	strand=-	adjustedToFrame=3
1656_g               -           1639 4152at5794           -            724   9.7e-45  150.4  39.7   5   8      0.24   1.1e+02   -1.8   0.0   342   368   883   909   876   964 0.74 length=1639	scaffold=contig00619	strand=-	adjustedToFrame=3
1656_g               -           1639 4152at5794           -            724   9.7e-45  150.4  39.7   6   8     0.002      0.94    5.0   0.1   369   418  1064  1119  1053  1143 0.71 length=1639	scaffold=contig00619	strand=-	adjustedToFrame=3
1656_g               -           1639 4152at5794           -            724   9.7e-45  150.4  39.7   7   8   6.8e-10   3.2e-07   26.4   0.0   412   486  1144  1222  1133  1239 0.86 length=1639	scaffold=contig00619	strand=-	adjustedToFrame=3
1656_g               -           1639 4152at5794           -            724   9.7e-45  150.4  39.7   8   8   1.6e-21   7.3e-19   64.9   1.2   467   618  1407  1569  1395  1633 0.78 length=1639	scaffold=contig00619	strand=-	adjustedToFrame=3
2357_g               -           1692 4152at5794           -            724   1.5e-32  110.1  28.2   1   6   8.3e-05     0.039    9.6   7.9   155   239    67   164    25   221 0.64 length=1692	scaffold=contig01073	strand=-
2357_g               -           1692 4152at5794           -            724   1.5e-32  110.1  28.2   2   6   5.5e-10   2.6e-07   26.7   0.1   278   320   667   709   648   738 0.82 length=1692	scaffold=contig01073	strand=-
2357_g               -           1692 4152at5794           -            724   1.5e-32  110.1  28.2   3   6   0.00012     0.055    9.1   0.0   342   402   954  1015   949  1040 0.80 length=1692	scaffold=contig01073	strand=-
2357_g               -           1692 4152at5794           -            724   1.5e-32  110.1  28.2   4   6      0.58   2.7e+02   -3.1   0.0   367   404  1157  1198  1150  1209 0.75 length=1692	scaffold=contig01073	strand=-
2357_g               -           1692 4152at5794           -            724   1.5e-32  110.1  28.2   5   6   7.4e-15   3.4e-12   42.8   0.3   421   483  1350  1417  1335  1450 0.81 length=1692	scaffold=contig01073	strand=-
2357_g               -           1692 4152at5794           -            724   1.5e-32  110.1  28.2   6   6   3.6e-10   1.7e-07   27.3   1.1   475   594  1583  1690  1574  1692 0.78 length=1692	scaffold=contig01073	strand=-
682_g                -            942 4152at5794           -            724   3.4e-27   92.4  16.8   1   3      0.34   1.6e+02   -2.4   0.1   194   228    49    83    40   104 0.78 length=942	scaffold=contig00176	strand=+
682_g                -            942 4152at5794           -            724   3.4e-27   92.4  16.8   2   3   3.3e-08   1.5e-05   20.8   5.1    82   311   152   383   141   396 0.67 length=942	scaffold=contig00176	strand=+
682_g                -            942 4152at5794           -            724   3.4e-27   92.4  16.8   3   3   1.3e-25   6.1e-23   78.4   0.7   382   601   674   897   661   916 0.80 length=942	scaffold=contig00176	strand=+
410_g                -            684 4152at5794           -            724   7.2e-09   31.8   1.7   1   3   2.8e-05     0.013   11.2   0.0    88   139    55   106    45   114 0.87 length=684	scaffold=contig00092	strand=+
410_g                -            684 4152at5794           -            724   7.2e-09   31.8   1.7   2   3     0.015       7.1    2.1   0.1   282   335   113   166   105   180 0.85 length=684	scaffold=contig00092	strand=+
410_g                -            684 4152at5794           -            724   7.2e-09   31.8   1.7   3   3     7e-07   0.00032   16.5   0.1   433   584   506   674   469   681 0.71 length=684	scaffold=contig00092	strand=+
#
# Program:         hmmsearch
# Version:         3.1b2 (February 2015)
# Pipeline mode:   SEARCH
# Query file:      /mnt/e/Bioinformatics/Semester2/BINP29/Malaria Project/Genomes/Parsed/busco_downloads/lineages/apicomplexa_odb10/hmms/4152at5794.hmm
# Target file:     /mnt/e/Bioinformatics/Semester2/BINP29/Malaria Project/Genomes/Parsed/Ht_new.faa
# Option settings: hmmsearch --domtblout /mnt/e/Bioinformatics/Semester2/BINP29/Malaria Project/Genomes/Parsed/Ht/run_apicomplexa_odb10/hmmer_output/initial_run_results/4152at5794.out --cpu 1 /mnt/e/Bioinformatics/Semester2/BINP29/Malaria Project/Genomes/Parsed/busco_downloads/lineages/apicomplexa_odb10/hmms/4152at5794.hmm /mnt/e/Bioinformatics/Semester2/BINP29/Malaria Project/Genomes/Parsed/Ht_new.faa 
# Current dir:     /mnt/e/Bioinformatics/Semester2/BINP29/Malaria Project/Genomes/Parsed
# Date:            Wed Mar  1 19:27:01 2023
# [ok]
