#                                                                            --- full sequence --- -------------- this domain -------------   hmm coord   ali coord   env coord
# target name        accession   tlen query name           accession   qlen   E-value  score  bias   #  of  c-Evalue  i-Evalue  score  bias  from    to  from    to  from    to  acc description of target
#------------------- ---------- ----- -------------------- ---------- ----- --------- ------ ----- --- --- --------- --------- ------ ----- ----- ----- ----- ----- ----- ----- ---- ---------------------
765_g                -            883 4967at5794           -            467  4.9e-173  573.6  40.7   1   4  1.5e-101   1.1e-98  328.5   5.5     1   227     1   258     1   267 0.90 length=883	scaffold=contig00205	strand=-
765_g                -            883 4967at5794           -            467  4.9e-173  573.6  40.7   2   4     3e-62   2.2e-59  198.9   1.7   223   358   284   434   275   461 0.91 length=883	scaffold=contig00205	strand=-
765_g                -            883 4967at5794           -            467  4.9e-173  573.6  40.7   3   4   1.3e-20   9.9e-18   61.6   1.3   372   458   614   706   596   711 0.85 length=883	scaffold=contig00205	strand=-
765_g                -            883 4967at5794           -            467  4.9e-173  573.6  40.7   4   4         5   3.7e+03   -7.2   8.8   394   447   774   827   731   878 0.57 length=883	scaffold=contig00205	strand=-
442_g                -            664 4967at5794           -            467   1.8e-52  176.2  15.6   1   3   5.1e-13   3.8e-10   36.6   0.2     3    73    42   113    41   127 0.94 length=664	scaffold=contig00103	strand=-
442_g                -            664 4967at5794           -            467   1.8e-52  176.2  15.6   2   3   2.6e-43     2e-40  136.5   0.0    97   338   160   414   137   420 0.87 length=664	scaffold=contig00103	strand=-
442_g                -            664 4967at5794           -            467   1.8e-52  176.2  15.6   3   3   0.00078      0.58    6.3   8.5   359   458   526   627   516   636 0.68 length=664	scaffold=contig00103	strand=-
492_g                -            579 4967at5794           -            467   4.8e-47  158.3   9.7   1   2   7.4e-47   5.5e-44  148.2   0.1    91   338    69   327    42   331 0.86 length=579	scaffold=contig00115	strand=+
492_g                -            579 4967at5794           -            467   4.8e-47  158.3   9.7   2   2   2.8e-05     0.021   11.1   6.5   377   460   459   547   444   551 0.74 length=579	scaffold=contig00115	strand=+
2165_g               -            505 4967at5794           -            467   8.6e-40  134.3   6.3   1   2     5e-40   3.7e-37  125.7   0.1   130   340     3   226     1   233 0.88 length=505	scaffold=contig00934	strand=+	adjustedToFrame=3
2165_g               -            505 4967at5794           -            467   8.6e-40  134.3   6.3   2   2   5.9e-05     0.044   10.0   2.9   375   456   357   443   334   453 0.70 length=505	scaffold=contig00934	strand=+	adjustedToFrame=3
483_g                -           1042 4967at5794           -            467   2.2e-29  100.0   2.8   1   5   0.00087      0.64    6.2   0.0     2    52    25    76    24   110 0.88 length=1042	scaffold=contig00114	strand=-
483_g                -           1042 4967at5794           -            467   2.2e-29  100.0   2.8   2   5     3e-32   2.2e-29  100.0   2.8   112   348   197   453   173   571 0.82 length=1042	scaffold=contig00114	strand=-
483_g                -           1042 4967at5794           -            467   2.2e-29  100.0   2.8   3   5         5   3.7e+03  -24.8  28.4   396   448   637   687   599   729 0.40 length=1042	scaffold=contig00114	strand=-
483_g                -           1042 4967at5794           -            467   2.2e-29  100.0   2.8   4   5   2.6e-05     0.019   11.2   5.0   386   457   758   836   720   845 0.69 length=1042	scaffold=contig00114	strand=-
483_g                -           1042 4967at5794           -            467   2.2e-29  100.0   2.8   5   5         5   3.7e+03  -15.6  21.7   382   453   935  1005   911  1023 0.63 length=1042	scaffold=contig00114	strand=-
#
# Program:         hmmsearch
# Version:         3.1b2 (February 2015)
# Pipeline mode:   SEARCH
# Query file:      /mnt/e/Bioinformatics/Semester2/BINP29/Malaria Project/Genomes/Parsed/busco_downloads/lineages/apicomplexa_odb10/hmms/4967at5794.hmm
# Target file:     /mnt/e/Bioinformatics/Semester2/BINP29/Malaria Project/Genomes/Parsed/Ht_new.faa
# Option settings: hmmsearch --domtblout /mnt/e/Bioinformatics/Semester2/BINP29/Malaria Project/Genomes/Parsed/Ht/run_apicomplexa_odb10/hmmer_output/initial_run_results/4967at5794.out --cpu 1 /mnt/e/Bioinformatics/Semester2/BINP29/Malaria Project/Genomes/Parsed/busco_downloads/lineages/apicomplexa_odb10/hmms/4967at5794.hmm /mnt/e/Bioinformatics/Semester2/BINP29/Malaria Project/Genomes/Parsed/Ht_new.faa 
# Current dir:     /mnt/e/Bioinformatics/Semester2/BINP29/Malaria Project/Genomes/Parsed
# Date:            Wed Mar  1 19:27:02 2023
# [ok]
