#                                                                            --- full sequence --- -------------- this domain -------------   hmm coord   ali coord   env coord
# target name        accession   tlen query name           accession   qlen   E-value  score  bias   #  of  c-Evalue  i-Evalue  score  bias  from    to  from    to  from    to  acc description of target
#------------------- ---------- ----- -------------------- ---------- ----- --------- ------ ----- --- --- --------- --------- ------ ----- ----- ----- ----- ----- ----- ----- ---- ---------------------
2137_g               -            968 5247at5794           -            570  1.1e-298  989.3  32.1   1   2   3.1e-24   3.8e-21   73.0   0.4     1    54   116   169   116   180 0.89 length=968	scaffold=contig00914	strand=-
2137_g               -            968 5247at5794           -            570  1.1e-298  989.3  32.1   2   2  1.2e-279  1.5e-276  916.2  25.8    37   570   222   833   210   833 0.91 length=968	scaffold=contig00914	strand=-
104_g                -            807 5247at5794           -            570  1.1e-122  408.2  30.6   1   3   6.2e-60   7.7e-57  190.8   1.7     2   182    54   266    53   275 0.84 length=807	scaffold=contig00018	strand=+
104_g                -            807 5247at5794           -            570  1.1e-122  408.2  30.6   2   3   3.3e-48   4.1e-45  152.1   3.4   184   346   291   451   280   457 0.94 length=807	scaffold=contig00018	strand=+
104_g                -            807 5247at5794           -            570  1.1e-122  408.2  30.6   3   3   1.3e-23   1.6e-20   70.9  10.1   331   565   467   736   459   740 0.73 length=807	scaffold=contig00018	strand=+
3454_g               -            917 5247at5794           -            570   4.1e-84  280.9  36.5   1   4   1.8e-15   2.2e-12   44.0   0.4     1    44    75   118    75   150 0.72 length=917	scaffold=contig02049	strand=-	adjustedToFrame=3
3454_g               -            917 5247at5794           -            570   4.1e-84  280.9  36.5   2   4   2.6e-34   3.2e-31  106.2   8.6    32   199   139   338   123   360 0.75 length=917	scaffold=contig02049	strand=-	adjustedToFrame=3
3454_g               -            917 5247at5794           -            570   4.1e-84  280.9  36.5   3   4   1.5e-36   1.9e-33  113.6  13.0   189   444   407   679   392   692 0.80 length=917	scaffold=contig02049	strand=-	adjustedToFrame=3
3454_g               -            917 5247at5794           -            570   4.1e-84  280.9  36.5   4   4     8e-10   9.9e-07   25.4   0.1   454   555   724   826   682   841 0.67 length=917	scaffold=contig02049	strand=-	adjustedToFrame=3
#
# Program:         hmmsearch
# Version:         3.1b2 (February 2015)
# Pipeline mode:   SEARCH
# Query file:      /mnt/e/Bioinformatics/Semester2/BINP29/Malaria Project/Genomes/Parsed/busco_downloads/lineages/apicomplexa_odb10/hmms/5247at5794.hmm
# Target file:     /mnt/e/Bioinformatics/Semester2/BINP29/Malaria Project/Genomes/Parsed/Ht_new.faa
# Option settings: hmmsearch --domtblout /mnt/e/Bioinformatics/Semester2/BINP29/Malaria Project/Genomes/Parsed/Ht/run_apicomplexa_odb10/hmmer_output/initial_run_results/5247at5794.out --cpu 1 /mnt/e/Bioinformatics/Semester2/BINP29/Malaria Project/Genomes/Parsed/busco_downloads/lineages/apicomplexa_odb10/hmms/5247at5794.hmm /mnt/e/Bioinformatics/Semester2/BINP29/Malaria Project/Genomes/Parsed/Ht_new.faa 
# Current dir:     /mnt/e/Bioinformatics/Semester2/BINP29/Malaria Project/Genomes/Parsed
# Date:            Wed Mar  1 19:27:02 2023
# [ok]
