#                                                                            --- full sequence --- -------------- this domain -------------   hmm coord   ali coord   env coord
# target name        accession   tlen query name           accession   qlen   E-value  score  bias   #  of  c-Evalue  i-Evalue  score  bias  from    to  from    to  from    to  acc description of target
#------------------- ---------- ----- -------------------- ---------- ----- --------- ------ ----- --- --- --------- --------- ------ ----- ----- ----- ----- ----- ----- ----- ---- ---------------------
104_g                -            807 6081at5794           -            589  3.8e-148  492.4  37.2   1   2   6.5e-69     8e-66  220.6   2.3     1   187    51   259    51   277 0.89 length=807	scaffold=contig00018	strand=+
104_g                -            807 6081at5794           -            589  3.8e-148  492.4  37.2   2   2   1.1e-82   1.4e-79  266.0  27.9   181   575   284   743   257   761 0.77 length=807	scaffold=contig00018	strand=+
2137_g               -            968 6081at5794           -            589  3.4e-128  426.6  30.2   1   3   1.4e-13   1.7e-10   37.9   0.3     1    43   114   156   114   169 0.94 length=968	scaffold=contig00914	strand=-
2137_g               -            968 6081at5794           -            589  3.4e-128  426.6  30.2   2   3  1.9e-121  2.3e-118  394.1  20.7    47   516   226   755   211   832 0.82 length=968	scaffold=contig00914	strand=-
2137_g               -            968 6081at5794           -            589  3.4e-128  426.6  30.2   3   3      0.19   2.4e+02   -2.2   0.1   455   500   860   908   795   919 0.61 length=968	scaffold=contig00914	strand=-
3454_g               -            917 6081at5794           -            589   2.5e-80  268.5  54.1   1   4   2.6e-13   3.2e-10   37.0   0.4     1    47    73   119    73   149 0.81 length=917	scaffold=contig02049	strand=-	adjustedToFrame=3
3454_g               -            917 6081at5794           -            589   2.5e-80  268.5  54.1   2   4   1.2e-34   1.5e-31  107.4   5.2    49   198   152   327   127   358 0.77 length=917	scaffold=contig02049	strand=-	adjustedToFrame=3
3454_g               -            917 6081at5794           -            589   2.5e-80  268.5  54.1   3   4   1.2e-44   1.5e-41  140.4  25.3   194   530   412   785   392   839 0.72 length=917	scaffold=contig02049	strand=-	adjustedToFrame=3
3454_g               -            917 6081at5794           -            589   2.5e-80  268.5  54.1   4   4       2.3   2.9e+03   -5.8   2.7   459   478   856   875   847   910 0.51 length=917	scaffold=contig02049	strand=-	adjustedToFrame=3
#
# Program:         hmmsearch
# Version:         3.1b2 (February 2015)
# Pipeline mode:   SEARCH
# Query file:      /mnt/e/Bioinformatics/Semester2/BINP29/Malaria Project/Genomes/Parsed/busco_downloads/lineages/apicomplexa_odb10/hmms/6081at5794.hmm
# Target file:     /mnt/e/Bioinformatics/Semester2/BINP29/Malaria Project/Genomes/Parsed/Ht_new.faa
# Option settings: hmmsearch --domtblout /mnt/e/Bioinformatics/Semester2/BINP29/Malaria Project/Genomes/Parsed/Ht/run_apicomplexa_odb10/hmmer_output/initial_run_results/6081at5794.out --cpu 1 /mnt/e/Bioinformatics/Semester2/BINP29/Malaria Project/Genomes/Parsed/busco_downloads/lineages/apicomplexa_odb10/hmms/6081at5794.hmm /mnt/e/Bioinformatics/Semester2/BINP29/Malaria Project/Genomes/Parsed/Ht_new.faa 
# Current dir:     /mnt/e/Bioinformatics/Semester2/BINP29/Malaria Project/Genomes/Parsed
# Date:            Wed Mar  1 19:27:03 2023
# [ok]
