#                                                                            --- full sequence --- -------------- this domain -------------   hmm coord   ali coord   env coord
# target name        accession   tlen query name           accession   qlen   E-value  score  bias   #  of  c-Evalue  i-Evalue  score  bias  from    to  from    to  from    to  acc description of target
#------------------- ---------- ----- -------------------- ---------- ----- --------- ------ ----- --- --- --------- --------- ------ ----- ----- ----- ----- ----- ----- ----- ---- ---------------------
2587_g               -            677 6796at5794           -            479  7.1e-176  583.0  31.2   1   4  8.8e-103   1.1e-99  331.7   9.6    18   242    80   328    60   343 0.89 length=677	scaffold=contig01260	strand=-	adjustedToFrame=2
2587_g               -            677 6796at5794           -            479  7.1e-176  583.0  31.2   2   4   6.2e-44   7.7e-41  137.7   4.9   244   388   372   539   360   544 0.81 length=677	scaffold=contig01260	strand=-	adjustedToFrame=2
2587_g               -            677 6796at5794           -            479  7.1e-176  583.0  31.2   3   4   1.3e-21   1.6e-18   64.0   2.1   348   428   526   611   509   614 0.83 length=677	scaffold=contig01260	strand=-	adjustedToFrame=2
2587_g               -            677 6796at5794           -            479  7.1e-176  583.0  31.2   4   4   1.1e-20   1.4e-17   61.0   0.1   421   475   622   676   616   677 0.94 length=677	scaffold=contig01260	strand=-	adjustedToFrame=2
2708_g               -            729 6796at5794           -            479   1.5e-20   70.8  26.8   1   4   0.00029      0.36    6.9   3.3    18   143    24   132    14   152 0.80 length=729	scaffold=contig01369	strand=+
2708_g               -            729 6796at5794           -            479   1.5e-20   70.8  26.8   2   4   0.00016      0.19    7.7   0.0   141   195   205   261   175   270 0.80 length=729	scaffold=contig01369	strand=+
2708_g               -            729 6796at5794           -            479   1.5e-20   70.8  26.8   3   4   1.3e-13   1.6e-10   37.7   2.6   201   330   373   521   334   538 0.82 length=729	scaffold=contig01369	strand=+
2708_g               -            729 6796at5794           -            479   1.5e-20   70.8  26.8   4   4   4.1e-10   5.1e-07   26.2   4.5   319   476   554   714   550   717 0.76 length=729	scaffold=contig01369	strand=+
3336_g               -            529 6796at5794           -            479   1.7e-11   40.9   5.8   1   3   2.7e-10   3.3e-07   26.7   0.1   196   237    35    76    25    91 0.90 length=529	scaffold=contig01925	strand=-	adjustedToFrame=2
3336_g               -            529 6796at5794           -            479   1.7e-11   40.9   5.8   2   3      0.13   1.6e+02   -1.9   0.2   322   375   153   205   147   258 0.60 length=529	scaffold=contig01925	strand=-	adjustedToFrame=2
3336_g               -            529 6796at5794           -            479   1.7e-11   40.9   5.8   3   3   4.4e-07   0.00054   16.2   0.1   419   476   466   523   462   526 0.89 length=529	scaffold=contig01925	strand=-	adjustedToFrame=2
#
# Program:         hmmsearch
# Version:         3.1b2 (February 2015)
# Pipeline mode:   SEARCH
# Query file:      /mnt/e/Bioinformatics/Semester2/BINP29/Malaria Project/Genomes/Parsed/busco_downloads/lineages/apicomplexa_odb10/hmms/6796at5794.hmm
# Target file:     /mnt/e/Bioinformatics/Semester2/BINP29/Malaria Project/Genomes/Parsed/Ht_new.faa
# Option settings: hmmsearch --domtblout /mnt/e/Bioinformatics/Semester2/BINP29/Malaria Project/Genomes/Parsed/Ht/run_apicomplexa_odb10/hmmer_output/initial_run_results/6796at5794.out --cpu 1 /mnt/e/Bioinformatics/Semester2/BINP29/Malaria Project/Genomes/Parsed/busco_downloads/lineages/apicomplexa_odb10/hmms/6796at5794.hmm /mnt/e/Bioinformatics/Semester2/BINP29/Malaria Project/Genomes/Parsed/Ht_new.faa 
# Current dir:     /mnt/e/Bioinformatics/Semester2/BINP29/Malaria Project/Genomes/Parsed
# Date:            Wed Mar  1 19:27:05 2023
# [ok]
