#                                                                            --- full sequence --- -------------- this domain -------------   hmm coord   ali coord   env coord
# target name        accession   tlen query name           accession   qlen   E-value  score  bias   #  of  c-Evalue  i-Evalue  score  bias  from    to  from    to  from    to  acc description of target
#------------------- ---------- ----- -------------------- ---------- ----- --------- ------ ----- --- --- --------- --------- ------ ----- ----- ----- ----- ----- ----- ----- ---- ---------------------
104_g                -            807 7349at5794           -            537  5.5e-240  795.1  32.5   1   3    2e-104  2.5e-101  337.5   1.8     1   194    51   258    51   290 0.92 length=807	scaffold=contig00018	strand=+
104_g                -            807 7349at5794           -            537  5.5e-240  795.1  32.5   2   3   3.9e-64   4.8e-61  204.6   1.3   192   333   306   454   300   463 0.91 length=807	scaffold=contig00018	strand=+
104_g                -            807 7349at5794           -            537  5.5e-240  795.1  32.5   3   3   6.1e-82   7.6e-79  263.3  14.9   321   537   469   735   461   735 0.84 length=807	scaffold=contig00018	strand=+
2137_g               -            968 7349at5794           -            537  1.9e-133  443.6  29.3   1   3   2.4e-19     3e-16   56.7   0.4     1    45   114   158   114   170 0.93 length=968	scaffold=contig00914	strand=-
2137_g               -            968 7349at5794           -            537  1.9e-133  443.6  29.3   2   3   4.6e-49   5.7e-46  154.9   2.5    56   192   235   378   219   411 0.87 length=968	scaffold=contig00914	strand=-
2137_g               -            968 7349at5794           -            537  1.9e-133  443.6  29.3   3   3   4.6e-74   5.7e-71  237.4  14.1   187   532   409   822   386   826 0.77 length=968	scaffold=contig00914	strand=-
3454_g               -            917 7349at5794           -            537   1.3e-98  328.6  42.6   1   3   1.9e-18   2.3e-15   53.8   0.6     1    68    73   140    73   149 0.90 length=917	scaffold=contig02049	strand=-	adjustedToFrame=3
3454_g               -            917 7349at5794           -            537   1.3e-98  328.6  42.6   2   3   6.4e-38   7.9e-35  118.1   2.8    56   195   159   315   148   338 0.79 length=917	scaffold=contig02049	strand=-	adjustedToFrame=3
3454_g               -            917 7349at5794           -            537   1.3e-98  328.6  42.6   3   3   3.5e-50   4.4e-47  158.5  25.0   169   529   396   801   373   814 0.75 length=917	scaffold=contig02049	strand=-	adjustedToFrame=3
#
# Program:         hmmsearch
# Version:         3.1b2 (February 2015)
# Pipeline mode:   SEARCH
# Query file:      /mnt/e/Bioinformatics/Semester2/BINP29/Malaria Project/Genomes/Parsed/busco_downloads/lineages/apicomplexa_odb10/hmms/7349at5794.hmm
# Target file:     /mnt/e/Bioinformatics/Semester2/BINP29/Malaria Project/Genomes/Parsed/Ht_new.faa
# Option settings: hmmsearch --domtblout /mnt/e/Bioinformatics/Semester2/BINP29/Malaria Project/Genomes/Parsed/Ht/run_apicomplexa_odb10/hmmer_output/initial_run_results/7349at5794.out --cpu 1 /mnt/e/Bioinformatics/Semester2/BINP29/Malaria Project/Genomes/Parsed/busco_downloads/lineages/apicomplexa_odb10/hmms/7349at5794.hmm /mnt/e/Bioinformatics/Semester2/BINP29/Malaria Project/Genomes/Parsed/Ht_new.faa 
# Current dir:     /mnt/e/Bioinformatics/Semester2/BINP29/Malaria Project/Genomes/Parsed
# Date:            Wed Mar  1 19:27:06 2023
# [ok]
