#                                                                            --- full sequence --- -------------- this domain -------------   hmm coord   ali coord   env coord
# target name        accession   tlen query name           accession   qlen   E-value  score  bias   #  of  c-Evalue  i-Evalue  score  bias  from    to  from    to  from    to  acc description of target
#------------------- ---------- ----- -------------------- ---------- ----- --------- ------ ----- --- --- --------- --------- ------ ----- ----- ----- ----- ----- ----- ----- ---- ---------------------
2237_g               -            896 7423at5794           -            374  2.8e-134  445.5  64.2   1   7  2.4e-122  8.9e-119  394.5  11.8     1   218     3   206     3   215 0.97 length=896	scaffold=contig00987	strand=-
2237_g               -            896 7423at5794           -            374  2.8e-134  445.5  64.2   2   7     1e-10   3.8e-07   27.1   0.4   212   249   248   285   241   321 0.84 length=896	scaffold=contig00987	strand=-
2237_g               -            896 7423at5794           -            374  2.8e-134  445.5  64.2   3   7     0.011        40    0.7   6.9   237   369   330   473   321   484 0.60 length=896	scaffold=contig00987	strand=-
2237_g               -            896 7423at5794           -            374  2.8e-134  445.5  64.2   4   7   1.7e-10   6.3e-07   26.4   0.7   263   304   484   525   464   534 0.78 length=896	scaffold=contig00987	strand=-
2237_g               -            896 7423at5794           -            374  2.8e-134  445.5  64.2   5   7   2.1e-08   7.7e-05   19.5   6.9   291   353   540   619   531   647 0.70 length=896	scaffold=contig00987	strand=-
2237_g               -            896 7423at5794           -            374  2.8e-134  445.5  64.2   6   7     0.083   3.1e+02   -2.2   0.1   341   367   729   756   655   770 0.58 length=896	scaffold=contig00987	strand=-
2237_g               -            896 7423at5794           -            374  2.8e-134  445.5  64.2   7   7      0.18   6.7e+02   -3.3   2.1   239   239   766   766   715   874 0.56 length=896	scaffold=contig00987	strand=-
#
# Program:         hmmsearch
# Version:         3.1b2 (February 2015)
# Pipeline mode:   SEARCH
# Query file:      /mnt/e/Bioinformatics/Semester2/BINP29/Malaria Project/Genomes/Parsed/busco_downloads/lineages/apicomplexa_odb10/hmms/7423at5794.hmm
# Target file:     /mnt/e/Bioinformatics/Semester2/BINP29/Malaria Project/Genomes/Parsed/Ht_new.faa
# Option settings: hmmsearch --domtblout /mnt/e/Bioinformatics/Semester2/BINP29/Malaria Project/Genomes/Parsed/Ht/run_apicomplexa_odb10/hmmer_output/initial_run_results/7423at5794.out --cpu 1 /mnt/e/Bioinformatics/Semester2/BINP29/Malaria Project/Genomes/Parsed/busco_downloads/lineages/apicomplexa_odb10/hmms/7423at5794.hmm /mnt/e/Bioinformatics/Semester2/BINP29/Malaria Project/Genomes/Parsed/Ht_new.faa 
# Current dir:     /mnt/e/Bioinformatics/Semester2/BINP29/Malaria Project/Genomes/Parsed
# Date:            Wed Mar  1 19:27:06 2023
# [ok]
