#                                                                            --- full sequence --- -------------- this domain -------------   hmm coord   ali coord   env coord
# target name        accession   tlen query name           accession   qlen   E-value  score  bias   #  of  c-Evalue  i-Evalue  score  bias  from    to  from    to  from    to  acc description of target
#------------------- ---------- ----- -------------------- ---------- ----- --------- ------ ----- --- --- --------- --------- ------ ----- ----- ----- ----- ----- ----- ----- ---- ---------------------
1125_g               -           2059 820at5794            -           1101         0 1294.2 102.6   1   9  1.3e-111    7e-109  362.9   0.3     1   191     6   217     6   288 0.91 length=2059	scaffold=contig00353	strand=+
1125_g               -           2059 820at5794            -           1101         0 1294.2 102.6   2   9  5.4e-176  2.9e-173  576.0  20.6   192   625   308   785   300   813 0.83 length=2059	scaffold=contig00353	strand=+
1125_g               -           2059 820at5794            -           1101         0 1294.2 102.6   3   9     1e-16   5.5e-14   48.6  13.6   569   690   827   948   821   951 0.86 length=2059	scaffold=contig00353	strand=+
1125_g               -           2059 820at5794            -           1101         0 1294.2 102.6   4   9   4.4e-26   2.3e-23   79.7  13.1   647   747   952  1055   948  1068 0.89 length=2059	scaffold=contig00353	strand=+
1125_g               -           2059 820at5794            -           1101         0 1294.2 102.6   5   9         7   3.7e+03   -9.5  12.3   685   756  1160  1182  1100  1240 0.51 length=2059	scaffold=contig00353	strand=+
1125_g               -           2059 820at5794            -           1101         0 1294.2 102.6   6   9   1.2e-07   6.2e-05   18.6   0.0   752   786  1286  1320  1272  1332 0.89 length=2059	scaffold=contig00353	strand=+
1125_g               -           2059 820at5794            -           1101         0 1294.2 102.6   7   9   3.1e-05     0.017   10.6   0.2   785   818  1370  1403  1340  1450 0.77 length=2059	scaffold=contig00353	strand=+
1125_g               -           2059 820at5794            -           1101         0 1294.2 102.6   8   9   5.1e-11   2.7e-08   29.8   0.0   814   879  1606  1673  1504  1687 0.84 length=2059	scaffold=contig00353	strand=+
1125_g               -           2059 820at5794            -           1101         0 1294.2 102.6   9   9   1.9e-62   9.8e-60  200.1   0.1   876  1068  1825  2048  1820  2055 0.84 length=2059	scaffold=contig00353	strand=+
992_g                -            766 820at5794            -           1101  4.9e-129  429.6   4.7   1   2  9.3e-132  4.9e-129  429.6   4.7     7   563    49   665    44   677 0.83 length=766	scaffold=contig00294	strand=-
992_g                -            766 820at5794            -           1101  4.9e-129  429.6   4.7   2   2     0.016       8.7    1.6   0.1   565   595   692   722   680   764 0.66 length=766	scaffold=contig00294	strand=-
1243_g               -           1570 820at5794            -           1101   1.3e-90  302.4  39.2   1   7   4.7e-56   2.5e-53  178.9   3.8     6   216   108   362   105   371 0.78 length=1570	scaffold=contig00410	strand=-
1243_g               -           1570 820at5794            -           1101   1.3e-90  302.4  39.2   2   7   1.3e-09     7e-07   25.1   1.8   230   319   453   558   424   564 0.70 length=1570	scaffold=contig00410	strand=-
1243_g               -           1570 820at5794            -           1101   1.3e-90  302.4  39.2   3   7   7.1e-26   3.8e-23   79.0  10.5   318   483   635   822   621   833 0.79 length=1570	scaffold=contig00410	strand=-
1243_g               -           1570 820at5794            -           1101   1.3e-90  302.4  39.2   4   7   1.2e-21   6.5e-19   64.9   0.9   454   569   877   996   871  1007 0.88 length=1570	scaffold=contig00410	strand=-
1243_g               -           1570 820at5794            -           1101   1.3e-90  302.4  39.2   5   7     0.043        23    0.2  10.3   560   686  1011  1150  1005  1155 0.64 length=1570	scaffold=contig00410	strand=-
1243_g               -           1570 820at5794            -           1101   1.3e-90  302.4  39.2   6   7         7   3.7e+03  -12.4  23.7   563   757  1100  1314  1095  1348 0.58 length=1570	scaffold=contig00410	strand=-
1243_g               -           1570 820at5794            -           1101   1.3e-90  302.4  39.2   7   7      0.31   1.7e+02   -2.6   1.0   598   668  1428  1500  1385  1554 0.62 length=1570	scaffold=contig00410	strand=-
1287_g               -           1469 820at5794            -           1101   1.3e-45  153.3  37.1   1   5     2e-30     1e-27   94.1   5.0     6   250    93   384    89   393 0.74 length=1469	scaffold=contig00435	strand=-
1287_g               -           1469 820at5794            -           1101   1.3e-45  153.3  37.1   2   5   1.3e-17   6.9e-15   51.6  10.4   261   484   436   676   422   701 0.83 length=1469	scaffold=contig00435	strand=-
1287_g               -           1469 820at5794            -           1101   1.3e-45  153.3  37.1   3   5   2.3e-08   1.2e-05   21.0   0.1   481   560   710   788   680   796 0.79 length=1469	scaffold=contig00435	strand=-
1287_g               -           1469 820at5794            -           1101   1.3e-45  153.3  37.1   4   5     0.047        25    0.1   0.0   548   592   820   864   800   886 0.76 length=1469	scaffold=contig00435	strand=-
1287_g               -           1469 820at5794            -           1101   1.3e-45  153.3  37.1   5   5      0.12        64   -1.3   1.5   708   800  1186  1277  1178  1371 0.73 length=1469	scaffold=contig00435	strand=-
1090_g               -            383 820at5794            -           1101   7.4e-40  134.3  24.1   1   3   4.5e-12   2.4e-09   33.3   0.3   132   173     1    44     1    50 0.89 length=383	scaffold=contig00336	strand=-
1090_g               -            383 820at5794            -           1101   7.4e-40  134.3  24.1   2   3   4.5e-29   2.4e-26   89.5  10.3   255   414    54   220    45   225 0.89 length=383	scaffold=contig00336	strand=-
1090_g               -            383 820at5794            -           1101   7.4e-40  134.3  24.1   3   3     2e-08   1.1e-05   21.2   1.4   475   536   224   285   217   374 0.89 length=383	scaffold=contig00336	strand=-
2730_g               -           1519 820at5794            -           1101   4.6e-20   68.7  57.6   1   5     2e-09     1e-06   24.5   0.8   149   215    79   149    26   163 0.72 length=1519	scaffold=contig01386	strand=-
2730_g               -           1519 820at5794            -           1101   4.6e-20   68.7  57.6   2   5     4e-17   2.1e-14   50.0   8.8   267   377   262   389   237   392 0.77 length=1519	scaffold=contig01386	strand=-
2730_g               -           1519 820at5794            -           1101   4.6e-20   68.7  57.6   3   5   2.1e-09   1.1e-06   24.4  33.2   477   764   589   913   563   973 0.63 length=1519	scaffold=contig01386	strand=-
2730_g               -           1519 820at5794            -           1101   4.6e-20   68.7  57.6   4   5       1.2   6.2e+02   -4.5   4.9   711   792  1042  1131  1018  1198 0.51 length=1519	scaffold=contig01386	strand=-
2730_g               -           1519 820at5794            -           1101   4.6e-20   68.7  57.6   5   5         7   3.7e+03  -11.4   9.7   707   750  1276  1317  1263  1356 0.46 length=1519	scaffold=contig01386	strand=-
3186_g               -            363 820at5794            -           1101   8.1e-08   28.2   2.2   1   3     2e-06     0.001   14.6   0.8   858   925    92   163    70   179 0.76 length=363	scaffold=contig01777	strand=-
3186_g               -            363 820at5794            -           1101   8.1e-08   28.2   2.2   2   3   1.2e-05    0.0066   11.9   0.1  1004  1099   164   269   159   271 0.79 length=363	scaffold=contig01777	strand=-
3186_g               -            363 820at5794            -           1101   8.1e-08   28.2   2.2   3   3      0.04        21    0.3   0.0   854   905   304   357   289   359 0.77 length=363	scaffold=contig01777	strand=-
#
# Program:         hmmsearch
# Version:         3.1b2 (February 2015)
# Pipeline mode:   SEARCH
# Query file:      /mnt/e/Bioinformatics/Semester2/BINP29/Malaria Project/Genomes/Parsed/busco_downloads/lineages/apicomplexa_odb10/hmms/820at5794.hmm
# Target file:     /mnt/e/Bioinformatics/Semester2/BINP29/Malaria Project/Genomes/Parsed/Ht_new.faa
# Option settings: hmmsearch --domtblout /mnt/e/Bioinformatics/Semester2/BINP29/Malaria Project/Genomes/Parsed/Ht/run_apicomplexa_odb10/hmmer_output/initial_run_results/820at5794.out --cpu 1 /mnt/e/Bioinformatics/Semester2/BINP29/Malaria Project/Genomes/Parsed/busco_downloads/lineages/apicomplexa_odb10/hmms/820at5794.hmm /mnt/e/Bioinformatics/Semester2/BINP29/Malaria Project/Genomes/Parsed/Ht_new.faa 
# Current dir:     /mnt/e/Bioinformatics/Semester2/BINP29/Malaria Project/Genomes/Parsed
# Date:            Wed Mar  1 19:27:08 2023
# [ok]
