#                                                                            --- full sequence --- -------------- this domain -------------   hmm coord   ali coord   env coord
# target name        accession   tlen query name           accession   qlen   E-value  score  bias   #  of  c-Evalue  i-Evalue  score  bias  from    to  from    to  from    to  acc description of target
#------------------- ---------- ----- -------------------- ---------- ----- --------- ------ ----- --- --- --------- --------- ------ ----- ----- ----- ----- ----- ----- ----- ---- ---------------------
844_g                -            589 8813at5794           -            325     3e-26   90.0   3.1   1   2   2.1e-14   1.5e-11   41.6   0.2    91   168   150   228   141   241 0.90 length=589	scaffold=contig00238	strand=+	adjustedToFrame=2
844_g                -            589 8813at5794           -            325     3e-26   90.0   3.1   2   2   1.6e-16   1.2e-13   48.6   0.3   192   278   350   440   296   451 0.77 length=589	scaffold=contig00238	strand=+	adjustedToFrame=2
1185_g               -            700 8813at5794           -            325   2.6e-09   34.3   3.7   1   3    0.0001     0.074    9.8   0.0   171   216    55   104    43   154 0.73 length=700	scaffold=contig00381	strand=-
1185_g               -            700 8813at5794           -            325   2.6e-09   34.3   3.7   2   3   5.8e-06    0.0043   13.8   0.0   191   228   308   347   229   433 0.76 length=700	scaffold=contig00381	strand=-
1185_g               -            700 8813at5794           -            325   2.6e-09   34.3   3.7   3   3   0.00015      0.11    9.2   0.7    97   147   480   529   473   589 0.74 length=700	scaffold=contig00381	strand=-
1824_g               -            397 8813at5794           -            325     1e-07   29.1   1.2   1   2     0.021        16    2.1   0.1    97   115   109   127   105   129 0.88 length=397	scaffold=contig00713	strand=-
1824_g               -            397 8813at5794           -            325     1e-07   29.1   1.2   2   2   1.1e-07   8.3e-05   19.5   0.1   141   249   129   259   127   298 0.66 length=397	scaffold=contig00713	strand=-
37_g                 -            763 8813at5794           -            325   8.3e-07   26.1   0.7   1   1     4e-09     3e-06   24.3   0.7   187   250   520   582   308   591 0.91 length=763	scaffold=contig00006	strand=-
1600_g               -            530 8813at5794           -            325   1.8e-06   25.0   1.5   1   2   9.6e-08   7.1e-05   19.7   0.0   196   255   140   202   108   230 0.84 length=530	scaffold=contig00589	strand=+	adjustedToFrame=3
1600_g               -            530 8813at5794           -            325   1.8e-06   25.0   1.5   2   2    0.0061       4.5    3.9   0.2   123   157   350   381   334   420 0.61 length=530	scaffold=contig00589	strand=+	adjustedToFrame=3
#
# Program:         hmmsearch
# Version:         3.1b2 (February 2015)
# Pipeline mode:   SEARCH
# Query file:      /mnt/e/Bioinformatics/Semester2/BINP29/Malaria Project/Genomes/Parsed/busco_downloads/lineages/apicomplexa_odb10/hmms/8813at5794.hmm
# Target file:     /mnt/e/Bioinformatics/Semester2/BINP29/Malaria Project/Genomes/Parsed/Ht_new.faa
# Option settings: hmmsearch --domtblout /mnt/e/Bioinformatics/Semester2/BINP29/Malaria Project/Genomes/Parsed/Ht/run_apicomplexa_odb10/hmmer_output/initial_run_results/8813at5794.out --cpu 1 /mnt/e/Bioinformatics/Semester2/BINP29/Malaria Project/Genomes/Parsed/busco_downloads/lineages/apicomplexa_odb10/hmms/8813at5794.hmm /mnt/e/Bioinformatics/Semester2/BINP29/Malaria Project/Genomes/Parsed/Ht_new.faa 
# Current dir:     /mnt/e/Bioinformatics/Semester2/BINP29/Malaria Project/Genomes/Parsed
# Date:            Wed Mar  1 19:27:09 2023
# [ok]
