#                                                                            --- full sequence --- -------------- this domain -------------   hmm coord   ali coord   env coord
# target name        accession   tlen query name           accession   qlen   E-value  score  bias   #  of  c-Evalue  i-Evalue  score  bias  from    to  from    to  from    to  acc description of target
#------------------- ---------- ----- -------------------- ---------- ----- --------- ------ ----- --- --- --------- --------- ------ ----- ----- ----- ----- ----- ----- ----- ---- ---------------------
2087_g               -           1115 9319at5794           -            316   2.7e-85  284.1  22.9   1   7     2e-09   3.7e-06   24.1   0.0     6    46   462   502   457   521 0.88 length=1115	scaffold=contig00881	strand=-
2087_g               -           1115 9319at5794           -            316   2.7e-85  284.1  22.9   2   7   2.6e-07   0.00048   17.1   2.7    33    57   526   550   519   555 0.89 length=1115	scaffold=contig00881	strand=-
2087_g               -           1115 9319at5794           -            316   2.7e-85  284.1  22.9   3   7    0.0015       2.9    4.7   0.0    45    81   563   599   556   606 0.86 length=1115	scaffold=contig00881	strand=-
2087_g               -           1115 9319at5794           -            316   2.7e-85  284.1  22.9   4   7   3.7e-15     7e-12   42.9   0.0    76   135   733   797   710   816 0.81 length=1115	scaffold=contig00881	strand=-
2087_g               -           1115 9319at5794           -            316   2.7e-85  284.1  22.9   5   7     6e-36   1.1e-32  111.2   0.1   136   210   829   903   810   910 0.91 length=1115	scaffold=contig00881	strand=-
2087_g               -           1115 9319at5794           -            316   2.7e-85  284.1  22.9   6   7    0.0019       3.6    4.4   0.0   207   235   920   952   914   957 0.82 length=1115	scaffold=contig00881	strand=-
2087_g               -           1115 9319at5794           -            316   2.7e-85  284.1  22.9   7   7   6.6e-29   1.2e-25   88.1   0.5   223   316   958  1077   954  1077 0.82 length=1115	scaffold=contig00881	strand=-
1257_g               -            321 9319at5794           -            316    0.0012   15.8   0.0   1   2    0.0049       9.2    3.1   0.0   182   245   168   231   157   236 0.76 length=321	scaffold=contig00418	strand=+	adjustedToFrame=2
1257_g               -            321 9319at5794           -            316    0.0012   15.8   0.0   2   2   2.7e-05      0.05   10.5   0.0   251   280   265   294   254   311 0.82 length=321	scaffold=contig00418	strand=+	adjustedToFrame=2
#
# Program:         hmmsearch
# Version:         3.1b2 (February 2015)
# Pipeline mode:   SEARCH
# Query file:      /mnt/e/Bioinformatics/Semester2/BINP29/Malaria Project/Genomes/Parsed/busco_downloads/lineages/apicomplexa_odb10/hmms/9319at5794.hmm
# Target file:     /mnt/e/Bioinformatics/Semester2/BINP29/Malaria Project/Genomes/Parsed/Ht_new.faa
# Option settings: hmmsearch --domtblout /mnt/e/Bioinformatics/Semester2/BINP29/Malaria Project/Genomes/Parsed/Ht/run_apicomplexa_odb10/hmmer_output/initial_run_results/9319at5794.out --cpu 1 /mnt/e/Bioinformatics/Semester2/BINP29/Malaria Project/Genomes/Parsed/busco_downloads/lineages/apicomplexa_odb10/hmms/9319at5794.hmm /mnt/e/Bioinformatics/Semester2/BINP29/Malaria Project/Genomes/Parsed/Ht_new.faa 
# Current dir:     /mnt/e/Bioinformatics/Semester2/BINP29/Malaria Project/Genomes/Parsed
# Date:            Wed Mar  1 19:27:10 2023
# [ok]
