#                                                                            --- full sequence --- -------------- this domain -------------   hmm coord   ali coord   env coord
# target name        accession   tlen query name           accession   qlen   E-value  score  bias   #  of  c-Evalue  i-Evalue  score  bias  from    to  from    to  from    to  acc description of target
#------------------- ---------- ----- -------------------- ---------- ----- --------- ------ ----- --- --- --------- --------- ------ ----- ----- ----- ----- ----- ----- ----- ---- ---------------------
487_g                -            586 9601at5794           -            304   1.3e-89  298.2  13.4   1   4   6.8e-18   9.3e-16   55.6   0.5     2    55     6    60     5    91 0.83 length=586	scaffold=contig00114	strand=-	adjustedToFrame=2
487_g                -            586 9601at5794           -            304   1.3e-89  298.2  13.4   2   4    0.0093       1.3    5.9   0.3    45    65   157   177   145   184 0.80 length=586	scaffold=contig00114	strand=-	adjustedToFrame=2
487_g                -            586 9601at5794           -            304   1.3e-89  298.2  13.4   3   4   4.7e-09   6.5e-07   26.6   0.1    62   136   214   323   191   336 0.65 length=586	scaffold=contig00114	strand=-	adjustedToFrame=2
487_g                -            586 9601at5794           -            304   1.3e-89  298.2  13.4   4   4   6.6e-65   9.1e-63  210.0   0.1   132   303   356   561   342   562 0.87 length=586	scaffold=contig00114	strand=-	adjustedToFrame=2
2101_g               -            568 9601at5794           -            304   2.8e-26   90.2   2.3   1   5       3.7   5.1e+02   -2.6   0.0   222   254   148   181   141   185 0.71 length=568	scaffold=contig00890	strand=-	adjustedToFrame=3
2101_g               -            568 9601at5794           -            304   2.8e-26   90.2   2.3   2   5   3.5e-08   4.8e-06   23.8   0.1   132   179   313   360   271   364 0.77 length=568	scaffold=contig00890	strand=-	adjustedToFrame=3
2101_g               -            568 9601at5794           -            304   2.8e-26   90.2   2.3   3   5   2.1e-08   2.9e-06   24.5   0.2   135   177   362   404   355   410 0.91 length=568	scaffold=contig00890	strand=-	adjustedToFrame=3
2101_g               -            568 9601at5794           -            304   2.8e-26   90.2   2.3   4   5     4e-08   5.6e-06   23.5   0.0   209   272   414   483   408   498 0.83 length=568	scaffold=contig00890	strand=-	adjustedToFrame=3
2101_g               -            568 9601at5794           -            304   2.8e-26   90.2   2.3   5   5   1.4e-05    0.0019   15.2   0.0   134   268   530   564   506   567 0.61 length=568	scaffold=contig00890	strand=-	adjustedToFrame=3
3186_g               -            363 9601at5794           -            304   2.1e-20   70.9   6.2   1   6   1.8e-06   0.00025   18.1   0.4   234   303    70   145    25   145 0.77 length=363	scaffold=contig01777	strand=-
3186_g               -            363 9601at5794           -            304   2.1e-20   70.9   6.2   2   6   0.00026     0.036   11.0   0.1   134   175   112   153   106   166 0.82 length=363	scaffold=contig01777	strand=-
3186_g               -            363 9601at5794           -            304   2.1e-20   70.9   6.2   3   6     7e-08   9.7e-06   22.8   0.2   195   289   144   251   142   252 0.70 length=363	scaffold=contig01777	strand=-
3186_g               -            363 9601at5794           -            304   2.1e-20   70.9   6.2   4   6     0.007      0.97    6.3   0.0   130   170   232   272   228   285 0.88 length=363	scaffold=contig01777	strand=-
3186_g               -            363 9601at5794           -            304   2.1e-20   70.9   6.2   5   6    0.0032      0.44    7.5   0.0   213   237   302   326   287   329 0.83 length=363	scaffold=contig01777	strand=-
3186_g               -            363 9601at5794           -            304   2.1e-20   70.9   6.2   6   6   3.3e-06   0.00046   17.3   0.0   134   164   327   357   324   361 0.90 length=363	scaffold=contig01777	strand=-
981_g                -           1456 9601at5794           -            304   4.6e-20   69.8   7.6   1   5    0.0045      0.62    7.0   0.0   135   170     4    39     1    44 0.90 length=1456	scaffold=contig00288	strand=-
981_g                -           1456 9601at5794           -            304   4.6e-20   69.8   7.6   2   5     2e-06   0.00027   18.0   0.0   135   178   130   173   124   179 0.89 length=1456	scaffold=contig00288	strand=-
981_g                -           1456 9601at5794           -            304   4.6e-20   69.8   7.6   3   5    0.0022       0.3    8.0   0.0   136   170   255   289   239   296 0.84 length=1456	scaffold=contig00288	strand=-
981_g                -           1456 9601at5794           -            304   4.6e-20   69.8   7.6   4   5   4.5e-06   0.00062   16.8   0.2   133   174   296   338   288   360 0.65 length=1456	scaffold=contig00288	strand=-
981_g                -           1456 9601at5794           -            304   4.6e-20   69.8   7.6   5   5       2.4   3.3e+02   -2.0   0.0    53    88  1199  1235  1196  1264 0.81 length=1456	scaffold=contig00288	strand=-
2342_g               -           1036 9601at5794           -            304   1.6e-14   51.6   1.6   1   3   2.4e-08   3.3e-06   24.3   0.2   207   270   324   391   318   405 0.84 length=1036	scaffold=contig01059	strand=-
2342_g               -           1036 9601at5794           -            304   1.6e-14   51.6   1.6   2   3   2.1e-05    0.0029   14.6   0.0   134   189   397   452   391   457 0.85 length=1036	scaffold=contig01059	strand=-
2342_g               -           1036 9601at5794           -            304   1.6e-14   51.6   1.6   3   3   0.00022      0.03   11.3   0.0   205   270   449   516   442   520 0.70 length=1036	scaffold=contig01059	strand=-
658_g                -            643 9601at5794           -            304   6.2e-14   49.7   8.2   1   4   5.8e-06    0.0008   16.5   0.0   237   272   351   386   347   395 0.84 length=643	scaffold=contig00169	strand=+
658_g                -            643 9601at5794           -            304   6.2e-14   49.7   8.2   2   4    0.0012      0.17    8.8   0.1   235   271   393   428   389   440 0.69 length=643	scaffold=contig00169	strand=+
658_g                -            643 9601at5794           -            304   6.2e-14   49.7   8.2   3   4      0.02       2.8    4.8   0.0   135   168   476   509   463   518 0.89 length=643	scaffold=contig00169	strand=+
658_g                -            643 9601at5794           -            304   6.2e-14   49.7   8.2   4   4     4e-06   0.00055   17.0   1.2   202   268   569   642   522   642 0.75 length=643	scaffold=contig00169	strand=+
748_g                -           1133 9601at5794           -            304   8.7e-14   49.2   8.7   1   4      0.99   1.4e+02   -0.7   0.0   135   176    10    51     4    60 0.82 length=1133	scaffold=contig00200	strand=+
748_g                -           1133 9601at5794           -            304   8.7e-14   49.2   8.7   2   4   2.6e-05    0.0035   14.3   0.1   134   173    93   132    46   137 0.80 length=1133	scaffold=contig00200	strand=+
748_g                -           1133 9601at5794           -            304   8.7e-14   49.2   8.7   3   4   1.8e-07   2.5e-05   21.4   0.3   218   276   115   179   114   187 0.83 length=1133	scaffold=contig00200	strand=+
748_g                -           1133 9601at5794           -            304   8.7e-14   49.2   8.7   4   4   9.9e-08   1.4e-05   22.3   0.6   213   271   203   265   189   287 0.75 length=1133	scaffold=contig00200	strand=+
3346_g               -            464 9601at5794           -            304     5e-12   43.4   0.6   1   3      0.48        66    0.3   0.0   253   277   185   210   172   223 0.77 length=464	scaffold=contig01935	strand=-
3346_g               -            464 9601at5794           -            304     5e-12   43.4   0.6   2   3   1.3e-05    0.0018   15.3   0.0   233   271   262   300   259   304 0.73 length=464	scaffold=contig01935	strand=-
3346_g               -            464 9601at5794           -            304     5e-12   43.4   0.6   3   3   3.4e-08   4.7e-06   23.8   0.0   135   173   306   345   299   358 0.83 length=464	scaffold=contig01935	strand=-
2236_g               -            660 9601at5794           -            304   7.9e-12   42.8   0.9   1   3   0.00049     0.068   10.1   0.0   136   175    49    88    37   112 0.88 length=660	scaffold=contig00987	strand=+
2236_g               -            660 9601at5794           -            304   7.9e-12   42.8   0.9   2   3   3.2e-07   4.4e-05   20.6   0.0   133   174   146   188   125   203 0.84 length=660	scaffold=contig00987	strand=+
2236_g               -            660 9601at5794           -            304   7.9e-12   42.8   0.9   3   3    0.0013      0.18    8.7   0.0   204   233   265   294   257   313 0.86 length=660	scaffold=contig00987	strand=+
893_g                -            534 9601at5794           -            304   4.1e-10   37.1   2.8   1   3   2.6e-07   3.5e-05   20.9   0.3   105   180    64   151    54   162 0.76 length=534	scaffold=contig00255	strand=-
893_g                -            534 9601at5794           -            304   4.1e-10   37.1   2.8   2   3   0.00096      0.13    9.2   0.0   211   269   335   398   280   416 0.60 length=534	scaffold=contig00255	strand=-
893_g                -            534 9601at5794           -            304   4.1e-10   37.1   2.8   3   3   2.7e-05    0.0037   14.3   0.1   204   269   369   441   340   450 0.77 length=534	scaffold=contig00255	strand=-
2105_g               -            564 9601at5794           -            304     8e-10   36.2   3.6   1   3   0.00076       0.1    9.5   0.0   119   173   267   324   238   332 0.63 length=564	scaffold=contig00892	strand=+	adjustedToFrame=3
2105_g               -            564 9601at5794           -            304     8e-10   36.2   3.6   2   3    0.0029       0.4    7.6   0.3   129   186   357   414   327   456 0.73 length=564	scaffold=contig00892	strand=+	adjustedToFrame=3
2105_g               -            564 9601at5794           -            304     8e-10   36.2   3.6   3   3   1.4e-05    0.0019   15.2   0.1   135   233   455   558   449   562 0.72 length=564	scaffold=contig00892	strand=+	adjustedToFrame=3
2733_g               -            602 9601at5794           -            304   2.2e-09   34.7   5.4   1   4       3.4   4.7e+02   -2.5   0.0   115   138   309   333   298   340 0.70 length=602	scaffold=contig01389	strand=+
2733_g               -            602 9601at5794           -            304   2.2e-09   34.7   5.4   2   4   8.7e-06    0.0012   15.9   0.3    90   175   378   473   344   476 0.71 length=602	scaffold=contig01389	strand=+
2733_g               -            602 9601at5794           -            304   2.2e-09   34.7   5.4   3   4   0.00022      0.03   11.3   0.1   206   279   440   524   434   529 0.75 length=602	scaffold=contig01389	strand=+
2733_g               -            602 9601at5794           -            304   2.2e-09   34.7   5.4   4   4     8e-06    0.0011   16.0   0.2   109   170   524   584   510   593 0.80 length=602	scaffold=contig01389	strand=+
1512_g               -           1215 9601at5794           -            304   4.2e-09   33.8   1.4   1   3     0.029         4    4.3   0.0   235   277   168   209   148   223 0.69 length=1215	scaffold=contig00540	strand=-
1512_g               -           1215 9601at5794           -            304   4.2e-09   33.8   1.4   2   3     4e-08   5.6e-06   23.5   0.2    71   192   401   527   382   632 0.70 length=1215	scaffold=contig00540	strand=-
1512_g               -           1215 9601at5794           -            304   4.2e-09   33.8   1.4   3   3     0.073        10    3.0   0.1   213   267   608   669   548   681 0.61 length=1215	scaffold=contig00540	strand=-
1639_g               -            628 9601at5794           -            304   5.2e-09   33.5   6.9   1   5       7.2   9.9e+02   -3.5   0.3   159   195   129   165   120   193 0.50 length=628	scaffold=contig00609	strand=+
1639_g               -            628 9601at5794           -            304   5.2e-09   33.5   6.9   2   5      0.12        17    2.3   0.1   142   177   272   308   231   318 0.79 length=628	scaffold=contig00609	strand=+
1639_g               -            628 9601at5794           -            304   5.2e-09   33.5   6.9   3   5     0.062       8.6    3.2   0.0    97   170   321   403   310   419 0.61 length=628	scaffold=contig00609	strand=+
1639_g               -            628 9601at5794           -            304   5.2e-09   33.5   6.9   4   5   5.8e-10     8e-08   29.6   0.1   190   283   444   543   424   548 0.83 length=628	scaffold=contig00609	strand=+
1639_g               -            628 9601at5794           -            304   5.2e-09   33.5   6.9   5   5       3.9   5.4e+02   -2.7   0.0   215   235   587   607   559   623 0.58 length=628	scaffold=contig00609	strand=+
3636_g               -            698 9601at5794           -            304   1.1e-07   29.1   2.1   1   3   0.00036     0.049   10.6   0.5   215   270     2    65     1    86 0.62 length=698	scaffold=contig02256	strand=+
3636_g               -            698 9601at5794           -            304   1.1e-07   29.1   2.1   2   3    0.0002     0.027   11.4   0.1   136   172    73   111    67   118 0.83 length=698	scaffold=contig02256	strand=+
3636_g               -            698 9601at5794           -            304   1.1e-07   29.1   2.1   3   3     0.045       6.2    3.7   0.0   237   272   176   211   172   224 0.79 length=698	scaffold=contig02256	strand=+
3694_g               -            625 9601at5794           -            304   6.5e-07   26.6   0.0   1   2   1.9e-05    0.0026   14.8   0.0   235   270    18    53    10    59 0.71 length=625	scaffold=contig02328	strand=-	adjustedToFrame=2
3694_g               -            625 9601at5794           -            304   6.5e-07   26.6   0.0   2   2    0.0013      0.17    8.8   0.0   242   276   109   143    99   158 0.84 length=625	scaffold=contig02328	strand=-	adjustedToFrame=2
742_g                -           1216 9601at5794           -            304     7e-07   26.5   8.1   1   3   2.8e-08   3.8e-06   24.1   1.6   181   274   263   364   243   392 0.74 length=1216	scaffold=contig00197	strand=+
742_g                -           1216 9601at5794           -            304     7e-07   26.5   8.1   2   3      0.05       6.9    3.5   0.2   216   273   472   529   451   548 0.79 length=1216	scaffold=contig00197	strand=+
742_g                -           1216 9601at5794           -            304     7e-07   26.5   8.1   3   3     0.087        12    2.7   0.1   116   168   517   569   501   580 0.83 length=1216	scaffold=contig00197	strand=+
2816_g               -            674 9601at5794           -            304   3.8e-06   24.1   8.4   1   2   7.7e-06    0.0011   16.1   5.8   153   304   359   523   351   523 0.72 length=674	scaffold=contig01460	strand=+
2816_g               -            674 9601at5794           -            304   3.8e-06   24.1   8.4   2   2     0.036       4.9    4.0   0.0   251   274   590   613   554   629 0.82 length=674	scaffold=contig01460	strand=+
1339_g               -            521 9601at5794           -            304   9.4e-06   22.8   0.6   1   2   1.2e-06   0.00017   18.7   0.1   135   186   169   218   155   222 0.86 length=521	scaffold=contig00458	strand=+
1339_g               -            521 9601at5794           -            304   9.4e-06   22.8   0.6   2   2     0.097        13    2.6   0.0   238   271   215   250   211   270 0.65 length=521	scaffold=contig00458	strand=+
815_g                -            461 9601at5794           -            304     4e-05   20.7  12.9   1   5     0.014       1.9    5.4   0.1   220   274     4    65     1    72 0.59 length=461	scaffold=contig00224	strand=-
815_g                -            461 9601at5794           -            304     4e-05   20.7  12.9   2   5   7.2e-06     0.001   16.1   0.5    99   177    75   146    68   155 0.65 length=461	scaffold=contig00224	strand=-
815_g                -            461 9601at5794           -            304     4e-05   20.7  12.9   3   5      0.39        54    0.6   0.0   148   176   158   186   151   200 0.78 length=461	scaffold=contig00224	strand=-
815_g                -            461 9601at5794           -            304     4e-05   20.7  12.9   4   5     0.098        14    2.6   0.1    93   146   259   319   253   328 0.71 length=461	scaffold=contig00224	strand=-
815_g                -            461 9601at5794           -            304     4e-05   20.7  12.9   5   5      0.55        75    0.1   0.1   104   150   394   440   384   444 0.79 length=461	scaffold=contig00224	strand=-
331_g                -           1321 9601at5794           -            304   0.00011   19.4   1.2   1   2   2.4e-05    0.0033   14.4   0.4    95   270   157   328   145   345 0.62 length=1321	scaffold=contig00073	strand=-
331_g                -           1321 9601at5794           -            304   0.00011   19.4   1.2   2   2       4.7   6.5e+02   -3.0   0.0   254   275   769   790   751   806 0.72 length=1321	scaffold=contig00073	strand=-
1168_g               -            609 9601at5794           -            304    0.0002   18.5   0.1   1   2   1.4e-06    0.0002   18.5   0.1   126   171    58   103    23   108 0.87 length=609	scaffold=contig00374	strand=-
1168_g               -            609 9601at5794           -            304    0.0002   18.5   0.1   2   2       2.9   3.9e+02   -2.2   0.2   228   271   315   359   309   369 0.75 length=609	scaffold=contig00374	strand=-
3443_g               -            332 9601at5794           -            304   0.00054   17.0   0.2   1   3       0.2        28    1.5   0.4    74   171    63   157    48   164 0.64 length=332	scaffold=contig02040	strand=+
3443_g               -            332 9601at5794           -            304   0.00054   17.0   0.2   2   3   3.9e-06   0.00054   17.0   0.2   233   281   172   220   171   229 0.87 length=332	scaffold=contig02040	strand=+
3443_g               -            332 9601at5794           -            304   0.00054   17.0   0.2   3   3         5   6.9e+02   -3.0   0.0   240   260   285   305   278   319 0.76 length=332	scaffold=contig02040	strand=+
2975_g               -            547 9601at5794           -            304   0.00055   17.0   0.1   1   2     0.098        13    2.6   0.0   196   275   195   280   165   298 0.66 length=547	scaffold=contig01591	strand=+	adjustedToFrame=2
2975_g               -            547 9601at5794           -            304   0.00055   17.0   0.1   2   2   0.00015      0.02   11.8   0.0   210   270   401   467   390   483 0.89 length=547	scaffold=contig01591	strand=+	adjustedToFrame=2
2500_g               -            444 9601at5794           -            304   0.00056   17.0   0.1   1   4     0.031       4.2    4.2   0.0   151   180    77   106    57   205 0.56 length=444	scaffold=contig01189	strand=-
2500_g               -            444 9601at5794           -            304   0.00056   17.0   0.1   2   4    0.0063      0.87    6.5   0.0   132   168   232   268   222   279 0.80 length=444	scaffold=contig01189	strand=-
2500_g               -            444 9601at5794           -            304   0.00056   17.0   0.1   3   4       2.3   3.1e+02   -1.9   0.0    73    89   277   293   263   300 0.82 length=444	scaffold=contig01189	strand=-
2500_g               -            444 9601at5794           -            304   0.00056   17.0   0.1   4   4         4   5.5e+02   -2.7   0.0   136   168   340   372   337   376 0.75 length=444	scaffold=contig01189	strand=-
3040_g               -            778 9601at5794           -            304    0.0035   14.3   3.9   1   4      0.26        35    1.2   0.1    98   137   213   254   180   312 0.58 length=778	scaffold=contig01650	strand=-
3040_g               -            778 9601at5794           -            304    0.0035   14.3   3.9   2   4       4.1   5.7e+02   -2.8   0.0   255   272   331   348   325   351 0.67 length=778	scaffold=contig01650	strand=-
3040_g               -            778 9601at5794           -            304    0.0035   14.3   3.9   3   4   0.00039     0.054   10.5   0.1   133   178   619   664   585   677 0.86 length=778	scaffold=contig01650	strand=-
3040_g               -            778 9601at5794           -            304    0.0035   14.3   3.9   4   4      0.46        63    0.4   0.0   153   173   684   704   670   709 0.72 length=778	scaffold=contig01650	strand=-
966_g                -            601 9601at5794           -            304    0.0052   13.8   0.6   1   3       4.9   6.7e+02   -3.0   0.0    95   139   218   264   213   288 0.66 length=601	scaffold=contig00282	strand=-
966_g                -            601 9601at5794           -            304    0.0052   13.8   0.6   2   3   0.00052     0.071   10.1   0.1   251   296   356   402   345   412 0.63 length=601	scaffold=contig00282	strand=-
966_g                -            601 9601at5794           -            304    0.0052   13.8   0.6   3   3      0.28        39    1.1   0.0   132   163   420   453   413   456 0.76 length=601	scaffold=contig00282	strand=-
#
# Program:         hmmsearch
# Version:         3.1b2 (February 2015)
# Pipeline mode:   SEARCH
# Query file:      /mnt/e/Bioinformatics/Semester2/BINP29/Malaria Project/Genomes/Parsed/busco_downloads/lineages/apicomplexa_odb10/hmms/9601at5794.hmm
# Target file:     /mnt/e/Bioinformatics/Semester2/BINP29/Malaria Project/Genomes/Parsed/Ht_new.faa
# Option settings: hmmsearch --domtblout /mnt/e/Bioinformatics/Semester2/BINP29/Malaria Project/Genomes/Parsed/Ht/run_apicomplexa_odb10/hmmer_output/initial_run_results/9601at5794.out --cpu 1 /mnt/e/Bioinformatics/Semester2/BINP29/Malaria Project/Genomes/Parsed/busco_downloads/lineages/apicomplexa_odb10/hmms/9601at5794.hmm /mnt/e/Bioinformatics/Semester2/BINP29/Malaria Project/Genomes/Parsed/Ht_new.faa 
# Current dir:     /mnt/e/Bioinformatics/Semester2/BINP29/Malaria Project/Genomes/Parsed
# Date:            Wed Mar  1 19:27:10 2023
# [ok]
