#                                                                            --- full sequence --- -------------- this domain -------------   hmm coord   ali coord   env coord
# target name        accession   tlen query name           accession   qlen   E-value  score  bias   #  of  c-Evalue  i-Evalue  score  bias  from    to  from    to  from    to  acc description of target
#------------------- ---------- ----- -------------------- ---------- ----- --------- ------ ----- --- --- --------- --------- ------ ----- ----- ----- ----- ----- ----- ----- ---- ---------------------
3642_g               -           1713 10029at5794          -            574  6.4e-245  812.2  29.4   1   3   2.4e-71   1.6e-68  229.8   8.6     1   217   259   503   259   517 0.87 -
3642_g               -           1713 10029at5794          -            574  6.4e-245  812.2  29.4   2   3   1.3e-49   8.5e-47  158.0   0.0   147   296   986  1158   981  1173 0.84 -
3642_g               -           1713 10029at5794          -            574  6.4e-245  812.2  29.4   3   3  9.8e-132  6.4e-129  429.2   9.8   294   574  1323  1621  1293  1621 0.93 -
1501_g               -            600 10029at5794          -            574   9.9e-20   68.7   5.3   1   4    0.0052       3.4    4.2   0.0   452   479   282   309   269   313 0.82 -
1501_g               -            600 10029at5794          -            574   9.9e-20   68.7   5.3   2   4   4.6e-09     3e-06   24.2   0.0   451   502   315   369   309   376 0.89 -
1501_g               -            600 10029at5794          -            574   9.9e-20   68.7   5.3   3   4   2.2e-11   1.4e-08   31.8   0.3   438   571   369   503   367   505 0.72 -
1501_g               -            600 10029at5794          -            574   9.9e-20   68.7   5.3   4   4   0.00078      0.51    6.9   0.2   453   537   517   596   507   598 0.76 -
136_g                -            401 10029at5794          -            574   4.4e-14   50.0  40.0   1   4   4.4e-06    0.0029   14.3   2.9   471   552    24   110    11   110 0.81 -
136_g                -            401 10029at5794          -            574   4.4e-14   50.0  40.0   2   4   5.7e-11   3.7e-08   30.5  11.6   450   549    71   173    56   176 0.79 -
136_g                -            401 10029at5794          -            574   4.4e-14   50.0  40.0   3   4   5.8e-11   3.8e-08   30.4   6.8   452   542   108   200   106   202 0.87 -
136_g                -            401 10029at5794          -            574   4.4e-14   50.0  40.0   4   4   8.6e-07   0.00056   16.7   5.7   447   515   169   242   166   293 0.71 -
3101_g               -            170 10029at5794          -            574   1.6e-12   44.9   0.0   1   1   2.8e-15   1.8e-12   44.7   0.0   449   571    39   162    20   165 0.85 -
3320_g               -            488 10029at5794          -            574   3.1e-10   37.3   0.3   1   2   4.9e-11   3.2e-08   30.7   0.0   437   568    78   211    66   215 0.78 -
3320_g               -            488 10029at5794          -            574   3.1e-10   37.3   0.3   2   2   1.2e-05    0.0078   12.9   0.0   445   504   153   214   149   265 0.78 -
2716_g               -            372 10029at5794          -            574   3.2e-09   34.0   0.9   1   2      0.13        82   -0.4   0.1   520   572    69   121    41   123 0.84 -
2716_g               -            372 10029at5794          -            574   3.2e-09   34.0   0.9   2   2   1.7e-11   1.1e-08   32.2   0.1   392   486   261   364   249   370 0.86 -
2453_g               -            312 10029at5794          -            574   9.3e-07   25.9   8.1   1   2   1.4e-09   9.3e-07   25.9   8.1   476   571    64   157    30   161 0.88 -
2453_g               -            312 10029at5794          -            574   9.3e-07   25.9   8.1   2   2       0.5   3.2e+02   -2.4   0.3   301   346   252   292   247   302 0.59 -
1387_g               -            173 10029at5794          -            574   6.4e-05   19.8   0.2   1   1   1.2e-07   8.1e-05   19.4   0.2   297   386    48   139    34   143 0.65 -
#
# Program:         hmmsearch
# Version:         3.1b2 (February 2015)
# Pipeline mode:   SEARCH
# Query file:      /mnt/e/Bioinformatics/Semester2/BINP29/Malaria Project/Genomes/Parsed/busco_downloads/lineages/apicomplexa_odb10/hmms/10029at5794.hmm
# Target file:     /mnt/e/Bioinformatics/Semester2/BINP29/Malaria Project/Genomes/Parsed/Pf_new.faa
# Option settings: hmmsearch --domtblout /mnt/e/Bioinformatics/Semester2/BINP29/Malaria Project/Genomes/Parsed/Pf/run_apicomplexa_odb10/hmmer_output/initial_run_results/10029at5794.out --cpu 1 /mnt/e/Bioinformatics/Semester2/BINP29/Malaria Project/Genomes/Parsed/busco_downloads/lineages/apicomplexa_odb10/hmms/10029at5794.hmm /mnt/e/Bioinformatics/Semester2/BINP29/Malaria Project/Genomes/Parsed/Pf_new.faa 
# Current dir:     /mnt/e/Bioinformatics/Semester2/BINP29/Malaria Project/Genomes/Parsed
# Date:            Wed Mar  1 19:28:45 2023
# [ok]
