#                                                                            --- full sequence --- -------------- this domain -------------   hmm coord   ali coord   env coord
# target name        accession   tlen query name           accession   qlen   E-value  score  bias   #  of  c-Evalue  i-Evalue  score  bias  from    to  from    to  from    to  acc description of target
#------------------- ---------- ----- -------------------- ---------- ----- --------- ------ ----- --- --- --------- --------- ------ ----- ----- ----- ----- ----- ----- ----- ---- ---------------------
4698_g               -            606 10090at5794          -            362  2.3e-133  442.8  31.0   1   5     7e-46   7.3e-43  145.1   3.1     1   127     4   143     4   163 0.86 -
4698_g               -            606 10090at5794          -            362  2.3e-133  442.8  31.0   2   5   4.2e-21   4.4e-18   63.6   0.8   120   188   158   236   147   246 0.79 -
4698_g               -            606 10090at5794          -            362  2.3e-133  442.8  31.0   3   5   6.5e-46   6.7e-43  145.2   5.2   170   298   305   448   264   452 0.79 -
4698_g               -            606 10090at5794          -            362  2.3e-133  442.8  31.0   4   5   2.2e-16   2.2e-13   48.1   0.0   295   329   496   530   476   545 0.83 -
4698_g               -            606 10090at5794          -            362  2.3e-133  442.8  31.0   5   5   9.1e-19   9.5e-16   55.9   0.4   325   362   553   590   548   590 0.95 -
2136_g               -            382 10090at5794          -            362   3.5e-16   57.3   7.7   1   5   2.5e-05     0.026   11.7   0.0    11    64    11    65     1    72 0.84 -
2136_g               -            382 10090at5794          -            362   3.5e-16   57.3   7.7   2   5   2.5e-05     0.026   11.7   0.0    11    64    87   141    77   148 0.84 -
2136_g               -            382 10090at5794          -            362   3.5e-16   57.3   7.7   3   5   2.5e-05     0.026   11.7   0.0    11    64   163   217   153   224 0.84 -
2136_g               -            382 10090at5794          -            362   3.5e-16   57.3   7.7   4   5   2.5e-05     0.026   11.7   0.0    11    64   239   293   229   300 0.84 -
2136_g               -            382 10090at5794          -            362   3.5e-16   57.3   7.7   5   5   2.6e-05     0.027   11.6   0.0    11    64   315   369   305   374 0.84 -
5087_g               -            854 10090at5794          -            362   1.3e-14   52.2  16.7   1   4   3.7e-08   3.8e-05   21.0   0.5    85   115   316   344   276   372 0.73 -
5087_g               -            854 10090at5794          -            362   1.3e-14   52.2  16.7   2   4   0.00066      0.69    7.0   0.4   140   190   433   480   407   491 0.76 -
5087_g               -            854 10090at5794          -            362   1.3e-14   52.2  16.7   3   4   0.00012      0.12    9.5   0.3   222   272   590   639   571   651 0.81 -
5087_g               -            854 10090at5794          -            362   1.3e-14   52.2  16.7   4   4   4.3e-09   4.5e-06   24.1   0.3   248   335   743   833   697   850 0.75 -
619_g                -            129 10090at5794          -            362    0.0028   14.9   0.1   1   1   3.3e-06    0.0034   14.6   0.1     9    64     9    65     1    71 0.84 -
2661_g               -            389 10090at5794          -            362     0.078   10.1   2.4   1   2   3.3e-05     0.034   11.3   0.1    10    93    13    96     3   118 0.86 -
2661_g               -            389 10090at5794          -            362     0.078   10.1   2.4   2   2      0.91   9.5e+02   -3.3   0.2   111   155   297   339   277   357 0.53 -
#
# Program:         hmmsearch
# Version:         3.1b2 (February 2015)
# Pipeline mode:   SEARCH
# Query file:      /mnt/e/Bioinformatics/Semester2/BINP29/Malaria Project/Genomes/Parsed/busco_downloads/lineages/apicomplexa_odb10/hmms/10090at5794.hmm
# Target file:     /mnt/e/Bioinformatics/Semester2/BINP29/Malaria Project/Genomes/Parsed/Pf_new.faa
# Option settings: hmmsearch --domtblout /mnt/e/Bioinformatics/Semester2/BINP29/Malaria Project/Genomes/Parsed/Pf/run_apicomplexa_odb10/hmmer_output/initial_run_results/10090at5794.out --cpu 1 /mnt/e/Bioinformatics/Semester2/BINP29/Malaria Project/Genomes/Parsed/busco_downloads/lineages/apicomplexa_odb10/hmms/10090at5794.hmm /mnt/e/Bioinformatics/Semester2/BINP29/Malaria Project/Genomes/Parsed/Pf_new.faa 
# Current dir:     /mnt/e/Bioinformatics/Semester2/BINP29/Malaria Project/Genomes/Parsed
# Date:            Wed Mar  1 19:28:46 2023
# [ok]
