#                                                                            --- full sequence --- -------------- this domain -------------   hmm coord   ali coord   env coord
# target name        accession   tlen query name           accession   qlen   E-value  score  bias   #  of  c-Evalue  i-Evalue  score  bias  from    to  from    to  from    to  acc description of target
#------------------- ---------- ----- -------------------- ---------- ----- --------- ------ ----- --- --- --------- --------- ------ ----- ----- ----- ----- ----- ----- ----- ---- ---------------------
114_g                -            422 10373at5794          -            356  4.6e-213  704.7   4.2   1   2    0.0048       1.1    6.2   0.0     1    27    16    42    16    45 0.85 -
114_g                -            422 10373at5794          -            356  4.6e-213  704.7   4.2   2   2    7e-214  1.6e-211  699.7   1.7    13   354    45   418    39   421 0.94 -
3570_g               -            829 10373at5794          -            356    1e-117  391.1   0.1   1   2   1.3e-63     3e-61  205.4   0.2   100   332   199   437   193   449 0.93 -
3570_g               -            829 10373at5794          -            356    1e-117  391.1   0.1   2   2   7.3e-57   1.6e-54  183.2   0.0    90   324   463   705   446   724 0.92 -
1092_g               -           1400 10373at5794          -            356  8.4e-112  371.7   1.7   1   3       2.8   6.3e+02   -2.9   0.1   220   246   328   354   322   364 0.83 -
1092_g               -           1400 10373at5794          -            356  8.4e-112  371.7   1.7   2   3     3e-61   6.7e-59  197.6   0.1    99   339   689   936   686   948 0.91 -
1092_g               -           1400 10373at5794          -            356  8.4e-112  371.7   1.7   3   3   1.3e-53   2.9e-51  172.5   0.0   101   323  1098  1326  1083  1354 0.93 -
2482_g               -            436 10373at5794          -            356  1.7e-106  354.2   1.8   1   1  1.1e-108  2.5e-106  353.7   1.8    45   343   114   422   103   431 0.93 -
66_g                 -            394 10373at5794          -            356   1.3e-97  324.9   2.1   1   1  7.4e-100   1.7e-97  324.6   2.1    42   349    63   387    35   392 0.89 -
2817_g               -            440 10373at5794          -            356   7.5e-94  312.6   0.2   1   1   4.6e-96     1e-93  312.2   0.2    57   346   136   433   115   438 0.94 -
3080_g               -            449 10373at5794          -            356   2.8e-92  307.4   0.2   1   1   1.7e-94   3.9e-92  306.9   0.2    61   345   147   439   130   445 0.92 -
5084_g               -            393 10373at5794          -            356   8.2e-88  292.7   0.3   1   1   4.6e-90     1e-87  292.4   0.3    61   336    92   375    45   389 0.92 -
1407_g               -           1220 10373at5794          -            356   3.6e-68  228.1   9.9   1   4   3.5e-09     8e-07   26.3   0.3    75   161   392   478   360   494 0.79 -
1407_g               -           1220 10373at5794          -            356   3.6e-68  228.1   9.9   2   4     2e-16   4.6e-14   50.2   0.9   197   334   552   691   523   711 0.80 -
1407_g               -           1220 10373at5794          -            356   3.6e-68  228.1   9.9   3   4   4.7e-47   1.1e-44  150.9   0.0    99   297   827  1024   804  1049 0.91 -
1407_g               -           1220 10373at5794          -            356   3.6e-68  228.1   9.9   4   4     0.028       6.4    3.6   0.1   295   327  1111  1143  1090  1167 0.77 -
2399_g               -            881 10373at5794          -            356   2.3e-56  189.3   0.0   1   1   1.7e-58   3.9e-56  188.6   0.0   104   343   146   395   119   403 0.90 -
809_g                -           1201 10373at5794          -            356   9.3e-55  184.0   0.1   1   2   1.2e-05    0.0026   14.8   0.0   144   255   287   393   252   425 0.73 -
809_g                -           1201 10373at5794          -            356   9.3e-55  184.0   0.1   2   2     7e-52   1.6e-49  166.8   0.1    88   330   657   905   611   922 0.90 -
1879_g               -            707 10373at5794          -            356   1.9e-54  183.0   3.1   1   2   2.2e-56   5.1e-54  181.6   0.7   100   344   247   495   231   501 0.92 -
1879_g               -            707 10373at5794          -            356   1.9e-54  183.0   3.1   2   2      0.15        34    1.3   0.1    28    83   587   641   573   688 0.77 -
2722_g               -           1053 10373at5794          -            356   1.1e-46  157.4   0.1   1   1   8.7e-49     2e-46  156.6   0.1   101   343   463   720   453   728 0.87 -
1816_g               -            420 10373at5794          -            356   6.3e-38  128.6   0.0   1   1   3.9e-40   8.7e-38  128.2   0.0    89   321    96   333    55   348 0.85 -
3735_g               -            784 10373at5794          -            356   1.8e-32  110.7   0.0   1   2   9.9e-33   2.2e-30  103.8   0.0   129   321   274   488   244   518 0.77 -
3735_g               -            784 10373at5794          -            356   1.8e-32  110.7   0.0   2   2     0.015       3.4    4.6   0.0   143   210   570   638   553   676 0.81 -
5033_g               -            667 10373at5794          -            356   1.7e-31  107.5   0.0   1   1   1.2e-33   2.7e-31  106.9   0.0    94   283   377   564   340   612 0.84 -
714_g                -           1468 10373at5794          -            356     4e-23   80.0   0.0   1   2   1.8e-17     4e-15   53.7   0.0   143   253   698   813   686   818 0.88 -
714_g                -           1468 10373at5794          -            356     4e-23   80.0   0.0   2   2   2.1e-08   4.7e-06   23.8   0.0   235   286   911   962   899   979 0.86 -
1058_g               -            664 10373at5794          -            356   1.4e-12   45.3   0.0   1   1     1e-14   2.3e-12   44.6   0.0   142   286   356   500   352   514 0.80 -
2900_g               -            646 10373at5794          -            356   1.4e-10   38.7   0.0   1   1   1.1e-12   2.5e-10   37.9   0.0   126   300   345   537   330   547 0.74 -
3424_g               -            472 10373at5794          -            356   1.7e-07   28.6   0.0   1   2    0.0017      0.38    7.7   0.0   130   173   240   282   223   300 0.81 -
3424_g               -            472 10373at5794          -            356   1.7e-07   28.6   0.0   2   2   7.6e-07   0.00017   18.7   0.0   232   280   357   405   342   419 0.87 -
734_g                -           1213 10373at5794          -            356   6.7e-07   26.6   0.0   1   1   8.1e-09   1.8e-06   25.2   0.0   142   214   981  1054   970  1116 0.84 -
1864_g               -            345 10373at5794          -            356   0.00046   17.3   0.5   1   2   0.00024     0.054   10.5   0.0   131   162    38    67    24    72 0.83 -
1864_g               -            345 10373at5794          -            356   0.00046   17.3   0.5   2   2    0.0098       2.2    5.1   0.1   244   315    96   167    71   189 0.80 -
1345_g               -           1342 10373at5794          -            356   0.00095   16.2   0.0   1   2    0.0006      0.14    9.1   0.0   179   218   594   633   548   643 0.84 -
1345_g               -           1342 10373at5794          -            356   0.00095   16.2   0.0   2   2     0.017       3.9    4.3   0.0   135   180   952  1002   876  1043 0.64 -
#
# Program:         hmmsearch
# Version:         3.1b2 (February 2015)
# Pipeline mode:   SEARCH
# Query file:      /mnt/e/Bioinformatics/Semester2/BINP29/Malaria Project/Genomes/Parsed/busco_downloads/lineages/apicomplexa_odb10/hmms/10373at5794.hmm
# Target file:     /mnt/e/Bioinformatics/Semester2/BINP29/Malaria Project/Genomes/Parsed/Pf_new.faa
# Option settings: hmmsearch --domtblout /mnt/e/Bioinformatics/Semester2/BINP29/Malaria Project/Genomes/Parsed/Pf/run_apicomplexa_odb10/hmmer_output/initial_run_results/10373at5794.out --cpu 1 /mnt/e/Bioinformatics/Semester2/BINP29/Malaria Project/Genomes/Parsed/busco_downloads/lineages/apicomplexa_odb10/hmms/10373at5794.hmm /mnt/e/Bioinformatics/Semester2/BINP29/Malaria Project/Genomes/Parsed/Pf_new.faa 
# Current dir:     /mnt/e/Bioinformatics/Semester2/BINP29/Malaria Project/Genomes/Parsed
# Date:            Wed Mar  1 19:28:46 2023
# [ok]
