#                                                                            --- full sequence --- -------------- this domain -------------   hmm coord   ali coord   env coord
# target name        accession   tlen query name           accession   qlen   E-value  score  bias   #  of  c-Evalue  i-Evalue  score  bias  from    to  from    to  from    to  acc description of target
#------------------- ---------- ----- -------------------- ---------- ----- --------- ------ ----- --- --- --------- --------- ------ ----- ----- ----- ----- ----- ----- ----- ---- ---------------------
4836_g               -            475 10985at5794          -            350  2.9e-200  662.9  10.9   1   2   2.7e-37     4e-35  119.8   0.0     9    73    51   118    47   142 0.89 -
4836_g               -            475 10985at5794          -            350  2.9e-200  662.9  10.9   2   2  1.3e-165  1.9e-163  541.8   8.6    71   350   142   450   139   450 0.93 -
3901_g               -            434 10985at5794          -            350   1.2e-69  233.3   0.7   1   1   1.2e-71   1.7e-69  232.8   0.7    12   350    59   428    47   428 0.87 -
1914_g               -            399 10985at5794          -            350   1.9e-64  216.2   1.6   1   1   1.8e-66   2.7e-64  215.7   1.6    15   348    25   393    14   395 0.83 -
5165_g               -            391 10985at5794          -            350   2.9e-59  199.1   3.2   1   1     3e-61   4.5e-59  198.5   3.2    23   349    27   386    11   387 0.82 -
4914_g               -            563 10985at5794          -            350   5.4e-50  168.6   3.6   1   1   6.3e-52   9.4e-50  167.9   3.6    11   329   154   502   143   523 0.84 -
4520_g               -           1491 10985at5794          -            350   3.8e-44  149.4   2.8   1   1   6.2e-46   9.2e-44  148.2   2.8    24   343   737  1094   729  1101 0.81 -
4615_g               -           1124 10985at5794          -            350   8.6e-44  148.2   0.0   1   1   1.6e-43   2.4e-41  140.2   0.0    20   329   705  1075   699  1084 0.73 -
1708_g               -            528 10985at5794          -            350   2.3e-43  146.9   0.0   1   1   2.5e-45   3.8e-43  146.1   0.0    10   329   115   468   111   480 0.82 -
2278_g               -            743 10985at5794          -            350     6e-42  142.2   2.7   1   2   8.5e-06    0.0013   16.1   0.0    15    73   290   350   277   370 0.82 -
2278_g               -            743 10985at5794          -            350     6e-42  142.2   2.7   2   2   1.4e-38   2.1e-36  124.0   2.1    77   326   432   705   428   720 0.85 -
312_g                -            491 10985at5794          -            350   9.9e-38  128.3   5.7   1   1   1.3e-39   1.9e-37  127.4   5.7    14   330    76   427    61   441 0.77 -
1829_g               -            742 10985at5794          -            350   5.2e-37  125.9   5.9   1   1   2.4e-37   3.6e-35  119.9   5.9    24   342   339   722   325   728 0.73 -
3680_g               -            601 10985at5794          -            350   7.5e-37  125.4   2.8   1   1   8.3e-39   1.2e-36  124.7   2.8    25   328   162   498   156   516 0.79 -
2508_g               -            701 10985at5794          -            350   7.7e-36  122.1  10.5   1   3   5.6e-09   8.4e-07   26.6   0.0    24    83    96   155    78   164 0.86 -
2508_g               -            701 10985at5794          -            350   7.7e-36  122.1  10.5   2   3   1.1e-08   1.6e-06   25.6   0.7    75   185   166   296   157   305 0.70 -
2508_g               -            701 10985at5794          -            350   7.7e-36  122.1  10.5   3   3   6.1e-23   9.1e-21   72.5   2.3   188   329   343   489   323   500 0.82 -
4703_g               -            666 10985at5794          -            350   7.9e-36  122.1   1.3   1   1   1.5e-37   2.3e-35  120.5   1.3    25   330   232   577   215   591 0.81 -
4480_g               -            756 10985at5794          -            350   1.3e-33  114.8   0.3   1   2     0.046       6.9    3.9   0.0    29    73   162   206   154   216 0.87 -
4480_g               -            756 10985at5794          -            350   1.3e-33  114.8   0.3   2   2   9.6e-34   1.4e-31  108.1   0.4    76   334   261   544   258   563 0.83 -
773_g                -            942 10985at5794          -            350     1e-32  111.8   4.7   1   2     0.023       3.4    4.8   0.0    25    73   377   425   360   443 0.89 -
773_g                -            942 10985at5794          -            350     1e-32  111.8   4.7   2   2   3.3e-31   4.9e-29   99.7   5.4    73   347   452   769   439   772 0.78 -
3299_g               -            918 10985at5794          -            350   2.3e-30  104.1   7.2   1   1   2.2e-31   3.3e-29  100.3   7.2    29   329   545   890   533   898 0.78 -
1462_g               -            997 10985at5794          -            350   4.2e-26   90.1  10.3   1   1   6.9e-28     1e-25   88.8  10.3    10   333   120   486   112   499 0.77 -
745_g                -           1322 10985at5794          -            350   1.4e-24   85.1  14.0   1   4      0.23        34    1.6   0.1     6    88    42   133    38   157 0.68 -
745_g                -           1322 10985at5794          -            350   1.4e-24   85.1  14.0   2   4      0.06       8.9    3.5   0.1   107   127   248   268   240   288 0.71 -
745_g                -           1322 10985at5794          -            350   1.4e-24   85.1  14.0   3   4    0.0021      0.31    8.3   0.5   123   186   294   357   288   372 0.85 -
745_g                -           1322 10985at5794          -            350   1.4e-24   85.1  14.0   4   4   2.1e-24   3.1e-22   77.3   1.1   209   326   704   824   689   843 0.90 -
4646_g               -            842 10985at5794          -            350   7.1e-23   79.5  10.3   1   3   4.7e-07     7e-05   20.3   0.0    24    73    16    65     2   120 0.85 -
4646_g               -            842 10985at5794          -            350   7.1e-23   79.5  10.3   2   3   0.00017     0.025   11.9   2.1    73   189   344   484   339   530 0.69 -
4646_g               -            842 10985at5794          -            350   7.1e-23   79.5  10.3   3   3   8.9e-16   1.3e-13   49.0   1.4   236   334   620   718   547   722 0.89 -
926_g                -           1290 10985at5794          -            350     1e-22   78.9   8.3   1   1   1.6e-24   2.3e-22   77.8   8.3    15   329   161   514   152   523 0.78 -
74_g                 -            631 10985at5794          -            350   3.3e-22   77.3   8.5   1   1   4.4e-24   6.6e-22   76.3   8.5    17   329   157   514   145   532 0.76 -
3207_g               -            681 10985at5794          -            350   1.3e-21   75.2  14.8   1   3   2.5e-05    0.0037   14.6   0.0    26    85   198   257   190   273 0.87 -
3207_g               -            681 10985at5794          -            350   1.3e-21   75.2  14.8   2   3      0.38        57    0.8   0.3   208   234   278   304   272   321 0.85 -
3207_g               -            681 10985at5794          -            350   1.3e-21   75.2  14.8   3   3   3.1e-19   4.7e-17   60.3   9.7   128   329   381   591   299   610 0.79 -
1701_g               -            797 10985at5794          -            350   2.4e-21   74.5  14.8   1   3   1.5e-10   2.2e-08   31.8   6.2    29   173   255   446   230   516 0.72 -
1701_g               -            797 10985at5794          -            350   2.4e-21   74.5  14.8   2   3     0.056       8.3    3.6   0.2   213   256   535   576   523   593 0.75 -
1701_g               -            797 10985at5794          -            350   2.4e-21   74.5  14.8   3   3     3e-13   4.4e-11   40.7   0.1   247   329   594   677   582   697 0.86 -
3909_g               -            736 10985at5794          -            350   6.3e-21   73.0  13.8   1   2     0.004       0.6    7.4   0.0    36    75   280   319   263   348 0.86 -
3909_g               -            736 10985at5794          -            350   6.3e-21   73.0  13.8   2   2   8.4e-21   1.2e-18   65.5  11.5    76   329   353   629   346   648 0.67 -
2417_g               -            879 10985at5794          -            350   7.8e-21   72.7   6.8   1   2   2.3e-11   3.4e-09   34.4   5.7    17   187   119   325   101   337 0.72 -
2417_g               -            879 10985at5794          -            350   7.8e-21   72.7   6.8   2   2   8.1e-12   1.2e-09   35.9   0.0   280   327   591   638   571   662 0.90 -
1180_g               -            919 10985at5794          -            350   5.9e-18   63.3   4.4   1   2   6.9e-05      0.01   13.2   0.7    30   163   212   377   180   399 0.68 -
1180_g               -            919 10985at5794          -            350   5.9e-18   63.3   4.4   2   2     3e-16   4.5e-14   50.5   0.2   245   337   687   780   640   793 0.81 -
4478_g               -            491 10985at5794          -            350   4.8e-17   60.3  10.7   1   1   4.9e-19   7.3e-17   59.7  10.7    48   321   130   442    94   460 0.73 -
1464_g               -           1023 10985at5794          -            350   2.4e-16   58.0  16.8   1   4   1.1e-05    0.0016   15.8   0.0    32    74    31    73    11   193 0.89 -
1464_g               -           1023 10985at5794          -            350   2.4e-16   58.0  16.8   2   4      0.37        56    0.9   0.1    73   100   274   301   268   319 0.84 -
1464_g               -           1023 10985at5794          -            350   2.4e-16   58.0  16.8   3   4   0.00024     0.036   11.4   1.4    95   150   335   399   329   568 0.71 -
1464_g               -           1023 10985at5794          -            350   2.4e-16   58.0  16.8   4   4     2e-11     3e-09   34.6   3.1   245   330   605   706   571   726 0.71 -
2600_g               -           1314 10985at5794          -            350   5.6e-16   56.8   0.5   1   2      0.31        46    1.2   0.0    34    72   190   228   161   235 0.75 -
2600_g               -           1314 10985at5794          -            350   5.6e-16   56.8   0.5   2   2   1.5e-16   2.2e-14   51.5   1.2   212   316   913  1020   905  1042 0.91 -
2045_g               -            864 10985at5794          -            350   1.1e-13   49.3   2.6   1   3      0.82   1.2e+02   -0.3   0.0    49    74   198   223   188   230 0.90 -
2045_g               -            864 10985at5794          -            350   1.1e-13   49.3   2.6   2   3       2.1   3.2e+02   -1.6   0.8   171   227   327   385   286   413 0.61 -
2045_g               -            864 10985at5794          -            350   1.1e-13   49.3   2.6   3   3   7.1e-16   1.1e-13   49.3   2.6   186   328   506   651   442   672 0.74 -
5005_g               -            568 10985at5794          -            350   9.6e-12   42.8   5.3   1   3   0.00022     0.033   11.5   0.1    44   104   153   218   149   225 0.79 -
5005_g               -            568 10985at5794          -            350   9.6e-12   42.8   5.3   2   3       3.2   4.8e+02   -2.2   0.1   241   280   283   325   263   339 0.59 -
5005_g               -            568 10985at5794          -            350   9.6e-12   42.8   5.3   3   3   8.4e-11   1.3e-08   32.6   0.4   256   330   424   499   403   517 0.82 -
4115_g               -            729 10985at5794          -            350   1.5e-11   42.2   0.2   1   1   1.9e-13   2.8e-11   41.3   0.2   203   330   291   422   283   438 0.79 -
1553_g               -           2831 10985at5794          -            350   1.6e-11   42.1   2.6   1   2   1.1e-13   1.6e-11   42.1   2.6   204   331  1653  1784  1427  1794 0.88 -
1553_g               -           2831 10985at5794          -            350   1.6e-11   42.1   2.6   2   2      0.91   1.4e+02   -0.4   0.2   135   209  1871  1946  1856  2021 0.69 -
1048_g               -           1133 10985at5794          -            350   1.6e-08   32.2   4.9   1   2      0.75   1.1e+02   -0.1   0.1   125   224   767   817   724   828 0.51 -
1048_g               -           1133 10985at5794          -            350   1.6e-08   32.2   4.9   2   2   1.1e-09   1.6e-07   28.9   5.3   228   310   847   931   752   970 0.82 -
#
# Program:         hmmsearch
# Version:         3.1b2 (February 2015)
# Pipeline mode:   SEARCH
# Query file:      /mnt/e/Bioinformatics/Semester2/BINP29/Malaria Project/Genomes/Parsed/busco_downloads/lineages/apicomplexa_odb10/hmms/10985at5794.hmm
# Target file:     /mnt/e/Bioinformatics/Semester2/BINP29/Malaria Project/Genomes/Parsed/Pf_new.faa
# Option settings: hmmsearch --domtblout /mnt/e/Bioinformatics/Semester2/BINP29/Malaria Project/Genomes/Parsed/Pf/run_apicomplexa_odb10/hmmer_output/initial_run_results/10985at5794.out --cpu 1 /mnt/e/Bioinformatics/Semester2/BINP29/Malaria Project/Genomes/Parsed/busco_downloads/lineages/apicomplexa_odb10/hmms/10985at5794.hmm /mnt/e/Bioinformatics/Semester2/BINP29/Malaria Project/Genomes/Parsed/Pf_new.faa 
# Current dir:     /mnt/e/Bioinformatics/Semester2/BINP29/Malaria Project/Genomes/Parsed
# Date:            Wed Mar  1 19:28:47 2023
# [ok]
