#                                                                            --- full sequence --- -------------- this domain -------------   hmm coord   ali coord   env coord
# target name        accession   tlen query name           accession   qlen   E-value  score  bias   #  of  c-Evalue  i-Evalue  score  bias  from    to  from    to  from    to  acc description of target
#------------------- ---------- ----- -------------------- ---------- ----- --------- ------ ----- --- --- --------- --------- ------ ----- ----- ----- ----- ----- ----- ----- ---- ---------------------
3901_g               -            434 11003at5794          -            359    8e-227  750.6   1.1   1   1  6.1e-229  9.3e-227  750.4   1.1     1   359    50   428    50   428 0.97 -
1914_g               -            399 11003at5794          -            359   5.7e-90  300.4   0.8   1   1   4.6e-92     7e-90  300.1   0.8    11   358    23   394    13   395 0.91 -
5165_g               -            391 11003at5794          -            359   2.6e-82  275.2   1.7   1   1   2.1e-84   3.2e-82  274.9   1.7    11   358    17   386     8   387 0.91 -
4836_g               -            475 11003at5794          -            359   4.5e-78  261.3   4.3   1   2   9.3e-20   1.4e-17   62.3   0.0    11    74    55   118    48   126 0.94 -
4836_g               -            475 11003at5794          -            359   4.5e-78  261.3   4.3   2   2     6e-61   9.2e-59  197.8   3.5    74   359   145   450   141   450 0.89 -
4914_g               -            563 11003at5794          -            359   2.9e-55  186.3   6.3   1   1   1.9e-57   2.9e-55  186.3   6.3     8   353   153   519   144   524 0.90 -
1829_g               -            742 11003at5794          -            359     2e-52  177.0   8.2   1   1   6.9e-53   1.1e-50  171.3   8.2    11   351   325   722   319   728 0.79 -
1708_g               -            528 11003at5794          -            359   3.3e-52  176.2   0.0   1   1   3.2e-54     5e-52  175.6   0.0    28   342   130   473   118   491 0.81 -
4615_g               -           1124 11003at5794          -            359   6.1e-51  172.0   0.0   1   2   4.5e-21   6.8e-19   66.6   0.0    13   156   700   870   696   881 0.75 -
4615_g               -           1124 11003at5794          -            359   6.1e-51  172.0   0.0   2   2   5.2e-32     8e-30  102.6   0.0   168   352   907  1091   894  1098 0.92 -
4703_g               -            666 11003at5794          -            359   1.1e-49  167.9   1.2   1   1   1.6e-51   2.4e-49  166.8   1.2    11   340   217   580   210   598 0.85 -
2278_g               -            743 11003at5794          -            359   9.9e-49  164.8   1.8   1   2   4.5e-09   6.9e-07   27.1   0.0    11    73   288   349   279   365 0.85 -
2278_g               -            743 11003at5794          -            359   9.9e-49  164.8   1.8   2   2     3e-42   4.5e-40  136.3   0.9    74   335   429   707   423   731 0.85 -
3680_g               -            601 11003at5794          -            359   1.4e-48  164.3   3.9   1   1   1.4e-50   2.1e-48  163.7   3.9    12   329   148   492   144   511 0.86 -
3299_g               -            918 11003at5794          -            359   1.3e-47  161.0   2.5   1   2   9.3e-08   1.4e-05   22.8   0.0    20    74   535   589   527   600 0.91 -
3299_g               -            918 11003at5794          -            359   1.3e-47  161.0   2.5   2   2   3.2e-42   4.8e-40  136.2   2.2    75   356   610   910   603   912 0.86 -
4480_g               -            756 11003at5794          -            359   7.3e-46  155.4   1.1   1   2   4.5e-07   6.9e-05   20.6   0.0    28    74   160   206   137   211 0.89 -
4480_g               -            756 11003at5794          -            359   7.3e-46  155.4   1.1   2   2   3.2e-41   4.9e-39  132.9   0.4    76   351   261   555   256   565 0.84 -
312_g                -            491 11003at5794          -            359   1.6e-45  154.3   4.0   1   1   1.3e-47   2.1e-45  153.9   4.0    33   353    92   443    66   448 0.82 -
4520_g               -           1491 11003at5794          -            359   1.7e-45  154.1   4.8   1   1   2.6e-47     4e-45  152.9   4.8    22   359   734  1101   722  1101 0.86 -
2508_g               -            701 11003at5794          -            359   3.1e-45  153.3   9.5   1   3   2.7e-15   4.2e-13   47.6   0.0    14    86    85   157    79   165 0.89 -
2508_g               -            701 11003at5794          -            359   3.1e-45  153.3   9.5   2   3   3.7e-16   5.7e-14   50.4   0.2    74   189   165   294   161   320 0.77 -
2508_g               -            701 11003at5794          -            359   3.1e-45  153.3   9.5   3   3   2.2e-18   3.3e-16   57.8   2.9   206   348   359   501   343   512 0.94 -
773_g                -            942 11003at5794          -            359   8.3e-44  148.6   3.4   1   3   4.4e-07   6.7e-05   20.6   0.0    18    72   369   423   353   430 0.85 -
773_g                -            942 11003at5794          -            359   8.3e-44  148.6   3.4   2   3   3.1e-09   4.8e-07   27.7   0.0    75   157   454   548   437   556 0.81 -
773_g                -            942 11003at5794          -            359   8.3e-44  148.6   3.4   3   3   1.7e-30   2.6e-28   97.6   2.3   164   342   580   758   564   773 0.89 -
1462_g               -            997 11003at5794          -            359   1.2e-39  134.9  10.2   1   1   1.8e-41   2.7e-39  133.7  10.2    11   341   123   488   116   503 0.77 -
74_g                 -            631 11003at5794          -            359   8.8e-31  105.7   8.8   1   1   9.2e-33   1.4e-30  105.1   8.8    20   343   162   521   155   533 0.77 -
3909_g               -            736 11003at5794          -            359   1.1e-29  102.2  10.4   1   2   1.3e-06    0.0002   19.1   0.0    18    72   261   315   257   327 0.91 -
3909_g               -            736 11003at5794          -            359   1.1e-29  102.2  10.4   2   2   1.4e-25   2.2e-23   81.4   9.8    74   357   351   650   348   652 0.85 -
926_g                -           1290 11003at5794          -            359   2.8e-29  100.8  10.5   1   1   3.1e-31   4.7e-29  100.1  10.5    12   348   160   526   150   535 0.78 -
3207_g               -            681 11003at5794          -            359   2.6e-27   94.3  14.0   1   2   1.7e-07   2.6e-05   21.9   0.0    15    78   182   249   168   257 0.79 -
3207_g               -            681 11003at5794          -            359   2.6e-27   94.3  14.0   2   2   4.7e-22   7.2e-20   69.8  11.7   129   347   377   602   294   614 0.76 -
4646_g               -            842 11003at5794          -            359   1.1e-25   89.0   2.6   1   3   1.3e-09     2e-07   28.9   0.0    12    77     3    68     1    73 0.92 -
4646_g               -            842 11003at5794          -            359   1.1e-25   89.0   2.6   2   3    0.0028      0.43    8.1   0.1    72   180   343   471   337   480 0.57 -
4646_g               -            842 11003at5794          -            359   1.1e-25   89.0   2.6   3   3     9e-16   1.4e-13   49.2   0.6   247   337   624   714   524   724 0.88 -
745_g                -           1322 11003at5794          -            359   5.5e-24   83.4  20.6   1   6      0.17        27    2.2   0.1    48    75    92   119    43   146 0.74 -
745_g                -           1322 11003at5794          -            359   5.5e-24   83.4  20.6   2   6      0.47        73    0.7   0.0    75    98   170   193   166   195 0.89 -
745_g                -           1322 11003at5794          -            359   5.5e-24   83.4  20.6   3   6     0.048       7.3    4.0   0.0    97   152   229   289   222   293 0.72 -
745_g                -           1322 11003at5794          -            359   5.5e-24   83.4  20.6   4   6     0.014       2.2    5.7   0.1   135   184   301   353   290   367 0.74 -
745_g                -           1322 11003at5794          -            359   5.5e-24   83.4  20.6   5   6   7.6e-24   1.2e-21   75.7   3.9   213   349   704   840   696   845 0.94 -
745_g                -           1322 11003at5794          -            359   5.5e-24   83.4  20.6   6   6      0.56        86    0.5   0.9   190   228  1277  1315  1259  1317 0.84 -
1180_g               -            919 11003at5794          -            359   5.9e-22   76.7  13.7   1   3   6.3e-14   9.7e-12   43.1   3.1    15   157   196   367   189   454 0.71 -
1180_g               -            919 11003at5794          -            359   5.9e-22   76.7  13.7   2   3       7.2   1.1e+03   -3.1   0.2   203   242   542   583   537   592 0.65 -
1180_g               -            919 11003at5794          -            359   5.9e-22   76.7  13.7   3   3   6.1e-13   9.3e-11   39.9   0.2   255   340   690   775   678   791 0.85 -
2417_g               -            879 11003at5794          -            359   1.5e-21   75.3   4.4   1   4   3.1e-15   4.8e-13   47.4   1.9    12   188   112   320   105   329 0.77 -
2417_g               -            879 11003at5794          -            359   1.5e-21   75.3   4.4   2   4       2.9   4.5e+02   -1.9   0.9   202   276   375   450   369   460 0.71 -
2417_g               -            879 11003at5794          -            359   1.5e-21   75.3   4.4   3   4   3.6e-12   5.6e-10   37.3   0.0   287   344   591   651   584   670 0.80 -
2417_g               -            879 11003at5794          -            359   1.5e-21   75.3   4.4   4   4        10   1.5e+03   -3.6   0.3   196   232   699   736   673   757 0.62 -
1701_g               -            797 11003at5794          -            359   9.6e-21   72.7  11.8   1   2   1.3e-14   1.9e-12   45.4   2.8    16   179   241   449   229   467 0.72 -
1701_g               -            797 11003at5794          -            359   9.6e-21   72.7  11.8   2   2   3.3e-09   5.1e-07   27.6   1.8   253   352   593   693   539   698 0.76 -
2600_g               -           1314 11003at5794          -            359     7e-17   60.0   3.5   1   2   0.00044     0.067   10.7   0.0    12    73   167   228   158   234 0.90 -
2600_g               -           1314 11003at5794          -            359     7e-17   60.0   3.5   2   2   2.1e-15   3.2e-13   48.0   2.2   221   322   918  1019   909  1050 0.94 -
2045_g               -            864 11003at5794          -            359   1.2e-15   55.9   3.7   1   4     0.023       3.5    5.1   0.0    48    73   196   221   188   243 0.87 -
2045_g               -            864 11003at5794          -            359   1.2e-15   55.9   3.7   2   4         2     3e+02   -1.3   0.1   132   159   328   355   314   424 0.82 -
2045_g               -            864 11003at5794          -            359   1.2e-15   55.9   3.7   3   4       1.2   1.8e+02   -0.5   0.0   130   162   498   529   494   537 0.81 -
2045_g               -            864 11003at5794          -            359   1.2e-15   55.9   3.7   4   4   1.1e-15   1.6e-13   48.9   0.1   227   345   544   661   526   672 0.90 -
4478_g               -            491 11003at5794          -            359     6e-15   53.7  11.2   1   1   6.3e-17   9.7e-15   53.0  11.2    13   327    90   441    84   468 0.68 -
1464_g               -           1023 11003at5794          -            359   1.4e-14   52.4  16.4   1   4   1.6e-06   0.00025   18.7   0.0    10    72     8    70     3    89 0.91 -
1464_g               -           1023 11003at5794          -            359   1.4e-14   52.4  16.4   2   4     0.023       3.5    5.1   0.1    70    94   271   295   249   305 0.86 -
1464_g               -           1023 11003at5794          -            359   1.4e-14   52.4  16.4   3   4       1.2   1.9e+02   -0.6   4.5    98   158   324   402   305   613 0.63 -
1464_g               -           1023 11003at5794          -            359   1.4e-14   52.4  16.4   4   4   2.7e-11   4.1e-09   34.4   0.5   278   346   648   715   611   726 0.86 -
4115_g               -            729 11003at5794          -            359   2.2e-12   45.2   2.4   1   2       5.5   8.5e+02   -2.8   0.0    78   117    52    93    43   127 0.68 -
4115_g               -            729 11003at5794          -            359   2.2e-12   45.2   2.4   2   2   1.4e-14   2.2e-12   45.2   2.4   199   343   284   429   264   445 0.88 -
5005_g               -            568 11003at5794          -            359   6.8e-11   40.3   9.7   1   1   2.5e-12   3.8e-10   37.9   9.6    51   338   159   500   152   517 0.64 -
1048_g               -           1133 11003at5794          -            359   6.5e-10   37.1   3.2   1   3    0.0061      0.93    7.0   0.0    11    49    71   109    64   123 0.88 -
1048_g               -           1133 11003at5794          -            359   6.5e-10   37.1   3.2   2   3       4.6     7e+02   -2.5   0.3   196   226   261   291   240   349 0.69 -
1048_g               -           1133 11003at5794          -            359   6.5e-10   37.1   3.2   3   3   4.3e-12   6.5e-10   37.1   3.2   230   315   845   929   837   966 0.91 -
#
# Program:         hmmsearch
# Version:         3.1b2 (February 2015)
# Pipeline mode:   SEARCH
# Query file:      /mnt/e/Bioinformatics/Semester2/BINP29/Malaria Project/Genomes/Parsed/busco_downloads/lineages/apicomplexa_odb10/hmms/11003at5794.hmm
# Target file:     /mnt/e/Bioinformatics/Semester2/BINP29/Malaria Project/Genomes/Parsed/Pf_new.faa
# Option settings: hmmsearch --domtblout /mnt/e/Bioinformatics/Semester2/BINP29/Malaria Project/Genomes/Parsed/Pf/run_apicomplexa_odb10/hmmer_output/initial_run_results/11003at5794.out --cpu 1 /mnt/e/Bioinformatics/Semester2/BINP29/Malaria Project/Genomes/Parsed/busco_downloads/lineages/apicomplexa_odb10/hmms/11003at5794.hmm /mnt/e/Bioinformatics/Semester2/BINP29/Malaria Project/Genomes/Parsed/Pf_new.faa 
# Current dir:     /mnt/e/Bioinformatics/Semester2/BINP29/Malaria Project/Genomes/Parsed
# Date:            Wed Mar  1 19:28:47 2023
# [ok]
