#                                                                            --- full sequence --- -------------- this domain -------------   hmm coord   ali coord   env coord
# target name        accession   tlen query name           accession   qlen   E-value  score  bias   #  of  c-Evalue  i-Evalue  score  bias  from    to  from    to  from    to  acc description of target
#------------------- ---------- ----- -------------------- ---------- ----- --------- ------ ----- --- --- --------- --------- ------ ----- ----- ----- ----- ----- ----- ----- ---- ---------------------
585_g                -            484 11057at5794          -            390  9.6e-207  684.7  16.9   1   1  1.1e-207  3.6e-205  679.5  16.9     1   390     5   452     5   452 0.91 -
2595_g               -            476 11057at5794          -            390     8e-91  303.1   9.9   1   1   4.6e-89   1.5e-86  289.0   9.9     6   386    14   474     9   475 0.77 -
765_g                -            521 11057at5794          -            390   9.6e-90  299.5  15.7   1   2   0.00093       0.3    8.1   0.0     8    28    10    29     4    35 0.80 -
765_g                -            521 11057at5794          -            390   9.6e-90  299.5  15.7   2   2   1.3e-88   4.3e-86  287.5  13.7    25   387   107   520   101   520 0.84 -
3570_g               -            829 11057at5794          -            390   1.2e-08   32.6   0.0   1   2   3.7e-07   0.00012   19.4   0.0    52   104   242   294   235   354 0.80 -
3570_g               -            829 11057at5794          -            390   1.2e-08   32.6   0.0   2   2    0.0002     0.064   10.4   0.0    51    98   514   560   505   572 0.85 -
1092_g               -           1400 11057at5794          -            390   4.5e-07   27.4   0.0   1   2   8.6e-06    0.0028   14.8   0.0    50   104   730   784   721   807 0.79 -
1092_g               -           1400 11057at5794          -            390   4.5e-07   27.4   0.0   2   2   0.00034      0.11    9.6   0.0    52    98  1139  1184  1133  1195 0.86 -
1879_g               -            707 11057at5794          -            390   5.8e-06   23.7   0.7   1   2   3.5e-07   0.00011   19.4   0.0    52    90   288   325   278   374 0.86 -
1879_g               -            707 11057at5794          -            390   5.8e-06   23.7   0.7   2   2     0.058        19    2.3   0.2   224   272   613   663   582   698 0.71 -
1407_g               -           1220 11057at5794          -            390   4.6e-05   20.7   0.0   1   2    0.0014      0.46    7.5   0.0    52    76   459   483   453   508 0.82 -
1407_g               -           1220 11057at5794          -            390   4.6e-05   20.7   0.0   2   2   0.00021      0.07   10.3   0.0    51    98   869   915   863   944 0.85 -
714_g                -           1468 11057at5794          -            390   0.00013   19.3   0.0   1   1   7.1e-07   0.00023   18.4   0.0    42    93   687   737   670   773 0.86 -
2482_g               -            436 11057at5794          -            390    0.0002   18.6   0.0   1   1   1.2e-06   0.00038   17.7   0.0    52   144   214   308   204   326 0.71 -
3735_g               -            784 11057at5794          -            390   0.00032   17.9   0.0   1   2   0.00033      0.11    9.6   0.0    52   104   288   340   266   398 0.83 -
3735_g               -            784 11057at5794          -            390   0.00032   17.9   0.0   2   2    0.0051       1.6    5.7   0.0    50    81   567   597   547   616 0.76 -
5033_g               -            667 11057at5794          -            390   0.00051   17.3   0.0   1   1   2.7e-06   0.00087   16.5   0.0    50   108   422   479   386   484 0.88 -
1816_g               -            420 11057at5794          -            390    0.0022   15.2   0.0   1   1   1.3e-05    0.0041   14.3   0.0    51    97   147   192   138   221 0.85 -
2722_g               -           1053 11057at5794          -            390    0.0032   14.6   0.0   1   1     2e-05    0.0064   13.7   0.0    52    89   503   539   488   573 0.84 -
2383_g               -            229 11057at5794          -            390     0.009   13.2   0.2   1   1   4.1e-05     0.013   12.6   0.2   100   140    22    62    11    77 0.85 -
114_g                -            422 11057at5794          -            390      0.02   12.0   0.0   1   1   0.00011     0.036   11.2   0.0    52    90   197   234   187   294 0.81 -
3080_g               -            449 11057at5794          -            390     0.032   11.3   0.0   1   1   0.00017     0.056   10.6   0.0    52    89   228   264   220   280 0.87 -
#
# Program:         hmmsearch
# Version:         3.1b2 (February 2015)
# Pipeline mode:   SEARCH
# Query file:      /mnt/e/Bioinformatics/Semester2/BINP29/Malaria Project/Genomes/Parsed/busco_downloads/lineages/apicomplexa_odb10/hmms/11057at5794.hmm
# Target file:     /mnt/e/Bioinformatics/Semester2/BINP29/Malaria Project/Genomes/Parsed/Pf_new.faa
# Option settings: hmmsearch --domtblout /mnt/e/Bioinformatics/Semester2/BINP29/Malaria Project/Genomes/Parsed/Pf/run_apicomplexa_odb10/hmmer_output/initial_run_results/11057at5794.out --cpu 1 /mnt/e/Bioinformatics/Semester2/BINP29/Malaria Project/Genomes/Parsed/busco_downloads/lineages/apicomplexa_odb10/hmms/11057at5794.hmm /mnt/e/Bioinformatics/Semester2/BINP29/Malaria Project/Genomes/Parsed/Pf_new.faa 
# Current dir:     /mnt/e/Bioinformatics/Semester2/BINP29/Malaria Project/Genomes/Parsed
# Date:            Wed Mar  1 19:28:47 2023
# [ok]
