#                                                                            --- full sequence --- -------------- this domain -------------   hmm coord   ali coord   env coord
# target name        accession   tlen query name           accession   qlen   E-value  score  bias   #  of  c-Evalue  i-Evalue  score  bias  from    to  from    to  from    to  acc description of target
#------------------- ---------- ----- -------------------- ---------- ----- --------- ------ ----- --- --- --------- --------- ------ ----- ----- ----- ----- ----- ----- ----- ---- ---------------------
2853_g               -            424 11259at5794          -            280   7.6e-90  299.3  14.9   1   2     9e-23   5.8e-20   70.0   1.5    12    86    46   134    35   149 0.82 -
2853_g               -            424 11259at5794          -            280   7.6e-90  299.3  14.9   2   2   1.3e-71   8.5e-69  230.2   6.1    85   279   159   397   147   398 0.82 -
935_g                -            484 11259at5794          -            280   7.3e-35  118.9   2.1   1   3   9.3e-23   6.1e-20   69.9   0.0    92   184    33   130    19   137 0.86 -
935_g                -            484 11259at5794          -            280   7.3e-35  118.9   2.1   2   3      0.52   3.4e+02   -1.4   0.5    10    56   151   200   143   224 0.66 -
935_g                -            484 11259at5794          -            280   7.3e-35  118.9   2.1   3   3   7.4e-16   4.8e-13   47.3   0.0    95   189   359   461   322   467 0.85 -
493_g                -            596 11259at5794          -            280   1.4e-21   75.3   4.5   1   1   5.5e-24   3.6e-21   73.9   4.5    56   168   378   500   348   524 0.78 -
1952_g               -            554 11259at5794          -            280   2.5e-14   51.5  11.3   1   3   7.4e-05     0.048   11.2   0.1    83   177    20   119    14   162 0.75 -
1952_g               -            554 11259at5794          -            280   2.5e-14   51.5  11.3   2   3      0.18   1.2e+02    0.1   0.7    70   115   257   302   251   327 0.85 -
1952_g               -            554 11259at5794          -            280   2.5e-14   51.5  11.3   3   3   2.1e-14   1.3e-11   42.6   1.3    96   185   418   521   407   540 0.72 -
2621_g               -            541 11259at5794          -            280   1.2e-08   32.9   3.0   1   2   1.8e-11   1.2e-08   32.9   3.0    89   265   172   349   163   356 0.79 -
2621_g               -            541 11259at5794          -            280   1.2e-08   32.9   3.0   2   2      0.26   1.7e+02   -0.4   0.1   244   275   484   516   437   521 0.75 -
1813_g               -            105 11259at5794          -            280   8.5e-08   30.1   0.0   1   1   1.5e-10   9.8e-08   29.9   0.0    96   167     7    84     2    97 0.85 -
423_g                -            158 11259at5794          -            280   7.7e-07   26.9   0.0   1   1   1.5e-09     1e-06   26.6   0.0   104   163    67   133    50   148 0.78 -
2792_g               -            425 11259at5794          -            280    0.0012   16.5   0.6   1   3   1.8e-06    0.0012   16.5   0.6    89   185    27   136    16   142 0.73 -
2792_g               -            425 11259at5794          -            280    0.0012   16.5   0.6   2   3      0.11        72    0.8   0.1    26    75   167   215   144   249 0.71 -
2792_g               -            425 11259at5794          -            280    0.0012   16.5   0.6   3   3      0.69   4.5e+02   -1.8   0.1   243   268   358   383   289   389 0.65 -
#
# Program:         hmmsearch
# Version:         3.1b2 (February 2015)
# Pipeline mode:   SEARCH
# Query file:      /mnt/e/Bioinformatics/Semester2/BINP29/Malaria Project/Genomes/Parsed/busco_downloads/lineages/apicomplexa_odb10/hmms/11259at5794.hmm
# Target file:     /mnt/e/Bioinformatics/Semester2/BINP29/Malaria Project/Genomes/Parsed/Pf_new.faa
# Option settings: hmmsearch --domtblout /mnt/e/Bioinformatics/Semester2/BINP29/Malaria Project/Genomes/Parsed/Pf/run_apicomplexa_odb10/hmmer_output/initial_run_results/11259at5794.out --cpu 1 /mnt/e/Bioinformatics/Semester2/BINP29/Malaria Project/Genomes/Parsed/busco_downloads/lineages/apicomplexa_odb10/hmms/11259at5794.hmm /mnt/e/Bioinformatics/Semester2/BINP29/Malaria Project/Genomes/Parsed/Pf_new.faa 
# Current dir:     /mnt/e/Bioinformatics/Semester2/BINP29/Malaria Project/Genomes/Parsed
# Date:            Wed Mar  1 19:28:48 2023
# [ok]
