#                                                                            --- full sequence --- -------------- this domain -------------   hmm coord   ali coord   env coord
# target name        accession   tlen query name           accession   qlen   E-value  score  bias   #  of  c-Evalue  i-Evalue  score  bias  from    to  from    to  from    to  acc description of target
#------------------- ---------- ----- -------------------- ---------- ----- --------- ------ ----- --- --- --------- --------- ------ ----- ----- ----- ----- ----- ----- ----- ---- ---------------------
1147_g               -            540 11713at5794          -            380  6.8e-183  605.9  32.1   1   4     4e-27     1e-23   82.0  16.3     1   113     1   144     1   155 0.78 -
1147_g               -            540 11713at5794          -            380  6.8e-183  605.9  32.1   2   4   1.5e-49   3.9e-46  155.8   0.3    82   190   153   265   141   282 0.84 -
1147_g               -            540 11713at5794          -            380  6.8e-183  605.9  32.1   3   4   7.5e-92   1.9e-88  295.0   0.2   186   333   303   454   280   461 0.96 -
1147_g               -            540 11713at5794          -            380  6.8e-183  605.9  32.1   4   4   4.4e-25   1.2e-21   75.2   0.2   329   380   488   539   478   539 0.92 -
2175_g               -            619 11713at5794          -            380   1.8e-44  150.3  24.0   1   3      0.74   1.9e+03   -4.5   4.0    42   110   104   172    45   189 0.56 -
2175_g               -            619 11713at5794          -            380   1.8e-44  150.3  24.0   2   3         2   5.2e+03   -7.5   9.1    47   101   166   227   144   240 0.42 -
2175_g               -            619 11713at5794          -            380   1.8e-44  150.3  24.0   3   3     7e-48   1.8e-44  150.3  24.0    33   372   233   610   204   617 0.80 -
#
# Program:         hmmsearch
# Version:         3.1b2 (February 2015)
# Pipeline mode:   SEARCH
# Query file:      /mnt/e/Bioinformatics/Semester2/BINP29/Malaria Project/Genomes/Parsed/busco_downloads/lineages/apicomplexa_odb10/hmms/11713at5794.hmm
# Target file:     /mnt/e/Bioinformatics/Semester2/BINP29/Malaria Project/Genomes/Parsed/Pf_new.faa
# Option settings: hmmsearch --domtblout /mnt/e/Bioinformatics/Semester2/BINP29/Malaria Project/Genomes/Parsed/Pf/run_apicomplexa_odb10/hmmer_output/initial_run_results/11713at5794.out --cpu 1 /mnt/e/Bioinformatics/Semester2/BINP29/Malaria Project/Genomes/Parsed/busco_downloads/lineages/apicomplexa_odb10/hmms/11713at5794.hmm /mnt/e/Bioinformatics/Semester2/BINP29/Malaria Project/Genomes/Parsed/Pf_new.faa 
# Current dir:     /mnt/e/Bioinformatics/Semester2/BINP29/Malaria Project/Genomes/Parsed
# Date:            Wed Mar  1 19:28:49 2023
# [ok]
