#                                                                            --- full sequence --- -------------- this domain -------------   hmm coord   ali coord   env coord
# target name        accession   tlen query name           accession   qlen   E-value  score  bias   #  of  c-Evalue  i-Evalue  score  bias  from    to  from    to  from    to  acc description of target
#------------------- ---------- ----- -------------------- ---------- ----- --------- ------ ----- --- --- --------- --------- ------ ----- ----- ----- ----- ----- ----- ----- ---- ---------------------
2417_g               -            879 14048at5794          -            354  6.6e-107  355.7  44.6   1   3   1.2e-51   1.8e-49  166.8  10.7     2   168   108   327   107   330 0.79 -
2417_g               -            879 14048at5794          -            354  6.6e-107  355.7  44.6   2   3   6.9e-27     1e-24   85.3   4.4   159   238   381   459   368   476 0.89 -
2417_g               -            879 14048at5794          -            354  6.6e-107  355.7  44.6   3   3   1.8e-32   2.7e-30  103.7  13.6   232   353   588   742   577   743 0.80 -
2508_g               -            701 14048at5794          -            354   6.3e-51  171.5  19.1   1   3   5.9e-23   8.7e-21   72.4   0.2    19    98   100   194    91   199 0.82 -
2508_g               -            701 14048at5794          -            354   6.3e-51  171.5  19.1   2   3   5.7e-10   8.5e-08   29.7   0.1   111   167   235   299   217   304 0.84 -
2508_g               -            701 14048at5794          -            354   6.3e-51  171.5  19.1   3   3   3.6e-23   5.4e-21   73.1   9.8   175   350   375   554   366   558 0.88 -
3680_g               -            601 14048at5794          -            354   1.7e-48  163.5  21.3   1   3   1.3e-26   1.9e-24   84.4   0.1    16    95   162   247   148   259 0.87 -
3680_g               -            601 14048at5794          -            354   1.7e-48  163.5  21.3   2   3   1.4e-10     2e-08   31.7   0.1   112   169   292   357   263   368 0.86 -
3680_g               -            601 14048at5794          -            354   1.7e-48  163.5  21.3   3   3   7.9e-20   1.2e-17   62.1   2.0   169   319   379   536   375   558 0.80 -
5165_g               -            391 14048at5794          -            354   2.1e-47  159.9   5.2   1   3   5.4e-18     8e-16   56.1   0.0    18    97    34   115    19   120 0.90 -
5165_g               -            391 14048at5794          -            354   2.1e-47  159.9   5.2   2   3   3.9e-11   5.8e-09   33.5   0.2   112   167   157   220   150   227 0.84 -
5165_g               -            391 14048at5794          -            354   2.1e-47  159.9   5.2   3   3   1.1e-22   1.6e-20   71.5   0.2   181   293   256   374   243   389 0.84 -
4914_g               -            563 14048at5794          -            354   2.2e-46  156.6  14.1   1   1   1.5e-48   2.2e-46  156.6  14.1    16   330   171   550   157   561 0.73 -
4703_g               -            666 14048at5794          -            354   2.1e-45  153.3   0.1   1   3     1e-16   1.5e-14   51.9   0.0    18    94   234   320   217   326 0.87 -
4703_g               -            666 14048at5794          -            354   2.1e-45  153.3   0.1   2   3   5.5e-08   8.2e-06   23.1   0.0   111   167   370   434   351   437 0.84 -
4703_g               -            666 14048at5794          -            354   2.1e-45  153.3   0.1   3   3   1.7e-23   2.5e-21   74.1   0.0   164   285   450   577   440   586 0.87 -
3901_g               -            434 14048at5794          -            354     5e-43  145.5   8.8   1   3       3.2   4.8e+02   -2.4   0.0   283   303    37    57    30    65 0.78 -
3901_g               -            434 14048at5794          -            354     5e-43  145.5   8.8   2   3   2.4e-20   3.6e-18   63.8   0.0    20   101    79   162    56   165 0.87 -
3901_g               -            434 14048at5794          -            354     5e-43  145.5   8.8   3   3     3e-25   4.4e-23   79.9   5.0   112   286   200   407   173   415 0.79 -
4615_g               -           1124 14048at5794          -            354   6.5e-43  145.2   0.6   1   3   1.7e-18   2.5e-16   57.7   0.1    15   135   712   869   701   907 0.72 -
4615_g               -           1124 14048at5794          -            354   6.5e-43  145.2   0.6   2   3       1.4   2.1e+02   -1.2   0.0   142   167   908   933   885   934 0.90 -
4615_g               -           1124 14048at5794          -            354   6.5e-43  145.2   0.6   3   3   1.2e-25   1.8e-23   81.2   0.0   179   284   965  1075   961  1085 0.93 -
4520_g               -           1491 14048at5794          -            354   8.5e-43  144.8   7.8   1   2   4.6e-18   6.9e-16   56.3   0.2    15    97   737   826   732   832 0.86 -
4520_g               -           1491 14048at5794          -            354   8.5e-43  144.8   7.8   2   2     8e-27   1.2e-24   85.1   2.8   108   282   867  1076   856  1126 0.80 -
312_g                -            491 14048at5794          -            354   1.7e-42  143.8  17.5   1   2   1.5e-20   2.2e-18   64.5   4.2    15   137    84   238    72   285 0.72 -
312_g                -            491 14048at5794          -            354   1.7e-42  143.8  17.5   2   2   5.9e-25   8.7e-23   79.0   6.1   168   325   304   466   277   488 0.78 -
1708_g               -            528 14048at5794          -            354   3.3e-42  142.8   0.1   1   3   8.4e-17   1.2e-14   52.1   0.0    17    89   129   208   120   221 0.81 -
1708_g               -            528 14048at5794          -            354   3.3e-42  142.8   0.1   2   3   2.5e-07   3.8e-05   20.9   0.0   110   169   256   322   249   357 0.76 -
1708_g               -            528 14048at5794          -            354   3.3e-42  142.8   0.1   3   3   4.9e-21   7.3e-19   66.1   0.0   183   284   362   468   348   480 0.90 -
1914_g               -            399 14048at5794          -            354   1.8e-41  140.4   5.9   1   3   1.6e-17   2.4e-15   54.5   0.1    18    99    40   123    22   146 0.86 -
1914_g               -            399 14048at5794          -            354   1.8e-41  140.4   5.9   2   3     1e-06   0.00015   19.0   0.1   112   166   163   225   155   233 0.81 -
1914_g               -            399 14048at5794          -            354   1.8e-41  140.4   5.9   3   3   6.9e-22     1e-19   68.9   0.2   181   292   262   378   251   390 0.89 -
74_g                 -            631 14048at5794          -            354   3.5e-41  139.5  13.8   1   3   1.2e-18   1.8e-16   58.2   1.2     8    93   157   248   151   259 0.85 -
74_g                 -            631 14048at5794          -            354   3.5e-41  139.5  13.8   2   3   3.4e-08     5e-06   23.8   0.0   112   158   299   353   295   364 0.81 -
74_g                 -            631 14048at5794          -            354   3.5e-41  139.5  13.8   3   3   8.1e-20   1.2e-17   62.1   3.6   156   286   377   516   365   526 0.85 -
2278_g               -            743 14048at5794          -            354   4.9e-40  135.7   7.1   1   3   6.3e-13   9.4e-11   39.4   0.0    20    67   306   353   285   356 0.86 -
2278_g               -            743 14048at5794          -            354   4.9e-40  135.7   7.1   2   3   1.3e-08     2e-06   25.2   0.8    68   167   428   563   424   585 0.64 -
2278_g               -            743 14048at5794          -            354   4.9e-40  135.7   7.1   3   3   2.8e-22   4.1e-20   70.2   0.8   165   317   584   739   567   742 0.86 -
4480_g               -            756 14048at5794          -            354     2e-37  127.1   4.6   1   4   1.1e-14   1.6e-12   45.2   0.0     5    68   147   210   143   212 0.89 -
4480_g               -            756 14048at5794          -            354     2e-37  127.1   4.6   2   4     0.024       3.5    4.6   0.0    67    94   257   284   251   291 0.83 -
4480_g               -            756 14048at5794          -            354     2e-37  127.1   4.6   3   4   7.8e-07   0.00012   19.3   0.1   111   167   328   393   321   396 0.84 -
4480_g               -            756 14048at5794          -            354     2e-37  127.1   4.6   4   4   3.9e-18   5.9e-16   56.5   0.4   149   285   399   541   394   616 0.79 -
926_g                -           1290 14048at5794          -            354   4.1e-37  126.1  31.3   1   2   4.6e-38   6.8e-36  122.1  20.2     7   283   166   513   159   523 0.73 -
926_g                -           1290 14048at5794          -            354   4.1e-37  126.1  31.3   2   2       7.7   1.2e+03   -3.7   3.3   306   351  1200  1245  1175  1248 0.80 -
773_g                -            942 14048at5794          -            354   2.3e-36  123.6  10.6   1   3   1.6e-11   2.3e-09   34.8   0.0    15    64   376   425   361   431 0.89 -
773_g                -            942 14048at5794          -            354   2.3e-36  123.6  10.6   2   3    0.0014      0.21    8.6   0.1    70   136   454   547   449   551 0.61 -
773_g                -            942 14048at5794          -            354   2.3e-36  123.6  10.6   3   3   1.8e-23   2.7e-21   74.1   5.1   130   289   573   756   567   817 0.74 -
3299_g               -            918 14048at5794          -            354   1.7e-35  120.8  12.7   1   3   1.3e-16     2e-14   51.5   0.8     4    97   526   637   524   642 0.82 -
3299_g               -            918 14048at5794          -            354   1.7e-35  120.8  12.7   2   3    0.0084       1.3    6.1   0.2   104   138   672   706   645   751 0.66 -
3299_g               -            918 14048at5794          -            354   1.7e-35  120.8  12.7   3   3   7.1e-22   1.1e-19   68.8   1.0   173   285   773   891   752   904 0.88 -
3207_g               -            681 14048at5794          -            354   1.3e-34  117.9  21.9   1   4   1.4e-12   2.2e-10   38.2   0.1     8    65   190   246   184   251 0.87 -
3207_g               -            681 14048at5794          -            354   1.3e-34  117.9  21.9   2   4   0.00062     0.092    9.8   0.6    68    92   301   325   293   361 0.76 -
3207_g               -            681 14048at5794          -            354   1.3e-34  117.9  21.9   3   4     0.042       6.3    3.8   0.3   113   154   381   431   375   443 0.75 -
3207_g               -            681 14048at5794          -            354   1.3e-34  117.9  21.9   4   4   6.5e-24   9.7e-22   75.5   5.7   153   284   454   591   438   648 0.87 -
4836_g               -            475 14048at5794          -            354   1.5e-34  117.7   4.6   1   2   3.5e-11   5.2e-09   33.7   0.0    16    65    70   119    57   125 0.87 -
4836_g               -            475 14048at5794          -            354   1.5e-34  117.7   4.6   2   2   2.1e-24   3.2e-22   77.1   4.2   113   303   219   444   141   473 0.74 -
1462_g               -            997 14048at5794          -            354   6.3e-30  102.4  14.7   1   3   5.7e-17   8.5e-15   52.7   0.1    16    96   138   225   123   231 0.84 -
1462_g               -            997 14048at5794          -            354   6.3e-30  102.4  14.7   2   3     0.025       3.8    4.5   0.1   112   152   268   317   265   334 0.75 -
1462_g               -            997 14048at5794          -            354   6.3e-30  102.4  14.7   3   3   4.2e-16   6.2e-14   49.8   5.5   170   287   360   485   337   516 0.79 -
1180_g               -            919 14048at5794          -            354   1.4e-29  101.3  20.1   1   5   3.3e-17   4.9e-15   53.5   0.1    17    90   208   291   190   298 0.77 -
1180_g               -            919 14048at5794          -            354   1.4e-29  101.3  20.1   2   5      0.12        18    2.2   0.1   111   136   341   366   336   379 0.84 -
1180_g               -            919 14048at5794          -            354   1.4e-29  101.3  20.1   3   5   0.00031     0.046   10.8   0.1   129   162   415   449   412   456 0.80 -
1180_g               -            919 14048at5794          -            354   1.4e-29  101.3  20.1   4   5      0.35        52    0.8   0.9   169   217   557   605   540   614 0.83 -
1180_g               -            919 14048at5794          -            354   1.4e-29  101.3  20.1   5   5     2e-14     3e-12   44.3   0.8   205   288   687   776   673   830 0.81 -
1829_g               -            742 14048at5794          -            354   1.2e-28   98.2  19.7   1   1   2.4e-25   3.6e-23   80.2  19.7    16   285   340   708   327   726 0.68 -
3909_g               -            736 14048at5794          -            354   1.3e-26   91.5  18.1   1   3   1.2e-10   1.8e-08   31.8   0.1     9    65   259   318   252   324 0.78 -
3909_g               -            736 14048at5794          -            354   1.3e-26   91.5  18.1   2   3     3e-06   0.00045   17.4   2.4    67   133   349   441   343   448 0.61 -
3909_g               -            736 14048at5794          -            354   1.3e-26   91.5  18.1   3   3   1.1e-14   1.6e-12   45.2   3.6   158   283   490   628   478   688 0.71 -
4646_g               -            842 14048at5794          -            354   8.7e-26   88.8   3.5   1   4   1.1e-08   1.7e-06   25.4   0.0    20    63    21    64     2    71 0.83 -
4646_g               -            842 14048at5794          -            354   8.7e-26   88.8   3.5   2   4    0.0036      0.54    7.3   0.0    65    87   341   363   336   385 0.81 -
4646_g               -            842 14048at5794          -            354   8.7e-26   88.8   3.5   3   4   0.00013      0.02   12.0   0.1   111   168   418   486   410   511 0.78 -
4646_g               -            842 14048at5794          -            354   8.7e-26   88.8   3.5   4   4   1.5e-13   2.3e-11   41.4   0.3   200   284   624   713   576   722 0.89 -
1464_g               -           1023 14048at5794          -            354   3.9e-24   83.4  22.3   1   5   2.2e-13   3.3e-11   40.9   0.0    21    69    29    77    10   106 0.83 -
1464_g               -           1023 14048at5794          -            354   3.9e-24   83.4  22.3   2   5       4.5   6.8e+02   -2.9   1.2   286   329   163   208   131   214 0.69 -
1464_g               -           1023 14048at5794          -            354   3.9e-24   83.4  22.3   3   5   1.3e-06   0.00019   18.6   0.1    67   102   273   310   268   324 0.78 -
1464_g               -           1023 14048at5794          -            354   3.9e-24   83.4  22.3   4   5     0.041       6.1    3.8   0.2   112   147   376   420   345   440 0.73 -
1464_g               -           1023 14048at5794          -            354   3.9e-24   83.4  22.3   5   5     4e-10   5.9e-08   30.2   4.3   234   303   656   730   608   773 0.64 -
2045_g               -            864 14048at5794          -            354   1.6e-23   81.4  13.1   1   3   2.4e-10   3.5e-08   30.9   0.8    35    94   192   256   166   265 0.77 -
2045_g               -            864 14048at5794          -            354   1.6e-23   81.4  13.1   2   3       2.5   3.7e+02   -2.0   0.0   111   131   335   353   325   360 0.80 -
2045_g               -            864 14048at5794          -            354   1.6e-23   81.4  13.1   3   3   5.5e-18   8.2e-16   56.0   3.1   182   339   546   711   541   729 0.68 -
5005_g               -            568 14048at5794          -            354   2.5e-23   80.7  23.0   1   3   3.2e-11   4.8e-09   33.8   0.3    36    89   154   210   110   224 0.79 -
5005_g               -            568 14048at5794          -            354   2.5e-23   80.7  23.0   2   3      0.29        43    1.0   0.1   110   127   264   281   235   287 0.76 -
5005_g               -            568 14048at5794          -            354   2.5e-23   80.7  23.0   3   3   2.4e-15   3.6e-13   47.3  12.3   138   301   316   515   309   558 0.69 -
2600_g               -           1314 14048at5794          -            354   5.5e-23   79.6  23.0   1   5   1.1e-11   1.6e-09   35.4   0.0    17    73   182   240   166   263 0.85 -
2600_g               -           1314 14048at5794          -            354   5.5e-23   79.6  23.0   2   5       1.1   1.6e+02   -0.9   0.1    76   100   350   374   346   395 0.85 -
2600_g               -           1314 14048at5794          -            354   5.5e-23   79.6  23.0   3   5       6.7     1e+03   -3.5   0.4    64    96   435   469   427   474 0.74 -
2600_g               -           1314 14048at5794          -            354   5.5e-23   79.6  23.0   4   5       0.5        74    0.3   0.0   116   141   595   622   565   623 0.76 -
2600_g               -           1314 14048at5794          -            354   5.5e-23   79.6  23.0   5   5   4.9e-17   7.3e-15   52.9   6.8   181   318   925  1066   912  1101 0.76 -
1701_g               -            797 14048at5794          -            354   1.4e-21   75.0  11.7   1   5       3.3   4.9e+02   -2.5   1.1   308   339    91   123    68   133 0.81 -
1701_g               -            797 14048at5794          -            354   1.4e-21   75.0  11.7   2   5   3.3e-15   4.9e-13   46.9   1.2    20    96   255   345   242   383 0.79 -
1701_g               -            797 14048at5794          -            354   1.4e-21   75.0  11.7   3   5      0.13        20    2.1   3.0   112   155   393   452   387   484 0.53 -
1701_g               -            797 14048at5794          -            354   1.4e-21   75.0  11.7   4   5      0.26        39    1.2   0.3   183   222   548   586   543   591 0.79 -
1701_g               -            797 14048at5794          -            354   1.4e-21   75.0  11.7   5   5   1.1e-13   1.6e-11   41.9   3.4   205   329   592   725   576   747 0.69 -
4478_g               -            491 14048at5794          -            354   4.9e-20   69.9  19.6   1   2   4.7e-10     7e-08   29.9   5.5    39   136   130   257    88   260 0.71 -
4478_g               -            491 14048at5794          -            354   4.9e-20   69.9  19.6   2   2   1.1e-13   1.6e-11   41.9   5.8   163   289   324   455   314   487 0.79 -
745_g                -           1322 14048at5794          -            354   2.9e-16   57.5   7.0   1   4     0.026       3.9    4.5   0.0    38    64    92   118    50   124 0.72 -
745_g                -           1322 14048at5794          -            354   2.9e-16   57.5   7.0   2   4   0.00076      0.11    9.5   0.0    69    94   169   194   166   200 0.87 -
745_g                -           1322 14048at5794          -            354   2.9e-16   57.5   7.0   3   4      0.56        83    0.1   0.1   115   137   301   323   292   348 0.83 -
745_g                -           1322 14048at5794          -            354   2.9e-16   57.5   7.0   4   4   6.4e-18   9.5e-16   55.8   6.7   170   297   709   838   688   881 0.78 -
131_g                -            831 14048at5794          -            354   2.5e-12   44.6   8.4   1   3     0.014       2.1    5.3   0.0    22    54   134   166   119   179 0.85 -
131_g                -            831 14048at5794          -            354   2.5e-12   44.6   8.4   2   3    0.0001     0.015   12.4   0.1    64    90   250   276   244   285 0.83 -
131_g                -            831 14048at5794          -            354   2.5e-12   44.6   8.4   3   3   1.5e-08   2.3e-06   25.0   5.2   134   284   614   773   604   812 0.79 -
1048_g               -           1133 14048at5794          -            354   6.1e-10   36.7  10.5   1   3   0.00087      0.13    9.3   0.0    42    68   236   262   230   266 0.86 -
1048_g               -           1133 14048at5794          -            354   6.1e-10   36.7  10.5   2   3      0.18        27    1.7   0.1   180   214   354   388   347   408 0.77 -
1048_g               -           1133 14048at5794          -            354   6.1e-10   36.7  10.5   3   3   5.5e-08   8.2e-06   23.1   7.6   183   319   845   987   838  1018 0.72 -
4115_g               -            729 14048at5794          -            354   3.4e-07   27.7   0.4   1   3      0.15        23    1.9   0.4    19    97    51   126    41   156 0.65 -
4115_g               -            729 14048at5794          -            354   3.4e-07   27.7   0.4   2   3   2.3e-09   3.4e-07   27.7   0.4   185   295   318   428   303   454 0.84 -
4115_g               -            729 14048at5794          -            354   3.4e-07   27.7   0.4   3   3       9.4   1.4e+03   -4.0   1.1   302   336   666   697   664   706 0.71 -
#
# Program:         hmmsearch
# Version:         3.1b2 (February 2015)
# Pipeline mode:   SEARCH
# Query file:      /mnt/e/Bioinformatics/Semester2/BINP29/Malaria Project/Genomes/Parsed/busco_downloads/lineages/apicomplexa_odb10/hmms/14048at5794.hmm
# Target file:     /mnt/e/Bioinformatics/Semester2/BINP29/Malaria Project/Genomes/Parsed/Pf_new.faa
# Option settings: hmmsearch --domtblout /mnt/e/Bioinformatics/Semester2/BINP29/Malaria Project/Genomes/Parsed/Pf/run_apicomplexa_odb10/hmmer_output/initial_run_results/14048at5794.out --cpu 1 /mnt/e/Bioinformatics/Semester2/BINP29/Malaria Project/Genomes/Parsed/busco_downloads/lineages/apicomplexa_odb10/hmms/14048at5794.hmm /mnt/e/Bioinformatics/Semester2/BINP29/Malaria Project/Genomes/Parsed/Pf_new.faa 
# Current dir:     /mnt/e/Bioinformatics/Semester2/BINP29/Malaria Project/Genomes/Parsed
# Date:            Wed Mar  1 19:28:53 2023
# [ok]
