#                                                                            --- full sequence --- -------------- this domain -------------   hmm coord   ali coord   env coord
# target name        accession   tlen query name           accession   qlen   E-value  score  bias   #  of  c-Evalue  i-Evalue  score  bias  from    to  from    to  from    to  acc description of target
#------------------- ---------- ----- -------------------- ---------- ----- --------- ------ ----- --- --- --------- --------- ------ ----- ----- ----- ----- ----- ----- ----- ---- ---------------------
3290_g               -            607 15596at5794          -            287  2.6e-138  458.3  22.3   1   3   3.1e-93   5.4e-90  299.8   6.7     1   189    13   205    13   208 0.97 -
3290_g               -            607 15596at5794          -            287  2.6e-138  458.3  22.3   2   3   2.7e-07   0.00047   17.7   0.0   176   203   246   273   237   292 0.85 -
3290_g               -            607 15596at5794          -            287  2.6e-138  458.3  22.3   3   3   2.8e-45   4.8e-42  142.4   5.8   196   273   486   563   483   593 0.84 -
5042_g               -            694 15596at5794          -            287   3.6e-17   60.8   5.8   1   4   1.5e-06    0.0026   15.3   0.7     1   111    87   199    87   206 0.86 -
5042_g               -            694 15596at5794          -            287   3.6e-17   60.8   5.8   2   4     8e-08   0.00014   19.5   0.1   122   168   338   387   321   405 0.80 -
5042_g               -            694 15596at5794          -            287   3.6e-17   60.8   5.8   3   4   5.6e-10   9.8e-07   26.5   0.0   197   249   464   520   452   529 0.85 -
5042_g               -            694 15596at5794          -            287   3.6e-17   60.8   5.8   4   4      0.75   1.3e+03   -3.4   0.0   261   272   632   643   627   656 0.82 -
1346_g               -            195 15596at5794          -            287     0.033   11.7   0.0   1   1   3.1e-05     0.054   11.0   0.0   220   258    39    76    32    86 0.88 -
#
# Program:         hmmsearch
# Version:         3.1b2 (February 2015)
# Pipeline mode:   SEARCH
# Query file:      /mnt/e/Bioinformatics/Semester2/BINP29/Malaria Project/Genomes/Parsed/busco_downloads/lineages/apicomplexa_odb10/hmms/15596at5794.hmm
# Target file:     /mnt/e/Bioinformatics/Semester2/BINP29/Malaria Project/Genomes/Parsed/Pf_new.faa
# Option settings: hmmsearch --domtblout /mnt/e/Bioinformatics/Semester2/BINP29/Malaria Project/Genomes/Parsed/Pf/run_apicomplexa_odb10/hmmer_output/initial_run_results/15596at5794.out --cpu 1 /mnt/e/Bioinformatics/Semester2/BINP29/Malaria Project/Genomes/Parsed/busco_downloads/lineages/apicomplexa_odb10/hmms/15596at5794.hmm /mnt/e/Bioinformatics/Semester2/BINP29/Malaria Project/Genomes/Parsed/Pf_new.faa 
# Current dir:     /mnt/e/Bioinformatics/Semester2/BINP29/Malaria Project/Genomes/Parsed
# Date:            Wed Mar  1 19:28:56 2023
# [ok]
