#                                                                            --- full sequence --- -------------- this domain -------------   hmm coord   ali coord   env coord
# target name        accession   tlen query name           accession   qlen   E-value  score  bias   #  of  c-Evalue  i-Evalue  score  bias  from    to  from    to  from    to  acc description of target
#------------------- ---------- ----- -------------------- ---------- ----- --------- ------ ----- --- --- --------- --------- ------ ----- ----- ----- ----- ----- ----- ----- ---- ---------------------
716_g                -            453 16452at5794          -            403  1.6e-217  720.2   4.0   1   1  2.5e-220  1.9e-217  720.0   4.0     1   403     1   446     1   446 0.94 -
3083_g               -            446 16452at5794          -            403   4.7e-89  297.1   0.0   1   1   7.5e-92   5.6e-89  296.9   0.0     3   397     2   424     1   433 0.86 -
3978_g               -            454 16452at5794          -            403   3.1e-69  231.8   0.0   1   1   5.2e-72   3.8e-69  231.5   0.0     3   388     2   431     1   447 0.84 -
5161_g               -            451 16452at5794          -            403     5e-69  231.2   0.0   1   1   8.5e-72   6.3e-69  230.8   0.0     3   375     2   416     1   446 0.84 -
1982_g               -            520 16452at5794          -            403   7.1e-59  197.7  15.5   1   2   4.6e-48   3.4e-45  152.7   4.3     1   224     1   248     1   250 0.81 -
1982_g               -            520 16452at5794          -            403   7.1e-59  197.7  15.5   2   2   2.1e-17   1.6e-14   51.7   6.4   189   369   233   425   229   452 0.80 -
4257_g               -            735 16452at5794          -            403   1.5e-26   91.2  16.1   1   4   1.2e-06   0.00089   16.3   0.2     5    47     3    45     1    59 0.83 -
4257_g               -            735 16452at5794          -            403   1.5e-26   91.2  16.1   2   4    0.0029       2.2    5.1   0.0    51    77    80   106    61   112 0.85 -
4257_g               -            735 16452at5794          -            403   1.5e-26   91.2  16.1   3   4   2.8e-24   2.1e-21   74.3   3.2    76   279   272   494   261   499 0.70 -
4257_g               -            735 16452at5794          -            403   1.5e-26   91.2  16.1   4   4     0.019        14    2.5   1.2   157   241   447   533   437   567 0.72 -
3488_g               -            315 16452at5794          -            403    0.0042   14.0   0.2   1   1   1.1e-05    0.0083   13.1   0.2    26    76    40    90    10    96 0.81 -
#
# Program:         hmmsearch
# Version:         3.1b2 (February 2015)
# Pipeline mode:   SEARCH
# Query file:      /mnt/e/Bioinformatics/Semester2/BINP29/Malaria Project/Genomes/Parsed/busco_downloads/lineages/apicomplexa_odb10/hmms/16452at5794.hmm
# Target file:     /mnt/e/Bioinformatics/Semester2/BINP29/Malaria Project/Genomes/Parsed/Pf_new.faa
# Option settings: hmmsearch --domtblout /mnt/e/Bioinformatics/Semester2/BINP29/Malaria Project/Genomes/Parsed/Pf/run_apicomplexa_odb10/hmmer_output/initial_run_results/16452at5794.out --cpu 1 /mnt/e/Bioinformatics/Semester2/BINP29/Malaria Project/Genomes/Parsed/busco_downloads/lineages/apicomplexa_odb10/hmms/16452at5794.hmm /mnt/e/Bioinformatics/Semester2/BINP29/Malaria Project/Genomes/Parsed/Pf_new.faa 
# Current dir:     /mnt/e/Bioinformatics/Semester2/BINP29/Malaria Project/Genomes/Parsed
# Date:            Wed Mar  1 19:28:58 2023
# [ok]
