#                                                                            --- full sequence --- -------------- this domain -------------   hmm coord   ali coord   env coord
# target name        accession   tlen query name           accession   qlen   E-value  score  bias   #  of  c-Evalue  i-Evalue  score  bias  from    to  from    to  from    to  acc description of target
#------------------- ---------- ----- -------------------- ---------- ----- --------- ------ ----- --- --- --------- --------- ------ ----- ----- ----- ----- ----- ----- ----- ---- ---------------------
2620_g               -            344 16650at5794          -            224   2.4e-89  297.0  28.9   1   1   7.8e-90   2.4e-87  290.5  28.9     2   224    46   295    45   295 0.89 -
1595_g               -            150 16650at5794          -            224   4.6e-18   63.9   6.3   1   1   3.3e-20     1e-17   62.8   6.3    16   152     9   144     2   148 0.89 -
1762_g               -            178 16650at5794          -            224   8.4e-13   46.7   7.8   1   1   6.1e-15   1.9e-12   45.5   7.8     7   154    18   164     9   174 0.79 -
1145_g               -            529 16650at5794          -            224   6.7e-12   43.7  10.2   1   2   1.5e-11   4.7e-09   34.4   3.7    88   183   376   488   370   499 0.78 -
1145_g               -            529 16650at5794          -            224   6.7e-12   43.7  10.2   2   2   1.3e-07   4.1e-05   21.5   0.5    17    75   461   520   459   525 0.69 -
1714_g               -            169 16650at5794          -            224   1.7e-11   42.4   3.6   1   1   6.7e-14     2e-11   42.1   3.6    13   154    23   162    12   168 0.88 -
4905_g               -            525 16650at5794          -            224     5e-11   40.9  14.2   1   2   8.8e-12   2.7e-09   35.2   8.5    88   184   372   482   363   492 0.80 -
4905_g               -            525 16650at5794          -            224     5e-11   40.9  14.2   2   2    0.0027      0.84    7.4   0.3   131   153   492   514   485   521 0.88 -
4366_g               -            169 16650at5794          -            224   1.3e-10   39.5  13.7   1   1   9.5e-13   2.9e-10   38.4  13.7    13   155    22   163    14   167 0.89 -
359_g                -            569 16650at5794          -            224   8.7e-09   33.5  13.6   1   3      0.56   1.7e+02   -0.1   0.9    60   160     9    33     1    77 0.61 -
359_g                -            569 16650at5794          -            224   8.7e-09   33.5  13.6   2   3     4e-11   1.2e-08   33.1   1.0    87   183   424   525   417   533 0.81 -
359_g                -            569 16650at5794          -            224   8.7e-09   33.5  13.6   3   3    0.0036       1.1    7.0   0.3    20    74   539   560   527   568 0.51 -
3493_g               -            510 16650at5794          -            224   5.6e-08   30.9   1.3   1   2     8e-10   2.5e-07   28.8   0.3    91   188   373   476   364   492 0.81 -
3493_g               -            510 16650at5794          -            224   5.6e-08   30.9   1.3   2   2      0.53   1.6e+02   -0.0   0.1    18    36   483   501   473   507 0.56 -
3801_g               -            547 16650at5794          -            224   9.3e-08   30.2  14.9   1   3       1.5   4.6e+02   -1.5   0.3    46    74    66    94    25    99 0.66 -
3801_g               -            547 16650at5794          -            224   9.3e-08   30.2  14.9   2   3   1.5e-09   4.6e-07   27.9   4.1    14   188   324   506   312   516 0.73 -
3801_g               -            547 16650at5794          -            224   9.3e-08   30.2  14.9   3   3    0.0012      0.36    8.6   0.3    53    75   518   540   509   545 0.69 -
3261_g               -            499 16650at5794          -            224   1.1e-07   29.9  17.8   1   1   5.9e-10   1.8e-07   29.2  16.6    13   163    33   181    26   202 0.85 -
2590_g               -            169 16650at5794          -            224   2.3e-06   25.6  13.5   1   1     7e-05     0.021   12.7   4.3   129   185    54   118    49   128 0.76 -
829_g                -            262 16650at5794          -            224    0.0023   15.8  19.0   1   2   7.8e-05     0.024   12.5   4.1   134   185    96   147    83   158 0.89 -
829_g                -            262 16650at5794          -            224    0.0023   15.8  19.0   2   2   0.00037      0.11   10.3   4.9    97   167   172   243   156   245 0.74 -
1691_g               -            210 16650at5794          -            224    0.0028   15.5  10.1   1   1   2.5e-05    0.0075   14.1  10.1    12   158    41   193    32   203 0.73 -
3643_g               -            140 16650at5794          -            224     0.003   15.4   0.9   1   1   1.7e-05    0.0051   14.7   0.6    17    73    75   133    60   137 0.80 -
3443_g               -            161 16650at5794          -            224    0.0031   15.4  15.6   1   1   4.1e-05     0.013   13.4  15.6    10   153    19   156     9   159 0.78 -
1461_g               -            240 16650at5794          -            224    0.0071   14.2   0.3   1   2     0.016       4.9    4.9   0.0    52    74     7    29     3    47 0.65 -
1461_g               -            240 16650at5794          -            224    0.0071   14.2   0.3   2   2    0.0032      0.97    7.2   0.1    53    75    74    96    52   121 0.60 -
#
# Program:         hmmsearch
# Version:         3.1b2 (February 2015)
# Pipeline mode:   SEARCH
# Query file:      /mnt/e/Bioinformatics/Semester2/BINP29/Malaria Project/Genomes/Parsed/busco_downloads/lineages/apicomplexa_odb10/hmms/16650at5794.hmm
# Target file:     /mnt/e/Bioinformatics/Semester2/BINP29/Malaria Project/Genomes/Parsed/Pf_new.faa
# Option settings: hmmsearch --domtblout /mnt/e/Bioinformatics/Semester2/BINP29/Malaria Project/Genomes/Parsed/Pf/run_apicomplexa_odb10/hmmer_output/initial_run_results/16650at5794.out --cpu 1 /mnt/e/Bioinformatics/Semester2/BINP29/Malaria Project/Genomes/Parsed/busco_downloads/lineages/apicomplexa_odb10/hmms/16650at5794.hmm /mnt/e/Bioinformatics/Semester2/BINP29/Malaria Project/Genomes/Parsed/Pf_new.faa 
# Current dir:     /mnt/e/Bioinformatics/Semester2/BINP29/Malaria Project/Genomes/Parsed
# Date:            Wed Mar  1 19:28:58 2023
# [ok]
