#                                                                            --- full sequence --- -------------- this domain -------------   hmm coord   ali coord   env coord
# target name        accession   tlen query name           accession   qlen   E-value  score  bias   #  of  c-Evalue  i-Evalue  score  bias  from    to  from    to  from    to  acc description of target
#------------------- ---------- ----- -------------------- ---------- ----- --------- ------ ----- --- --- --------- --------- ------ ----- ----- ----- ----- ----- ----- ----- ---- ---------------------
1482_g               -            409 16820at5794          -            293    4e-126  418.0  13.9   1   2   3.1e-94   4.1e-91  303.1   2.8     1   207     1   243     1   253 0.88 -
1482_g               -            409 16820at5794          -            293    4e-126  418.0  13.9   2   2   1.5e-38   1.9e-35  120.4   3.5   197   293   292   394   249   394 0.86 -
2155_g               -           1138 16820at5794          -            293   3.2e-08   31.0   0.9   1   2      0.29   3.8e+02   -2.0   0.2    57   110    88   146    31   165 0.52 -
2155_g               -           1138 16820at5794          -            293   3.2e-08   31.0   0.9   2   2   2.5e-11   3.2e-08   31.0   0.9   198   280   537   623   493   633 0.80 -
253_g                -            482 16820at5794          -            293     2e-06   25.1  23.1   1   5    0.0018       2.4    5.2   0.5    21    44    37    60    31    82 0.81 -
253_g                -            482 16820at5794          -            293     2e-06   25.1  23.1   2   5   0.00098       1.3    6.1   0.1    68   116   110   159    88   174 0.69 -
253_g                -            482 16820at5794          -            293     2e-06   25.1  23.1   3   5   0.00025      0.33    8.0   0.4   137   194   227   286   189   299 0.81 -
253_g                -            482 16820at5794          -            293     2e-06   25.1  23.1   4   5   0.00055      0.71    6.9   0.2   194   243   369   418   358   423 0.64 -
253_g                -            482 16820at5794          -            293     2e-06   25.1  23.1   5   5     7e-06    0.0091   13.1   3.8   200   253   415   468   411   476 0.81 -
1199_g               -            227 16820at5794          -            293   7.5e-06   23.3   2.8   1   2      0.57   7.4e+02   -3.0   0.0   221   234    79    92    53    99 0.49 -
1199_g               -            227 16820at5794          -            293   7.5e-06   23.3   2.8   2   2   5.8e-09   7.5e-06   23.3   2.8   202   259   130   187   123   192 0.89 -
#
# Program:         hmmsearch
# Version:         3.1b2 (February 2015)
# Pipeline mode:   SEARCH
# Query file:      /mnt/e/Bioinformatics/Semester2/BINP29/Malaria Project/Genomes/Parsed/busco_downloads/lineages/apicomplexa_odb10/hmms/16820at5794.hmm
# Target file:     /mnt/e/Bioinformatics/Semester2/BINP29/Malaria Project/Genomes/Parsed/Pf_new.faa
# Option settings: hmmsearch --domtblout /mnt/e/Bioinformatics/Semester2/BINP29/Malaria Project/Genomes/Parsed/Pf/run_apicomplexa_odb10/hmmer_output/initial_run_results/16820at5794.out --cpu 1 /mnt/e/Bioinformatics/Semester2/BINP29/Malaria Project/Genomes/Parsed/busco_downloads/lineages/apicomplexa_odb10/hmms/16820at5794.hmm /mnt/e/Bioinformatics/Semester2/BINP29/Malaria Project/Genomes/Parsed/Pf_new.faa 
# Current dir:     /mnt/e/Bioinformatics/Semester2/BINP29/Malaria Project/Genomes/Parsed
# Date:            Wed Mar  1 19:28:58 2023
# [ok]
