#                                                                            --- full sequence --- -------------- this domain -------------   hmm coord   ali coord   env coord
# target name        accession   tlen query name           accession   qlen   E-value  score  bias   #  of  c-Evalue  i-Evalue  score  bias  from    to  from    to  from    to  acc description of target
#------------------- ---------- ----- -------------------- ---------- ----- --------- ------ ----- --- --- --------- --------- ------ ----- ----- ----- ----- ----- ----- ----- ---- ---------------------
1816_g               -            420 16994at5794          -            353  1.5e-158  525.8  17.0   1   2   7.4e-20   2.1e-17   61.6   9.9     1    93     4    97     4   104 0.83 -
1816_g               -            420 16994at5794          -            353  1.5e-158  525.8  17.0   2   2  9.6e-143  2.8e-140  465.8   2.1    59   353    94   418    88   418 0.91 -
1092_g               -           1400 16994at5794          -            353  4.8e-110  366.3  20.2   1   3       3.7   1.1e+03   -3.2   1.0    29    55   377   405   334   417 0.46 -
1092_g               -           1400 16994at5794          -            353  4.8e-110  366.3  20.2   2   3     1e-53     3e-51  172.9   0.2    63   303   680   942   672   976 0.89 -
1092_g               -           1400 16994at5794          -            353  4.8e-110  366.3  20.2   3   3   1.3e-63   3.8e-61  205.5   4.2    44   351  1068  1396  1023  1398 0.82 -
3570_g               -            829 16994at5794          -            353   2.3e-99  331.2   0.0   1   2   4.4e-49   1.3e-46  157.7   0.0    71   280   198   432   192   460 0.87 -
3570_g               -            829 16994at5794          -            353   2.3e-99  331.2   0.0   2   2   3.9e-53   1.1e-50  171.0   0.0    72   349   472   789   463   791 0.79 -
1407_g               -           1220 16994at5794          -            353   2.1e-74  249.1  26.1   1   4   1.6e-08   4.7e-06   24.3   0.1    53   133   402   481   367   487 0.80 -
1407_g               -           1220 16994at5794          -            353   2.1e-74  249.1  26.1   2   4   2.2e-17   6.4e-15   53.4   4.3   147   284   532   692   520   713 0.73 -
1407_g               -           1220 16994at5794          -            353   2.1e-74  249.1  26.1   3   4   3.6e-52     1e-49  167.8   1.2    28   250   783  1019   763  1090 0.84 -
1407_g               -           1220 16994at5794          -            353   2.1e-74  249.1  26.1   4   4   4.8e-06    0.0014   16.2   1.4   248   349  1111  1217  1101  1219 0.72 -
809_g                -           1201 16994at5794          -            353   1.2e-58  197.3  21.1   1   4       4.1   1.2e+03   -3.3   1.3   276   334    81   137    34   155 0.55 -
809_g                -           1201 16994at5794          -            353   1.2e-58  197.3  21.1   2   4   2.4e-14   6.8e-12   43.5   5.9    24   245   198   421   180   526 0.71 -
809_g                -           1201 16994at5794          -            353   1.2e-58  197.3  21.1   3   4   1.5e-52   4.4e-50  169.1   7.2    41   322   637   947   547   974 0.80 -
809_g                -           1201 16994at5794          -            353   1.2e-58  197.3  21.1   4   4      0.17        49    1.2   0.4   308   349  1159  1199  1098  1200 0.80 -
5033_g               -            667 16994at5794          -            353   1.6e-51  173.8   2.3   1   1     2e-53   5.8e-51  172.0   1.8    47   348   359   662   321   665 0.78 -
5084_g               -            393 16994at5794          -            353   6.7e-44  148.8   1.4   1   2       3.5     1e+03   -3.1   0.4    52    81    17    45     8    62 0.46 -
5084_g               -            393 16994at5794          -            353   6.7e-44  148.8   1.4   2   2   2.6e-46   7.4e-44  148.6   0.0    74   278   132   364   121   379 0.85 -
2482_g               -            436 16994at5794          -            353   1.9e-43  147.2   0.0   1   2       6.2   1.8e+03   -4.0   1.6     9    45    40    76    20    94 0.67 -
2482_g               -            436 16994at5794          -            353   1.9e-43  147.2   0.0   2   2   6.7e-46   1.9e-43  147.2   0.0    72   278   171   404   160   424 0.86 -
66_g                 -            394 16994at5794          -            353   1.8e-42  144.0   0.4   1   2       6.8     2e+03   -4.1   0.3    61    80    11    30     6    48 0.51 -
66_g                 -            394 16994at5794          -            353   1.8e-42  144.0   0.4   2   2   1.3e-44   3.8e-42  143.0   0.0    65   279   122   364   103   378 0.84 -
114_g                -            422 16994at5794          -            353   5.7e-41  139.1   0.0   1   1   3.9e-43   1.1e-40  138.2   0.0    72   291   154   401   146   419 0.82 -
3080_g               -            449 16994at5794          -            353   1.7e-40  137.5   0.1   1   2         3   8.6e+02   -2.9   0.1    42    80    75   113    65   122 0.69 -
3080_g               -            449 16994at5794          -            353   1.7e-40  137.5   0.1   2   2   1.5e-42   4.3e-40  136.2   0.0    78   278   191   419   174   437 0.86 -
2817_g               -            440 16994at5794          -            353   1.6e-39  134.4   0.3   1   2       1.7   4.8e+02   -2.1   0.3    47    64    52    69    17    97 0.54 -
2817_g               -            440 16994at5794          -            353   1.6e-39  134.4   0.3   2   2   1.5e-41   4.3e-39  133.0   0.0    78   277   184   411   161   421 0.86 -
2399_g               -            881 16994at5794          -            353   2.7e-39  133.6   0.0   1   3   9.2e-42   2.7e-39  133.6   0.0    68   278   137   377   127   399 0.84 -
2399_g               -            881 16994at5794          -            353   2.7e-39  133.6   0.0   2   3       9.1   2.6e+03   -4.5   1.1    26    51   616   641   597   670 0.49 -
2399_g               -            881 16994at5794          -            353   2.7e-39  133.6   0.0   3   3       2.9   8.5e+02   -2.9   2.7     9    45   725   760   709   859 0.74 -
1879_g               -            707 16994at5794          -            353   2.7e-38  130.3   0.0   1   2       5.1   1.5e+03   -3.7   0.6    41    64    94   117    64   142 0.49 -
1879_g               -            707 16994at5794          -            353   2.7e-38  130.3   0.0   2   2   9.5e-41   2.7e-38  130.3   0.0    75   271   249   469   235   498 0.85 -
2722_g               -           1053 16994at5794          -            353   1.5e-34  118.0   0.3   1   2   3.5e-36     1e-33  115.3   0.0    43   276   436   699   401   709 0.78 -
2722_g               -           1053 16994at5794          -            353   1.5e-34  118.0   0.3   2   2       3.4     1e+03   -3.1   0.5   297   350   948  1001   918  1004 0.74 -
714_g                -           1468 16994at5794          -            353   4.2e-27   93.5   2.5   1   2   1.3e-21   3.7e-19   67.4   0.4    59   188   643   779   636   832 0.73 -
714_g                -           1468 16994at5794          -            353   4.2e-27   93.5   2.5   2   2   1.4e-08     4e-06   24.5   0.1   204   250   920   968   912   981 0.87 -
3735_g               -            784 16994at5794          -            353   1.1e-26   92.1   0.7   1   2   2.1e-25   6.1e-23   79.8   0.0   104   278   281   492   232   528 0.72 -
3735_g               -            784 16994at5794          -            353   1.1e-26   92.1   0.7   2   2    0.0018      0.52    7.7   0.2   109   237   567   706   555   749 0.64 -
2900_g               -            646 16994at5794          -            353   4.7e-16   57.2   1.9   1   2       2.7   7.7e+02   -2.7   0.0   286   348   235   298   229   302 0.52 -
2900_g               -            646 16994at5794          -            353   4.7e-16   57.2   1.9   2   2   2.9e-18   8.4e-16   56.3   0.5   111   252   361   531   323   541 0.76 -
#
# Program:         hmmsearch
# Version:         3.1b2 (February 2015)
# Pipeline mode:   SEARCH
# Query file:      /mnt/e/Bioinformatics/Semester2/BINP29/Malaria Project/Genomes/Parsed/busco_downloads/lineages/apicomplexa_odb10/hmms/16994at5794.hmm
# Target file:     /mnt/e/Bioinformatics/Semester2/BINP29/Malaria Project/Genomes/Parsed/Pf_new.faa
# Option settings: hmmsearch --domtblout /mnt/e/Bioinformatics/Semester2/BINP29/Malaria Project/Genomes/Parsed/Pf/run_apicomplexa_odb10/hmmer_output/initial_run_results/16994at5794.out --cpu 1 /mnt/e/Bioinformatics/Semester2/BINP29/Malaria Project/Genomes/Parsed/busco_downloads/lineages/apicomplexa_odb10/hmms/16994at5794.hmm /mnt/e/Bioinformatics/Semester2/BINP29/Malaria Project/Genomes/Parsed/Pf_new.faa 
# Current dir:     /mnt/e/Bioinformatics/Semester2/BINP29/Malaria Project/Genomes/Parsed
# Date:            Wed Mar  1 19:28:58 2023
# [ok]
