#                                                                            --- full sequence --- -------------- this domain -------------   hmm coord   ali coord   env coord
# target name        accession   tlen query name           accession   qlen   E-value  score  bias   #  of  c-Evalue  i-Evalue  score  bias  from    to  from    to  from    to  acc description of target
#------------------- ---------- ----- -------------------- ---------- ----- --------- ------ ----- --- --- --------- --------- ------ ----- ----- ----- ----- ----- ----- ----- ---- ---------------------
717_g                -            266 17044at5794          -            187   1.6e-78  260.9   6.1   1   3   3.9e-27     2e-24   84.6   0.1     1    66     5    71     5    78 0.94 -
717_g                -            266 17044at5794          -            187   1.6e-78  260.9   6.1   2   3   1.1e-13   5.7e-11   40.7   0.1    61    96    83   118    78   125 0.91 -
717_g                -            266 17044at5794          -            187   1.6e-78  260.9   6.1   3   3   1.8e-43   9.4e-41  137.8   0.2    96   179   160   243   159   256 0.92 -
3109_g               -            272 17044at5794          -            187   1.3e-15   55.9   2.2   1   1   2.2e-17   1.1e-14   52.8   2.2     5   182    60   260    57   265 0.81 -
4241_g               -            562 17044at5794          -            187   8.8e-15   53.1   1.4   1   2   3.2e-09   1.7e-06   26.1   0.1     2    65   306   370   305   376 0.91 -
4241_g               -            562 17044at5794          -            187   8.8e-15   53.1   1.4   2   2   4.4e-09   2.3e-06   25.7   0.1   108   171   485   548   453   561 0.89 -
270_g                -            271 17044at5794          -            187   4.3e-10   37.8   0.0   1   1     2e-11     1e-08   33.4   0.0     4   176    40   230    38   238 0.79 -
506_g                -            247 17044at5794          -            187   1.5e-08   32.9   0.3   1   1   2.7e-10   1.4e-07   29.6   0.3     4   180    30   230    27   234 0.80 -
1237_g               -            257 17044at5794          -            187   2.8e-06   25.4   0.2   1   2   7.5e-05     0.039   11.9   0.1     5    62    34    91    30   110 0.83 -
1237_g               -            257 17044at5794          -            187   2.8e-06   25.4   0.2   2   2   7.4e-05     0.039   11.9   0.0    97   168   155   225   108   235 0.76 -
4613_g               -            241 17044at5794          -            187   1.7e-05   22.9   0.3   1   1   7.5e-08   3.9e-05   21.7   0.3     4    69    36   102    33   234 0.88 -
2309_g               -            208 17044at5794          -            187   0.00067   17.7   0.1   1   1   7.7e-06     0.004   15.1   0.1     5    71    37   105    35   204 0.75 -
1936_g               -            260 17044at5794          -            187    0.0098   13.9   1.2   1   1   3.6e-05     0.019   13.0   0.8    13   147     9   165     2   172 0.64 -
5070_g               -            337 17044at5794          -            187     0.025   12.6   0.2   1   1   8.2e-05     0.043   11.8   0.2     6    87    72   154    67   158 0.79 -
#
# Program:         hmmsearch
# Version:         3.1b2 (February 2015)
# Pipeline mode:   SEARCH
# Query file:      /mnt/e/Bioinformatics/Semester2/BINP29/Malaria Project/Genomes/Parsed/busco_downloads/lineages/apicomplexa_odb10/hmms/17044at5794.hmm
# Target file:     /mnt/e/Bioinformatics/Semester2/BINP29/Malaria Project/Genomes/Parsed/Pf_new.faa
# Option settings: hmmsearch --domtblout /mnt/e/Bioinformatics/Semester2/BINP29/Malaria Project/Genomes/Parsed/Pf/run_apicomplexa_odb10/hmmer_output/initial_run_results/17044at5794.out --cpu 1 /mnt/e/Bioinformatics/Semester2/BINP29/Malaria Project/Genomes/Parsed/busco_downloads/lineages/apicomplexa_odb10/hmms/17044at5794.hmm /mnt/e/Bioinformatics/Semester2/BINP29/Malaria Project/Genomes/Parsed/Pf_new.faa 
# Current dir:     /mnt/e/Bioinformatics/Semester2/BINP29/Malaria Project/Genomes/Parsed
# Date:            Wed Mar  1 19:28:59 2023
# [ok]
