#                                                                            --- full sequence --- -------------- this domain -------------   hmm coord   ali coord   env coord
# target name        accession   tlen query name           accession   qlen   E-value  score  bias   #  of  c-Evalue  i-Evalue  score  bias  from    to  from    to  from    to  acc description of target
#------------------- ---------- ----- -------------------- ---------- ----- --------- ------ ----- --- --- --------- --------- ------ ----- ----- ----- ----- ----- ----- ----- ---- ---------------------
1037_g               -           1011 17200at5794          -            367  3.2e-114  379.7  23.9   1   2   2.1e-95   1.9e-92  308.1  16.3     4   289    14   359    12   366 0.85 -
1037_g               -           1011 17200at5794          -            367  3.2e-114  379.7  23.9   2   2   1.3e-24   1.1e-21   75.3   0.8   258   361   479   589   462   596 0.78 -
2962_g               -            646 17200at5794          -            367   3.2e-08   31.0   9.1   1   5     0.021        19    2.1   0.0   263   345   110   194   101   199 0.64 -
2962_g               -            646 17200at5794          -            367   3.2e-08   31.0   9.1   2   5     0.046        40    1.0   0.0   292   328   177   215   160   220 0.77 -
2962_g               -            646 17200at5794          -            367   3.2e-08   31.0   9.1   3   5   5.3e-06    0.0046   14.0   0.1   261   329   333   404   311   415 0.77 -
2962_g               -            646 17200at5794          -            367   3.2e-08   31.0   9.1   4   5   8.7e-07   0.00076   16.6   0.4   295   365   493   568   456   570 0.81 -
2962_g               -            646 17200at5794          -            367   3.2e-08   31.0   9.1   5   5      0.39   3.4e+02   -2.0   0.0   329   346   627   644   606   645 0.71 -
924_g                -            324 17200at5794          -            367   1.8e-05   21.9   5.4   1   4      0.57   4.9e+02   -2.6   0.0   331   349    36    54    34    68 0.79 -
924_g                -            324 17200at5794          -            367   1.8e-05   21.9   5.4   2   4   0.00023       0.2    8.6   0.1   297   353    88   149    59   157 0.78 -
924_g                -            324 17200at5794          -            367   1.8e-05   21.9   5.4   3   4   3.3e-05     0.028   11.4   0.1   275   350   154   233   142   249 0.76 -
924_g                -            324 17200at5794          -            367   1.8e-05   21.9   5.4   4   4     0.012        10    3.0   0.2   328   347   299   318   241   323 0.49 -
888_g                -            325 17200at5794          -            367   6.3e-05   20.1   3.0   1   4   7.6e-07   0.00066   16.8   0.3   234   352    30   155    23   164 0.62 -
888_g                -            325 17200at5794          -            367   6.3e-05   20.1   3.0   2   4      0.13   1.1e+02   -0.4   0.0   271   310   197   233   175   235 0.49 -
888_g                -            325 17200at5794          -            367   6.3e-05   20.1   3.0   3   4     0.025        21    1.9   0.1   284   324   255   297   200   302 0.59 -
888_g                -            325 17200at5794          -            367   6.3e-05   20.1   3.0   4   4     0.027        23    1.8   0.0   284   328   255   301   237   320 0.80 -
1138_g               -            328 17200at5794          -            367    0.0011   16.1   0.9   1   4      0.25   2.2e+02   -1.4   0.0   329   351    21    43    13    48 0.84 -
1138_g               -            328 17200at5794          -            367    0.0011   16.1   0.9   2   4   0.00016      0.14    9.2   0.2   292   355   112   179    59   191 0.85 -
1138_g               -            328 17200at5794          -            367    0.0011   16.1   0.9   3   4    0.0004      0.34    7.8   0.2   293   343   154   209   121   216 0.55 -
1138_g               -            328 17200at5794          -            367    0.0011   16.1   0.9   4   4    0.0097       8.4    3.3   0.0   310   350   276   320   266   326 0.76 -
4398_g               -            447 17200at5794          -            367     0.014   12.4   1.2   1   4      0.19   1.6e+02   -1.0   0.0   160   189   163   192   148   198 0.73 -
4398_g               -            447 17200at5794          -            367     0.014   12.4   1.2   2   4     0.063        54    0.6   0.0   148   189   248   289   228   296 0.76 -
4398_g               -            447 17200at5794          -            367     0.014   12.4   1.2   3   4   0.00095      0.83    6.6   0.0   332   353   309   330   298   341 0.82 -
4398_g               -            447 17200at5794          -            367     0.014   12.4   1.2   4   4      0.08        69    0.3   0.0   331   352   411   432   385   444 0.79 -
#
# Program:         hmmsearch
# Version:         3.1b2 (February 2015)
# Pipeline mode:   SEARCH
# Query file:      /mnt/e/Bioinformatics/Semester2/BINP29/Malaria Project/Genomes/Parsed/busco_downloads/lineages/apicomplexa_odb10/hmms/17200at5794.hmm
# Target file:     /mnt/e/Bioinformatics/Semester2/BINP29/Malaria Project/Genomes/Parsed/Pf_new.faa
# Option settings: hmmsearch --domtblout /mnt/e/Bioinformatics/Semester2/BINP29/Malaria Project/Genomes/Parsed/Pf/run_apicomplexa_odb10/hmmer_output/initial_run_results/17200at5794.out --cpu 1 /mnt/e/Bioinformatics/Semester2/BINP29/Malaria Project/Genomes/Parsed/busco_downloads/lineages/apicomplexa_odb10/hmms/17200at5794.hmm /mnt/e/Bioinformatics/Semester2/BINP29/Malaria Project/Genomes/Parsed/Pf_new.faa 
# Current dir:     /mnt/e/Bioinformatics/Semester2/BINP29/Malaria Project/Genomes/Parsed
# Date:            Wed Mar  1 19:28:59 2023
# [ok]
