#                                                                            --- full sequence --- -------------- this domain -------------   hmm coord   ali coord   env coord
# target name        accession   tlen query name           accession   qlen   E-value  score  bias   #  of  c-Evalue  i-Evalue  score  bias  from    to  from    to  from    to  acc description of target
#------------------- ---------- ----- -------------------- ---------- ----- --------- ------ ----- --- --- --------- --------- ------ ----- ----- ----- ----- ----- ----- ----- ---- ---------------------
888_g                -            325 17218at5794          -            257  3.6e-107  355.7  11.7   1   1  1.3e-108  1.4e-106  353.8  11.7     7   257    30   324    21   324 0.89 -
2962_g               -            646 17218at5794          -            257   1.3e-41  140.9   4.1   1   6   3.9e-07   4.3e-05   21.2   0.0    41    99   109   168   104   170 0.84 -
2962_g               -            646 17218at5794          -            257   1.3e-41  140.9   4.1   2   6   1.8e-08     2e-06   25.6   0.0     9    65   162   217   159   228 0.91 -
2962_g               -            646 17218at5794          -            257   1.3e-41  140.9   4.1   3   6   5.6e-11   6.2e-09   33.8   0.3    28   105   324   404   297   408 0.86 -
2962_g               -            646 17218at5794          -            257   1.3e-41  140.9   4.1   4   6      0.62        69    0.9   0.0   101   119   443   461   419   471 0.61 -
2962_g               -            646 17218at5794          -            257   1.3e-41  140.9   4.1   5   6   1.3e-13   1.4e-11   42.4   0.0     4    87   469   552   466   576 0.89 -
2962_g               -            646 17218at5794          -            257   1.3e-41  140.9   4.1   6   6   7.1e-06   0.00078   17.1   0.0     6    39   608   641   603   645 0.86 -
924_g                -            324 17218at5794          -            257   1.4e-30  104.8   7.3   1   3   6.5e-12   7.2e-10   36.8   0.3    12    99    19   115     8   117 0.79 -
924_g                -            324 17218at5794          -            257   1.4e-30  104.8   7.3   2   3   2.7e-19   2.9e-17   61.1   0.5    12   126   112   234   112   241 0.91 -
924_g                -            324 17218at5794          -            257   1.4e-30  104.8   7.3   3   3   5.2e-05    0.0058   14.2   0.1   150   222   240   320   234   322 0.78 -
4540_g               -            625 17218at5794          -            257   4.5e-24   83.4   9.9   1   2   2.8e-10   3.1e-08   31.5   0.6     6    98   361   453   356   456 0.84 -
4540_g               -            625 17218at5794          -            257   4.5e-24   83.4   9.9   2   2   1.5e-17   1.7e-15   55.3   2.9    14   150   453   605   450   618 0.79 -
3252_g               -            604 17218at5794          -            257   2.2e-23   81.1  12.2   1   4       1.3   1.4e+02   -0.1   0.1    34    50   141   157   124   167 0.87 -
3252_g               -            604 17218at5794          -            257   2.2e-23   81.1  12.2   2   4   1.3e-07   1.5e-05   22.7   0.4    58   126   339   411   320   415 0.85 -
3252_g               -            604 17218at5794          -            257   2.2e-23   81.1  12.2   3   4   8.5e-15   9.5e-13   46.3   1.1     6   104   413   514   409   521 0.86 -
3252_g               -            604 17218at5794          -            257   2.2e-23   81.1  12.2   4   4   6.4e-06   0.00071   17.2   0.0    44    85   538   580   513   591 0.66 -
3725_g               -            601 17218at5794          -            257   4.1e-23   80.2   9.1   1   3     0.024       2.6    5.5   0.6   162   212   245   295   224   314 0.57 -
3725_g               -            601 17218at5794          -            257   4.1e-23   80.2   9.1   2   3   4.5e-19     5e-17   60.3   0.5     9   125   281   402   275   407 0.90 -
3725_g               -            601 17218at5794          -            257   4.1e-23   80.2   9.1   3   3   4.5e-08   4.9e-06   24.3   0.2    49   127   404   487   401   505 0.82 -
3456_g               -           1522 17218at5794          -            257   5.3e-23   79.9   9.6   1   4   8.4e-05    0.0093   13.5   0.0    80   124    33    82    20    90 0.81 -
3456_g               -           1522 17218at5794          -            257   5.3e-23   79.9   9.6   2   4   5.5e-09   6.1e-07   27.3   0.2     9    87    88   166    83   185 0.65 -
3456_g               -           1522 17218at5794          -            257   5.3e-23   79.9   9.6   3   4   3.1e-13   3.5e-11   41.2   1.2     6   159   262   421   257   446 0.76 -
3456_g               -           1522 17218at5794          -            257   5.3e-23   79.9   9.6   4   4       7.1   7.8e+02   -2.6   0.0   128   153   951   976   866   999 0.82 -
4616_g               -           1243 17218at5794          -            257     4e-21   73.7  11.6   1   3   3.7e-13   4.1e-11   40.9   0.3    10    88   946  1025   941  1029 0.92 -
4616_g               -           1243 17218at5794          -            257     4e-21   73.7  11.6   2   3   3.2e-09   3.6e-07   28.0   0.9     4   123  1025  1153  1022  1160 0.80 -
4616_g               -           1243 17218at5794          -            257     4e-21   73.7  11.6   3   3   4.6e-06   0.00051   17.7   0.9   152   254  1121  1239  1115  1241 0.68 -
1728_g               -           1276 17218at5794          -            257   2.9e-20   70.9  22.2   1   4       9.6   1.1e+03   -3.0   0.0    69    92    30    52    24    55 0.62 -
1728_g               -           1276 17218at5794          -            257   2.9e-20   70.9  22.2   2   4   4.1e-12   4.5e-10   37.5   5.7    28   183    81   234    67   256 0.74 -
1728_g               -           1276 17218at5794          -            257   2.9e-20   70.9  22.2   3   4      0.05       5.5    4.5   0.5    57   220   623   691   597   712 0.63 -
1728_g               -           1276 17218at5794          -            257   2.9e-20   70.9  22.2   4   4     4e-12   4.4e-10   37.5   0.9    15   124   851   965   842  1004 0.85 -
4000_g               -           1011 17218at5794          -            257   2.6e-18   64.5  18.5   1   4   4.7e-07   5.2e-05   20.9   0.6     7   127     8   132     4   144 0.77 -
4000_g               -           1011 17218at5794          -            257   2.6e-18   64.5  18.5   2   4   8.1e-10     9e-08   30.0   0.9    19   125    62   175    44   179 0.85 -
4000_g               -           1011 17218at5794          -            257   2.6e-18   64.5  18.5   3   4   3.2e-13   3.6e-11   41.1   3.6    16   122   144   263   133   280 0.76 -
4000_g               -           1011 17218at5794          -            257   2.6e-18   64.5  18.5   4   4      0.43        48    1.4   0.3   172   221   447   494   437   501 0.79 -
3788_g               -            533 17218at5794          -            257   4.5e-18   63.7  11.5   1   3   1.7e-06   0.00019   19.1   0.2   191   253   210   280   200   284 0.80 -
3788_g               -            533 17218at5794          -            257   4.5e-18   63.7  11.5   2   3   6.3e-11     7e-09   33.6   1.1     8   129   329   456   322   463 0.87 -
3788_g               -            533 17218at5794          -            257   4.5e-18   63.7  11.5   3   3   1.8e-05     0.002   15.8   0.3    20    84   466   532   457   532 0.88 -
2211_g               -            619 17218at5794          -            257   4.7e-18   63.7   9.4   1   3   5.5e-12   6.1e-10   37.1   0.1    11    89   326   406   313   412 0.87 -
2211_g               -            619 17218at5794          -            257   4.7e-18   63.7   9.4   2   3    0.0017      0.18    9.3   0.3   157   252   419   524   406   529 0.57 -
2211_g               -            619 17218at5794          -            257   4.7e-18   63.7   9.4   3   3   3.8e-07   4.3e-05   21.2   0.9    10    84   541   618   534   618 0.86 -
2114_g               -            793 17218at5794          -            257   1.1e-16   59.2  20.4   1   4   5.4e-06    0.0006   17.5   0.0     7    45     6    44     2    65 0.71 -
2114_g               -            793 17218at5794          -            257   1.1e-16   59.2  20.4   2   4   2.3e-06   0.00025   18.7   0.4    11    82    85   159    78   180 0.71 -
2114_g               -            793 17218at5794          -            257   1.1e-16   59.2  20.4   3   4   6.6e-08   7.4e-06   23.7   1.6    51   124   308   390   276   402 0.80 -
2114_g               -            793 17218at5794          -            257   1.1e-16   59.2  20.4   4   4    0.0071      0.79    7.2   3.2    43   121   696   788   669   791 0.76 -
411_g                -            649 17218at5794          -            257   1.5e-16   58.8  10.7   1   3   0.00019     0.021   12.4   4.9   105   254   313   461   227   464 0.65 -
411_g                -            649 17218at5794          -            257   1.5e-16   58.8  10.7   2   3   6.4e-11     7e-09   33.6   0.2    11   122   474   593   465   604 0.83 -
411_g                -            649 17218at5794          -            257   1.5e-16   58.8  10.7   3   3     0.032       3.5    5.1   0.0    11    43   603   635   593   645 0.83 -
3126_g               -           1221 17218at5794          -            257   3.3e-13   47.8  15.4   1   5       9.1     1e+03   -3.0   0.2   133   152   101   120    97   145 0.72 -
3126_g               -           1221 17218at5794          -            257   3.3e-13   47.8  15.4   2   5      0.52        58    1.1   0.1   177   223   216   262   200   284 0.48 -
3126_g               -           1221 17218at5794          -            257   3.3e-13   47.8  15.4   3   5       5.3   5.9e+02   -2.2   0.0    72    86   362   376   341   392 0.62 -
3126_g               -           1221 17218at5794          -            257   3.3e-13   47.8  15.4   4   5   9.3e-06     0.001   16.7   0.1    45   122   607   693   588   707 0.79 -
3126_g               -           1221 17218at5794          -            257   3.3e-13   47.8  15.4   5   5   5.3e-12   5.9e-10   37.1   0.7     6    98   724   815   719   861 0.86 -
281_g                -            583 17218at5794          -            257   6.5e-13   46.8   7.1   1   4   0.00059     0.065   10.8   0.1    94   124   312   342   294   350 0.73 -
281_g                -            583 17218at5794          -            257   6.5e-13   46.8   7.1   2   4      0.36        40    1.6   0.0   108   128   403   423   383   434 0.81 -
281_g                -            583 17218at5794          -            257   6.5e-13   46.8   7.1   3   4   5.4e-10     6e-08   30.6   0.1    71   132   449   519   440   531 0.77 -
281_g                -            583 17218at5794          -            257   6.5e-13   46.8   7.1   4   4     0.083       9.2    3.7   0.1    52    86   540   576   526   580 0.75 -
3581_g               -            651 17218at5794          -            257   1.4e-12   45.7   2.4   1   2   2.2e-07   2.4e-05   22.0   0.1   202   254   339   399   279   402 0.81 -
3581_g               -            651 17218at5794          -            257   1.4e-12   45.7   2.4   2   2   1.1e-07   1.2e-05   23.0   0.2    25   125   442   553   421   575 0.76 -
702_g                -           1122 17218at5794          -            257   1.7e-12   45.4  11.9   1   5       1.7   1.9e+02   -0.5   0.0   200   246    21    72    17    75 0.58 -
702_g                -           1122 17218at5794          -            257   1.7e-12   45.4  11.9   2   5   3.8e-06   0.00042   18.0   0.1     9    90   158   241   150   250 0.85 -
702_g                -           1122 17218at5794          -            257   1.7e-12   45.4  11.9   3   5       3.8   4.2e+02   -1.7   0.0   144   181   402   444   371   467 0.53 -
702_g                -           1122 17218at5794          -            257   1.7e-12   45.4  11.9   4   5   0.00016     0.017   12.7   0.1   200   252   490   547   452   552 0.67 -
702_g                -           1122 17218at5794          -            257   1.7e-12   45.4  11.9   5   5   8.1e-06    0.0009   16.9   0.5    15    89   593   672   581   718 0.73 -
1138_g               -            328 17218at5794          -            257     2e-12   45.2   0.4   1   3   0.00012     0.014   13.0   0.0    10    92     6    87     1    96 0.76 -
1138_g               -            328 17218at5794          -            257     2e-12   45.2   0.4   2   3   1.1e-06   0.00012   19.7   0.6    49   121   134   212   117   220 0.81 -
1138_g               -            328 17218at5794          -            257     2e-12   45.2   0.4   3   3    0.0039      0.43    8.1   0.0    77   123   267   318   243   323 0.79 -
4398_g               -            447 17218at5794          -            257   3.7e-12   44.4   0.0   1   3      0.59        66    0.9   0.0   106   123   167   184   138   191 0.43 -
4398_g               -            447 17218at5794          -            257   3.7e-12   44.4   0.0   2   3     2e-08   2.2e-06   25.4   0.0     6   125   197   327   192   333 0.75 -
4398_g               -            447 17218at5794          -            257   3.7e-12   44.4   0.0   3   3   0.00022     0.024   12.2   0.1     9    87   333   429   328   434 0.69 -
2411_g               -            484 17218at5794          -            257   4.5e-12   44.1   9.5   1   4      0.04       4.4    4.8   0.0    10    73    82   146    75   149 0.87 -
2411_g               -            484 17218at5794          -            257   4.5e-12   44.1   9.5   2   4   1.2e-07   1.3e-05   22.9   0.8    15   125   131   249   122   250 0.76 -
2411_g               -            484 17218at5794          -            257   4.5e-12   44.1   9.5   3   4     3e-09   3.4e-07   28.1   0.9    63   125   223   291   216   305 0.81 -
2411_g               -            484 17218at5794          -            257   4.5e-12   44.1   9.5   4   4      0.99   1.1e+02    0.2   0.2    80   121   335   387   314   395 0.51 -
2580_g               -            645 17218at5794          -            257   5.9e-12   43.7   9.6   1   4   8.5e-09   9.5e-07   26.6   0.1    32   101    17    86     3    92 0.80 -
2580_g               -            645 17218at5794          -            257   5.9e-12   43.7   9.6   2   4     0.035       3.9    5.0   0.3    48   105   117   174    81   185 0.62 -
2580_g               -            645 17218at5794          -            257   5.9e-12   43.7   9.6   3   4    0.0053      0.59    7.6   0.0    45    93   261   310   231   328 0.61 -
2580_g               -            645 17218at5794          -            257   5.9e-12   43.7   9.6   4   4     0.014       1.5    6.3   0.1   151   184   610   642   586   644 0.66 -
5045_g               -            483 17218at5794          -            257   9.1e-12   43.1  12.6   1   4   1.1e-06   0.00012   19.7   7.9    50   126    59   142    54   273 0.71 -
5045_g               -            483 17218at5794          -            257   9.1e-12   43.1  12.6   2   4   3.9e-05    0.0044   14.6   0.4   144   253   225   345   223   348 0.77 -
5045_g               -            483 17218at5794          -            257   9.1e-12   43.1  12.6   3   4   2.6e-05    0.0029   15.2   0.1    11   121   317   391   276   396 0.54 -
5045_g               -            483 17218at5794          -            257   9.1e-12   43.1  12.6   4   4     0.007      0.77    7.3   0.0    12    44   361   393   350   410 0.80 -
2274_g               -            637 17218at5794          -            257   2.5e-11   41.6  22.7   1   6       3.7   4.1e+02   -1.7   0.1   192   221    25    54    18    67 0.61 -
2274_g               -            637 17218at5794          -            257   2.5e-11   41.6  22.7   2   6       8.9   9.8e+02   -2.9   0.1    35    61   215   242   209   252 0.73 -
2274_g               -            637 17218at5794          -            257   2.5e-11   41.6  22.7   3   6     0.015       1.7    6.1   0.2    43    98   293   351   258   358 0.69 -
2274_g               -            637 17218at5794          -            257   2.5e-11   41.6  22.7   4   6     0.001      0.11   10.0   0.3    56   103   365   414   357   422 0.71 -
2274_g               -            637 17218at5794          -            257   2.5e-11   41.6  22.7   5   6     2e-10   2.2e-08   32.0   2.7    62   147   424   513   402   524 0.76 -
2274_g               -            637 17218at5794          -            257   2.5e-11   41.6  22.7   6   6      0.01       1.1    6.7   0.1   105   154   554   601   534   619 0.79 -
2738_g               -            583 17218at5794          -            257     2e-10   38.7  10.0   1   3   1.3e-06   0.00015   19.4   0.2    12    95    48   134    43   144 0.84 -
2738_g               -            583 17218at5794          -            257     2e-10   38.7  10.0   2   3   3.7e-05    0.0041   14.7   0.6     9   103   165   259   156   266 0.72 -
2738_g               -            583 17218at5794          -            257     2e-10   38.7  10.0   3   3    0.0061      0.67    7.5   0.2   107   186   374   441   357   482 0.59 -
712_g                -            366 17218at5794          -            257   2.1e-10   38.6  18.4   1   2     2e-11   2.2e-09   35.2  14.6     9   222    12   261     5   274 0.73 -
712_g                -            366 17218at5794          -            257   2.1e-10   38.6  18.4   2   2       2.7     3e+02   -1.2   0.1   201   222   343   364   333   365 0.85 -
4689_g               -            324 17218at5794          -            257   4.1e-10   37.6   9.9   1   3   1.1e-10   1.2e-08   32.8   5.3    15   126    12   130     3   151 0.82 -
4689_g               -            324 17218at5794          -            257   4.1e-10   37.6   9.9   2   3       1.9   2.1e+02   -0.8   0.0   150   182   139   171   130   215 0.62 -
4689_g               -            324 17218at5794          -            257   4.1e-10   37.6   9.9   3   3     0.015       1.6    6.2   0.0   140   181   259   301   218   318 0.72 -
4456_g               -           1077 17218at5794          -            257   8.4e-10   36.6   6.4   1   3       2.2   2.5e+02   -1.0   0.0    70    89   197   216   188   225 0.79 -
4456_g               -           1077 17218at5794          -            257   8.4e-10   36.6   6.4   2   3   2.5e-10   2.7e-08   31.7   1.4    10   123   226   363   218   368 0.77 -
4456_g               -           1077 17218at5794          -            257   8.4e-10   36.6   6.4   3   3       0.2        22    2.5   0.0   197   223   961   988   911  1002 0.78 -
2379_g               -            491 17218at5794          -            257   1.1e-09   36.2   6.7   1   2       0.6        66    0.9   0.0   196   221   181   206   165   215 0.75 -
2379_g               -            491 17218at5794          -            257   1.1e-09   36.2   6.7   2   2   3.4e-11   3.8e-09   34.5   3.7    51   163   261   385   253   446 0.73 -
1683_g               -            820 17218at5794          -            257   2.9e-09   34.8  11.0   1   4   0.00022     0.024   12.2   0.1    18    90    69   141    57   173 0.85 -
1683_g               -            820 17218at5794          -            257   2.9e-09   34.8  11.0   2   4   3.2e-06   0.00035   18.2   0.2    98   162   259   328   248   335 0.81 -
1683_g               -            820 17218at5794          -            257   2.9e-09   34.8  11.0   3   4    0.0016      0.17    9.4   0.5   163   222   411   471   393   480 0.89 -
1683_g               -            820 17218at5794          -            257   2.9e-09   34.8  11.0   4   4       8.6   9.5e+02   -2.9   0.1   136   180   771   816   766   819 0.79 -
2505_g               -            622 17218at5794          -            257   6.2e-09   33.8   0.3   1   1   7.4e-10   8.2e-08   30.1   0.4     8    91    87   180    80   219 0.72 -
441_g                -            364 17218at5794          -            257   7.7e-09   33.5   1.6   1   3   3.5e-09   3.9e-07   27.9   0.1    21    94    74   151    62   157 0.82 -
441_g                -            364 17218at5794          -            257   7.7e-09   33.5   1.6   2   3      0.15        17    2.8   0.1    83   126   164   206   157   274 0.62 -
441_g                -            364 17218at5794          -            257   7.7e-09   33.5   1.6   3   3         2   2.2e+02   -0.8   0.0    48    83   318   355   312   360 0.56 -
1587_g               -            446 17218at5794          -            257   1.6e-08   32.4  10.9   1   3      0.18        20    2.6   0.0   227   253   145   172   136   176 0.82 -
1587_g               -            446 17218at5794          -            257   1.6e-08   32.4  10.9   2   3   1.9e-06   0.00021   18.9   5.9    52   219   199   363   190   370 0.70 -
1587_g               -            446 17218at5794          -            257   1.6e-08   32.4  10.9   3   3     0.013       1.5    6.3   0.0    55    84   389   420   366   426 0.64 -
3318_g               -            710 17218at5794          -            257   3.6e-08   31.3   6.5   1   2   1.1e-07   1.2e-05   23.0   2.2    10   164    83   257    75   284 0.68 -
3318_g               -            710 17218at5794          -            257   3.6e-08   31.3   6.5   2   2    0.0038      0.42    8.1   0.8    44    87   283   330   237   346 0.56 -
458_g                -            726 17218at5794          -            257   5.3e-08   30.7  18.3   1   4      0.08       8.9    3.8   0.0     8    46   149   188   142   198 0.76 -
458_g                -            726 17218at5794          -            257   5.3e-08   30.7  18.3   2   4    0.0052      0.57    7.7   0.3    63   132   295   368   288   447 0.62 -
458_g                -            726 17218at5794          -            257   5.3e-08   30.7  18.3   3   4   8.5e-06   0.00095   16.8   3.2    16   125   468   582   453   612 0.85 -
458_g                -            726 17218at5794          -            257   5.3e-08   30.7  18.3   4   4    0.0011      0.12    9.9   0.2    16    81   638   703   630   709 0.84 -
3676_g               -            499 17218at5794          -            257   5.8e-08   30.6   6.3   1   3    0.0057      0.63    7.5   0.1     5    43   262   300   258   317 0.82 -
3676_g               -            499 17218at5794          -            257   5.8e-08   30.6   6.3   2   3   1.2e-06   0.00013   19.6   1.2   153   250   337   434   330   438 0.94 -
3676_g               -            499 17218at5794          -            257   5.8e-08   30.6   6.3   3   3    0.0037      0.41    8.2   0.0    93   131   419   462   418   467 0.76 -
2434_g               -            371 17218at5794          -            257   9.3e-08   29.9   0.5   1   2   2.6e-05    0.0029   15.2   0.2    19   122    34   151    21   184 0.72 -
2434_g               -            371 17218at5794          -            257   9.3e-08   29.9   0.5   2   2   0.00017     0.018   12.6   0.0   203   247   311   360   297   366 0.84 -
490_g                -            465 17218at5794          -            257   1.3e-07   29.5  11.4   1   2   1.4e-06   0.00015   19.4   0.1   154   252    38   139    27   142 0.82 -
490_g                -            465 17218at5794          -            257   1.3e-07   29.5  11.4   2   2   8.7e-07   9.7e-05   20.0   7.3    49   189   107   269   105   285 0.72 -
111_g                -            528 17218at5794          -            257   2.9e-07   28.3   9.3   1   4      0.02       2.2    5.8   0.2   183   254   210   285   193   288 0.70 -
111_g                -            528 17218at5794          -            257   2.9e-07   28.3   9.3   2   4    0.0074      0.82    7.2   0.3    46    98   258   311   217   312 0.69 -
111_g                -            528 17218at5794          -            257   2.9e-07   28.3   9.3   3   4   1.5e-06   0.00017   19.3   0.7     9    95   306   393   297   413 0.81 -
111_g                -            528 17218at5794          -            257   2.9e-07   28.3   9.3   4   4     0.018         2    5.9   0.1   206   250   472   521   452   526 0.59 -
825_g                -            492 17218at5794          -            257   3.5e-07   28.0  13.0   1   4      0.16        18    2.8   0.1    99   221   192   216   178   227 0.58 -
825_g                -            492 17218at5794          -            257   3.5e-07   28.0  13.0   2   4   1.4e-06   0.00016   19.4   4.2    60   127   311   395   289   401 0.73 -
825_g                -            492 17218at5794          -            257   3.5e-07   28.0  13.0   3   4    0.0033      0.37    8.3   0.1    50    90   397   439   393   447 0.76 -
825_g                -            492 17218at5794          -            257   3.5e-07   28.0  13.0   4   4      0.63        70    0.9   0.0   231   250   462   482   453   486 0.81 -
2310_g               -            503 17218at5794          -            257   1.4e-06   26.1   6.2   1   3    0.0061      0.67    7.5   1.3    14   180    34   200    24   203 0.63 -
2310_g               -            503 17218at5794          -            257   1.4e-06   26.1   6.2   2   3      0.31        35    1.8   0.0   106   125   184   203   155   217 0.59 -
2310_g               -            503 17218at5794          -            257   1.4e-06   26.1   6.2   3   3   1.7e-06   0.00019   19.1   0.2    36   103   370   437   361   446 0.91 -
1369_g               -            567 17218at5794          -            257   1.8e-06   25.7   1.8   1   2    0.0075      0.83    7.2   0.1    10    63    71   121    56   130 0.75 -
1369_g               -            567 17218at5794          -            257   1.8e-06   25.7   1.8   2   2   6.1e-06   0.00067   17.3   0.3    13    94   326   407   316   420 0.86 -
2690_g               -            486 17218at5794          -            257   2.8e-06   25.1   1.3   1   3      0.14        16    2.9   0.0    23    90   119   144    59   162 0.73 -
2690_g               -            486 17218at5794          -            257   2.8e-06   25.1   1.3   2   3   5.7e-06   0.00064   17.4   0.3    43    88   216   262   200   275 0.83 -
2690_g               -            486 17218at5794          -            257   2.8e-06   25.1   1.3   3   3      0.39        43    1.5   0.0    17   176   384   406   344   421 0.65 -
3124_g               -            381 17218at5794          -            257   3.8e-06   24.7   0.2   1   2       6.7   7.4e+02   -2.5   0.0   174   198    82   106    68   128 0.63 -
3124_g               -            381 17218at5794          -            257   3.8e-06   24.7   0.2   2   2   1.1e-07   1.2e-05   23.0   0.0     6    90   190   277   186   286 0.86 -
3469_g               -            347 17218at5794          -            257   7.3e-06   23.7   2.2   1   2   1.4e-07   1.5e-05   22.7   1.4    55   162   176   264   148   284 0.54 -
3469_g               -            347 17218at5794          -            257   7.3e-06   23.7   2.2   2   2    0.0065      0.72    7.3   0.1   135   163   234   265   220   346 0.78 -
1191_g               -            603 17218at5794          -            257   1.5e-05   22.7   0.7   1   2         2   2.2e+02   -0.8   0.0   170   219   242   291   223   304 0.59 -
1191_g               -            603 17218at5794          -            257   1.5e-05   22.7   0.7   2   2   6.9e-07   7.6e-05   20.4   0.2    67   106   396   434   357   453 0.84 -
1521_g               -            606 17218at5794          -            257   6.8e-05   20.5   1.2   1   1   5.3e-06   0.00059   17.5   1.2   106   183   229   296   215   300 0.78 -
#
# Program:         hmmsearch
# Version:         3.1b2 (February 2015)
# Pipeline mode:   SEARCH
# Query file:      /mnt/e/Bioinformatics/Semester2/BINP29/Malaria Project/Genomes/Parsed/busco_downloads/lineages/apicomplexa_odb10/hmms/17218at5794.hmm
# Target file:     /mnt/e/Bioinformatics/Semester2/BINP29/Malaria Project/Genomes/Parsed/Pf_new.faa
# Option settings: hmmsearch --domtblout /mnt/e/Bioinformatics/Semester2/BINP29/Malaria Project/Genomes/Parsed/Pf/run_apicomplexa_odb10/hmmer_output/initial_run_results/17218at5794.out --cpu 1 /mnt/e/Bioinformatics/Semester2/BINP29/Malaria Project/Genomes/Parsed/busco_downloads/lineages/apicomplexa_odb10/hmms/17218at5794.hmm /mnt/e/Bioinformatics/Semester2/BINP29/Malaria Project/Genomes/Parsed/Pf_new.faa 
# Current dir:     /mnt/e/Bioinformatics/Semester2/BINP29/Malaria Project/Genomes/Parsed
# Date:            Wed Mar  1 19:28:59 2023
# [ok]
