#                                                                            --- full sequence --- -------------- this domain -------------   hmm coord   ali coord   env coord
# target name        accession   tlen query name           accession   qlen   E-value  score  bias   #  of  c-Evalue  i-Evalue  score  bias  from    to  from    to  from    to  acc description of target
#------------------- ---------- ----- -------------------- ---------- ----- --------- ------ ----- --- --- --------- --------- ------ ----- ----- ----- ----- ----- ----- ----- ---- ---------------------
3486_g               -            269 18101at5794          -            220    9e-104  344.2  13.7   1   1    1e-105  4.5e-103  341.9  13.7     1   220    15   258    15   258 0.90 -
3263_g               -            286 18101at5794          -            220   2.1e-36  123.9  13.1   1   2      0.44   1.9e+02   -0.2   1.8    14    42    14    42     2    48 0.78 -
3263_g               -            286 18101at5794          -            220   2.1e-36  123.9  13.1   2   2   4.9e-39   2.1e-36  123.9  13.1    10   218    36   272    28   274 0.77 -
4708_g               -            385 18101at5794          -            220   8.2e-31  105.6  15.8   1   1   9.5e-33   4.1e-30  103.3  15.8    65   218   189   359   111   361 0.76 -
4888_g               -            232 18101at5794          -            220   3.5e-22   77.4  19.4   1   1     1e-24   4.5e-22   77.1  19.4    33   210    23   219     6   223 0.64 -
2685_g               -            275 18101at5794          -            220   6.3e-22   76.6  17.8   1   1   1.9e-24   8.2e-22   76.2  17.8     6   210     7   230     2   235 0.79 -
4246_g               -           2312 18101at5794          -            220     1e-15   56.3  11.3   1   2       4.6     2e+03   -3.5   0.1    28    54   148   174   131   182 0.64 -
4246_g               -           2312 18101at5794          -            220     1e-15   56.3  11.3   2   2   2.3e-18     1e-15   56.3  11.3    71   138  1750  1819  1725  1836 0.82 -
1118_g               -           1322 18101at5794          -            220   1.2e-15   56.1  21.3   1   2      0.42   1.8e+02   -0.1   2.4     8    59    51   106    41   120 0.54 -
1118_g               -           1322 18101at5794          -            220   1.2e-15   56.1  21.3   2   2   2.8e-18   1.2e-15   56.1  21.3     9   188    78   271    70   291 0.66 -
206_g                -            316 18101at5794          -            220   1.6e-15   55.6  27.0   1   1   3.6e-17   1.5e-14   52.4  27.0     8   187    44   256    35   264 0.67 -
2734_g               -            294 18101at5794          -            220   1.8e-15   55.5  27.4   1   1   1.2e-17   5.2e-15   54.0  27.4     7   186    40   239    34   248 0.61 -
3739_g               -            583 18101at5794          -            220   7.4e-14   50.2   6.3   1   2       1.2   5.3e+02   -1.6   2.5   119   155   264   300   224   333 0.66 -
3739_g               -            583 18101at5794          -            220   7.4e-14   50.2   6.3   2   2   1.7e-16   7.4e-14   50.2   6.3    42   145   409   510   395   519 0.76 -
217_g                -            654 18101at5794          -            220   5.5e-11   40.8  14.6   1   3         2   8.6e+02   -2.3   0.9   149   191   111   153    82   180 0.65 -
217_g                -            654 18101at5794          -            220   5.5e-11   40.8  14.6   2   3      0.83   3.6e+02   -1.1   0.0    30    58   302   329   273   349 0.64 -
217_g                -            654 18101at5794          -            220   5.5e-11   40.8  14.6   3   3   1.3e-13   5.5e-11   40.8  14.6    70   191   450   572   441   576 0.71 -
4776_g               -            188 18101at5794          -            220   8.1e-09   33.7  20.0   1   1   8.2e-11   3.5e-08   31.6  20.1    71   166    42   137    28   164 0.65 -
#
# Program:         hmmsearch
# Version:         3.1b2 (February 2015)
# Pipeline mode:   SEARCH
# Query file:      /mnt/e/Bioinformatics/Semester2/BINP29/Malaria Project/Genomes/Parsed/busco_downloads/lineages/apicomplexa_odb10/hmms/18101at5794.hmm
# Target file:     /mnt/e/Bioinformatics/Semester2/BINP29/Malaria Project/Genomes/Parsed/Pf_new.faa
# Option settings: hmmsearch --domtblout /mnt/e/Bioinformatics/Semester2/BINP29/Malaria Project/Genomes/Parsed/Pf/run_apicomplexa_odb10/hmmer_output/initial_run_results/18101at5794.out --cpu 1 /mnt/e/Bioinformatics/Semester2/BINP29/Malaria Project/Genomes/Parsed/busco_downloads/lineages/apicomplexa_odb10/hmms/18101at5794.hmm /mnt/e/Bioinformatics/Semester2/BINP29/Malaria Project/Genomes/Parsed/Pf_new.faa 
# Current dir:     /mnt/e/Bioinformatics/Semester2/BINP29/Malaria Project/Genomes/Parsed
# Date:            Wed Mar  1 19:29:00 2023
# [ok]
