#                                                                            --- full sequence --- -------------- this domain -------------   hmm coord   ali coord   env coord
# target name        accession   tlen query name           accession   qlen   E-value  score  bias   #  of  c-Evalue  i-Evalue  score  bias  from    to  from    to  from    to  acc description of target
#------------------- ---------- ----- -------------------- ---------- ----- --------- ------ ----- --- --- --------- --------- ------ ----- ----- ----- ----- ----- ----- ----- ---- ---------------------
3489_g               -            445 21423at5794          -            269   3.2e-99  330.1  61.9   1   4   1.3e-20   3.4e-17   61.2   0.4     3    48    19    64    14    79 0.86 -
3489_g               -            445 21423at5794          -            269   3.2e-99  330.1  61.9   2   4   9.2e-24   2.4e-20   71.5  12.3    45   127    85   179    75   183 0.80 -
3489_g               -            445 21423at5794          -            269   3.2e-99  330.1  61.9   3   4   6.4e-50   1.7e-46  157.3  28.5    69   253   179   382   174   388 0.77 -
3489_g               -            445 21423at5794          -            269   3.2e-99  330.1  61.9   4   4   1.4e-18   3.7e-15   54.5   5.5   203   269   367   435   364   435 0.82 -
453_g                -            205 21423at5794          -            269     1e-12   46.5   2.1   1   3      0.92   2.4e+03   -3.9   6.6   216   232    44    60    16    93 0.46 -
453_g                -            205 21423at5794          -            269     1e-12   46.5   2.1   2   3     4e-16     1e-12   46.5   2.1   221   267   106   151    83   153 0.81 -
453_g                -            205 21423at5794          -            269     1e-12   46.5   2.1   3   3      0.18   4.6e+02   -1.6   0.3   107   222   181   187   156   198 0.52 -
#
# Program:         hmmsearch
# Version:         3.1b2 (February 2015)
# Pipeline mode:   SEARCH
# Query file:      /mnt/e/Bioinformatics/Semester2/BINP29/Malaria Project/Genomes/Parsed/busco_downloads/lineages/apicomplexa_odb10/hmms/21423at5794.hmm
# Target file:     /mnt/e/Bioinformatics/Semester2/BINP29/Malaria Project/Genomes/Parsed/Pf_new.faa
# Option settings: hmmsearch --domtblout /mnt/e/Bioinformatics/Semester2/BINP29/Malaria Project/Genomes/Parsed/Pf/run_apicomplexa_odb10/hmmer_output/initial_run_results/21423at5794.out --cpu 1 /mnt/e/Bioinformatics/Semester2/BINP29/Malaria Project/Genomes/Parsed/busco_downloads/lineages/apicomplexa_odb10/hmms/21423at5794.hmm /mnt/e/Bioinformatics/Semester2/BINP29/Malaria Project/Genomes/Parsed/Pf_new.faa 
# Current dir:     /mnt/e/Bioinformatics/Semester2/BINP29/Malaria Project/Genomes/Parsed
# Date:            Wed Mar  1 19:29:05 2023
# [ok]
