#                                                                            --- full sequence --- -------------- this domain -------------   hmm coord   ali coord   env coord
# target name        accession   tlen query name           accession   qlen   E-value  score  bias   #  of  c-Evalue  i-Evalue  score  bias  from    to  from    to  from    to  acc description of target
#------------------- ---------- ----- -------------------- ---------- ----- --------- ------ ----- --- --- --------- --------- ------ ----- ----- ----- ----- ----- ----- ----- ---- ---------------------
1936_g               -            260 21956at5794          -            164     8e-77  255.0   6.1   1   1   3.5e-79     2e-76  253.6   6.1     1   163     1   183     1   184 0.93 -
4613_g               -            241 21956at5794          -            164   1.9e-11   42.3   0.1   1   1   6.6e-14   3.8e-11   41.4   0.1     3   129    39   182    37   189 0.77 -
3109_g               -            272 21956at5794          -            164   5.7e-09   34.3   0.9   1   1   1.7e-11   9.7e-09   33.5   0.9     5   142    64   218    61   226 0.73 -
506_g                -            247 21956at5794          -            164   1.3e-07   29.9   1.1   1   1   4.9e-09   2.8e-06   25.5   1.1    67   141   117   193    31   204 0.64 -
270_g                -            271 21956at5794          -            164   1.8e-07   29.4   0.0   1   1   5.1e-10   2.9e-07   28.7   0.0     3   140    43   196    41   202 0.76 -
1237_g               -            257 21956at5794          -            164   2.8e-06   25.5   0.0   1   1   2.8e-07   0.00016   19.8   0.0     4   139    37   199    34   221 0.60 -
717_g                -            266 21956at5794          -            164   1.3e-05   23.3   5.9   1   2   7.9e-05     0.046   11.8   1.4     3    92    11   121     9   127 0.63 -
717_g                -            266 21956at5794          -            164   1.3e-05   23.3   5.9   2   2   2.5e-05     0.015   13.4   0.2   109   150   174   216   141   229 0.77 -
507_g                -            242 21956at5794          -            164   3.8e-05   21.9   0.2   1   1   2.9e-07   0.00017   19.8   0.2     5   146    33   195    30   206 0.73 -
3474_g               -            236 21956at5794          -            164   0.00012   20.2   0.2   1   1   7.6e-07   0.00044   18.4   0.2     5   141    36   192    33   210 0.67 -
#
# Program:         hmmsearch
# Version:         3.1b2 (February 2015)
# Pipeline mode:   SEARCH
# Query file:      /mnt/e/Bioinformatics/Semester2/BINP29/Malaria Project/Genomes/Parsed/busco_downloads/lineages/apicomplexa_odb10/hmms/21956at5794.hmm
# Target file:     /mnt/e/Bioinformatics/Semester2/BINP29/Malaria Project/Genomes/Parsed/Pf_new.faa
# Option settings: hmmsearch --domtblout /mnt/e/Bioinformatics/Semester2/BINP29/Malaria Project/Genomes/Parsed/Pf/run_apicomplexa_odb10/hmmer_output/initial_run_results/21956at5794.out --cpu 1 /mnt/e/Bioinformatics/Semester2/BINP29/Malaria Project/Genomes/Parsed/busco_downloads/lineages/apicomplexa_odb10/hmms/21956at5794.hmm /mnt/e/Bioinformatics/Semester2/BINP29/Malaria Project/Genomes/Parsed/Pf_new.faa 
# Current dir:     /mnt/e/Bioinformatics/Semester2/BINP29/Malaria Project/Genomes/Parsed
# Date:            Wed Mar  1 19:29:05 2023
# [ok]
