#                                                                            --- full sequence --- -------------- this domain -------------   hmm coord   ali coord   env coord
# target name        accession   tlen query name           accession   qlen   E-value  score  bias   #  of  c-Evalue  i-Evalue  score  bias  from    to  from    to  from    to  acc description of target
#------------------- ---------- ----- -------------------- ---------- ----- --------- ------ ----- --- --- --------- --------- ------ ----- ----- ----- ----- ----- ----- ----- ---- ---------------------
73_g                 -            323 22709at5794          -            182     8e-50  167.1  42.9   1   4    0.0025       0.8    7.4   0.2     2    21    55    74    54    78 0.90 -
73_g                 -            323 22709at5794          -            182     8e-50  167.1  42.9   2   4   1.8e-33   5.9e-31  105.6  11.2    12   118    81   188    76   201 0.83 -
73_g                 -            323 22709at5794          -            182     8e-50  167.1  42.9   3   4   4.6e-24   1.5e-21   75.0  23.6   104   177   199   273   187   278 0.88 -
73_g                 -            323 22709at5794          -            182     8e-50  167.1  42.9   4   4       8.8   2.9e+03   -4.2   6.2   116   148   285   318   272   322 0.50 -
3663_g               -            381 22709at5794          -            182   6.1e-09   33.9   2.7   1   1   5.8e-11   1.9e-08   32.3   2.7    32   104    49   124    35   134 0.81 -
4662_g               -            548 22709at5794          -            182   4.3e-08   31.1   2.3   1   4       6.5   2.1e+03   -3.7   0.5   136   148    42    54    35    58 0.75 -
4662_g               -            548 22709at5794          -            182   4.3e-08   31.1   2.3   2   4         1   3.3e+02   -1.1   1.0   114   150   168   206   143   215 0.68 -
4662_g               -            548 22709at5794          -            182   4.3e-08   31.1   2.3   3   4   1.3e-10   4.3e-08   31.1   2.3    30    90   209   272   198   281 0.85 -
4662_g               -            548 22709at5794          -            182   4.3e-08   31.1   2.3   4   4       4.2   1.4e+03   -3.1   0.2    87   105   313   333   309   341 0.56 -
4449_g               -            389 22709at5794          -            182   1.2e-07   29.7   0.1   1   1   6.4e-10   2.1e-07   28.9   0.1    28    88    78   145    62   148 0.84 -
4766_g               -            393 22709at5794          -            182   2.2e-07   28.8   0.7   1   1   1.2e-09     4e-07   27.9   0.7    29    90    58   126    42   143 0.83 -
2132_g               -            245 22709at5794          -            182   4.2e-07   27.9   0.4   1   1   2.3e-09   7.5e-07   27.1   0.2    29    88     5    69     1    88 0.81 -
1418_g               -            382 22709at5794          -            182   4.8e-07   27.7   0.4   1   1     3e-09   9.9e-07   26.7   0.4    29    88    54   116    49   123 0.86 -
1632_g               -            425 22709at5794          -            182     7e-07   27.2   0.2   1   2   2.2e-09     7e-07   27.2   0.2    24    90    21    87    11    94 0.85 -
1632_g               -            425 22709at5794          -            182     7e-07   27.2   0.2   2   2       2.4     8e+02   -2.3   2.6    98   126   358   386   346   417 0.49 -
4862_g               -            487 22709at5794          -            182   4.2e-06   24.6   2.2   1   1   1.3e-08   4.2e-06   24.6   2.2    31    89   163   228   141   236 0.81 -
182_g                -            652 22709at5794          -            182   1.3e-05   23.1   0.1   1   3      0.93     3e+02   -1.0   1.6    70   103    52    86    45    94 0.55 -
182_g                -            652 22709at5794          -            182   1.3e-05   23.1   0.1   2   3   3.9e-08   1.3e-05   23.1   0.1    29    89   128   192   118   195 0.81 -
182_g                -            652 22709at5794          -            182   1.3e-05   23.1   0.1   3   3       3.8   1.2e+03   -3.0   0.1   102   123   509   530   504   532 0.74 -
4120_g               -            371 22709at5794          -            182   7.6e-05   20.5   0.9   1   2   2.3e-07   7.6e-05   20.5   0.9    30    88    53   114    50   121 0.83 -
4120_g               -            371 22709at5794          -            182   7.6e-05   20.5   0.9   2   2       1.9   6.3e+02   -2.0   1.5    89   138   250   302   241   314 0.60 -
4422_g               -            403 22709at5794          -            182   0.00015   19.5   0.1   1   1   1.1e-06   0.00034   18.4   0.1    32    88    84   147    78   157 0.79 -
2621_g               -            541 22709at5794          -            182   0.00026   18.8   0.5   1   1   2.6e-06   0.00084   17.1   0.5    38    88    45    94    30   100 0.82 -
4466_g               -            143 22709at5794          -            182    0.0015   16.3   2.6   1   1   1.1e-05    0.0037   15.0   2.6    29    82     8    72     3   106 0.62 -
620_g                -            128 22709at5794          -            182    0.0031   15.3   4.5   1   1   1.1e-05    0.0037   15.0   4.5    94   158    30   100     6   126 0.77 -
2617_g               -            108 22709at5794          -            182    0.0032   15.2   2.8   1   1   1.2e-05     0.004   14.9   2.8    64   123    37    97    25   106 0.87 -
#
# Program:         hmmsearch
# Version:         3.1b2 (February 2015)
# Pipeline mode:   SEARCH
# Query file:      /mnt/e/Bioinformatics/Semester2/BINP29/Malaria Project/Genomes/Parsed/busco_downloads/lineages/apicomplexa_odb10/hmms/22709at5794.hmm
# Target file:     /mnt/e/Bioinformatics/Semester2/BINP29/Malaria Project/Genomes/Parsed/Pf_new.faa
# Option settings: hmmsearch --domtblout /mnt/e/Bioinformatics/Semester2/BINP29/Malaria Project/Genomes/Parsed/Pf/run_apicomplexa_odb10/hmmer_output/initial_run_results/22709at5794.out --cpu 1 /mnt/e/Bioinformatics/Semester2/BINP29/Malaria Project/Genomes/Parsed/busco_downloads/lineages/apicomplexa_odb10/hmms/22709at5794.hmm /mnt/e/Bioinformatics/Semester2/BINP29/Malaria Project/Genomes/Parsed/Pf_new.faa 
# Current dir:     /mnt/e/Bioinformatics/Semester2/BINP29/Malaria Project/Genomes/Parsed
# Date:            Wed Mar  1 19:29:07 2023
# [ok]
