#                                                                            --- full sequence --- -------------- this domain -------------   hmm coord   ali coord   env coord
# target name        accession   tlen query name           accession   qlen   E-value  score  bias   #  of  c-Evalue  i-Evalue  score  bias  from    to  from    to  from    to  acc description of target
#------------------- ---------- ----- -------------------- ---------- ----- --------- ------ ----- --- --- --------- --------- ------ ----- ----- ----- ----- ----- ----- ----- ---- ---------------------
4044_g               -            957 22800at5794          -            293  6.7e-146  483.1   4.1   1   1  1.2e-148  1.2e-145  482.2   4.1     9   280   565   839   557   845 0.97 -
2802_g               -            719 22800at5794          -            293   7.2e-45  151.4   1.0   1   2   1.9e-18     2e-15   54.8   0.0    58   116   110   168   102   178 0.90 -
2802_g               -            719 22800at5794          -            293   7.2e-45  151.4   1.0   2   2     2e-30   2.1e-27   94.1   0.6   131   261   351   480   338   516 0.86 -
5098_g               -            380 22800at5794          -            293   0.00015   19.1   2.5   1   2   4.2e-07   0.00044   17.6   0.0    55   105    25    75     6    79 0.76 -
5098_g               -            380 22800at5794          -            293   0.00015   19.1   2.5   2   2     0.067        69    0.5   0.8   203   258   237   292   223   320 0.77 -
85_g                 -            360 22800at5794          -            293    0.0004   17.7   0.1   1   2      0.29     3e+02   -1.6   0.0   197   235    28    66    23   101 0.78 -
85_g                 -            360 22800at5794          -            293    0.0004   17.7   0.1   2   2   1.2e-06    0.0013   16.1   0.0    52    95    98   141    83   148 0.84 -
106_g                -            119 22800at5794          -            293    0.0021   15.4   0.3   1   1   2.3e-06    0.0024   15.2   0.3    50   100    17    66     1    70 0.69 -
#
# Program:         hmmsearch
# Version:         3.1b2 (February 2015)
# Pipeline mode:   SEARCH
# Query file:      /mnt/e/Bioinformatics/Semester2/BINP29/Malaria Project/Genomes/Parsed/busco_downloads/lineages/apicomplexa_odb10/hmms/22800at5794.hmm
# Target file:     /mnt/e/Bioinformatics/Semester2/BINP29/Malaria Project/Genomes/Parsed/Pf_new.faa
# Option settings: hmmsearch --domtblout /mnt/e/Bioinformatics/Semester2/BINP29/Malaria Project/Genomes/Parsed/Pf/run_apicomplexa_odb10/hmmer_output/initial_run_results/22800at5794.out --cpu 1 /mnt/e/Bioinformatics/Semester2/BINP29/Malaria Project/Genomes/Parsed/busco_downloads/lineages/apicomplexa_odb10/hmms/22800at5794.hmm /mnt/e/Bioinformatics/Semester2/BINP29/Malaria Project/Genomes/Parsed/Pf_new.faa 
# Current dir:     /mnt/e/Bioinformatics/Semester2/BINP29/Malaria Project/Genomes/Parsed
# Date:            Wed Mar  1 19:29:07 2023
# [ok]
