#                                                                            --- full sequence --- -------------- this domain -------------   hmm coord   ali coord   env coord
# target name        accession   tlen query name           accession   qlen   E-value  score  bias   #  of  c-Evalue  i-Evalue  score  bias  from    to  from    to  from    to  acc description of target
#------------------- ---------- ----- -------------------- ---------- ----- --------- ------ ----- --- --- --------- --------- ------ ----- ----- ----- ----- ----- ----- ----- ---- ---------------------
3085_g               -            246 22905at5794          -            194   2.2e-92  306.2   0.4   1   1   3.6e-95   2.7e-92  306.0   0.4     1   193    10   224    10   225 0.91 -
5104_g               -            230 22905at5794          -            194   2.6e-32  110.2   2.0   1   1   2.9e-34   2.2e-31  107.2   2.0    21   186     2   191     1   196 0.83 -
834_g                -            276 22905at5794          -            194   1.5e-19   68.6  10.5   1   2   3.2e-18   2.4e-15   54.9   3.5     9   144    21   174    13   180 0.76 -
834_g                -            276 22905at5794          -            194   1.5e-19   68.6  10.5   2   2     2e-05     0.015   13.1   0.3   157   193   215   254   203   255 0.79 -
4404_g               -            360 22905at5794          -            194   1.2e-18   65.6   5.6   1   3   1.1e-12   8.4e-10   36.8   0.4    16    87    89   174    82   181 0.67 -
4404_g               -            360 22905at5794          -            194   1.2e-18   65.6   5.6   2   3   4.5e-07   0.00033   18.5   0.1    52   135   211   299   176   305 0.76 -
4404_g               -            360 22905at5794          -            194   1.2e-18   65.6   5.6   3   3   8.3e-05     0.062   11.1   0.1   162   190   304   332   300   336 0.91 -
4241_g               -            562 22905at5794          -            194   2.7e-07   28.6   0.0   1   1   9.3e-10   6.9e-07   27.3   0.0    24   127    63   168    50   174 0.79 -
4400_g               -            187 22905at5794          -            194   3.5e-05   21.7   0.5   1   1   8.4e-08   6.3e-05   20.9   0.3    19   135     5   128     1   136 0.82 -
85_g                 -            360 22905at5794          -            194    0.0032   15.3   1.4   1   2   9.4e-06     0.007   14.2   0.6     5    66    98   161    93   236 0.70 -
85_g                 -            360 22905at5794          -            194    0.0032   15.3   1.4   2   2      0.47   3.5e+02   -1.1   0.1    64   110   220   267   191   295 0.55 -
#
# Program:         hmmsearch
# Version:         3.1b2 (February 2015)
# Pipeline mode:   SEARCH
# Query file:      /mnt/e/Bioinformatics/Semester2/BINP29/Malaria Project/Genomes/Parsed/busco_downloads/lineages/apicomplexa_odb10/hmms/22905at5794.hmm
# Target file:     /mnt/e/Bioinformatics/Semester2/BINP29/Malaria Project/Genomes/Parsed/Pf_new.faa
# Option settings: hmmsearch --domtblout /mnt/e/Bioinformatics/Semester2/BINP29/Malaria Project/Genomes/Parsed/Pf/run_apicomplexa_odb10/hmmer_output/initial_run_results/22905at5794.out --cpu 1 /mnt/e/Bioinformatics/Semester2/BINP29/Malaria Project/Genomes/Parsed/busco_downloads/lineages/apicomplexa_odb10/hmms/22905at5794.hmm /mnt/e/Bioinformatics/Semester2/BINP29/Malaria Project/Genomes/Parsed/Pf_new.faa 
# Current dir:     /mnt/e/Bioinformatics/Semester2/BINP29/Malaria Project/Genomes/Parsed
# Date:            Wed Mar  1 19:29:07 2023
# [ok]
