#                                                                            --- full sequence --- -------------- this domain -------------   hmm coord   ali coord   env coord
# target name        accession   tlen query name           accession   qlen   E-value  score  bias   #  of  c-Evalue  i-Evalue  score  bias  from    to  from    to  from    to  acc description of target
#------------------- ---------- ----- -------------------- ---------- ----- --------- ------ ----- --- --- --------- --------- ------ ----- ----- ----- ----- ----- ----- ----- ---- ---------------------
5097_g               -            276 22915at5794          -            223  4.4e-107  354.7   1.5   1   2      0.69     9e+02   -2.8   0.0     1    10     3    12     3    18 0.83 -
5097_g               -            276 22915at5794          -            223  4.4e-107  354.7   1.5   2   2  3.4e-110  4.4e-107  354.6   0.4     6   223    36   275    32   275 0.94 -
791_g                -            546 22915at5794          -            223   1.2e-08   32.8   0.8   1   3   1.9e-06    0.0025   15.3   0.0    59   127   159   231   128   250 0.78 -
791_g                -            546 22915at5794          -            223   1.2e-08   32.8   0.8   2   3       1.4   1.8e+03   -3.8   0.0    80   109   263   292   257   316 0.69 -
791_g                -            546 22915at5794          -            223   1.2e-08   32.8   0.8   3   3   2.1e-06    0.0027   15.2   0.1    72   170   339   443   323   504 0.84 -
2821_g               -            508 22915at5794          -            223   2.4e-05   21.9   4.7   1   4    0.0035       4.6    4.7   0.0   110   146    77   113    56   157 0.80 -
2821_g               -            508 22915at5794          -            223   2.4e-05   21.9   4.7   2   4    0.0012       1.5    6.2   0.7   108   169   159   220   106   228 0.68 -
2821_g               -            508 22915at5794          -            223   2.4e-05   21.9   4.7   3   4     0.004       5.2    4.5   0.0   110   167   245   302   241   304 0.88 -
2821_g               -            508 22915at5794          -            223   2.4e-05   21.9   4.7   4   4   0.00032      0.42    8.1   0.0    64   167   278   387   274   391 0.78 -
5057_g               -            327 22915at5794          -            223      0.01   13.4   1.1   1   1   1.9e-05     0.024   12.1   0.7    56   171   113   234   109   237 0.80 -
#
# Program:         hmmsearch
# Version:         3.1b2 (February 2015)
# Pipeline mode:   SEARCH
# Query file:      /mnt/e/Bioinformatics/Semester2/BINP29/Malaria Project/Genomes/Parsed/busco_downloads/lineages/apicomplexa_odb10/hmms/22915at5794.hmm
# Target file:     /mnt/e/Bioinformatics/Semester2/BINP29/Malaria Project/Genomes/Parsed/Pf_new.faa
# Option settings: hmmsearch --domtblout /mnt/e/Bioinformatics/Semester2/BINP29/Malaria Project/Genomes/Parsed/Pf/run_apicomplexa_odb10/hmmer_output/initial_run_results/22915at5794.out --cpu 1 /mnt/e/Bioinformatics/Semester2/BINP29/Malaria Project/Genomes/Parsed/busco_downloads/lineages/apicomplexa_odb10/hmms/22915at5794.hmm /mnt/e/Bioinformatics/Semester2/BINP29/Malaria Project/Genomes/Parsed/Pf_new.faa 
# Current dir:     /mnt/e/Bioinformatics/Semester2/BINP29/Malaria Project/Genomes/Parsed
# Date:            Wed Mar  1 19:29:07 2023
# [ok]
