#                                                                            --- full sequence --- -------------- this domain -------------   hmm coord   ali coord   env coord
# target name        accession   tlen query name           accession   qlen   E-value  score  bias   #  of  c-Evalue  i-Evalue  score  bias  from    to  from    to  from    to  acc description of target
#------------------- ---------- ----- -------------------- ---------- ----- --------- ------ ----- --- --- --------- --------- ------ ----- ----- ----- ----- ----- ----- ----- ---- ---------------------
3112_g               -            390 23091at5794          -            225   2.7e-84  280.3  34.9   1   4   2.6e-21   3.3e-18   64.1   4.4     1    68     1    74     1    77 0.89 -
3112_g               -            390 23091at5794          -            225   2.7e-84  280.3  34.9   2   4   1.2e-24   1.5e-21   75.0  10.5     8   126    78   196    73   218 0.78 -
3112_g               -            390 23091at5794          -            225   2.7e-84  280.3  34.9   3   4   3.2e-21   4.2e-18   63.8   0.3   119   174   231   287   215   306 0.89 -
3112_g               -            390 23091at5794          -            225   2.7e-84  280.3  34.9   4   4   7.3e-30   9.5e-27   92.0   0.5   174   225   337   388   309   388 0.90 -
2136_g               -            382 23091at5794          -            225   9.8e-31  105.1   9.1   1   5   2.8e-08   3.6e-05   21.5   0.1     1    55     1    59     1    71 0.85 -
2136_g               -            382 23091at5794          -            225   9.8e-31  105.1   9.1   2   5   2.8e-08   3.6e-05   21.5   0.1     1    55    77   135    77   147 0.85 -
2136_g               -            382 23091at5794          -            225   9.8e-31  105.1   9.1   3   5   2.8e-08   3.6e-05   21.5   0.1     1    55   153   211   153   223 0.85 -
2136_g               -            382 23091at5794          -            225   9.8e-31  105.1   9.1   4   5   2.8e-08   3.6e-05   21.5   0.1     1    55   229   287   229   299 0.85 -
2136_g               -            382 23091at5794          -            225   9.8e-31  105.1   9.1   5   5   2.8e-08   3.6e-05   21.5   0.1     1    55   305   363   305   375 0.85 -
619_g                -            129 23091at5794          -            225   2.5e-06   25.3   0.0   1   1     2e-09   2.6e-06   25.2   0.0     1    55     1    59     1   103 0.85 -
528_g                -            203 23091at5794          -            225   0.00013   19.7   0.0   1   2       1.2   1.6e+03   -3.5   0.0   113   140    96   123    94   124 0.81 -
528_g                -            203 23091at5794          -            225   0.00013   19.7   0.0   2   2   1.8e-07   0.00023   18.8   0.0   180   219   163   201   132   202 0.84 -
#
# Program:         hmmsearch
# Version:         3.1b2 (February 2015)
# Pipeline mode:   SEARCH
# Query file:      /mnt/e/Bioinformatics/Semester2/BINP29/Malaria Project/Genomes/Parsed/busco_downloads/lineages/apicomplexa_odb10/hmms/23091at5794.hmm
# Target file:     /mnt/e/Bioinformatics/Semester2/BINP29/Malaria Project/Genomes/Parsed/Pf_new.faa
# Option settings: hmmsearch --domtblout /mnt/e/Bioinformatics/Semester2/BINP29/Malaria Project/Genomes/Parsed/Pf/run_apicomplexa_odb10/hmmer_output/initial_run_results/23091at5794.out --cpu 1 /mnt/e/Bioinformatics/Semester2/BINP29/Malaria Project/Genomes/Parsed/busco_downloads/lineages/apicomplexa_odb10/hmms/23091at5794.hmm /mnt/e/Bioinformatics/Semester2/BINP29/Malaria Project/Genomes/Parsed/Pf_new.faa 
# Current dir:     /mnt/e/Bioinformatics/Semester2/BINP29/Malaria Project/Genomes/Parsed
# Date:            Wed Mar  1 19:29:08 2023
# [ok]
