#                                                                            --- full sequence --- -------------- this domain -------------   hmm coord   ali coord   env coord
# target name        accession   tlen query name           accession   qlen   E-value  score  bias   #  of  c-Evalue  i-Evalue  score  bias  from    to  from    to  from    to  acc description of target
#------------------- ---------- ----- -------------------- ---------- ----- --------- ------ ----- --- --- --------- --------- ------ ----- ----- ----- ----- ----- ----- ----- ---- ---------------------
528_g                -            203 25452at5794          -            160   7.6e-80  264.7   5.3   1   1   1.3e-80   4.9e-78  258.8   5.3     3   160    11   199     9   199 0.84 -
4697_g               -            153 25452at5794          -            160   7.1e-46  154.3   0.0   1   1   2.4e-48     9e-46  154.0   0.0    20   132    36   150     5   152 0.92 -
2062_g               -            148 25452at5794          -            160   1.5e-43  146.7   1.8   1   1   2.2e-45     8e-43  144.4   1.8    20   129    35   146     1   147 0.93 -
793_g                -            164 25452at5794          -            160     2e-31  107.3   0.1   1   1   8.2e-34     3e-31  106.8   0.1    19   123    37   140     6   154 0.92 -
3887_g               -            161 25452at5794          -            160     2e-29  100.8   0.1   1   1   6.5e-32   2.4e-29  100.6   0.1    19   117    37   134     8   148 0.93 -
3451_g               -            156 25452at5794          -            160   1.7e-28   97.8   0.0   1   1   5.8e-31   2.2e-28   97.5   0.0    19   131    34   150    23   154 0.90 -
3322_g               -            185 25452at5794          -            160   1.7e-24   84.8   0.1   1   1   6.6e-27   2.5e-24   84.3   0.1     9   137    25   150    19   165 0.88 -
4083_g               -            160 25452at5794          -            160   1.1e-22   78.9   0.1   1   1   3.7e-25   1.4e-22   78.6   0.1    20   122    43   149    30   158 0.85 -
2448_g               -            158 25452at5794          -            160   5.2e-18   63.7   0.1   1   1   1.8e-20   6.6e-18   63.4   0.1    24   120    46   141    13   153 0.86 -
4139_g               -            164 25452at5794          -            160   3.4e-17   61.1   0.3   1   1   5.9e-19   2.2e-16   58.4   0.3    21   120    40   152    29   162 0.83 -
1409_g               -            300 25452at5794          -            160   1.9e-13   48.9   0.2   1   2       7.5   2.8e+03   -3.7   0.0    17    32    95   110    90   119 0.76 -
1409_g               -            300 25452at5794          -            160   1.9e-13   48.9   0.2   2   2   1.1e-15     4e-13   47.8   0.1    19   100   186   267   168   276 0.84 -
426_g                -            275 25452at5794          -            160   2.4e-13   48.6   0.3   1   1   1.1e-15   4.1e-13   47.8   0.3    23   100   167   244   122   256 0.90 -
3762_g               -            143 25452at5794          -            160   2.3e-12   45.4   0.0   1   1   7.4e-15   2.7e-12   45.1   0.0    11   107    36   134    31   142 0.86 -
2433_g               -            466 25452at5794          -            160     9e-07   27.2   0.1   1   1   4.2e-09   1.6e-06   26.4   0.1    27    84   138   195   121   226 0.90 -
#
# Program:         hmmsearch
# Version:         3.1b2 (February 2015)
# Pipeline mode:   SEARCH
# Query file:      /mnt/e/Bioinformatics/Semester2/BINP29/Malaria Project/Genomes/Parsed/busco_downloads/lineages/apicomplexa_odb10/hmms/25452at5794.hmm
# Target file:     /mnt/e/Bioinformatics/Semester2/BINP29/Malaria Project/Genomes/Parsed/Pf_new.faa
# Option settings: hmmsearch --domtblout /mnt/e/Bioinformatics/Semester2/BINP29/Malaria Project/Genomes/Parsed/Pf/run_apicomplexa_odb10/hmmer_output/initial_run_results/25452at5794.out --cpu 1 /mnt/e/Bioinformatics/Semester2/BINP29/Malaria Project/Genomes/Parsed/busco_downloads/lineages/apicomplexa_odb10/hmms/25452at5794.hmm /mnt/e/Bioinformatics/Semester2/BINP29/Malaria Project/Genomes/Parsed/Pf_new.faa 
# Current dir:     /mnt/e/Bioinformatics/Semester2/BINP29/Malaria Project/Genomes/Parsed
# Date:            Wed Mar  1 19:29:11 2023
# [ok]
