#                                                                            --- full sequence --- -------------- this domain -------------   hmm coord   ali coord   env coord
# target name        accession   tlen query name           accession   qlen   E-value  score  bias   #  of  c-Evalue  i-Evalue  score  bias  from    to  from    to  from    to  acc description of target
#------------------- ---------- ----- -------------------- ---------- ----- --------- ------ ----- --- --- --------- --------- ------ ----- ----- ----- ----- ----- ----- ----- ---- ---------------------
4026_g               -            313 26366at5794          -            191   9.8e-63  209.4   9.7   1   1   2.4e-65   4.1e-62  207.3   9.7     1   179     4   211     4   227 0.83 -
4593_g               -            615 26366at5794          -            191   4.8e-13   47.3  10.3   1   3      0.26   4.6e+02   -1.6   2.7    82   132    83   136    53   146 0.63 -
4593_g               -            615 26366at5794          -            191   4.8e-13   47.3  10.3   2   3   1.3e-06    0.0022   15.8   0.4    41   105   152   227   126   231 0.70 -
4593_g               -            615 26366at5794          -            191   4.8e-13   47.3  10.3   3   3   9.8e-13   1.7e-09   35.7   0.1   109   177   485   566   483   570 0.78 -
721_g                -            538 26366at5794          -            191     3e-12   44.7  25.7   1   3   9.1e-09   1.6e-05   22.8   0.5    10    72    64   133    51   157 0.72 -
721_g                -            538 26366at5794          -            191     3e-12   44.7  25.7   2   3   0.00024      0.41    8.4  10.4    19   138   166   298   160   303 0.59 -
721_g                -            538 26366at5794          -            191     3e-12   44.7  25.7   3   3   8.7e-09   1.5e-05   22.8   1.2   119   168   386   445   366   454 0.76 -
#
# Program:         hmmsearch
# Version:         3.1b2 (February 2015)
# Pipeline mode:   SEARCH
# Query file:      /mnt/e/Bioinformatics/Semester2/BINP29/Malaria Project/Genomes/Parsed/busco_downloads/lineages/apicomplexa_odb10/hmms/26366at5794.hmm
# Target file:     /mnt/e/Bioinformatics/Semester2/BINP29/Malaria Project/Genomes/Parsed/Pf_new.faa
# Option settings: hmmsearch --domtblout /mnt/e/Bioinformatics/Semester2/BINP29/Malaria Project/Genomes/Parsed/Pf/run_apicomplexa_odb10/hmmer_output/initial_run_results/26366at5794.out --cpu 1 /mnt/e/Bioinformatics/Semester2/BINP29/Malaria Project/Genomes/Parsed/busco_downloads/lineages/apicomplexa_odb10/hmms/26366at5794.hmm /mnt/e/Bioinformatics/Semester2/BINP29/Malaria Project/Genomes/Parsed/Pf_new.faa 
# Current dir:     /mnt/e/Bioinformatics/Semester2/BINP29/Malaria Project/Genomes/Parsed
# Date:            Wed Mar  1 19:29:13 2023
# [ok]
