#                                                                            --- full sequence --- -------------- this domain -------------   hmm coord   ali coord   env coord
# target name        accession   tlen query name           accession   qlen   E-value  score  bias   #  of  c-Evalue  i-Evalue  score  bias  from    to  from    to  from    to  acc description of target
#------------------- ---------- ----- -------------------- ---------- ----- --------- ------ ----- --- --- --------- --------- ------ ----- ----- ----- ----- ----- ----- ----- ---- ---------------------
1154_g               -           1304 26665at5794          -            141   4.4e-52  173.9   4.1   1   4   3.4e-55   4.4e-52  173.9   4.1     2   139    13   177    12   179 0.86 -
1154_g               -           1304 26665at5794          -            141   4.4e-52  173.9   4.1   2   4      0.73   9.5e+02   -2.2   0.9    16    58   237   279   234   287 0.84 -
1154_g               -           1304 26665at5794          -            141   4.4e-52  173.9   4.1   3   4       1.9   2.5e+03   -3.5   0.8     4    41   546   579   544   626 0.58 -
1154_g               -           1304 26665at5794          -            141   4.4e-52  173.9   4.1   4   4      0.19   2.4e+02   -0.3   4.9    21    56   818   853   801   877 0.79 -
4013_g               -            258 26665at5794          -            141     2e-06   26.0   1.5   1   2   1.5e-09     2e-06   26.0   1.5    38   113    33   107     5   127 0.86 -
4013_g               -            258 26665at5794          -            141     2e-06   26.0   1.5   2   2      0.32   4.2e+02   -1.0   0.4    36    54   192   210   175   228 0.54 -
2609_g               -            149 26665at5794          -            141   9.8e-06   23.7   0.9   1   1   9.7e-09   1.3e-05   23.4   0.9    56   128    70   144    32   148 0.82 -
2798_g               -            249 26665at5794          -            141   0.00028   19.0   1.7   1   2       0.4   5.2e+02   -1.3   0.1    46    53    62    69    34   105 0.59 -
2798_g               -            249 26665at5794          -            141   0.00028   19.0   1.7   2   2   2.2e-07   0.00028   19.0   1.7    57   139   147   231   125   233 0.84 -
#
# Program:         hmmsearch
# Version:         3.1b2 (February 2015)
# Pipeline mode:   SEARCH
# Query file:      /mnt/e/Bioinformatics/Semester2/BINP29/Malaria Project/Genomes/Parsed/busco_downloads/lineages/apicomplexa_odb10/hmms/26665at5794.hmm
# Target file:     /mnt/e/Bioinformatics/Semester2/BINP29/Malaria Project/Genomes/Parsed/Pf_new.faa
# Option settings: hmmsearch --domtblout /mnt/e/Bioinformatics/Semester2/BINP29/Malaria Project/Genomes/Parsed/Pf/run_apicomplexa_odb10/hmmer_output/initial_run_results/26665at5794.out --cpu 1 /mnt/e/Bioinformatics/Semester2/BINP29/Malaria Project/Genomes/Parsed/busco_downloads/lineages/apicomplexa_odb10/hmms/26665at5794.hmm /mnt/e/Bioinformatics/Semester2/BINP29/Malaria Project/Genomes/Parsed/Pf_new.faa 
# Current dir:     /mnt/e/Bioinformatics/Semester2/BINP29/Malaria Project/Genomes/Parsed
# Date:            Wed Mar  1 19:29:14 2023
# [ok]
