#                                                                            --- full sequence --- -------------- this domain -------------   hmm coord   ali coord   env coord
# target name        accession   tlen query name           accession   qlen   E-value  score  bias   #  of  c-Evalue  i-Evalue  score  bias  from    to  from    to  from    to  acc description of target
#------------------- ---------- ----- -------------------- ---------- ----- --------- ------ ----- --- --- --------- --------- ------ ----- ----- ----- ----- ----- ----- ----- ---- ---------------------
1595_g               -            150 26893at5794          -            134   7.3e-80  263.9   7.8   1   1   3.4e-82   8.3e-80  263.7   7.8     1   134     5   144     5   144 0.98 -
4366_g               -            169 26893at5794          -            134   6.2e-37  125.0   9.8   1   1   2.9e-39   7.3e-37  124.7   9.8     1   133    21   159    21   160 0.96 -
3261_g               -            499 26893at5794          -            134   1.3e-28   98.0   8.0   1   1   1.2e-30   2.9e-28   96.9   8.0     1   133    32   170    32   171 0.94 -
1714_g               -            169 26893at5794          -            134   2.2e-27   94.1   5.5   1   1     1e-29   2.6e-27   93.8   5.5     2   132    22   158    21   160 0.93 -
2590_g               -            169 26893at5794          -            134   7.8e-18   63.1   4.5   1   1   4.4e-20   1.1e-17   62.7   4.5     3   134    13   150    11   150 0.89 -
3801_g               -            547 26893at5794          -            134   1.7e-14   52.3   2.3   1   2   1.7e-08   4.3e-06   25.1   0.1    62   133   392   463   375   464 0.90 -
3801_g               -            547 26893at5794          -            134   1.7e-14   52.3   2.3   2   2   7.2e-09   1.8e-06   26.4   0.2    77   133   477   539   466   540 0.77 -
3292_g               -            213 26893at5794          -            134   7.8e-13   47.0   7.4   1   2   1.1e-07   2.8e-05   22.5   0.2     3    51     7    55     5    66 0.93 -
3292_g               -            213 26893at5794          -            134   7.8e-13   47.0   7.4   2   2   2.5e-09   6.1e-07   27.9   1.8    53   129   123   201    75   206 0.82 -
359_g                -            569 26893at5794          -            134   1.1e-12   46.5   2.8   1   2       3.8   9.4e+02   -1.9   0.2    42    75     3    38     2    51 0.62 -
359_g                -            569 26893at5794          -            134   1.1e-12   46.5   2.8   2   2   4.3e-15   1.1e-12   46.5   2.8     1   134   422   561   422   561 0.85 -
3493_g               -            510 26893at5794          -            134   2.5e-12   45.3   0.7   1   2         2     5e+02   -1.0   0.0    13    36   152   176   144   181 0.76 -
3493_g               -            510 26893at5794          -            134   2.5e-12   45.3   0.7   2   2   5.4e-14   1.3e-11   43.0   0.2     3   129   369   502   367   506 0.90 -
4905_g               -            525 26893at5794          -            134   7.6e-11   40.5   8.9   1   2   7.7e-07   0.00019   19.8   3.0    74   133   374   442   367   443 0.78 -
4905_g               -            525 26893at5794          -            134   7.6e-11   40.5   8.9   2   2   3.7e-07   9.2e-05   20.8   0.4     9    67   457   517   448   523 0.84 -
1145_g               -            529 26893at5794          -            134   1.1e-10   39.9   3.5   1   2     0.071        18    3.7   0.1   103   132   368   401   352   403 0.58 -
1145_g               -            529 26893at5794          -            134   1.1e-10   39.9   3.5   2   2     4e-12   9.9e-10   36.9   3.6     5   132   377   518   372   520 0.76 -
1762_g               -            178 26893at5794          -            134   4.8e-10   37.9   2.5   1   1   2.7e-12   6.7e-10   37.5   2.5     2   132    23   160    22   162 0.78 -
3643_g               -            140 26893at5794          -            134   7.6e-10   37.3   1.6   1   1   3.5e-12   8.7e-10   37.1   1.6     4   133     3   134     1   135 0.82 -
5090_g               -            151 26893at5794          -            134   6.7e-09   34.2   0.8   1   1   3.1e-11   7.6e-09   34.0   0.8     2   132     7   143     6   145 0.75 -
2458_g               -            205 26893at5794          -            134   5.9e-08   31.2   0.1   1   1   3.2e-10     8e-08   30.7   0.1     4   116    70   184    67   200 0.79 -
2620_g               -            344 26893at5794          -            134   6.2e-08   31.1   9.5   1   2   2.7e-10   6.6e-08   31.0   5.4    10   132    65   197    58   199 0.81 -
2620_g               -            344 26893at5794          -            134   6.2e-08   31.1   9.5   2   2      0.31        78    1.6   0.1    77   102   215   241   206   269 0.60 -
1119_g               -            260 26893at5794          -            134   1.1e-07   30.2   1.9   1   2      0.02       4.9    5.5   0.0     1    48    10    60    10    95 0.80 -
1119_g               -            260 26893at5794          -            134   1.1e-07   30.2   1.9   2   2   3.4e-08   8.4e-06   24.2   0.4    57   117   166   229   107   250 0.69 -
1461_g               -            240 26893at5794          -            134   2.3e-07   29.2   0.1   1   1   1.2e-09   3.1e-07   28.8   0.1     8   115     7   113     3   132 0.86 -
1691_g               -            210 26893at5794          -            134     5e-07   28.1   1.1   1   1   4.6e-09   1.1e-06   27.0   1.0     8   122    47   172    40   187 0.74 -
1248_g               -            132 26893at5794          -            134   7.7e-05   21.1   2.2   1   1   3.6e-07     9e-05   20.9   2.2     6   132     6   128     1   130 0.77 -
3443_g               -            161 26893at5794          -            134     0.001   17.4   4.1   1   1     5e-06    0.0012   17.2   4.1     2   132    21   153    20   155 0.89 -
#
# Program:         hmmsearch
# Version:         3.1b2 (February 2015)
# Pipeline mode:   SEARCH
# Query file:      /mnt/e/Bioinformatics/Semester2/BINP29/Malaria Project/Genomes/Parsed/busco_downloads/lineages/apicomplexa_odb10/hmms/26893at5794.hmm
# Target file:     /mnt/e/Bioinformatics/Semester2/BINP29/Malaria Project/Genomes/Parsed/Pf_new.faa
# Option settings: hmmsearch --domtblout /mnt/e/Bioinformatics/Semester2/BINP29/Malaria Project/Genomes/Parsed/Pf/run_apicomplexa_odb10/hmmer_output/initial_run_results/26893at5794.out --cpu 1 /mnt/e/Bioinformatics/Semester2/BINP29/Malaria Project/Genomes/Parsed/busco_downloads/lineages/apicomplexa_odb10/hmms/26893at5794.hmm /mnt/e/Bioinformatics/Semester2/BINP29/Malaria Project/Genomes/Parsed/Pf_new.faa 
# Current dir:     /mnt/e/Bioinformatics/Semester2/BINP29/Malaria Project/Genomes/Parsed
# Date:            Wed Mar  1 19:29:14 2023
# [ok]
