#                                                                            --- full sequence --- -------------- this domain -------------   hmm coord   ali coord   env coord
# target name        accession   tlen query name           accession   qlen   E-value  score  bias   #  of  c-Evalue  i-Evalue  score  bias  from    to  from    to  from    to  acc description of target
#------------------- ---------- ----- -------------------- ---------- ----- --------- ------ ----- --- --- --------- --------- ------ ----- ----- ----- ----- ----- ----- ----- ---- ---------------------
454_g                -           1395 2708at5794           -            696  7.2e-254  842.4  64.4   1   9   1.9e-23     7e-21   72.3   2.4     1    46    26    71    26    74 0.98 -
454_g                -           1395 2708at5794           -            696  7.2e-254  842.4  64.4   2   9   2.2e-76   8.1e-74  247.3   7.6    46   202   205   381   198   389 0.90 -
454_g                -           1395 2708at5794           -            696  7.2e-254  842.4  64.4   3   9   2.8e-06     0.001   15.6   1.1   195   226   421   452   397   472 0.77 -
454_g                -           1395 2708at5794           -            696  7.2e-254  842.4  64.4   4   9   9.9e-36   3.7e-33  112.9   5.9   217   341   478   630   454   640 0.81 -
454_g                -           1395 2708at5794           -            696  7.2e-254  842.4  64.4   5   9   9.7e-46   3.6e-43  146.0   0.8   338   457   765   890   761   948 0.83 -
454_g                -           1395 2708at5794           -            696  7.2e-254  842.4  64.4   6   9   6.8e-08   2.5e-05   20.9   0.0   441   477   987  1023   953  1029 0.83 -
454_g                -           1395 2708at5794           -            696  7.2e-254  842.4  64.4   7   9   4.9e-06    0.0018   14.7   0.6   470   517  1100  1144  1066  1151 0.71 -
454_g                -           1395 2708at5794           -            696  7.2e-254  842.4  64.4   8   9   3.1e-12   1.1e-09   35.3   0.0   510   548  1172  1211  1147  1218 0.81 -
454_g                -           1395 2708at5794           -            696  7.2e-254  842.4  64.4   9   9   2.1e-64   7.9e-62  207.6   0.4   547   696  1232  1394  1226  1394 0.91 -
1756_g               -            833 2708at5794           -            696    1e-110  369.3   0.0   1   2   9.4e-61   3.5e-58  195.6   0.0     1   223    32   278    32   283 0.86 -
1756_g               -            833 2708at5794           -            696    1e-110  369.3   0.0   2   2   1.3e-52   4.8e-50  168.7   0.0   224   665   308   812   297   820 0.76 -
3039_g               -           1236 2708at5794           -            696     9e-72  240.5   4.4   1   4    0.0038       1.4    5.2   0.0    23    47   265   289   254   294 0.89 -
3039_g               -           1236 2708at5794           -            696     9e-72  240.5   4.4   2   4   1.9e-34   7.1e-32  108.7   4.2    46   223   316   512   311   525 0.82 -
3039_g               -           1236 2708at5794           -            696     9e-72  240.5   4.4   3   4   1.2e-13   4.3e-11   40.0   0.0   355   458   765   868   755   893 0.91 -
3039_g               -           1236 2708at5794           -            696     9e-72  240.5   4.4   4   4   4.4e-26   1.6e-23   81.0   0.0   478   652   991  1178   967  1209 0.83 -
3416_g               -            938 2708at5794           -            696   3.5e-30  103.1  11.2   1   3     7e-21   2.6e-18   63.8   2.5    48   252   175   378   136   394 0.68 -
3416_g               -            938 2708at5794           -            696   3.5e-30  103.1  11.2   2   3   8.9e-09   3.3e-06   23.8   0.1   295   443   525   690   507   694 0.80 -
3416_g               -            938 2708at5794           -            696   3.5e-30  103.1  11.2   3   3   1.4e-07   5.2e-05   19.9   0.1   496   649   766   926   733   933 0.75 -
2334_g               -            804 2708at5794           -            696   2.4e-26   90.4   6.4   1   2   1.9e-20   7.2e-18   62.4   0.2    24   116    85   186    57   237 0.78 -
2334_g               -            804 2708at5794           -            696   2.4e-26   90.4   6.4   2   2   5.9e-09   2.2e-06   24.4   1.6   309   649   454   790   421   800 0.75 -
1127_g               -            755 2708at5794           -            696   4.4e-22   76.3   9.2   1   4       1.1   3.9e+02   -2.9   0.4   554   601    46    94    26   105 0.71 -
1127_g               -            755 2708at5794           -            696   4.4e-22   76.3   9.2   2   4   7.4e-24   2.8e-21   73.6   0.5     1   204   111   309   111   320 0.73 -
1127_g               -            755 2708at5794           -            696   4.4e-22   76.3   9.2   3   4   0.00087      0.32    7.3   0.0   312   352   396   436   392   462 0.87 -
1127_g               -            755 2708at5794           -            696   4.4e-22   76.3   9.2   4   4      0.68   2.5e+02   -2.2   0.0   451   634   558   611   489   627 0.56 -
4053_g               -           1086 2708at5794           -            696     6e-19   65.9   1.5   1   2   2.6e-21   9.6e-19   65.2   0.2     1   109   247   359   247   402 0.92 -
4053_g               -           1086 2708at5794           -            696     6e-19   65.9   1.5   2   2      0.61   2.3e+02   -2.1   0.1   541   631   856   949   852   959 0.69 -
2357_g               -           1179 2708at5794           -            696   1.3e-18   64.8  21.0   1   4   2.3e-18   8.6e-16   55.5   0.6     1   110    37   152    37   202 0.75 -
2357_g               -           1179 2708at5794           -            696   1.3e-18   64.8  21.0   2   4      0.73   2.7e+02   -2.4   0.1   264   304   464   506   455   508 0.61 -
2357_g               -           1179 2708at5794           -            696   1.3e-18   64.8  21.0   3   4    0.0002     0.073    9.5   1.3   360   446   672   757   657   803 0.87 -
2357_g               -           1179 2708at5794           -            696   1.3e-18   64.8  21.0   4   4   2.7e-05      0.01   12.3   1.5   505   642  1009  1156   974  1171 0.73 -
293_g                -            506 2708at5794           -            696     6e-12   42.8   0.1   1   1   2.5e-14   9.2e-12   42.2   0.1    13   110   143   249   134   261 0.76 -
3459_g               -            978 2708at5794           -            696   3.3e-10   37.0   0.0   1   1   1.8e-12   6.8e-10   36.0   0.0    47   113   457   523   438   538 0.89 -
4393_g               -            935 2708at5794           -            696     6e-07   26.2   3.3   1   2   1.6e-09     6e-07   26.2   3.3    46   115   136   205   134   236 0.88 -
4393_g               -            935 2708at5794           -            696     6e-07   26.2   3.3   2   2       1.2   4.4e+02   -3.0   0.4   108   155   831   878   822   890 0.72 -
535_g                -            444 2708at5794           -            696   9.5e-05   19.0   0.0   1   1   3.4e-07   0.00013   18.6   0.0    26   111    60   158    46   194 0.74 -
536_g                -            444 2708at5794           -            696   9.5e-05   19.0   0.0   1   1   3.4e-07   0.00013   18.6   0.0    26   111    60   158    46   194 0.74 -
1385_g               -            466 2708at5794           -            696   0.00084   15.9   0.1   1   1   3.4e-06    0.0013   15.3   0.1    48   120   124   198   118   207 0.81 -
#
# Program:         hmmsearch
# Version:         3.1b2 (February 2015)
# Pipeline mode:   SEARCH
# Query file:      /mnt/e/Bioinformatics/Semester2/BINP29/Malaria Project/Genomes/Parsed/busco_downloads/lineages/apicomplexa_odb10/hmms/2708at5794.hmm
# Target file:     /mnt/e/Bioinformatics/Semester2/BINP29/Malaria Project/Genomes/Parsed/Pf_new.faa
# Option settings: hmmsearch --domtblout /mnt/e/Bioinformatics/Semester2/BINP29/Malaria Project/Genomes/Parsed/Pf/run_apicomplexa_odb10/hmmer_output/initial_run_results/2708at5794.out --cpu 1 /mnt/e/Bioinformatics/Semester2/BINP29/Malaria Project/Genomes/Parsed/busco_downloads/lineages/apicomplexa_odb10/hmms/2708at5794.hmm /mnt/e/Bioinformatics/Semester2/BINP29/Malaria Project/Genomes/Parsed/Pf_new.faa 
# Current dir:     /mnt/e/Bioinformatics/Semester2/BINP29/Malaria Project/Genomes/Parsed
# Date:            Wed Mar  1 19:29:15 2023
# [ok]
