#                                                                            --- full sequence --- -------------- this domain -------------   hmm coord   ali coord   env coord
# target name        accession   tlen query name           accession   qlen   E-value  score  bias   #  of  c-Evalue  i-Evalue  score  bias  from    to  from    to  from    to  acc description of target
#------------------- ---------- ----- -------------------- ---------- ----- --------- ------ ----- --- --- --------- --------- ------ ----- ----- ----- ----- ----- ----- ----- ---- ---------------------
3065_g               -            623 27360at5794          -            116   2.8e-45  151.5  10.6   1   4       7.6   1.4e+03   -2.4   0.3    54    84    69    99    54   140 0.62 -
3065_g               -            623 27360at5794          -            116   2.8e-45  151.5  10.6   2   4    0.0025      0.47    8.9   0.0    57    77   386   406   383   407 0.90 -
3065_g               -            623 27360at5794          -            116   2.8e-45  151.5  10.6   3   4   2.5e-30   4.6e-28   95.9   0.8     1    58   408   468   408   478 0.95 -
3065_g               -            623 27360at5794          -            116   2.8e-45  151.5  10.6   4   4   7.7e-16   1.4e-13   49.2   0.1    56   110   541   606   535   610 0.84 -
2250_g               -            876 27360at5794          -            116   1.1e-20   72.1   1.0   1   3   3.7e-06   0.00069   18.0   0.0     3    92    38   137    36   140 0.86 -
2250_g               -            876 27360at5794          -            116   1.1e-20   72.1   1.0   2   3   4.5e-11   8.4e-09   33.8   0.1     5   109   128   252   125   258 0.74 -
2250_g               -            876 27360at5794          -            116   1.1e-20   72.1   1.0   3   3   4.5e-06   0.00084   17.7   0.1     5    41   474   510   470   531 0.91 -
572_g                -            384 27360at5794          -            116   1.7e-13   49.0   1.8   1   4     0.033       6.2    5.2   0.3    58   109     9    67     4    69 0.67 -
572_g                -            384 27360at5794          -            116   1.7e-13   49.0   1.8   2   4    0.0013      0.25    9.8   0.0    55    92   106   143    91   145 0.91 -
572_g                -            384 27360at5794          -            116   1.7e-13   49.0   1.8   3   4   3.1e-05    0.0058   15.0   0.0    17    86   146   228   141   232 0.74 -
572_g                -            384 27360at5794          -            116   1.7e-13   49.0   1.8   4   4     2e-05    0.0037   15.6   0.0     4    42   224   262   221   270 0.91 -
4098_g               -            389 27360at5794          -            116   4.5e-13   47.6   0.3   1   4       6.1   1.1e+03   -2.1   0.0    42    81    63   103    48   135 0.60 -
4098_g               -            389 27360at5794          -            116   4.5e-13   47.6   0.3   2   4       0.2        36    2.8   0.0    58    89   140   171   126   174 0.88 -
4098_g               -            389 27360at5794          -            116   4.5e-13   47.6   0.3   3   4   3.9e-10   7.3e-08   30.8   0.0     5    87   165   252   161   255 0.80 -
4098_g               -            389 27360at5794          -            116   4.5e-13   47.6   0.3   4   4   0.00032      0.06   11.7   0.0    12    40   255   283   252   297 0.85 -
1377_g               -            515 27360at5794          -            116   2.6e-11   41.9   1.2   1   4     0.016         3    6.3   0.0    60    87    55    82    51   104 0.81 -
1377_g               -            515 27360at5794          -            116   2.6e-11   41.9   1.2   2   4    0.0011       0.2   10.0   0.0    55    87   148   180   141   183 0.90 -
1377_g               -            515 27360at5794          -            116   2.6e-11   41.9   1.2   3   4   2.3e-05    0.0042   15.5   0.1     4    42   175   213   173   237 0.89 -
1377_g               -            515 27360at5794          -            116   2.6e-11   41.9   1.2   4   4    0.0009      0.17   10.3   0.0     5    42   429   467   407   509 0.88 -
2186_g               -           1993 27360at5794          -            116     1e-09   36.8  22.0   1   7       1.4   2.6e+02    0.0   0.1    57    97    43    85    14    96 0.67 -
2186_g               -           1993 27360at5794          -            116     1e-09   36.8  22.0   2   7       0.6   1.1e+02    1.2   0.1    41    88   357   404   337   421 0.76 -
2186_g               -           1993 27360at5794          -            116     1e-09   36.8  22.0   3   7    0.0092       1.7    7.0   0.3    50    89   696   733   672   763 0.66 -
2186_g               -           1993 27360at5794          -            116     1e-09   36.8  22.0   4   7   0.00016      0.03   12.7   0.3    55   109   857   914   850   916 0.80 -
2186_g               -           1993 27360at5794          -            116     1e-09   36.8  22.0   5   7      0.01       1.9    6.9   0.0    13    44   910   941   906   947 0.88 -
2186_g               -           1993 27360at5794          -            116     1e-09   36.8  22.0   6   7   4.2e-05    0.0078   14.6   1.0    35    90   960  1014   952  1020 0.82 -
2186_g               -           1993 27360at5794          -            116     1e-09   36.8  22.0   7   7    0.0085       1.6    7.2   0.0     5    44  1007  1046  1006  1055 0.92 -
558_g                -            506 27360at5794          -            116   2.2e-09   35.7   0.4   1   4      0.46        85    1.6   0.0    19    44   124   149   105   153 0.64 -
558_g                -            506 27360at5794          -            116   2.2e-09   35.7   0.4   2   4      0.23        42    2.6   0.0    59    87   184   212   178   219 0.87 -
558_g                -            506 27360at5794          -            116   2.2e-09   35.7   0.4   3   4   2.9e-05    0.0053   15.1   0.0     5    43   208   247   207   261 0.84 -
558_g                -            506 27360at5794          -            116   2.2e-09   35.7   0.4   4   4   0.00037     0.069   11.5   0.0     5    42   389   427   385   455 0.83 -
3045_g               -            881 27360at5794          -            116     5e-09   34.6   0.7   1   3      0.12        22    3.4   0.0    58   108   330   381   318   392 0.75 -
3045_g               -            881 27360at5794          -            116     5e-09   34.6   0.7   2   3   0.00016     0.029   12.8   0.1    57    85   438   466   427   467 0.84 -
3045_g               -            881 27360at5794          -            116     5e-09   34.6   0.7   3   3   3.9e-06   0.00073   17.9   0.0     2    43   461   501   460   505 0.93 -
4603_g               -            292 27360at5794          -            116   2.1e-08   32.5   0.0   1   2    0.0022      0.41    9.1   0.0    58    93     7    42     3    67 0.71 -
4603_g               -            292 27360at5794          -            116   2.1e-08   32.5   0.0   2   2   1.1e-06   0.00021   19.7   0.0    57   110   108   167    94   173 0.80 -
1473_g               -            485 27360at5794          -            116   1.3e-07   30.0   0.4   1   3    0.0051      0.94    7.9   0.0    56    87    17    48    10    53 0.89 -
1473_g               -            485 27360at5794          -            116   1.3e-07   30.0   0.4   2   3   0.00031     0.058   11.8   0.1     3    87    42   135    42   139 0.78 -
1473_g               -            485 27360at5794          -            116   1.3e-07   30.0   0.4   3   3   5.8e-05     0.011   14.2   0.0     4    43   130   169   127   179 0.93 -
3216_g               -            539 27360at5794          -            116   1.8e-07   29.5   0.9   1   3     0.029       5.3    5.5   0.0    57    86    10    39     6    70 0.91 -
3216_g               -            539 27360at5794          -            116   1.8e-07   29.5   0.9   2   3   2.2e-06   0.00041   18.7   0.0    59   108   110   163   107   166 0.82 -
3216_g               -            539 27360at5794          -            116   1.8e-07   29.5   0.9   3   3     0.087        16    3.9   0.0    21    48   143   170   137   187 0.84 -
892_g                -            287 27360at5794          -            116   6.1e-07   27.8   0.0   1   3      0.17        31    3.0   0.0    20    42    46    68    27    84 0.74 -
892_g                -            287 27360at5794          -            116   6.1e-07   27.8   0.0   2   3      0.18        34    2.9   0.0    58    88   149   179   148   181 0.91 -
892_g                -            287 27360at5794          -            116   6.1e-07   27.8   0.0   3   3   4.4e-07   8.2e-05   21.0   0.0     3    41   172   210   170   213 0.92 -
821_g                -            269 27360at5794          -            116   1.8e-06   26.3   6.7   1   4      0.61   1.1e+02    1.2   0.6    74   112    59   100    25   103 0.61 -
821_g                -            269 27360at5794          -            116   1.8e-06   26.3   6.7   2   4       6.4   1.2e+03   -2.1   0.0    69    82   139   152   133   173 0.70 -
821_g                -            269 27360at5794          -            116   1.8e-06   26.3   6.7   3   4   6.3e-05     0.012   14.0   0.1    52    90   180   218   173   224 0.89 -
821_g                -            269 27360at5794          -            116   1.8e-06   26.3   6.7   4   4     2e-05    0.0037   15.6   0.0     3    43   209   250   209   254 0.85 -
2724_g               -            201 27360at5794          -            116   2.4e-06   25.9   0.1   1   3    0.0018      0.33    9.3   0.0    58    86     8    36     5    41 0.90 -
2724_g               -            201 27360at5794          -            116   2.4e-06   25.9   0.1   2   3      0.15        28    3.1   0.1    24    45    52    73    35   130 0.57 -
2724_g               -            201 27360at5794          -            116   2.4e-06   25.9   0.1   3   3    0.0012      0.22    9.9   0.0    19    54   129   168   118   194 0.71 -
3027_g               -            247 27360at5794          -            116   3.5e-06   25.4   0.1   1   2   1.7e-06   0.00031   19.1   0.1    56   109    17    82    12    87 0.76 -
3027_g               -            247 27360at5794          -            116   3.5e-06   25.4   0.1   2   2     0.006       1.1    7.7   0.0    19    44    59    84    51   101 0.80 -
3536_g               -            157 27360at5794          -            116   8.4e-06   24.2   0.9   1   1   3.6e-06   0.00067   18.0   0.7    56   109    61   125    56   125 0.76 -
4166_g               -            203 27360at5794          -            116   1.1e-05   23.8   0.1   1   2   1.1e-05    0.0021   16.5   0.0    52    87    64    99    46   106 0.89 -
4166_g               -            203 27360at5794          -            116   1.1e-05   23.8   0.1   2   2     0.012       2.2    6.7   0.0     9    41    99   131    95   150 0.72 -
2897_g               -           1792 27360at5794          -            116   1.4e-05   23.5   0.5   1   2     0.022       4.1    5.8   0.0    56    88  1082  1114  1076  1118 0.85 -
2897_g               -           1792 27360at5794          -            116   1.4e-05   23.5   0.5   2   2   5.4e-05      0.01   14.3   0.0    12    43  1116  1147  1111  1184 0.86 -
2605_g               -            595 27360at5794          -            116   1.8e-05   23.1   1.0   1   4       6.7   1.2e+03   -2.2   0.0    11    43    56    88    48   102 0.67 -
2605_g               -            595 27360at5794          -            116   1.8e-05   23.1   1.0   2   4    0.0024      0.46    8.9   0.1    45    96   219   269   189   273 0.77 -
2605_g               -            595 27360at5794          -            116   1.8e-05   23.1   1.0   3   4      0.42        78    1.7   0.0    18    40   270   292   263   302 0.86 -
2605_g               -            595 27360at5794          -            116   1.8e-05   23.1   1.0   4   4     0.003      0.56    8.6   0.0    55    88   504   537   489   567 0.87 -
2256_g               -            107 27360at5794          -            116   2.7e-05   22.6   0.0   1   1   5.3e-07   9.9e-05   20.7   0.0    57   108    12    72     7    81 0.82 -
4138_g               -            481 27360at5794          -            116   0.00019   19.8   2.1   1   3      0.81   1.5e+02    0.8   0.0    58    84   111   137    93   161 0.83 -
4138_g               -            481 27360at5794          -            116   0.00019   19.8   2.1   2   3   1.1e-05    0.0021   16.4   0.4    52    99   312   359   294   375 0.81 -
4138_g               -            481 27360at5794          -            116   0.00019   19.8   2.1   3   3       1.6   2.9e+02   -0.1   0.0    12    38   354   380   347   402 0.73 -
5093_g               -            357 27360at5794          -            116   0.00031   19.1   0.4   1   2    0.0064       1.2    7.6   0.1     3    85   134   222   132   224 0.80 -
5093_g               -            357 27360at5794          -            116   0.00031   19.1   0.4   2   2   0.00031     0.058   11.8   0.0     5    40   220   255   217   277 0.84 -
2364_g               -            446 27360at5794          -            116    0.0022   16.4   6.7   1   5       1.2   2.3e+02    0.2   0.0    58    87    15    44    13    74 0.74 -
2364_g               -            446 27360at5794          -            116    0.0022   16.4   6.7   2   5       3.8   7.1e+02   -1.4   0.0    25    42    70    87    59   109 0.73 -
2364_g               -            446 27360at5794          -            116    0.0022   16.4   6.7   3   5       7.7   1.4e+03   -2.4   2.1    39    84   253   298   244   333 0.76 -
2364_g               -            446 27360at5794          -            116    0.0022   16.4   6.7   4   5       7.3   1.4e+03   -2.3   0.0    54    73   316   335   290   347 0.69 -
2364_g               -            446 27360at5794          -            116    0.0022   16.4   6.7   5   5   1.2e-05    0.0023   16.3   0.0     5    42   384   421   381   425 0.94 -
5103_g               -            235 27360at5794          -            116    0.0071   14.7   0.1   1   2    0.0084       1.6    7.2   0.0    53    91    28    66    24    74 0.89 -
5103_g               -            235 27360at5794          -            116    0.0071   14.7   0.1   2   2    0.0068       1.3    7.5   0.0     1    53    54   110    54   117 0.71 -
1339_g               -            108 27360at5794          -            116     0.011   14.1   0.0   1   2      0.05       9.2    4.7   0.0    57    87    21    51    14    56 0.89 -
1339_g               -            108 27360at5794          -            116     0.011   14.1   0.0   2   2    0.0059       1.1    7.7   0.0    17    44    60    87    54    96 0.86 -
3550_g               -            140 27360at5794          -            116     0.024   13.1   0.1   1   2   0.00024     0.045   12.1   0.0    53    88    40    74    11   103 0.79 -
3550_g               -            140 27360at5794          -            116     0.024   13.1   0.1   2   2       6.7   1.2e+03   -2.2   0.1    63    80   114   132   106   137 0.56 -
202_g                -            126 27360at5794          -            116     0.027   12.9   0.0   1   2      0.89   1.7e+02    0.6   0.0    59    87     8    36     3    43 0.79 -
202_g                -            126 27360at5794          -            116     0.027   12.9   0.0   2   2   0.00045     0.083   11.3   0.0     5    45    32    73    28   118 0.77 -
4216_g               -            290 27360at5794          -            116      0.42    9.0   7.6   1   3      0.61   1.1e+02    1.2   0.0    20    43    79   102    68   106 0.74 -
4216_g               -            290 27360at5794          -            116      0.42    9.0   7.6   2   3     0.003      0.56    8.6   0.2    58    88   211   241   191   273 0.56 -
4216_g               -            290 27360at5794          -            116      0.42    9.0   7.6   3   3    0.0052      0.96    7.9   0.1     2    40   233   271   232   286 0.86 -
#
# Program:         hmmsearch
# Version:         3.1b2 (February 2015)
# Pipeline mode:   SEARCH
# Query file:      /mnt/e/Bioinformatics/Semester2/BINP29/Malaria Project/Genomes/Parsed/busco_downloads/lineages/apicomplexa_odb10/hmms/27360at5794.hmm
# Target file:     /mnt/e/Bioinformatics/Semester2/BINP29/Malaria Project/Genomes/Parsed/Pf_new.faa
# Option settings: hmmsearch --domtblout /mnt/e/Bioinformatics/Semester2/BINP29/Malaria Project/Genomes/Parsed/Pf/run_apicomplexa_odb10/hmmer_output/initial_run_results/27360at5794.out --cpu 1 /mnt/e/Bioinformatics/Semester2/BINP29/Malaria Project/Genomes/Parsed/busco_downloads/lineages/apicomplexa_odb10/hmms/27360at5794.hmm /mnt/e/Bioinformatics/Semester2/BINP29/Malaria Project/Genomes/Parsed/Pf_new.faa 
# Current dir:     /mnt/e/Bioinformatics/Semester2/BINP29/Malaria Project/Genomes/Parsed
# Date:            Wed Mar  1 19:29:16 2023
# [ok]
