#                                                                            --- full sequence --- -------------- this domain -------------   hmm coord   ali coord   env coord
# target name        accession   tlen query name           accession   qlen   E-value  score  bias   #  of  c-Evalue  i-Evalue  score  bias  from    to  from    to  from    to  acc description of target
#------------------- ---------- ----- -------------------- ---------- ----- --------- ------ ----- --- --- --------- --------- ------ ----- ----- ----- ----- ----- ----- ----- ---- ---------------------
805_g                -            154 27388at5794          -            132   7.7e-69  227.7   2.6   1   1   5.2e-72     9e-69  227.5   2.6     1   132    15   153    15   153 0.95 -
2880_g               -            301 27388at5794          -            132     2e-07   29.0   2.8   1   3     0.089   1.6e+02    0.2   0.1    71   107    15    54    11    62 0.75 -
2880_g               -            301 27388at5794          -            132     2e-07   29.0   2.8   2   3       0.5   8.7e+02   -2.2   0.3   103   120   110   127    89   136 0.50 -
2880_g               -            301 27388at5794          -            132     2e-07   29.0   2.8   3   3   2.7e-10   4.6e-07   27.8   0.0     7    95   179   273   174   300 0.77 -
1413_g               -            644 27388at5794          -            132   4.3e-05   21.4   2.7   1   3       1.7     3e+03   -3.9   4.1    92   115   158   180   110   198 0.53 -
1413_g               -            644 27388at5794          -            132   4.3e-05   21.4   2.7   2   3         3   5.2e+03   -5.5   5.4   113   129   196   212   169   244 0.53 -
1413_g               -            644 27388at5794          -            132   4.3e-05   21.4   2.7   3   3   2.5e-08   4.3e-05   21.4   2.7     7   132   521   643   515   643 0.78 -
#
# Program:         hmmsearch
# Version:         3.1b2 (February 2015)
# Pipeline mode:   SEARCH
# Query file:      /mnt/e/Bioinformatics/Semester2/BINP29/Malaria Project/Genomes/Parsed/busco_downloads/lineages/apicomplexa_odb10/hmms/27388at5794.hmm
# Target file:     /mnt/e/Bioinformatics/Semester2/BINP29/Malaria Project/Genomes/Parsed/Pf_new.faa
# Option settings: hmmsearch --domtblout /mnt/e/Bioinformatics/Semester2/BINP29/Malaria Project/Genomes/Parsed/Pf/run_apicomplexa_odb10/hmmer_output/initial_run_results/27388at5794.out --cpu 1 /mnt/e/Bioinformatics/Semester2/BINP29/Malaria Project/Genomes/Parsed/busco_downloads/lineages/apicomplexa_odb10/hmms/27388at5794.hmm /mnt/e/Bioinformatics/Semester2/BINP29/Malaria Project/Genomes/Parsed/Pf_new.faa 
# Current dir:     /mnt/e/Bioinformatics/Semester2/BINP29/Malaria Project/Genomes/Parsed
# Date:            Wed Mar  1 19:29:16 2023
# [ok]
