#                                                                            --- full sequence --- -------------- this domain -------------   hmm coord   ali coord   env coord
# target name        accession   tlen query name           accession   qlen   E-value  score  bias   #  of  c-Evalue  i-Evalue  score  bias  from    to  from    to  from    to  acc description of target
#------------------- ---------- ----- -------------------- ---------- ----- --------- ------ ----- --- --- --------- --------- ------ ----- ----- ----- ----- ----- ----- ----- ---- ---------------------
3889_g               -            310 28533at5794          -            141   2.2e-64  213.6   1.6   1   1   6.4e-66   1.4e-63  211.0   1.6     1   133     6   155     6   162 0.88 -
2250_g               -            876 28533at5794          -            141   1.2e-27   94.5   3.8   1   4     7e-06    0.0015   16.4   0.0    26    88    16    79     5    87 0.86 -
2250_g               -            876 28533at5794          -            141   1.2e-27   94.5   3.8   2   4   3.2e-09     7e-07   27.2   0.0    27    92   105   170    91   177 0.93 -
2250_g               -            876 28533at5794          -            141   1.2e-27   94.5   3.8   3   4   3.1e-10   6.7e-08   30.5   0.2    28   118   195   285   181   306 0.80 -
2250_g               -            876 28533at5794          -            141   1.2e-27   94.5   3.8   4   4   2.1e-06   0.00044   18.1   0.0    26    84   450   508   436   518 0.88 -
572_g                -            384 28533at5794          -            141   3.4e-20   70.4   4.4   1   3   0.00093       0.2    9.5   0.6    18    95     3    75     1    99 0.81 -
572_g                -            384 28533at5794          -            141   3.4e-20   70.4   4.4   2   3   6.4e-09   1.4e-06   26.2   0.1    14    92    98   176    86   185 0.78 -
572_g                -            384 28533at5794          -            141   3.4e-20   70.4   4.4   3   3     1e-11   2.3e-09   35.3   0.0    19    94   194   269   179   289 0.87 -
558_g                -            506 28533at5794          -            141   2.4e-18   64.4   0.1   1   3      0.33        72    1.2   0.0    28    64    87   123    85   156 0.84 -
558_g                -            506 28533at5794          -            141   2.4e-18   64.4   0.1   2   3   5.1e-08   1.1e-05   23.3   0.0    25    93   183   252   178   259 0.93 -
558_g                -            506 28533at5794          -            141   2.4e-18   64.4   0.1   3   3   7.8e-12   1.7e-09   35.7   0.0    14    98   353   439   344   468 0.86 -
1473_g               -            485 28533at5794          -            141   8.6e-18   62.5   2.3   1   2   1.3e-07   2.8e-05   22.0   0.2    12    94     6    89     2   101 0.86 -
1473_g               -            485 28533at5794          -            141   8.6e-18   62.5   2.3   2   2   2.4e-13   5.3e-11   40.5   0.2    26    94   107   175    92   214 0.86 -
1377_g               -            515 28533at5794          -            141   1.2e-17   62.1  10.9   1   4   0.00017     0.037   11.9   0.0    28    62    56    90    51   103 0.92 -
1377_g               -            515 28533at5794          -            141   1.2e-17   62.1  10.9   2   4   3.2e-08     7e-06   23.9   0.1    22    90   148   216   133   223 0.90 -
1377_g               -            515 28533at5794          -            141   1.2e-17   62.1  10.9   3   4       9.7   2.1e+03   -3.5   3.1    83   122   257   298   251   317 0.62 -
1377_g               -            515 28533at5794          -            141   1.2e-17   62.1  10.9   4   4     2e-10   4.4e-08   31.1   0.0    27    91   406   471   404   486 0.88 -
892_g                -            287 28533at5794          -            141   3.7e-12   44.3   0.0   1   2   5.1e-08   1.1e-05   23.3   0.0    23    83     4    64     1   110 0.87 -
892_g                -            287 28533at5794          -            141   3.7e-12   44.3   0.0   2   2     1e-06   0.00023   19.1   0.0    28    93   152   217   149   241 0.87 -
1915_g               -            834 28533at5794          -            141   1.7e-08   32.4   4.8   1   2     0.099        22    2.9   1.5    87   138   138   188   120   192 0.85 -
1915_g               -            834 28533at5794          -            141   1.7e-08   32.4   4.8   2   2   6.8e-10   1.5e-07   29.4   0.1    28    94   591   658   579   682 0.87 -
5103_g               -            235 28533at5794          -            141     2e-08   32.2   0.1   1   1   1.9e-10   4.1e-08   31.2   0.1    17    98    25   108    16   129 0.86 -
1339_g               -            108 28533at5794          -            141   6.5e-08   30.5   0.0   1   1   3.6e-10   7.8e-08   30.3   0.0    28    99    25    98     7   105 0.89 -
4098_g               -            389 28533at5794          -            141   4.2e-07   27.9   0.8   1   2   0.00057      0.12   10.2   0.1    46    78   161   193   152   221 0.84 -
4098_g               -            389 28533at5794          -            141   4.2e-07   27.9   0.8   2   2   8.5e-06    0.0018   16.1   0.1    18    80   218   278   198   337 0.74 -
202_g                -            126 28533at5794          -            141   8.9e-07   26.8   0.1   1   1     5e-09   1.1e-06   26.6   0.1    28   110    10    94     4   118 0.87 -
3216_g               -            539 28533at5794          -            141   9.4e-07   26.8   0.0   1   1   1.2e-08   2.6e-06   25.3   0.0    23   105     9    91     1   110 0.84 -
2724_g               -            201 28533at5794          -            141     2e-06   25.7   0.5   1   2   4.4e-08   9.5e-06   23.5   0.0    28    98    11    82     7    95 0.89 -
2724_g               -            201 28533at5794          -            141     2e-06   25.7   0.5   2   2      0.67   1.5e+02    0.2   0.1    67    94   132   159   125   194 0.69 -
821_g                -            269 28533at5794          -            141   1.7e-05   22.7   0.0   1   1   1.9e-07   4.1e-05   21.4   0.0    19    87   180   249   171   260 0.89 -
3027_g               -            247 28533at5794          -            141   4.8e-05   21.2   0.0   1   1   3.7e-07     8e-05   20.5   0.0    22   120    16   114     1   127 0.80 -
4269_g               -            194 28533at5794          -            141   7.1e-05   20.7   1.0   1   2   1.5e-06   0.00032   18.6   0.2    28    94    12    80     9    92 0.80 -
4269_g               -            194 28533at5794          -            141   7.1e-05   20.7   1.0   2   2      0.58   1.3e+02    0.4   0.0     2    51    94   146    93   165 0.77 -
5093_g               -            357 28533at5794          -            141     8e-05   20.5   0.0   1   2     0.099        21    2.9   0.0    45    73   131   160   115   181 0.83 -
5093_g               -            357 28533at5794          -            141     8e-05   20.5   0.0   2   2   1.8e-05    0.0039   15.1   0.0    28    79   198   249   193   276 0.89 -
630_g                -            424 28533at5794          -            141   0.00025   18.9   0.0   1   1   2.5e-06   0.00055   17.8   0.0    28    93   100   165    95   187 0.88 -
4603_g               -            292 28533at5794          -            141   0.00027   18.8   0.0   1   1   2.9e-06   0.00064   17.6   0.0    26   109     8    90     3   103 0.80 -
4166_g               -            203 28533at5794          -            141    0.0013   16.6   0.1   1   1   1.1e-05    0.0023   15.8   0.1    26    80    71   126    48   144 0.86 -
2256_g               -            107 28533at5794          -            141    0.0014   16.5   0.1   1   1   7.9e-06    0.0017   16.2   0.1    27    97    15    83    11   102 0.82 -
4216_g               -            290 28533at5794          -            141    0.0056   14.5   0.2   1   2      0.28        60    1.5   0.2    16    45    83   112    67   125 0.75 -
4216_g               -            290 28533at5794          -            141    0.0056   14.5   0.2   2   2   2.6e-05    0.0056   14.5   0.2    18    91   205   277   192   286 0.82 -
3536_g               -            157 28533at5794          -            141    0.0061   14.4   3.8   1   1   1.7e-05    0.0037   15.1   2.4    16   108    51   149    36   154 0.78 -
#
# Program:         hmmsearch
# Version:         3.1b2 (February 2015)
# Pipeline mode:   SEARCH
# Query file:      /mnt/e/Bioinformatics/Semester2/BINP29/Malaria Project/Genomes/Parsed/busco_downloads/lineages/apicomplexa_odb10/hmms/28533at5794.hmm
# Target file:     /mnt/e/Bioinformatics/Semester2/BINP29/Malaria Project/Genomes/Parsed/Pf_new.faa
# Option settings: hmmsearch --domtblout /mnt/e/Bioinformatics/Semester2/BINP29/Malaria Project/Genomes/Parsed/Pf/run_apicomplexa_odb10/hmmer_output/initial_run_results/28533at5794.out --cpu 1 /mnt/e/Bioinformatics/Semester2/BINP29/Malaria Project/Genomes/Parsed/busco_downloads/lineages/apicomplexa_odb10/hmms/28533at5794.hmm /mnt/e/Bioinformatics/Semester2/BINP29/Malaria Project/Genomes/Parsed/Pf_new.faa 
# Current dir:     /mnt/e/Bioinformatics/Semester2/BINP29/Malaria Project/Genomes/Parsed
# Date:            Wed Mar  1 19:29:18 2023
# [ok]
