#                                                                            --- full sequence --- -------------- this domain -------------   hmm coord   ali coord   env coord
# target name        accession   tlen query name           accession   qlen   E-value  score  bias   #  of  c-Evalue  i-Evalue  score  bias  from    to  from    to  from    to  acc description of target
#------------------- ---------- ----- -------------------- ---------- ----- --------- ------ ----- --- --- --------- --------- ------ ----- ----- ----- ----- ----- ----- ----- ---- ---------------------
4804_g               -            967 3274at5794           -            688    4e-289  958.8  46.1   1   4   4.3e-07    0.0011   15.4   5.6     1    63    33   104    33   128 0.66 -
4804_g               -            967 3274at5794           -            688    4e-289  958.8  46.1   2   4   4.5e-05      0.12    8.7   0.4    30    73   117   159    98   170 0.66 -
4804_g               -            967 3274at5794           -            688    4e-289  958.8  46.1   3   4  3.8e-158  9.8e-155  514.7  19.3    69   444   187   634   160   639 0.87 -
4804_g               -            967 3274at5794           -            688    4e-289  958.8  46.1   4   4    6e-133  1.6e-129  431.4   2.3   440   688   699   959   692   959 0.96 -
1892_g               -           1173 3274at5794           -            688   3.1e-12   43.7  19.7   1   5      0.19     5e+02   -3.3   0.1    64   104   178   218   162   244 0.65 -
1892_g               -           1173 3274at5794           -            688   3.1e-12   43.7  19.7   2   5      0.16   4.1e+02   -3.0   1.9   113   182   257   327   218   335 0.73 -
1892_g               -           1173 3274at5794           -            688   3.1e-12   43.7  19.7   3   5   6.8e-09   1.8e-05   21.4   4.1   218   409   504   723   485   737 0.76 -
1892_g               -           1173 3274at5794           -            688   3.1e-12   43.7  19.7   4   5   4.8e-05      0.13    8.6   0.0   302   368   715   786   699   789 0.74 -
1892_g               -           1173 3274at5794           -            688   3.1e-12   43.7  19.7   5   5   8.1e-12   2.1e-08   31.0   0.1   279   402   767   900   753   912 0.80 -
#
# Program:         hmmsearch
# Version:         3.1b2 (February 2015)
# Pipeline mode:   SEARCH
# Query file:      /mnt/e/Bioinformatics/Semester2/BINP29/Malaria Project/Genomes/Parsed/busco_downloads/lineages/apicomplexa_odb10/hmms/3274at5794.hmm
# Target file:     /mnt/e/Bioinformatics/Semester2/BINP29/Malaria Project/Genomes/Parsed/Pf_new.faa
# Option settings: hmmsearch --domtblout /mnt/e/Bioinformatics/Semester2/BINP29/Malaria Project/Genomes/Parsed/Pf/run_apicomplexa_odb10/hmmer_output/initial_run_results/3274at5794.out --cpu 1 /mnt/e/Bioinformatics/Semester2/BINP29/Malaria Project/Genomes/Parsed/busco_downloads/lineages/apicomplexa_odb10/hmms/3274at5794.hmm /mnt/e/Bioinformatics/Semester2/BINP29/Malaria Project/Genomes/Parsed/Pf_new.faa 
# Current dir:     /mnt/e/Bioinformatics/Semester2/BINP29/Malaria Project/Genomes/Parsed
# Date:            Wed Mar  1 19:29:24 2023
# [ok]
