#                                                                            --- full sequence --- -------------- this domain -------------   hmm coord   ali coord   env coord
# target name        accession   tlen query name           accession   qlen   E-value  score  bias   #  of  c-Evalue  i-Evalue  score  bias  from    to  from    to  from    to  acc description of target
#------------------- ---------- ----- -------------------- ---------- ----- --------- ------ ----- --- --- --------- --------- ------ ----- ----- ----- ----- ----- ----- ----- ---- ---------------------
133_g                -           2035 4144at5794           -            802  6.9e-206  684.1  97.5   1   7   5.5e-74   2.9e-70  235.6   3.8    14   191   357   571   347   595 0.82 -
133_g                -           2035 4144at5794           -            802  6.9e-206  684.1  97.5   2   7   1.3e-33   6.7e-30  102.1   7.8   192   337   659   862   652   879 0.78 -
133_g                -           2035 4144at5794           -            802  6.9e-206  684.1  97.5   3   7   2.3e-29   1.2e-25   88.0   1.3   334   420   975  1070   963  1084 0.89 -
133_g                -           2035 4144at5794           -            802  6.9e-206  684.1  97.5   4   7   2.3e-48   1.2e-44  150.8  13.6   430   593  1299  1458  1271  1467 0.88 -
133_g                -           2035 4144at5794           -            802  6.9e-206  684.1  97.5   5   7   2.4e-19   1.3e-15   54.9  18.5   533   688  1472  1688  1469  1695 0.71 -
133_g                -           2035 4144at5794           -            802  6.9e-206  684.1  97.5   6   7     1e-18   5.3e-15   52.8   2.0   683   742  1718  1777  1709  1810 0.87 -
133_g                -           2035 4144at5794           -            802  6.9e-206  684.1  97.5   7   7   7.1e-12   3.7e-08   30.2   3.8   738   789  1850  1915  1825  1942 0.71 -
#
# Program:         hmmsearch
# Version:         3.1b2 (February 2015)
# Pipeline mode:   SEARCH
# Query file:      /mnt/e/Bioinformatics/Semester2/BINP29/Malaria Project/Genomes/Parsed/busco_downloads/lineages/apicomplexa_odb10/hmms/4144at5794.hmm
# Target file:     /mnt/e/Bioinformatics/Semester2/BINP29/Malaria Project/Genomes/Parsed/Pf_new.faa
# Option settings: hmmsearch --domtblout /mnt/e/Bioinformatics/Semester2/BINP29/Malaria Project/Genomes/Parsed/Pf/run_apicomplexa_odb10/hmmer_output/initial_run_results/4144at5794.out --cpu 1 /mnt/e/Bioinformatics/Semester2/BINP29/Malaria Project/Genomes/Parsed/busco_downloads/lineages/apicomplexa_odb10/hmms/4144at5794.hmm /mnt/e/Bioinformatics/Semester2/BINP29/Malaria Project/Genomes/Parsed/Pf_new.faa 
# Current dir:     /mnt/e/Bioinformatics/Semester2/BINP29/Malaria Project/Genomes/Parsed
# Date:            Wed Mar  1 19:29:27 2023
# [ok]
