#                                                                            --- full sequence --- -------------- this domain -------------   hmm coord   ali coord   env coord
# target name        accession   tlen query name           accession   qlen   E-value  score  bias   #  of  c-Evalue  i-Evalue  score  bias  from    to  from    to  from    to  acc description of target
#------------------- ---------- ----- -------------------- ---------- ----- --------- ------ ----- --- --- --------- --------- ------ ----- ----- ----- ----- ----- ----- ----- ---- ---------------------
2135_g               -            761 4404at5794           -            503  5.2e-245  812.1  11.3   1   3   9.2e-23     6e-20   69.6   0.6    14    93   108   210    96   217 0.81 -
2135_g               -            761 4404at5794           -            503  5.2e-245  812.1  11.3   2   3   1.2e-34   7.6e-32  108.9   0.0    90   164   248   337   238   342 0.84 -
2135_g               -            761 4404at5794           -            503  5.2e-245  812.1  11.3   3   3  3.5e-194  2.3e-191  635.1   2.3   157   503   356   730   347   730 0.94 -
518_g                -            930 4404at5794           -            503  9.6e-101  336.2   8.6   1   2   6.5e-12   4.3e-09   33.8   0.0    64   152   249   335   204   338 0.77 -
518_g                -            930 4404at5794           -            503  9.6e-101  336.2   8.6   2   2   1.9e-92   1.2e-89  299.5   6.2   170   458   441   753   425   784 0.89 -
1456_g               -            972 4404at5794           -            503   8.2e-94  313.3   8.6   1   5      0.23   1.5e+02   -0.9   0.0   360   384   245   269   231   281 0.82 -
1456_g               -            972 4404at5794           -            503   8.2e-94  313.3   8.6   2   5   1.1e-10   7.4e-08   29.7   0.1    97   157   377   437   288   446 0.72 -
1456_g               -            972 4404at5794           -            503   8.2e-94  313.3   8.6   3   5   2.8e-08   1.8e-05   21.9   0.0   160   198   478   519   449   526 0.81 -
1456_g               -            972 4404at5794           -            503   8.2e-94  313.3   8.6   4   5     7e-68   4.5e-65  218.5   0.0   202   370   548   722   541   753 0.91 -
1456_g               -            972 4404at5794           -            503   8.2e-94  313.3   8.6   5   5   5.3e-14   3.5e-11   40.7   0.3   370   464   756   853   727   866 0.83 -
4696_g               -            963 4404at5794           -            503   2.4e-91  305.2   3.8   1   3   7.5e-11   4.9e-08   30.3   0.0   102   154   287   339   280   343 0.95 -
4696_g               -            963 4404at5794           -            503   2.4e-91  305.2   3.8   2   3     2e-76   1.3e-73  246.7   0.2   171   376   398   609   362   627 0.91 -
4696_g               -            963 4404at5794           -            503   2.4e-91  305.2   3.8   3   3   7.1e-10   4.6e-07   27.1   0.3   322   453   646   783   628   818 0.75 -
166_g                -           1016 4404at5794           -            503   1.5e-83  279.5   6.6   1   4    0.0062       4.1    4.2   0.4    54    96   300   341   271   358 0.76 -
166_g                -           1016 4404at5794           -            503   1.5e-83  279.5   6.6   2   4   2.3e-08   1.5e-05   22.2   0.0    81   156   360   432   348   436 0.90 -
166_g                -           1016 4404at5794           -            503   1.5e-83  279.5   6.6   3   4   7.4e-68   4.8e-65  218.4   0.0   165   363   515   721   487   730 0.91 -
166_g                -           1016 4404at5794           -            503   1.5e-83  279.5   6.6   4   4   3.2e-12   2.1e-09   34.9   0.2   367   459   822   912   804   954 0.77 -
1046_g               -            822 4404at5794           -            503     2e-83  279.0  10.7   1   3   4.4e-08   2.9e-05   21.2   0.0    99   153   283   337   263   347 0.91 -
1046_g               -            822 4404at5794           -            503     2e-83  279.0  10.7   2   3   4.7e-73   3.1e-70  235.5   0.5   167   367   393   601   383   607 0.92 -
1046_g               -            822 4404at5794           -            503     2e-83  279.0  10.7   3   3   3.4e-09   2.2e-06   24.9   3.6   368   464   626   725   604   758 0.74 -
2131_g               -           1136 4404at5794           -            503   1.1e-59  200.7   6.6   1   3      0.41   2.7e+02   -1.8   0.0   123   153   356   386   258   391 0.58 -
2131_g               -           1136 4404at5794           -            503   1.1e-59  200.7   6.6   2   3   9.6e-48   6.2e-45  152.1   0.1   169   368   662   869   653   919 0.91 -
2131_g               -           1136 4404at5794           -            503   1.1e-59  200.7   6.6   3   3   4.7e-17   3.1e-14   50.8   0.8   374   455   956  1038   919  1066 0.85 -
5111_g               -           1466 4404at5794           -            503   8.9e-43  144.9  11.2   1   4         1   6.5e+02   -3.1   0.5    13    88   392   470   383   491 0.57 -
5111_g               -           1466 4404at5794           -            503   8.9e-43  144.9  11.2   2   4    0.0023       1.5    5.7   0.0    85   152   561   624   550   632 0.86 -
5111_g               -           1466 4404at5794           -            503   8.9e-43  144.9  11.2   3   4     5e-39   3.2e-36  123.3   0.8   205   366  1028  1196  1017  1211 0.87 -
5111_g               -           1466 4404at5794           -            503   8.9e-43  144.9  11.2   4   4   5.2e-08   3.4e-05   21.0   0.0   367   453  1304  1387  1285  1412 0.84 -
#
# Program:         hmmsearch
# Version:         3.1b2 (February 2015)
# Pipeline mode:   SEARCH
# Query file:      /mnt/e/Bioinformatics/Semester2/BINP29/Malaria Project/Genomes/Parsed/busco_downloads/lineages/apicomplexa_odb10/hmms/4404at5794.hmm
# Target file:     /mnt/e/Bioinformatics/Semester2/BINP29/Malaria Project/Genomes/Parsed/Pf_new.faa
# Option settings: hmmsearch --domtblout /mnt/e/Bioinformatics/Semester2/BINP29/Malaria Project/Genomes/Parsed/Pf/run_apicomplexa_odb10/hmmer_output/initial_run_results/4404at5794.out --cpu 1 /mnt/e/Bioinformatics/Semester2/BINP29/Malaria Project/Genomes/Parsed/busco_downloads/lineages/apicomplexa_odb10/hmms/4404at5794.hmm /mnt/e/Bioinformatics/Semester2/BINP29/Malaria Project/Genomes/Parsed/Pf_new.faa 
# Current dir:     /mnt/e/Bioinformatics/Semester2/BINP29/Malaria Project/Genomes/Parsed
# Date:            Wed Mar  1 19:29:28 2023
# [ok]
