#                                                                            --- full sequence --- -------------- this domain -------------   hmm coord   ali coord   env coord
# target name        accession   tlen query name           accession   qlen   E-value  score  bias   #  of  c-Evalue  i-Evalue  score  bias  from    to  from    to  from    to  acc description of target
#------------------- ---------- ----- -------------------- ---------- ----- --------- ------ ----- --- --- --------- --------- ------ ----- ----- ----- ----- ----- ----- ----- ---- ---------------------
4514_g               -           1678 4846at5794           -            815  3.8e-253  840.3  67.9   1   7   1.7e-22     8e-20   68.5   0.3     9    91    47   133    39   138 0.90 -
4514_g               -           1678 4846at5794           -            815  3.8e-253  840.3  67.9   2   7    1e-102  4.8e-100  333.9  21.0    59   367   181   536   142   559 0.84 -
4514_g               -           1678 4846at5794           -            815  3.8e-253  840.3  67.9   3   7   5.1e-57   2.4e-54  182.7   4.7   348   530   628   845   625   859 0.82 -
4514_g               -           1678 4846at5794           -            815  3.8e-253  840.3  67.9   4   7   4.1e-22     2e-19   67.2   0.3   526   609   875   958   861   966 0.85 -
4514_g               -           1678 4846at5794           -            815  3.8e-253  840.3  67.9   5   7       0.2        93   -1.2   0.1   592   616  1044  1068  1041  1073 0.87 -
4514_g               -           1678 4846at5794           -            815  3.8e-253  840.3  67.9   6   7   1.3e-52     6e-50  168.2   4.0   613   743  1245  1383  1224  1386 0.89 -
4514_g               -           1678 4846at5794           -            815  3.8e-253  840.3  67.9   7   7   9.6e-16   4.5e-13   46.2   0.3   740   814  1436  1532  1422  1533 0.74 -
1501_g               -            600 4846at5794           -            815   3.5e-30  102.8   0.1   1   3   1.6e-17   7.6e-15   52.0   0.0   631   718   282   371   261   377 0.89 -
1501_g               -            600 4846at5794           -            815   3.5e-30  102.8   0.1   2   3   4.1e-12   1.9e-09   34.2   0.0   630   690   382   442   379   450 0.92 -
1501_g               -            600 4846at5794           -            815   3.5e-30  102.8   0.1   3   3   1.5e-05    0.0069   12.5   0.0   630   693   481   545   443   554 0.81 -
3642_g               -           1713 4846at5794           -            815   1.1e-19   68.1   2.6   1   4    0.0018      0.86    5.6   0.0   635   689  1110  1164  1086  1169 0.91 -
3642_g               -           1713 4846at5794           -            815   1.1e-19   68.1   2.6   2   4     5e-06    0.0024   14.0   0.0   636   719  1329  1415  1318  1446 0.82 -
3642_g               -           1713 4846at5794           -            815   1.1e-19   68.1   2.6   3   4   4.4e-14   2.1e-11   40.7   3.7   621   717  1488  1583  1425  1587 0.83 -
3642_g               -           1713 4846at5794           -            815   1.1e-19   68.1   2.6   4   4     0.013       6.1    2.7   0.0   643   691  1574  1624  1567  1651 0.75 -
2678_g               -            794 4846at5794           -            815   1.3e-18   64.5   3.7   1   2     0.033        16    1.4   0.0    93   114   372   393   358   402 0.78 -
2678_g               -            794 4846at5794           -            815   1.3e-18   64.5   3.7   2   2   1.6e-20   7.8e-18   61.9   2.4   244   462   486   725   482   740 0.80 -
3101_g               -            170 4846at5794           -            815   2.7e-18   63.5   0.0   1   2     1e-20   4.8e-18   62.6   0.0   630   719    41   131    38   134 0.96 -
3101_g               -            170 4846at5794           -            815   2.7e-18   63.5   0.0   2   2      0.82   3.9e+02   -3.2   0.0   635   653   145   163   140   167 0.64 -
3320_g               -            488 4846at5794           -            815   1.9e-17   60.7   0.3   1   3   6.1e-12   2.9e-09   33.6   0.0   594   689    64   152    55   157 0.84 -
3320_g               -            488 4846at5794           -            815   1.9e-17   60.7   0.3   2   3     7e-09   3.3e-06   23.5   0.0   627   686   156   215   153   228 0.90 -
3320_g               -            488 4846at5794           -            815   1.9e-17   60.7   0.3   3   3      0.12        57   -0.5   0.1   544   602   412   470   401   480 0.85 -
2716_g               -            372 4846at5794           -            815   4.6e-15   52.8   0.1   1   1   1.8e-17   8.6e-15   51.9   0.1   629   693   295   359   242   364 0.74 -
136_g                -            401 4846at5794           -            815   4.5e-12   42.9   5.4   1   2   6.7e-12   3.2e-09   33.5   0.8   643   719    87   164    81   167 0.93 -
136_g                -            401 4846at5794           -            815   4.5e-12   42.9   5.4   2   2   2.9e-05     0.014   11.5   0.3   629   693   172   238   166   261 0.83 -
520_g                -            510 4846at5794           -            815   1.2e-10   38.2  26.9   1   1   4.1e-13   1.9e-10   37.5  26.9   115   326    55   266    51   327 0.76 -
910_g                -            300 4846at5794           -            815   1.3e-08   31.5   0.1   1   1   5.1e-11   2.4e-08   30.5   0.1   596   718    13   138     1   143 0.88 -
2453_g               -            312 4846at5794           -            815     7e-07   25.7   0.8   1   1     2e-09   9.2e-07   25.3   0.8   610   718    51   158     1   164 0.74 -
#
# Program:         hmmsearch
# Version:         3.1b2 (February 2015)
# Pipeline mode:   SEARCH
# Query file:      /mnt/e/Bioinformatics/Semester2/BINP29/Malaria Project/Genomes/Parsed/busco_downloads/lineages/apicomplexa_odb10/hmms/4846at5794.hmm
# Target file:     /mnt/e/Bioinformatics/Semester2/BINP29/Malaria Project/Genomes/Parsed/Pf_new.faa
# Option settings: hmmsearch --domtblout /mnt/e/Bioinformatics/Semester2/BINP29/Malaria Project/Genomes/Parsed/Pf/run_apicomplexa_odb10/hmmer_output/initial_run_results/4846at5794.out --cpu 1 /mnt/e/Bioinformatics/Semester2/BINP29/Malaria Project/Genomes/Parsed/busco_downloads/lineages/apicomplexa_odb10/hmms/4846at5794.hmm /mnt/e/Bioinformatics/Semester2/BINP29/Malaria Project/Genomes/Parsed/Pf_new.faa 
# Current dir:     /mnt/e/Bioinformatics/Semester2/BINP29/Malaria Project/Genomes/Parsed
# Date:            Wed Mar  1 19:29:29 2023
# [ok]
