#                                                                            --- full sequence --- -------------- this domain -------------   hmm coord   ali coord   env coord
# target name        accession   tlen query name           accession   qlen   E-value  score  bias   #  of  c-Evalue  i-Evalue  score  bias  from    to  from    to  from    to  acc description of target
#------------------- ---------- ----- -------------------- ---------- ----- --------- ------ ----- --- --- --------- --------- ------ ----- ----- ----- ----- ----- ----- ----- ---- ---------------------
1071_g               -            874 4967at5794           -            467  2.5e-179  594.9  49.5   1   5   2.3e-42   1.3e-39  134.2   0.8     1    76     1    76     1    84 0.98 -
1071_g               -            874 4967at5794           -            467  2.5e-179  594.9  49.5   2   5   3.2e-67   1.8e-64  216.2   1.2    73   227    95   257    90   261 0.93 -
1071_g               -            874 4967at5794           -            467  2.5e-179  594.9  49.5   3   5   1.2e-63     7e-61  204.4   5.0   221   360   283   437   271   547 0.88 -
1071_g               -            874 4967at5794           -            467  2.5e-179  594.9  49.5   4   5   1.9e-23   1.1e-20   71.8   1.6   369   458   617   712   601   722 0.85 -
1071_g               -            874 4967at5794           -            467  2.5e-179  594.9  49.5   5   5         9   5.2e+03   -8.1   9.8   366   408   800   842   735   870 0.49 -
1007_g               -            683 4967at5794           -            467   7.8e-70  233.9  13.6   1   3   2.8e-18   1.6e-15   54.8   0.2     4    74    39   109    37   121 0.96 -
1007_g               -            683 4967at5794           -            467   7.8e-70  233.9  13.6   2   3   3.5e-53     2e-50  169.9   0.0    77   340   138   415   131   439 0.88 -
1007_g               -            683 4967at5794           -            467   7.8e-70  233.9  13.6   3   3   1.8e-05      0.01   12.6   6.4   372   454   543   630   524   642 0.66 -
853_g                -            678 4967at5794           -            467   1.9e-64  216.1   9.2   1   3   2.3e-17   1.3e-14   51.8   0.1     4    74    18    88    16   100 0.96 -
853_g                -            678 4967at5794           -            467   1.9e-64  216.1   9.2   2   3   1.3e-49   7.6e-47  158.1   0.0    90   340   130   394    92   399 0.87 -
853_g                -            678 4967at5794           -            467   1.9e-64  216.1   9.2   3   3   0.00029      0.17    8.6   3.1   372   449   522   604   502   620 0.67 -
4109_g               -            653 4967at5794           -            467   1.2e-58  197.0  11.4   1   3   1.1e-14   6.4e-12   42.9   0.0     2    73    29   100    28   107 0.96 -
4109_g               -            653 4967at5794           -            467   1.2e-58  197.0  11.4   2   3   1.3e-45   7.4e-43  144.9   0.1    90   338   142   401   116   404 0.85 -
4109_g               -            653 4967at5794           -            467   1.2e-58  197.0  11.4   3   3   4.7e-05     0.027   11.2   5.6   376   456   532   620   516   625 0.73 -
2852_g               -           1898 4967at5794           -            467   6.4e-50  168.2   1.6   1   5       2.2   1.3e+03   -4.2   4.4   368   445   226   301   207   319 0.51 -
2852_g               -           1898 4967at5794           -            467   6.4e-50  168.2   1.6   2   5       2.3   1.4e+03   -4.3   2.2   385   439   465   520   404   584 0.72 -
2852_g               -           1898 4967at5794           -            467   6.4e-50  168.2   1.6   3   5         9   5.2e+03  -12.3  12.2   382   457   640   712   630   729 0.62 -
2852_g               -           1898 4967at5794           -            467   6.4e-50  168.2   1.6   4   5   1.1e-52   6.4e-50  168.2   1.6     3   338  1277  1649  1276  1655 0.83 -
2852_g               -           1898 4967at5794           -            467   6.4e-50  168.2   1.6   5   5    0.0046       2.7    4.6   7.7   359   456  1761  1860  1751  1870 0.64 -
414_g                -            933 4967at5794           -            467   1.1e-32  111.4  31.7   1   5   0.00041      0.24    8.1   0.0     2    53    25    77    24   110 0.81 -
414_g                -            933 4967at5794           -            467   1.1e-32  111.4  31.7   2   5     2e-32   1.2e-29  101.4   5.4   112   362   198   473   159   503 0.78 -
414_g                -            933 4967at5794           -            467   1.1e-32  111.4  31.7   3   5     4e-06    0.0023   14.7   8.4   375   457   661   750   634   760 0.72 -
414_g                -            933 4967at5794           -            467   1.1e-32  111.4  31.7   4   5       0.5   2.9e+02   -2.1   0.2   395   447   756   808   745   833 0.65 -
414_g                -            933 4967at5794           -            467   1.1e-32  111.4  31.7   5   5       1.1   6.4e+02   -3.2   1.2   399   399   872   872   795   923 0.51 -
1014_g               -            305 4967at5794           -            467    0.0046   13.7   3.2   1   1   1.3e-05    0.0075   13.0   3.2   359   446    41   132    31   149 0.77 -
5189_g               -            213 4967at5794           -            467     0.018   11.8   6.2   1   1   4.5e-05     0.026   11.2   6.2   383   458    83   161    67   171 0.83 -
19_g                 -            224 4967at5794           -            467      0.17    8.6   7.0   1   1   0.00041      0.23    8.1   7.0   342   453    17   134    14   145 0.84 -
#
# Program:         hmmsearch
# Version:         3.1b2 (February 2015)
# Pipeline mode:   SEARCH
# Query file:      /mnt/e/Bioinformatics/Semester2/BINP29/Malaria Project/Genomes/Parsed/busco_downloads/lineages/apicomplexa_odb10/hmms/4967at5794.hmm
# Target file:     /mnt/e/Bioinformatics/Semester2/BINP29/Malaria Project/Genomes/Parsed/Pf_new.faa
# Option settings: hmmsearch --domtblout /mnt/e/Bioinformatics/Semester2/BINP29/Malaria Project/Genomes/Parsed/Pf/run_apicomplexa_odb10/hmmer_output/initial_run_results/4967at5794.out --cpu 1 /mnt/e/Bioinformatics/Semester2/BINP29/Malaria Project/Genomes/Parsed/busco_downloads/lineages/apicomplexa_odb10/hmms/4967at5794.hmm /mnt/e/Bioinformatics/Semester2/BINP29/Malaria Project/Genomes/Parsed/Pf_new.faa 
# Current dir:     /mnt/e/Bioinformatics/Semester2/BINP29/Malaria Project/Genomes/Parsed
# Date:            Wed Mar  1 19:29:29 2023
# [ok]
