#                                                                            --- full sequence --- -------------- this domain -------------   hmm coord   ali coord   env coord
# target name        accession   tlen query name           accession   qlen   E-value  score  bias   #  of  c-Evalue  i-Evalue  score  bias  from    to  from    to  from    to  acc description of target
#------------------- ---------- ----- -------------------- ---------- ----- --------- ------ ----- --- --- --------- --------- ------ ----- ----- ----- ----- ----- ----- ----- ---- ---------------------
1688_g               -            928 5247at5794           -            570  1.1e-300  996.3  37.0   1   2   1.5e-23   1.9e-20   71.1   3.9     1    62   102   162   102   191 0.72 -
1688_g               -            928 5247at5794           -            570  1.1e-300  996.3  37.0   2   2  2.2e-282  2.9e-279  925.6  25.9    37   570   189   800   180   800 0.92 -
1067_g               -            746 5247at5794           -            570  5.9e-141  469.0  22.4   1   2   6.5e-59   8.4e-56  187.9   2.0     1   179     6   215     6   224 0.84 -
1067_g               -            746 5247at5794           -            570  5.9e-141  469.0  22.4   2   2   1.6e-88   2.1e-85  285.6  12.8   178   567   287   712   276   714 0.83 -
2230_g               -            822 5247at5794           -            570    1e-119  398.9  33.1   1   2   1.1e-99   1.4e-96  322.5  13.7     2   346    76   473    75   482 0.83 -
2230_g               -            822 5247at5794           -            570    1e-119  398.9  33.1   2   2   2.3e-23     3e-20   70.5  11.4   331   567   489   760   479   763 0.74 -
2708_g               -            931 5247at5794           -            570   3.4e-83  278.3  42.9   1   4   2.7e-27   3.6e-24   83.4   2.4     1    94    73   181    73   188 0.86 -
2708_g               -            931 5247at5794           -            570   3.4e-83  278.3  42.9   2   4   2.6e-23   3.4e-20   70.3   2.3    89   211   212   350   183   371 0.76 -
2708_g               -            931 5247at5794           -            570   3.4e-83  278.3  42.9   3   4   4.9e-36   6.3e-33  112.3  17.8   172   445   416   713   385   719 0.80 -
2708_g               -            931 5247at5794           -            570   3.4e-83  278.3  42.9   4   4   6.3e-10   8.2e-07   26.1   0.2   423   554   720   860   715   873 0.71 -
#
# Program:         hmmsearch
# Version:         3.1b2 (February 2015)
# Pipeline mode:   SEARCH
# Query file:      /mnt/e/Bioinformatics/Semester2/BINP29/Malaria Project/Genomes/Parsed/busco_downloads/lineages/apicomplexa_odb10/hmms/5247at5794.hmm
# Target file:     /mnt/e/Bioinformatics/Semester2/BINP29/Malaria Project/Genomes/Parsed/Pf_new.faa
# Option settings: hmmsearch --domtblout /mnt/e/Bioinformatics/Semester2/BINP29/Malaria Project/Genomes/Parsed/Pf/run_apicomplexa_odb10/hmmer_output/initial_run_results/5247at5794.out --cpu 1 /mnt/e/Bioinformatics/Semester2/BINP29/Malaria Project/Genomes/Parsed/busco_downloads/lineages/apicomplexa_odb10/hmms/5247at5794.hmm /mnt/e/Bioinformatics/Semester2/BINP29/Malaria Project/Genomes/Parsed/Pf_new.faa 
# Current dir:     /mnt/e/Bioinformatics/Semester2/BINP29/Malaria Project/Genomes/Parsed
# Date:            Wed Mar  1 19:29:29 2023
# [ok]
