#                                                                            --- full sequence --- -------------- this domain -------------   hmm coord   ali coord   env coord
# target name        accession   tlen query name           accession   qlen   E-value  score  bias   #  of  c-Evalue  i-Evalue  score  bias  from    to  from    to  from    to  acc description of target
#------------------- ---------- ----- -------------------- ---------- ----- --------- ------ ----- --- --- --------- --------- ------ ----- ----- ----- ----- ----- ----- ----- ---- ---------------------
3517_g               -            704 7036at5794           -            279   5.3e-83  276.5  45.6   1   5   1.7e-25   4.5e-22   76.6   3.4     1    77    27   111    27   124 0.86 -
3517_g               -            704 7036at5794           -            279   5.3e-83  276.5  45.6   2   5    0.0057        15    2.8   1.0    65    85   130   150   111   163 0.76 -
3517_g               -            704 7036at5794           -            279   5.3e-83  276.5  45.6   3   5   0.00028      0.72    7.1   0.3    80   103   166   191   151   205 0.76 -
3517_g               -            704 7036at5794           -            279   5.3e-83  276.5  45.6   4   5   4.9e-18   1.3e-14   52.2   3.4    97   151   247   302   238   317 0.79 -
3517_g               -            704 7036at5794           -            279   5.3e-83  276.5  45.6   5   5     8e-50   2.1e-46  156.5  11.1   135   277   338   505   337   507 0.86 -
3323_g               -            664 7036at5794           -            279   1.4e-12   45.5  15.3   1   4   3.7e-10   9.7e-07   26.4   0.8     6    85    50   132    44   157 0.84 -
3323_g               -            664 7036at5794           -            279   1.4e-12   45.5  15.3   2   4   2.2e-10   5.8e-07   27.1   0.8   106   152   246   292   218   306 0.81 -
3323_g               -            664 7036at5794           -            279   1.4e-12   45.5  15.3   3   4     0.028        73    0.5   0.2   135   191   301   358   296   364 0.86 -
3323_g               -            664 7036at5794           -            279   1.4e-12   45.5  15.3   4   4      0.19   5.1e+02   -2.2   0.2   191   250   388   448   352   477 0.67 -
#
# Program:         hmmsearch
# Version:         3.1b2 (February 2015)
# Pipeline mode:   SEARCH
# Query file:      /mnt/e/Bioinformatics/Semester2/BINP29/Malaria Project/Genomes/Parsed/busco_downloads/lineages/apicomplexa_odb10/hmms/7036at5794.hmm
# Target file:     /mnt/e/Bioinformatics/Semester2/BINP29/Malaria Project/Genomes/Parsed/Pf_new.faa
# Option settings: hmmsearch --domtblout /mnt/e/Bioinformatics/Semester2/BINP29/Malaria Project/Genomes/Parsed/Pf/run_apicomplexa_odb10/hmmer_output/initial_run_results/7036at5794.out --cpu 1 /mnt/e/Bioinformatics/Semester2/BINP29/Malaria Project/Genomes/Parsed/busco_downloads/lineages/apicomplexa_odb10/hmms/7036at5794.hmm /mnt/e/Bioinformatics/Semester2/BINP29/Malaria Project/Genomes/Parsed/Pf_new.faa 
# Current dir:     /mnt/e/Bioinformatics/Semester2/BINP29/Malaria Project/Genomes/Parsed
# Date:            Wed Mar  1 19:29:33 2023
# [ok]
