#                                                                            --- full sequence --- -------------- this domain -------------   hmm coord   ali coord   env coord
# target name        accession   tlen query name           accession   qlen   E-value  score  bias   #  of  c-Evalue  i-Evalue  score  bias  from    to  from    to  from    to  acc description of target
#------------------- ---------- ----- -------------------- ---------- ----- --------- ------ ----- --- --- --------- --------- ------ ----- ----- ----- ----- ----- ----- ----- ---- ---------------------
279_g                -           2161 820at5794            -           1101         0 1438.9  96.0   1   8  6.3e-115  3.6e-112  374.2   1.0     1   196    65   281    65   311 0.90 -
279_g                -           2161 820at5794            -           1101         0 1438.9  96.0   2   8    2e-180  1.2e-177  591.1  16.9   190   569   340   769   333   814 0.89 -
279_g                -           2161 820at5794            -           1101         0 1438.9  96.0   3   8   4.6e-13   2.7e-10   36.9   9.6   570   677   887   994   877  1009 0.73 -
279_g                -           2161 820at5794            -           1101         0 1438.9  96.0   4   8   2.8e-29   1.6e-26   90.6  21.2   636   764  1000  1129   974  1155 0.81 -
279_g                -           2161 820at5794            -           1101         0 1438.9  96.0   5   8   2.5e-08   1.4e-05   21.2   0.0   739   786  1370  1417  1329  1442 0.74 -
279_g                -           2161 820at5794            -           1101         0 1438.9  96.0   6   8   3.3e-05     0.019   10.9   0.3   785   818  1468  1501  1459  1564 0.81 -
279_g                -           2161 820at5794            -           1101         0 1438.9  96.0   7   8   3.6e-14   2.1e-11   40.6   0.0   829   877  1748  1801  1631  1805 0.85 -
279_g                -           2161 820at5794            -           1101         0 1438.9  96.0   8   8     5e-92   2.9e-89  298.4   3.9   875  1101  1892  2157  1881  2157 0.86 -
399_g                -            819 820at5794            -           1101  1.3e-130  435.3  14.1   1   1  1.6e-132  9.5e-130  432.4  14.1     7   650   101   804    96   818 0.81 -
4473_g               -            802 820at5794            -           1101  1.2e-107  359.3  33.8   1   1  5.7e-110  3.3e-107  357.8  33.8     8   543    94   678    89   796 0.82 -
2910_g               -           1739 820at5794            -           1101   1.4e-92  309.3  97.3   1   8   1.2e-25   6.7e-23   78.6   0.2     6   104   104   222   100   238 0.83 -
2910_g               -           1739 820at5794            -           1101   1.4e-92  309.3  97.3   2   8   3.8e-35   2.2e-32  110.0   1.0   110   217   345   455   337   463 0.89 -
2910_g               -           1739 820at5794            -           1101   1.4e-92  309.3  97.3   3   8   9.5e-08   5.5e-05   19.3   2.0   230   319   601   705   582   711 0.71 -
2910_g               -           1739 820at5794            -           1101   1.4e-92  309.3  97.3   4   8     1e-27     6e-25   85.4  16.2   313   494   765   967   727   995 0.79 -
2910_g               -           1739 820at5794            -           1101   1.4e-92  309.3  97.3   5   8      0.25   1.5e+02   -2.0   0.7   712   764   999  1052   959  1061 0.70 -
2910_g               -           1739 820at5794            -           1101   1.4e-92  309.3  97.3   6   8   9.5e-18   5.5e-15   52.4  16.8   466   685  1059  1314  1035  1315 0.65 -
2910_g               -           1739 820at5794            -           1101   1.4e-92  309.3  97.3   7   8       1.3   7.6e+02   -4.3  22.2   563   674  1265  1391  1260  1424 0.71 -
2910_g               -           1739 820at5794            -           1101   1.4e-92  309.3  97.3   8   8      0.61   3.5e+02   -3.2   3.5   619   761  1533  1687  1515  1718 0.49 -
2303_g               -           2275 820at5794            -           1101   2.7e-48  162.7  79.4   1   5   3.4e-21     2e-18   63.8   1.5    11   102   114   225   107   236 0.77 -
2303_g               -           2275 820at5794            -           1101   2.7e-48  162.7  79.4   2   5   1.4e-11   8.2e-09   32.0   6.7   116   213   342   458   332   469 0.71 -
2303_g               -           2275 820at5794            -           1101   2.7e-48  162.7  79.4   3   5     0.032        18    1.0   0.2   189   251   461   524   441   535 0.68 -
2303_g               -           2275 820at5794            -           1101   2.7e-48  162.7  79.4   4   5   7.4e-19   4.3e-16   56.1  29.0   258   505   561   848   550   875 0.75 -
2303_g               -           2275 820at5794            -           1101   2.7e-48  162.7  79.4   5   5   3.6e-10   2.1e-07   27.3  15.4   480   663   992  1175   971  1322 0.55 -
3519_g               -           2154 820at5794            -           1101   2.5e-33  113.1  40.6   1   8   2.8e-08   1.6e-05   21.1   0.1     6    59    80   133    76   143 0.95 -
3519_g               -           2154 820at5794            -           1101   2.5e-33  113.1  40.6   2   8     3e-23   1.7e-20   70.6   7.5    53   250   155   373   143   382 0.78 -
3519_g               -           2154 820at5794            -           1101   2.5e-33  113.1  40.6   3   8   5.1e-17     3e-14   50.0  20.8   320   481   533   701   518   824 0.81 -
3519_g               -           2154 820at5794            -           1101   2.5e-33  113.1  40.6   4   8     0.009       5.2    2.8   0.1   558   589   866   897   861   909 0.88 -
3519_g               -           2154 820at5794            -           1101   2.5e-33  113.1  40.6   5   8         9   5.2e+03   -7.8   5.6   704   768  1056  1121  1035  1128 0.64 -
3519_g               -           2154 820at5794            -           1101   2.5e-33  113.1  40.6   6   8         9   5.2e+03  -10.6   9.2   700   726  1528  1554  1479  1622 0.45 -
3519_g               -           2154 820at5794            -           1101   2.5e-33  113.1  40.6   7   8         9   5.2e+03   -9.3   5.3   709   758  1652  1704  1649  1727 0.62 -
3519_g               -           2154 820at5794            -           1101   2.5e-33  113.1  40.6   8   8      0.47   2.7e+02   -2.9   2.9   380   457  1870  1946  1833  1966 0.76 -
924_g                -            324 820at5794            -           1101   5.1e-09   32.6   0.1   1   2     3e-05     0.017   11.0   0.1   875   948    65   141    24   143 0.75 -
924_g                -            324 820at5794            -           1101   5.1e-09   32.6   0.1   2   2   6.4e-09   3.7e-06   23.2   0.0   877  1065   109   318   103   322 0.60 -
888_g                -            325 820at5794            -           1101   5.1e-06   22.7   2.3   1   3   2.6e-06    0.0015   14.6   0.8   858   995    54   196    30   198 0.84 -
888_g                -            325 820at5794            -           1101   5.1e-06   22.7   2.3   2   3   0.00024      0.14    8.0   0.1   847   909   169   232   156   242 0.76 -
888_g                -            325 820at5794            -           1101   5.1e-06   22.7   2.3   3   3     0.024        14    1.4   0.0   853   905   265   319   247   321 0.76 -
1138_g               -            328 820at5794            -           1101   0.00016   17.8   0.0   1   2   0.00063      0.36    6.6   0.0   877   973     5   103     1   114 0.93 -
1138_g               -            328 820at5794            -           1101   0.00016   17.8   0.0   2   2   0.00011     0.061    9.2   0.0   855   907   156   210   145   225 0.84 -
#
# Program:         hmmsearch
# Version:         3.1b2 (February 2015)
# Pipeline mode:   SEARCH
# Query file:      /mnt/e/Bioinformatics/Semester2/BINP29/Malaria Project/Genomes/Parsed/busco_downloads/lineages/apicomplexa_odb10/hmms/820at5794.hmm
# Target file:     /mnt/e/Bioinformatics/Semester2/BINP29/Malaria Project/Genomes/Parsed/Pf_new.faa
# Option settings: hmmsearch --domtblout /mnt/e/Bioinformatics/Semester2/BINP29/Malaria Project/Genomes/Parsed/Pf/run_apicomplexa_odb10/hmmer_output/initial_run_results/820at5794.out --cpu 1 /mnt/e/Bioinformatics/Semester2/BINP29/Malaria Project/Genomes/Parsed/busco_downloads/lineages/apicomplexa_odb10/hmms/820at5794.hmm /mnt/e/Bioinformatics/Semester2/BINP29/Malaria Project/Genomes/Parsed/Pf_new.faa 
# Current dir:     /mnt/e/Bioinformatics/Semester2/BINP29/Malaria Project/Genomes/Parsed
# Date:            Wed Mar  1 19:29:36 2023
# [ok]
