#                                                                            --- full sequence --- -------------- this domain -------------   hmm coord   ali coord   env coord
# target name        accession   tlen query name           accession   qlen   E-value  score  bias   #  of  c-Evalue  i-Evalue  score  bias  from    to  from    to  from    to  acc description of target
#------------------- ---------- ----- -------------------- ---------- ----- --------- ------ ----- --- --- --------- --------- ------ ----- ----- ----- ----- ----- ----- ----- ---- ---------------------
4703_g               -            666 8643at5794           -            522  1.7e-276  915.7   1.7   1   2       6.3   8.9e+02   -3.9   4.0     2    52    31    81    30   110 0.50 -
4703_g               -            666 8643at5794           -            522  1.7e-276  915.7   1.7   2   2  1.2e-278  1.7e-276  915.7   1.7    17   519   133   659   112   665 0.93 -
1708_g               -            528 8643at5794           -            522  3.6e-118  393.3   0.0   1   1  3.2e-120  4.6e-118  393.0   0.0    58   471    72   501    49   516 0.91 -
4615_g               -           1124 8643at5794           -            522  1.2e-114  381.7   0.0   1   2   6.8e-62   9.6e-60  200.5   0.0    67   273   670   883   650   898 0.87 -
4615_g               -           1124 8643at5794           -            522  1.2e-114  381.7   0.0   2   2   6.6e-55   9.3e-53  177.5   0.0   266   461   903  1097   892  1107 0.96 -
4520_g               -           1491 8643at5794           -            522   1.1e-99  332.4   6.1   1   2       3.4   4.8e+02   -3.1   0.7    12    64   213   265   202   284 0.70 -
4520_g               -           1491 8643at5794           -            522   1.1e-99  332.4   6.1   2   2  7.5e-102   1.1e-99  332.4   6.1    15   479   636  1124   623  1169 0.81 -
773_g                -            942 8643at5794           -            522   7.4e-97  323.0   4.2   1   2   2.2e-37   3.1e-35  119.7   0.0    77   265   340   552   269   555 0.80 -
773_g                -            942 8643at5794           -            522   7.4e-97  323.0   4.2   2   2   2.8e-62   3.9e-60  201.8   2.7   267   514   581   826   570   838 0.81 -
2278_g               -            743 8643at5794           -            522   9.7e-96  319.3   2.5   1   2   3.5e-21   4.9e-19   66.2   0.0    71   160   263   353   197   362 0.73 -
2278_g               -            743 8643at5794           -            522   9.7e-96  319.3   2.5   2   2   8.4e-78   1.2e-75  253.0   0.1   166   465   426   739   415   742 0.91 -
3299_g               -            918 8643at5794           -            522   2.6e-80  268.4   2.9   1   2       3.9   5.5e+02   -3.3   3.0   463   520   318   374   308   376 0.82 -
3299_g               -            918 8643at5794           -            522   2.6e-80  268.4   2.9   2   2   1.9e-82   2.6e-80  268.4   2.9     5   461   422   912   417   917 0.82 -
1914_g               -            399 8643at5794           -            522   5.3e-77  257.5   0.8   1   1   4.9e-79   6.9e-77  257.1   0.8    94   441    22   373     7   392 0.90 -
3680_g               -            601 8643at5794           -            522     1e-76  256.5   8.1   1   1   1.6e-78   2.2e-76  255.4   8.1    14   438    70   499     9   532 0.83 -
5165_g               -            391 8643at5794           -            522   5.3e-74  247.6   0.5   1   1   4.8e-76   6.7e-74  247.2   0.5    95   451    17   376    10   389 0.88 -
312_g                -            491 8643at5794           -            522   1.1e-71  240.0   2.2   1   1   9.5e-74   1.3e-71  239.7   2.2    94   440    69   428    24   466 0.86 -
4914_g               -            563 8643at5794           -            522   7.7e-70  233.8  18.1   1   1   3.6e-71   5.1e-69  231.1  17.2     5   444    65   508    38   537 0.86 -
3901_g               -            434 8643at5794           -            522   1.4e-69  233.0   0.3   1   1   1.3e-71   1.8e-69  232.6   0.3    95   436    60   403    39   428 0.91 -
4480_g               -            756 8643at5794           -            522   1.7e-67  226.1   0.6   1   2   2.2e-13   3.2e-11   40.4   0.0    92   161   138   210    55   218 0.65 -
4480_g               -            756 8643at5794           -            522   1.7e-67  226.1   0.6   2   2   8.9e-57   1.2e-54  183.7   0.1   161   440   251   542   245   581 0.87 -
2508_g               -            701 8643at5794           -            522   1.2e-64  216.7  14.2   1   3   2.3e-42   3.3e-40  136.1   0.0    97   305    84   308    71   318 0.85 -
2508_g               -            701 8643at5794           -            522   1.2e-64  216.7  14.2   2   3   4.5e-27   6.4e-25   85.6   5.0   303   439   352   490   341   600 0.85 -
2508_g               -            701 8643at5794           -            522   1.2e-64  216.7  14.2   3   3       2.7   3.8e+02   -2.7   0.8    19    19   650   650   613   697 0.40 -
4836_g               -            475 8643at5794           -            522     3e-62  208.8   4.1   1   1     4e-64   5.6e-62  207.9   4.1    96   472    56   460    45   464 0.86 -
1462_g               -            997 8643at5794           -            522   9.6e-61  203.8   9.2   1   1   6.8e-63   9.6e-61  203.8   9.2    22   443    59   487    22   552 0.78 -
926_g                -           1290 8643at5794           -            522   5.9e-54  181.4  15.1   1   4   4.2e-56   5.9e-54  181.4  15.1    87   434   151   510    12   517 0.80 -
926_g                -           1290 8643at5794           -            522   5.9e-54  181.4  15.1   2   4       4.6   6.5e+02   -3.5   2.6     8    69   980  1032   966  1088 0.48 -
926_g                -           1290 8643at5794           -            522   5.9e-54  181.4  15.1   3   4       3.2   4.5e+02   -3.0   0.5   490   518  1137  1165  1114  1169 0.73 -
926_g                -           1290 8643at5794           -            522   5.9e-54  181.4  15.1   4   4       8.8   1.2e+03   -4.4   2.0    14    75  1210  1262  1184  1283 0.50 -
1180_g               -            919 8643at5794           -            522   2.5e-51  172.8  10.2   1   3   3.9e-33   5.5e-31  105.6   0.5    97   269   192   375   168   396 0.85 -
1180_g               -            919 8643at5794           -            522   2.5e-51  172.8  10.2   2   3         2   2.8e+02   -2.3   0.3   319   347   559   586   541   592 0.73 -
1180_g               -            919 8643at5794           -            522   2.5e-51  172.8  10.2   3   3   4.5e-23   6.3e-21   72.4   0.2   348   444   681   779   673   832 0.82 -
1829_g               -            742 8643at5794           -            522   3.3e-49  165.8   3.6   1   1   1.3e-49   1.9e-47  160.0   3.6    96   441   326   710   315   714 0.81 -
3207_g               -            681 8643at5794           -            522   3.8e-45  152.4  32.5   1   3      0.17        24    1.2   1.3    21   102    19   104     5   118 0.79 -
3207_g               -            681 8643at5794           -            522   3.8e-45  152.4  32.5   2   3   5.6e-09   7.9e-07   25.9   7.4    20   162   110   250   103   259 0.69 -
3207_g               -            681 8643at5794           -            522   3.8e-45  152.4  32.5   3   3   2.8e-42   3.9e-40  135.8   8.8   170   511   303   660   291   674 0.80 -
3909_g               -            736 8643at5794           -            522   3.2e-43  146.0  18.5   1   3         2   2.8e+02   -2.3   1.8    17   116    25   128    11   138 0.61 -
3909_g               -            736 8643at5794           -            522   3.2e-43  146.0  18.5   2   3   2.7e-09   3.8e-07   27.0   0.7    77   161   234   321   149   328 0.77 -
3909_g               -            736 8643at5794           -            522   3.2e-43  146.0  18.5   3   3   7.9e-41   1.1e-38  131.0   2.0   170   464   352   654   343   708 0.82 -
1701_g               -            797 8643at5794           -            522   5.2e-42  142.0  19.6   1   3         8   1.1e+03   -4.3   0.7   458   517    16    78    13    83 0.61 -
1701_g               -            797 8643at5794           -            522   5.2e-42  142.0  19.6   2   3   1.4e-32     2e-30  103.8   6.9    10   323   146   492   129   501 0.73 -
1701_g               -            797 8643at5794           -            522   5.2e-42  142.0  19.6   3   3   1.2e-15   1.7e-13   47.9   0.2   352   480   590   718   583   765 0.82 -
4646_g               -            842 8643at5794           -            522   7.9e-40  134.8   1.8   1   3   8.8e-10   1.2e-07   28.6   0.0    96   151     3    59     1    71 0.91 -
4646_g               -            842 8643at5794           -            522   7.9e-40  134.8   1.8   2   3   6.3e-16   8.8e-14   48.9   0.0   169   323   345   514   331   523 0.74 -
4646_g               -            842 8643at5794           -            522   7.9e-40  134.8   1.8   3   3   2.3e-17   3.2e-15   53.6   1.0   309   440   567   715   549   721 0.76 -
74_g                 -            631 8643at5794           -            522   1.3e-37  127.5   4.2   1   1   9.4e-40   1.3e-37  127.5   4.2   126   452   185   527   156   544 0.79 -
2417_g               -            879 8643at5794           -            522   5.5e-35  118.8   0.6   1   3   5.1e-25   7.2e-23   78.9   0.2    96   296   112   326   101   346 0.80 -
2417_g               -            879 8643at5794           -            522   5.5e-35  118.8   0.6   2   3   1.9e-15   2.7e-13   47.2   0.0   391   437   593   639   585   650 0.91 -
2417_g               -            879 8643at5794           -            522   5.5e-35  118.8   0.6   3   3       1.7   2.3e+02   -2.0   5.8    36   111   666   741   640   761 0.62 -
2045_g               -            864 8643at5794           -            522   7.8e-28   95.2   3.0   1   3   0.00056     0.079    9.4   0.2    12   165    68   230    58   276 0.62 -
2045_g               -            864 8643at5794           -            522   7.8e-28   95.2   3.0   2   3       1.1   1.6e+02   -1.4   0.0   212   251   301   351   295   368 0.61 -
2045_g               -            864 8643at5794           -            522   7.8e-28   95.2   3.0   3   3   8.3e-27   1.2e-24   84.8   0.1   325   438   540   652   519   663 0.89 -
4478_g               -            491 8643at5794           -            522     8e-27   91.9   3.7   1   1   8.1e-29   1.1e-26   91.4   3.7    96   429    89   441    81   456 0.81 -
745_g                -           1322 8643at5794           -            522   2.5e-22   77.1  27.0   1   5     0.077        11    2.4   0.2    69   157    24   118    14   130 0.70 -
745_g                -           1322 8643at5794           -            522   2.5e-22   77.1  27.0   2   5      0.04       5.6    3.3   0.0   169   193   169   193   166   197 0.90 -
745_g                -           1322 8643at5794           -            522   2.5e-22   77.1  27.0   3   5   6.1e-06   0.00085   15.9   0.0   184   230   218   268   214   284 0.81 -
745_g                -           1322 8643at5794           -            522   2.5e-22   77.1  27.0   4   5    0.0012      0.17    8.3   0.1   239   277   301   343   291   356 0.77 -
745_g                -           1322 8643at5794           -            522   2.5e-22   77.1  27.0   5   5   4.3e-19     6e-17   59.3   0.1   285   437   674   826   667   838 0.79 -
1464_g               -           1023 8643at5794           -            522   1.6e-20   71.1  33.5   1   5   3.7e-09   5.2e-07   26.5   0.0    97   155    11    70     6    83 0.90 -
1464_g               -           1023 8643at5794           -            522   1.6e-20   71.1  33.5   2   5       2.8   3.9e+02   -2.8   1.0    10    46   226   257   199   275 0.43 -
1464_g               -           1023 8643at5794           -            522   1.6e-20   71.1  33.5   3   5    0.0087       1.2    5.5   0.1   170   194   276   300   264   308 0.86 -
1464_g               -           1023 8643at5794           -            522   1.6e-20   71.1  33.5   4   5   3.5e-07     5e-05   20.0   0.0   213   275   350   419   305   429 0.77 -
1464_g               -           1023 8643at5794           -            522   1.6e-20   71.1  33.5   5   5   7.1e-13     1e-10   38.8   1.5   377   470   645   738   625   771 0.80 -
4115_g               -            729 8643at5794           -            522   2.5e-20   70.5   1.3   1   2     0.014       1.9    4.8   0.0   121   157    60    97    38   104 0.85 -
4115_g               -            729 8643at5794           -            522   2.5e-20   70.5   1.3   2   2   1.5e-20   2.1e-18   64.1   0.2   327   441   311   425   272   510 0.84 -
5005_g               -            568 8643at5794           -            522   4.5e-20   69.6   6.0   1   1   6.2e-21   8.7e-19   65.4   5.9   138   474   163   537    46   548 0.77 -
2600_g               -           1314 8643at5794           -            522   5.6e-20   69.3  13.6   1   4   9.7e-08   1.4e-05   21.8   0.1    17   153    82   225    66   235 0.70 -
2600_g               -           1314 8643at5794           -            522   5.6e-20   69.3  13.6   2   4       3.4   4.8e+02   -3.1   1.6    22   106   383   467   367   478 0.56 -
2600_g               -           1314 8643at5794           -            522   5.6e-20   69.3  13.6   3   4   5.4e-18   7.6e-16   55.7   0.5   332   427   927  1022   911  1044 0.89 -
2600_g               -           1314 8643at5794           -            522   5.6e-20   69.3  13.6   4   4       1.7   2.4e+02   -2.1   0.1    11    63  1033  1085  1022  1105 0.63 -
1553_g               -           2831 8643at5794           -            522   3.7e-18   63.3   1.9   1   2    0.0043       0.6    6.5   0.0   114   160  1441  1485  1391  1608 0.74 -
1553_g               -           2831 8643at5794           -            522   3.7e-18   63.3   1.9   2   2   1.1e-17   1.6e-15   54.6   0.4   332   442  1676  1786  1657  1824 0.91 -
1048_g               -           1133 8643at5794           -            522   1.7e-17   61.1   5.5   1   5      0.38        54    0.1   0.0    97   130    73   107    67   110 0.81 -
1048_g               -           1133 8643at5794           -            522   1.7e-17   61.1   5.5   2   5      0.67        95   -0.7   0.0   137   160   238   261   233   266 0.78 -
1048_g               -           1133 8643at5794           -            522   1.7e-17   61.1   5.5   3   5     0.055       7.7    2.9   0.0   209   268   449   512   442   518 0.83 -
1048_g               -           1133 8643at5794           -            522   1.7e-17   61.1   5.5   4   5      0.49        69   -0.3   0.0   439   477   785   825   748   839 0.78 -
1048_g               -           1133 8643at5794           -            522   1.7e-17   61.1   5.5   5   5   1.9e-17   2.7e-15   53.9   1.2   333   472   846   987   842  1032 0.80 -
5065_g               -           1353 8643at5794           -            522   1.1e-16   58.4   0.7   1   2   5.9e-18   8.2e-16   55.6   0.2   110   288   254   453   161   468 0.78 -
5065_g               -           1353 8643at5794           -            522   1.1e-16   58.4   0.7   2   2    0.0002     0.029   10.9   0.0   374   419   950   995   906  1022 0.75 -
131_g                -            831 8643at5794           -            522     8e-07   25.9   6.5   1   6       4.3   6.1e+02   -3.4   0.0   132   154   151   173   137   178 0.74 -
131_g                -            831 8643at5794           -            522     8e-07   25.9   6.5   2   6    0.0014      0.19    8.2   0.0   169   194   255   280   238   300 0.79 -
131_g                -            831 8643at5794           -            522     8e-07   25.9   6.5   3   6      0.28        39    0.5   0.0   213   251   404   447   395   456 0.74 -
131_g                -            831 8643at5794           -            522     8e-07   25.9   6.5   4   6       5.7   8.1e+02   -3.8   0.6    10    73   559   623   544   639 0.56 -
131_g                -            831 8643at5794           -            522     8e-07   25.9   6.5   5   6       3.1   4.3e+02   -2.9   0.1   316   382   628   697   617   699 0.69 -
131_g                -            831 8643at5794           -            522     8e-07   25.9   6.5   6   6   1.9e-06   0.00027   17.5   0.1   391   437   726   772   710   815 0.83 -
#
# Program:         hmmsearch
# Version:         3.1b2 (February 2015)
# Pipeline mode:   SEARCH
# Query file:      /mnt/e/Bioinformatics/Semester2/BINP29/Malaria Project/Genomes/Parsed/busco_downloads/lineages/apicomplexa_odb10/hmms/8643at5794.hmm
# Target file:     /mnt/e/Bioinformatics/Semester2/BINP29/Malaria Project/Genomes/Parsed/Pf_new.faa
# Option settings: hmmsearch --domtblout /mnt/e/Bioinformatics/Semester2/BINP29/Malaria Project/Genomes/Parsed/Pf/run_apicomplexa_odb10/hmmer_output/initial_run_results/8643at5794.out --cpu 1 /mnt/e/Bioinformatics/Semester2/BINP29/Malaria Project/Genomes/Parsed/busco_downloads/lineages/apicomplexa_odb10/hmms/8643at5794.hmm /mnt/e/Bioinformatics/Semester2/BINP29/Malaria Project/Genomes/Parsed/Pf_new.faa 
# Current dir:     /mnt/e/Bioinformatics/Semester2/BINP29/Malaria Project/Genomes/Parsed
# Date:            Wed Mar  1 19:29:37 2023
# [ok]
