#                                                                            --- full sequence --- -------------- this domain -------------   hmm coord   ali coord   env coord
# target name        accession   tlen query name           accession   qlen   E-value  score  bias   #  of  c-Evalue  i-Evalue  score  bias  from    to  from    to  from    to  acc description of target
#------------------- ---------- ----- -------------------- ---------- ----- --------- ------ ----- --- --- --------- --------- ------ ----- ----- ----- ----- ----- ----- ----- ---- ---------------------
1058_g               -            664 8677at5794           -            432  3.9e-181  600.7  51.6   1   2   3.4e-97   7.7e-95  316.3  41.1     1   230    35   288    35   294 0.93 -
1058_g               -            664 8677at5794           -            432  3.9e-181  600.7  51.6   2   2     8e-92   1.8e-89  298.6   2.8   219   429   315   565   295   571 0.90 -
1092_g               -           1400 8677at5794           -            432   6.4e-37  125.5   0.0   1   3   4.2e-19   9.6e-17   59.0   0.0   254   412   731   911   719   926 0.74 -
1092_g               -           1400 8677at5794           -            432   6.4e-37  125.5   0.0   2   3       8.9     2e+03   -4.7   3.7    32   102   991  1061   980  1072 0.69 -
1092_g               -           1400 8677at5794           -            432   6.4e-37  125.5   0.0   3   3   1.1e-23   2.6e-21   74.1   0.0   246   412  1130  1319  1099  1332 0.75 -
3570_g               -            829 8677at5794           -            432   1.3e-32  111.3   0.7   1   2   2.5e-18   5.6e-16   56.5   0.0   255   421   242   430   232   442 0.74 -
3570_g               -            829 8677at5794           -            432   1.3e-32  111.3   0.7   2   2     2e-16   4.4e-14   50.2   0.0   254   413   514   698   506   713 0.74 -
2482_g               -            436 8677at5794           -            432   3.3e-19   67.1   4.4   1   2     0.019       4.3    4.1   4.2    50   113    22    83     7   135 0.69 -
2482_g               -            436 8677at5794           -            432   3.3e-19   67.1   4.4   2   2   9.1e-20   2.1e-17   61.2   0.0   247   410   206   393   195   411 0.74 -
1879_g               -            707 8677at5794           -            432   5.2e-18   63.1   0.0   1   2   2.3e-20   5.2e-18   63.1   0.0   254   415   287   469   261   486 0.75 -
1879_g               -            707 8677at5794           -            432   5.2e-18   63.1   0.0   2   2         4   9.1e+02   -3.5   1.7   147   170   674   697   619   703 0.53 -
114_g                -            422 8677at5794           -            432   4.1e-17   60.2   0.0   1   1   2.9e-19   6.7e-17   59.5   0.0   255   373   197   331   191   354 0.82 -
2817_g               -            440 8677at5794           -            432     2e-16   57.9   0.0   1   2       2.5   5.6e+02   -2.8   3.1   113   168    39    66     9    99 0.57 -
2817_g               -            440 8677at5794           -            432     2e-16   57.9   0.0   2   2     9e-19     2e-16   57.9   0.0   255   430   221   421   198   423 0.77 -
3735_g               -            784 8677at5794           -            432   8.8e-16   55.8   0.5   1   2   1.4e-11   3.2e-09   34.2   0.0   243   418   276   489   261   501 0.70 -
3735_g               -            784 8677at5794           -            432   8.8e-16   55.8   0.5   2   2   6.7e-07   0.00015   18.8   0.1   250   353   564   680   542   688 0.67 -
66_g                 -            394 8677at5794           -            432   2.6e-15   54.3   0.5   1   2       1.7   3.9e+02   -2.3   0.3    84   105    27    48     5    94 0.57 -
66_g                 -            394 8677at5794           -            432   2.6e-15   54.3   0.5   2   2   2.2e-17     5e-15   53.3   0.0   255   372   172   305   164   360 0.73 -
1816_g               -            420 8677at5794           -            432   8.4e-15   52.6   9.4   1   1   3.3e-16   7.5e-14   49.4   9.1   248   411   138   327    48   351 0.65 -
1407_g               -           1220 8677at5794           -            432   2.3e-14   51.1   0.0   1   5       2.5   5.6e+02   -2.8   8.0    29   120    48    95    21   257 0.66 -
1407_g               -           1220 8677at5794           -            432   2.3e-14   51.1   0.0   2   5    0.0024      0.55    7.1   0.0   255   272   459   476   454   484 0.85 -
1407_g               -           1220 8677at5794           -            432   2.3e-14   51.1   0.0   3   5   0.00061      0.14    9.0   1.5   300   372   548   625   535   689 0.66 -
1407_g               -           1220 8677at5794           -            432   2.3e-14   51.1   0.0   4   5     1e-16   2.3e-14   51.1   0.0   255   363   870   989   858  1005 0.76 -
1407_g               -           1220 8677at5794           -            432   2.3e-14   51.1   0.0   5   5      0.25        57    0.4   0.0   389   416  1109  1136  1094  1146 0.82 -
5084_g               -            393 8677at5794           -            432   7.3e-14   49.5   4.2   1   2      0.19        44    0.8   2.4   113   148    15    49     5    58 0.64 -
5084_g               -            393 8677at5794           -            432   7.3e-14   49.5   4.2   2   2   7.5e-16   1.7e-13   48.3   0.0   255   373   173   307   166   360 0.75 -
5033_g               -            667 8677at5794           -            432   7.8e-14   49.4   0.1   1   2       1.1   2.5e+02   -1.7   5.2    55   103   297   347   277   352 0.79 -
5033_g               -            667 8677at5794           -            432   7.8e-14   49.4   0.1   2   2   3.4e-16   7.8e-14   49.4   0.1   251   421   420   616   374   621 0.76 -
2399_g               -            881 8677at5794           -            432   1.8e-13   48.2   0.0   1   1     8e-16   1.8e-13   48.2   0.0   255   415   183   371   171   415 0.76 -
809_g                -           1201 8677at5794           -            432   9.7e-13   45.8   0.0   1   2       5.8   1.3e+03   -4.1  10.8   257   355   287   392   139   403 0.74 -
809_g                -           1201 8677at5794           -            432   9.7e-13   45.8   0.0   2   2   4.3e-15   9.7e-13   45.8   0.0   246   376   702   840   678   893 0.68 -
2722_g               -           1053 8677at5794           -            432   1.9e-12   44.9   0.0   1   1   8.2e-15   1.9e-12   44.9   0.0   256   363   504   628   492   670 0.80 -
3080_g               -            449 8677at5794           -            432   3.5e-12   43.9   0.0   1   1   2.6e-14   5.8e-12   43.2   0.0   255   410   228   408   223   427 0.71 -
714_g                -           1468 8677at5794           -            432   5.9e-10   36.6   0.2   1   2   2.6e-12   5.9e-10   36.6   0.2   230   318   665   767   650   779 0.80 -
714_g                -           1468 8677at5794           -            432   5.9e-10   36.6   0.2   2   2     0.013         3    4.6   0.4   346   399   921   984   911   987 0.81 -
2900_g               -            646 8677at5794           -            432   9.6e-07   26.0   1.3   1   2   4.4e-07    0.0001   19.4   1.2   255   310   361   418   323   512 0.56 -
2900_g               -            646 8677at5794           -            432   9.6e-07   26.0   1.3   2   2       2.4   5.4e+02   -2.8   0.0   385   408   563   586   559   595 0.77 -
4910_g               -            331 8677at5794           -            432   0.00032   17.7   1.6   1   3   0.00022      0.05   10.5   0.0   247   276    29    59    13    65 0.74 -
4910_g               -            331 8677at5794           -            432   0.00032   17.7   1.6   2   3       1.7   3.9e+02   -2.3   0.0   357   394   117   156   105   162 0.76 -
4910_g               -            331 8677at5794           -            432   0.00032   17.7   1.6   3   3    0.0061       1.4    5.7   0.2   330   396   224   294   209   324 0.81 -
585_g                -            484 8677at5794           -            432    0.0007   16.6   0.0   1   2   3.1e-06    0.0007   16.6   0.0   255   306    64   117    59   131 0.84 -
585_g                -            484 8677at5794           -            432    0.0007   16.6   0.0   2   2       4.2   9.4e+02   -3.6   0.5    38    74   441   477   419   479 0.68 -
1864_g               -            345 8677at5794           -            432    0.0042   14.0   0.0   1   1   3.6e-05     0.008   13.1   0.0   239   269    30    61    16    73 0.74 -
5104_g               -            230 8677at5794           -            432    0.0098   12.8   0.1   1   1   7.3e-05     0.017   12.1   0.0   256   283     2    29     1    50 0.84 -
#
# Program:         hmmsearch
# Version:         3.1b2 (February 2015)
# Pipeline mode:   SEARCH
# Query file:      /mnt/e/Bioinformatics/Semester2/BINP29/Malaria Project/Genomes/Parsed/busco_downloads/lineages/apicomplexa_odb10/hmms/8677at5794.hmm
# Target file:     /mnt/e/Bioinformatics/Semester2/BINP29/Malaria Project/Genomes/Parsed/Pf_new.faa
# Option settings: hmmsearch --domtblout /mnt/e/Bioinformatics/Semester2/BINP29/Malaria Project/Genomes/Parsed/Pf/run_apicomplexa_odb10/hmmer_output/initial_run_results/8677at5794.out --cpu 1 /mnt/e/Bioinformatics/Semester2/BINP29/Malaria Project/Genomes/Parsed/busco_downloads/lineages/apicomplexa_odb10/hmms/8677at5794.hmm /mnt/e/Bioinformatics/Semester2/BINP29/Malaria Project/Genomes/Parsed/Pf_new.faa 
# Current dir:     /mnt/e/Bioinformatics/Semester2/BINP29/Malaria Project/Genomes/Parsed
# Date:            Wed Mar  1 19:29:37 2023
# [ok]
