#                                                                            --- full sequence --- -------------- this domain -------------   hmm coord   ali coord   env coord
# target name        accession   tlen query name           accession   qlen   E-value  score  bias   #  of  c-Evalue  i-Evalue  score  bias  from    to  from    to  from    to  acc description of target
#------------------- ---------- ----- -------------------- ---------- ----- --------- ------ ----- --- --- --------- --------- ------ ----- ----- ----- ----- ----- ----- ----- ---- ---------------------
3476_g               -            525 9037at5794           -            466  2.3e-219  727.2  12.5   1   1  4.6e-222    3e-219  726.8  12.5    19   466     1   520     1   520 0.92 -
2301_g               -            559 9037at5794           -            466   2.4e-58  196.3  16.9   1   1   6.8e-61   4.4e-58  195.4  16.9    18   461    40   542    25   547 0.83 -
3896_g               -            536 9037at5794           -            466   1.5e-54  183.8  14.5   1   1   3.2e-57   2.1e-54  183.3  14.5    11   460    22   529    13   533 0.80 -
2835_g               -            545 9037at5794           -            466   5.2e-53  178.7  10.3   1   1   1.3e-55   8.6e-53  178.0  10.3    17   414    15   460     9   533 0.81 -
3785_g               -            540 9037at5794           -            466   6.9e-46  155.2   8.3   1   1   1.4e-48   8.8e-46  154.9   8.3     3   462    10   526     8   530 0.83 -
543_g                -            530 9037at5794           -            466   1.1e-45  154.5  17.1   1   1   2.2e-48   1.5e-45  154.2  17.1    14   448    19   508     7   526 0.78 -
3772_g               -            534 9037at5794           -            466     5e-40  135.9  10.7   1   1   9.5e-43   6.2e-40  135.6  10.7    24   462    29   525     8   529 0.82 -
4870_g               -            543 9037at5794           -            466   5.5e-28   96.2  23.6   1   1     2e-30   1.3e-27   95.0  23.6    15   461    23   522    10   526 0.75 -
#
# Program:         hmmsearch
# Version:         3.1b2 (February 2015)
# Pipeline mode:   SEARCH
# Query file:      /mnt/e/Bioinformatics/Semester2/BINP29/Malaria Project/Genomes/Parsed/busco_downloads/lineages/apicomplexa_odb10/hmms/9037at5794.hmm
# Target file:     /mnt/e/Bioinformatics/Semester2/BINP29/Malaria Project/Genomes/Parsed/Pf_new.faa
# Option settings: hmmsearch --domtblout /mnt/e/Bioinformatics/Semester2/BINP29/Malaria Project/Genomes/Parsed/Pf/run_apicomplexa_odb10/hmmer_output/initial_run_results/9037at5794.out --cpu 1 /mnt/e/Bioinformatics/Semester2/BINP29/Malaria Project/Genomes/Parsed/busco_downloads/lineages/apicomplexa_odb10/hmms/9037at5794.hmm /mnt/e/Bioinformatics/Semester2/BINP29/Malaria Project/Genomes/Parsed/Pf_new.faa 
# Current dir:     /mnt/e/Bioinformatics/Semester2/BINP29/Malaria Project/Genomes/Parsed
# Date:            Wed Mar  1 19:29:38 2023
# [ok]
