#                                                                            --- full sequence --- -------------- this domain -------------   hmm coord   ali coord   env coord
# target name        accession   tlen query name           accession   qlen   E-value  score  bias   #  of  c-Evalue  i-Evalue  score  bias  from    to  from    to  from    to  acc description of target
#------------------- ---------- ----- -------------------- ---------- ----- --------- ------ ----- --- --- --------- --------- ------ ----- ----- ----- ----- ----- ----- ----- ---- ---------------------
4535_g               -            748 9069at5794           -            454  1.9e-173  575.6  43.2   1   3   5.3e-27   3.1e-24   83.8  13.7     1   133   134   320   134   342 0.72 -
4535_g               -            748 9069at5794           -            454  1.9e-173  575.6  43.2   2   3   1.2e-50   6.8e-48  161.7  10.1   133   274   353   516   335   530 0.85 -
4535_g               -            748 9069at5794           -            454  1.9e-173  575.6  43.2   3   3    2e-104  1.2e-101  339.0   5.0   257   454   523   745   513   745 0.88 -
4711_g               -            205 9069at5794           -            454   3.1e-53  179.3   0.9   1   1   6.3e-56   3.7e-53  179.1   0.9   302   452    41   197    14   199 0.88 -
2689_g               -            168 9069at5794           -            454   5.6e-49  165.3   0.6   1   1   1.1e-51   6.5e-49  165.1   0.6   311   453     4   153     1   154 0.93 -
3913_g               -            172 9069at5794           -            454   1.9e-48  163.5   0.4   1   1   4.1e-51   2.4e-48  163.3   0.4   314   438    16   152     4   165 0.89 -
2682_g               -            196 9069at5794           -            454   8.7e-41  138.3   0.3   1   1   1.8e-43     1e-40  138.1   0.3   316   442    42   178    22   189 0.85 -
723_g                -            218 9069at5794           -            454   6.1e-36  122.3   2.3   1   1   1.4e-38     8e-36  122.0   2.3   316   440    61   198    58   213 0.84 -
1502_g               -            441 9069at5794           -            454     2e-32  110.8   0.2   1   1   7.4e-35   4.3e-32  109.7   0.2   305   450    10   164     3   169 0.85 -
2049_g               -            227 9069at5794           -            454   6.9e-27   92.5   0.7   1   1   1.5e-29   8.5e-27   92.2   0.7   315   450    18   169    11   173 0.84 -
2168_g               -            281 9069at5794           -            454   2.1e-13   48.1   0.3   1   1   4.5e-16   2.6e-13   47.7   0.3   315   451    74   220    47   223 0.85 -
#
# Program:         hmmsearch
# Version:         3.1b2 (February 2015)
# Pipeline mode:   SEARCH
# Query file:      /mnt/e/Bioinformatics/Semester2/BINP29/Malaria Project/Genomes/Parsed/busco_downloads/lineages/apicomplexa_odb10/hmms/9069at5794.hmm
# Target file:     /mnt/e/Bioinformatics/Semester2/BINP29/Malaria Project/Genomes/Parsed/Pf_new.faa
# Option settings: hmmsearch --domtblout /mnt/e/Bioinformatics/Semester2/BINP29/Malaria Project/Genomes/Parsed/Pf/run_apicomplexa_odb10/hmmer_output/initial_run_results/9069at5794.out --cpu 1 /mnt/e/Bioinformatics/Semester2/BINP29/Malaria Project/Genomes/Parsed/busco_downloads/lineages/apicomplexa_odb10/hmms/9069at5794.hmm /mnt/e/Bioinformatics/Semester2/BINP29/Malaria Project/Genomes/Parsed/Pf_new.faa 
# Current dir:     /mnt/e/Bioinformatics/Semester2/BINP29/Malaria Project/Genomes/Parsed
# Date:            Wed Mar  1 19:29:38 2023
# [ok]
