#                                                                            --- full sequence --- -------------- this domain -------------   hmm coord   ali coord   env coord
# target name        accession   tlen query name           accession   qlen   E-value  score  bias   #  of  c-Evalue  i-Evalue  score  bias  from    to  from    to  from    to  acc description of target
#------------------- ---------- ----- -------------------- ---------- ----- --------- ------ ----- --- --- --------- --------- ------ ----- ----- ----- ----- ----- ----- ----- ---- ---------------------
182_g                -            652 9322at5794           -            487    7e-214  709.5  24.1   1   2   1.7e-20   2.7e-18   64.4   5.6     1    51     1    51     1    84 0.82 -
182_g                -            652 9322at5794           -            487    7e-214  709.5  24.1   2   2  5.5e-198    9e-196  649.7  10.6    60   483   122   600    98   609 0.91 -
4449_g               -            389 9322at5794           -            487   1.7e-17   61.8   0.1   1   1   1.5e-19   2.4e-17   61.3   0.1    58   133    71   149    36   156 0.85 -
739_g                -            676 9322at5794           -            487   2.3e-17   61.3   2.4   1   1   2.7e-19   4.4e-17   60.4   2.4    55   133   238   313   228   323 0.86 -
4120_g               -            371 9322at5794           -            487   3.4e-17   60.8   0.5   1   1   3.5e-19   5.7e-17   60.0   0.5    67   133    53   118    47   146 0.93 -
290_g                -            295 9322at5794           -            487   8.4e-17   59.5   4.0   1   1   9.4e-19   1.5e-16   58.6   4.0    66   130    42   107     3   112 0.86 -
4924_g               -            998 9322at5794           -            487     1e-16   59.2   0.5   1   3      0.58        94   -0.1   0.5   347   424   150   225    51   231 0.67 -
4924_g               -            998 9322at5794           -            487     1e-16   59.2   0.5   2   3       8.9   1.4e+03   -4.0   0.2   220   241   572   593   561   607 0.75 -
4924_g               -            998 9322at5794           -            487     1e-16   59.2   0.5   3   3   6.2e-19     1e-16   59.2   0.5    69   132   662   725   643   734 0.94 -
2132_g               -            245 9322at5794           -            487   5.1e-16   56.9   0.4   1   1   4.2e-18   6.9e-16   56.5   0.4    66   133     5    73     2    78 0.91 -
3663_g               -            381 9322at5794           -            487   2.2e-15   54.8   0.6   1   1   2.4e-17     4e-15   53.9   0.6    62   132    42   111     2   119 0.81 -
897_g                -            656 9322at5794           -            487     5e-15   53.6   3.0   1   1   9.1e-17   1.5e-14   52.1   3.0    35   129    78   173    64   178 0.78 -
2993_g               -            719 9322at5794           -            487   6.2e-15   53.3   0.8   1   1   9.7e-17   1.6e-14   52.0   0.8    69   132   320   383   301   390 0.95 -
3368_g               -            888 9322at5794           -            487   7.6e-15   53.0   4.1   1   2       0.5        82    0.1   0.0   281   320   103   145    65   200 0.76 -
3368_g               -            888 9322at5794           -            487   7.6e-15   53.0   4.1   2   2   1.6e-16   2.5e-14   51.3   2.0    69   135   503   569   497   577 0.94 -
4766_g               -            393 9322at5794           -            487   1.3e-14   52.3   0.9   1   1   1.4e-16   2.2e-14   51.5   0.9    62   133    54   128    26   133 0.83 -
2036_g               -            901 9322at5794           -            487   3.4e-14   50.9   0.4   1   2       4.1   6.7e+02   -2.9   0.1     9    52    35    78    33    91 0.71 -
2036_g               -            901 9322at5794           -            487   3.4e-14   50.9   0.4   2   2   2.1e-16   3.4e-14   50.9   0.4    69   132   534   597   513   616 0.93 -
4862_g               -            487 9322at5794           -            487     3e-13   47.7   0.3   1   1   2.9e-15   4.7e-13   47.1   0.3    65   134   160   232   134   241 0.86 -
5047_g               -            673 9322at5794           -            487   7.3e-13   46.5   1.8   1   1   4.5e-15   7.3e-13   46.5   1.8    65   135    59   128    40   133 0.91 -
966_g                -            944 9322at5794           -            487   1.5e-12   45.4   1.3   1   1   9.3e-15   1.5e-12   45.4   1.3    67   129   519   581   497   584 0.90 -
1418_g               -            382 9322at5794           -            487   2.1e-12   45.0   0.7   1   1   2.3e-14   3.7e-12   44.1   0.7    68   133    56   120    45   127 0.94 -
2621_g               -            541 9322at5794           -            487   2.1e-12   44.9   0.2   1   1   3.2e-14   5.2e-12   43.7   0.2    66   140    34   105    29   110 0.90 -
1958_g               -            455 9322at5794           -            487   1.3e-11   42.4   0.2   1   2   2.1e-10   3.4e-08   31.1   0.0    64    99     5    40     2    49 0.90 -
1958_g               -            455 9322at5794           -            487   1.3e-11   42.4   0.2   2   2    0.0013      0.21    8.7   0.0   108   132   230   254   225   258 0.92 -
1632_g               -            425 9322at5794           -            487   2.9e-11   41.2   0.3   1   1   3.4e-13   5.5e-11   40.3   0.3    65   133    25    89    16    94 0.91 -
3372_g               -            392 9322at5794           -            487   1.6e-10   38.8   3.6   1   2   1.3e-12   2.1e-10   38.4   2.4    69   132   203   266   199   292 0.96 -
3372_g               -            392 9322at5794           -            487   1.6e-10   38.8   3.6   2   2       2.8   4.6e+02   -2.3   0.0   175   236   282   344   269   360 0.54 -
3055_g               -            797 9322at5794           -            487   1.6e-10   38.7   0.8   1   2     1e-12   1.6e-10   38.7   0.8    69   130    11    77     5    80 0.84 -
3055_g               -            797 9322at5794           -            487   1.6e-10   38.7   0.8   2   2       2.1   3.5e+02   -1.9   0.8   258   258   732   732   649   781 0.53 -
2564_g               -            567 9322at5794           -            487   1.7e-10   38.7   2.7   1   1   1.9e-12   3.1e-10   37.8   2.3    69   132   203   266   199   295 0.94 -
4422_g               -            403 9322at5794           -            487   6.9e-10   36.7   0.0   1   1     1e-11   1.6e-09   35.4   0.0    66   132    81   150    78   153 0.90 -
4765_g               -            901 9322at5794           -            487   1.1e-09   36.0   1.3   1   3      0.18        30    1.6   0.0   274   314    85   128    80   170 0.78 -
4765_g               -            901 9322at5794           -            487   1.1e-09   36.0   1.3   2   3     7e-12   1.1e-09   36.0   1.3    69   132   502   565   496   575 0.95 -
4765_g               -            901 9322at5794           -            487   1.1e-09   36.0   1.3   3   3       3.6   5.9e+02   -2.7   0.9   335   379   785   828   708   840 0.46 -
4926_g               -            631 9322at5794           -            487   1.3e-09   35.7   4.6   1   2   8.2e-12   1.3e-09   35.7   4.6    66   140   218   288   133   294 0.93 -
4926_g               -            631 9322at5794           -            487   1.3e-09   35.7   4.6   2   2       3.9   6.4e+02   -2.8   1.6   203   267   436   501   422   515 0.62 -
2878_g               -            370 9322at5794           -            487   8.8e-09   33.0   2.5   1   2   5.4e-11   8.8e-09   33.0   2.5    51   130    90   165    66   174 0.83 -
2878_g               -            370 9322at5794           -            487   8.8e-09   33.0   2.5   2   2       1.7   2.7e+02   -1.6   0.2   156   175   240   257   222   294 0.55 -
4662_g               -            548 9322at5794           -            487   1.7e-08   32.1   0.9   1   1   2.2e-10   3.6e-08   31.0   0.9    63   133   205   274   197   281 0.91 -
73_g                 -            323 9322at5794           -            487   2.1e-08   31.8   0.3   1   2   1.3e-10   2.1e-08   31.8   0.3    64   129    98   162    75   166 0.89 -
73_g                 -            323 9322at5794           -            487   2.1e-08   31.8   0.3   2   2      0.97   1.6e+02   -0.8   2.0   278   348   187   252   166   258 0.68 -
532_g                -            199 9322at5794           -            487   3.7e-08   31.0   1.9   1   2   2.3e-10   3.7e-08   31.0   1.9    68   127     3    60     1    85 0.84 -
532_g                -            199 9322at5794           -            487   3.7e-08   31.0   1.9   2   2       3.6   5.8e+02   -2.7   4.4   159   182   136   159   131   172 0.79 -
4466_g               -            143 9322at5794           -            487   5.6e-06   23.8   0.6   1   1   4.8e-08   7.9e-06   23.3   0.6    66   127     8    76     2    82 0.83 -
1208_g               -            116 9322at5794           -            487   0.00043   17.6   0.1   1   1   3.2e-06   0.00052   17.3   0.1    61    99    59    97    49   108 0.87 -
#
# Program:         hmmsearch
# Version:         3.1b2 (February 2015)
# Pipeline mode:   SEARCH
# Query file:      /mnt/e/Bioinformatics/Semester2/BINP29/Malaria Project/Genomes/Parsed/busco_downloads/lineages/apicomplexa_odb10/hmms/9322at5794.hmm
# Target file:     /mnt/e/Bioinformatics/Semester2/BINP29/Malaria Project/Genomes/Parsed/Pf_new.faa
# Option settings: hmmsearch --domtblout /mnt/e/Bioinformatics/Semester2/BINP29/Malaria Project/Genomes/Parsed/Pf/run_apicomplexa_odb10/hmmer_output/initial_run_results/9322at5794.out --cpu 1 /mnt/e/Bioinformatics/Semester2/BINP29/Malaria Project/Genomes/Parsed/busco_downloads/lineages/apicomplexa_odb10/hmms/9322at5794.hmm /mnt/e/Bioinformatics/Semester2/BINP29/Malaria Project/Genomes/Parsed/Pf_new.faa 
# Current dir:     /mnt/e/Bioinformatics/Semester2/BINP29/Malaria Project/Genomes/Parsed
# Date:            Wed Mar  1 19:29:38 2023
# [ok]
