#                                                                            --- full sequence --- -------------- this domain -------------   hmm coord   ali coord   env coord
# target name        accession   tlen query name           accession   qlen   E-value  score  bias   #  of  c-Evalue  i-Evalue  score  bias  from    to  from    to  from    to  acc description of target
#------------------- ---------- ----- -------------------- ---------- ----- --------- ------ ----- --- --- --------- --------- ------ ----- ----- ----- ----- ----- ----- ----- ---- ---------------------
1385_g               -            466 9369at5794           -            402  1.3e-240  796.1   2.2   1   1  1.8e-243  1.5e-240  795.8   2.2     1   402    16   451    16   451 0.95 -
293_g                -            506 9369at5794           -            402   1.6e-17   61.4   7.0   1   1     9e-18   7.8e-15   52.6   7.0    18   330   119   425   112   434 0.71 -
4393_g               -            935 9369at5794           -            402   7.5e-13   46.1   9.7   1   2   2.3e-08     2e-05   21.6   0.1    20    71     3    58     1    93 0.80 -
4393_g               -            935 9369at5794           -            402   7.5e-13   46.1   9.7   2   2     8e-10   6.9e-07   26.4   5.3    77   176   114   219    86   249 0.67 -
535_g                -            444 9369at5794           -            402   1.8e-09   34.9   0.2   1   1   1.4e-11   1.2e-08   32.2   0.2    19   193     6   193     2   200 0.75 -
536_g                -            444 9369at5794           -            402   1.8e-09   34.9   0.2   1   1   1.4e-11   1.2e-08   32.2   0.2    19   193     6   193     2   200 0.75 -
1756_g               -            833 9369at5794           -            402   0.00024   18.0   0.1   1   1   4.8e-07   0.00041   17.3   0.1    13   145    11   143     4   188 0.79 -
#
# Program:         hmmsearch
# Version:         3.1b2 (February 2015)
# Pipeline mode:   SEARCH
# Query file:      /mnt/e/Bioinformatics/Semester2/BINP29/Malaria Project/Genomes/Parsed/busco_downloads/lineages/apicomplexa_odb10/hmms/9369at5794.hmm
# Target file:     /mnt/e/Bioinformatics/Semester2/BINP29/Malaria Project/Genomes/Parsed/Pf_new.faa
# Option settings: hmmsearch --domtblout /mnt/e/Bioinformatics/Semester2/BINP29/Malaria Project/Genomes/Parsed/Pf/run_apicomplexa_odb10/hmmer_output/initial_run_results/9369at5794.out --cpu 1 /mnt/e/Bioinformatics/Semester2/BINP29/Malaria Project/Genomes/Parsed/busco_downloads/lineages/apicomplexa_odb10/hmms/9369at5794.hmm /mnt/e/Bioinformatics/Semester2/BINP29/Malaria Project/Genomes/Parsed/Pf_new.faa 
# Current dir:     /mnt/e/Bioinformatics/Semester2/BINP29/Malaria Project/Genomes/Parsed
# Date:            Wed Mar  1 19:29:39 2023
# [ok]
