#                                                                            --- full sequence --- -------------- this domain -------------   hmm coord   ali coord   env coord
# target name        accession   tlen query name           accession   qlen   E-value  score  bias   #  of  c-Evalue  i-Evalue  score  bias  from    to  from    to  from    to  acc description of target
#------------------- ---------- ----- -------------------- ---------- ----- --------- ------ ----- --- --- --------- --------- ------ ----- ----- ----- ----- ----- ----- ----- ---- ---------------------
12536_g              -            689 10090at5794          -            362  1.6e-103  346.2   0.9   1   5     4e-07    0.0002   20.3   0.0     1    31     4    34     4    45 0.93 -
12536_g              -            689 10090at5794          -            362  1.6e-103  346.2   0.9   2   5   4.6e-26   2.3e-23   82.6   0.0    32   128   102   216    92   229 0.81 -
12536_g              -            689 10090at5794          -            362  1.6e-103  346.2   0.9   3   5   6.4e-38   3.2e-35  121.6   0.0   127   297   251   498   237   504 0.68 -
12536_g              -            689 10090at5794          -            362  1.6e-103  346.2   0.9   4   5   9.1e-14   4.5e-11   42.1   0.1   293   325   540   572   520   576 0.88 -
12536_g              -            689 10090at5794          -            362  1.6e-103  346.2   0.9   5   5   1.7e-18   8.3e-16   57.7   0.1   324   361   613   650   607   651 0.95 -
9984_g               -            689 10090at5794          -            362  1.6e-103  346.2   0.9   1   5     4e-07    0.0002   20.3   0.0     1    31     4    34     4    45 0.93 -
9984_g               -            689 10090at5794          -            362  1.6e-103  346.2   0.9   2   5   4.6e-26   2.3e-23   82.6   0.0    32   128   102   216    92   229 0.81 -
9984_g               -            689 10090at5794          -            362  1.6e-103  346.2   0.9   3   5   6.4e-38   3.2e-35  121.6   0.0   127   297   251   498   237   504 0.68 -
9984_g               -            689 10090at5794          -            362  1.6e-103  346.2   0.9   4   5   9.1e-14   4.5e-11   42.1   0.1   293   325   540   572   520   576 0.88 -
9984_g               -            689 10090at5794          -            362  1.6e-103  346.2   0.9   5   5   1.7e-18   8.3e-16   57.7   0.1   324   361   613   650   607   651 0.95 -
10598_g              -            627 10090at5794          -            362   1.2e-22   80.2  16.9   1   8   0.00032      0.16   10.7   0.0    11    64    11    65     1    72 0.84 -
10598_g              -            627 10090at5794          -            362   1.2e-22   80.2  16.9   2   8   0.00032      0.16   10.7   0.0    11    64    87   141    77   148 0.84 -
10598_g              -            627 10090at5794          -            362   1.2e-22   80.2  16.9   3   8   0.00032      0.16   10.7   0.0    11    64   163   217   153   224 0.84 -
10598_g              -            627 10090at5794          -            362   1.2e-22   80.2  16.9   4   8   0.00032      0.16   10.7   0.0    11    64   239   293   229   300 0.84 -
10598_g              -            627 10090at5794          -            362   1.2e-22   80.2  16.9   5   8   0.00032      0.16   10.7   0.0    11    64   315   369   305   376 0.84 -
10598_g              -            627 10090at5794          -            362   1.2e-22   80.2  16.9   6   8   0.00032      0.16   10.7   0.0    11    64   391   445   381   452 0.84 -
10598_g              -            627 10090at5794          -            362   1.2e-22   80.2  16.9   7   8   0.00032      0.16   10.7   0.0    11    64   467   521   457   528 0.84 -
10598_g              -            627 10090at5794          -            362   1.2e-22   80.2  16.9   8   8   0.00034      0.17   10.6   0.0    11    64   543   597   533   602 0.84 -
11395_g              -            627 10090at5794          -            362   1.2e-22   80.2  16.9   1   8   0.00032      0.16   10.7   0.0    11    64    11    65     1    72 0.84 -
11395_g              -            627 10090at5794          -            362   1.2e-22   80.2  16.9   2   8   0.00032      0.16   10.7   0.0    11    64    87   141    77   148 0.84 -
11395_g              -            627 10090at5794          -            362   1.2e-22   80.2  16.9   3   8   0.00032      0.16   10.7   0.0    11    64   163   217   153   224 0.84 -
11395_g              -            627 10090at5794          -            362   1.2e-22   80.2  16.9   4   8   0.00032      0.16   10.7   0.0    11    64   239   293   229   300 0.84 -
11395_g              -            627 10090at5794          -            362   1.2e-22   80.2  16.9   5   8   0.00032      0.16   10.7   0.0    11    64   315   369   305   376 0.84 -
11395_g              -            627 10090at5794          -            362   1.2e-22   80.2  16.9   6   8   0.00032      0.16   10.7   0.0    11    64   391   445   381   452 0.84 -
11395_g              -            627 10090at5794          -            362   1.2e-22   80.2  16.9   7   8   0.00032      0.16   10.7   0.0    11    64   467   521   457   528 0.84 -
11395_g              -            627 10090at5794          -            362   1.2e-22   80.2  16.9   8   8   0.00034      0.17   10.6   0.0    11    64   543   597   533   602 0.84 -
3982_g               -           1286 10090at5794          -            362   3.6e-19   68.8   0.3   1   4   7.3e-07   0.00036   19.4   0.0    93   126   529   562   512   572 0.79 -
3982_g               -           1286 10090at5794          -            362   3.6e-19   68.8   0.3   2   4     0.015       7.4    5.2   0.0   130   175   689   731   668   750 0.77 -
3982_g               -           1286 10090at5794          -            362   3.6e-19   68.8   0.3   3   4    0.0022       1.1    8.0   0.0   224   252   955   983   939  1007 0.84 -
3982_g               -           1286 10090at5794          -            362   3.6e-19   68.8   0.3   4   4   2.8e-10   1.4e-07   30.6   0.0   293   344  1197  1251  1182  1252 0.84 -
8762_g               -           1286 10090at5794          -            362   3.6e-19   68.8   0.3   1   4   7.3e-07   0.00036   19.4   0.0    93   126   529   562   512   572 0.79 -
8762_g               -           1286 10090at5794          -            362   3.6e-19   68.8   0.3   2   4     0.015       7.4    5.2   0.0   130   175   689   731   668   750 0.77 -
8762_g               -           1286 10090at5794          -            362   3.6e-19   68.8   0.3   3   4    0.0022       1.1    8.0   0.0   224   252   955   983   939  1007 0.84 -
8762_g               -           1286 10090at5794          -            362   3.6e-19   68.8   0.3   4   4   2.8e-10   1.4e-07   30.6   0.0   293   344  1197  1251  1182  1252 0.84 -
6124_g               -           4286 10090at5794          -            362   2.6e-13   49.5   0.1   1   2   0.00067      0.33    9.7   0.0    94   123   767   796   748   820 0.72 -
6124_g               -           4286 10090at5794          -            362   2.6e-13   49.5   0.1   2   2   2.5e-12   1.2e-09   37.4   0.0   225   326  1329  1435  1325  1450 0.87 -
6129_g               -           4286 10090at5794          -            362   2.6e-13   49.5   0.1   1   2   0.00067      0.33    9.7   0.0    94   123   767   796   748   820 0.72 -
6129_g               -           4286 10090at5794          -            362   2.6e-13   49.5   0.1   2   2   2.5e-12   1.2e-09   37.4   0.0   225   326  1329  1435  1325  1450 0.87 -
9826_g               -           2710 10090at5794          -            362   4.1e-10   39.0   0.1   1   2   9.9e-07   0.00049   19.0   0.0    93   129   736   772   728   797 0.81 -
9826_g               -           2710 10090at5794          -            362   4.1e-10   39.0   0.1   2   2   2.7e-06    0.0013   17.5   0.2   298   327  1587  1616  1572  1620 0.88 -
12697_g              -           2757 10090at5794          -            362   4.2e-10   38.9   0.1   1   2     1e-06    0.0005   18.9   0.0    93   129   736   772   728   797 0.81 -
12697_g              -           2757 10090at5794          -            362   4.2e-10   38.9   0.1   2   2   2.7e-06    0.0013   17.5   0.2   298   327  1688  1717  1673  1721 0.88 -
11246_g              -           3270 10090at5794          -            362   5.4e-10   38.6   1.5   1   3   3.7e-07   0.00019   20.3   0.0    84   117  2828  2861  2821  2881 0.80 -
11246_g              -           3270 10090at5794          -            362   5.4e-10   38.6   1.5   2   3      0.49   2.4e+02    0.2   0.0   151   189  2951  2989  2926  3011 0.83 -
11246_g              -           3270 10090at5794          -            362   5.4e-10   38.6   1.5   3   3    0.0054       2.7    6.7   2.5   223   321  3108  3182  3100  3241 0.56 -
12043_g              -           3270 10090at5794          -            362   5.4e-10   38.6   1.5   1   3   3.7e-07   0.00019   20.3   0.0    84   117  2828  2861  2821  2881 0.80 -
12043_g              -           3270 10090at5794          -            362   5.4e-10   38.6   1.5   2   3      0.49   2.4e+02    0.2   0.0   151   189  2951  2989  2926  3011 0.83 -
12043_g              -           3270 10090at5794          -            362   5.4e-10   38.6   1.5   3   3    0.0054       2.7    6.7   2.5   223   321  3108  3182  3100  3241 0.56 -
10260_g              -           3969 10090at5794          -            362   1.1e-07   30.9   0.0   1   2   0.00016     0.078   11.7   0.0    83   122  2277  2316  2265  2342 0.80 -
10260_g              -           3969 10090at5794          -            362   1.1e-07   30.9   0.0   2   2   5.4e-06    0.0027   16.5   0.0   293   324  3627  3658  3617  3661 0.84 -
12262_g              -           3969 10090at5794          -            362   1.1e-07   30.9   0.0   1   2   0.00016     0.078   11.7   0.0    83   122  2277  2316  2265  2342 0.80 -
12262_g              -           3969 10090at5794          -            362   1.1e-07   30.9   0.0   2   2   5.4e-06    0.0027   16.5   0.0   293   324  3627  3658  3617  3661 0.84 -
13291_g              -           4933 10090at5794          -            362   8.9e-07   28.0   0.3   1   3    0.0002     0.099   11.4   0.0    94   126  1856  1889  1849  1901 0.72 -
13291_g              -           4933 10090at5794          -            362   8.9e-07   28.0   0.3   2   3       2.6   1.3e+03   -2.2   0.1   133   172  2018  2054  2012  2058 0.77 -
13291_g              -           4933 10090at5794          -            362   8.9e-07   28.0   0.3   3   3   4.9e-05     0.024   13.4   0.0   238   340  2277  2370  2267  2372 0.84 -
9378_g               -           4933 10090at5794          -            362   8.9e-07   28.0   0.3   1   3    0.0002     0.099   11.4   0.0    94   126  1856  1889  1849  1901 0.72 -
9378_g               -           4933 10090at5794          -            362   8.9e-07   28.0   0.3   2   3       2.6   1.3e+03   -2.2   0.1   133   172  2018  2054  2012  2058 0.77 -
9378_g               -           4933 10090at5794          -            362   8.9e-07   28.0   0.3   3   3   4.9e-05     0.024   13.4   0.0   238   340  2277  2370  2267  2372 0.84 -
1661_g               -            796 10090at5794          -            362   1.2e-06   27.6   0.3   1   2   0.00072      0.36    9.5   0.0    93   114   247   268   241   280 0.90 -
1661_g               -            796 10090at5794          -            362   1.2e-06   27.6   0.3   2   2    0.0012      0.58    8.9   0.1   299   321   620   642   509   650 0.81 -
844_g                -            796 10090at5794          -            362   1.2e-06   27.6   0.3   1   2   0.00072      0.36    9.5   0.0    93   114   247   268   241   280 0.90 -
844_g                -            796 10090at5794          -            362   1.2e-06   27.6   0.3   2   2    0.0012      0.58    8.9   0.1   299   321   620   642   509   650 0.81 -
2821_g               -            948 10090at5794          -            362     5e-06   25.5   1.2   1   3   0.00087      0.43    9.3   0.0    93   121   524   553   512   584 0.70 -
2821_g               -            948 10090at5794          -            362     5e-06   25.5   1.2   2   3   0.00014     0.069   11.9   1.2   147   277   727   880   701   891 0.70 -
2821_g               -            948 10090at5794          -            362     5e-06   25.5   1.2   3   3       1.8   8.9e+02   -1.6   0.0   298   314   882   898   880   900 0.89 -
3502_g               -            948 10090at5794          -            362     5e-06   25.5   1.2   1   3   0.00087      0.43    9.3   0.0    93   121   524   553   512   584 0.70 -
3502_g               -            948 10090at5794          -            362     5e-06   25.5   1.2   2   3   0.00014     0.069   11.9   1.2   147   277   727   880   701   891 0.70 -
3502_g               -            948 10090at5794          -            362     5e-06   25.5   1.2   3   3       1.8   8.9e+02   -1.6   0.0   298   314   882   898   880   900 0.89 -
2091_g               -           3702 10090at5794          -            362   7.9e-06   24.9   0.2   1   3     0.013       6.2    5.5   0.0    94   124   970  1001   963  1030 0.74 -
2091_g               -           3702 10090at5794          -            362   7.9e-06   24.9   0.2   2   3       3.4   1.7e+03   -2.6   0.0   120   174  1059  1110  1053  1116 0.81 -
2091_g               -           3702 10090at5794          -            362   7.9e-06   24.9   0.2   3   3     6e-06     0.003   16.4   0.0   300   341  1711  1757  1696  1761 0.84 -
2170_g               -           3702 10090at5794          -            362   7.9e-06   24.9   0.2   1   3     0.013       6.2    5.5   0.0    94   124   970  1001   963  1030 0.74 -
2170_g               -           3702 10090at5794          -            362   7.9e-06   24.9   0.2   2   3       3.4   1.7e+03   -2.6   0.0   120   174  1059  1110  1053  1116 0.81 -
2170_g               -           3702 10090at5794          -            362   7.9e-06   24.9   0.2   3   3     6e-06     0.003   16.4   0.0   300   341  1711  1757  1696  1761 0.84 -
1695_g               -            846 10090at5794          -            362   2.6e-05   23.1   0.0   1   1   7.8e-08   3.9e-05   22.6   0.0     3    76   460   543   458   561 0.77 -
878_g                -            846 10090at5794          -            362   2.6e-05   23.1   0.0   1   1   7.8e-08   3.9e-05   22.6   0.0     3    76   460   543   458   561 0.77 -
5621_g               -           1198 10090at5794          -            362   0.00042   19.2   0.0   1   3   7.1e-05     0.035   12.8   0.0    94   113   526   545   504   552 0.86 -
5621_g               -           1198 10090at5794          -            362   0.00042   19.2   0.0   2   3      0.21   1.1e+02    1.4   0.0   152   179   612   639   592   648 0.86 -
5621_g               -           1198 10090at5794          -            362   0.00042   19.2   0.0   3   3      0.45   2.2e+02    0.4   0.0   298   324  1167  1192  1152  1196 0.79 -
6625_g               -           1201 10090at5794          -            362   0.00043   19.2   0.0   1   3   7.2e-05     0.036   12.8   0.0    94   113   529   548   507   555 0.86 -
6625_g               -           1201 10090at5794          -            362   0.00043   19.2   0.0   2   3      0.22   1.1e+02    1.4   0.0   152   179   615   642   595   651 0.86 -
6625_g               -           1201 10090at5794          -            362   0.00043   19.2   0.0   3   3      0.45   2.2e+02    0.4   0.0   298   324  1170  1195  1155  1199 0.79 -
2849_g               -            130 10090at5794          -            362    0.0083   14.9   0.1   1   1   2.2e-05     0.011   14.6   0.1     9    64     9    65     1    71 0.84 -
3530_g               -            130 10090at5794          -            362    0.0083   14.9   0.1   1   1   2.2e-05     0.011   14.6   0.1     9    64     9    65     1    71 0.84 -
13311_g              -            400 10090at5794          -            362     0.012   14.4   0.0   1   1   4.6e-05     0.023   13.5   0.0    12    58    16    61     4    79 0.81 -
9358_g               -            400 10090at5794          -            362     0.012   14.4   0.0   1   1   4.6e-05     0.023   13.5   0.0    12    58    16    61     4    79 0.81 -
13558_g              -           1369 10090at5794          -            362     0.046   12.5   0.0   1   2      0.28   1.4e+02    1.0   0.0    89   115   393   419   390   463 0.80 -
13558_g              -           1369 10090at5794          -            362     0.046   12.5   0.0   2   2    0.0014      0.69    8.6   0.0   300   325   835   860   828   862 0.91 -
9107_g               -           1369 10090at5794          -            362     0.046   12.5   0.0   1   2      0.28   1.4e+02    1.0   0.0    89   115   393   419   390   463 0.80 -
9107_g               -           1369 10090at5794          -            362     0.046   12.5   0.0   2   2    0.0014      0.69    8.6   0.0   300   325   835   860   828   862 0.91 -
#
# Program:         hmmsearch
# Version:         3.1b2 (February 2015)
# Pipeline mode:   SEARCH
# Query file:      /mnt/e/Bioinformatics/Semester2/BINP29/Malaria Project/Genomes/Parsed/busco_downloads/lineages/apicomplexa_odb10/hmms/10090at5794.hmm
# Target file:     /mnt/e/Bioinformatics/Semester2/BINP29/Malaria Project/Genomes/Parsed/Tg_new.faa
# Option settings: hmmsearch --domtblout /mnt/e/Bioinformatics/Semester2/BINP29/Malaria Project/Genomes/Parsed/Tg/run_apicomplexa_odb10/hmmer_output/initial_run_results/10090at5794.out --cpu 1 /mnt/e/Bioinformatics/Semester2/BINP29/Malaria Project/Genomes/Parsed/busco_downloads/lineages/apicomplexa_odb10/hmms/10090at5794.hmm /mnt/e/Bioinformatics/Semester2/BINP29/Malaria Project/Genomes/Parsed/Tg_new.faa 
# Current dir:     /mnt/e/Bioinformatics/Semester2/BINP29/Malaria Project/Genomes/Parsed
# Date:            Wed Mar  1 19:34:09 2023
# [ok]
