#                                                                            --- full sequence --- -------------- this domain -------------   hmm coord   ali coord   env coord
# target name        accession   tlen query name           accession   qlen   E-value  score  bias   #  of  c-Evalue  i-Evalue  score  bias  from    to  from    to  from    to  acc description of target
#------------------- ---------- ----- -------------------- ---------- ----- --------- ------ ----- --- --- --------- --------- ------ ----- ----- ----- ----- ----- ----- ----- ---- ---------------------
4906_g               -           1190 10293at5794          -            419  3.4e-142  474.1  22.5   1   7   6.7e-09   1.8e-05   23.7   0.2     1    36    73   114    73   117 0.81 -
4906_g               -           1190 10293at5794          -            419  3.4e-142  474.1  22.5   2   7   5.6e-30   1.5e-26   93.1   0.0    30   111   196   281   190   286 0.92 -
4906_g               -           1190 10293at5794          -            419  3.4e-142  474.1  22.5   3   7   3.9e-21     1e-17   64.0   0.0   109   171   303   369   296   372 0.91 -
4906_g               -           1190 10293at5794          -            419  3.4e-142  474.1  22.5   4   7   7.6e-11     2e-07   30.1   0.1   165   209   408   455   375   473 0.73 -
4906_g               -           1190 10293at5794          -            419  3.4e-142  474.1  22.5   5   7   9.9e-14   2.6e-10   39.6   0.0   205   248   484   545   476   548 0.70 -
4906_g               -           1190 10293at5794          -            419  3.4e-142  474.1  22.5   6   7   1.2e-41   3.2e-38  131.6   2.2   250   319   577   646   574   652 0.97 -
4906_g               -           1190 10293at5794          -            419  3.4e-142  474.1  22.5   7   7     3e-32   7.8e-29  100.6   0.7   319   393   718   792   715   797 0.97 -
5378_g               -           1190 10293at5794          -            419  3.4e-142  474.1  22.5   1   7   6.7e-09   1.8e-05   23.7   0.2     1    36    73   114    73   117 0.81 -
5378_g               -           1190 10293at5794          -            419  3.4e-142  474.1  22.5   2   7   5.6e-30   1.5e-26   93.1   0.0    30   111   196   281   190   286 0.92 -
5378_g               -           1190 10293at5794          -            419  3.4e-142  474.1  22.5   3   7   3.9e-21     1e-17   64.0   0.0   109   171   303   369   296   372 0.91 -
5378_g               -           1190 10293at5794          -            419  3.4e-142  474.1  22.5   4   7   7.6e-11     2e-07   30.1   0.1   165   209   408   455   375   473 0.73 -
5378_g               -           1190 10293at5794          -            419  3.4e-142  474.1  22.5   5   7   9.9e-14   2.6e-10   39.6   0.0   205   248   484   545   476   548 0.70 -
5378_g               -           1190 10293at5794          -            419  3.4e-142  474.1  22.5   6   7   1.2e-41   3.2e-38  131.6   2.2   250   319   577   646   574   652 0.97 -
5378_g               -           1190 10293at5794          -            419  3.4e-142  474.1  22.5   7   7     3e-32   7.8e-29  100.6   0.7   319   393   718   792   715   797 0.97 -
13131_g              -           1490 10293at5794          -            419   3.3e-28   98.6   0.4   1   3   6.6e-07    0.0018   17.1   0.0    22    88   172   243   164   269 0.79 -
13131_g              -           1490 10293at5794          -            419   3.3e-28   98.6   0.4   2   3   1.9e-17   5.1e-14   51.8   0.1    86   227   387   536   384   541 0.88 -
13131_g              -           1490 10293at5794          -            419   3.3e-28   98.6   0.4   3   3   3.5e-09   9.4e-06   24.6   0.3   257   348   667   770   664   815 0.73 -
9534_g               -           1490 10293at5794          -            419   3.3e-28   98.6   0.4   1   3   6.6e-07    0.0018   17.1   0.0    22    88   172   243   164   269 0.79 -
9534_g               -           1490 10293at5794          -            419   3.3e-28   98.6   0.4   2   3   1.9e-17   5.1e-14   51.8   0.1    86   227   387   536   384   541 0.88 -
9534_g               -           1490 10293at5794          -            419   3.3e-28   98.6   0.4   3   3   3.5e-09   9.4e-06   24.6   0.3   257   348   667   770   664   815 0.73 -
13173_g              -           1331 10293at5794          -            419    0.0019   17.0   0.0   1   2   4.2e-05      0.11   11.2   0.0    58   109   484   537   451   595 0.76 -
13173_g              -           1331 10293at5794          -            419    0.0019   17.0   0.0   2   2    0.0087        23    3.6   0.0   152   213   629   691   615   711 0.74 -
9492_g               -           1859 10293at5794          -            419    0.0042   15.9   0.0   1   2   6.4e-05      0.17   10.6   0.0    58   109   484   537   452   595 0.76 -
9492_g               -           1859 10293at5794          -            419    0.0042   15.9   0.0   2   2     0.013        34    3.0   0.0   152   213   629   691   615   711 0.74 -
#
# Program:         hmmsearch
# Version:         3.1b2 (February 2015)
# Pipeline mode:   SEARCH
# Query file:      /mnt/e/Bioinformatics/Semester2/BINP29/Malaria Project/Genomes/Parsed/busco_downloads/lineages/apicomplexa_odb10/hmms/10293at5794.hmm
# Target file:     /mnt/e/Bioinformatics/Semester2/BINP29/Malaria Project/Genomes/Parsed/Tg_new.faa
# Option settings: hmmsearch --domtblout /mnt/e/Bioinformatics/Semester2/BINP29/Malaria Project/Genomes/Parsed/Tg/run_apicomplexa_odb10/hmmer_output/initial_run_results/10293at5794.out --cpu 1 /mnt/e/Bioinformatics/Semester2/BINP29/Malaria Project/Genomes/Parsed/busco_downloads/lineages/apicomplexa_odb10/hmms/10293at5794.hmm /mnt/e/Bioinformatics/Semester2/BINP29/Malaria Project/Genomes/Parsed/Tg_new.faa 
# Current dir:     /mnt/e/Bioinformatics/Semester2/BINP29/Malaria Project/Genomes/Parsed
# Date:            Wed Mar  1 19:34:10 2023
# [ok]
