#                                                                            --- full sequence --- -------------- this domain -------------   hmm coord   ali coord   env coord
# target name        accession   tlen query name           accession   qlen   E-value  score  bias   #  of  c-Evalue  i-Evalue  score  bias  from    to  from    to  from    to  acc description of target
#------------------- ---------- ----- -------------------- ---------- ----- --------- ------ ----- --- --- --------- --------- ------ ----- ----- ----- ----- ----- ----- ----- ---- ---------------------
10435_g              -            435 10985at5794          -            350  2.6e-202  671.2   7.4   1   1  7.8e-204  1.5e-201  668.7   7.4     9   350    40   427    36   427 0.94 -
12824_g              -            435 10985at5794          -            350  2.6e-202  671.2   7.4   1   1  7.8e-204  1.5e-201  668.7   7.4     9   350    40   427    36   427 0.94 -
10113_g              -            454 10985at5794          -            350     3e-65  220.4   0.8   1   1   2.1e-67   3.9e-65  220.0   0.8     4   328    91   446    88   451 0.87 -
12408_g              -            454 10985at5794          -            350     3e-65  220.4   0.8   1   1   2.1e-67   3.9e-65  220.0   0.8     4   328    91   446    88   451 0.87 -
11116_g              -            413 10985at5794          -            350   6.1e-63  212.8   2.5   1   1   4.1e-65   7.8e-63  212.5   2.5     7   349    35   408    27   409 0.84 -
11913_g              -            413 10985at5794          -            350   6.1e-63  212.8   2.5   1   1   4.1e-65   7.8e-63  212.5   2.5     7   349    35   408    27   409 0.84 -
6071_g               -           1024 10985at5794          -            350   6.9e-51  173.2   0.3   1   1     2e-52   3.7e-50  170.8   0.3    11   349   674  1019   665  1020 0.81 -
6181_g               -           1036 10985at5794          -            350   7.1e-51  173.1   0.3   1   1     2e-52   3.8e-50  170.7   0.3    11   349   686  1031   677  1032 0.81 -
2497_g               -            480 10985at5794          -            350   8.1e-48  163.1   0.0   1   1   8.4e-50   1.6e-47  162.1   0.0    26   331    67   401    49   419 0.82 -
3178_g               -            480 10985at5794          -            350   8.1e-48  163.1   0.0   1   1   8.4e-50   1.6e-47  162.1   0.0    26   331    67   401    49   419 0.82 -
13500_g              -            735 10985at5794          -            350   5.1e-41  140.7   0.8   1   3   1.8e-06   0.00035   19.6   0.0    22    72   242   292   224   295 0.81 -
13500_g              -            735 10985at5794          -            350   5.1e-41  140.7   0.8   2   3   2.1e-08     4e-06   26.0   0.0    74   143   319   405   316   414 0.78 -
13500_g              -            735 10985at5794          -            350   5.1e-41  140.7   0.8   3   3   1.9e-28   3.6e-26   91.9   0.1   162   329   447   619   443   639 0.85 -
9166_g               -            735 10985at5794          -            350   5.1e-41  140.7   0.8   1   3   1.8e-06   0.00035   19.6   0.0    22    72   242   292   224   295 0.81 -
9166_g               -            735 10985at5794          -            350   5.1e-41  140.7   0.8   2   3   2.1e-08     4e-06   26.0   0.0    74   143   319   405   316   414 0.78 -
9166_g               -            735 10985at5794          -            350   5.1e-41  140.7   0.8   3   3   1.9e-28   3.6e-26   91.9   0.1   162   329   447   619   443   639 0.85 -
1027_g               -           1172 10985at5794          -            350   2.2e-39  135.3   0.0   1   1   3.1e-41   5.8e-39  134.0   0.0    25   329   773  1127   763  1134 0.75 -
1844_g               -           1172 10985at5794          -            350   2.2e-39  135.3   0.0   1   1   3.1e-41   5.8e-39  134.0   0.0    25   329   773  1127   763  1134 0.75 -
10136_g              -           3845 10985at5794          -            350   1.1e-37  129.7   0.0   1   1   9.7e-40   1.8e-37  129.0   0.0    24   326   390   740   381   759 0.80 -
12385_g              -           3845 10985at5794          -            350   1.1e-37  129.7   0.0   1   1   9.7e-40   1.8e-37  129.0   0.0    24   326   390   740   381   759 0.80 -
10112_g              -            570 10985at5794          -            350   3.2e-37  128.2   0.0   1   3   1.4e-38   2.6e-36  125.3   0.0    27   328   102   436    95   440 0.81 -
10112_g              -            570 10985at5794          -            350   3.2e-37  128.2   0.0   2   3       4.6   8.7e+02   -1.5   0.0   228   262   438   472   434   482 0.82 -
10112_g              -            570 10985at5794          -            350   3.2e-37  128.2   0.0   3   3       3.3   6.3e+02   -1.0   0.0    23    60   511   548   486   551 0.82 -
12409_g              -            570 10985at5794          -            350   3.2e-37  128.2   0.0   1   3   1.4e-38   2.6e-36  125.3   0.0    27   328   102   436    95   440 0.81 -
12409_g              -            570 10985at5794          -            350   3.2e-37  128.2   0.0   2   3       4.6   8.7e+02   -1.5   0.0   228   262   438   472   434   482 0.82 -
12409_g              -            570 10985at5794          -            350   3.2e-37  128.2   0.0   3   3       3.3   6.3e+02   -1.0   0.0    23    60   511   548   486   551 0.82 -
1606_g               -            603 10985at5794          -            350     1e-35  123.3   0.0   1   4     2e-09   3.8e-07   29.3   0.0    10    97   121   218   114   227 0.81 -
1606_g               -            603 10985at5794          -            350     1e-35  123.3   0.0   2   4   1.9e-10   3.6e-08   32.7   0.1   113   206   262   364   248   370 0.85 -
1606_g               -            603 10985at5794          -            350     1e-35  123.3   0.0   3   4     2e-09   3.8e-07   29.3   0.0   211   313   394   503   383   511 0.66 -
1606_g               -            603 10985at5794          -            350     1e-35  123.3   0.0   4   4   1.5e-08   2.9e-06   26.4   0.0   301   343   540   584   537   591 0.78 -
789_g                -            603 10985at5794          -            350     1e-35  123.3   0.0   1   4     2e-09   3.8e-07   29.3   0.0    10    97   121   218   114   227 0.81 -
789_g                -            603 10985at5794          -            350     1e-35  123.3   0.0   2   4   1.9e-10   3.6e-08   32.7   0.1   113   206   262   364   248   370 0.85 -
789_g                -            603 10985at5794          -            350     1e-35  123.3   0.0   3   4     2e-09   3.8e-07   29.3   0.0   211   313   394   503   383   511 0.66 -
789_g                -            603 10985at5794          -            350     1e-35  123.3   0.0   4   4   1.5e-08   2.9e-06   26.4   0.0   301   343   540   584   537   591 0.78 -
13109_g              -            657 10985at5794          -            350   1.4e-34  119.6   0.0   1   2   4.8e-13   9.1e-11   41.2   0.0    23   176   142   322   130   345 0.76 -
13109_g              -            657 10985at5794          -            350   1.4e-34  119.6   0.0   2   2   1.3e-23   2.4e-21   76.0   0.0   245   327   505   587   491   595 0.94 -
9557_g               -            657 10985at5794          -            350   1.4e-34  119.6   0.0   1   2   4.8e-13   9.1e-11   41.2   0.0    23   176   142   322   130   345 0.76 -
9557_g               -            657 10985at5794          -            350   1.4e-34  119.6   0.0   2   2   1.3e-23   2.4e-21   76.0   0.0   245   327   505   587   491   595 0.94 -
10648_g              -            963 10985at5794          -            350   5.5e-33  114.3   0.0   1   3   7.4e-08   1.4e-05   24.2   0.0    14    78   225   292   212   299 0.83 -
10648_g              -            963 10985at5794          -            350   5.5e-33  114.3   0.0   2   3   5.9e-08   1.1e-05   24.5   0.0    76   175   312   428   308   449 0.72 -
10648_g              -            963 10985at5794          -            350   5.5e-33  114.3   0.0   3   3     3e-19   5.6e-17   61.6   0.1   198   327   478   611   468   625 0.82 -
11445_g              -            963 10985at5794          -            350   5.5e-33  114.3   0.0   1   3   7.4e-08   1.4e-05   24.2   0.0    14    78   225   292   212   299 0.83 -
11445_g              -            963 10985at5794          -            350   5.5e-33  114.3   0.0   2   3   5.9e-08   1.1e-05   24.5   0.0    76   175   312   428   308   449 0.72 -
11445_g              -            963 10985at5794          -            350   5.5e-33  114.3   0.0   3   3     3e-19   5.6e-17   61.6   0.1   198   327   478   611   468   625 0.82 -
1128_g               -            471 10985at5794          -            350   1.6e-30  106.2   0.0   1   1   4.6e-31   8.7e-29  100.5   0.0    39   329    44   387    38   408 0.75 -
1510_g               -            471 10985at5794          -            350   1.6e-30  106.2   0.0   1   1   4.6e-31   8.7e-29  100.5   0.0    39   329    44   387    38   408 0.75 -
142_g                -            615 10985at5794          -            350   1.7e-30  106.1   0.0   1   1   1.5e-32   2.8e-30  105.4   0.0    20   327   263   613   253   614 0.78 -
249_g                -            615 10985at5794          -            350   1.7e-30  106.1   0.0   1   1   1.5e-32   2.8e-30  105.4   0.0    20   327   263   613   253   614 0.78 -
454_g                -           2500 10985at5794          -            350   4.6e-29  101.4   0.1   1   2   7.1e-21   1.3e-18   67.0   0.0    25   269  1215  1490  1206  1496 0.80 -
454_g                -           2500 10985at5794          -            350   4.6e-29  101.4   0.1   2   2   3.5e-10   6.7e-08   31.8   0.0   274   329  1554  1609  1550  1616 0.93 -
720_g                -           2500 10985at5794          -            350   4.6e-29  101.4   0.1   1   2   7.1e-21   1.3e-18   67.0   0.0    25   269  1215  1490  1206  1496 0.80 -
720_g                -           2500 10985at5794          -            350   4.6e-29  101.4   0.1   2   2   3.5e-10   6.7e-08   31.8   0.0   274   329  1554  1609  1550  1616 0.93 -
1666_g               -           1793 10985at5794          -            350   3.4e-28   98.5   0.0   1   3    0.0042      0.79    8.5   0.0    28    73  1054  1099  1043  1113 0.85 -
1666_g               -           1793 10985at5794          -            350   3.4e-28   98.5   0.0   2   3   2.4e-16   4.5e-14   52.1   0.0    58   243  1161  1369  1150  1374 0.75 -
1666_g               -           1793 10985at5794          -            350   3.4e-28   98.5   0.0   3   3   8.8e-11   1.7e-08   33.8   0.0   273   330  1520  1577  1513  1597 0.88 -
849_g                -           1793 10985at5794          -            350   3.4e-28   98.5   0.0   1   3    0.0042      0.79    8.5   0.0    28    73  1054  1099  1043  1113 0.85 -
849_g                -           1793 10985at5794          -            350   3.4e-28   98.5   0.0   2   3   2.4e-16   4.5e-14   52.1   0.0    58   243  1161  1369  1150  1374 0.75 -
849_g                -           1793 10985at5794          -            350   3.4e-28   98.5   0.0   3   3   8.8e-11   1.7e-08   33.8   0.0   273   330  1520  1577  1513  1597 0.88 -
2998_g               -           1272 10985at5794          -            350   3.8e-26   91.8   0.6   1   2   2.4e-13   4.5e-11   42.2   0.2    25   263   599   877   583   895 0.72 -
2998_g               -           1272 10985at5794          -            350   3.8e-26   91.8   0.6   2   2   9.7e-15   1.8e-12   46.8   0.0   272   330  1061  1119  1055  1132 0.91 -
3679_g               -           1272 10985at5794          -            350   3.8e-26   91.8   0.6   1   2   2.4e-13   4.5e-11   42.2   0.2    25   263   599   877   583   895 0.72 -
3679_g               -           1272 10985at5794          -            350   3.8e-26   91.8   0.6   2   2   9.7e-15   1.8e-12   46.8   0.0   272   330  1061  1119  1055  1132 0.91 -
2611_g               -            842 10985at5794          -            350   2.2e-22   79.5   0.1   1   2   3.2e-06   0.00061   18.8   0.0    24   140   272   417   259   425 0.72 -
2611_g               -            842 10985at5794          -            350   2.2e-22   79.5   0.1   2   2     4e-18   7.5e-16   57.9   0.0   149   327   504   680   493   696 0.78 -
3292_g               -            842 10985at5794          -            350   2.2e-22   79.5   0.1   1   2   3.2e-06   0.00061   18.8   0.0    24   140   272   417   259   425 0.72 -
3292_g               -            842 10985at5794          -            350   2.2e-22   79.5   0.1   2   2     4e-18   7.5e-16   57.9   0.0   149   327   504   680   493   696 0.78 -
12664_g              -            841 10985at5794          -            350   6.7e-22   77.9   0.0   1   1   1.1e-23   2.1e-21   76.2   0.0    32   325   137   488   113   494 0.74 -
9860_g               -            841 10985at5794          -            350   6.7e-22   77.9   0.0   1   1   1.1e-23   2.1e-21   76.2   0.0    32   325   137   488   113   494 0.74 -
4521_g               -           1248 10985at5794          -            350   4.5e-20   71.8   0.7   1   4   6.1e-10   1.2e-07   31.0   0.0    27    89    91   163    76   170 0.80 -
4521_g               -           1248 10985at5794          -            350   4.5e-20   71.8   0.7   2   4       7.3   1.4e+03   -2.1   0.0   134   175   336   376   332   380 0.83 -
4521_g               -           1248 10985at5794          -            350   4.5e-20   71.8   0.7   3   4   3.6e-06   0.00067   18.6   0.0   195   291   434   536   419   557 0.81 -
4521_g               -           1248 10985at5794          -            350   4.5e-20   71.8   0.7   4   4   6.7e-06    0.0013   17.7   0.0   286   326   576   616   564   629 0.85 -
8536_g               -           1248 10985at5794          -            350   4.5e-20   71.8   0.7   1   4   6.1e-10   1.2e-07   31.0   0.0    27    89    91   163    76   170 0.80 -
8536_g               -           1248 10985at5794          -            350   4.5e-20   71.8   0.7   2   4       7.3   1.4e+03   -2.1   0.0   134   175   336   376   332   380 0.83 -
8536_g               -           1248 10985at5794          -            350   4.5e-20   71.8   0.7   3   4   3.6e-06   0.00067   18.6   0.0   195   291   434   536   419   557 0.81 -
8536_g               -           1248 10985at5794          -            350   4.5e-20   71.8   0.7   4   4   6.7e-06    0.0013   17.7   0.0   286   326   576   616   564   629 0.85 -
5878_g               -            993 10985at5794          -            350   1.6e-18   66.7   0.0   1   2   1.4e-08   2.6e-06   26.6   0.0    39   276   323   610   317   615 0.67 -
5878_g               -            993 10985at5794          -            350   1.6e-18   66.7   0.0   2   2   3.2e-11     6e-09   35.2   0.0   278   328   702   754   678   767 0.85 -
6372_g               -            993 10985at5794          -            350   1.6e-18   66.7   0.0   1   2   1.4e-08   2.6e-06   26.6   0.0    39   276   323   610   317   615 0.67 -
6372_g               -            993 10985at5794          -            350   1.6e-18   66.7   0.0   2   2   3.2e-11     6e-09   35.2   0.0   278   328   702   754   678   767 0.85 -
13495_g              -           1073 10985at5794          -            350   3.5e-18   65.6   0.0   1   2    0.0012      0.23   10.3   0.0    25    72   316   363   307   370 0.90 -
13495_g              -           1073 10985at5794          -            350   3.5e-18   65.6   0.0   2   2   1.2e-16   2.4e-14   53.0   0.0   215   330   699   818   689   835 0.83 -
9171_g               -           1073 10985at5794          -            350   3.5e-18   65.6   0.0   1   2    0.0012      0.23   10.3   0.0    25    72   316   363   307   370 0.90 -
9171_g               -           1073 10985at5794          -            350   3.5e-18   65.6   0.0   2   2   1.2e-16   2.4e-14   53.0   0.0   215   330   699   818   689   835 0.83 -
7260_g               -            955 10985at5794          -            350   1.1e-17   63.9   0.0   1   3      0.06        11    4.7   0.0    19    76   239   300   231   326 0.78 -
7260_g               -            955 10985at5794          -            350   1.1e-17   63.9   0.0   2   3    0.0015      0.28   10.0   0.0    74   128   381   447   371   453 0.70 -
7260_g               -            955 10985at5794          -            350   1.1e-17   63.9   0.0   3   3   4.4e-14   8.4e-12   44.6   0.0   249   337   750   838   746   850 0.88 -
7659_g               -            955 10985at5794          -            350   1.1e-17   63.9   0.0   1   3      0.06        11    4.7   0.0    19    76   239   300   231   326 0.78 -
7659_g               -            955 10985at5794          -            350   1.1e-17   63.9   0.0   2   3    0.0015      0.28   10.0   0.0    74   128   381   447   371   453 0.70 -
7659_g               -            955 10985at5794          -            350   1.1e-17   63.9   0.0   3   3   4.4e-14   8.4e-12   44.6   0.0   249   337   750   838   746   850 0.88 -
5557_g               -            976 10985at5794          -            350   1.5e-17   63.5   0.0   1   3      0.49        93    1.7   0.0    51    95   254   306   236   320 0.75 -
5557_g               -            976 10985at5794          -            350   1.5e-17   63.5   0.0   2   3     4e-05    0.0077   15.2   0.0   112   173   350   418   335   429 0.79 -
5557_g               -            976 10985at5794          -            350   1.5e-17   63.5   0.0   3   3     2e-13   3.7e-11   42.5   0.0   228   314   563   651   549   655 0.86 -
6691_g               -            976 10985at5794          -            350   1.5e-17   63.5   0.0   1   3      0.49        93    1.7   0.0    51    95   254   306   236   320 0.75 -
6691_g               -            976 10985at5794          -            350   1.5e-17   63.5   0.0   2   3     4e-05    0.0077   15.2   0.0   112   173   350   418   335   429 0.79 -
6691_g               -            976 10985at5794          -            350   1.5e-17   63.5   0.0   3   3     2e-13   3.7e-11   42.5   0.0   228   314   563   651   549   655 0.86 -
5574_g               -           1306 10985at5794          -            350   3.1e-17   62.5   0.3   1   3       3.1   5.9e+02   -0.9   0.0    43    73   717   747   711   753 0.83 -
5574_g               -           1306 10985at5794          -            350   3.1e-17   62.5   0.3   2   3     0.033       6.2    5.6   0.2   113   175   975  1044   967  1052 0.77 -
5574_g               -           1306 10985at5794          -            350   3.1e-17   62.5   0.3   3   3   1.5e-16   2.8e-14   52.8   0.0   223   329  1167  1276  1143  1296 0.79 -
6061_g               -           2864 10985at5794          -            350   3.3e-17   62.4   1.6   1   6       8.8   1.7e+03   -2.4   0.0    12    47   332   370   327   372 0.80 -
6061_g               -           2864 10985at5794          -            350   3.3e-17   62.4   1.6   2   6   0.00021     0.039   12.8   0.1    43    76   453   486   442   499 0.85 -
6061_g               -           2864 10985at5794          -            350   3.3e-17   62.4   1.6   3   6       0.6   1.1e+02    1.5   0.0    76    98   555   577   550   585 0.86 -
6061_g               -           2864 10985at5794          -            350   3.3e-17   62.4   1.6   4   6         3   5.6e+02   -0.8   0.1   124   156  1018  1049  1009  1076 0.73 -
6061_g               -           2864 10985at5794          -            350   3.3e-17   62.4   1.6   5   6   1.6e-09     3e-07   29.7   0.0   211   300  1645  1737  1636  1748 0.87 -
6061_g               -           2864 10985at5794          -            350   3.3e-17   62.4   1.6   6   6   0.00057      0.11   11.4   0.0   302   328  1827  1853  1820  1868 0.88 -
6191_g               -           2864 10985at5794          -            350   3.3e-17   62.4   1.6   1   6       8.8   1.7e+03   -2.4   0.0    12    47   332   370   327   372 0.80 -
6191_g               -           2864 10985at5794          -            350   3.3e-17   62.4   1.6   2   6   0.00021     0.039   12.8   0.1    43    76   453   486   442   499 0.85 -
6191_g               -           2864 10985at5794          -            350   3.3e-17   62.4   1.6   3   6       0.6   1.1e+02    1.5   0.0    76    98   555   577   550   585 0.86 -
6191_g               -           2864 10985at5794          -            350   3.3e-17   62.4   1.6   4   6         3   5.6e+02   -0.8   0.1   124   156  1018  1049  1009  1076 0.73 -
6191_g               -           2864 10985at5794          -            350   3.3e-17   62.4   1.6   5   6   1.6e-09     3e-07   29.7   0.0   211   300  1645  1737  1636  1748 0.87 -
6191_g               -           2864 10985at5794          -            350   3.3e-17   62.4   1.6   6   6   0.00057      0.11   11.4   0.0   302   328  1827  1853  1820  1868 0.88 -
6674_g               -           1394 10985at5794          -            350   3.9e-17   62.2   0.3   1   3       3.3   6.3e+02   -1.0   0.0    43    73   805   835   799   841 0.83 -
6674_g               -           1394 10985at5794          -            350   3.9e-17   62.2   0.3   2   3     0.035       6.7    5.5   0.2   113   175  1063  1132  1055  1140 0.77 -
6674_g               -           1394 10985at5794          -            350   3.9e-17   62.2   0.3   3   3   1.6e-16     3e-14   52.7   0.0   223   329  1255  1364  1231  1384 0.79 -
781_g                -            983 10985at5794          -            350   1.4e-15   57.1   0.4   1   3       8.7   1.6e+03   -2.4   0.0    73    93   407   427   405   432 0.86 -
781_g                -            983 10985at5794          -            350   1.4e-15   57.1   0.4   2   3   0.00085      0.16   10.8   0.0   112   193   468   560   458   571 0.74 -
781_g                -            983 10985at5794          -            350   1.4e-15   57.1   0.4   3   3   1.1e-13   2.2e-11   43.3   0.0   256   328   905   977   899   981 0.92 -
5812_g               -           1542 10985at5794          -            350   3.5e-15   55.8   0.0   1   2      0.32        60    2.3   0.0   113   157  1178  1228  1175  1237 0.76 -
5812_g               -           1542 10985at5794          -            350   3.5e-15   55.8   0.0   2   2   5.8e-16   1.1e-13   50.8   0.0   249   332  1392  1475  1330  1493 0.83 -
6437_g               -           1542 10985at5794          -            350   3.5e-15   55.8   0.0   1   2      0.32        60    2.3   0.0   113   157  1178  1228  1175  1237 0.76 -
6437_g               -           1542 10985at5794          -            350   3.5e-15   55.8   0.0   2   2   5.8e-16   1.1e-13   50.8   0.0   249   332  1392  1475  1330  1493 0.83 -
2053_g               -           1625 10985at5794          -            350   7.9e-14   51.3   0.1   1   2    0.0029      0.55    9.1   0.1    70    96   628   654   592   659 0.89 -
2053_g               -           1625 10985at5794          -            350   7.9e-14   51.3   0.1   2   2   1.7e-12   3.2e-10   39.5   0.0   243   315  1235  1307  1224  1312 0.90 -
2205_g               -           1625 10985at5794          -            350   7.9e-14   51.3   0.1   1   2    0.0029      0.55    9.1   0.1    70    96   628   654   592   659 0.89 -
2205_g               -           1625 10985at5794          -            350   7.9e-14   51.3   0.1   2   2   1.7e-12   3.2e-10   39.5   0.0   243   315  1235  1307  1224  1312 0.90 -
4813_g               -           1835 10985at5794          -            350   6.5e-09   35.1   0.1   1   3       1.5   2.8e+02    0.1   0.0    23    72   452   501   439   510 0.86 -
4813_g               -           1835 10985at5794          -            350   6.5e-09   35.1   0.1   2   3      0.39        75    2.0   0.0   215   260  1212  1260  1194  1268 0.79 -
4813_g               -           1835 10985at5794          -            350   6.5e-09   35.1   0.1   3   3   3.9e-09   7.4e-07   28.4   0.0   273   314  1315  1356  1307  1364 0.93 -
5285_g               -           1835 10985at5794          -            350   6.5e-09   35.1   0.1   1   3       1.5   2.8e+02    0.1   0.0    23    72   452   501   439   510 0.86 -
5285_g               -           1835 10985at5794          -            350   6.5e-09   35.1   0.1   2   3      0.39        75    2.0   0.0   215   260  1212  1260  1194  1268 0.79 -
5285_g               -           1835 10985at5794          -            350   6.5e-09   35.1   0.1   3   3   3.9e-09   7.4e-07   28.4   0.0   273   314  1315  1356  1307  1364 0.93 -
4858_g               -           1901 10985at5794          -            350   7.8e-09   34.9   0.0   1   1     2e-10   3.8e-08   32.6   0.0   274   329  1310  1366  1305  1381 0.89 -
5330_g               -           1901 10985at5794          -            350   7.8e-09   34.9   0.0   1   1     2e-10   3.8e-08   32.6   0.0   274   329  1310  1366  1305  1381 0.89 -
1710_g               -           1767 10985at5794          -            350   4.6e-08   32.3   0.0   1   4     0.079        15    4.3   0.0    23    70   601   648   597   658 0.93 -
1710_g               -           1767 10985at5794          -            350   4.6e-08   32.3   0.0   2   4     0.036       6.8    5.5   0.0    76   112   687   722   682   726 0.89 -
1710_g               -           1767 10985at5794          -            350   4.6e-08   32.3   0.0   3   4    0.0003     0.056   12.3   0.0   113   195   767   868   752   873 0.75 -
1710_g               -           1767 10985at5794          -            350   4.6e-08   32.3   0.0   4   4      0.14        26    3.5   0.0   273   293  1131  1151  1124  1156 0.91 -
893_g                -           1767 10985at5794          -            350   4.6e-08   32.3   0.0   1   4     0.079        15    4.3   0.0    23    70   601   648   597   658 0.93 -
893_g                -           1767 10985at5794          -            350   4.6e-08   32.3   0.0   2   4     0.036       6.8    5.5   0.0    76   112   687   722   682   726 0.89 -
893_g                -           1767 10985at5794          -            350   4.6e-08   32.3   0.0   3   4    0.0003     0.056   12.3   0.0   113   195   767   868   752   873 0.75 -
893_g                -           1767 10985at5794          -            350   4.6e-08   32.3   0.0   4   4      0.14        26    3.5   0.0   273   293  1131  1151  1124  1156 0.91 -
5875_g               -           1652 10985at5794          -            350   4.2e-07   29.2   0.0   1   2       6.2   1.2e+03   -1.9   0.0    24    66    91   133    86   145 0.87 -
5875_g               -           1652 10985at5794          -            350   4.2e-07   29.2   0.0   2   2   7.5e-09   1.4e-06   27.4   0.0   237   325   441   530   425   540 0.85 -
6375_g               -           1652 10985at5794          -            350   4.2e-07   29.2   0.0   1   2       6.2   1.2e+03   -1.9   0.0    24    66    91   133    86   145 0.87 -
6375_g               -           1652 10985at5794          -            350   4.2e-07   29.2   0.0   2   2   7.5e-09   1.4e-06   27.4   0.0   237   325   441   530   425   540 0.85 -
2696_g               -           1973 10985at5794          -            350   2.8e-06   26.5   0.0   1   1   2.3e-08   4.4e-06   25.8   0.0   251   328  1210  1287  1184  1299 0.89 -
3377_g               -           1973 10985at5794          -            350   2.8e-06   26.5   0.0   1   1   2.3e-08   4.4e-06   25.8   0.0   251   328  1210  1287  1184  1299 0.89 -
11141_g              -           1620 10985at5794          -            350   2.2e-05   23.5   0.0   1   4       1.9   3.6e+02   -0.2   0.0    56    74   540   558   527   620 0.85 -
11141_g              -           1620 10985at5794          -            350   2.2e-05   23.5   0.0   2   4      0.49        92    1.7   0.0   113   162   724   779   716   793 0.69 -
11141_g              -           1620 10985at5794          -            350   2.2e-05   23.5   0.0   3   4       2.1     4e+02   -0.4   0.0   240   287  1095  1146  1091  1157 0.65 -
11141_g              -           1620 10985at5794          -            350   2.2e-05   23.5   0.0   4   4   3.9e-05    0.0074   15.2   0.0   289   325  1239  1275  1235  1284 0.89 -
11938_g              -           1620 10985at5794          -            350   2.2e-05   23.5   0.0   1   4       1.9   3.6e+02   -0.2   0.0    56    74   540   558   527   620 0.85 -
11938_g              -           1620 10985at5794          -            350   2.2e-05   23.5   0.0   2   4      0.49        92    1.7   0.0   113   162   724   779   716   793 0.69 -
11938_g              -           1620 10985at5794          -            350   2.2e-05   23.5   0.0   3   4       2.1     4e+02   -0.4   0.0   240   287  1095  1146  1091  1157 0.65 -
11938_g              -           1620 10985at5794          -            350   2.2e-05   23.5   0.0   4   4   3.9e-05    0.0074   15.2   0.0   289   325  1239  1275  1235  1284 0.89 -
3102_g               -           1766 10985at5794          -            350   6.7e-05   21.9   0.0   1   1   5.5e-07    0.0001   21.3   0.0   244   326   967  1049   921  1060 0.83 -
3783_g               -           1766 10985at5794          -            350   6.7e-05   21.9   0.0   1   1   5.5e-07    0.0001   21.3   0.0   244   326   967  1049   921  1060 0.83 -
7419_g               -           1195 10985at5794          -            350   0.00012   21.1   0.0   1   2     3e-05    0.0056   15.6   0.0    49    96   747   801   743   814 0.84 -
7419_g               -           1195 10985at5794          -            350   0.00012   21.1   0.0   2   2       0.2        37    3.0   0.0   146   180  1129  1163  1121  1183 0.83 -
395_g                -           1395 10985at5794          -            350   0.00019   20.5   1.2   1   2    0.0013      0.25   10.2   0.0   112   193   468   560   458   571 0.74 -
395_g                -           1395 10985at5794          -            350   0.00019   20.5   1.2   2   2    0.0053      0.99    8.2   0.0   256   288   905   937   899   940 0.89 -
7501_g               -           1508 10985at5794          -            350   0.00052   19.0   0.0   1   2   3.9e-05    0.0074   15.2   0.0    49    96   722   776   718   789 0.84 -
7501_g               -           1508 10985at5794          -            350   0.00052   19.0   0.0   2   2      0.72   1.4e+02    1.2   0.0   147   181  1105  1142  1097  1187 0.73 -
4721_g               -           1057 10985at5794          -            350     0.025   13.4   0.0   1   2      0.16        30    3.4   0.0    39    77   154   192   139   199 0.81 -
4721_g               -           1057 10985at5794          -            350     0.025   13.4   0.0   2   2      0.01         2    7.2   0.0   251   300   640   691   630   695 0.87 -
5193_g               -           1057 10985at5794          -            350     0.025   13.4   0.0   1   2      0.16        30    3.4   0.0    39    77   154   192   139   199 0.81 -
5193_g               -           1057 10985at5794          -            350     0.025   13.4   0.0   2   2      0.01         2    7.2   0.0   251   300   640   691   630   695 0.87 -
11081_g              -           3541 10985at5794          -            350     0.037   12.9   0.0   1   2    0.0014      0.27   10.1   0.0    40    74   908   943   897   952 0.80 -
11081_g              -           3541 10985at5794          -            350     0.037   12.9   0.0   2   2       2.5   4.8e+02   -0.6   0.0   246   292  2698  2745  2673  2759 0.74 -
11878_g              -           3541 10985at5794          -            350     0.037   12.9   0.0   1   2    0.0014      0.27   10.1   0.0    40    74   908   943   897   952 0.80 -
11878_g              -           3541 10985at5794          -            350     0.037   12.9   0.0   2   2       2.5   4.8e+02   -0.6   0.0   246   292  2698  2745  2673  2759 0.74 -
13291_g              -           4933 10985at5794          -            350     0.051   12.5   0.0   1   2      0.76   1.4e+02    1.1   0.0   112   129  1066  1083  1057  1114 0.63 -
13291_g              -           4933 10985at5794          -            350     0.051   12.5   0.0   2   2    0.0042      0.79    8.5   0.0   275   311  1671  1709  1653  1729 0.84 -
9378_g               -           4933 10985at5794          -            350     0.051   12.5   0.0   1   2      0.76   1.4e+02    1.1   0.0   112   129  1066  1083  1057  1114 0.63 -
9378_g               -           4933 10985at5794          -            350     0.051   12.5   0.0   2   2    0.0042      0.79    8.5   0.0   275   311  1671  1709  1653  1729 0.84 -
2563_g               -           2717 10985at5794          -            350     0.057   12.3   0.0   1   1   0.00049     0.093   11.6   0.0   274   313  1925  1964  1922  1972 0.92 -
3244_g               -           2717 10985at5794          -            350     0.057   12.3   0.0   1   1   0.00049     0.093   11.6   0.0   274   313  1925  1964  1922  1972 0.92 -
4372_g               -           1589 10985at5794          -            350      0.08   11.8   0.0   1   3      0.35        66    2.2   0.0    27    70   357   400   346   404 0.88 -
4372_g               -           1589 10985at5794          -            350      0.08   11.8   0.0   2   3       4.2     8e+02   -1.3   0.0   127   153   738   764   730   788 0.71 -
4372_g               -           1589 10985at5794          -            350      0.08   11.8   0.0   3   3     0.036       6.8    5.5   0.0   272   328  1248  1305  1239  1317 0.79 -
8237_g               -           1589 10985at5794          -            350      0.08   11.8   0.0   1   3      0.35        66    2.2   0.0    27    70   357   400   346   404 0.88 -
8237_g               -           1589 10985at5794          -            350      0.08   11.8   0.0   2   3       4.2     8e+02   -1.3   0.0   127   153   738   764   730   788 0.71 -
8237_g               -           1589 10985at5794          -            350      0.08   11.8   0.0   3   3     0.036       6.8    5.5   0.0   272   328  1248  1305  1239  1317 0.79 -
#
# Program:         hmmsearch
# Version:         3.1b2 (February 2015)
# Pipeline mode:   SEARCH
# Query file:      /mnt/e/Bioinformatics/Semester2/BINP29/Malaria Project/Genomes/Parsed/busco_downloads/lineages/apicomplexa_odb10/hmms/10985at5794.hmm
# Target file:     /mnt/e/Bioinformatics/Semester2/BINP29/Malaria Project/Genomes/Parsed/Tg_new.faa
# Option settings: hmmsearch --domtblout /mnt/e/Bioinformatics/Semester2/BINP29/Malaria Project/Genomes/Parsed/Tg/run_apicomplexa_odb10/hmmer_output/initial_run_results/10985at5794.out --cpu 1 /mnt/e/Bioinformatics/Semester2/BINP29/Malaria Project/Genomes/Parsed/busco_downloads/lineages/apicomplexa_odb10/hmms/10985at5794.hmm /mnt/e/Bioinformatics/Semester2/BINP29/Malaria Project/Genomes/Parsed/Tg_new.faa 
# Current dir:     /mnt/e/Bioinformatics/Semester2/BINP29/Malaria Project/Genomes/Parsed
# Date:            Wed Mar  1 19:34:12 2023
# [ok]
