#                                                                            --- full sequence --- -------------- this domain -------------   hmm coord   ali coord   env coord
# target name        accession   tlen query name           accession   qlen   E-value  score  bias   #  of  c-Evalue  i-Evalue  score  bias  from    to  from    to  from    to  acc description of target
#------------------- ---------- ----- -------------------- ---------- ----- --------- ------ ----- --- --- --------- --------- ------ ----- ----- ----- ----- ----- ----- ----- ---- ---------------------
10057_g              -            851 11231at5794          -            389  4.9e-168  558.8   1.0   1   3   1.1e-25     4e-23   81.7   0.4     1    96    67   188    67   218 0.75 -
10057_g              -            851 11231at5794          -            389  4.9e-168  558.8   1.0   2   3     1e-66   3.9e-64  216.7   0.0    99   241   238   386   234   393 0.91 -
10057_g              -            851 11231at5794          -            389  4.9e-168  558.8   1.0   3   3   5.1e-79   1.9e-76  257.2   0.0   235   389   425   589   420   589 0.93 -
12463_g              -            851 11231at5794          -            389  4.9e-168  558.8   1.0   1   3   1.1e-25     4e-23   81.7   0.4     1    96    67   188    67   218 0.75 -
12463_g              -            851 11231at5794          -            389  4.9e-168  558.8   1.0   2   3     1e-66   3.9e-64  216.7   0.0    99   241   238   386   234   393 0.91 -
12463_g              -            851 11231at5794          -            389  4.9e-168  558.8   1.0   3   3   5.1e-79   1.9e-76  257.2   0.0   235   389   425   589   420   589 0.93 -
11172_g              -           1186 11231at5794          -            389   1.3e-78  264.3   0.0   1   1   5.7e-81   2.1e-78  263.7   0.0   140   383   288   543   238   549 0.87 -
11969_g              -           1186 11231at5794          -            389   1.3e-78  264.3   0.0   1   1   5.7e-81   2.1e-78  263.7   0.0   140   383   288   543   238   549 0.87 -
12519_g              -            806 11231at5794          -            389   8.8e-67  225.4   0.0   1   2   7.4e-60   2.7e-57  194.2   0.0   145   343   181   391   174   396 0.91 -
12519_g              -            806 11231at5794          -            389   8.8e-67  225.4   0.0   2   2   1.2e-09   4.4e-07   28.9   0.0   344   374   467   497   463   511 0.81 -
9999_g               -            806 11231at5794          -            389   8.8e-67  225.4   0.0   1   2   7.4e-60   2.7e-57  194.2   0.0   145   343   181   391   174   396 0.91 -
9999_g               -            806 11231at5794          -            389   8.8e-67  225.4   0.0   2   2   1.2e-09   4.4e-07   28.9   0.0   344   374   467   497   463   511 0.81 -
2106_g               -            921 11231at5794          -            389   3.1e-62  210.4   0.0   1   1   1.2e-64   4.3e-62  210.0   0.0   134   373   654   895   631   902 0.90 -
2449_g               -            921 11231at5794          -            389   3.1e-62  210.4   0.0   1   1   1.2e-64   4.3e-62  210.0   0.0   134   373   654   895   631   902 0.90 -
2872_g               -           1642 11231at5794          -            389   3.2e-59  200.5   0.0   1   2   3.1e-08   1.1e-05   24.2   0.0   124   170  1272  1318  1255  1326 0.88 -
2872_g               -           1642 11231at5794          -            389   3.2e-59  200.5   0.0   2   2   9.8e-54   3.6e-51  174.0   0.0   168   385  1343  1579  1339  1582 0.87 -
3553_g               -           1642 11231at5794          -            389   3.2e-59  200.5   0.0   1   2   3.1e-08   1.1e-05   24.2   0.0   124   170  1272  1318  1255  1326 0.88 -
3553_g               -           1642 11231at5794          -            389   3.2e-59  200.5   0.0   2   2   9.8e-54   3.6e-51  174.0   0.0   168   385  1343  1579  1339  1582 0.87 -
4045_g               -           1150 11231at5794          -            389   1.3e-51  175.5   0.0   1   4   7.1e-30   2.6e-27   95.4   0.0   116   218   377   478   351   483 0.83 -
4045_g               -           1150 11231at5794          -            389   1.3e-51  175.5   0.0   2   4   5.6e-18   2.1e-15   56.3   0.0   216   296   653   733   631   736 0.89 -
4045_g               -           1150 11231at5794          -            389   1.3e-51  175.5   0.0   3   4       6.8   2.5e+03   -3.2   0.0   317   333   839   855   837   860 0.84 -
4045_g               -           1150 11231at5794          -            389   1.3e-51  175.5   0.0   4   4     1e-06   0.00038   19.2   0.0   333   375   969  1011   958  1019 0.89 -
8825_g               -           1150 11231at5794          -            389   1.3e-51  175.5   0.0   1   4   7.1e-30   2.6e-27   95.4   0.0   116   218   377   478   351   483 0.83 -
8825_g               -           1150 11231at5794          -            389   1.3e-51  175.5   0.0   2   4   5.6e-18   2.1e-15   56.3   0.0   216   296   653   733   631   736 0.89 -
8825_g               -           1150 11231at5794          -            389   1.3e-51  175.5   0.0   3   4       6.8   2.5e+03   -3.2   0.0   317   333   839   855   837   860 0.84 -
8825_g               -           1150 11231at5794          -            389   1.3e-51  175.5   0.0   4   4     1e-06   0.00038   19.2   0.0   333   375   969  1011   958  1019 0.89 -
7580_g               -           2762 11231at5794          -            389   3.5e-36  124.7   0.0   1   3   2.1e-24   7.8e-22   77.4   0.0   131   229  1833  1937  1813  1943 0.82 -
7580_g               -           2762 11231at5794          -            389   3.5e-36  124.7   0.0   2   3      0.16        61    2.1   0.0   239   278  1984  2023  1976  2035 0.82 -
7580_g               -           2762 11231at5794          -            389   3.5e-36  124.7   0.0   3   3   2.6e-13   9.5e-11   40.9   0.0   301   369  2165  2234  2135  2245 0.76 -
7339_g               -           2873 11231at5794          -            389   3.9e-36  124.5   0.0   1   3   2.2e-24   8.1e-22   77.4   0.0   131   229  1833  1937  1813  1943 0.82 -
7339_g               -           2873 11231at5794          -            389   3.9e-36  124.5   0.0   2   3      0.17        63    2.0   0.0   239   278  1984  2023  1976  2035 0.82 -
7339_g               -           2873 11231at5794          -            389   3.9e-36  124.5   0.0   3   3   2.7e-13   9.9e-11   40.9   0.0   301   369  2165  2234  2135  2245 0.76 -
12958_g              -            433 11231at5794          -            389     4e-30  104.7   0.0   1   3   4.6e-07   0.00017   20.4   0.0   136   162   255   280   217   281 0.70 -
12958_g              -            433 11231at5794          -            389     4e-30  104.7   0.0   2   3   9.9e-26   3.6e-23   81.8   0.0   203   297   281   377   279   381 0.91 -
12958_g              -            433 11231at5794          -            389     4e-30  104.7   0.0   3   3       2.1   7.8e+02   -1.6   0.0   294   311   409   426   408   429 0.89 -
9703_g               -            433 11231at5794          -            389     4e-30  104.7   0.0   1   3   4.6e-07   0.00017   20.4   0.0   136   162   255   280   217   281 0.70 -
9703_g               -            433 11231at5794          -            389     4e-30  104.7   0.0   2   3   9.9e-26   3.6e-23   81.8   0.0   203   297   281   377   279   381 0.91 -
9703_g               -            433 11231at5794          -            389     4e-30  104.7   0.0   3   3       2.1   7.8e+02   -1.6   0.0   294   311   409   426   408   429 0.89 -
1083_g               -            543 11231at5794          -            389   6.6e-20   71.1   4.8   1   3   2.6e-09   9.7e-07   27.7   0.1     1   112    13   129    13   145 0.80 -
1083_g               -            543 11231at5794          -            389   6.6e-20   71.1   4.8   2   3    0.0003      0.11   11.1   1.7     1    76   250   326   250   370 0.83 -
1083_g               -            543 11231at5794          -            389   6.6e-20   71.1   4.8   3   3   1.5e-10   5.4e-08   31.9   0.0     1   105   385   494   385   529 0.73 -
1555_g               -            543 11231at5794          -            389   6.6e-20   71.1   4.8   1   3   2.6e-09   9.7e-07   27.7   0.1     1   112    13   129    13   145 0.80 -
1555_g               -            543 11231at5794          -            389   6.6e-20   71.1   4.8   2   3    0.0003      0.11   11.1   1.7     1    76   250   326   250   370 0.83 -
1555_g               -            543 11231at5794          -            389   6.6e-20   71.1   4.8   3   3   1.5e-10   5.4e-08   31.9   0.0     1   105   385   494   385   529 0.73 -
13355_g              -            438 11231at5794          -            389   1.8e-14   53.2   0.0   1   3   0.00064      0.24   10.0   0.0   277   300    82   105    71   122 0.77 -
13355_g              -            438 11231at5794          -            389   1.8e-14   53.2   0.0   2   3   0.00029      0.11   11.1   0.0   306   332   212   238   204   243 0.90 -
13355_g              -            438 11231at5794          -            389   1.8e-14   53.2   0.0   3   3   1.8e-09   6.8e-07   28.3   0.0   331   373   323   365   316   381 0.87 -
9314_g               -            438 11231at5794          -            389   1.8e-14   53.2   0.0   1   3   0.00064      0.24   10.0   0.0   277   300    82   105    71   122 0.77 -
9314_g               -            438 11231at5794          -            389   1.8e-14   53.2   0.0   2   3   0.00029      0.11   11.1   0.0   306   332   212   238   204   243 0.90 -
9314_g               -            438 11231at5794          -            389   1.8e-14   53.2   0.0   3   3   1.8e-09   6.8e-07   28.3   0.0   331   373   323   365   316   381 0.87 -
2649_g               -            321 11231at5794          -            389   6.6e-08   31.6   0.1   1   1   2.4e-10   8.8e-08   31.2   0.1     2    80    13    92    12   130 0.79 -
3330_g               -            321 11231at5794          -            389   6.6e-08   31.6   0.1   1   1   2.4e-10   8.8e-08   31.2   0.1     2    80    13    92    12   130 0.79 -
168_g                -            423 11231at5794          -            389   1.8e-07   30.2   0.1   1   1   6.8e-10   2.5e-07   29.7   0.1     4    73   137   208   134   222 0.84 -
222_g                -            423 11231at5794          -            389   1.8e-07   30.2   0.1   1   1   6.8e-10   2.5e-07   29.7   0.1     4    73   137   208   134   222 0.84 -
10211_g              -            581 11231at5794          -            389     2e-06   26.7   0.1   1   1   7.6e-09   2.8e-06   26.2   0.1     2    92    69   172    68   205 0.70 -
12311_g              -            581 11231at5794          -            389     2e-06   26.7   0.1   1   1   7.6e-09   2.8e-06   26.2   0.1     2    92    69   172    68   205 0.70 -
11047_g              -           1155 11231at5794          -            389   2.1e-06   26.6   0.1   1   1   9.4e-09   3.5e-06   25.9   0.1    27    72    79   124    60   168 0.81 -
11844_g              -           1155 11231at5794          -            389   2.1e-06   26.6   0.1   1   1   9.4e-09   3.5e-06   25.9   0.1    27    72    79   124    60   168 0.81 -
10879_g              -            889 11231at5794          -            389   1.3e-05   24.0   0.0   1   1     6e-08   2.2e-05   23.3   0.0    13    78   729   794   719   821 0.79 -
11676_g              -            889 11231at5794          -            389   1.3e-05   24.0   0.0   1   1     6e-08   2.2e-05   23.3   0.0    13    78   729   794   719   821 0.79 -
6074_g               -           1037 11231at5794          -            389   6.9e-05   21.6   0.0   1   1   2.8e-07    0.0001   21.1   0.0    27    93   219   287   211   322 0.80 -
6178_g               -           1037 11231at5794          -            389   6.9e-05   21.6   0.0   1   1   2.8e-07    0.0001   21.1   0.0    27    93   219   287   211   322 0.80 -
4152_g               -            702 11231at5794          -            389    0.0001   21.1   0.0   1   1   4.2e-07   0.00015   20.5   0.0    32   107   250   328   224   344 0.79 -
8932_g               -            702 11231at5794          -            389    0.0001   21.1   0.0   1   1   4.2e-07   0.00015   20.5   0.0    32   107   250   328   224   344 0.79 -
6737_g               -           1061 11231at5794          -            389   0.00051   18.8   0.2   1   1     2e-06   0.00075   18.2   0.2    32   104   429   499   415   517 0.76 -
8173_g               -           1061 11231at5794          -            389   0.00051   18.8   0.2   1   1     2e-06   0.00075   18.2   0.2    32   104   429   499   415   517 0.76 -
4479_g               -            552 11231at5794          -            389    0.0027   16.4   0.0   1   1     1e-05    0.0039   15.9   0.0    28   125   181   278   169   291 0.80 -
8494_g               -            552 11231at5794          -            389    0.0027   16.4   0.0   1   1     1e-05    0.0039   15.9   0.0    28   125   181   278   169   291 0.80 -
13356_g              -            219 11231at5794          -            389    0.0064   15.2   0.1   1   1   2.5e-05    0.0093   14.6   0.1   169   198   184   213   175   217 0.86 -
9313_g               -            219 11231at5794          -            389    0.0064   15.2   0.1   1   1   2.5e-05    0.0093   14.6   0.1   169   198   184   213   175   217 0.86 -
7074_g               -           1602 11231at5794          -            389     0.007   15.0   5.9   1   3       1.2   4.6e+02   -0.8   0.2    10    71   253   312   242   337 0.73 -
7074_g               -           1602 11231at5794          -            389     0.007   15.0   5.9   2   3    0.0015      0.54    8.8   1.4     9    81   320   396   312   409 0.70 -
7074_g               -           1602 11231at5794          -            389     0.007   15.0   5.9   3   3    0.0059       2.2    6.8   0.0     9    89   429   507   422   523 0.79 -
7842_g               -           1602 11231at5794          -            389     0.007   15.0   5.9   1   3       1.2   4.6e+02   -0.8   0.2    10    71   253   312   242   337 0.73 -
7842_g               -           1602 11231at5794          -            389     0.007   15.0   5.9   2   3    0.0015      0.54    8.8   1.4     9    81   320   396   312   409 0.70 -
7842_g               -           1602 11231at5794          -            389     0.007   15.0   5.9   3   3    0.0059       2.2    6.8   0.0     9    89   429   507   422   523 0.79 -
12761_g              -            897 11231at5794          -            389     0.085   11.5   0.0   1   1   0.00035      0.13   10.9   0.0    25    75   821   872   804   882 0.85 -
#
# Program:         hmmsearch
# Version:         3.1b2 (February 2015)
# Pipeline mode:   SEARCH
# Query file:      /mnt/e/Bioinformatics/Semester2/BINP29/Malaria Project/Genomes/Parsed/busco_downloads/lineages/apicomplexa_odb10/hmms/11231at5794.hmm
# Target file:     /mnt/e/Bioinformatics/Semester2/BINP29/Malaria Project/Genomes/Parsed/Tg_new.faa
# Option settings: hmmsearch --domtblout /mnt/e/Bioinformatics/Semester2/BINP29/Malaria Project/Genomes/Parsed/Tg/run_apicomplexa_odb10/hmmer_output/initial_run_results/11231at5794.out --cpu 1 /mnt/e/Bioinformatics/Semester2/BINP29/Malaria Project/Genomes/Parsed/busco_downloads/lineages/apicomplexa_odb10/hmms/11231at5794.hmm /mnt/e/Bioinformatics/Semester2/BINP29/Malaria Project/Genomes/Parsed/Tg_new.faa 
# Current dir:     /mnt/e/Bioinformatics/Semester2/BINP29/Malaria Project/Genomes/Parsed
# Date:            Wed Mar  1 19:34:14 2023
# [ok]
