#                                                                            --- full sequence --- -------------- this domain -------------   hmm coord   ali coord   env coord
# target name        accession   tlen query name           accession   qlen   E-value  score  bias   #  of  c-Evalue  i-Evalue  score  bias  from    to  from    to  from    to  acc description of target
#------------------- ---------- ----- -------------------- ---------- ----- --------- ------ ----- --- --- --------- --------- ------ ----- ----- ----- ----- ----- ----- ----- ---- ---------------------
11028_g              -            638 11259at5794          -            280   5.7e-81  271.7   0.1   1   3   9.3e-22   5.5e-19   68.4   0.0     7    85   161   253   151   259 0.81 -
11028_g              -            638 11259at5794          -            280   5.7e-81  271.7   0.1   2   3   8.6e-46   5.1e-43  147.2   0.1    86   228   284   466   281   472 0.81 -
11028_g              -            638 11259at5794          -            280   5.7e-81  271.7   0.1   3   3   7.1e-16   4.2e-13   49.1   0.0   227   279   555   609   546   610 0.88 -
11825_g              -            638 11259at5794          -            280   5.7e-81  271.7   0.1   1   3   9.3e-22   5.5e-19   68.4   0.0     7    85   161   253   151   259 0.81 -
11825_g              -            638 11259at5794          -            280   5.7e-81  271.7   0.1   2   3   8.6e-46   5.1e-43  147.2   0.1    86   228   284   466   281   472 0.81 -
11825_g              -            638 11259at5794          -            280   5.7e-81  271.7   0.1   3   3   7.1e-16   4.2e-13   49.1   0.0   227   279   555   609   546   610 0.88 -
4192_g               -           1397 11259at5794          -            280     1e-73  248.0   1.1   1   5   1.3e-15   7.4e-13   48.3   0.0    52   190   681   834   673   840 0.76 -
4192_g               -           1397 11259at5794          -            280     1e-73  248.0   1.1   2   5     2e-15   1.2e-12   47.6   0.0    94   190   859   966   851   974 0.80 -
4192_g               -           1397 11259at5794          -            280     1e-73  248.0   1.1   3   5   1.8e-15   1.1e-12   47.8   0.0    78   190   981  1105   962  1114 0.78 -
4192_g               -           1397 11259at5794          -            280     1e-73  248.0   1.1   4   5   1.3e-15   7.7e-13   48.2   0.0    78   190  1120  1244  1101  1252 0.77 -
4192_g               -           1397 11259at5794          -            280     1e-73  248.0   1.1   5   5   1.7e-16     1e-13   51.1   0.0    78   192  1259  1384  1239  1389 0.77 -
8415_g               -           1397 11259at5794          -            280     1e-73  248.0   1.1   1   5   1.3e-15   7.4e-13   48.3   0.0    52   190   681   834   673   840 0.76 -
8415_g               -           1397 11259at5794          -            280     1e-73  248.0   1.1   2   5     2e-15   1.2e-12   47.6   0.0    94   190   859   966   851   974 0.80 -
8415_g               -           1397 11259at5794          -            280     1e-73  248.0   1.1   3   5   1.8e-15   1.1e-12   47.8   0.0    78   190   981  1105   962  1114 0.78 -
8415_g               -           1397 11259at5794          -            280     1e-73  248.0   1.1   4   5   1.3e-15   7.7e-13   48.2   0.0    78   190  1120  1244  1101  1252 0.77 -
8415_g               -           1397 11259at5794          -            280     1e-73  248.0   1.1   5   5   1.7e-16     1e-13   51.1   0.0    78   192  1259  1384  1239  1389 0.77 -
2036_g               -            513 11259at5794          -            280   9.9e-37  126.6   2.8   1   3   3.1e-22   1.8e-19   69.9   0.0    87   184    65   167    55   175 0.83 -
2036_g               -            513 11259at5794          -            280   9.9e-37  126.6   2.8   2   3       1.1   6.4e+02   -0.7   0.0    26   113   206   289   185   367 0.71 -
2036_g               -            513 11259at5794          -            280   9.9e-37  126.6   2.8   3   3     1e-17   6.1e-15   55.1   0.4    86   187   387   496   374   502 0.85 -
2222_g               -            513 11259at5794          -            280   9.9e-37  126.6   2.8   1   3   3.1e-22   1.8e-19   69.9   0.0    87   184    65   167    55   175 0.83 -
2222_g               -            513 11259at5794          -            280   9.9e-37  126.6   2.8   2   3       1.1   6.4e+02   -0.7   0.0    26   113   206   289   185   367 0.71 -
2222_g               -            513 11259at5794          -            280   9.9e-37  126.6   2.8   3   3     1e-17   6.1e-15   55.1   0.4    86   187   387   496   374   502 0.85 -
13340_g              -            623 11259at5794          -            280   4.3e-24   85.1   0.0   1   2   3.4e-08     2e-05   23.9   0.0   113   185   111   188   100   199 0.79 -
13340_g              -            623 11259at5794          -            280   4.3e-24   85.1   0.0   2   2   8.4e-19     5e-16   58.7   0.0    88   184   482   585   475   595 0.83 -
9330_g               -            623 11259at5794          -            280   4.3e-24   85.1   0.0   1   2   3.4e-08     2e-05   23.9   0.0   113   185   111   188   100   199 0.79 -
9330_g               -            623 11259at5794          -            280   4.3e-24   85.1   0.0   2   2   8.4e-19     5e-16   58.7   0.0    88   184   482   585   475   595 0.83 -
15837_g              -             88 11259at5794          -            280     7e-09   35.2   1.8   1   1   2.3e-11   1.4e-08   34.3   1.8   115   169     9    76     3    86 0.78 -
10904_g              -            134 11259at5794          -            280   9.4e-09   34.8   0.0   1   1     2e-11   1.2e-08   34.5   0.0   126   184     5    62     2    72 0.82 -
11701_g              -            134 11259at5794          -            280   9.4e-09   34.8   0.0   1   1     2e-11   1.2e-08   34.5   0.0   126   184     5    62     2    72 0.82 -
322_g                -            107 11259at5794          -            280   1.6e-08   34.1   0.0   1   1   3.4e-11     2e-08   33.7   0.0    96   177     8    96     5   103 0.76 -
69_g                 -            107 11259at5794          -            280   1.6e-08   34.1   0.0   1   1   3.4e-11     2e-08   33.7   0.0    96   177     8    96     5   103 0.76 -
545_g                -            955 11259at5794          -            280   2.4e-06   26.9   0.5   1   3     1e-05    0.0061   15.7   0.0    93   162   470   550   462   558 0.65 -
545_g                -            955 11259at5794          -            280   2.4e-06   26.9   0.5   2   3    0.0083       4.9    6.2   0.1    33    70   712   752   698   766 0.79 -
545_g                -            955 11259at5794          -            280   2.4e-06   26.9   0.5   3   3      0.32   1.9e+02    1.0   0.0   138   183   865   910   859   918 0.83 -
629_g                -            955 11259at5794          -            280   2.4e-06   26.9   0.5   1   3     1e-05    0.0061   15.7   0.0    93   162   470   550   462   558 0.65 -
629_g                -            955 11259at5794          -            280   2.4e-06   26.9   0.5   2   3    0.0083       4.9    6.2   0.1    33    70   712   752   698   766 0.79 -
629_g                -            955 11259at5794          -            280   2.4e-06   26.9   0.5   3   3      0.32   1.9e+02    1.0   0.0   138   183   865   910   859   918 0.83 -
4769_g               -            632 11259at5794          -            280   8.1e-06   25.2   0.0   1   2   2.1e-07   0.00013   21.3   0.0    24    97   304   388   281   402 0.49 -
4769_g               -            632 11259at5794          -            280   8.1e-06   25.2   0.0   2   2      0.41   2.4e+02    0.7   0.0   211   276   536   604   525   608 0.75 -
5241_g               -            632 11259at5794          -            280   8.1e-06   25.2   0.0   1   2   2.1e-07   0.00013   21.3   0.0    24    97   304   388   281   402 0.49 -
5241_g               -            632 11259at5794          -            280   8.1e-06   25.2   0.0   2   2      0.41   2.4e+02    0.7   0.0   211   276   536   604   525   608 0.75 -
7295_g               -            347 11259at5794          -            280   1.4e-05   24.4   0.1   1   1   3.5e-08   2.1e-05   23.8   0.1   110   172   261   330   219   342 0.70 -
7623_g               -            347 11259at5794          -            280   1.4e-05   24.4   0.1   1   1   3.5e-08   2.1e-05   23.8   0.1   110   172   261   330   219   342 0.70 -
10694_g              -            665 11259at5794          -            280   6.1e-05   22.3   0.0   1   1   1.7e-07   9.8e-05   21.6   0.0   135   183   141   184   131   197 0.84 -
11491_g              -            665 11259at5794          -            280   6.1e-05   22.3   0.0   1   1   1.7e-07   9.8e-05   21.6   0.0   135   183   141   184   131   197 0.84 -
5924_g               -           1015 11259at5794          -            280    0.0037   16.4   0.3   1   2   0.00022      0.13   11.4   0.3   114   127    96   109    91   135 0.69 -
5924_g               -           1015 11259at5794          -            280    0.0037   16.4   0.3   2   2      0.12        72    2.4   0.0   142   162   225   245   213   254 0.85 -
6329_g               -           1015 11259at5794          -            280    0.0037   16.4   0.3   1   2   0.00022      0.13   11.4   0.3   114   127    96   109    91   135 0.69 -
6329_g               -           1015 11259at5794          -            280    0.0037   16.4   0.3   2   2      0.12        72    2.4   0.0   142   162   225   245   213   254 0.85 -
7178_g               -            662 11259at5794          -            280    0.0084   15.3   0.0   1   2   0.00011     0.063   12.4   0.0    88   133   471   520   468   541 0.74 -
7178_g               -            662 11259at5794          -            280    0.0084   15.3   0.0   2   2      0.59   3.5e+02    0.1   0.0    66    84   625   643   599   652 0.69 -
7738_g               -            662 11259at5794          -            280    0.0084   15.3   0.0   1   2   0.00011     0.063   12.4   0.0    88   133   471   520   468   541 0.74 -
7738_g               -            662 11259at5794          -            280    0.0084   15.3   0.0   2   2      0.59   3.5e+02    0.1   0.0    66    84   625   643   599   652 0.69 -
7179_g               -            562 11259at5794          -            280      0.15   11.2   0.0   1   1   0.00057      0.33   10.0   0.0   111   130   344   363   341   384 0.78 -
7737_g               -            562 11259at5794          -            280      0.15   11.2   0.0   1   1   0.00057      0.33   10.0   0.0   111   130   344   363   341   384 0.78 -
#
# Program:         hmmsearch
# Version:         3.1b2 (February 2015)
# Pipeline mode:   SEARCH
# Query file:      /mnt/e/Bioinformatics/Semester2/BINP29/Malaria Project/Genomes/Parsed/busco_downloads/lineages/apicomplexa_odb10/hmms/11259at5794.hmm
# Target file:     /mnt/e/Bioinformatics/Semester2/BINP29/Malaria Project/Genomes/Parsed/Tg_new.faa
# Option settings: hmmsearch --domtblout /mnt/e/Bioinformatics/Semester2/BINP29/Malaria Project/Genomes/Parsed/Tg/run_apicomplexa_odb10/hmmer_output/initial_run_results/11259at5794.out --cpu 1 /mnt/e/Bioinformatics/Semester2/BINP29/Malaria Project/Genomes/Parsed/busco_downloads/lineages/apicomplexa_odb10/hmms/11259at5794.hmm /mnt/e/Bioinformatics/Semester2/BINP29/Malaria Project/Genomes/Parsed/Tg_new.faa 
# Current dir:     /mnt/e/Bioinformatics/Semester2/BINP29/Malaria Project/Genomes/Parsed
# Date:            Wed Mar  1 19:34:15 2023
# [ok]
