#                                                                            --- full sequence --- -------------- this domain -------------   hmm coord   ali coord   env coord
# target name        accession   tlen query name           accession   qlen   E-value  score  bias   #  of  c-Evalue  i-Evalue  score  bias  from    to  from    to  from    to  acc description of target
#------------------- ---------- ----- -------------------- ---------- ----- --------- ------ ----- --- --- --------- --------- ------ ----- ----- ----- ----- ----- ----- ----- ---- ---------------------
4937_g               -           1076 11346at5794          -            394  1.7e-198  659.2   0.0   1   1  5.3e-202  2.1e-198  658.9   0.0     1   386     1   436     1   444 0.93 -
5409_g               -           1076 11346at5794          -            394  1.7e-198  659.2   0.0   1   1  5.3e-202  2.1e-198  658.9   0.0     1   386     1   436     1   444 0.93 -
1861_g               -           1377 11346at5794          -            394   2.5e-09   36.3   0.0   1   3   0.00013      0.52    8.9   0.0     6    49    41    87    38    94 0.82 -
1861_g               -           1377 11346at5794          -            394   2.5e-09   36.3   0.0   2   3   7.9e-05      0.32    9.7   0.0    55    94   280   319   268   337 0.83 -
1861_g               -           1377 11346at5794          -            394   2.5e-09   36.3   0.0   3   3   4.9e-06      0.02   13.6   0.0   181   229   632   685   604   702 0.85 -
2400_g               -           1377 11346at5794          -            394   2.5e-09   36.3   0.0   1   3   0.00013      0.52    8.9   0.0     6    49    41    87    38    94 0.82 -
2400_g               -           1377 11346at5794          -            394   2.5e-09   36.3   0.0   2   3   7.9e-05      0.32    9.7   0.0    55    94   280   319   268   337 0.83 -
2400_g               -           1377 11346at5794          -            394   2.5e-09   36.3   0.0   3   3   4.9e-06      0.02   13.6   0.0   181   229   632   685   604   702 0.85 -
#
# Program:         hmmsearch
# Version:         3.1b2 (February 2015)
# Pipeline mode:   SEARCH
# Query file:      /mnt/e/Bioinformatics/Semester2/BINP29/Malaria Project/Genomes/Parsed/busco_downloads/lineages/apicomplexa_odb10/hmms/11346at5794.hmm
# Target file:     /mnt/e/Bioinformatics/Semester2/BINP29/Malaria Project/Genomes/Parsed/Tg_new.faa
# Option settings: hmmsearch --domtblout /mnt/e/Bioinformatics/Semester2/BINP29/Malaria Project/Genomes/Parsed/Tg/run_apicomplexa_odb10/hmmer_output/initial_run_results/11346at5794.out --cpu 1 /mnt/e/Bioinformatics/Semester2/BINP29/Malaria Project/Genomes/Parsed/busco_downloads/lineages/apicomplexa_odb10/hmms/11346at5794.hmm /mnt/e/Bioinformatics/Semester2/BINP29/Malaria Project/Genomes/Parsed/Tg_new.faa 
# Current dir:     /mnt/e/Bioinformatics/Semester2/BINP29/Malaria Project/Genomes/Parsed
# Date:            Wed Mar  1 19:34:15 2023
# [ok]
