#                                                                            --- full sequence --- -------------- this domain -------------   hmm coord   ali coord   env coord
# target name        accession   tlen query name           accession   qlen   E-value  score  bias   #  of  c-Evalue  i-Evalue  score  bias  from    to  from    to  from    to  acc description of target
#------------------- ---------- ----- -------------------- ---------- ----- --------- ------ ----- --- --- --------- --------- ------ ----- ----- ----- ----- ----- ----- ----- ---- ---------------------
10642_g              -           1047 11832at5794          -            322  1.3e-111  372.3   0.0   1   5   0.00015      0.13   10.8   0.0     1    26    28    57    28    62 0.88 -
10642_g              -           1047 11832at5794          -            322  1.3e-111  372.3   0.0   2   5   6.2e-06    0.0055   15.3   0.0    28    66    80   120    76   124 0.71 -
10642_g              -           1047 11832at5794          -            322  1.3e-111  372.3   0.0   3   5   1.1e-62   9.8e-60  201.8   0.0    55   181   158   298   149   305 0.93 -
10642_g              -           1047 11832at5794          -            322  1.3e-111  372.3   0.0   4   5   7.7e-14   6.8e-11   41.3   0.0   199   237   510   548   501   553 0.92 -
10642_g              -           1047 11832at5794          -            322  1.3e-111  372.3   0.0   5   5   1.8e-30   1.6e-27   95.9   0.0   236   321   598   690   587   691 0.89 -
11439_g              -           1047 11832at5794          -            322  1.3e-111  372.3   0.0   1   5   0.00015      0.13   10.8   0.0     1    26    28    57    28    62 0.88 -
11439_g              -           1047 11832at5794          -            322  1.3e-111  372.3   0.0   2   5   6.2e-06    0.0055   15.3   0.0    28    66    80   120    76   124 0.71 -
11439_g              -           1047 11832at5794          -            322  1.3e-111  372.3   0.0   3   5   1.1e-62   9.8e-60  201.8   0.0    55   181   158   298   149   305 0.93 -
11439_g              -           1047 11832at5794          -            322  1.3e-111  372.3   0.0   4   5   7.7e-14   6.8e-11   41.3   0.0   199   237   510   548   501   553 0.92 -
11439_g              -           1047 11832at5794          -            322  1.3e-111  372.3   0.0   5   5   1.8e-30   1.6e-27   95.9   0.0   236   321   598   690   587   691 0.89 -
478_g                -            377 11832at5794          -            322   1.1e-78  264.0   0.0   1   1   7.8e-81   6.9e-78  261.4   0.0     2   321    10   371     9   372 0.91 -
694_g                -            377 11832at5794          -            322   1.1e-78  264.0   0.0   1   1   7.8e-81   6.9e-78  261.4   0.0     2   321    10   371     9   372 0.91 -
10984_g              -            501 11832at5794          -            322   1.3e-61  208.0   0.0   1   1   1.7e-63   1.5e-60  204.4   0.0     3   312    19   369    17   373 0.84 -
11781_g              -            501 11832at5794          -            322   1.3e-61  208.0   0.0   1   1   1.7e-63   1.5e-60  204.4   0.0     3   312    19   369    17   373 0.84 -
5971_g               -           1079 11832at5794          -            322   1.4e-18   66.5   0.0   1   2   6.8e-11     6e-08   31.6   0.0    55   122   626   696   617   712 0.89 -
5971_g               -           1079 11832at5794          -            322   1.4e-18   66.5   0.0   2   2   3.5e-11   3.1e-08   32.5   0.0   235   321   980  1073   928  1074 0.77 -
6281_g               -           1079 11832at5794          -            322   1.4e-18   66.5   0.0   1   2   6.8e-11     6e-08   31.6   0.0    55   122   626   696   617   712 0.89 -
6281_g               -           1079 11832at5794          -            322   1.4e-18   66.5   0.0   2   2   3.5e-11   3.1e-08   32.5   0.0   235   321   980  1073   928  1074 0.77 -
5999_g               -           1120 11832at5794          -            322   3.5e-17   61.9   0.0   1   4      0.03        26    3.2   0.0    57    83   410   436   400   441 0.91 -
5999_g               -           1120 11832at5794          -            322   3.5e-17   61.9   0.0   2   4   5.2e-07   0.00046   18.8   0.0    96   177   610   689   606   699 0.82 -
5999_g               -           1120 11832at5794          -            322   3.5e-17   61.9   0.0   3   4     0.079        70    1.8   0.0   197   217   768   788   753   806 0.87 -
5999_g               -           1120 11832at5794          -            322   3.5e-17   61.9   0.0   4   4     5e-11   4.4e-08   32.0   0.0   222   320  1000  1101   994  1103 0.85 -
6252_g               -           1120 11832at5794          -            322   3.5e-17   61.9   0.0   1   4      0.03        26    3.2   0.0    57    83   410   436   400   441 0.91 -
6252_g               -           1120 11832at5794          -            322   3.5e-17   61.9   0.0   2   4   5.2e-07   0.00046   18.8   0.0    96   177   610   689   606   699 0.82 -
6252_g               -           1120 11832at5794          -            322   3.5e-17   61.9   0.0   3   4     0.079        70    1.8   0.0   197   217   768   788   753   806 0.87 -
6252_g               -           1120 11832at5794          -            322   3.5e-17   61.9   0.0   4   4     5e-11   4.4e-08   32.0   0.0   222   320  1000  1101   994  1103 0.85 -
11009_g              -           1092 11832at5794          -            322   1.3e-15   56.7   0.0   1   4   5.6e-13   4.9e-10   38.4   0.0    57   152   636   734   629   742 0.92 -
11009_g              -           1092 11832at5794          -            322   1.3e-15   56.7   0.0   2   4      0.55   4.9e+02   -1.0   0.0   179   215   898   930   890   936 0.67 -
11009_g              -           1092 11832at5794          -            322   1.3e-15   56.7   0.0   3   4    0.0028       2.4    6.6   0.0   226   272   964  1012   958  1020 0.86 -
11009_g              -           1092 11832at5794          -            322   1.3e-15   56.7   0.0   4   4    0.0032       2.8    6.4   0.0   283   320  1047  1084  1038  1086 0.88 -
11806_g              -           1092 11832at5794          -            322   1.3e-15   56.7   0.0   1   4   5.6e-13   4.9e-10   38.4   0.0    57   152   636   734   629   742 0.92 -
11806_g              -           1092 11832at5794          -            322   1.3e-15   56.7   0.0   2   4      0.55   4.9e+02   -1.0   0.0   179   215   898   930   890   936 0.67 -
11806_g              -           1092 11832at5794          -            322   1.3e-15   56.7   0.0   3   4    0.0028       2.4    6.6   0.0   226   272   964  1012   958  1020 0.86 -
11806_g              -           1092 11832at5794          -            322   1.3e-15   56.7   0.0   4   4    0.0032       2.8    6.4   0.0   283   320  1047  1084  1038  1086 0.88 -
1121_g               -            758 11832at5794          -            322   1.2e-12   47.0   0.0   1   4   2.9e-13   2.6e-10   39.4   0.0    54   146   257   352   252   356 0.90 -
1121_g               -            758 11832at5794          -            322   1.2e-12   47.0   0.0   2   4     0.095        84    1.5   0.0   156   180   455   479   444   489 0.83 -
1121_g               -            758 11832at5794          -            322   1.2e-12   47.0   0.0   3   4      0.82   7.2e+02   -1.5   0.0   185   217   550   575   549   580 0.66 -
1121_g               -            758 11832at5794          -            322   1.2e-12   47.0   0.0   4   4      0.23     2e+02    0.3   0.0   231   258   656   686   645   693 0.83 -
1517_g               -            758 11832at5794          -            322   1.2e-12   47.0   0.0   1   4   2.9e-13   2.6e-10   39.4   0.0    54   146   257   352   252   356 0.90 -
1517_g               -            758 11832at5794          -            322   1.2e-12   47.0   0.0   2   4     0.095        84    1.5   0.0   156   180   455   479   444   489 0.83 -
1517_g               -            758 11832at5794          -            322   1.2e-12   47.0   0.0   3   4      0.82   7.2e+02   -1.5   0.0   185   217   550   575   549   580 0.66 -
1517_g               -            758 11832at5794          -            322   1.2e-12   47.0   0.0   4   4      0.23     2e+02    0.3   0.0   231   258   656   686   645   693 0.83 -
1639_g               -            644 11832at5794          -            322   4.6e-06   25.4   0.0   1   1   9.8e-09   8.6e-06   24.5   0.0    58   193   344   490   338   510 0.74 -
822_g                -            644 11832at5794          -            322   4.6e-06   25.4   0.0   1   1   9.8e-09   8.6e-06   24.5   0.0    58   193   344   490   338   510 0.74 -
13222_g              -           6176 11832at5794          -            322     0.084   11.4   0.0   1   2    0.0069       6.1    5.3   0.0    97   140   594   637   588   648 0.89 -
13222_g              -           6176 11832at5794          -            322     0.084   11.4   0.0   2   2     0.024        21    3.5   0.0   246   268  1167  1189  1154  1194 0.86 -
9443_g               -           6176 11832at5794          -            322     0.084   11.4   0.0   1   2    0.0069       6.1    5.3   0.0    97   140   594   637   588   648 0.89 -
9443_g               -           6176 11832at5794          -            322     0.084   11.4   0.0   2   2     0.024        21    3.5   0.0   246   268  1167  1189  1154  1194 0.86 -
#
# Program:         hmmsearch
# Version:         3.1b2 (February 2015)
# Pipeline mode:   SEARCH
# Query file:      /mnt/e/Bioinformatics/Semester2/BINP29/Malaria Project/Genomes/Parsed/busco_downloads/lineages/apicomplexa_odb10/hmms/11832at5794.hmm
# Target file:     /mnt/e/Bioinformatics/Semester2/BINP29/Malaria Project/Genomes/Parsed/Tg_new.faa
# Option settings: hmmsearch --domtblout /mnt/e/Bioinformatics/Semester2/BINP29/Malaria Project/Genomes/Parsed/Tg/run_apicomplexa_odb10/hmmer_output/initial_run_results/11832at5794.out --cpu 1 /mnt/e/Bioinformatics/Semester2/BINP29/Malaria Project/Genomes/Parsed/busco_downloads/lineages/apicomplexa_odb10/hmms/11832at5794.hmm /mnt/e/Bioinformatics/Semester2/BINP29/Malaria Project/Genomes/Parsed/Tg_new.faa 
# Current dir:     /mnt/e/Bioinformatics/Semester2/BINP29/Malaria Project/Genomes/Parsed
# Date:            Wed Mar  1 19:34:20 2023
# [ok]
