#                                                                            --- full sequence --- -------------- this domain -------------   hmm coord   ali coord   env coord
# target name        accession   tlen query name           accession   qlen   E-value  score  bias   #  of  c-Evalue  i-Evalue  score  bias  from    to  from    to  from    to  acc description of target
#------------------- ---------- ----- -------------------- ---------- ----- --------- ------ ----- --- --- --------- --------- ------ ----- ----- ----- ----- ----- ----- ----- ---- ---------------------
4890_g               -           1450 12125at5794          -            246   8.6e-60  202.1   1.1   1   6   2.1e-13   4.2e-10   39.3   0.0    21    53   129   161   120   175 0.91 -
4890_g               -           1450 12125at5794          -            246   8.6e-60  202.1   1.1   2   6   7.4e-12   1.5e-08   34.3   0.0    52    94   216   264   208   271 0.77 -
4890_g               -           1450 12125at5794          -            246   8.6e-60  202.1   1.1   3   6    0.0022       4.3    6.5   0.0    92   107   301   316   299   332 0.86 -
4890_g               -           1450 12125at5794          -            246   8.6e-60  202.1   1.1   4   6     1e-14   2.1e-11   43.6   0.0   114   163   399   451   391   454 0.93 -
4890_g               -           1450 12125at5794          -            246   8.6e-60  202.1   1.1   5   6   1.5e-19     3e-16   59.5   0.0   163   202   525   564   518   569 0.94 -
4890_g               -           1450 12125at5794          -            246   8.6e-60  202.1   1.1   6   6   0.00014      0.27   10.5   0.0   202   237   627   674   613   681 0.69 -
5362_g               -           1450 12125at5794          -            246   8.6e-60  202.1   1.1   1   6   2.1e-13   4.2e-10   39.3   0.0    21    53   129   161   120   175 0.91 -
5362_g               -           1450 12125at5794          -            246   8.6e-60  202.1   1.1   2   6   7.4e-12   1.5e-08   34.3   0.0    52    94   216   264   208   271 0.77 -
5362_g               -           1450 12125at5794          -            246   8.6e-60  202.1   1.1   3   6    0.0022       4.3    6.5   0.0    92   107   301   316   299   332 0.86 -
5362_g               -           1450 12125at5794          -            246   8.6e-60  202.1   1.1   4   6     1e-14   2.1e-11   43.6   0.0   114   163   399   451   391   454 0.93 -
5362_g               -           1450 12125at5794          -            246   8.6e-60  202.1   1.1   5   6   1.5e-19     3e-16   59.5   0.0   163   202   525   564   518   569 0.94 -
5362_g               -           1450 12125at5794          -            246   8.6e-60  202.1   1.1   6   6   0.00014      0.27   10.5   0.0   202   237   627   674   613   681 0.69 -
4607_g               -           2221 12125at5794          -            246   8.1e-30  103.9   0.0   1   2   1.6e-06    0.0032   16.8   0.0     9    38   255   284   251   307 0.83 -
4607_g               -           2221 12125at5794          -            246   8.1e-30  103.9   0.0   2   2   2.3e-26   4.6e-23   81.8   0.0    56   203   371   539   363   541 0.85 -
5079_g               -           2221 12125at5794          -            246   8.1e-30  103.9   0.0   1   2   1.6e-06    0.0032   16.8   0.0     9    38   255   284   251   307 0.83 -
5079_g               -           2221 12125at5794          -            246   8.1e-30  103.9   0.0   2   2   2.3e-26   4.6e-23   81.8   0.0    56   203   371   539   363   541 0.85 -
13635_g              -           1379 12125at5794          -            246   3.5e-09   36.3   0.0   1   3     0.036        71    2.6   0.0     9    35   879   905   875   930 0.87 -
13635_g              -           1379 12125at5794          -            246   3.5e-09   36.3   0.0   2   3      0.96   1.9e+03   -2.1   0.0    60    91  1022  1057  1011  1064 0.69 -
13635_g              -           1379 12125at5794          -            246   3.5e-09   36.3   0.0   3   3   1.3e-10   2.5e-07   30.2   0.0   106   204  1104  1209  1098  1230 0.84 -
9028_g               -           1379 12125at5794          -            246   3.5e-09   36.3   0.0   1   3     0.036        71    2.6   0.0     9    35   879   905   875   930 0.87 -
9028_g               -           1379 12125at5794          -            246   3.5e-09   36.3   0.0   2   3      0.96   1.9e+03   -2.1   0.0    60    91  1022  1057  1011  1064 0.69 -
9028_g               -           1379 12125at5794          -            246   3.5e-09   36.3   0.0   3   3   1.3e-10   2.5e-07   30.2   0.0   106   204  1104  1209  1098  1230 0.84 -
2574_g               -            799 12125at5794          -            246     0.065   12.5   0.0   1   1   6.4e-05      0.13   11.6   0.0    53    92   434   475   424   484 0.82 -
3255_g               -            799 12125at5794          -            246     0.065   12.5   0.0   1   1   6.4e-05      0.13   11.6   0.0    53    92   434   475   424   484 0.82 -
#
# Program:         hmmsearch
# Version:         3.1b2 (February 2015)
# Pipeline mode:   SEARCH
# Query file:      /mnt/e/Bioinformatics/Semester2/BINP29/Malaria Project/Genomes/Parsed/busco_downloads/lineages/apicomplexa_odb10/hmms/12125at5794.hmm
# Target file:     /mnt/e/Bioinformatics/Semester2/BINP29/Malaria Project/Genomes/Parsed/Tg_new.faa
# Option settings: hmmsearch --domtblout /mnt/e/Bioinformatics/Semester2/BINP29/Malaria Project/Genomes/Parsed/Tg/run_apicomplexa_odb10/hmmer_output/initial_run_results/12125at5794.out --cpu 1 /mnt/e/Bioinformatics/Semester2/BINP29/Malaria Project/Genomes/Parsed/busco_downloads/lineages/apicomplexa_odb10/hmms/12125at5794.hmm /mnt/e/Bioinformatics/Semester2/BINP29/Malaria Project/Genomes/Parsed/Tg_new.faa 
# Current dir:     /mnt/e/Bioinformatics/Semester2/BINP29/Malaria Project/Genomes/Parsed
# Date:            Wed Mar  1 19:34:22 2023
# [ok]
