#                                                                            --- full sequence --- -------------- this domain -------------   hmm coord   ali coord   env coord
# target name        accession   tlen query name           accession   qlen   E-value  score  bias   #  of  c-Evalue  i-Evalue  score  bias  from    to  from    to  from    to  acc description of target
#------------------- ---------- ----- -------------------- ---------- ----- --------- ------ ----- --- --- --------- --------- ------ ----- ----- ----- ----- ----- ----- ----- ---- ---------------------
10530_g              -            803 12351at5794          -            344  4.1e-173  575.0   6.4   1   4   4.3e-10   1.1e-07   31.0   0.0    39    69   190   224   180   232 0.86 -
10530_g              -            803 12351at5794          -            344  4.1e-173  575.0   6.4   2   4   5.6e-28   1.5e-25   89.8   0.1    69   121   322   374   313   377 0.96 -
10530_g              -            803 12351at5794          -            344  4.1e-173  575.0   6.4   3   4   1.5e-09     4e-07   29.2   0.0   114   140   495   521   491   526 0.92 -
10530_g              -            803 12351at5794          -            344  4.1e-173  575.0   6.4   4   4  4.8e-130  1.3e-127  425.4   0.3   138   344   582   800   572   800 0.95 -
11327_g              -            803 12351at5794          -            344  4.1e-173  575.0   6.4   1   4   4.3e-10   1.1e-07   31.0   0.0    39    69   190   224   180   232 0.86 -
11327_g              -            803 12351at5794          -            344  4.1e-173  575.0   6.4   2   4   5.6e-28   1.5e-25   89.8   0.1    69   121   322   374   313   377 0.96 -
11327_g              -            803 12351at5794          -            344  4.1e-173  575.0   6.4   3   4   1.5e-09     4e-07   29.2   0.0   114   140   495   521   491   526 0.92 -
11327_g              -            803 12351at5794          -            344  4.1e-173  575.0   6.4   4   4  4.8e-130  1.3e-127  425.4   0.3   138   344   582   800   572   800 0.95 -
7100_g               -           1465 12351at5794          -            344  2.2e-100  335.9   0.3   1   3   4.6e-54   1.2e-51  175.6   0.3   109   323   732   950   716   965 0.87 -
7100_g               -           1465 12351at5794          -            344  2.2e-100  335.9   0.3   2   3   3.6e-48   9.4e-46  156.2   0.0    96   277   992  1174   986  1190 0.93 -
7100_g               -           1465 12351at5794          -            344  2.2e-100  335.9   0.3   3   3       1.7   4.6e+02   -0.6   0.0   293   321  1257  1285  1244  1292 0.81 -
7816_g               -           1465 12351at5794          -            344  2.2e-100  335.9   0.3   1   3   4.6e-54   1.2e-51  175.6   0.3   109   323   732   950   716   965 0.87 -
7816_g               -           1465 12351at5794          -            344  2.2e-100  335.9   0.3   2   3   3.6e-48   9.4e-46  156.2   0.0    96   277   992  1174   986  1190 0.93 -
7816_g               -           1465 12351at5794          -            344  2.2e-100  335.9   0.3   3   3       1.7   4.6e+02   -0.6   0.0   293   321  1257  1285  1244  1292 0.81 -
2557_g               -            715 12351at5794          -            344   1.2e-85  287.5   3.8   1   3   2.1e-07   5.6e-05   22.1   0.0    62   115   302   355   276   361 0.87 -
2557_g               -            715 12351at5794          -            344   1.2e-85  287.5   3.8   2   3   2.7e-11   7.2e-09   34.9   0.0   116   154   383   422   377   440 0.84 -
2557_g               -            715 12351at5794          -            344   1.2e-85  287.5   3.8   3   3   1.8e-70   4.8e-68  229.5   0.8   141   330   496   693   488   704 0.92 -
3238_g               -            715 12351at5794          -            344   1.2e-85  287.5   3.8   1   3   2.1e-07   5.6e-05   22.1   0.0    62   115   302   355   276   361 0.87 -
3238_g               -            715 12351at5794          -            344   1.2e-85  287.5   3.8   2   3   2.7e-11   7.2e-09   34.9   0.0   116   154   383   422   377   440 0.84 -
3238_g               -            715 12351at5794          -            344   1.2e-85  287.5   3.8   3   3   1.8e-70   4.8e-68  229.5   0.8   141   330   496   693   488   704 0.92 -
13644_g              -            416 12351at5794          -            344   1.6e-80  270.6   3.0   1   1     7e-81   1.8e-78  263.8   3.0    63   333   101   397    31   413 0.85 -
9019_g               -            416 12351at5794          -            344   1.6e-80  270.6   3.0   1   1     7e-81   1.8e-78  263.8   3.0    63   333   101   397    31   413 0.85 -
5781_g               -           3160 12351at5794          -            344     2e-77  260.4   2.0   1   3   1.8e-11   4.8e-09   35.5   0.0    69   143   296   371   289   389 0.89 -
5781_g               -           3160 12351at5794          -            344     2e-77  260.4   2.0   2   3   2.3e-44     6e-42  143.7   0.0   137   248   423   533   405   541 0.92 -
5781_g               -           3160 12351at5794          -            344     2e-77  260.4   2.0   3   3   2.4e-24   6.4e-22   77.9   0.3   242   335   594   695   582   699 0.87 -
6468_g               -           6760 12351at5794          -            344     3e-76  256.5   2.1   1   3   4.1e-11   1.1e-08   34.4   0.0    69   143   296   371   290   389 0.89 -
6468_g               -           6760 12351at5794          -            344     3e-76  256.5   2.1   2   3   5.2e-44   1.4e-41  142.5   0.0   137   248   423   533   405   541 0.92 -
6468_g               -           6760 12351at5794          -            344     3e-76  256.5   2.1   3   3   5.5e-24   1.5e-21   76.7   0.3   242   335   594   695   582   699 0.87 -
6759_g               -           1005 12351at5794          -            344   3.2e-75  253.1   0.1   1   3   2.3e-24   6.1e-22   77.9   0.0    63   163   542   644   509   667 0.89 -
6759_g               -           1005 12351at5794          -            344   3.2e-75  253.1   0.1   2   3   9.4e-18   2.5e-15   56.2   0.0   148   213   710   786   703   801 0.89 -
6759_g               -           1005 12351at5794          -            344   3.2e-75  253.1   0.1   3   3   1.5e-35   3.9e-33  114.8   0.2   211   336   857   990   852   997 0.89 -
8153_g               -           1953 12351at5794          -            344   3.9e-74  249.6   0.1   1   3   5.5e-24   1.5e-21   76.7   0.0    63   163  1490  1592  1460  1615 0.89 -
8153_g               -           1953 12351at5794          -            344   3.9e-74  249.6   0.1   2   3   2.1e-17   5.6e-15   55.1   0.0   148   213  1658  1734  1651  1749 0.89 -
8153_g               -           1953 12351at5794          -            344   3.9e-74  249.6   0.1   3   3   3.5e-35   9.2e-33  113.5   0.2   211   336  1805  1938  1800  1945 0.89 -
13183_g              -           1307 12351at5794          -            344   1.3e-71  241.2   0.4   1   5   4.5e-15   1.2e-12   47.4   0.0    88   163   405   482   398   494 0.87 -
13183_g              -           1307 12351at5794          -            344   1.3e-71  241.2   0.4   2   5      0.51   1.4e+02    1.2   0.0   199   216   651   668   644   674 0.87 -
13183_g              -           1307 12351at5794          -            344   1.3e-71  241.2   0.4   3   5   3.5e-11   9.3e-09   34.6   0.0   225   277   725   777   722   830 0.71 -
13183_g              -           1307 12351at5794          -            344   1.3e-71  241.2   0.4   4   5   3.9e-44     1e-41  143.0   0.0    97   279   894  1075   883  1109 0.87 -
13183_g              -           1307 12351at5794          -            344   1.3e-71  241.2   0.4   5   5    0.0043       1.2    8.0   0.1   289   327  1186  1224  1175  1231 0.85 -
9483_g               -           1307 12351at5794          -            344   1.3e-71  241.2   0.4   1   5   4.5e-15   1.2e-12   47.4   0.0    88   163   405   482   398   494 0.87 -
9483_g               -           1307 12351at5794          -            344   1.3e-71  241.2   0.4   2   5      0.51   1.4e+02    1.2   0.0   199   216   651   668   644   674 0.87 -
9483_g               -           1307 12351at5794          -            344   1.3e-71  241.2   0.4   3   5   3.5e-11   9.3e-09   34.6   0.0   225   277   725   777   722   830 0.71 -
9483_g               -           1307 12351at5794          -            344   1.3e-71  241.2   0.4   4   5   3.9e-44     1e-41  143.0   0.0    97   279   894  1075   883  1109 0.87 -
9483_g               -           1307 12351at5794          -            344   1.3e-71  241.2   0.4   5   5    0.0043       1.2    8.0   0.1   289   327  1186  1224  1175  1231 0.85 -
11275_g              -           1181 12351at5794          -            344   6.3e-71  239.0   0.8   1   4      0.33        88    1.8   0.0    64    98   460   494   441   497 0.89 -
11275_g              -           1181 12351at5794          -            344   6.3e-71  239.0   0.8   2   4   1.2e-44   3.1e-42  144.7   0.0    97   229   578   714   566   718 0.93 -
11275_g              -           1181 12351at5794          -            344   6.3e-71  239.0   0.8   3   4     8e-19   2.1e-16   59.7   0.0   225   303   794   875   781   890 0.85 -
11275_g              -           1181 12351at5794          -            344   6.3e-71  239.0   0.8   4   4     4e-09   1.1e-06   27.8   0.1   276   336   947  1011   937  1019 0.86 -
12072_g              -           1181 12351at5794          -            344   6.3e-71  239.0   0.8   1   4      0.33        88    1.8   0.0    64    98   460   494   441   497 0.89 -
12072_g              -           1181 12351at5794          -            344   6.3e-71  239.0   0.8   2   4   1.2e-44   3.1e-42  144.7   0.0    97   229   578   714   566   718 0.93 -
12072_g              -           1181 12351at5794          -            344   6.3e-71  239.0   0.8   3   4     8e-19   2.1e-16   59.7   0.0   225   303   794   875   781   890 0.85 -
12072_g              -           1181 12351at5794          -            344   6.3e-71  239.0   0.8   4   4     4e-09   1.1e-06   27.8   0.1   276   336   947  1011   937  1019 0.86 -
6809_g               -           1364 12351at5794          -            344   4.1e-55  187.0   0.0   1   4    0.0027      0.72    8.6   0.0   134   160   478   504   473   519 0.90 -
6809_g               -           1364 12351at5794          -            344   4.1e-55  187.0   0.0   2   4   9.8e-08   2.6e-05   23.2   0.0   182   276   577   680   548   692 0.78 -
6809_g               -           1364 12351at5794          -            344   4.1e-55  187.0   0.0   3   4   8.9e-43   2.4e-40  138.5   0.0    98   278   975  1160   965  1183 0.89 -
6809_g               -           1364 12351at5794          -            344   4.1e-55  187.0   0.0   4   4   0.00052      0.14   11.0   0.0   289   321  1205  1237  1191  1248 0.84 -
8103_g               -           1364 12351at5794          -            344   4.1e-55  187.0   0.0   1   4    0.0027      0.72    8.6   0.0   134   160   478   504   473   519 0.90 -
8103_g               -           1364 12351at5794          -            344   4.1e-55  187.0   0.0   2   4   9.8e-08   2.6e-05   23.2   0.0   182   276   577   680   548   692 0.78 -
8103_g               -           1364 12351at5794          -            344   4.1e-55  187.0   0.0   3   4   8.9e-43   2.4e-40  138.5   0.0    98   278   975  1160   965  1183 0.89 -
8103_g               -           1364 12351at5794          -            344   4.1e-55  187.0   0.0   4   4   0.00052      0.14   11.0   0.0   289   321  1205  1237  1191  1248 0.84 -
4909_g               -           1593 12351at5794          -            344   3.3e-49  167.6   0.1   1   1   2.1e-51   5.6e-49  166.8   0.1    90   324   731   969   723   984 0.87 -
5381_g               -           1593 12351at5794          -            344   3.3e-49  167.6   0.1   1   1   2.1e-51   5.6e-49  166.8   0.1    90   324   731   969   723   984 0.87 -
557_g                -            488 12351at5794          -            344   3.5e-48  164.2   0.1   1   2         1   2.7e+02    0.2   0.0    98   120    22    44    15    66 0.84 -
557_g                -            488 12351at5794          -            344   3.5e-48  164.2   0.1   2   2     1e-49   2.7e-47  161.3   0.0   122   322    97   303    93   310 0.92 -
616_g                -            488 12351at5794          -            344   3.5e-48  164.2   0.1   1   2         1   2.7e+02    0.2   0.0    98   120    22    44    15    66 0.84 -
616_g                -            488 12351at5794          -            344   3.5e-48  164.2   0.1   2   2     1e-49   2.7e-47  161.3   0.0   122   322    97   303    93   310 0.92 -
5875_g               -           1652 12351at5794          -            344   2.1e-46  158.4   0.0   1   2   2.5e-48   6.7e-46  156.7   0.0   103   287   987  1179   980  1195 0.88 -
5875_g               -           1652 12351at5794          -            344   2.1e-46  158.4   0.0   2   2         6   1.6e+03   -2.3   0.0   294   322  1304  1332  1297  1337 0.88 -
6375_g               -           1652 12351at5794          -            344   2.1e-46  158.4   0.0   1   2   2.5e-48   6.7e-46  156.7   0.0   103   287   987  1179   980  1195 0.88 -
6375_g               -           1652 12351at5794          -            344   2.1e-46  158.4   0.0   2   2         6   1.6e+03   -2.3   0.0   294   322  1304  1332  1297  1337 0.88 -
558_g                -            900 12351at5794          -            344   1.9e-41  142.1   0.2   1   2      0.53   1.4e+02    1.1   0.0   102   130   452   481   443   490 0.70 -
558_g                -            900 12351at5794          -            344   1.9e-41  142.1   0.2   2   2   8.6e-43   2.3e-40  138.5   0.1   131   324   606   811   594   821 0.90 -
615_g                -            900 12351at5794          -            344   1.9e-41  142.1   0.2   1   2      0.53   1.4e+02    1.1   0.0   102   130   452   481   443   490 0.70 -
615_g                -            900 12351at5794          -            344   1.9e-41  142.1   0.2   2   2   8.6e-43   2.3e-40  138.5   0.1   131   324   606   811   594   821 0.90 -
10555_g              -           1552 12351at5794          -            344   2.5e-39  135.1   0.1   1   2   8.1e-07   0.00022   20.2   0.0   101   160   805   865   792   874 0.85 -
10555_g              -           1552 12351at5794          -            344   2.5e-39  135.1   0.1   2   2   6.5e-35   1.7e-32  112.6   0.0   145   311   902  1071   893  1086 0.90 -
11352_g              -           1552 12351at5794          -            344   2.5e-39  135.1   0.1   1   2   8.1e-07   0.00022   20.2   0.0   101   160   805   865   792   874 0.85 -
11352_g              -           1552 12351at5794          -            344   2.5e-39  135.1   0.1   2   2   6.5e-35   1.7e-32  112.6   0.0   145   311   902  1071   893  1086 0.90 -
4577_g               -            325 12351at5794          -            344   5.7e-37  127.4   0.0   1   2   5.3e-28   1.4e-25   89.9   0.0   101   240    27   164     5   172 0.88 -
4577_g               -            325 12351at5794          -            344   5.7e-37  127.4   0.0   2   2   1.7e-11   4.6e-09   35.6   0.0   242   323   185   270   173   285 0.84 -
8592_g               -            325 12351at5794          -            344   5.7e-37  127.4   0.0   1   2   5.3e-28   1.4e-25   89.9   0.0   101   240    27   164     5   172 0.88 -
8592_g               -            325 12351at5794          -            344   5.7e-37  127.4   0.0   2   2   1.7e-11   4.6e-09   35.6   0.0   242   323   185   270   173   285 0.84 -
2000_g               -            782 12351at5794          -            344   4.3e-26   91.6   0.2   1   3   5.9e-21   1.6e-18   66.7   0.0   140   288   260   432   256   456 0.76 -
2000_g               -            782 12351at5794          -            344   4.3e-26   91.6   0.2   2   3      0.35        93    1.7   0.0   285   324   470   509   442   523 0.84 -
2000_g               -            782 12351at5794          -            344   4.3e-26   91.6   0.2   3   3   2.4e-06   0.00065   18.7   0.0   140   206   587   654   582   661 0.74 -
2259_g               -            782 12351at5794          -            344   4.3e-26   91.6   0.2   1   3   5.9e-21   1.6e-18   66.7   0.0   140   288   260   432   256   456 0.76 -
2259_g               -            782 12351at5794          -            344   4.3e-26   91.6   0.2   2   3      0.35        93    1.7   0.0   285   324   470   509   442   523 0.84 -
2259_g               -            782 12351at5794          -            344   4.3e-26   91.6   0.2   3   3   2.4e-06   0.00065   18.7   0.0   140   206   587   654   582   661 0.74 -
10908_g              -           4019 12351at5794          -            344   6.6e-21   74.5   0.0   1   2   1.4e-22   3.6e-20   72.1   0.0   105   272  1561  1752  1553  1767 0.77 -
10908_g              -           4019 12351at5794          -            344   6.6e-21   74.5   0.0   2   2       1.9   4.9e+02   -0.7   0.0   296   323  1847  1874  1840  1881 0.85 -
11705_g              -           4019 12351at5794          -            344   6.6e-21   74.5   0.0   1   2   1.4e-22   3.6e-20   72.1   0.0   105   272  1561  1752  1553  1767 0.77 -
11705_g              -           4019 12351at5794          -            344   6.6e-21   74.5   0.0   2   2       1.9   4.9e+02   -0.7   0.0   296   323  1847  1874  1840  1881 0.85 -
1282_g               -            660 12351at5794          -            344   6.3e-20   71.3   0.0   1   2   1.2e-05    0.0031   16.4   0.0   103   160   303   360   294   377 0.87 -
1282_g               -            660 12351at5794          -            344   6.3e-20   71.3   0.0   2   2   1.1e-16     3e-14   52.6   0.1   149   226   479   555   474   562 0.89 -
1358_g               -            660 12351at5794          -            344   6.3e-20   71.3   0.0   1   2   1.2e-05    0.0031   16.4   0.0   103   160   303   360   294   377 0.87 -
1358_g               -            660 12351at5794          -            344   6.3e-20   71.3   0.0   2   2   1.1e-16     3e-14   52.6   0.1   149   226   479   555   474   562 0.89 -
2071_g               -           1143 12351at5794          -            344   1.8e-12   46.8   0.0   1   1   1.1e-14     3e-12   46.1   0.0    84   277   541   752   530   799 0.71 -
2188_g               -           1143 12351at5794          -            344   1.8e-12   46.8   0.0   1   1   1.1e-14     3e-12   46.1   0.0    84   277   541   752   530   799 0.71 -
12453_g              -           1188 12351at5794          -            344   9.7e-12   44.4   0.0   1   2   0.00016     0.041   12.7   0.0   102   153   666   717   653   724 0.77 -
12453_g              -           1188 12351at5794          -            344   9.7e-12   44.4   0.0   2   2   1.6e-09   4.2e-07   29.2   0.0   145   227   890   972   882   978 0.87 -
10068_g              -           1171 12351at5794          -            344   9.8e-12   44.4   0.0   1   2   0.00015     0.041   12.8   0.0   102   153   649   700   636   707 0.77 -
10068_g              -           1171 12351at5794          -            344   9.8e-12   44.4   0.0   2   2   1.5e-09   4.1e-07   29.2   0.0   145   227   873   955   865   961 0.87 -
1281_g               -            381 12351at5794          -            344   2.6e-11   43.0   0.2   1   2       2.3   6.1e+02   -1.0   0.0   221   239    72    90    61    93 0.80 -
1281_g               -            381 12351at5794          -            344   2.6e-11   43.0   0.2   2   2   3.5e-13   9.3e-11   41.2   0.0   244   333   175   272   164   283 0.82 -
1359_g               -            381 12351at5794          -            344   2.6e-11   43.0   0.2   1   2       2.3   6.1e+02   -1.0   0.0   221   239    72    90    61    93 0.80 -
1359_g               -            381 12351at5794          -            344   2.6e-11   43.0   0.2   2   2   3.5e-13   9.3e-11   41.2   0.0   244   333   175   272   164   283 0.82 -
12708_g              -             64 12351at5794          -            344   1.4e-09   37.3   0.0   1   1   5.3e-12   1.4e-09   37.3   0.0   224   268    12    56     1    61 0.87 -
9815_g               -             64 12351at5794          -            344   1.4e-09   37.3   0.0   1   1   5.3e-12   1.4e-09   37.3   0.0   224   268    12    56     1    61 0.87 -
4487_g               -            861 12351at5794          -            344   4.7e-08   32.3   0.0   1   1   5.1e-10   1.4e-07   30.8   0.0   115   273   427   588   411   597 0.71 -
8502_g               -            861 12351at5794          -            344   4.7e-08   32.3   0.0   1   1   5.1e-10   1.4e-07   30.8   0.0   115   273   427   588   411   597 0.71 -
2093_g               -           1073 12351at5794          -            344   1.4e-07   30.8   0.1   1   2   9.3e-07   0.00025   20.0   0.0   137   205   257   328   221   335 0.82 -
2093_g               -           1073 12351at5794          -            344   1.4e-07   30.8   0.1   2   2    0.0037      0.99    8.2   0.1   198   249   628   680   611   698 0.81 -
2168_g               -           1073 12351at5794          -            344   1.4e-07   30.8   0.1   1   2   9.3e-07   0.00025   20.0   0.0   137   205   257   328   221   335 0.82 -
2168_g               -           1073 12351at5794          -            344   1.4e-07   30.8   0.1   2   2    0.0037      0.99    8.2   0.1   198   249   628   680   611   698 0.81 -
13241_g              -            739 12351at5794          -            344   3.8e-07   29.3   0.0   1   2   5.5e-09   1.5e-06   27.4   0.0   135   265   399   527   366   540 0.79 -
13241_g              -            739 12351at5794          -            344   3.8e-07   29.3   0.0   2   2       4.9   1.3e+03   -2.1   0.0   285   313   648   681   637   690 0.71 -
9426_g               -            739 12351at5794          -            344   3.8e-07   29.3   0.0   1   2   5.5e-09   1.5e-06   27.4   0.0   135   265   399   527   366   540 0.79 -
9426_g               -            739 12351at5794          -            344   3.8e-07   29.3   0.0   2   2       4.9   1.3e+03   -2.1   0.0   285   313   648   681   637   690 0.71 -
10324_g              -            727 12351at5794          -            344   9.3e-07   28.0   0.0   1   2   3.4e-06    0.0009   18.2   0.0   184   213   172   202   159   219 0.79 -
10324_g              -            727 12351at5794          -            344   9.3e-07   28.0   0.0   2   2    0.0061       1.6    7.5   0.0   265   323   353   418   345   432 0.73 -
12201_g              -            727 12351at5794          -            344   9.3e-07   28.0   0.0   1   2   3.4e-06    0.0009   18.2   0.0   184   213   172   202   159   219 0.79 -
12201_g              -            727 12351at5794          -            344   9.3e-07   28.0   0.0   2   2    0.0061       1.6    7.5   0.0   265   323   353   418   345   432 0.73 -
1085_g               -            367 12351at5794          -            344   4.5e-05   22.5   0.0   1   1   2.8e-07   7.4e-05   21.8   0.0   147   209   115   177   109   187 0.93 -
1553_g               -            367 12351at5794          -            344   4.5e-05   22.5   0.0   1   1   2.8e-07   7.4e-05   21.8   0.0   147   209   115   177   109   187 0.93 -
12200_g              -            166 12351at5794          -            344   0.00039   19.4   0.1   1   1     2e-06   0.00052   19.0   0.1   145   168    64    87    57    96 0.90 -
2852_g               -           1142 12351at5794          -            344   0.00074   18.5   0.0   1   2   0.00063      0.17   10.7   0.0   137   168   535   566   524   572 0.92 -
2852_g               -           1142 12351at5794          -            344   0.00074   18.5   0.0   2   2     0.027       7.3    5.3   0.0   197   233   966  1005   934  1057 0.77 -
3533_g               -           1142 12351at5794          -            344   0.00074   18.5   0.0   1   2   0.00063      0.17   10.7   0.0   137   168   535   566   524   572 0.92 -
3533_g               -           1142 12351at5794          -            344   0.00074   18.5   0.0   2   2     0.027       7.3    5.3   0.0   197   233   966  1005   934  1057 0.77 -
10325_g              -            443 12351at5794          -            344    0.0014   17.6   0.2   1   1   7.9e-06    0.0021   17.0   0.2   145   168   341   364   334   372 0.90 -
7300_g               -           2165 12351at5794          -            344     0.073   11.9   0.0   1   1   0.00044      0.12   11.3   0.0   136   189  1618  1668  1587  1674 0.61 -
7620_g               -           2165 12351at5794          -            344     0.073   11.9   0.0   1   1   0.00044      0.12   11.3   0.0   136   189  1618  1668  1587  1674 0.61 -
#
# Program:         hmmsearch
# Version:         3.1b2 (February 2015)
# Pipeline mode:   SEARCH
# Query file:      /mnt/e/Bioinformatics/Semester2/BINP29/Malaria Project/Genomes/Parsed/busco_downloads/lineages/apicomplexa_odb10/hmms/12351at5794.hmm
# Target file:     /mnt/e/Bioinformatics/Semester2/BINP29/Malaria Project/Genomes/Parsed/Tg_new.faa
# Option settings: hmmsearch --domtblout /mnt/e/Bioinformatics/Semester2/BINP29/Malaria Project/Genomes/Parsed/Tg/run_apicomplexa_odb10/hmmer_output/initial_run_results/12351at5794.out --cpu 1 /mnt/e/Bioinformatics/Semester2/BINP29/Malaria Project/Genomes/Parsed/busco_downloads/lineages/apicomplexa_odb10/hmms/12351at5794.hmm /mnt/e/Bioinformatics/Semester2/BINP29/Malaria Project/Genomes/Parsed/Tg_new.faa 
# Current dir:     /mnt/e/Bioinformatics/Semester2/BINP29/Malaria Project/Genomes/Parsed
# Date:            Wed Mar  1 19:34:22 2023
# [ok]
