#                                                                            --- full sequence --- -------------- this domain -------------   hmm coord   ali coord   env coord
# target name        accession   tlen query name           accession   qlen   E-value  score  bias   #  of  c-Evalue  i-Evalue  score  bias  from    to  from    to  from    to  acc description of target
#------------------- ---------- ----- -------------------- ---------- ----- --------- ------ ----- --- --- --------- --------- ------ ----- ----- ----- ----- ----- ----- ----- ---- ---------------------
4658_g               -            907 12440at5794          -            363  4.8e-150  499.8  10.5   1   4   7.5e-28     3e-24   85.9   0.1    72   120    38    86    29    95 0.93 -
4658_g               -            907 12440at5794          -            363  4.8e-150  499.8  10.5   2   4   6.1e-47   2.4e-43  148.7   0.0   124   208   422   509   408   513 0.93 -
4658_g               -            907 12440at5794          -            363  4.8e-150  499.8  10.5   3   4   1.6e-60   6.4e-57  193.4   0.5   205   327   652   776   642   790 0.94 -
4658_g               -            907 12440at5794          -            363  4.8e-150  499.8  10.5   4   4   8.7e-25   3.5e-21   75.8   0.3   312   363   797   851   789   851 0.88 -
5130_g               -            907 12440at5794          -            363  4.8e-150  499.8  10.5   1   4   7.5e-28     3e-24   85.9   0.1    72   120    38    86    29    95 0.93 -
5130_g               -            907 12440at5794          -            363  4.8e-150  499.8  10.5   2   4   6.1e-47   2.4e-43  148.7   0.0   124   208   422   509   408   513 0.93 -
5130_g               -            907 12440at5794          -            363  4.8e-150  499.8  10.5   3   4   1.6e-60   6.4e-57  193.4   0.5   205   327   652   776   642   790 0.94 -
5130_g               -            907 12440at5794          -            363  4.8e-150  499.8  10.5   4   4   8.7e-25   3.5e-21   75.8   0.3   312   363   797   851   789   851 0.88 -
4660_g               -            413 12440at5794          -            363   0.00096   18.5   0.2   1   1   3.1e-07    0.0012   18.1   0.2     1    21   392   412   392   412 0.97 -
5132_g               -            413 12440at5794          -            363   0.00096   18.5   0.2   1   1   3.1e-07    0.0012   18.1   0.2     1    21   392   412   392   412 0.97 -
#
# Program:         hmmsearch
# Version:         3.1b2 (February 2015)
# Pipeline mode:   SEARCH
# Query file:      /mnt/e/Bioinformatics/Semester2/BINP29/Malaria Project/Genomes/Parsed/busco_downloads/lineages/apicomplexa_odb10/hmms/12440at5794.hmm
# Target file:     /mnt/e/Bioinformatics/Semester2/BINP29/Malaria Project/Genomes/Parsed/Tg_new.faa
# Option settings: hmmsearch --domtblout /mnt/e/Bioinformatics/Semester2/BINP29/Malaria Project/Genomes/Parsed/Tg/run_apicomplexa_odb10/hmmer_output/initial_run_results/12440at5794.out --cpu 1 /mnt/e/Bioinformatics/Semester2/BINP29/Malaria Project/Genomes/Parsed/busco_downloads/lineages/apicomplexa_odb10/hmms/12440at5794.hmm /mnt/e/Bioinformatics/Semester2/BINP29/Malaria Project/Genomes/Parsed/Tg_new.faa 
# Current dir:     /mnt/e/Bioinformatics/Semester2/BINP29/Malaria Project/Genomes/Parsed
# Date:            Wed Mar  1 19:34:23 2023
# [ok]
