#                                                                            --- full sequence --- -------------- this domain -------------   hmm coord   ali coord   env coord
# target name        accession   tlen query name           accession   qlen   E-value  score  bias   #  of  c-Evalue  i-Evalue  score  bias  from    to  from    to  from    to  acc description of target
#------------------- ---------- ----- -------------------- ---------- ----- --------- ------ ----- --- --- --------- --------- ------ ----- ----- ----- ----- ----- ----- ----- ---- ---------------------
6847_g               -           1354 12644at5794          -            286   1.8e-91  306.1   3.8   1   6     6e-13     1e-10   41.1   0.2     1    29   253   281   253   285 0.93 -
6847_g               -           1354 12644at5794          -            286   1.8e-91  306.1   3.8   2   6   0.00023     0.039   12.9   0.0    18    48   349   379   340   393 0.76 -
6847_g               -           1354 12644at5794          -            286   1.8e-91  306.1   3.8   3   6   8.4e-37   1.4e-34  119.4   0.0    45   161   512   655   508   659 0.84 -
6847_g               -           1354 12644at5794          -            286   1.8e-91  306.1   3.8   4   6   2.4e-15     4e-13   49.0   0.0   149   211   941  1004   932  1017 0.83 -
6847_g               -           1354 12644at5794          -            286   1.8e-91  306.1   3.8   5   6       0.6     1e+02    1.7   0.0   200   232  1014  1051  1001  1060 0.73 -
6847_g               -           1354 12644at5794          -            286   1.8e-91  306.1   3.8   6   6   8.6e-24   1.4e-21   76.7   0.1   229   286  1182  1243  1177  1243 0.95 -
8067_g               -           1354 12644at5794          -            286   1.8e-91  306.1   3.8   1   6     6e-13     1e-10   41.1   0.2     1    29   253   281   253   285 0.93 -
8067_g               -           1354 12644at5794          -            286   1.8e-91  306.1   3.8   2   6   0.00023     0.039   12.9   0.0    18    48   349   379   340   393 0.76 -
8067_g               -           1354 12644at5794          -            286   1.8e-91  306.1   3.8   3   6   8.4e-37   1.4e-34  119.4   0.0    45   161   512   655   508   659 0.84 -
8067_g               -           1354 12644at5794          -            286   1.8e-91  306.1   3.8   4   6   2.4e-15     4e-13   49.0   0.0   149   211   941  1004   932  1017 0.83 -
8067_g               -           1354 12644at5794          -            286   1.8e-91  306.1   3.8   5   6       0.6     1e+02    1.7   0.0   200   232  1014  1051  1001  1060 0.73 -
8067_g               -           1354 12644at5794          -            286   1.8e-91  306.1   3.8   6   6   8.6e-24   1.4e-21   76.7   0.1   229   286  1182  1243  1177  1243 0.95 -
12917_g              -           1312 12644at5794          -            286   1.6e-20   73.3   3.1   1   5   5.1e-06   0.00085   18.4   0.0    52   117   546   607   540   610 0.82 -
12917_g              -           1312 12644at5794          -            286   1.6e-20   73.3   3.1   2   5     0.036       6.1    5.7   0.0    50    77   586   613   581   620 0.89 -
12917_g              -           1312 12644at5794          -            286   1.6e-20   73.3   3.1   3   5    0.0015      0.25   10.3   0.1    34    86   999  1050   992  1072 0.83 -
12917_g              -           1312 12644at5794          -            286   1.6e-20   73.3   3.1   4   5   3.2e-07   5.3e-05   22.3   0.1    49   128  1139  1215  1118  1218 0.81 -
12917_g              -           1312 12644at5794          -            286   1.6e-20   73.3   3.1   5   5    0.0015      0.26   10.2   0.0    53    81  1227  1255  1220  1267 0.89 -
9745_g               -           1312 12644at5794          -            286   1.6e-20   73.3   3.1   1   5   5.1e-06   0.00085   18.4   0.0    52   117   546   607   540   610 0.82 -
9745_g               -           1312 12644at5794          -            286   1.6e-20   73.3   3.1   2   5     0.036       6.1    5.7   0.0    50    77   586   613   581   620 0.89 -
9745_g               -           1312 12644at5794          -            286   1.6e-20   73.3   3.1   3   5    0.0015      0.25   10.3   0.1    34    86   999  1050   992  1072 0.83 -
9745_g               -           1312 12644at5794          -            286   1.6e-20   73.3   3.1   4   5   3.2e-07   5.3e-05   22.3   0.1    49   128  1139  1215  1118  1218 0.81 -
9745_g               -           1312 12644at5794          -            286   1.6e-20   73.3   3.1   5   5    0.0015      0.26   10.2   0.0    53    81  1227  1255  1220  1267 0.89 -
10432_g              -            385 12644at5794          -            286   4.7e-20   71.7   3.3   1   4    0.0066       1.1    8.2   0.0    52    86    93   127    86   137 0.78 -
10432_g              -            385 12644at5794          -            286   4.7e-20   71.7   3.3   2   4   1.7e-06   0.00028   20.0   0.0    50    96   133   179   129   196 0.86 -
10432_g              -            385 12644at5794          -            286   4.7e-20   71.7   3.3   3   4     3e-12   5.1e-10   38.8   0.2    12   130   179   295   176   298 0.83 -
10432_g              -            385 12644at5794          -            286   4.7e-20   71.7   3.3   4   4    0.0012      0.21   10.5   0.1    57   130   268   343   262   353 0.84 -
12827_g              -            385 12644at5794          -            286   4.7e-20   71.7   3.3   1   4    0.0066       1.1    8.2   0.0    52    86    93   127    86   137 0.78 -
12827_g              -            385 12644at5794          -            286   4.7e-20   71.7   3.3   2   4   1.7e-06   0.00028   20.0   0.0    50    96   133   179   129   196 0.86 -
12827_g              -            385 12644at5794          -            286   4.7e-20   71.7   3.3   3   4     3e-12   5.1e-10   38.8   0.2    12   130   179   295   176   298 0.83 -
12827_g              -            385 12644at5794          -            286   4.7e-20   71.7   3.3   4   4    0.0012      0.21   10.5   0.1    57   130   268   343   262   353 0.84 -
1903_g               -            660 12644at5794          -            286   1.1e-16   60.7   0.2   1   5   0.00018      0.03   13.3   0.0    28    89   371   430   350   443 0.83 -
1903_g               -            660 12644at5794          -            286   1.1e-16   60.7   0.2   2   5     0.066        11    4.9   0.0   148   197   455   500   433   503 0.63 -
1903_g               -            660 12644at5794          -            286   1.1e-16   60.7   0.2   3   5   2.4e-08     4e-06   26.0   0.0    29   100   501   570   491   575 0.89 -
1903_g               -            660 12644at5794          -            286   1.1e-16   60.7   0.2   4   5     0.015       2.5    7.0   0.0    59    88   581   610   576   618 0.86 -
1903_g               -            660 12644at5794          -            286   1.1e-16   60.7   0.2   5   5      0.19        31    3.4   0.0    52    90   619   657   610   659 0.70 -
2359_g               -            660 12644at5794          -            286   1.1e-16   60.7   0.2   1   5   0.00018      0.03   13.3   0.0    28    89   371   430   350   443 0.83 -
2359_g               -            660 12644at5794          -            286   1.1e-16   60.7   0.2   2   5     0.066        11    4.9   0.0   148   197   455   500   433   503 0.63 -
2359_g               -            660 12644at5794          -            286   1.1e-16   60.7   0.2   3   5   2.4e-08     4e-06   26.0   0.0    29   100   501   570   491   575 0.89 -
2359_g               -            660 12644at5794          -            286   1.1e-16   60.7   0.2   4   5     0.015       2.5    7.0   0.0    59    88   581   610   576   618 0.86 -
2359_g               -            660 12644at5794          -            286   1.1e-16   60.7   0.2   5   5      0.19        31    3.4   0.0    52    90   619   657   610   659 0.70 -
4491_g               -            712 12644at5794          -            286   1.1e-15   57.4   1.8   1   4     0.077        13    4.7   0.1    70    87   408   425   347   438 0.59 -
4491_g               -            712 12644at5794          -            286   1.1e-15   57.4   1.8   2   4     9e-06    0.0015   17.6   0.0    50    91   453   494   447   500 0.90 -
4491_g               -            712 12644at5794          -            286   1.1e-15   57.4   1.8   3   4   3.5e-05    0.0058   15.6   0.0    15    88   501   576   498   587 0.83 -
4491_g               -            712 12644at5794          -            286   1.1e-15   57.4   1.8   4   4   0.00012      0.02   13.9   0.0    30    87   634   689   625   697 0.89 -
8506_g               -            712 12644at5794          -            286   1.1e-15   57.4   1.8   1   4     0.077        13    4.7   0.1    70    87   408   425   347   438 0.59 -
8506_g               -            712 12644at5794          -            286   1.1e-15   57.4   1.8   2   4     9e-06    0.0015   17.6   0.0    50    91   453   494   447   500 0.90 -
8506_g               -            712 12644at5794          -            286   1.1e-15   57.4   1.8   3   4   3.5e-05    0.0058   15.6   0.0    15    88   501   576   498   587 0.83 -
8506_g               -            712 12644at5794          -            286   1.1e-15   57.4   1.8   4   4   0.00012      0.02   13.9   0.0    30    87   634   689   625   697 0.89 -
10137_g              -            930 12644at5794          -            286   5.9e-15   55.0   1.2   1   4   0.00023     0.039   12.9   0.0    44    88     4    48     2    54 0.91 -
10137_g              -            930 12644at5794          -            286   5.9e-15   55.0   1.2   2   4     0.024       4.1    6.3   0.0    47    86   170   209   165   226 0.85 -
10137_g              -            930 12644at5794          -            286   5.9e-15   55.0   1.2   3   4   6.8e-06    0.0011   18.0   0.0    56    97   366   407   351   415 0.86 -
10137_g              -            930 12644at5794          -            286   5.9e-15   55.0   1.2   4   4    0.0022      0.37    9.7   0.0    51   130   485   566   480   576 0.70 -
12384_g              -            930 12644at5794          -            286   5.9e-15   55.0   1.2   1   4   0.00023     0.039   12.9   0.0    44    88     4    48     2    54 0.91 -
12384_g              -            930 12644at5794          -            286   5.9e-15   55.0   1.2   2   4     0.024       4.1    6.3   0.0    47    86   170   209   165   226 0.85 -
12384_g              -            930 12644at5794          -            286   5.9e-15   55.0   1.2   3   4   6.8e-06    0.0011   18.0   0.0    56    97   366   407   351   415 0.86 -
12384_g              -            930 12644at5794          -            286   5.9e-15   55.0   1.2   4   4    0.0022      0.37    9.7   0.0    51   130   485   566   480   576 0.70 -
12555_g              -            763 12644at5794          -            286   9.5e-14   51.0   0.6   1   6   3.8e-05    0.0064   15.5   0.0    51    80   146   175   143   187 0.93 -
12555_g              -            763 12644at5794          -            286   9.5e-14   51.0   0.6   2   6     0.015       2.5    7.0   0.2   214   281   280   349   263   354 0.68 -
12555_g              -            763 12644at5794          -            286   9.5e-14   51.0   0.6   3   6      0.01       1.7    7.5   0.1    49    88   319   358   309   368 0.82 -
12555_g              -            763 12644at5794          -            286   9.5e-14   51.0   0.6   4   6     0.038       6.4    5.7   0.0   134   165   505   539   500   550 0.82 -
12555_g              -            763 12644at5794          -            286   9.5e-14   51.0   0.6   5   6     0.034       5.7    5.8   0.0    57    87   679   709   668   718 0.80 -
12555_g              -            763 12644at5794          -            286   9.5e-14   51.0   0.6   6   6     0.006         1    8.3   0.0    49    84   724   759   720   762 0.92 -
9966_g               -            763 12644at5794          -            286   9.5e-14   51.0   0.6   1   6   3.8e-05    0.0064   15.5   0.0    51    80   146   175   143   187 0.93 -
9966_g               -            763 12644at5794          -            286   9.5e-14   51.0   0.6   2   6     0.015       2.5    7.0   0.2   214   281   280   349   263   354 0.68 -
9966_g               -            763 12644at5794          -            286   9.5e-14   51.0   0.6   3   6      0.01       1.7    7.5   0.1    49    88   319   358   309   368 0.82 -
9966_g               -            763 12644at5794          -            286   9.5e-14   51.0   0.6   4   6     0.038       6.4    5.7   0.0   134   165   505   539   500   550 0.82 -
9966_g               -            763 12644at5794          -            286   9.5e-14   51.0   0.6   5   6     0.034       5.7    5.8   0.0    57    87   679   709   668   718 0.80 -
9966_g               -            763 12644at5794          -            286   9.5e-14   51.0   0.6   6   6     0.006         1    8.3   0.0    49    84   724   759   720   762 0.92 -
4334_g               -           1365 12644at5794          -            286   1.1e-13   50.8   0.6   1   2   2.2e-08   3.7e-06   26.1   0.1    13   169     9   171     4   175 0.67 -
4334_g               -           1365 12644at5794          -            286   1.1e-13   50.8   0.6   2   2   3.3e-07   5.5e-05   22.3   0.1    26    89   229   292   208   327 0.89 -
8274_g               -           1365 12644at5794          -            286   1.1e-13   50.8   0.6   1   2   2.2e-08   3.7e-06   26.1   0.1    13   169     9   171     4   175 0.67 -
8274_g               -           1365 12644at5794          -            286   1.1e-13   50.8   0.6   2   2   3.3e-07   5.5e-05   22.3   0.1    26    89   229   292   208   327 0.89 -
7315_g               -           1626 12644at5794          -            286   1.2e-10   40.8   0.6   1   3     0.061        10    5.0   0.0    53    90   352   390   342   396 0.78 -
7315_g               -           1626 12644at5794          -            286   1.2e-10   40.8   0.6   2   3   2.7e-07   4.5e-05   22.6   0.0    49    88   494   533   485   536 0.87 -
7315_g               -           1626 12644at5794          -            286   1.2e-10   40.8   0.6   3   3    0.0025      0.42    9.5   0.0    50    84   538   572   535   583 0.90 -
7604_g               -           1626 12644at5794          -            286   1.2e-10   40.8   0.6   1   3     0.061        10    5.0   0.0    53    90   352   390   342   396 0.78 -
7604_g               -           1626 12644at5794          -            286   1.2e-10   40.8   0.6   2   3   2.7e-07   4.5e-05   22.6   0.0    49    88   494   533   485   536 0.87 -
7604_g               -           1626 12644at5794          -            286   1.2e-10   40.8   0.6   3   3    0.0025      0.42    9.5   0.0    50    84   538   572   535   583 0.90 -
10695_g              -            901 12644at5794          -            286   1.3e-10   40.7   0.7   1   3   3.1e-06   0.00052   19.1   0.0    25    91   642   706   632   711 0.91 -
10695_g              -            901 12644at5794          -            286   1.3e-10   40.7   0.7   2   3   8.7e-08   1.5e-05   24.2   0.1    19   148   675   806   674   830 0.85 -
10695_g              -            901 12644at5794          -            286   1.3e-10   40.7   0.7   3   3      0.22        37    3.2   0.0    57    93   849   885   812   898 0.81 -
11492_g              -            901 12644at5794          -            286   1.3e-10   40.7   0.7   1   3   3.1e-06   0.00052   19.1   0.0    25    91   642   706   632   711 0.91 -
11492_g              -            901 12644at5794          -            286   1.3e-10   40.7   0.7   2   3   8.7e-08   1.5e-05   24.2   0.1    19   148   675   806   674   830 0.85 -
11492_g              -            901 12644at5794          -            286   1.3e-10   40.7   0.7   3   3      0.22        37    3.2   0.0    57    93   849   885   812   898 0.81 -
2907_g               -           1270 12644at5794          -            286   4.9e-09   35.6   0.3   1   4    0.0043      0.71    8.8   0.0    52    98   725   771   708   775 0.83 -
2907_g               -           1270 12644at5794          -            286   4.9e-09   35.6   0.3   2   4     1e-06   0.00017   20.7   0.1    53   168   776   897   773   902 0.76 -
2907_g               -           1270 12644at5794          -            286   4.9e-09   35.6   0.3   3   4     0.024       4.1    6.3   0.0    48    90   856   898   846   954 0.81 -
2907_g               -           1270 12644at5794          -            286   4.9e-09   35.6   0.3   4   4       5.4     9e+02   -1.4   0.0    65   102   973  1010   964  1027 0.81 -
3588_g               -           1270 12644at5794          -            286   4.9e-09   35.6   0.3   1   4    0.0043      0.71    8.8   0.0    52    98   725   771   708   775 0.83 -
3588_g               -           1270 12644at5794          -            286   4.9e-09   35.6   0.3   2   4     1e-06   0.00017   20.7   0.1    53   168   776   897   773   902 0.76 -
3588_g               -           1270 12644at5794          -            286   4.9e-09   35.6   0.3   3   4     0.024       4.1    6.3   0.0    48    90   856   898   846   954 0.81 -
3588_g               -           1270 12644at5794          -            286   4.9e-09   35.6   0.3   4   4       5.4     9e+02   -1.4   0.0    65   102   973  1010   964  1027 0.81 -
2645_g               -            951 12644at5794          -            286   9.9e-09   34.6   0.6   1   3   8.5e-06    0.0014   17.6   0.0    51   131   655   734   651   741 0.81 -
2645_g               -            951 12644at5794          -            286   9.9e-09   34.6   0.6   2   3    0.0025      0.41    9.6   0.0    55    86   787   818   774   861 0.90 -
2645_g               -            951 12644at5794          -            286   9.9e-09   34.6   0.6   3   3       0.2        34    3.3   0.1    64   116   886   934   864   950 0.64 -
3326_g               -            951 12644at5794          -            286   9.9e-09   34.6   0.6   1   3   8.5e-06    0.0014   17.6   0.0    51   131   655   734   651   741 0.81 -
3326_g               -            951 12644at5794          -            286   9.9e-09   34.6   0.6   2   3    0.0025      0.41    9.6   0.0    55    86   787   818   774   861 0.90 -
3326_g               -            951 12644at5794          -            286   9.9e-09   34.6   0.6   3   3       0.2        34    3.3   0.1    64   116   886   934   864   950 0.64 -
4983_g               -           1585 12644at5794          -            286   1.8e-08   33.7   0.0   1   3     3e-07     5e-05   22.4   0.0    26   129   936  1069   920  1074 0.65 -
4983_g               -           1585 12644at5794          -            286   1.8e-08   33.7   0.0   2   3      0.98   1.6e+02    1.0   0.0    70    90  1118  1138  1089  1152 0.75 -
4983_g               -           1585 12644at5794          -            286   1.8e-08   33.7   0.0   3   3     0.053       8.8    5.2   0.1    67   129  1173  1244  1119  1256 0.62 -
5455_g               -           1585 12644at5794          -            286   1.8e-08   33.7   0.0   1   3     3e-07     5e-05   22.4   0.0    26   129   936  1069   920  1074 0.65 -
5455_g               -           1585 12644at5794          -            286   1.8e-08   33.7   0.0   2   3      0.98   1.6e+02    1.0   0.0    70    90  1118  1138  1089  1152 0.75 -
5455_g               -           1585 12644at5794          -            286   1.8e-08   33.7   0.0   3   3     0.053       8.8    5.2   0.1    67   129  1173  1244  1119  1256 0.62 -
13216_g              -           1956 12644at5794          -            286   7.7e-08   31.6   1.0   1   3      0.89   1.5e+02    1.2   0.0   129   167   586   628   583   644 0.82 -
13216_g              -           1956 12644at5794          -            286   7.7e-08   31.6   1.0   2   3   3.7e-05    0.0062   15.5   0.0    53    90   650   689   646   698 0.88 -
13216_g              -           1956 12644at5794          -            286   7.7e-08   31.6   1.0   3   3    0.0018       0.3   10.0   0.1   222   281   994  1054   942  1058 0.70 -
9449_g               -           1956 12644at5794          -            286   7.7e-08   31.6   1.0   1   3      0.89   1.5e+02    1.2   0.0   129   167   586   628   583   644 0.82 -
9449_g               -           1956 12644at5794          -            286   7.7e-08   31.6   1.0   2   3   3.7e-05    0.0062   15.5   0.0    53    90   650   689   646   698 0.88 -
9449_g               -           1956 12644at5794          -            286   7.7e-08   31.6   1.0   3   3    0.0018       0.3   10.0   0.1   222   281   994  1054   942  1058 0.70 -
2855_g               -           1851 12644at5794          -            286   2.3e-07   30.1   0.1   1   3   0.00064      0.11   11.5   0.0    53   131  1521  1596  1514  1603 0.79 -
2855_g               -           1851 12644at5794          -            286   2.3e-07   30.1   0.1   2   3     0.011       1.8    7.4   0.0   104   165  1664  1734  1632  1744 0.64 -
2855_g               -           1851 12644at5794          -            286   2.3e-07   30.1   0.1   3   3     0.019       3.2    6.6   0.0    54    84  1807  1837  1786  1846 0.76 -
3536_g               -           1851 12644at5794          -            286   2.3e-07   30.1   0.1   1   3   0.00064      0.11   11.5   0.0    53   131  1521  1596  1514  1603 0.79 -
3536_g               -           1851 12644at5794          -            286   2.3e-07   30.1   0.1   2   3     0.011       1.8    7.4   0.0   104   165  1664  1734  1632  1744 0.64 -
3536_g               -           1851 12644at5794          -            286   2.3e-07   30.1   0.1   3   3     0.019       3.2    6.6   0.0    54    84  1807  1837  1786  1846 0.76 -
10633_g              -           2211 12644at5794          -            286   4.9e-07   29.0   0.1   1   3   0.00018      0.03   13.3   0.0    24    87   771   832   757   846 0.88 -
10633_g              -           2211 12644at5794          -            286   4.9e-07   29.0   0.1   2   3   0.00065      0.11   11.5   0.0    55    88  1249  1282  1242  1298 0.87 -
10633_g              -           2211 12644at5794          -            286   4.9e-07   29.0   0.1   3   3       7.9   1.3e+03   -1.9   0.0    69    87  1852  1870  1848  1880 0.76 -
11430_g              -           2211 12644at5794          -            286   4.9e-07   29.0   0.1   1   3   0.00018      0.03   13.3   0.0    24    87   771   832   757   846 0.88 -
11430_g              -           2211 12644at5794          -            286   4.9e-07   29.0   0.1   2   3   0.00065      0.11   11.5   0.0    55    88  1249  1282  1242  1298 0.87 -
11430_g              -           2211 12644at5794          -            286   4.9e-07   29.0   0.1   3   3       7.9   1.3e+03   -1.9   0.0    69    87  1852  1870  1848  1880 0.76 -
3966_g               -            673 12644at5794          -            286   5.4e-07   28.9   0.1   1   3      0.47        79    2.1   0.0    71    92     7    28     5    70 0.75 -
3966_g               -            673 12644at5794          -            286   5.4e-07   28.9   0.1   2   3       6.7   1.1e+03   -1.7   0.0   150   168   179   197   172   217 0.63 -
3966_g               -            673 12644at5794          -            286   5.4e-07   28.9   0.1   3   3   1.7e-07   2.8e-05   23.3   0.1    27    90   571   635   567   667 0.84 -
8746_g               -            673 12644at5794          -            286   5.4e-07   28.9   0.1   1   3      0.47        79    2.1   0.0    71    92     7    28     5    70 0.75 -
8746_g               -            673 12644at5794          -            286   5.4e-07   28.9   0.1   2   3       6.7   1.1e+03   -1.7   0.0   150   168   179   197   172   217 0.63 -
8746_g               -            673 12644at5794          -            286   5.4e-07   28.9   0.1   3   3   1.7e-07   2.8e-05   23.3   0.1    27    90   571   635   567   667 0.84 -
307_g                -            539 12644at5794          -            286   1.5e-06   27.4   0.6   1   2   0.00046     0.077   12.0   0.0    60    92   188   220   182   225 0.84 -
307_g                -            539 12644at5794          -            286   1.5e-06   27.4   0.6   2   2   0.00025     0.042   12.8   0.1    46    85   235   274   230   288 0.90 -
84_g                 -            539 12644at5794          -            286   1.5e-06   27.4   0.6   1   2   0.00046     0.077   12.0   0.0    60    92   188   220   182   225 0.84 -
84_g                 -            539 12644at5794          -            286   1.5e-06   27.4   0.6   2   2   0.00025     0.042   12.8   0.1    46    85   235   274   230   288 0.90 -
170_g                -          10107 12644at5794          -            286   2.9e-06   26.5   0.0   1   3     0.028       4.7    6.1   0.0    43    88   189   234   166   242 0.81 -
170_g                -          10107 12644at5794          -            286   2.9e-06   26.5   0.0   2   3       4.9   8.3e+02   -1.3   0.0   158   283   559   681   544   683 0.67 -
170_g                -          10107 12644at5794          -            286   2.9e-06   26.5   0.0   3   3   1.9e-05    0.0032   16.5   0.0    39   199   751   916   731   936 0.71 -
220_g                -          10120 12644at5794          -            286   2.9e-06   26.5   0.0   1   3     0.028       4.7    6.1   0.0    43    88   202   247   179   255 0.81 -
220_g                -          10120 12644at5794          -            286   2.9e-06   26.5   0.0   2   3       4.9   8.3e+02   -1.3   0.0   158   283   572   694   557   696 0.67 -
220_g                -          10120 12644at5794          -            286   2.9e-06   26.5   0.0   3   3   1.9e-05    0.0032   16.5   0.0    39   199   764   929   744   949 0.71 -
10425_g              -            645 12644at5794          -            286   5.2e-06   25.7   0.0   1   2     0.025       4.2    6.2   0.0    50    89    70   110    63   119 0.87 -
10425_g              -            645 12644at5794          -            286   5.2e-06   25.7   0.0   2   2   5.2e-07   8.6e-05   21.6   0.1    28   130    93   198    91   210 0.78 -
12834_g              -            645 12644at5794          -            286   5.2e-06   25.7   0.0   1   2     0.025       4.2    6.2   0.0    50    89    70   110    63   119 0.87 -
12834_g              -            645 12644at5794          -            286   5.2e-06   25.7   0.0   2   2   5.2e-07   8.6e-05   21.6   0.1    28   130    93   198    91   210 0.78 -
2734_g               -           1607 12644at5794          -            286   9.7e-06   24.8   0.0   1   3      0.62     1e+02    1.7   0.0    65    93   443   471   437   488 0.82 -
2734_g               -           1607 12644at5794          -            286   9.7e-06   24.8   0.0   2   3   6.6e-06    0.0011   18.0   0.0    38   146   677   788   643   805 0.83 -
2734_g               -           1607 12644at5794          -            286   9.7e-06   24.8   0.0   3   3       2.6   4.4e+02   -0.4   0.0    76   138   896   962   877   983 0.66 -
3415_g               -           1607 12644at5794          -            286   9.7e-06   24.8   0.0   1   3      0.62     1e+02    1.7   0.0    65    93   443   471   437   488 0.82 -
3415_g               -           1607 12644at5794          -            286   9.7e-06   24.8   0.0   2   3   6.6e-06    0.0011   18.0   0.0    38   146   677   788   643   805 0.83 -
3415_g               -           1607 12644at5794          -            286   9.7e-06   24.8   0.0   3   3       2.6   4.4e+02   -0.4   0.0    76   138   896   962   877   983 0.66 -
10388_g              -           1597 12644at5794          -            286   1.7e-05   24.0   0.0   1   3      0.52        88    1.9   0.0    48    83   675   710   653   719 0.85 -
10388_g              -           1597 12644at5794          -            286   1.7e-05   24.0   0.0   2   3   1.1e-05    0.0019   17.2   0.0    50    86   827   863   819   882 0.90 -
10388_g              -           1597 12644at5794          -            286   1.7e-05   24.0   0.0   3   3       2.9   4.8e+02   -0.5   0.0    56    77  1305  1327  1289  1372 0.63 -
12136_g              -           1597 12644at5794          -            286   1.7e-05   24.0   0.0   1   3      0.52        88    1.9   0.0    48    83   675   710   653   719 0.85 -
12136_g              -           1597 12644at5794          -            286   1.7e-05   24.0   0.0   2   3   1.1e-05    0.0019   17.2   0.0    50    86   827   863   819   882 0.90 -
12136_g              -           1597 12644at5794          -            286   1.7e-05   24.0   0.0   3   3       2.9   4.8e+02   -0.5   0.0    56    77  1305  1327  1289  1372 0.63 -
4982_g               -            833 12644at5794          -            286   1.9e-05   23.8   0.0   1   4    0.0067       1.1    8.1   0.0    28    92   292   362   287   369 0.49 -
4982_g               -            833 12644at5794          -            286   1.9e-05   23.8   0.0   2   4       1.3   2.2e+02    0.6   0.0    47    68   404   425   398   441 0.81 -
4982_g               -            833 12644at5794          -            286   1.9e-05   23.8   0.0   3   4    0.0076       1.3    8.0   0.0    27    91   448   509   439   525 0.85 -
4982_g               -            833 12644at5794          -            286   1.9e-05   23.8   0.0   4   4       5.6   9.4e+02   -1.4   0.0    67    90   679   702   666   709 0.61 -
5454_g               -            833 12644at5794          -            286   1.9e-05   23.8   0.0   1   4    0.0067       1.1    8.1   0.0    28    92   292   362   287   369 0.49 -
5454_g               -            833 12644at5794          -            286   1.9e-05   23.8   0.0   2   4       1.3   2.2e+02    0.6   0.0    47    68   404   425   398   441 0.81 -
5454_g               -            833 12644at5794          -            286   1.9e-05   23.8   0.0   3   4    0.0076       1.3    8.0   0.0    27    91   448   509   439   525 0.85 -
5454_g               -            833 12644at5794          -            286   1.9e-05   23.8   0.0   4   4       5.6   9.4e+02   -1.4   0.0    67    90   679   702   666   709 0.61 -
5706_g               -           1996 12644at5794          -            286   4.2e-05   22.7   0.2   1   2       2.1   3.4e+02   -0.0   0.0   261   279   461   479   455   500 0.66 -
5706_g               -           1996 12644at5794          -            286   4.2e-05   22.7   0.2   2   2   2.3e-06   0.00039   19.5   0.1    39    87  1819  1865  1805  1871 0.81 -
6541_g               -           1996 12644at5794          -            286   4.2e-05   22.7   0.2   1   2       2.1   3.4e+02   -0.0   0.0   261   279   461   479   455   500 0.66 -
6541_g               -           1996 12644at5794          -            286   4.2e-05   22.7   0.2   2   2   2.3e-06   0.00039   19.5   0.1    39    87  1819  1865  1805  1871 0.81 -
6622_g               -           1051 12644at5794          -            286   4.4e-05   22.6   0.3   1   3      0.94   1.6e+02    1.1   0.0    53    92   401   442   393   456 0.74 -
6622_g               -           1051 12644at5794          -            286   4.4e-05   22.6   0.3   2   3     0.013       2.2    7.2   0.0    58   129   576   652   562   656 0.79 -
6622_g               -           1051 12644at5794          -            286   4.4e-05   22.6   0.3   3   3    0.0018      0.31   10.0   0.1    46   106   656   717   652   726 0.80 -
516_g                -           2273 12644at5794          -            286   4.6e-05   22.5   0.0   1   2   1.2e-06    0.0002   20.5   0.0    52    94   551   593   527   608 0.81 -
516_g                -           2273 12644at5794          -            286   4.6e-05   22.5   0.0   2   2       6.3   1.1e+03   -1.6   0.0    26    86  2043  2059  2009  2068 0.67 -
657_g                -           2273 12644at5794          -            286   4.6e-05   22.5   0.0   1   2   1.2e-06    0.0002   20.5   0.0    52    94   551   593   527   608 0.81 -
657_g                -           2273 12644at5794          -            286   4.6e-05   22.5   0.0   2   2       6.3   1.1e+03   -1.6   0.0    26    86  2043  2059  2009  2068 0.67 -
508_g                -            772 12644at5794          -            286   4.6e-05   22.5   0.1   1   3      0.44        74    2.2   0.0    43    87   252   296   247   315 0.77 -
508_g                -            772 12644at5794          -            286   4.6e-05   22.5   0.1   2   3       1.3   2.2e+02    0.6   0.0    95   131   343   383   302   397 0.77 -
508_g                -            772 12644at5794          -            286   4.6e-05   22.5   0.1   3   3   5.1e-05    0.0086   15.1   0.0    45   131   502   586   477   658 0.87 -
665_g                -            772 12644at5794          -            286   4.6e-05   22.5   0.1   1   3      0.44        74    2.2   0.0    43    87   252   296   247   315 0.77 -
665_g                -            772 12644at5794          -            286   4.6e-05   22.5   0.1   2   3       1.3   2.2e+02    0.6   0.0    95   131   343   383   302   397 0.77 -
665_g                -            772 12644at5794          -            286   4.6e-05   22.5   0.1   3   3   5.1e-05    0.0086   15.1   0.0    45   131   502   586   477   658 0.87 -
5624_g               -           1082 12644at5794          -            286   4.9e-05   22.4   0.3   1   3      0.97   1.6e+02    1.0   0.0    53    92   401   442   393   456 0.74 -
5624_g               -           1082 12644at5794          -            286   4.9e-05   22.4   0.3   2   3     0.014       2.3    7.1   0.0    58   129   576   652   562   656 0.79 -
5624_g               -           1082 12644at5794          -            286   4.9e-05   22.4   0.3   3   3    0.0019      0.32    9.9   0.1    46   106   656   717   652   726 0.80 -
10962_g              -           3437 12644at5794          -            286   0.00019   20.5   0.0   1   4     0.053       8.8    5.2   0.0    54    85   132   163   121   172 0.86 -
10962_g              -           3437 12644at5794          -            286   0.00019   20.5   0.0   2   4    0.0035      0.59    9.1   0.0    28    94   292   359   285   370 0.85 -
10962_g              -           3437 12644at5794          -            286   0.00019   20.5   0.0   3   4       6.4   1.1e+03   -1.6   0.0   261   286   586   611   577   611 0.90 -
10962_g              -           3437 12644at5794          -            286   0.00019   20.5   0.0   4   4       4.9   8.2e+02   -1.3   0.0    55    79  2558  2582  2544  2590 0.84 -
11759_g              -           3437 12644at5794          -            286   0.00019   20.5   0.0   1   4     0.053       8.8    5.2   0.0    54    85   132   163   121   172 0.86 -
11759_g              -           3437 12644at5794          -            286   0.00019   20.5   0.0   2   4    0.0035      0.59    9.1   0.0    28    94   292   359   285   370 0.85 -
11759_g              -           3437 12644at5794          -            286   0.00019   20.5   0.0   3   4       6.4   1.1e+03   -1.6   0.0   261   286   586   611   577   611 0.90 -
11759_g              -           3437 12644at5794          -            286   0.00019   20.5   0.0   4   4       4.9   8.2e+02   -1.3   0.0    55    79  2558  2582  2544  2590 0.84 -
6063_g               -            701 12644at5794          -            286   0.00045   19.3   0.8   1   2   3.4e-05    0.0057   15.7   0.4    55   128    32   104    24   115 0.87 -
6063_g               -            701 12644at5794          -            286   0.00045   19.3   0.8   2   2      0.75   1.3e+02    1.4   0.0   261   285   120   144   112   145 0.81 -
6189_g               -            701 12644at5794          -            286   0.00045   19.3   0.8   1   2   3.4e-05    0.0057   15.7   0.4    55   128    32   104    24   115 0.87 -
6189_g               -            701 12644at5794          -            286   0.00045   19.3   0.8   2   2      0.75   1.3e+02    1.4   0.0   261   285   120   144   112   145 0.81 -
7061_g               -           3573 12644at5794          -            286   0.00099   18.2   0.0   1   2      0.27        45    2.9   0.0    59    88    37    66    28    79 0.89 -
7061_g               -           3573 12644at5794          -            286   0.00099   18.2   0.0   2   2   0.00034     0.058   12.4   0.0    52   166  3530  3566  3491  3572 0.48 -
7855_g               -           3573 12644at5794          -            286   0.00099   18.2   0.0   1   2      0.27        45    2.9   0.0    59    88    37    66    28    79 0.89 -
7855_g               -           3573 12644at5794          -            286   0.00099   18.2   0.0   2   2   0.00034     0.058   12.4   0.0    52   166  3530  3566  3491  3572 0.48 -
7441_g               -            949 12644at5794          -            286    0.0011   18.0   0.8   1   3      0.43        73    2.2   0.1   237   284   707   755   700   757 0.82 -
7441_g               -            949 12644at5794          -            286    0.0011   18.0   0.8   2   3    0.0041      0.68    8.9   0.0    42   113   759   830   745   849 0.68 -
7441_g               -            949 12644at5794          -            286    0.0011   18.0   0.8   3   3      0.14        23    3.8   0.0    58    86   920   947   912   948 0.83 -
7478_g               -            949 12644at5794          -            286    0.0011   18.0   0.8   1   3      0.43        73    2.2   0.1   237   284   707   755   700   757 0.82 -
7478_g               -            949 12644at5794          -            286    0.0011   18.0   0.8   2   3    0.0041      0.68    8.9   0.0    42   113   759   830   745   849 0.68 -
7478_g               -            949 12644at5794          -            286    0.0011   18.0   0.8   3   3      0.14        23    3.8   0.0    58    86   920   947   912   948 0.83 -
1123_g               -            752 12644at5794          -            286    0.0011   18.0   0.0   1   3   9.4e-05     0.016   14.2   0.0   220   284   156   224   139   226 0.82 -
1123_g               -            752 12644at5794          -            286    0.0011   18.0   0.0   2   3       3.7   6.3e+02   -0.9   0.0    29    56   309   335   302   351 0.55 -
1123_g               -            752 12644at5794          -            286    0.0011   18.0   0.0   3   3       4.1   6.9e+02   -1.0   0.0    28    45   376   393   360   402 0.66 -
1515_g               -            752 12644at5794          -            286    0.0011   18.0   0.0   1   3   9.4e-05     0.016   14.2   0.0   220   284   156   224   139   226 0.82 -
1515_g               -            752 12644at5794          -            286    0.0011   18.0   0.0   2   3       3.7   6.3e+02   -0.9   0.0    29    56   309   335   302   351 0.55 -
1515_g               -            752 12644at5794          -            286    0.0011   18.0   0.0   3   3       4.1   6.9e+02   -1.0   0.0    28    45   376   393   360   402 0.66 -
5705_g               -            344 12644at5794          -            286    0.0014   17.7   0.0   1   1   1.2e-05     0.002   17.2   0.0    51    92   278   319   268   331 0.89 -
6542_g               -            344 12644at5794          -            286    0.0014   17.7   0.0   1   1   1.2e-05     0.002   17.2   0.0    51    92   278   319   268   331 0.89 -
13034_g              -           2694 12644at5794          -            286    0.0028   16.7   0.3   1   3       2.4     4e+02   -0.2   0.0    56    88  1860  1892  1855  1918 0.86 -
13034_g              -           2694 12644at5794          -            286    0.0028   16.7   0.3   2   3     0.073        12    4.7   0.0    45    80  2138  2173  2134  2179 0.88 -
13034_g              -           2694 12644at5794          -            286    0.0028   16.7   0.3   3   3     0.036         6    5.8   0.0    49    87  2184  2222  2175  2264 0.76 -
9631_g               -           2694 12644at5794          -            286    0.0028   16.7   0.3   1   3       2.4     4e+02   -0.2   0.0    56    88  1860  1892  1855  1918 0.86 -
9631_g               -           2694 12644at5794          -            286    0.0028   16.7   0.3   2   3     0.073        12    4.7   0.0    45    80  2138  2173  2134  2179 0.88 -
9631_g               -           2694 12644at5794          -            286    0.0028   16.7   0.3   3   3     0.036         6    5.8   0.0    49    87  2184  2222  2175  2264 0.76 -
10891_g              -            859 12644at5794          -            286    0.0036   16.3   0.4   1   3       0.5        83    2.0   0.0    67    88   625   646   572   658 0.66 -
10891_g              -            859 12644at5794          -            286    0.0036   16.3   0.4   2   3     0.013       2.1    7.2   0.0    55    94   731   771   719   778 0.82 -
10891_g              -            859 12644at5794          -            286    0.0036   16.3   0.4   3   3      0.29        48    2.8   0.0    68    86   821   839   797   847 0.60 -
11688_g              -            859 12644at5794          -            286    0.0036   16.3   0.4   1   3       0.5        83    2.0   0.0    67    88   625   646   572   658 0.66 -
11688_g              -            859 12644at5794          -            286    0.0036   16.3   0.4   2   3     0.013       2.1    7.2   0.0    55    94   731   771   719   778 0.82 -
11688_g              -            859 12644at5794          -            286    0.0036   16.3   0.4   3   3      0.29        48    2.8   0.0    68    86   821   839   797   847 0.60 -
12597_g              -           2081 12644at5794          -            286    0.0043   16.1   0.1   1   3      0.42        70    2.2   0.0    53    89   459   495   452   504 0.82 -
12597_g              -           2081 12644at5794          -            286    0.0043   16.1   0.1   2   3      0.77   1.3e+02    1.4   0.0    66    90   666   690   609   703 0.70 -
12597_g              -           2081 12644at5794          -            286    0.0043   16.1   0.1   3   3     0.011       1.9    7.4   0.0   105   132  1489  1516  1478  1525 0.87 -
9926_g               -           2081 12644at5794          -            286    0.0043   16.1   0.1   1   3      0.42        70    2.2   0.0    53    89   459   495   452   504 0.82 -
9926_g               -           2081 12644at5794          -            286    0.0043   16.1   0.1   2   3      0.77   1.3e+02    1.4   0.0    66    90   666   690   609   703 0.70 -
9926_g               -           2081 12644at5794          -            286    0.0043   16.1   0.1   3   3     0.011       1.9    7.4   0.0   105   132  1489  1516  1478  1525 0.87 -
12688_g              -           1742 12644at5794          -            286     0.012   14.6   0.4   1   3   0.00096      0.16   10.9   0.0    44    91   932   979   910   986 0.86 -
12688_g              -           1742 12644at5794          -            286     0.012   14.6   0.4   2   3       5.5   9.2e+02   -1.4   0.0    55    73  1312  1330  1305  1338 0.86 -
12688_g              -           1742 12644at5794          -            286     0.012   14.6   0.4   3   3         6     1e+03   -1.5   0.0    67    91  1530  1554  1509  1570 0.71 -
9835_g               -           1742 12644at5794          -            286     0.012   14.6   0.4   1   3   0.00096      0.16   10.9   0.0    44    91   932   979   910   986 0.86 -
9835_g               -           1742 12644at5794          -            286     0.012   14.6   0.4   2   3       5.5   9.2e+02   -1.4   0.0    55    73  1312  1330  1305  1338 0.86 -
9835_g               -           1742 12644at5794          -            286     0.012   14.6   0.4   3   3         6     1e+03   -1.5   0.0    67    91  1530  1554  1509  1570 0.71 -
12242_g              -           1511 12644at5794          -            286     0.014   14.4   0.0   1   1   0.00021     0.035   13.1   0.0    56   145   478   576   470   594 0.73 -
10281_g              -           1518 12644at5794          -            286     0.014   14.4   0.0   1   1   0.00021     0.036   13.1   0.0    56   145   478   576   470   594 0.73 -
2993_g               -            681 12644at5794          -            286     0.015   14.3   0.0   1   2      0.12        19    4.1   0.0    67   167    90   111    34   142 0.68 -
2993_g               -            681 12644at5794          -            286     0.015   14.3   0.0   2   2     0.014       2.4    7.1   0.0    49    90   216   258   213   267 0.84 -
3674_g               -            681 12644at5794          -            286     0.015   14.3   0.0   1   2      0.12        19    4.1   0.0    67   167    90   111    34   142 0.68 -
3674_g               -            681 12644at5794          -            286     0.015   14.3   0.0   2   2     0.014       2.4    7.1   0.0    49    90   216   258   213   267 0.84 -
4504_g               -            463 12644at5794          -            286      0.02   13.9   0.6   1   3      0.45        75    2.2   0.1    40    89   289   336   269   350 0.69 -
4504_g               -            463 12644at5794          -            286      0.02   13.9   0.6   2   3    0.0071       1.2    8.1   0.0    42    83   367   408   356   432 0.86 -
4504_g               -            463 12644at5794          -            286      0.02   13.9   0.6   3   3       2.4   4.1e+02   -0.3   0.0    30   282   411   459   408   462 0.42 -
8519_g               -            463 12644at5794          -            286      0.02   13.9   0.6   1   3      0.45        75    2.2   0.1    40    89   289   336   269   350 0.69 -
8519_g               -            463 12644at5794          -            286      0.02   13.9   0.6   2   3    0.0071       1.2    8.1   0.0    42    83   367   408   356   432 0.86 -
8519_g               -            463 12644at5794          -            286      0.02   13.9   0.6   3   3       2.4   4.1e+02   -0.3   0.0    30   282   411   459   408   462 0.42 -
4276_g               -            711 12644at5794          -            286     0.039   12.9   0.0   1   1   0.00081      0.14   11.2   0.0    48    88   190   230   168   262 0.86 -
8329_g               -            711 12644at5794          -            286     0.039   12.9   0.0   1   1   0.00081      0.14   11.2   0.0    48    88   190   230   168   262 0.86 -
10787_g              -            342 12644at5794          -            286      0.04   12.9   0.0   1   2      0.17        28    3.5   0.0    69   143    24    98    12   135 0.64 -
10787_g              -            342 12644at5794          -            286      0.04   12.9   0.0   2   2      0.02       3.4    6.6   0.0    60    90   240   270   220   299 0.81 -
11584_g              -            342 12644at5794          -            286      0.04   12.9   0.0   1   2      0.17        28    3.5   0.0    69   143    24    98    12   135 0.64 -
11584_g              -            342 12644at5794          -            286      0.04   12.9   0.0   2   2      0.02       3.4    6.6   0.0    60    90   240   270   220   299 0.81 -
13592_g              -            390 12644at5794          -            286     0.078   11.9   0.2   1   3       2.1   3.4e+02   -0.0   0.0    55    91    15    51    11    60 0.83 -
13592_g              -            390 12644at5794          -            286     0.078   11.9   0.2   2   3    0.0069       1.2    8.1   0.0   236   283   165   212   126   215 0.91 -
13592_g              -            390 12644at5794          -            286     0.078   11.9   0.2   3   3       4.9   8.2e+02   -1.3   0.0    62    86   364   388   358   389 0.70 -
2698_g               -           1343 12644at5794          -            286      0.11   11.5   0.1   1   2      0.28        46    2.8   0.0    53    89   593   631   582   638 0.82 -
2698_g               -           1343 12644at5794          -            286      0.11   11.5   0.1   2   2     0.068        11    4.8   0.0    55    93  1149  1191  1143  1205 0.79 -
3379_g               -           1343 12644at5794          -            286      0.11   11.5   0.1   1   2      0.28        46    2.8   0.0    53    89   593   631   582   638 0.82 -
3379_g               -           1343 12644at5794          -            286      0.11   11.5   0.1   2   2     0.068        11    4.8   0.0    55    93  1149  1191  1143  1205 0.79 -
11045_g              -           1827 12644at5794          -            286      0.15   11.0   0.0   1   3     0.038       6.3    5.7   0.0    52    86   747   782   719   796 0.74 -
11045_g              -           1827 12644at5794          -            286      0.15   11.0   0.0   2   3       4.9   8.1e+02   -1.2   0.0    65    87  1607  1629  1597  1640 0.68 -
11045_g              -           1827 12644at5794          -            286      0.15   11.0   0.0   3   3      0.86   1.4e+02    1.2   0.0    55    86  1753  1784  1716  1794 0.82 -
11842_g              -           1827 12644at5794          -            286      0.15   11.0   0.0   1   3     0.038       6.3    5.7   0.0    52    86   747   782   719   796 0.74 -
11842_g              -           1827 12644at5794          -            286      0.15   11.0   0.0   2   3       4.9   8.1e+02   -1.2   0.0    65    87  1607  1629  1597  1640 0.68 -
11842_g              -           1827 12644at5794          -            286      0.15   11.0   0.0   3   3      0.86   1.4e+02    1.2   0.0    55    86  1753  1784  1716  1794 0.82 -
10105_g              -            435 12644at5794          -            286      0.18   10.8   0.0   1   1    0.0016      0.28   10.1   0.0    50    87   306   343   298   381 0.88 -
12416_g              -            435 12644at5794          -            286      0.18   10.8   0.0   1   1    0.0016      0.28   10.1   0.0    50    87   306   343   298   381 0.88 -
1961_g               -            676 12644at5794          -            286       0.2   10.6   0.1   1   3     0.035       5.9    5.8   0.0    27    71   366   410   354   421 0.87 -
1961_g               -            676 12644at5794          -            286       0.2   10.6   0.1   2   3         2   3.4e+02    0.0   0.0   130   160   487   517   466   546 0.79 -
1961_g               -            676 12644at5794          -            286       0.2   10.6   0.1   3   3       2.2   3.7e+02   -0.1   0.0    29    67   590   626   582   635 0.59 -
2299_g               -            676 12644at5794          -            286       0.2   10.6   0.1   1   3     0.035       5.9    5.8   0.0    27    71   366   410   354   421 0.87 -
2299_g               -            676 12644at5794          -            286       0.2   10.6   0.1   2   3         2   3.4e+02    0.0   0.0   130   160   487   517   466   546 0.79 -
2299_g               -            676 12644at5794          -            286       0.2   10.6   0.1   3   3       2.2   3.7e+02   -0.1   0.0    29    67   590   626   582   635 0.59 -
5020_g               -            662 12644at5794          -            286      0.22   10.4   0.0   1   2     0.021       3.5    6.5   0.0    55    88   185   217   140   225 0.86 -
5020_g               -            662 12644at5794          -            286      0.22   10.4   0.0   2   2       4.3   7.2e+02   -1.1   0.0    30    53   346   370   341   409 0.70 -
5492_g               -            662 12644at5794          -            286      0.22   10.4   0.0   1   2     0.021       3.5    6.5   0.0    55    88   185   217   140   225 0.86 -
5492_g               -            662 12644at5794          -            286      0.22   10.4   0.0   2   2       4.3   7.2e+02   -1.1   0.0    30    53   346   370   341   409 0.70 -
#
# Program:         hmmsearch
# Version:         3.1b2 (February 2015)
# Pipeline mode:   SEARCH
# Query file:      /mnt/e/Bioinformatics/Semester2/BINP29/Malaria Project/Genomes/Parsed/busco_downloads/lineages/apicomplexa_odb10/hmms/12644at5794.hmm
# Target file:     /mnt/e/Bioinformatics/Semester2/BINP29/Malaria Project/Genomes/Parsed/Tg_new.faa
# Option settings: hmmsearch --domtblout /mnt/e/Bioinformatics/Semester2/BINP29/Malaria Project/Genomes/Parsed/Tg/run_apicomplexa_odb10/hmmer_output/initial_run_results/12644at5794.out --cpu 1 /mnt/e/Bioinformatics/Semester2/BINP29/Malaria Project/Genomes/Parsed/busco_downloads/lineages/apicomplexa_odb10/hmms/12644at5794.hmm /mnt/e/Bioinformatics/Semester2/BINP29/Malaria Project/Genomes/Parsed/Tg_new.faa 
# Current dir:     /mnt/e/Bioinformatics/Semester2/BINP29/Malaria Project/Genomes/Parsed
# Date:            Wed Mar  1 19:34:23 2023
# [ok]
