#                                                                            --- full sequence --- -------------- this domain -------------   hmm coord   ali coord   env coord
# target name        accession   tlen query name           accession   qlen   E-value  score  bias   #  of  c-Evalue  i-Evalue  score  bias  from    to  from    to  from    to  acc description of target
#------------------- ---------- ----- -------------------- ---------- ----- --------- ------ ----- --- --- --------- --------- ------ ----- ----- ----- ----- ----- ----- ----- ---- ---------------------
545_g                -            955 13194at5794          -            301     4e-96  321.2   3.7   1   2   9.8e-21   2.6e-17   62.4   0.0     2    81   461   560   460   572 0.81 -
545_g                -            955 13194at5794          -            301     4e-96  321.2   3.7   2   2   1.9e-80     5e-77  258.4   1.7    83   301   677   936   668   936 0.88 -
629_g                -            955 13194at5794          -            301     4e-96  321.2   3.7   1   2   9.8e-21   2.6e-17   62.4   0.0     2    81   461   560   460   572 0.81 -
629_g                -            955 13194at5794          -            301     4e-96  321.2   3.7   2   2   1.9e-80     5e-77  258.4   1.7    83   301   677   936   668   936 0.88 -
4769_g               -            632 13194at5794          -            301   8.1e-07   27.9   0.1   1   2   3.9e-05       0.1   11.1   0.1    37    94   309   370   268   444 0.66 -
4769_g               -            632 13194at5794          -            301   8.1e-07   27.9   0.1   2   2   0.00094       2.5    6.6   0.0   198   290   502   608   491   618 0.70 -
5241_g               -            632 13194at5794          -            301   8.1e-07   27.9   0.1   1   2   3.9e-05       0.1   11.1   0.1    37    94   309   370   268   444 0.66 -
5241_g               -            632 13194at5794          -            301   8.1e-07   27.9   0.1   2   2   0.00094       2.5    6.6   0.0   198   290   502   608   491   618 0.70 -
11028_g              -            638 13194at5794          -            301      0.13   10.8   0.0   1   3    0.0094        25    3.3   0.0    40    72   190   222   152   226 0.78 -
11028_g              -            638 13194at5794          -            301      0.13   10.8   0.0   2   3     0.055   1.5e+02    0.8   0.0    37    59   326   348   285   366 0.65 -
11028_g              -            638 13194at5794          -            301      0.13   10.8   0.0   3   3     0.017        45    2.5   0.0   241   294   561   614   557   619 0.78 -
11825_g              -            638 13194at5794          -            301      0.13   10.8   0.0   1   3    0.0094        25    3.3   0.0    40    72   190   222   152   226 0.78 -
11825_g              -            638 13194at5794          -            301      0.13   10.8   0.0   2   3     0.055   1.5e+02    0.8   0.0    37    59   326   348   285   366 0.65 -
11825_g              -            638 13194at5794          -            301      0.13   10.8   0.0   3   3     0.017        45    2.5   0.0   241   294   561   614   557   619 0.78 -
#
# Program:         hmmsearch
# Version:         3.1b2 (February 2015)
# Pipeline mode:   SEARCH
# Query file:      /mnt/e/Bioinformatics/Semester2/BINP29/Malaria Project/Genomes/Parsed/busco_downloads/lineages/apicomplexa_odb10/hmms/13194at5794.hmm
# Target file:     /mnt/e/Bioinformatics/Semester2/BINP29/Malaria Project/Genomes/Parsed/Tg_new.faa
# Option settings: hmmsearch --domtblout /mnt/e/Bioinformatics/Semester2/BINP29/Malaria Project/Genomes/Parsed/Tg/run_apicomplexa_odb10/hmmer_output/initial_run_results/13194at5794.out --cpu 1 /mnt/e/Bioinformatics/Semester2/BINP29/Malaria Project/Genomes/Parsed/busco_downloads/lineages/apicomplexa_odb10/hmms/13194at5794.hmm /mnt/e/Bioinformatics/Semester2/BINP29/Malaria Project/Genomes/Parsed/Tg_new.faa 
# Current dir:     /mnt/e/Bioinformatics/Semester2/BINP29/Malaria Project/Genomes/Parsed
# Date:            Wed Mar  1 19:34:25 2023
# [ok]
