#                                                                            --- full sequence --- -------------- this domain -------------   hmm coord   ali coord   env coord
# target name        accession   tlen query name           accession   qlen   E-value  score  bias   #  of  c-Evalue  i-Evalue  score  bias  from    to  from    to  from    to  acc description of target
#------------------- ---------- ----- -------------------- ---------- ----- --------- ------ ----- --- --- --------- --------- ------ ----- ----- ----- ----- ----- ----- ----- ---- ---------------------
460_g                -            306 13789at5794          -            327   3.1e-80  269.5   6.4   1   2   1.3e-07    0.0005   19.1   0.1   157   188    55    87    50    89 0.86 -
460_g                -            306 13789at5794          -            327   3.1e-80  269.5   6.4   2   2   1.4e-78   5.4e-75  252.3   2.3   186   327   149   300   148   300 0.96 -
714_g                -            306 13789at5794          -            327   3.1e-80  269.5   6.4   1   2   1.3e-07    0.0005   19.1   0.1   157   188    55    87    50    89 0.86 -
714_g                -            306 13789at5794          -            327   3.1e-80  269.5   6.4   2   2   1.4e-78   5.4e-75  252.3   2.3   186   327   149   300   148   300 0.96 -
459_g                -            430 13789at5794          -            327   4.9e-17   61.8   0.2   1   3      0.78   3.1e+03   -3.3   0.0    10    30    85   105    77   107 0.82 -
459_g                -            430 13789at5794          -            327   4.9e-17   61.8   0.2   2   3   3.5e-10   1.4e-06   27.5   0.0    43   113   230   324   212   333 0.81 -
459_g                -            430 13789at5794          -            327   4.9e-17   61.8   0.2   3   3   1.9e-11   7.7e-08   31.6   0.0   115   160   360   410   343   413 0.80 -
715_g                -            430 13789at5794          -            327   4.9e-17   61.8   0.2   1   3      0.78   3.1e+03   -3.3   0.0    10    30    85   105    77   107 0.82 -
715_g                -            430 13789at5794          -            327   4.9e-17   61.8   0.2   2   3   3.5e-10   1.4e-06   27.5   0.0    43   113   230   324   212   333 0.81 -
715_g                -            430 13789at5794          -            327   4.9e-17   61.8   0.2   3   3   1.9e-11   7.7e-08   31.6   0.0   115   160   360   410   343   413 0.80 -
#
# Program:         hmmsearch
# Version:         3.1b2 (February 2015)
# Pipeline mode:   SEARCH
# Query file:      /mnt/e/Bioinformatics/Semester2/BINP29/Malaria Project/Genomes/Parsed/busco_downloads/lineages/apicomplexa_odb10/hmms/13789at5794.hmm
# Target file:     /mnt/e/Bioinformatics/Semester2/BINP29/Malaria Project/Genomes/Parsed/Tg_new.faa
# Option settings: hmmsearch --domtblout /mnt/e/Bioinformatics/Semester2/BINP29/Malaria Project/Genomes/Parsed/Tg/run_apicomplexa_odb10/hmmer_output/initial_run_results/13789at5794.out --cpu 1 /mnt/e/Bioinformatics/Semester2/BINP29/Malaria Project/Genomes/Parsed/busco_downloads/lineages/apicomplexa_odb10/hmms/13789at5794.hmm /mnt/e/Bioinformatics/Semester2/BINP29/Malaria Project/Genomes/Parsed/Tg_new.faa 
# Current dir:     /mnt/e/Bioinformatics/Semester2/BINP29/Malaria Project/Genomes/Parsed
# Date:            Wed Mar  1 19:34:27 2023
# [ok]
