#                                                                            --- full sequence --- -------------- this domain -------------   hmm coord   ali coord   env coord
# target name        accession   tlen query name           accession   qlen   E-value  score  bias   #  of  c-Evalue  i-Evalue  score  bias  from    to  from    to  from    to  acc description of target
#------------------- ---------- ----- -------------------- ---------- ----- --------- ------ ----- --- --- --------- --------- ------ ----- ----- ----- ----- ----- ----- ----- ---- ---------------------
9317_g               -           2216 13940at5794          -            259   6.2e-67  225.3   0.7   1   5   2.4e-07   0.00062   18.9   0.0     1    22   173   194   173   214 0.83 -
9317_g               -           2216 13940at5794          -            259   6.2e-67  225.3   0.7   2   5   2.1e-17   5.6e-14   51.8   0.0    20    66   281   335   280   341 0.84 -
9317_g               -           2216 13940at5794          -            259   6.2e-67  225.3   0.7   3   5   1.7e-11   4.6e-08   32.4   0.0    66   101   441   476   436   492 0.90 -
9317_g               -           2216 13940at5794          -            259   6.2e-67  225.3   0.7   4   5   1.5e-05     0.039   13.0   0.0   100   126   514   540   511   547 0.91 -
9317_g               -           2216 13940at5794          -            259   6.2e-67  225.3   0.7   5   5   1.1e-32   2.9e-29  101.9   0.0   129   252   741   894   718   902 0.76 -
13353_g              -           4508 13940at5794          -            259   3.1e-65  219.8   0.6   1   5   4.9e-07    0.0013   17.8   0.0     1    22   173   194   173   214 0.83 -
13353_g              -           4508 13940at5794          -            259   3.1e-65  219.8   0.6   2   5   4.5e-17   1.2e-13   50.7   0.0    20    66   281   335   280   341 0.84 -
13353_g              -           4508 13940at5794          -            259   3.1e-65  219.8   0.6   3   5   3.7e-11   9.7e-08   31.3   0.0    66   101   441   476   436   492 0.90 -
13353_g              -           4508 13940at5794          -            259   3.1e-65  219.8   0.6   4   5   3.1e-05     0.081   11.9   0.0   100   126   514   540   511   547 0.91 -
13353_g              -           4508 13940at5794          -            259   3.1e-65  219.8   0.6   5   5   2.5e-32   6.7e-29  100.7   0.0   129   252   741   894   719   902 0.76 -
3862_g               -            992 13940at5794          -            259   5.5e-14   51.8   0.0   1   3   4.4e-08   0.00012   21.2   0.0    40    68   220   248   216   254 0.87 -
3862_g               -            992 13940at5794          -            259   5.5e-14   51.8   0.0   2   3   0.00032      0.85    8.6   0.0    68   104   322   358   313   379 0.82 -
3862_g               -            992 13940at5794          -            259   5.5e-14   51.8   0.0   3   3   5.7e-07    0.0015   17.6   0.0   149   203   644   698   630   705 0.85 -
8642_g               -            992 13940at5794          -            259   5.5e-14   51.8   0.0   1   3   4.4e-08   0.00012   21.2   0.0    40    68   220   248   216   254 0.87 -
8642_g               -            992 13940at5794          -            259   5.5e-14   51.8   0.0   2   3   0.00032      0.85    8.6   0.0    68   104   322   358   313   379 0.82 -
8642_g               -            992 13940at5794          -            259   5.5e-14   51.8   0.0   3   3   5.7e-07    0.0015   17.6   0.0   149   203   644   698   630   705 0.85 -
2212_g               -           1604 13940at5794          -            259   1.4e-05   24.3   0.0   1   4       1.5     4e+03   -3.5   0.0     3    19   531   547   529   549 0.83 -
2212_g               -           1604 13940at5794          -            259   1.4e-05   24.3   0.0   2   4   3.3e-06    0.0087   15.1   0.0    44    89   882   928   876   934 0.85 -
2212_g               -           1604 13940at5794          -            259   1.4e-05   24.3   0.0   3   4     0.003         8    5.4   0.0   169   196  1391  1418  1386  1425 0.88 -
2212_g               -           1604 13940at5794          -            259   1.4e-05   24.3   0.0   4   4      0.62   1.7e+03   -2.2   0.0   208   231  1568  1591  1552  1601 0.76 -
2046_g               -           1675 13940at5794          -            259   1.6e-05   24.1   0.0   1   4       1.6   4.2e+03   -3.5   0.0     3    19   531   547   529   549 0.83 -
2046_g               -           1675 13940at5794          -            259   1.6e-05   24.1   0.0   2   4   3.4e-06    0.0091   15.0   0.0    44    89   882   928   876   934 0.85 -
2046_g               -           1675 13940at5794          -            259   1.6e-05   24.1   0.0   3   4    0.0032       8.4    5.3   0.0   169   196  1391  1418  1386  1425 0.88 -
2046_g               -           1675 13940at5794          -            259   1.6e-05   24.1   0.0   4   4      0.68   1.8e+03   -2.3   0.0   208   230  1639  1661  1623  1671 0.76 -
#
# Program:         hmmsearch
# Version:         3.1b2 (February 2015)
# Pipeline mode:   SEARCH
# Query file:      /mnt/e/Bioinformatics/Semester2/BINP29/Malaria Project/Genomes/Parsed/busco_downloads/lineages/apicomplexa_odb10/hmms/13940at5794.hmm
# Target file:     /mnt/e/Bioinformatics/Semester2/BINP29/Malaria Project/Genomes/Parsed/Tg_new.faa
# Option settings: hmmsearch --domtblout /mnt/e/Bioinformatics/Semester2/BINP29/Malaria Project/Genomes/Parsed/Tg/run_apicomplexa_odb10/hmmer_output/initial_run_results/13940at5794.out --cpu 1 /mnt/e/Bioinformatics/Semester2/BINP29/Malaria Project/Genomes/Parsed/busco_downloads/lineages/apicomplexa_odb10/hmms/13940at5794.hmm /mnt/e/Bioinformatics/Semester2/BINP29/Malaria Project/Genomes/Parsed/Tg_new.faa 
# Current dir:     /mnt/e/Bioinformatics/Semester2/BINP29/Malaria Project/Genomes/Parsed
# Date:            Wed Mar  1 19:34:29 2023
# [ok]
