#                                                                            --- full sequence --- -------------- this domain -------------   hmm coord   ali coord   env coord
# target name        accession   tlen query name           accession   qlen   E-value  score  bias   #  of  c-Evalue  i-Evalue  score  bias  from    to  from    to  from    to  acc description of target
#------------------- ---------- ----- -------------------- ---------- ----- --------- ------ ----- --- --- --------- --------- ------ ----- ----- ----- ----- ----- ----- ----- ---- ---------------------
5878_g               -            993 14048at5794          -            354     7e-94  314.4  11.0   1   6      0.56     1e+02    1.4   0.0     2    31   186   220   185   224 0.65 -
5878_g               -            993 14048at5794          -            354     7e-94  314.4  11.0   2   6   1.3e-23   2.3e-21   75.9   0.0    28   100   321   409   312   434 0.82 -
5878_g               -            993 14048at5794          -            354     7e-94  314.4  11.0   3   6   1.3e-16   2.4e-14   52.8   0.8   113   168   451   518   446   521 0.87 -
5878_g               -            993 14048at5794          -            354     7e-94  314.4  11.0   4   6   1.2e-25   2.1e-23   82.6   0.0   146   237   520   611   517   614 0.97 -
5878_g               -            993 14048at5794          -            354     7e-94  314.4  11.0   5   6     1e-17   1.8e-15   56.5   0.0   238   283   709   754   705   764 0.94 -
5878_g               -            993 14048at5794          -            354     7e-94  314.4  11.0   6   6   1.3e-14   2.2e-12   46.3   0.2   267   342   768   846   759   852 0.79 -
6372_g               -            993 14048at5794          -            354     7e-94  314.4  11.0   1   6      0.56     1e+02    1.4   0.0     2    31   186   220   185   224 0.65 -
6372_g               -            993 14048at5794          -            354     7e-94  314.4  11.0   2   6   1.3e-23   2.3e-21   75.9   0.0    28   100   321   409   312   434 0.82 -
6372_g               -            993 14048at5794          -            354     7e-94  314.4  11.0   3   6   1.3e-16   2.4e-14   52.8   0.8   113   168   451   518   446   521 0.87 -
6372_g               -            993 14048at5794          -            354     7e-94  314.4  11.0   4   6   1.2e-25   2.1e-23   82.6   0.0   146   237   520   611   517   614 0.97 -
6372_g               -            993 14048at5794          -            354     7e-94  314.4  11.0   5   6     1e-17   1.8e-15   56.5   0.0   238   283   709   754   705   764 0.94 -
6372_g               -            993 14048at5794          -            354     7e-94  314.4  11.0   6   6   1.3e-14   2.2e-12   46.3   0.2   267   342   768   846   759   852 0.79 -
2497_g               -            480 14048at5794          -            354   7.3e-55  186.1   2.0   1   2   5.2e-29   9.3e-27   93.6   1.3    17   167    67   257    61   264 0.74 -
2497_g               -            480 14048at5794          -            354   7.3e-55  186.1   2.0   2   2   1.1e-26   1.9e-24   86.0   0.0   153   342   266   459   259   464 0.88 -
3178_g               -            480 14048at5794          -            354   7.3e-55  186.1   2.0   1   2   5.2e-29   9.3e-27   93.6   1.3    17   167    67   257    61   264 0.74 -
3178_g               -            480 14048at5794          -            354   7.3e-55  186.1   2.0   2   2   1.1e-26   1.9e-24   86.0   0.0   153   342   266   459   259   464 0.88 -
10648_g              -            963 14048at5794          -            354   1.5e-46  158.7   0.2   1   2   8.7e-26   1.6e-23   83.0   0.1    14   169   237   446   232   450 0.75 -
10648_g              -            963 14048at5794          -            354   1.5e-46  158.7   0.2   2   2   1.9e-20   3.3e-18   65.5   0.0   179   283   503   612   493   636 0.88 -
11445_g              -            963 14048at5794          -            354   1.5e-46  158.7   0.2   1   2   8.7e-26   1.6e-23   83.0   0.1    14   169   237   446   232   450 0.75 -
11445_g              -            963 14048at5794          -            354   1.5e-46  158.7   0.2   2   2   1.9e-20   3.3e-18   65.5   0.0   179   283   503   612   493   636 0.88 -
10112_g              -            570 14048at5794          -            354   1.1e-44  152.5   0.4   1   3   7.8e-31   1.4e-28   99.6   0.3    16   168   100   294    90   304 0.77 -
10112_g              -            570 14048at5794          -            354   1.1e-44  152.5   0.4   2   3   5.8e-14     1e-11   44.1   0.0   169   279   317   432   313   439 0.86 -
10112_g              -            570 14048at5794          -            354   1.1e-44  152.5   0.4   3   3      0.59   1.1e+02    1.3   0.0   197   258   464   525   432   540 0.70 -
12409_g              -            570 14048at5794          -            354   1.1e-44  152.5   0.4   1   3   7.8e-31   1.4e-28   99.6   0.3    16   168   100   294    90   304 0.77 -
12409_g              -            570 14048at5794          -            354   1.1e-44  152.5   0.4   2   3   5.8e-14     1e-11   44.1   0.0   169   279   317   432   313   439 0.86 -
12409_g              -            570 14048at5794          -            354   1.1e-44  152.5   0.4   3   3      0.59   1.1e+02    1.3   0.0   197   258   464   525   432   540 0.70 -
454_g                -           2500 14048at5794          -            354   1.4e-42  145.7   0.1   1   3   1.1e-20     2e-18   66.2   0.0    15    93  1214  1296  1202  1303 0.89 -
454_g                -           2500 14048at5794          -            354   1.4e-42  145.7   0.1   2   3   4.9e-09   8.7e-07   27.9   0.0   113   234  1343  1495  1334  1499 0.75 -
454_g                -           2500 14048at5794          -            354   1.4e-42  145.7   0.1   3   3   3.1e-13   5.5e-11   41.7   0.0   236   282  1561  1607  1550  1619 0.88 -
720_g                -           2500 14048at5794          -            354   1.4e-42  145.7   0.1   1   3   1.1e-20     2e-18   66.2   0.0    15    93  1214  1296  1202  1303 0.89 -
720_g                -           2500 14048at5794          -            354   1.4e-42  145.7   0.1   2   3   4.9e-09   8.7e-07   27.9   0.0   113   234  1343  1495  1334  1499 0.75 -
720_g                -           2500 14048at5794          -            354   1.4e-42  145.7   0.1   3   3   3.1e-13   5.5e-11   41.7   0.0   236   282  1561  1607  1550  1619 0.88 -
10113_g              -            454 14048at5794          -            354   1.9e-42  145.2   6.0   1   2   1.6e-19   2.8e-17   62.5   0.0    21   101   122   204    99   206 0.87 -
10113_g              -            454 14048at5794          -            354   1.9e-42  145.2   6.0   2   2   3.5e-24   6.2e-22   77.8   4.8   111   284   241   447   237   451 0.77 -
12408_g              -            454 14048at5794          -            354   1.9e-42  145.2   6.0   1   2   1.6e-19   2.8e-17   62.5   0.0    21   101   122   204    99   206 0.87 -
12408_g              -            454 14048at5794          -            354   1.9e-42  145.2   6.0   2   2   3.5e-24   6.2e-22   77.8   4.8   111   284   241   447   237   451 0.77 -
1128_g               -            471 14048at5794          -            354   4.4e-41  140.7   0.1   1   4   3.5e-13   6.2e-11   41.6   0.0    29    90    43   107    31   111 0.87 -
1128_g               -            471 14048at5794          -            354   4.4e-41  140.7   0.1   2   4      0.73   1.3e+02    1.0   0.0   112   134   156   178   150   187 0.84 -
1128_g               -            471 14048at5794          -            354   4.4e-41  140.7   0.1   3   4    0.0024      0.44    9.2   0.0   138   167   213   242   209   244 0.92 -
1128_g               -            471 14048at5794          -            354   4.4e-41  140.7   0.1   4   4   7.7e-26   1.4e-23   83.2   0.1   183   318   281   426   265   451 0.82 -
1510_g               -            471 14048at5794          -            354   4.4e-41  140.7   0.1   1   4   3.5e-13   6.2e-11   41.6   0.0    29    90    43   107    31   111 0.87 -
1510_g               -            471 14048at5794          -            354   4.4e-41  140.7   0.1   2   4      0.73   1.3e+02    1.0   0.0   112   134   156   178   150   187 0.84 -
1510_g               -            471 14048at5794          -            354   4.4e-41  140.7   0.1   3   4    0.0024      0.44    9.2   0.0   138   167   213   242   209   244 0.92 -
1510_g               -            471 14048at5794          -            354   4.4e-41  140.7   0.1   4   4   7.7e-26   1.4e-23   83.2   0.1   183   318   281   426   265   451 0.82 -
10136_g              -           3845 14048at5794          -            354   3.3e-40  137.9   0.0   1   3     6e-14   1.1e-11   44.1   0.0    15    96   390   478   379   485 0.78 -
10136_g              -           3845 14048at5794          -            354   3.3e-40  137.9   0.0   2   3   0.00036     0.064   11.9   0.0   111   156   533   586   513   598 0.87 -
10136_g              -           3845 14048at5794          -            354   3.3e-40  137.9   0.0   3   3   3.1e-24   5.5e-22   77.9   0.1   171   302   625   760   601   766 0.90 -
12385_g              -           3845 14048at5794          -            354   3.3e-40  137.9   0.0   1   3     6e-14   1.1e-11   44.1   0.0    15    96   390   478   379   485 0.78 -
12385_g              -           3845 14048at5794          -            354   3.3e-40  137.9   0.0   2   3   0.00036     0.064   11.9   0.0   111   156   533   586   513   598 0.87 -
12385_g              -           3845 14048at5794          -            354   3.3e-40  137.9   0.0   3   3   3.1e-24   5.5e-22   77.9   0.1   171   302   625   760   601   766 0.90 -
11116_g              -            413 14048at5794          -            354     4e-40  137.6   5.0   1   2   3.7e-19   6.6e-17   61.2   0.8    18   165    56   240    38   249 0.74 -
11116_g              -            413 14048at5794          -            354     4e-40  137.6   5.0   2   2   1.4e-22   2.6e-20   72.4   0.2   181   299   278   403   266   410 0.86 -
11913_g              -            413 14048at5794          -            354     4e-40  137.6   5.0   1   2   3.7e-19   6.6e-17   61.2   0.8    18   165    56   240    38   249 0.74 -
11913_g              -            413 14048at5794          -            354     4e-40  137.6   5.0   2   2   1.4e-22   2.6e-20   72.4   0.2   181   299   278   403   266   410 0.86 -
13500_g              -            735 14048at5794          -            354   1.5e-38  132.4   0.1   1   5   3.2e-15   5.8e-13   48.3   0.0    16    66   245   295   230   298 0.92 -
13500_g              -            735 14048at5794          -            354   1.5e-38  132.4   0.1   2   5     0.015       2.8    6.5   0.0    70    88   320   338   316   350 0.87 -
13500_g              -            735 14048at5794          -            354   1.5e-38  132.4   0.1   3   5      0.45        80    1.7   0.0   114   136   391   413   374   416 0.88 -
13500_g              -            735 14048at5794          -            354   1.5e-38  132.4   0.1   4   5       0.1        18    3.9   0.0   139   166   448   475   444   480 0.91 -
13500_g              -            735 14048at5794          -            354   1.5e-38  132.4   0.1   5   5   3.4e-20   6.1e-18   64.6   0.0   178   284   508   619   496   626 0.90 -
9166_g               -            735 14048at5794          -            354   1.5e-38  132.4   0.1   1   5   3.2e-15   5.8e-13   48.3   0.0    16    66   245   295   230   298 0.92 -
9166_g               -            735 14048at5794          -            354   1.5e-38  132.4   0.1   2   5     0.015       2.8    6.5   0.0    70    88   320   338   316   350 0.87 -
9166_g               -            735 14048at5794          -            354   1.5e-38  132.4   0.1   3   5      0.45        80    1.7   0.0   114   136   391   413   374   416 0.88 -
9166_g               -            735 14048at5794          -            354   1.5e-38  132.4   0.1   4   5       0.1        18    3.9   0.0   139   166   448   475   444   480 0.91 -
9166_g               -            735 14048at5794          -            354   1.5e-38  132.4   0.1   5   5   3.4e-20   6.1e-18   64.6   0.0   178   284   508   619   496   626 0.90 -
13109_g              -            657 14048at5794          -            354   4.4e-38  130.9   0.2   1   3     6e-17   1.1e-14   53.9   0.0    16   101   144   236   133   249 0.84 -
13109_g              -            657 14048at5794          -            354   4.4e-38  130.9   0.2   2   3   1.1e-06   0.00019   20.2   0.0   110   166   272   337   264   362 0.79 -
13109_g              -            657 14048at5794          -            354   4.4e-38  130.9   0.2   3   3   1.1e-16     2e-14   53.0   0.0   220   282   520   587   510   599 0.81 -
9557_g               -            657 14048at5794          -            354   4.4e-38  130.9   0.2   1   3     6e-17   1.1e-14   53.9   0.0    16   101   144   236   133   249 0.84 -
9557_g               -            657 14048at5794          -            354   4.4e-38  130.9   0.2   2   3   1.1e-06   0.00019   20.2   0.0   110   166   272   337   264   362 0.79 -
9557_g               -            657 14048at5794          -            354   4.4e-38  130.9   0.2   3   3   1.1e-16     2e-14   53.0   0.0   220   282   520   587   510   599 0.81 -
1027_g               -           1172 14048at5794          -            354   1.5e-37  129.1   1.4   1   2   1.5e-15   2.8e-13   49.3   0.0    16    99   773   866   768   978 0.81 -
1027_g               -           1172 14048at5794          -            354   1.5e-37  129.1   1.4   2   2   1.9e-23   3.3e-21   75.4   0.0   183   284  1021  1127  1008  1134 0.94 -
1844_g               -           1172 14048at5794          -            354   1.5e-37  129.1   1.4   1   2   1.5e-15   2.8e-13   49.3   0.0    16    99   773   866   768   978 0.81 -
1844_g               -           1172 14048at5794          -            354   1.5e-37  129.1   1.4   2   2   1.9e-23   3.3e-21   75.4   0.0   183   284  1021  1127  1008  1134 0.94 -
10435_g              -            435 14048at5794          -            354   2.6e-37  128.3   2.2   1   2   1.4e-15   2.5e-13   49.5   0.2    19   176    62   272    46   280 0.67 -
10435_g              -            435 14048at5794          -            354   2.6e-37  128.3   2.2   2   2   1.4e-22   2.4e-20   72.5   0.1   183   296   297   414   286   429 0.85 -
12824_g              -            435 14048at5794          -            354   2.6e-37  128.3   2.2   1   2   1.4e-15   2.5e-13   49.5   0.2    19   176    62   272    46   280 0.67 -
12824_g              -            435 14048at5794          -            354   2.6e-37  128.3   2.2   2   2   1.4e-22   2.4e-20   72.5   0.1   183   296   297   414   286   429 0.85 -
2998_g               -           1272 14048at5794          -            354   5.8e-36  123.9   0.0   1   3   5.8e-15     1e-12   47.4   0.0    21    94   604   687   593   691 0.87 -
2998_g               -           1272 14048at5794          -            354   5.8e-36  123.9   0.0   2   3   2.3e-06   0.00041   19.1   0.0   111   167   737   801   694   804 0.86 -
2998_g               -           1272 14048at5794          -            354   5.8e-36  123.9   0.0   3   3   1.3e-16   2.4e-14   52.8   0.0   237   285  1071  1119  1064  1127 0.93 -
3679_g               -           1272 14048at5794          -            354   5.8e-36  123.9   0.0   1   3   5.8e-15     1e-12   47.4   0.0    21    94   604   687   593   691 0.87 -
3679_g               -           1272 14048at5794          -            354   5.8e-36  123.9   0.0   2   3   2.3e-06   0.00041   19.1   0.0   111   167   737   801   694   804 0.86 -
3679_g               -           1272 14048at5794          -            354   5.8e-36  123.9   0.0   3   3   1.3e-16   2.4e-14   52.8   0.0   237   285  1071  1119  1064  1127 0.93 -
2611_g               -            842 14048at5794          -            354   2.4e-35  121.8   0.4   1   2     1e-17   1.8e-15   56.5   0.1     5   134   262   426   258   435 0.65 -
2611_g               -            842 14048at5794          -            354   2.4e-35  121.8   0.4   2   2   4.2e-19   7.5e-17   61.0   0.0   182   283   576   682   564   694 0.90 -
3292_g               -            842 14048at5794          -            354   2.4e-35  121.8   0.4   1   2     1e-17   1.8e-15   56.5   0.1     5   134   262   426   258   435 0.65 -
3292_g               -            842 14048at5794          -            354   2.4e-35  121.8   0.4   2   2   4.2e-19   7.5e-17   61.0   0.0   182   283   576   682   564   694 0.90 -
142_g                -            615 14048at5794          -            354   1.1e-34  119.7   0.0   1   3   5.4e-14   9.6e-12   44.2   0.0    15    87   270   345   266   358 0.88 -
142_g                -            615 14048at5794          -            354   1.1e-34  119.7   0.0   2   3   0.00095      0.17   10.5   0.0   111   149   400   449   395   458 0.71 -
142_g                -            615 14048at5794          -            354   1.1e-34  119.7   0.0   3   3   3.9e-19   6.9e-17   61.2   0.0   152   281   477   612   468   614 0.88 -
249_g                -            615 14048at5794          -            354   1.1e-34  119.7   0.0   1   3   5.4e-14   9.6e-12   44.2   0.0    15    87   270   345   266   358 0.88 -
249_g                -            615 14048at5794          -            354   1.1e-34  119.7   0.0   2   3   0.00095      0.17   10.5   0.0   111   149   400   449   395   458 0.71 -
249_g                -            615 14048at5794          -            354   1.1e-34  119.7   0.0   3   3   3.9e-19   6.9e-17   61.2   0.0   152   281   477   612   468   614 0.88 -
5574_g               -           1306 14048at5794          -            354   4.3e-34  117.8   0.4   1   4   3.4e-08     6e-06   25.2   0.0    31    67   714   750   711   753 0.91 -
5574_g               -           1306 14048at5794          -            354   4.3e-34  117.8   0.4   2   4    0.0079       1.4    7.5   0.0    63    95   842   874   836   881 0.81 -
5574_g               -           1306 14048at5794          -            354   4.3e-34  117.8   0.4   3   4   8.8e-05     0.016   13.9   0.0   112   168   995  1060   988  1062 0.78 -
5574_g               -           1306 14048at5794          -            354   4.3e-34  117.8   0.4   4   4   1.5e-20   2.7e-18   65.8   0.0   182   282  1169  1274  1163  1285 0.91 -
6674_g               -           1394 14048at5794          -            354     6e-34  117.3   0.5   1   4   3.6e-08   6.5e-06   25.1   0.0    31    67   802   838   799   841 0.91 -
6674_g               -           1394 14048at5794          -            354     6e-34  117.3   0.5   2   4    0.0085       1.5    7.4   0.0    63    95   930   962   924   969 0.81 -
6674_g               -           1394 14048at5794          -            354     6e-34  117.3   0.5   3   4   9.6e-05     0.017   13.8   0.0   112   168  1083  1148  1077  1150 0.78 -
6674_g               -           1394 14048at5794          -            354     6e-34  117.3   0.5   4   4   1.6e-20   2.9e-18   65.7   0.0   182   282  1257  1362  1251  1373 0.91 -
1666_g               -           1793 14048at5794          -            354     8e-32  110.3   0.0   1   4   8.4e-12   1.5e-09   37.0   0.0    22    67  1057  1102  1046  1109 0.89 -
1666_g               -           1793 14048at5794          -            354     8e-32  110.3   0.0   2   4    0.0034      0.62    8.7   0.0    66    99  1174  1208  1160  1211 0.81 -
1666_g               -           1793 14048at5794          -            354     8e-32  110.3   0.0   3   4   3.7e-06   0.00067   18.4   0.0   111   165  1250  1312  1242  1315 0.86 -
1666_g               -           1793 14048at5794          -            354     8e-32  110.3   0.0   4   4   7.8e-13   1.4e-10   40.4   0.0   236   284  1528  1576  1456  1586 0.93 -
849_g                -           1793 14048at5794          -            354     8e-32  110.3   0.0   1   4   8.4e-12   1.5e-09   37.0   0.0    22    67  1057  1102  1046  1109 0.89 -
849_g                -           1793 14048at5794          -            354     8e-32  110.3   0.0   2   4    0.0034      0.62    8.7   0.0    66    99  1174  1208  1160  1211 0.81 -
849_g                -           1793 14048at5794          -            354     8e-32  110.3   0.0   3   4   3.7e-06   0.00067   18.4   0.0   111   165  1250  1312  1242  1315 0.86 -
849_g                -           1793 14048at5794          -            354     8e-32  110.3   0.0   4   4   7.8e-13   1.4e-10   40.4   0.0   236   284  1528  1576  1456  1586 0.93 -
4521_g               -           1248 14048at5794          -            354   2.6e-31  108.6   0.3   1   4   3.8e-20   6.8e-18   64.5   0.0    16    88    89   167    81   172 0.85 -
4521_g               -           1248 14048at5794          -            354   2.6e-31  108.6   0.3   2   4     0.027       4.8    5.7   0.0   118   157   335   382   330   384 0.78 -
4521_g               -           1248 14048at5794          -            354   2.6e-31  108.6   0.3   3   4       2.8     5e+02   -0.9   0.0   171   245   454   535   446   557 0.72 -
4521_g               -           1248 14048at5794          -            354   2.6e-31  108.6   0.3   4   4   1.4e-10   2.5e-08   33.0   0.0   242   280   577   615   572   634 0.85 -
8536_g               -           1248 14048at5794          -            354   2.6e-31  108.6   0.3   1   4   3.8e-20   6.8e-18   64.5   0.0    16    88    89   167    81   172 0.85 -
8536_g               -           1248 14048at5794          -            354   2.6e-31  108.6   0.3   2   4     0.027       4.8    5.7   0.0   118   157   335   382   330   384 0.78 -
8536_g               -           1248 14048at5794          -            354   2.6e-31  108.6   0.3   3   4       2.8     5e+02   -0.9   0.0   171   245   454   535   446   557 0.72 -
8536_g               -           1248 14048at5794          -            354   2.6e-31  108.6   0.3   4   4   1.4e-10   2.5e-08   33.0   0.0   242   280   577   615   572   634 0.85 -
6071_g               -           1024 14048at5794          -            354     6e-31  107.4   1.4   1   4      0.16        29    3.2   0.0    18    42   688   712   676   715 0.87 -
6071_g               -           1024 14048at5794          -            354     6e-31  107.4   1.4   2   4    0.0031      0.56    8.8   0.0    68    98   719   749   714   753 0.90 -
6071_g               -           1024 14048at5794          -            354     6e-31  107.4   1.4   3   4   4.7e-07   8.4e-05   21.4   0.1   112   165   790   851   781   860 0.82 -
6071_g               -           1024 14048at5794          -            354     6e-31  107.4   1.4   4   4   8.9e-22   1.6e-19   69.8   0.0   181   292   889  1006   880  1019 0.90 -
6181_g               -           1036 14048at5794          -            354   6.4e-31  107.3   1.5   1   4      0.17        30    3.1   0.0    18    42   700   724   688   727 0.87 -
6181_g               -           1036 14048at5794          -            354   6.4e-31  107.3   1.5   2   4    0.0032      0.56    8.8   0.0    68    98   731   761   726   765 0.90 -
6181_g               -           1036 14048at5794          -            354   6.4e-31  107.3   1.5   3   4   4.8e-07   8.6e-05   21.4   0.1   112   165   802   863   793   872 0.82 -
6181_g               -           1036 14048at5794          -            354   6.4e-31  107.3   1.5   4   4   9.1e-22   1.6e-19   69.8   0.0   181   292   901  1018   892  1031 0.90 -
1606_g               -            603 14048at5794          -            354   2.4e-30  105.4   0.4   1   4   9.2e-12   1.6e-09   36.9   0.0    17    93   140   219   129   232 0.85 -
1606_g               -            603 14048at5794          -            354   2.4e-30  105.4   0.4   2   4    0.0013      0.23   10.1   0.0   112   165   282   345   250   365 0.66 -
1606_g               -            603 14048at5794          -            354   2.4e-30  105.4   0.4   3   4     5e-09   8.9e-07   27.9   0.0   179   256   405   494   393   508 0.81 -
1606_g               -            603 14048at5794          -            354   2.4e-30  105.4   0.4   4   4   3.3e-08   5.8e-06   25.2   0.0   256   303   540   587   536   601 0.72 -
789_g                -            603 14048at5794          -            354   2.4e-30  105.4   0.4   1   4   9.2e-12   1.6e-09   36.9   0.0    17    93   140   219   129   232 0.85 -
789_g                -            603 14048at5794          -            354   2.4e-30  105.4   0.4   2   4    0.0013      0.23   10.1   0.0   112   165   282   345   250   365 0.66 -
789_g                -            603 14048at5794          -            354   2.4e-30  105.4   0.4   3   4     5e-09   8.9e-07   27.9   0.0   179   256   405   494   393   508 0.81 -
789_g                -            603 14048at5794          -            354   2.4e-30  105.4   0.4   4   4   3.3e-08   5.8e-06   25.2   0.0   256   303   540   587   536   601 0.72 -
13495_g              -           1073 14048at5794          -            354   2.7e-29  102.0   0.0   1   4   2.9e-11   5.2e-09   35.2   0.0    15    66   315   366   308   370 0.90 -
13495_g              -           1073 14048at5794          -            354   2.7e-29  102.0   0.0   2   4    0.0012      0.21   10.2   0.0    70    96   411   437   408   443 0.87 -
13495_g              -           1073 14048at5794          -            354   2.7e-29  102.0   0.0   3   4     0.045       8.1    5.0   0.0   114   137   488   511   477   519 0.85 -
13495_g              -           1073 14048at5794          -            354   2.7e-29  102.0   0.0   4   4   1.7e-14   3.1e-12   45.9   0.0   180   297   708   832   698   869 0.83 -
9171_g               -           1073 14048at5794          -            354   2.7e-29  102.0   0.0   1   4   2.9e-11   5.2e-09   35.2   0.0    15    66   315   366   308   370 0.90 -
9171_g               -           1073 14048at5794          -            354   2.7e-29  102.0   0.0   2   4    0.0012      0.21   10.2   0.0    70    96   411   437   408   443 0.87 -
9171_g               -           1073 14048at5794          -            354   2.7e-29  102.0   0.0   3   4     0.045       8.1    5.0   0.0   114   137   488   511   477   519 0.85 -
9171_g               -           1073 14048at5794          -            354   2.7e-29  102.0   0.0   4   4   1.7e-14   3.1e-12   45.9   0.0   180   297   708   832   698   869 0.83 -
12664_g              -            841 14048at5794          -            354   1.6e-28   99.4   0.0   1   3   4.6e-12   8.3e-10   37.9   0.0    22    91   136   214   119   219 0.81 -
12664_g              -            841 14048at5794          -            354   1.6e-28   99.4   0.0   2   3     0.012       2.1    6.9   0.1   113   136   262   285   258   290 0.89 -
12664_g              -            841 14048at5794          -            354   1.6e-28   99.4   0.0   3   3   8.1e-16   1.5e-13   50.2   0.0   182   281   386   489   370   498 0.90 -
9860_g               -            841 14048at5794          -            354   1.6e-28   99.4   0.0   1   3   4.6e-12   8.3e-10   37.9   0.0    22    91   136   214   119   219 0.81 -
9860_g               -            841 14048at5794          -            354   1.6e-28   99.4   0.0   2   3     0.012       2.1    6.9   0.1   113   136   262   285   258   290 0.89 -
9860_g               -            841 14048at5794          -            354   1.6e-28   99.4   0.0   3   3   8.1e-16   1.5e-13   50.2   0.0   182   281   386   489   370   498 0.90 -
7260_g               -            955 14048at5794          -            354   1.7e-26   92.8   5.8   1   5     3e-10   5.4e-08   31.9   0.0    15    68   247   301   235   303 0.86 -
7260_g               -            955 14048at5794          -            354   1.7e-26   92.8   5.8   2   5   0.00058       0.1   11.2   0.1    69    94   381   406   378   414 0.89 -
7260_g               -            955 14048at5794          -            354   1.7e-26   92.8   5.8   3   5      0.17        30    3.2   0.0   112   135   506   529   503   535 0.84 -
7260_g               -            955 14048at5794          -            354   1.7e-26   92.8   5.8   4   5       5.9   1.1e+03   -2.0   0.0   134   156   570   592   569   635 0.74 -
7260_g               -            955 14048at5794          -            354   1.7e-26   92.8   5.8   5   5   4.8e-14   8.7e-12   44.4   0.0   216   282   757   828   747   841 0.75 -
7659_g               -            955 14048at5794          -            354   1.7e-26   92.8   5.8   1   5     3e-10   5.4e-08   31.9   0.0    15    68   247   301   235   303 0.86 -
7659_g               -            955 14048at5794          -            354   1.7e-26   92.8   5.8   2   5   0.00058       0.1   11.2   0.1    69    94   381   406   378   414 0.89 -
7659_g               -            955 14048at5794          -            354   1.7e-26   92.8   5.8   3   5      0.17        30    3.2   0.0   112   135   506   529   503   535 0.84 -
7659_g               -            955 14048at5794          -            354   1.7e-26   92.8   5.8   4   5       5.9   1.1e+03   -2.0   0.0   134   156   570   592   569   635 0.74 -
7659_g               -            955 14048at5794          -            354   1.7e-26   92.8   5.8   5   5   4.8e-14   8.7e-12   44.4   0.0   216   282   757   828   747   841 0.75 -
5812_g               -           1542 14048at5794          -            354   2.6e-26   92.2   0.0   1   4   2.1e-07   3.7e-05   22.6   0.0    24    65   966  1015   956  1019 0.74 -
5812_g               -           1542 14048at5794          -            354   2.6e-26   92.2   0.0   2   4      0.43        76    1.8   0.0    69    90  1087  1108  1083  1113 0.88 -
5812_g               -           1542 14048at5794          -            354   2.6e-26   92.2   0.0   3   4      0.03       5.3    5.6   0.0   112   137  1198  1224  1171  1227 0.86 -
5812_g               -           1542 14048at5794          -            354   2.6e-26   92.2   0.0   4   4   1.2e-17   2.2e-15   56.2   0.0   182   286  1358  1474  1352  1482 0.80 -
6437_g               -           1542 14048at5794          -            354   2.6e-26   92.2   0.0   1   4   2.1e-07   3.7e-05   22.6   0.0    24    65   966  1015   956  1019 0.74 -
6437_g               -           1542 14048at5794          -            354   2.6e-26   92.2   0.0   2   4      0.43        76    1.8   0.0    69    90  1087  1108  1083  1113 0.88 -
6437_g               -           1542 14048at5794          -            354   2.6e-26   92.2   0.0   3   4      0.03       5.3    5.6   0.0   112   137  1198  1224  1171  1227 0.86 -
6437_g               -           1542 14048at5794          -            354   2.6e-26   92.2   0.0   4   4   1.2e-17   2.2e-15   56.2   0.0   182   286  1358  1474  1352  1482 0.80 -
4813_g               -           1835 14048at5794          -            354   3.8e-22   78.4   0.2   1   2   1.6e-10   2.8e-08   32.8   0.0    15    67   453   505   440   512 0.88 -
4813_g               -           1835 14048at5794          -            354   3.8e-22   78.4   0.2   2   2   1.2e-13   2.2e-11   43.1   0.0   235   272  1322  1359  1315  1365 0.92 -
5285_g               -           1835 14048at5794          -            354   3.8e-22   78.4   0.2   1   2   1.6e-10   2.8e-08   32.8   0.0    15    67   453   505   440   512 0.88 -
5285_g               -           1835 14048at5794          -            354   3.8e-22   78.4   0.2   2   2   1.2e-13   2.2e-11   43.1   0.0   235   272  1322  1359  1315  1365 0.92 -
11141_g              -           1620 14048at5794          -            354   1.9e-20   72.9   0.1   1   4   6.5e-06    0.0012   17.7   0.0    45    94   538   599   526   624 0.70 -
11141_g              -           1620 14048at5794          -            354   1.9e-20   72.9   0.1   2   4   0.00022      0.04   12.6   0.1   111   143   744   776   735   791 0.87 -
11141_g              -           1620 14048at5794          -            354   1.9e-20   72.9   0.1   3   4     0.014       2.5    6.7   0.0   136   160   860   884   856   900 0.85 -
11141_g              -           1620 14048at5794          -            354   1.9e-20   72.9   0.1   4   4   1.3e-09   2.3e-07   29.8   0.0   243   281  1238  1276  1235  1289 0.82 -
11938_g              -           1620 14048at5794          -            354   1.9e-20   72.9   0.1   1   4   6.5e-06    0.0012   17.7   0.0    45    94   538   599   526   624 0.70 -
11938_g              -           1620 14048at5794          -            354   1.9e-20   72.9   0.1   2   4   0.00022      0.04   12.6   0.1   111   143   744   776   735   791 0.87 -
11938_g              -           1620 14048at5794          -            354   1.9e-20   72.9   0.1   3   4     0.014       2.5    6.7   0.0   136   160   860   884   856   900 0.85 -
11938_g              -           1620 14048at5794          -            354   1.9e-20   72.9   0.1   4   4   1.3e-09   2.3e-07   29.8   0.0   243   281  1238  1276  1235  1289 0.82 -
5557_g               -            976 14048at5794          -            354   6.7e-20   71.1   0.0   1   3   1.3e-08   2.3e-06   26.5   0.0    41    84   253   300   240   308 0.86 -
5557_g               -            976 14048at5794          -            354   6.7e-20   71.1   0.0   2   3      0.54        96    1.5   0.0   113   135   373   395   351   406 0.80 -
5557_g               -            976 14048at5794          -            354   6.7e-20   71.1   0.0   3   3   2.3e-12   4.2e-10   38.8   0.0   182   271   560   653   539   658 0.77 -
6691_g               -            976 14048at5794          -            354   6.7e-20   71.1   0.0   1   3   1.3e-08   2.3e-06   26.5   0.0    41    84   253   300   240   308 0.86 -
6691_g               -            976 14048at5794          -            354   6.7e-20   71.1   0.0   2   3      0.54        96    1.5   0.0   113   135   373   395   351   406 0.80 -
6691_g               -            976 14048at5794          -            354   6.7e-20   71.1   0.0   3   3   2.3e-12   4.2e-10   38.8   0.0   182   271   560   653   539   658 0.77 -
2053_g               -           1625 14048at5794          -            354   1.2e-19   70.2   0.5   1   3   3.5e-05    0.0063   15.2   0.0    47    86   597   649   593   655 0.74 -
2053_g               -           1625 14048at5794          -            354   1.2e-19   70.2   0.5   2   3     0.022       3.9    6.1   0.0   112   138   853   879   850   884 0.88 -
2053_g               -           1625 14048at5794          -            354   1.2e-19   70.2   0.5   3   3   5.6e-14   9.9e-12   44.2   0.0   206   273  1238  1310  1233  1315 0.91 -
2205_g               -           1625 14048at5794          -            354   1.2e-19   70.2   0.5   1   3   3.5e-05    0.0063   15.2   0.0    47    86   597   649   593   655 0.74 -
2205_g               -           1625 14048at5794          -            354   1.2e-19   70.2   0.5   2   3     0.022       3.9    6.1   0.0   112   138   853   879   850   884 0.88 -
2205_g               -           1625 14048at5794          -            354   1.2e-19   70.2   0.5   3   3   5.6e-14   9.9e-12   44.2   0.0   206   273  1238  1310  1233  1315 0.91 -
4858_g               -           1901 14048at5794          -            354   2.6e-16   59.3   0.0   1   3     0.025       4.5    5.8   0.0    19    42   573   596   553   598 0.78 -
4858_g               -           1901 14048at5794          -            354   2.6e-16   59.3   0.0   2   3   5.6e-05      0.01   14.6   0.0    42    65   660   683   654   687 0.86 -
4858_g               -           1901 14048at5794          -            354   2.6e-16   59.3   0.0   3   3   5.9e-11     1e-08   34.2   0.0   237   285  1318  1367  1312  1378 0.88 -
5330_g               -           1901 14048at5794          -            354   2.6e-16   59.3   0.0   1   3     0.025       4.5    5.8   0.0    19    42   573   596   553   598 0.78 -
5330_g               -           1901 14048at5794          -            354   2.6e-16   59.3   0.0   2   3   5.6e-05      0.01   14.6   0.0    42    65   660   683   654   687 0.86 -
5330_g               -           1901 14048at5794          -            354   2.6e-16   59.3   0.0   3   3   5.9e-11     1e-08   34.2   0.0   237   285  1318  1367  1312  1378 0.88 -
4372_g               -           1589 14048at5794          -            354   1.3e-15   57.0   0.3   1   6   1.4e-10   2.5e-08   33.0   0.0    20    61   359   400   350   406 0.90 -
4372_g               -           1589 14048at5794          -            354   1.3e-15   57.0   0.3   2   6      0.11        20    3.7   0.0    65    91   496   522   487   530 0.76 -
4372_g               -           1589 14048at5794          -            354   1.3e-15   57.0   0.3   3   6       8.5   1.5e+03   -2.5   0.0   112   127   738   753   735   755 0.85 -
4372_g               -           1589 14048at5794          -            354   1.3e-15   57.0   0.3   4   6       5.7     1e+03   -1.9   0.0   137   160   864   888   861   894 0.81 -
4372_g               -           1589 14048at5794          -            354   1.3e-15   57.0   0.3   5   6      0.68   1.2e+02    1.1   0.0   170   217  1018  1065  1001  1086 0.77 -
4372_g               -           1589 14048at5794          -            354   1.3e-15   57.0   0.3   6   6   0.00045      0.08   11.6   0.0   236   282  1258  1304  1252  1312 0.90 -
8237_g               -           1589 14048at5794          -            354   1.3e-15   57.0   0.3   1   6   1.4e-10   2.5e-08   33.0   0.0    20    61   359   400   350   406 0.90 -
8237_g               -           1589 14048at5794          -            354   1.3e-15   57.0   0.3   2   6      0.11        20    3.7   0.0    65    91   496   522   487   530 0.76 -
8237_g               -           1589 14048at5794          -            354   1.3e-15   57.0   0.3   3   6       8.5   1.5e+03   -2.5   0.0   112   127   738   753   735   755 0.85 -
8237_g               -           1589 14048at5794          -            354   1.3e-15   57.0   0.3   4   6       5.7     1e+03   -1.9   0.0   137   160   864   888   861   894 0.81 -
8237_g               -           1589 14048at5794          -            354   1.3e-15   57.0   0.3   5   6      0.68   1.2e+02    1.1   0.0   170   217  1018  1065  1001  1086 0.77 -
8237_g               -           1589 14048at5794          -            354   1.3e-15   57.0   0.3   6   6   0.00045      0.08   11.6   0.0   236   282  1258  1304  1252  1312 0.90 -
13291_g              -           4933 14048at5794          -            354   9.3e-14   50.9   0.0   1   2   1.4e-10   2.5e-08   33.0   0.0    44    96   946  1009   943  1018 0.81 -
13291_g              -           4933 14048at5794          -            354   9.3e-14   50.9   0.0   2   2   3.3e-05    0.0059   15.3   0.0   235   272  1676  1712  1669  1727 0.85 -
9378_g               -           4933 14048at5794          -            354   9.3e-14   50.9   0.0   1   2   1.4e-10   2.5e-08   33.0   0.0    44    96   946  1009   943  1018 0.81 -
9378_g               -           4933 14048at5794          -            354   9.3e-14   50.9   0.0   2   2   3.3e-05    0.0059   15.3   0.0   235   272  1676  1712  1669  1727 0.85 -
6061_g               -           2864 14048at5794          -            354   2.9e-12   45.9   0.0   1   6       2.6   4.7e+02   -0.8   0.0    16    39   348   371   334   373 0.73 -
6061_g               -           2864 14048at5794          -            354   2.9e-12   45.9   0.0   2   6   0.00039     0.069   11.8   0.0    39    67   458   486   449   490 0.90 -
6061_g               -           2864 14048at5794          -            354   2.9e-12   45.9   0.0   3   6       1.7     3e+02   -0.2   0.0    71    88   555   572   551   579 0.84 -
6061_g               -           2864 14048at5794          -            354   2.9e-12   45.9   0.0   4   6     0.042       7.6    5.1   0.0   113   141  1022  1050  1015  1057 0.83 -
6061_g               -           2864 14048at5794          -            354   2.9e-12   45.9   0.0   5   6   0.00034      0.06   12.0   0.0   182   255  1659  1737  1641  1741 0.88 -
6061_g               -           2864 14048at5794          -            354   2.9e-12   45.9   0.0   6   6    0.0075       1.3    7.6   0.0   256   283  1826  1853  1822  1861 0.90 -
6191_g               -           2864 14048at5794          -            354   2.9e-12   45.9   0.0   1   6       2.6   4.7e+02   -0.8   0.0    16    39   348   371   334   373 0.73 -
6191_g               -           2864 14048at5794          -            354   2.9e-12   45.9   0.0   2   6   0.00039     0.069   11.8   0.0    39    67   458   486   449   490 0.90 -
6191_g               -           2864 14048at5794          -            354   2.9e-12   45.9   0.0   3   6       1.7     3e+02   -0.2   0.0    71    88   555   572   551   579 0.84 -
6191_g               -           2864 14048at5794          -            354   2.9e-12   45.9   0.0   4   6     0.042       7.6    5.1   0.0   113   141  1022  1050  1015  1057 0.83 -
6191_g               -           2864 14048at5794          -            354   2.9e-12   45.9   0.0   5   6   0.00034      0.06   12.0   0.0   182   255  1659  1737  1641  1741 0.88 -
6191_g               -           2864 14048at5794          -            354   2.9e-12   45.9   0.0   6   6    0.0075       1.3    7.6   0.0   256   283  1826  1853  1822  1861 0.90 -
1710_g               -           1767 14048at5794          -            354     3e-12   45.9   0.0   1   4   1.7e-09   3.1e-07   29.4   0.0    17    62   604   649   594   654 0.89 -
1710_g               -           1767 14048at5794          -            354     3e-12   45.9   0.0   2   4      0.14        24    3.4   0.0    67    95   683   711   680   717 0.84 -
1710_g               -           1767 14048at5794          -            354     3e-12   45.9   0.0   3   4     0.011       1.9    7.0   0.0   111   166   794   860   788   863 0.77 -
1710_g               -           1767 14048at5794          -            354     3e-12   45.9   0.0   4   4         2   3.6e+02   -0.4   0.0    47    77  1035  1069  1031  1105 0.85 -
893_g                -           1767 14048at5794          -            354     3e-12   45.9   0.0   1   4   1.7e-09   3.1e-07   29.4   0.0    17    62   604   649   594   654 0.89 -
893_g                -           1767 14048at5794          -            354     3e-12   45.9   0.0   2   4      0.14        24    3.4   0.0    67    95   683   711   680   717 0.84 -
893_g                -           1767 14048at5794          -            354     3e-12   45.9   0.0   3   4     0.011       1.9    7.0   0.0   111   166   794   860   788   863 0.77 -
893_g                -           1767 14048at5794          -            354     3e-12   45.9   0.0   4   4         2   3.6e+02   -0.4   0.0    47    77  1035  1069  1031  1105 0.85 -
4721_g               -           1057 14048at5794          -            354   3.5e-12   45.7   0.1   1   4   4.9e-09   8.8e-07   27.9   0.0    33    66   157   190   110   194 0.92 -
4721_g               -           1057 14048at5794          -            354   3.5e-12   45.7   0.1   2   4     0.037       6.7    5.3   0.0    68    94   306   332   302   340 0.86 -
4721_g               -           1057 14048at5794          -            354   3.5e-12   45.7   0.1   3   4      0.19        34    3.0   0.0   112   136   448   472   444   494 0.87 -
4721_g               -           1057 14048at5794          -            354   3.5e-12   45.7   0.1   4   4       0.9   1.6e+02    0.7   0.0   237   256   673   692   632   695 0.87 -
5193_g               -           1057 14048at5794          -            354   3.5e-12   45.7   0.1   1   4   4.9e-09   8.8e-07   27.9   0.0    33    66   157   190   110   194 0.92 -
5193_g               -           1057 14048at5794          -            354   3.5e-12   45.7   0.1   2   4     0.037       6.7    5.3   0.0    68    94   306   332   302   340 0.86 -
5193_g               -           1057 14048at5794          -            354   3.5e-12   45.7   0.1   3   4      0.19        34    3.0   0.0   112   136   448   472   444   494 0.87 -
5193_g               -           1057 14048at5794          -            354   3.5e-12   45.7   0.1   4   4       0.9   1.6e+02    0.7   0.0   237   256   673   692   632   695 0.87 -
5875_g               -           1652 14048at5794          -            354     2e-10   39.9   0.0   1   2   3.9e-08     7e-06   24.9   0.0    11    60    87   136    80   176 0.83 -
5875_g               -           1652 14048at5794          -            354     2e-10   39.9   0.0   2   2   0.00025     0.045   12.4   0.0   185   278   430   528   424   549 0.85 -
6375_g               -           1652 14048at5794          -            354     2e-10   39.9   0.0   1   2   3.9e-08     7e-06   24.9   0.0    11    60    87   136    80   176 0.83 -
6375_g               -           1652 14048at5794          -            354     2e-10   39.9   0.0   2   2   0.00025     0.045   12.4   0.0   185   278   430   528   424   549 0.85 -
781_g                -            983 14048at5794          -            354   3.3e-10   39.2   1.0   1   4     0.021       3.8    6.1   0.1    67    91   406   430   403   435 0.89 -
781_g                -            983 14048at5794          -            354   3.3e-10   39.2   1.0   2   4     0.044       7.9    5.0   0.0   112   149   489   538   478   561 0.65 -
781_g                -            983 14048at5794          -            354   3.3e-10   39.2   1.0   3   4       7.8   1.4e+03   -2.3   0.0   181   203   806   828   790   832 0.83 -
781_g                -            983 14048at5794          -            354   3.3e-10   39.2   1.0   4   4   1.1e-07     2e-05   23.5   0.0   227   281   916   975   908   981 0.87 -
7501_g               -           1508 14048at5794          -            354     5e-10   38.6   0.0   1   2   1.7e-11     3e-09   36.0   0.0    39    92   721   777   718   787 0.88 -
7501_g               -           1508 14048at5794          -            354     5e-10   38.6   0.0   2   2       1.8   3.2e+02   -0.2   0.0   136   158  1118  1140  1109  1146 0.81 -
7419_g               -           1195 14048at5794          -            354   9.7e-10   37.6   0.0   1   1   1.3e-11   2.3e-09   36.4   0.0    39    92   746   802   743   812 0.88 -
2696_g               -           1973 14048at5794          -            354     2e-06   26.7   0.5   1   2    0.0046      0.82    8.3   0.1    30    61   852   883   838   910 0.82 -
2696_g               -           1973 14048at5794          -            354     2e-06   26.7   0.5   2   2   1.5e-05    0.0027   16.5   0.0   185   286  1183  1290  1169  1297 0.75 -
3377_g               -           1973 14048at5794          -            354     2e-06   26.7   0.5   1   2    0.0046      0.82    8.3   0.1    30    61   852   883   838   910 0.82 -
3377_g               -           1973 14048at5794          -            354     2e-06   26.7   0.5   2   2   1.5e-05    0.0027   16.5   0.0   185   286  1183  1290  1169  1297 0.75 -
3102_g               -           1766 14048at5794          -            354     1e-05   24.4   0.0   1   1   1.5e-07   2.6e-05   23.1   0.0   183   280   946  1048   928  1056 0.89 -
3783_g               -           1766 14048at5794          -            354     1e-05   24.4   0.0   1   1   1.5e-07   2.6e-05   23.1   0.0   183   280   946  1048   928  1056 0.89 -
13512_g              -           1811 14048at5794          -            354    0.0026   16.5   0.0   1   1   2.4e-05    0.0042   15.8   0.0   180   284  1655  1769  1640  1800 0.86 -
9154_g               -           1811 14048at5794          -            354    0.0026   16.5   0.0   1   1   2.4e-05    0.0042   15.8   0.0   180   284  1655  1769  1640  1800 0.86 -
10369_g              -            350 14048at5794          -            354    0.0029   16.3   0.0   1   2   6.1e-05     0.011   14.4   0.0    22    79   159   215   142   231 0.78 -
10369_g              -            350 14048at5794          -            354    0.0029   16.3   0.0   2   2       4.4   7.9e+02   -1.5   0.0   110   123   308   321   282   324 0.63 -
12155_g              -            350 14048at5794          -            354    0.0029   16.3   0.0   1   2   6.1e-05     0.011   14.4   0.0    22    79   159   215   142   231 0.78 -
12155_g              -            350 14048at5794          -            354    0.0029   16.3   0.0   2   2       4.4   7.9e+02   -1.5   0.0   110   123   308   321   282   324 0.63 -
2563_g               -           2717 14048at5794          -            354     0.004   15.9   0.1   1   2    0.0039      0.69    8.5   0.1    42    93   568   622   564   630 0.76 -
2563_g               -           2717 14048at5794          -            354     0.004   15.9   0.1   2   2      0.05       8.9    4.9   0.0   237   270  1933  1966  1926  1975 0.86 -
3244_g               -           2717 14048at5794          -            354     0.004   15.9   0.1   1   2    0.0039      0.69    8.5   0.1    42    93   568   622   564   630 0.76 -
3244_g               -           2717 14048at5794          -            354     0.004   15.9   0.1   2   2      0.05       8.9    4.9   0.0   237   270  1933  1966  1926  1975 0.86 -
11081_g              -           3541 14048at5794          -            354    0.0072   15.0   0.1   1   1   0.00012     0.022   13.4   0.0    22    68   899   946   892   951 0.83 -
11878_g              -           3541 14048at5794          -            354    0.0072   15.0   0.1   1   1   0.00012     0.022   13.4   0.0    22    68   899   946   892   951 0.83 -
14530_g              -             87 14048at5794          -            354     0.036   12.7   0.0   1   1   0.00024     0.043   12.5   0.0   229   255    46    72    39    78 0.89 -
395_g                -           1395 14048at5794          -            354      0.04   12.6   1.0   1   2     0.031       5.5    5.6   0.1    67    91   406   430   403   435 0.89 -
395_g                -           1395 14048at5794          -            354      0.04   12.6   1.0   2   2     0.067        12    4.5   0.0   112   149   489   538   478   561 0.65 -
#
# Program:         hmmsearch
# Version:         3.1b2 (February 2015)
# Pipeline mode:   SEARCH
# Query file:      /mnt/e/Bioinformatics/Semester2/BINP29/Malaria Project/Genomes/Parsed/busco_downloads/lineages/apicomplexa_odb10/hmms/14048at5794.hmm
# Target file:     /mnt/e/Bioinformatics/Semester2/BINP29/Malaria Project/Genomes/Parsed/Tg_new.faa
# Option settings: hmmsearch --domtblout /mnt/e/Bioinformatics/Semester2/BINP29/Malaria Project/Genomes/Parsed/Tg/run_apicomplexa_odb10/hmmer_output/initial_run_results/14048at5794.out --cpu 1 /mnt/e/Bioinformatics/Semester2/BINP29/Malaria Project/Genomes/Parsed/busco_downloads/lineages/apicomplexa_odb10/hmms/14048at5794.hmm /mnt/e/Bioinformatics/Semester2/BINP29/Malaria Project/Genomes/Parsed/Tg_new.faa 
# Current dir:     /mnt/e/Bioinformatics/Semester2/BINP29/Malaria Project/Genomes/Parsed
# Date:            Wed Mar  1 19:34:29 2023
# [ok]
