#                                                                            --- full sequence --- -------------- this domain -------------   hmm coord   ali coord   env coord
# target name        accession   tlen query name           accession   qlen   E-value  score  bias   #  of  c-Evalue  i-Evalue  score  bias  from    to  from    to  from    to  acc description of target
#------------------- ---------- ----- -------------------- ---------- ----- --------- ------ ----- --- --- --------- --------- ------ ----- ----- ----- ----- ----- ----- ----- ---- ---------------------
5655_g               -            660 14227at5794          -            277  2.5e-152  505.8   9.0   1   2   1.4e-17   1.4e-15   57.3   0.2     1    44    44    92    44    95 0.90 -
5655_g               -            660 14227at5794          -            277  2.5e-152  505.8   9.0   2   2  3.2e-137  3.1e-135  449.7   4.1    41   277   165   427   159   427 0.93 -
6591_g               -            660 14227at5794          -            277  2.5e-152  505.8   9.0   1   2   1.4e-17   1.4e-15   57.3   0.2     1    44    44    92    44    95 0.90 -
6591_g               -            660 14227at5794          -            277  2.5e-152  505.8   9.0   2   2  3.2e-137  3.1e-135  449.7   4.1    41   277   165   427   159   427 0.93 -
10713_g              -            473 14227at5794          -            277   5.1e-34  117.7   0.0   1   3   2.6e-17   2.5e-15   56.4   0.0    22   155    90   237    78   261 0.76 -
10713_g              -            473 14227at5794          -            277   5.1e-34  117.7   0.0   2   3   4.7e-07   4.5e-05   22.8   0.0   149   198   258   307   251   313 0.91 -
10713_g              -            473 14227at5794          -            277   5.1e-34  117.7   0.0   3   3     1e-10     1e-08   34.7   0.0   203   277   368   457   359   457 0.78 -
11510_g              -            473 14227at5794          -            277   5.1e-34  117.7   0.0   1   3   2.6e-17   2.5e-15   56.4   0.0    22   155    90   237    78   261 0.76 -
11510_g              -            473 14227at5794          -            277   5.1e-34  117.7   0.0   2   3   4.7e-07   4.5e-05   22.8   0.0   149   198   258   307   251   313 0.91 -
11510_g              -            473 14227at5794          -            277   5.1e-34  117.7   0.0   3   3     1e-10     1e-08   34.7   0.0   203   277   368   457   359   457 0.78 -
10087_g              -           1299 14227at5794          -            277   2.9e-30  105.4   2.2   1   3   4.2e-14   4.1e-12   45.9   1.7    51   155   150   259   135   264 0.84 -
10087_g              -           1299 14227at5794          -            277   2.9e-30  105.4   2.2   2   3   2.9e-13   2.8e-11   43.1   0.0   166   236   356   425   348   433 0.89 -
10087_g              -           1299 14227at5794          -            277   2.9e-30  105.4   2.2   3   3   0.00072     0.069   12.3   0.0   249   277   477   505   465   505 0.94 -
12434_g              -           1299 14227at5794          -            277   2.9e-30  105.4   2.2   1   3   4.2e-14   4.1e-12   45.9   1.7    51   155   150   259   135   264 0.84 -
12434_g              -           1299 14227at5794          -            277   2.9e-30  105.4   2.2   2   3   2.9e-13   2.8e-11   43.1   0.0   166   236   356   425   348   433 0.89 -
12434_g              -           1299 14227at5794          -            277   2.9e-30  105.4   2.2   3   3   0.00072     0.069   12.3   0.0   249   277   477   505   465   505 0.94 -
6953_g               -            753 14227at5794          -            277   4.3e-29  101.6   0.2   1   2   2.8e-20   2.7e-18   66.1   1.1    22   155    10   159     3   170 0.76 -
6953_g               -            753 14227at5794          -            277   4.3e-29  101.6   0.2   2   2   9.7e-10   9.3e-08   31.6   0.0   167   276   205   319   201   320 0.77 -
7958_g               -            753 14227at5794          -            277   4.3e-29  101.6   0.2   1   2   2.8e-20   2.7e-18   66.1   1.1    22   155    10   159     3   170 0.76 -
7958_g               -            753 14227at5794          -            277   4.3e-29  101.6   0.2   2   2   9.7e-10   9.3e-08   31.6   0.0   167   276   205   319   201   320 0.77 -
13409_g              -            683 14227at5794          -            277     1e-24   87.2   0.2   1   1   2.4e-26   2.3e-24   86.1   0.2    45   276   242   468   217   469 0.73 -
9259_g               -            683 14227at5794          -            277     1e-24   87.2   0.2   1   1   2.4e-26   2.3e-24   86.1   0.2    45   276   242   468   217   469 0.73 -
6076_g               -            878 14227at5794          -            277   6.3e-23   81.3   0.0   1   3      0.42        40    3.2   0.0    22    43   261   282   256   292 0.85 -
6076_g               -            878 14227at5794          -            277   6.3e-23   81.3   0.0   2   3   5.9e-22   5.7e-20   71.6   0.0   107   232   561   693   557   699 0.83 -
6076_g               -            878 14227at5794          -            277   6.3e-23   81.3   0.0   3   3      0.78        75    2.4   0.0   249   276   736   763   723   764 0.92 -
6176_g               -            878 14227at5794          -            277   6.3e-23   81.3   0.0   1   3      0.42        40    3.2   0.0    22    43   261   282   256   292 0.85 -
6176_g               -            878 14227at5794          -            277   6.3e-23   81.3   0.0   2   3   5.9e-22   5.7e-20   71.6   0.0   107   232   561   693   557   699 0.83 -
6176_g               -            878 14227at5794          -            277   6.3e-23   81.3   0.0   3   3      0.78        75    2.4   0.0   249   276   736   763   723   764 0.92 -
3087_g               -            544 14227at5794          -            277   3.8e-22   78.8   0.8   1   1   2.4e-23   2.3e-21   76.2   0.8    21   276    72   333    60   334 0.77 -
3768_g               -            544 14227at5794          -            277   3.8e-22   78.8   0.8   1   1   2.4e-23   2.3e-21   76.2   0.8    21   276    72   333    60   334 0.77 -
2139_g               -            565 14227at5794          -            277   2.5e-21   76.1   1.4   1   2   6.7e-15   6.5e-13   48.5   0.6    20   163    46   208    36   219 0.79 -
2139_g               -            565 14227at5794          -            277   2.5e-21   76.1   1.4   2   2   5.3e-08   5.1e-06   25.9   0.0   170   276   272   365   269   366 0.82 -
2420_g               -            565 14227at5794          -            277   2.5e-21   76.1   1.4   1   2   6.7e-15   6.5e-13   48.5   0.6    20   163    46   208    36   219 0.79 -
2420_g               -            565 14227at5794          -            277   2.5e-21   76.1   1.4   2   2   5.3e-08   5.1e-06   25.9   0.0   170   276   272   365   269   366 0.82 -
5016_g               -           4659 14227at5794          -            277   1.2e-20   73.8   0.0   1   1   2.9e-22   2.8e-20   72.7   0.0    98   270  4274  4463  4229  4467 0.75 -
5488_g               -           4659 14227at5794          -            277   1.2e-20   73.8   0.0   1   1   2.9e-22   2.8e-20   72.7   0.0    98   270  4274  4463  4229  4467 0.75 -
7894_g               -           1350 14227at5794          -            277   4.4e-20   72.0   0.3   1   3    0.0044      0.42    9.7   0.1    43    95   603   658   586   667 0.72 -
7894_g               -           1350 14227at5794          -            277   4.4e-20   72.0   0.3   2   3     1e-16     1e-14   54.4   0.0    92   207   734   848   721   862 0.90 -
7894_g               -           1350 14227at5794          -            277   4.4e-20   72.0   0.3   3   3      0.22        21    4.2   0.0   251   276   877   902   870   903 0.93 -
7017_g               -           1369 14227at5794          -            277   4.6e-20   71.9   0.3   1   3    0.0044      0.43    9.7   0.1    43    95   622   677   605   686 0.72 -
7017_g               -           1369 14227at5794          -            277   4.6e-20   71.9   0.3   2   3   1.1e-16     1e-14   54.4   0.0    92   207   753   867   740   881 0.90 -
7017_g               -           1369 14227at5794          -            277   4.6e-20   71.9   0.3   3   3      0.22        22    4.1   0.0   251   276   896   921   889   922 0.93 -
3025_g               -            739 14227at5794          -            277   1.1e-19   70.7   0.3   1   4   7.4e-11   7.1e-09   35.2   0.0    58   148    89   181    85   191 0.84 -
3025_g               -            739 14227at5794          -            277   1.1e-19   70.7   0.3   2   4   0.00091     0.088   12.0   0.0   144   194   257   310   250   314 0.84 -
3025_g               -            739 14227at5794          -            277   1.1e-19   70.7   0.3   3   4     0.021         2    7.5   0.0   199   228   380   409   375   428 0.85 -
3025_g               -            739 14227at5794          -            277   1.1e-19   70.7   0.3   4   4    0.0045      0.44    9.7   0.0   250   277   462   489   456   489 0.95 -
3706_g               -            739 14227at5794          -            277   1.1e-19   70.7   0.3   1   4   7.4e-11   7.1e-09   35.2   0.0    58   148    89   181    85   191 0.84 -
3706_g               -            739 14227at5794          -            277   1.1e-19   70.7   0.3   2   4   0.00091     0.088   12.0   0.0   144   194   257   310   250   314 0.84 -
3706_g               -            739 14227at5794          -            277   1.1e-19   70.7   0.3   3   4     0.021         2    7.5   0.0   199   228   380   409   375   428 0.85 -
3706_g               -            739 14227at5794          -            277   1.1e-19   70.7   0.3   4   4    0.0045      0.44    9.7   0.0   250   277   462   489   456   489 0.95 -
4677_g               -            799 14227at5794          -            277   1.8e-18   66.7   0.0   1   1   4.7e-20   4.5e-18   65.4   0.0    51   222   318   492   272   537 0.69 -
5149_g               -            799 14227at5794          -            277   1.8e-18   66.7   0.0   1   1   4.7e-20   4.5e-18   65.4   0.0    51   222   318   492   272   537 0.69 -
7280_g               -            516 14227at5794          -            277     2e-18   66.6   0.1   1   4   2.6e-08   2.5e-06   26.9   0.1    58   155   125   223   120   229 0.78 -
7280_g               -            516 14227at5794          -            277     2e-18   66.6   0.1   2   4   6.3e-06   0.00061   19.1   0.0   165   201   272   308   265   319 0.90 -
7280_g               -            516 14227at5794          -            277     2e-18   66.6   0.1   3   4       5.2     5e+02   -0.4   0.0   205   228   401   424   389   429 0.88 -
7280_g               -            516 14227at5794          -            277     2e-18   66.6   0.1   4   4   0.00013     0.013   14.7   0.0   248   277   467   496   453   496 0.92 -
7638_g               -            516 14227at5794          -            277     2e-18   66.6   0.1   1   4   2.6e-08   2.5e-06   26.9   0.1    58   155   125   223   120   229 0.78 -
7638_g               -            516 14227at5794          -            277     2e-18   66.6   0.1   2   4   6.3e-06   0.00061   19.1   0.0   165   201   272   308   265   319 0.90 -
7638_g               -            516 14227at5794          -            277     2e-18   66.6   0.1   3   4       5.2     5e+02   -0.4   0.0   205   228   401   424   389   429 0.88 -
7638_g               -            516 14227at5794          -            277     2e-18   66.6   0.1   4   4   0.00013     0.013   14.7   0.0   248   277   467   496   453   496 0.92 -
13451_g              -            961 14227at5794          -            277   3.4e-18   65.8   0.0   1   1   1.6e-19   1.6e-17   63.6   0.0    54   276   529   743   484   744 0.78 -
9214_g               -            961 14227at5794          -            277   3.4e-18   65.8   0.0   1   1   1.6e-19   1.6e-17   63.6   0.0    54   276   529   743   484   744 0.78 -
12862_g              -           3671 14227at5794          -            277   2.8e-17   62.8   0.2   1   1   9.7e-19   9.4e-17   61.1   0.1    23   207  3068  3269  3048  3284 0.77 -
8981_g               -           3671 14227at5794          -            277   2.8e-17   62.8   0.2   1   1   9.7e-19   9.4e-17   61.1   0.1    23   207  3068  3269  3048  3284 0.77 -
6709_g               -           1885 14227at5794          -            277   4.4e-17   62.2   0.0   1   1   1.7e-16   1.7e-14   53.7   0.0   104   276   852  1070   848  1071 0.70 -
8200_g               -           1885 14227at5794          -            277   4.4e-17   62.2   0.0   1   1   1.7e-16   1.7e-14   53.7   0.0   104   276   852  1070   848  1071 0.70 -
4581_g               -            235 14227at5794          -            277   9.3e-17   61.1   0.0   1   1   1.4e-18   1.3e-16   60.6   0.0   103   220    57   173    45   187 0.86 -
8596_g               -            235 14227at5794          -            277   9.3e-17   61.1   0.0   1   1   1.4e-18   1.3e-16   60.6   0.0   103   220    57   173    45   187 0.86 -
2966_g               -           1606 14227at5794          -            277   1.2e-16   60.7   0.1   1   1   2.1e-18     2e-16   60.0   0.1    22   209   110   334   103   351 0.76 -
3647_g               -           1606 14227at5794          -            277   1.2e-16   60.7   0.1   1   1   2.1e-18     2e-16   60.0   0.1    22   209   110   334   103   351 0.76 -
10747_g              -            759 14227at5794          -            277   1.6e-14   53.7   0.0   1   2   8.4e-14   8.1e-12   44.9   0.0    45   159   214   338   192   349 0.75 -
10747_g              -            759 14227at5794          -            277   1.6e-14   53.7   0.0   2   2     0.049       4.8    6.3   0.0   248   277   477   506   458   506 0.89 -
11544_g              -            759 14227at5794          -            277   1.6e-14   53.7   0.0   1   2   8.4e-14   8.1e-12   44.9   0.0    45   159   214   338   192   349 0.75 -
11544_g              -            759 14227at5794          -            277   1.6e-14   53.7   0.0   2   2     0.049       4.8    6.3   0.0   248   277   477   506   458   506 0.89 -
12237_g              -           3195 14227at5794          -            277   3.5e-14   52.6   0.0   1   1   6.2e-16   5.9e-14   51.9   0.0    23   276   187   442   184   443 0.73 -
10129_g              -           1385 14227at5794          -            277   3.7e-14   52.6   0.4   1   2   2.3e-12   2.2e-10   40.2   0.2   105   228  1125  1245  1002  1267 0.69 -
10129_g              -           1385 14227at5794          -            277   3.7e-14   52.6   0.4   2   2     0.007      0.67    9.1   0.0   247   276  1317  1346  1295  1347 0.85 -
12392_g              -           1385 14227at5794          -            277   3.7e-14   52.6   0.4   1   2   2.3e-12   2.2e-10   40.2   0.2   105   228  1125  1245  1002  1267 0.69 -
12392_g              -           1385 14227at5794          -            277   3.7e-14   52.6   0.4   2   2     0.007      0.67    9.1   0.0   247   276  1317  1346  1295  1347 0.85 -
10287_g              -           3288 14227at5794          -            277   3.7e-14   52.6   0.0   1   1   6.4e-16   6.1e-14   51.8   0.0    23   276   280   535   277   536 0.73 -
2923_g               -           2034 14227at5794          -            277   1.1e-13   51.0   0.0   1   1   2.2e-15   2.1e-13   50.1   0.0   109   207   884   981   836   996 0.81 -
3604_g               -           2034 14227at5794          -            277   1.1e-13   51.0   0.0   1   1   2.2e-15   2.1e-13   50.1   0.0   109   207   884   981   836   996 0.81 -
2160_g               -           1907 14227at5794          -            277     2e-13   50.1   0.1   1   1   4.4e-15   4.2e-13   49.1   0.1    98   223  1146  1281  1122  1323 0.83 -
2469_g               -           1907 14227at5794          -            277     2e-13   50.1   0.1   1   1   4.4e-15   4.2e-13   49.1   0.1    98   223  1146  1281  1122  1323 0.83 -
10004_g              -           1827 14227at5794          -            277   1.6e-12   47.2   0.4   1   1   3.3e-14   3.2e-12   46.2   0.1    53   224  1558  1726  1506  1746 0.71 -
12514_g              -           1827 14227at5794          -            277   1.6e-12   47.2   0.4   1   1   3.3e-14   3.2e-12   46.2   0.1    53   224  1558  1726  1506  1746 0.71 -
13486_g              -            421 14227at5794          -            277   2.8e-12   46.4   0.8   1   1   4.3e-14   4.2e-12   45.8   0.8    50   209   239   397   225   408 0.81 -
9179_g               -            421 14227at5794          -            277   2.8e-12   46.4   0.8   1   1   4.3e-14   4.2e-12   45.8   0.8    50   209   239   397   225   408 0.81 -
10700_g              -           3829 14227at5794          -            277   1.1e-11   44.4   0.0   1   1   2.8e-13   2.7e-11   43.2   0.0   111   200   367   455   253   469 0.82 -
11497_g              -           3829 14227at5794          -            277   1.1e-11   44.4   0.0   1   1   2.8e-13   2.7e-11   43.2   0.0   111   200   367   455   253   469 0.82 -
4789_g               -           1639 14227at5794          -            277     2e-11   43.6   0.8   1   3   0.00014     0.013   14.7   0.0    22   140  1196  1338  1191  1344 0.64 -
4789_g               -           1639 14227at5794          -            277     2e-11   43.6   0.8   2   3   1.6e-06   0.00016   21.0   0.0   146   225  1436  1511  1430  1526 0.72 -
4789_g               -           1639 14227at5794          -            277     2e-11   43.6   0.8   3   3       0.2        19    4.3   0.0   249   276  1602  1629  1579  1630 0.79 -
5261_g               -           1639 14227at5794          -            277     2e-11   43.6   0.8   1   3   0.00014     0.013   14.7   0.0    22   140  1196  1338  1191  1344 0.64 -
5261_g               -           1639 14227at5794          -            277     2e-11   43.6   0.8   2   3   1.6e-06   0.00016   21.0   0.0   146   225  1436  1511  1430  1526 0.72 -
5261_g               -           1639 14227at5794          -            277     2e-11   43.6   0.8   3   3       0.2        19    4.3   0.0   249   276  1602  1629  1579  1630 0.79 -
6553_g               -            903 14227at5794          -            277   2.2e-11   43.5   0.1   1   2   9.9e-09   9.5e-07   28.3   0.0    55   139   506   592   479   597 0.72 -
6553_g               -            903 14227at5794          -            277   2.2e-11   43.5   0.1   2   2     0.009      0.87    8.7   0.0   170   210   810   849   805   899 0.83 -
4471_g               -            867 14227at5794          -            277   2.5e-11   43.3   0.0   1   2   1.1e-07     1e-05   24.9   0.0   102   138   374   410   363   416 0.90 -
4471_g               -            867 14227at5794          -            277   2.5e-11   43.3   0.0   2   2   4.8e-05    0.0046   16.2   0.0   168   219   762   816   722   863 0.72 -
8486_g               -            867 14227at5794          -            277   2.5e-11   43.3   0.0   1   2   1.1e-07     1e-05   24.9   0.0   102   138   374   410   363   416 0.90 -
8486_g               -            867 14227at5794          -            277   2.5e-11   43.3   0.0   2   2   4.8e-05    0.0046   16.2   0.0   168   219   762   816   722   863 0.72 -
4324_g               -           2455 14227at5794          -            277   4.6e-11   42.4   0.0   1   3       1.5   1.4e+02    1.4   0.0    24    82   464   532   449   546 0.70 -
4324_g               -           2455 14227at5794          -            277   4.6e-11   42.4   0.0   2   3   2.5e-10   2.4e-08   33.5   0.0   111   159   578   629   568   641 0.84 -
4324_g               -           2455 14227at5794          -            277   4.6e-11   42.4   0.0   3   3      0.42        41    3.2   0.0   249   277   920   948   909   948 0.86 -
8283_g               -           2455 14227at5794          -            277   4.6e-11   42.4   0.0   1   3       1.5   1.4e+02    1.4   0.0    24    82   464   532   449   546 0.70 -
8283_g               -           2455 14227at5794          -            277   4.6e-11   42.4   0.0   2   3   2.5e-10   2.4e-08   33.5   0.0   111   159   578   629   568   641 0.84 -
8283_g               -           2455 14227at5794          -            277   4.6e-11   42.4   0.0   3   3      0.42        41    3.2   0.0   249   277   920   948   909   948 0.86 -
5694_g               -            917 14227at5794          -            277   9.4e-11   41.4   0.1   1   2     1e-08   9.7e-07   28.2   0.0    55   139   506   592   479   597 0.72 -
5694_g               -            917 14227at5794          -            277   9.4e-11   41.4   0.1   2   2      0.01         1    8.5   0.0   170   209   810   848   805   899 0.89 -
4268_g               -           1658 14227at5794          -            277   1.1e-10   41.2   0.2   1   2   3.6e-09   3.5e-07   29.7   0.0    99   154   929   982   904   988 0.80 -
4268_g               -           1658 14227at5794          -            277   1.1e-10   41.2   0.2   2   2    0.0061      0.59    9.3   0.0   170   199  1373  1401  1363  1409 0.84 -
8337_g               -           1658 14227at5794          -            277   1.1e-10   41.2   0.2   1   2   3.6e-09   3.5e-07   29.7   0.0    99   154   929   982   904   988 0.80 -
8337_g               -           1658 14227at5794          -            277   1.1e-10   41.2   0.2   2   2    0.0061      0.59    9.3   0.0   170   199  1373  1401  1363  1409 0.84 -
3134_g               -           1389 14227at5794          -            277   1.5e-10   40.8   0.1   1   2     2e-07     2e-05   23.9   0.2    51   138  1006  1097   994  1105 0.78 -
3134_g               -           1389 14227at5794          -            277   1.5e-10   40.8   0.1   2   2   0.00022     0.021   14.0   0.0   145   275  1212  1331  1209  1333 0.83 -
3815_g               -           1389 14227at5794          -            277   1.5e-10   40.8   0.1   1   2     2e-07     2e-05   23.9   0.2    51   138  1006  1097   994  1105 0.78 -
3815_g               -           1389 14227at5794          -            277   1.5e-10   40.8   0.1   2   2   0.00022     0.021   14.0   0.0   145   275  1212  1331  1209  1333 0.83 -
10360_g              -           2215 14227at5794          -            277   4.4e-10   39.2   0.0   1   1   9.2e-12   8.9e-10   38.2   0.0   114   275    54   206    46   208 0.78 -
12164_g              -           2274 14227at5794          -            277   4.6e-10   39.1   0.0   1   1   9.5e-12   9.2e-10   38.2   0.0   114   275    54   206    46   208 0.78 -
2533_g               -           1069 14227at5794          -            277   5.1e-10   39.0   0.0   1   1   1.7e-11   1.7e-09   37.3   0.0    20   211   454   661   448   671 0.67 -
3214_g               -           1069 14227at5794          -            277   5.1e-10   39.0   0.0   1   1   1.7e-11   1.7e-09   37.3   0.0    20   211   454   661   448   671 0.67 -
7430_g               -            802 14227at5794          -            277   1.2e-09   37.8   0.0   1   2       0.3        29    3.7   0.0    21    45   353   377   348   412 0.83 -
7430_g               -            802 14227at5794          -            277   1.2e-09   37.8   0.0   2   2   3.9e-09   3.7e-07   29.6   0.0    51   134   487   574   455   577 0.72 -
7490_g               -            802 14227at5794          -            277   1.2e-09   37.8   0.0   1   2       0.3        29    3.7   0.0    21    45   353   377   348   412 0.83 -
7490_g               -            802 14227at5794          -            277   1.2e-09   37.8   0.0   2   2   3.9e-09   3.7e-07   29.6   0.0    51   134   487   574   455   577 0.72 -
7151_g               -            583 14227at5794          -            277   7.4e-09   35.2   1.8   1   3   6.9e-09   6.7e-07   28.8   0.2    94   157    70   132    34   141 0.84 -
7151_g               -            583 14227at5794          -            277   7.4e-09   35.2   1.8   2   3      0.44        42    3.2   0.0   184   207   249   272   246   278 0.89 -
7151_g               -            583 14227at5794          -            277   7.4e-09   35.2   1.8   3   3         3   2.9e+02    0.4   0.0   123   147   455   479   453   483 0.86 -
7766_g               -            583 14227at5794          -            277   7.4e-09   35.2   1.8   1   3   6.9e-09   6.7e-07   28.8   0.2    94   157    70   132    34   141 0.84 -
7766_g               -            583 14227at5794          -            277   7.4e-09   35.2   1.8   2   3      0.44        42    3.2   0.0   184   207   249   272   246   278 0.89 -
7766_g               -            583 14227at5794          -            277   7.4e-09   35.2   1.8   3   3         3   2.9e+02    0.4   0.0   123   147   455   479   453   483 0.86 -
3002_g               -            565 14227at5794          -            277     1e-08   34.7   0.0   1   2   7.4e-10   7.1e-08   32.0   0.0   103   157   310   363   238   389 0.75 -
3002_g               -            565 14227at5794          -            277     1e-08   34.7   0.0   2   2       3.4   3.3e+02    0.3   0.0   184   208   428   452   421   475 0.82 -
3683_g               -            565 14227at5794          -            277     1e-08   34.7   0.0   1   2   7.4e-10   7.1e-08   32.0   0.0   103   157   310   363   238   389 0.75 -
3683_g               -            565 14227at5794          -            277     1e-08   34.7   0.0   2   2       3.4   3.3e+02    0.3   0.0   184   208   428   452   421   475 0.82 -
6740_g               -           5120 14227at5794          -            277   8.6e-08   31.7   0.0   1   1   1.4e-09   1.3e-07   31.1   0.0   113   158  4788  4833  4776  4839 0.91 -
8170_g               -           5120 14227at5794          -            277   8.6e-08   31.7   0.0   1   1   1.4e-09   1.3e-07   31.1   0.0   113   158  4788  4833  4776  4839 0.91 -
2569_g               -           1081 14227at5794          -            277   8.7e-08   31.7   0.0   1   3      0.73        70    2.5   0.0   105   131   465   491   445   499 0.86 -
2569_g               -           1081 14227at5794          -            277   8.7e-08   31.7   0.0   2   3   6.3e-07   6.1e-05   22.3   0.0   128   213   576   659   570   675 0.87 -
2569_g               -           1081 14227at5794          -            277   8.7e-08   31.7   0.0   3   3      0.53        51    2.9   0.0   246   276   918   948   894   949 0.88 -
3250_g               -           1081 14227at5794          -            277   8.7e-08   31.7   0.0   1   3      0.73        70    2.5   0.0   105   131   465   491   445   499 0.86 -
3250_g               -           1081 14227at5794          -            277   8.7e-08   31.7   0.0   2   3   6.3e-07   6.1e-05   22.3   0.0   128   213   576   659   570   675 0.87 -
3250_g               -           1081 14227at5794          -            277   8.7e-08   31.7   0.0   3   3      0.53        51    2.9   0.0   246   276   918   948   894   949 0.88 -
1158_g               -           1198 14227at5794          -            277   1.7e-07   30.7   1.1   1   4       6.7   6.4e+02   -0.7   0.0    56    77   441   462   439   471 0.88 -
1158_g               -           1198 14227at5794          -            277   1.7e-07   30.7   1.1   2   4   0.00013     0.012   14.8   0.1   110   141   599   630   592   634 0.86 -
1158_g               -           1198 14227at5794          -            277   1.7e-07   30.7   1.1   3   4      0.13        13    4.9   0.0   171   224   989  1041   980  1046 0.75 -
1158_g               -           1198 14227at5794          -            277   1.7e-07   30.7   1.1   4   4     0.052       5.1    6.2   0.0   249   277  1161  1189  1157  1189 0.93 -
1479_g               -           1198 14227at5794          -            277   1.7e-07   30.7   1.1   1   4       6.7   6.4e+02   -0.7   0.0    56    77   441   462   439   471 0.88 -
1479_g               -           1198 14227at5794          -            277   1.7e-07   30.7   1.1   2   4   0.00013     0.012   14.8   0.1   110   141   599   630   592   634 0.86 -
1479_g               -           1198 14227at5794          -            277   1.7e-07   30.7   1.1   3   4      0.13        13    4.9   0.0   171   224   989  1041   980  1046 0.75 -
1479_g               -           1198 14227at5794          -            277   1.7e-07   30.7   1.1   4   4     0.052       5.1    6.2   0.0   249   277  1161  1189  1157  1189 0.93 -
4267_g               -           1764 14227at5794          -            277   2.8e-07   30.0   0.2   1   1     1e-08   9.9e-07   28.2   0.1   108   140   274   306   216   311 0.77 -
8338_g               -           1764 14227at5794          -            277   2.8e-07   30.0   0.2   1   1     1e-08   9.9e-07   28.2   0.1   108   140   274   306   216   311 0.77 -
2961_g               -           1758 14227at5794          -            277   2.9e-07   29.9   0.0   1   3       9.6   9.2e+02   -1.2   0.0    55   109   408   460   386   462 0.74 -
2961_g               -           1758 14227at5794          -            277   2.9e-07   29.9   0.0   2   3   1.1e-05     0.001   18.3   0.0   110   143   558   591   545   627 0.84 -
2961_g               -           1758 14227at5794          -            277   2.9e-07   29.9   0.0   3   3     0.016       1.5    7.9   0.0   164   213   761   809   757   822 0.81 -
3642_g               -           1758 14227at5794          -            277   2.9e-07   29.9   0.0   1   3       9.6   9.2e+02   -1.2   0.0    55   109   408   460   386   462 0.74 -
3642_g               -           1758 14227at5794          -            277   2.9e-07   29.9   0.0   2   3   1.1e-05     0.001   18.3   0.0   110   143   558   591   545   627 0.84 -
3642_g               -           1758 14227at5794          -            277   2.9e-07   29.9   0.0   3   3     0.016       1.5    7.9   0.0   164   213   761   809   757   822 0.81 -
1564_g               -           1106 14227at5794          -            277   3.1e-07   29.9   0.0   1   1   7.9e-08   7.6e-06   25.3   0.0   111   276   385   584   377   585 0.67 -
4333_g               -            958 14227at5794          -            277   3.3e-07   29.8   0.1   1   1   7.7e-09   7.4e-07   28.6   0.1   113   159   743   791   643   802 0.86 -
8275_g               -            958 14227at5794          -            277   3.3e-07   29.8   0.1   1   1   7.7e-09   7.4e-07   28.6   0.1   113   159   743   791   643   802 0.86 -
1074_g               -           1131 14227at5794          -            277   3.3e-07   29.8   0.0   1   1   8.2e-08   7.9e-06   25.3   0.0   111   276   385   584   377   585 0.67 -
10680_g              -           1715 14227at5794          -            277   5.1e-07   29.2   0.0   1   3     0.011       1.1    8.4   0.1    50   130  1074  1161  1030  1164 0.63 -
10680_g              -           1715 14227at5794          -            277   5.1e-07   29.2   0.0   2   3   6.4e-05    0.0061   15.8   0.0   131   198  1199  1266  1191  1273 0.81 -
10680_g              -           1715 14227at5794          -            277   5.1e-07   29.2   0.0   3   3       2.8   2.7e+02    0.5   0.0   248   277  1504  1533  1500  1533 0.94 -
11477_g              -           1715 14227at5794          -            277   5.1e-07   29.2   0.0   1   3     0.011       1.1    8.4   0.1    50   130  1074  1161  1030  1164 0.63 -
11477_g              -           1715 14227at5794          -            277   5.1e-07   29.2   0.0   2   3   6.4e-05    0.0061   15.8   0.0   131   198  1199  1266  1191  1273 0.81 -
11477_g              -           1715 14227at5794          -            277   5.1e-07   29.2   0.0   3   3       2.8   2.7e+02    0.5   0.0   248   277  1504  1533  1500  1533 0.94 -
10934_g              -            771 14227at5794          -            277   6.2e-07   28.9   0.8   1   1   1.4e-08   1.3e-06   27.8   0.8    22   158   179   330   175   340 0.69 -
11731_g              -            771 14227at5794          -            277   6.2e-07   28.9   0.8   1   1   1.4e-08   1.3e-06   27.8   0.8    22   158   179   330   175   340 0.69 -
2157_g               -           3070 14227at5794          -            277     7e-07   28.7   0.0   1   2   0.00059     0.057   12.6   0.0   108   139  2094  2125  2074  2129 0.82 -
2157_g               -           3070 14227at5794          -            277     7e-07   28.7   0.0   2   2   0.00047     0.045   12.9   0.0   143   210  2922  2988  2914  3052 0.75 -
2466_g               -           3070 14227at5794          -            277     7e-07   28.7   0.0   1   2   0.00059     0.057   12.6   0.0   108   139  2094  2125  2074  2129 0.82 -
2466_g               -           3070 14227at5794          -            277     7e-07   28.7   0.0   2   2   0.00047     0.045   12.9   0.0   143   210  2922  2988  2914  3052 0.75 -
5014_g               -            368 14227at5794          -            277   7.7e-07   28.6   0.0   1   1   2.2e-08   2.2e-06   27.1   0.0   114   231   181   309   148   322 0.78 -
5486_g               -            368 14227at5794          -            277   7.7e-07   28.6   0.0   1   1   2.2e-08   2.2e-06   27.1   0.0   114   231   181   309   148   322 0.78 -
6831_g               -           1099 14227at5794          -            277   1.1e-06   28.1   0.0   1   2   7.2e-07   6.9e-05   22.2   0.0   127   179   639   690   619   697 0.91 -
6831_g               -           1099 14227at5794          -            277   1.1e-06   28.1   0.0   2   2      0.32        31    3.6   0.0   183   209   719   745   709   761 0.83 -
8082_g               -           1099 14227at5794          -            277   1.1e-06   28.1   0.0   1   2   7.2e-07   6.9e-05   22.2   0.0   127   179   639   690   619   697 0.91 -
8082_g               -           1099 14227at5794          -            277   1.1e-06   28.1   0.0   2   2      0.32        31    3.6   0.0   183   209   719   745   709   761 0.83 -
693_g                -           1454 14227at5794          -            277   1.6e-06   27.5   0.0   1   1   2.6e-08   2.5e-06   26.9   0.0    51   207   747   910   716   924 0.78 -
479_g                -           1565 14227at5794          -            277   1.7e-06   27.4   0.0   1   1   2.9e-08   2.8e-06   26.7   0.0    51   207   747   910   716   924 0.78 -
11026_g              -           1461 14227at5794          -            277   1.9e-06   27.3   0.0   1   1   3.3e-08   3.1e-06   26.6   0.0   165   225   153   212   144   225 0.85 -
11823_g              -           1461 14227at5794          -            277   1.9e-06   27.3   0.0   1   1   3.3e-08   3.1e-06   26.6   0.0   165   225   153   212   144   225 0.85 -
4720_g               -           1536 14227at5794          -            277   2.7e-06   26.8   0.0   1   2   2.3e-07   2.2e-05   23.8   0.0    96   155   841   899   766   907 0.81 -
4720_g               -           1536 14227at5794          -            277   2.7e-06   26.8   0.0   2   2         3   2.9e+02    0.4   0.0   184   212  1050  1078  1046  1127 0.87 -
5192_g               -           1536 14227at5794          -            277   2.7e-06   26.8   0.0   1   2   2.3e-07   2.2e-05   23.8   0.0    96   155   841   899   766   907 0.81 -
5192_g               -           1536 14227at5794          -            277   2.7e-06   26.8   0.0   2   2         3   2.9e+02    0.4   0.0   184   212  1050  1078  1046  1127 0.87 -
4295_g               -           2612 14227at5794          -            277   6.1e-06   25.6   0.0   1   2   3.7e-05    0.0036   16.5   0.0   103   140   228   265   212   268 0.90 -
4295_g               -           2612 14227at5794          -            277   6.1e-06   25.6   0.0   2   2     0.038       3.7    6.7   0.0   166   227   399   468   386   476 0.75 -
8310_g               -           2612 14227at5794          -            277   6.1e-06   25.6   0.0   1   2   3.7e-05    0.0036   16.5   0.0   103   140   228   265   212   268 0.90 -
8310_g               -           2612 14227at5794          -            277   6.1e-06   25.6   0.0   2   2     0.038       3.7    6.7   0.0   166   227   399   468   386   476 0.75 -
11126_g              -           2705 14227at5794          -            277   6.9e-06   25.4   0.1   1   2       2.2   2.2e+02    0.9   0.0   109   143  1249  1283  1207  1301 0.73 -
11126_g              -           2705 14227at5794          -            277   6.9e-06   25.4   0.1   2   2   2.5e-06   0.00024   20.4   0.0   167   225  1654  1710  1647  1718 0.88 -
11923_g              -           2705 14227at5794          -            277   6.9e-06   25.4   0.1   1   2       2.2   2.2e+02    0.9   0.0   109   143  1249  1283  1207  1301 0.73 -
11923_g              -           2705 14227at5794          -            277   6.9e-06   25.4   0.1   2   2   2.5e-06   0.00024   20.4   0.0   167   225  1654  1710  1647  1718 0.88 -
13372_g              -           2081 14227at5794          -            277   1.1e-05   24.8   0.0   1   2       1.2   1.2e+02    1.7   0.0    21    57  1755  1791  1739  1819 0.71 -
13372_g              -           2081 14227at5794          -            277   1.1e-05   24.8   0.0   2   2     2e-06   0.00019   20.7   0.0   145   220  1921  1992  1914  2007 0.81 -
9296_g               -           2081 14227at5794          -            277   1.1e-05   24.8   0.0   1   2       1.2   1.2e+02    1.7   0.0    21    57  1755  1791  1739  1819 0.71 -
9296_g               -           2081 14227at5794          -            277   1.1e-05   24.8   0.0   2   2     2e-06   0.00019   20.7   0.0   145   220  1921  1992  1914  2007 0.81 -
9501_g               -            874 14227at5794          -            277   2.6e-05   23.5   0.1   1   2   0.00023     0.022   14.0   0.1    95   134   536   575   502   582 0.69 -
9501_g               -            874 14227at5794          -            277   2.6e-05   23.5   0.1   2   2     0.037       3.5    6.7   0.0   181   239   717   770   661   791 0.62 -
13164_g              -            895 14227at5794          -            277   2.8e-05   23.4   0.1   1   2   0.00023     0.022   13.9   0.1    95   134   557   596   523   603 0.69 -
13164_g              -            895 14227at5794          -            277   2.8e-05   23.4   0.1   2   2     0.038       3.6    6.7   0.0   181   239   738   791   682   812 0.62 -
1150_g               -           1948 14227at5794          -            277   4.7e-05   22.7   3.7   1   2      0.17        17    4.5   0.0    93   139   454   500   431   503 0.82 -
1150_g               -           1948 14227at5794          -            277   4.7e-05   22.7   3.7   2   2   1.3e-05    0.0012   18.0   0.0   141   202   845   903   829   942 0.77 -
1488_g               -           2024 14227at5794          -            277   6.4e-05   22.3   4.0   1   2      0.18        18    4.4   0.0    93   139   530   576   508   579 0.82 -
1488_g               -           2024 14227at5794          -            277   6.4e-05   22.3   4.0   2   2   1.3e-05    0.0013   18.0   0.0   141   202   921   979   905  1018 0.77 -
1984_g               -           3291 14227at5794          -            277   0.00016   21.0   0.0   1   1   2.7e-06   0.00026   20.3   0.0   111   147  3133  3169  3123  3180 0.87 -
2276_g               -           3291 14227at5794          -            277   0.00016   21.0   0.0   1   1   2.7e-06   0.00026   20.3   0.0   111   147  3133  3169  3123  3180 0.87 -
5005_g               -            312 14227at5794          -            277    0.0002   20.6   0.2   1   2     2e-05    0.0019   17.4   0.3   106   200   146   242   135   258 0.82 -
5005_g               -            312 14227at5794          -            277    0.0002   20.6   0.2   2   2       1.3   1.2e+02    1.7   0.0   249   277   255   283   240   283 0.82 -
5477_g               -            312 14227at5794          -            277    0.0002   20.6   0.2   1   2     2e-05    0.0019   17.4   0.3   106   200   146   242   135   258 0.82 -
5477_g               -            312 14227at5794          -            277    0.0002   20.6   0.2   2   2       1.3   1.2e+02    1.7   0.0   249   277   255   283   240   283 0.82 -
4793_g               -           3958 14227at5794          -            277   0.00023   20.5   0.0   1   2   4.1e-05    0.0039   16.4   0.0   116   154  1700  1740  1690  1756 0.83 -
4793_g               -           3958 14227at5794          -            277   0.00023   20.5   0.0   2   2       1.4   1.3e+02    1.5   0.0   165   200  1833  1867  1821  1883 0.82 -
5265_g               -           3958 14227at5794          -            277   0.00023   20.5   0.0   1   2   4.1e-05    0.0039   16.4   0.0   116   154  1700  1740  1690  1756 0.83 -
5265_g               -           3958 14227at5794          -            277   0.00023   20.5   0.0   2   2       1.4   1.3e+02    1.5   0.0   165   200  1833  1867  1821  1883 0.82 -
6062_g               -           2041 14227at5794          -            277   0.00024   20.4   0.0   1   2   0.00011      0.01   15.0   0.0   114   154   549   588   540   599 0.86 -
6062_g               -           2041 14227at5794          -            277   0.00024   20.4   0.0   2   2      0.52        50    2.9   0.0   185   205   985  1005   982  1023 0.78 -
6190_g               -           2041 14227at5794          -            277   0.00024   20.4   0.0   1   2   0.00011      0.01   15.0   0.0   114   154   549   588   540   599 0.86 -
6190_g               -           2041 14227at5794          -            277   0.00024   20.4   0.0   2   2      0.52        50    2.9   0.0   185   205   985  1005   982  1023 0.78 -
419_g                -            207 14227at5794          -            277    0.0003   20.1   0.0   1   1   1.8e-05    0.0017   17.6   0.0   208   277    63   149    57   149 0.61 -
756_g                -            207 14227at5794          -            277    0.0003   20.1   0.0   1   1   1.8e-05    0.0017   17.6   0.0   208   277    63   149    57   149 0.61 -
4251_g               -           2420 14227at5794          -            277   0.00038   19.7   0.0   1   1   6.6e-06   0.00064   19.0   0.0    59   156  1786  1885  1756  1893 0.68 -
8354_g               -           2420 14227at5794          -            277   0.00038   19.7   0.0   1   1   6.6e-06   0.00064   19.0   0.0    59   156  1786  1885  1756  1893 0.68 -
166_g                -           1430 14227at5794          -            277   0.00093   18.5   0.0   1   2       3.8   3.6e+02    0.1   0.0    55    93   562   597   552   601 0.80 -
166_g                -           1430 14227at5794          -            277   0.00093   18.5   0.0   2   2     7e-05    0.0067   15.6   0.0   115   208   730   831   718   866 0.79 -
224_g                -           1430 14227at5794          -            277   0.00093   18.5   0.0   1   2       3.8   3.6e+02    0.1   0.0    55    93   562   597   552   601 0.80 -
224_g                -           1430 14227at5794          -            277   0.00093   18.5   0.0   2   2     7e-05    0.0067   15.6   0.0   115   208   730   831   718   866 0.79 -
1173_g               -           2503 14227at5794          -            277    0.0014   17.9   0.0   1   1   3.2e-05    0.0031   16.7   0.0   113   165  2317  2367  2238  2381 0.76 -
1464_g               -           2503 14227at5794          -            277    0.0014   17.9   0.0   1   1   3.2e-05    0.0031   16.7   0.0   113   165  2317  2367  2238  2381 0.76 -
2756_g               -           4255 14227at5794          -            277    0.0016   17.7   0.0   1   2   0.00018     0.017   14.3   0.0    43   152   742   858   723   869 0.71 -
2756_g               -           4255 14227at5794          -            277    0.0016   17.7   0.0   2   2       2.5   2.4e+02    0.7   0.0   167   207   943   982   934   999 0.84 -
3437_g               -           4255 14227at5794          -            277    0.0016   17.7   0.0   1   2   0.00018     0.017   14.3   0.0    43   152   742   858   723   869 0.71 -
3437_g               -           4255 14227at5794          -            277    0.0016   17.7   0.0   2   2       2.5   2.4e+02    0.7   0.0   167   207   943   982   934   999 0.84 -
6409_g               -            809 14227at5794          -            277    0.0023   17.2   0.0   1   2    0.0086      0.83    8.8   0.0   114   139   446   471   425   477 0.91 -
6409_g               -            809 14227at5794          -            277    0.0023   17.2   0.0   2   2     0.058       5.6    6.1   0.0   187   208   660   681   650   687 0.87 -
5975_g               -           1540 14227at5794          -            277    0.0031   16.7   0.7   1   3     0.005      0.48    9.5   0.1    59   131    91   166    81   173 0.83 -
5975_g               -           1540 14227at5794          -            277    0.0031   16.7   0.7   2   3       7.3     7e+02   -0.8   0.0   131   161   193   227   186   243 0.70 -
5975_g               -           1540 14227at5794          -            277    0.0031   16.7   0.7   3   3      0.43        41    3.2   0.0   248   276   498   526   479   527 0.82 -
6277_g               -           1540 14227at5794          -            277    0.0031   16.7   0.7   1   3     0.005      0.48    9.5   0.1    59   131    91   166    81   173 0.83 -
6277_g               -           1540 14227at5794          -            277    0.0031   16.7   0.7   2   3       7.3     7e+02   -0.8   0.0   131   161   193   227   186   243 0.70 -
6277_g               -           1540 14227at5794          -            277    0.0031   16.7   0.7   3   3      0.43        41    3.2   0.0   248   276   498   526   479   527 0.82 -
14893_g              -            276 14227at5794          -            277    0.0036   16.5   0.0   1   1   5.1e-05     0.005   16.1   0.0   113   217    91   192    81   215 0.83 -
9199_g               -           1755 14227at5794          -            277    0.0037   16.5   0.0   1   1   6.7e-05    0.0064   15.7   0.0    15   158    55   209    45   222 0.74 -
13466_g              -           1795 14227at5794          -            277    0.0038   16.4   0.0   1   1   6.9e-05    0.0066   15.7   0.0    15   158    55   209    45   222 0.74 -
10690_g              -           1276 14227at5794          -            277    0.0068   15.6   0.0   1   2    0.0021       0.2   10.8   0.0    58   141   434   524   418   547 0.84 -
10690_g              -           1276 14227at5794          -            277    0.0068   15.6   0.0   2   2      0.67        64    2.6   0.0   170   276   583   684   578   685 0.76 -
11487_g              -           1276 14227at5794          -            277    0.0068   15.6   0.0   1   2    0.0021       0.2   10.8   0.0    58   141   434   524   418   547 0.84 -
11487_g              -           1276 14227at5794          -            277    0.0068   15.6   0.0   2   2      0.67        64    2.6   0.0   170   276   583   684   578   685 0.76 -
550_g                -            572 14227at5794          -            277    0.0071   15.6   0.0   1   1   0.00012     0.011   14.9   0.0   114   276   390   552   382   553 0.77 -
624_g                -            572 14227at5794          -            277    0.0071   15.6   0.0   1   1   0.00012     0.011   14.9   0.0   114   276   390   552   382   553 0.77 -
5838_g               -           1630 14227at5794          -            277    0.0097   15.1   0.0   1   2     0.019       1.8    7.6   0.0   114   139   446   471   427   477 0.91 -
5838_g               -           1630 14227at5794          -            277    0.0097   15.1   0.0   2   2      0.12        12    5.0   0.0   188   208   661   681   650   687 0.87 -
2820_g               -           1055 14227at5794          -            277     0.011   14.9   0.0   1   2       8.6   8.3e+02   -1.1   0.0    25    45    30    50    24    54 0.86 -
2820_g               -           1055 14227at5794          -            277     0.011   14.9   0.0   2   2     0.001     0.096   11.8   0.0   116   139   199   222   186   231 0.88 -
3501_g               -           1055 14227at5794          -            277     0.011   14.9   0.0   1   2       8.6   8.3e+02   -1.1   0.0    25    45    30    50    24    54 0.86 -
3501_g               -           1055 14227at5794          -            277     0.011   14.9   0.0   2   2     0.001     0.096   11.8   0.0   116   139   199   222   186   231 0.88 -
4157_g               -            682 14227at5794          -            277     0.012   14.8   0.0   1   2    0.0073       0.7    9.0   0.0   111   139   351   379   335   384 0.90 -
4157_g               -            682 14227at5794          -            277     0.012   14.8   0.0   2   2      0.57        54    2.8   0.0   171   207   430   465   425   475 0.86 -
8937_g               -            682 14227at5794          -            277     0.012   14.8   0.0   1   2    0.0073       0.7    9.0   0.0   111   139   351   379   335   384 0.90 -
8937_g               -            682 14227at5794          -            277     0.012   14.8   0.0   2   2      0.57        54    2.8   0.0   171   207   430   465   425   475 0.86 -
2650_g               -            176 14227at5794          -            277     0.012   14.8   0.0   1   2       8.2   7.9e+02   -1.0   0.0    24    56    46    78    37    83 0.80 -
2650_g               -            176 14227at5794          -            277     0.012   14.8   0.0   2   2    0.0003     0.029   13.5   0.0   246   277    96   127    58   127 0.83 -
3331_g               -            176 14227at5794          -            277     0.012   14.8   0.0   1   2       8.2   7.9e+02   -1.0   0.0    24    56    46    78    37    83 0.80 -
3331_g               -            176 14227at5794          -            277     0.012   14.8   0.0   2   2    0.0003     0.029   13.5   0.0   246   277    96   127    58   127 0.83 -
1953_g               -           3085 14227at5794          -            277     0.014   14.6   0.0   1   2      0.18        17    4.5   0.0   106   142  1629  1665  1616  1671 0.85 -
1953_g               -           3085 14227at5794          -            277     0.014   14.6   0.0   2   2     0.017       1.6    7.8   0.0   140   221  1757  1845  1750  1869 0.76 -
2307_g               -           3085 14227at5794          -            277     0.014   14.6   0.0   1   2      0.18        17    4.5   0.0   106   142  1629  1665  1616  1671 0.85 -
2307_g               -           3085 14227at5794          -            277     0.014   14.6   0.0   2   2     0.017       1.6    7.8   0.0   140   221  1757  1845  1750  1869 0.76 -
13202_g              -            780 14227at5794          -            277     0.015   14.5   0.0   1   1   0.00024     0.023   13.9   0.0   100   160   539   606   525   628 0.74 -
9464_g               -            780 14227at5794          -            277     0.015   14.5   0.0   1   1   0.00024     0.023   13.9   0.0   100   160   539   606   525   628 0.74 -
4662_g               -            597 14227at5794          -            277     0.032   13.4   0.1   1   2   0.00093     0.089   11.9   0.0   107   201   418   507   346   515 0.73 -
4662_g               -            597 14227at5794          -            277     0.032   13.4   0.1   2   2       8.4   8.1e+02   -1.0   0.0   247   277   520   550   499   550 0.78 -
5134_g               -            597 14227at5794          -            277     0.032   13.4   0.1   1   2   0.00093     0.089   11.9   0.0   107   201   418   507   346   515 0.73 -
5134_g               -            597 14227at5794          -            277     0.032   13.4   0.1   2   2       8.4   8.1e+02   -1.0   0.0   247   277   520   550   499   550 0.78 -
1182_g               -            421 14227at5794          -            277      0.06   12.5   0.0   1   2      0.34        33    3.5   0.0    56    83    17    43    13    67 0.78 -
1182_g               -            421 14227at5794          -            277      0.06   12.5   0.0   2   2     0.066       6.4    5.9   0.0   169   207    98   134    91   192 0.78 -
11108_g              -           2323 14227at5794          -            277     0.068   12.3   0.0   1   1    0.0011      0.11   11.7   0.0   101   158   292   348   265   363 0.87 -
11905_g              -           2323 14227at5794          -            277     0.068   12.3   0.0   1   1    0.0011      0.11   11.7   0.0   101   158   292   348   265   363 0.87 -
13129_g              -            782 14227at5794          -            277     0.088   12.0   0.0   1   2      0.97        94    2.0   0.0   112   144   107   141    37   144 0.85 -
13129_g              -            782 14227at5794          -            277     0.088   12.0   0.0   2   2     0.025       2.4    7.3   0.0   170   208   217   257   202   263 0.74 -
1455_g               -            531 14227at5794          -            277       0.1   11.7   0.0   1   2       0.4        39    3.3   0.0    56    83   127   153   104   177 0.83 -
1455_g               -            531 14227at5794          -            277       0.1   11.7   0.0   2   2     0.095       9.2    5.3   0.0   169   207   208   244   201   301 0.80 -
11027_g              -            956 14227at5794          -            277      0.11   11.6   0.1   1   1    0.0034      0.33   10.1   0.0   106   134   878   906   869   910 0.89 -
11824_g              -            956 14227at5794          -            277      0.11   11.6   0.1   1   1    0.0034      0.33   10.1   0.0   106   134   878   906   869   910 0.89 -
1655_g               -            601 14227at5794          -            277      0.17   11.1   0.0   1   1    0.0028      0.27   10.4   0.0   111   146   245   280   234   289 0.86 -
838_g                -            601 14227at5794          -            277      0.17   11.1   0.0   1   1    0.0028      0.27   10.4   0.0   111   146   245   280   234   289 0.86 -
9536_g               -            780 14227at5794          -            277      0.31   10.2   0.1   1   2      0.97        94    2.0   0.0   112   144   107   141    37   144 0.85 -
9536_g               -            780 14227at5794          -            277      0.31   10.2   0.1   2   2     0.084       8.1    5.5   0.0   188   208   235   255   220   261 0.89 -
#
# Program:         hmmsearch
# Version:         3.1b2 (February 2015)
# Pipeline mode:   SEARCH
# Query file:      /mnt/e/Bioinformatics/Semester2/BINP29/Malaria Project/Genomes/Parsed/busco_downloads/lineages/apicomplexa_odb10/hmms/14227at5794.hmm
# Target file:     /mnt/e/Bioinformatics/Semester2/BINP29/Malaria Project/Genomes/Parsed/Tg_new.faa
# Option settings: hmmsearch --domtblout /mnt/e/Bioinformatics/Semester2/BINP29/Malaria Project/Genomes/Parsed/Tg/run_apicomplexa_odb10/hmmer_output/initial_run_results/14227at5794.out --cpu 1 /mnt/e/Bioinformatics/Semester2/BINP29/Malaria Project/Genomes/Parsed/busco_downloads/lineages/apicomplexa_odb10/hmms/14227at5794.hmm /mnt/e/Bioinformatics/Semester2/BINP29/Malaria Project/Genomes/Parsed/Tg_new.faa 
# Current dir:     /mnt/e/Bioinformatics/Semester2/BINP29/Malaria Project/Genomes/Parsed
# Date:            Wed Mar  1 19:34:30 2023
# [ok]
