#                                                                            --- full sequence --- -------------- this domain -------------   hmm coord   ali coord   env coord
# target name        accession   tlen query name           accession   qlen   E-value  score  bias   #  of  c-Evalue  i-Evalue  score  bias  from    to  from    to  from    to  acc description of target
#------------------- ---------- ----- -------------------- ---------- ----- --------- ------ ----- --- --- --------- --------- ------ ----- ----- ----- ----- ----- ----- ----- ---- ---------------------
8166_g               -            915 14640at5794          -            287   4.1e-88  294.9   0.1   1   2     8e-60   3.2e-56  190.3   0.0     3   166   370   573   368   593 0.80 -
8166_g               -            915 14640at5794          -            287   4.1e-88  294.9   0.1   2   2   6.7e-32   2.7e-28   98.6   0.0   179   287   782   911   757   911 0.88 -
6744_g               -            931 14640at5794          -            287   4.5e-88  294.8   0.1   1   2   8.3e-60   3.3e-56  190.2   0.0     3   166   370   573   368   593 0.80 -
6744_g               -            931 14640at5794          -            287   4.5e-88  294.8   0.1   2   2   6.9e-32   2.7e-28   98.6   0.0   179   287   782   911   757   911 0.88 -
13332_g              -            412 14640at5794          -            287      0.33    9.7   4.2   1   3      0.02        79    1.9   0.1   178   204   243   269   238   277 0.78 -
13332_g              -            412 14640at5794          -            287      0.33    9.7   4.2   2   3   0.00014      0.54    9.0   0.1   169   207   298   336   275   345 0.82 -
13332_g              -            412 14640at5794          -            287      0.33    9.7   4.2   3   3       1.2   4.9e+03   -4.0   0.2   181   202   382   403   380   409 0.68 -
9338_g               -            412 14640at5794          -            287      0.33    9.7   4.2   1   3      0.02        79    1.9   0.1   178   204   243   269   238   277 0.78 -
9338_g               -            412 14640at5794          -            287      0.33    9.7   4.2   2   3   0.00014      0.54    9.0   0.1   169   207   298   336   275   345 0.82 -
9338_g               -            412 14640at5794          -            287      0.33    9.7   4.2   3   3       1.2   4.9e+03   -4.0   0.2   181   202   382   403   380   409 0.68 -
#
# Program:         hmmsearch
# Version:         3.1b2 (February 2015)
# Pipeline mode:   SEARCH
# Query file:      /mnt/e/Bioinformatics/Semester2/BINP29/Malaria Project/Genomes/Parsed/busco_downloads/lineages/apicomplexa_odb10/hmms/14640at5794.hmm
# Target file:     /mnt/e/Bioinformatics/Semester2/BINP29/Malaria Project/Genomes/Parsed/Tg_new.faa
# Option settings: hmmsearch --domtblout /mnt/e/Bioinformatics/Semester2/BINP29/Malaria Project/Genomes/Parsed/Tg/run_apicomplexa_odb10/hmmer_output/initial_run_results/14640at5794.out --cpu 1 /mnt/e/Bioinformatics/Semester2/BINP29/Malaria Project/Genomes/Parsed/busco_downloads/lineages/apicomplexa_odb10/hmms/14640at5794.hmm /mnt/e/Bioinformatics/Semester2/BINP29/Malaria Project/Genomes/Parsed/Tg_new.faa 
# Current dir:     /mnt/e/Bioinformatics/Semester2/BINP29/Malaria Project/Genomes/Parsed
# Date:            Wed Mar  1 19:34:31 2023
# [ok]
