#                                                                            --- full sequence --- -------------- this domain -------------   hmm coord   ali coord   env coord
# target name        accession   tlen query name           accession   qlen   E-value  score  bias   #  of  c-Evalue  i-Evalue  score  bias  from    to  from    to  from    to  acc description of target
#------------------- ---------- ----- -------------------- ---------- ----- --------- ------ ----- --- --- --------- --------- ------ ----- ----- ----- ----- ----- ----- ----- ---- ---------------------
1813_g               -            867 1482at5794           -            857  1.7e-148  495.6   7.6   1   6   7.9e-14   1.6e-10   39.2   0.0   534   566     1    33     1    40 0.94 -
1813_g               -            867 1482at5794           -            857  1.7e-148  495.6   7.6   2   6    0.0007       1.4    6.3   0.0   565   588    56    79    49    85 0.91 -
1813_g               -            867 1482at5794           -            857  1.7e-148  495.6   7.6   3   6   1.5e-52     3e-49  167.3   0.0   596   681   238   323   226   328 0.94 -
1813_g               -            867 1482at5794           -            857  1.7e-148  495.6   7.6   4   6    0.0063        13    3.2   0.0   678   697   364   383   360   386 0.86 -
1813_g               -            867 1482at5794           -            857  1.7e-148  495.6   7.6   5   6   2.5e-81   4.9e-78  262.6   2.1   696   837   448   597   441   600 0.94 -
1813_g               -            867 1482at5794           -            857  1.7e-148  495.6   7.6   6   6   4.1e-06    0.0082   13.7   0.1   834   856   630   652   619   653 0.89 -
996_g                -            867 1482at5794           -            857  1.7e-148  495.6   7.6   1   6   7.9e-14   1.6e-10   39.2   0.0   534   566     1    33     1    40 0.94 -
996_g                -            867 1482at5794           -            857  1.7e-148  495.6   7.6   2   6    0.0007       1.4    6.3   0.0   565   588    56    79    49    85 0.91 -
996_g                -            867 1482at5794           -            857  1.7e-148  495.6   7.6   3   6   1.5e-52     3e-49  167.3   0.0   596   681   238   323   226   328 0.94 -
996_g                -            867 1482at5794           -            857  1.7e-148  495.6   7.6   4   6    0.0063        13    3.2   0.0   678   697   364   383   360   386 0.86 -
996_g                -            867 1482at5794           -            857  1.7e-148  495.6   7.6   5   6   2.5e-81   4.9e-78  262.6   2.1   696   837   448   597   441   600 0.94 -
996_g                -            867 1482at5794           -            857  1.7e-148  495.6   7.6   6   6   4.1e-06    0.0082   13.7   0.1   834   856   630   652   619   653 0.89 -
1812_g               -           1091 1482at5794           -            857  7.4e-143  477.0   0.3   1   6   1.4e-15   2.7e-12   45.1   0.0    92   155     1    64     1   101 0.80 -
1812_g               -           1091 1482at5794           -            857  7.4e-143  477.0   0.3   2   6   5.1e-26     1e-22   79.6   0.0   168   249   239   325   225   342 0.88 -
1812_g               -           1091 1482at5794           -            857  7.4e-143  477.0   0.3   3   6   1.5e-08   3.1e-05   21.7   0.0   255   290   431   466   420   481 0.81 -
1812_g               -           1091 1482at5794           -            857  7.4e-143  477.0   0.3   4   6   2.8e-27   5.6e-24   83.7   0.3   280   336   524   595   518   599 0.91 -
1812_g               -           1091 1482at5794           -            857  7.4e-143  477.0   0.3   5   6   6.4e-19   1.3e-15   56.1   0.0   352   435   703   810   696   827 0.79 -
1812_g               -           1091 1482at5794           -            857  7.4e-143  477.0   0.3   6   6   7.9e-57   1.6e-53  181.5   0.0   430   533   882   988   863   992 0.91 -
995_g                -           1091 1482at5794           -            857  7.4e-143  477.0   0.3   1   6   1.4e-15   2.7e-12   45.1   0.0    92   155     1    64     1   101 0.80 -
995_g                -           1091 1482at5794           -            857  7.4e-143  477.0   0.3   2   6   5.1e-26     1e-22   79.6   0.0   168   249   239   325   225   342 0.88 -
995_g                -           1091 1482at5794           -            857  7.4e-143  477.0   0.3   3   6   1.5e-08   3.1e-05   21.7   0.0   255   290   431   466   420   481 0.81 -
995_g                -           1091 1482at5794           -            857  7.4e-143  477.0   0.3   4   6   2.8e-27   5.6e-24   83.7   0.3   280   336   524   595   518   599 0.91 -
995_g                -           1091 1482at5794           -            857  7.4e-143  477.0   0.3   5   6   6.4e-19   1.3e-15   56.1   0.0   352   435   703   810   696   827 0.79 -
995_g                -           1091 1482at5794           -            857  7.4e-143  477.0   0.3   6   6   7.9e-57   1.6e-53  181.5   0.0   430   533   882   988   863   992 0.91 -
7109_g               -           1452 1482at5794           -            857  2.2e-141  472.1   3.3   1   5   6.5e-19   1.3e-15   56.1   0.0     2   119   187   325   186   379 0.81 -
7109_g               -           1452 1482at5794           -            857  2.2e-141  472.1   3.3   2   5    0.0029       5.7    4.3   0.0   170   242   588   669   582   681 0.74 -
7109_g               -           1452 1482at5794           -            857  2.2e-141  472.1   3.3   3   5   3.4e-08   6.7e-05   20.6   0.0   263   337   714   801   704   808 0.65 -
7109_g               -           1452 1482at5794           -            857  2.2e-141  472.1   3.3   4   5   1.5e-37     3e-34  117.7   0.0   410   556   929  1072   919  1084 0.87 -
7109_g               -           1452 1482at5794           -            857  2.2e-141  472.1   3.3   5   5   3.4e-83   6.8e-80  268.7   0.7   599   854  1200  1450  1184  1451 0.94 -
7807_g               -           1452 1482at5794           -            857  2.2e-141  472.1   3.3   1   5   6.5e-19   1.3e-15   56.1   0.0     2   119   187   325   186   379 0.81 -
7807_g               -           1452 1482at5794           -            857  2.2e-141  472.1   3.3   2   5    0.0029       5.7    4.3   0.0   170   242   588   669   582   681 0.74 -
7807_g               -           1452 1482at5794           -            857  2.2e-141  472.1   3.3   3   5   3.4e-08   6.7e-05   20.6   0.0   263   337   714   801   704   808 0.65 -
7807_g               -           1452 1482at5794           -            857  2.2e-141  472.1   3.3   4   5   1.5e-37     3e-34  117.7   0.0   410   556   929  1072   919  1084 0.87 -
7807_g               -           1452 1482at5794           -            857  2.2e-141  472.1   3.3   5   5   3.4e-83   6.8e-80  268.7   0.7   599   854  1200  1450  1184  1451 0.94 -
5959_g               -           1361 1482at5794           -            857    4e-125  418.4   2.3   1   6     0.063   1.2e+02   -0.1   0.0     2    31   105   134   104   139 0.89 -
5959_g               -           1361 1482at5794           -            857    4e-125  418.4   2.3   2   6   2.9e-11   5.8e-08   30.7   0.0    63   118   261   316   244   322 0.91 -
5959_g               -           1361 1482at5794           -            857    4e-125  418.4   2.3   3   6     4e-09   7.9e-06   23.7   0.0   169   338   550   750   540   844 0.72 -
5959_g               -           1361 1482at5794           -            857    4e-125  418.4   2.3   4   6   9.7e-45   1.9e-41  141.5   0.1   410   558   880  1031   874  1046 0.94 -
5959_g               -           1361 1482at5794           -            857    4e-125  418.4   2.3   5   6   1.7e-11   3.4e-08   31.5   0.0   606   640  1122  1156  1120  1161 0.92 -
5959_g               -           1361 1482at5794           -            857    4e-125  418.4   2.3   6   6   2.1e-57   4.2e-54  183.4   0.3   639   791  1197  1352  1187  1355 0.92 -
6293_g               -           1361 1482at5794           -            857    4e-125  418.4   2.3   1   6     0.063   1.2e+02   -0.1   0.0     2    31   105   134   104   139 0.89 -
6293_g               -           1361 1482at5794           -            857    4e-125  418.4   2.3   2   6   2.9e-11   5.8e-08   30.7   0.0    63   118   261   316   244   322 0.91 -
6293_g               -           1361 1482at5794           -            857    4e-125  418.4   2.3   3   6     4e-09   7.9e-06   23.7   0.0   169   338   550   750   540   844 0.72 -
6293_g               -           1361 1482at5794           -            857    4e-125  418.4   2.3   4   6   9.7e-45   1.9e-41  141.5   0.1   410   558   880  1031   874  1046 0.94 -
6293_g               -           1361 1482at5794           -            857    4e-125  418.4   2.3   5   6   1.7e-11   3.4e-08   31.5   0.0   606   640  1122  1156  1120  1161 0.92 -
6293_g               -           1361 1482at5794           -            857    4e-125  418.4   2.3   6   6   2.1e-57   4.2e-54  183.4   0.3   639   791  1197  1352  1187  1355 0.92 -
#
# Program:         hmmsearch
# Version:         3.1b2 (February 2015)
# Pipeline mode:   SEARCH
# Query file:      /mnt/e/Bioinformatics/Semester2/BINP29/Malaria Project/Genomes/Parsed/busco_downloads/lineages/apicomplexa_odb10/hmms/1482at5794.hmm
# Target file:     /mnt/e/Bioinformatics/Semester2/BINP29/Malaria Project/Genomes/Parsed/Tg_new.faa
# Option settings: hmmsearch --domtblout /mnt/e/Bioinformatics/Semester2/BINP29/Malaria Project/Genomes/Parsed/Tg/run_apicomplexa_odb10/hmmer_output/initial_run_results/1482at5794.out --cpu 1 /mnt/e/Bioinformatics/Semester2/BINP29/Malaria Project/Genomes/Parsed/busco_downloads/lineages/apicomplexa_odb10/hmms/1482at5794.hmm /mnt/e/Bioinformatics/Semester2/BINP29/Malaria Project/Genomes/Parsed/Tg_new.faa 
# Current dir:     /mnt/e/Bioinformatics/Semester2/BINP29/Malaria Project/Genomes/Parsed
# Date:            Wed Mar  1 19:34:32 2023
# [ok]
