#                                                                            --- full sequence --- -------------- this domain -------------   hmm coord   ali coord   env coord
# target name        accession   tlen query name           accession   qlen   E-value  score  bias   #  of  c-Evalue  i-Evalue  score  bias  from    to  from    to  from    to  acc description of target
#------------------- ---------- ----- -------------------- ---------- ----- --------- ------ ----- --- --- --------- --------- ------ ----- ----- ----- ----- ----- ----- ----- ---- ---------------------
299_g                -            950 14987at5794          -            341  4.2e-139  462.9  16.6   1   6   1.6e-52   2.2e-49  168.0   7.1     1    89    72   160    72   177 0.96 -
299_g                -            950 14987at5794          -            341  4.2e-139  462.9  16.6   2   6   1.6e-15   2.1e-12   46.4   0.0    88   130   253   301   249   307 0.88 -
299_g                -            950 14987at5794          -            341  4.2e-139  462.9  16.6   3   6   5.1e-15   6.8e-12   44.7   0.0   130   177   423   478   420   488 0.85 -
299_g                -            950 14987at5794          -            341  4.2e-139  462.9  16.6   4   6   5.6e-08   7.4e-05   21.6   0.0   177   214   516   554   511   566 0.87 -
299_g                -            950 14987at5794          -            341  4.2e-139  462.9  16.6   5   6   2.9e-10   3.9e-07   29.1   0.1   206   243   622   663   618   674 0.87 -
299_g                -            950 14987at5794          -            341  4.2e-139  462.9  16.6   6   6   3.8e-48     5e-45  153.6   0.1   240   341   767   877   763   877 0.93 -
92_g                 -            950 14987at5794          -            341  4.2e-139  462.9  16.6   1   6   1.6e-52   2.2e-49  168.0   7.1     1    89    72   160    72   177 0.96 -
92_g                 -            950 14987at5794          -            341  4.2e-139  462.9  16.6   2   6   1.6e-15   2.1e-12   46.4   0.0    88   130   253   301   249   307 0.88 -
92_g                 -            950 14987at5794          -            341  4.2e-139  462.9  16.6   3   6   5.1e-15   6.8e-12   44.7   0.0   130   177   423   478   420   488 0.85 -
92_g                 -            950 14987at5794          -            341  4.2e-139  462.9  16.6   4   6   5.6e-08   7.4e-05   21.6   0.0   177   214   516   554   511   566 0.87 -
92_g                 -            950 14987at5794          -            341  4.2e-139  462.9  16.6   5   6   2.9e-10   3.9e-07   29.1   0.1   206   243   622   663   618   674 0.87 -
92_g                 -            950 14987at5794          -            341  4.2e-139  462.9  16.6   6   6   3.8e-48     5e-45  153.6   0.1   240   341   767   877   763   877 0.93 -
3982_g               -           1286 14987at5794          -            341   0.00065   18.5   0.2   1   2   4.7e-06    0.0062   15.3   0.1   111   143   527   559   515   568 0.91 -
3982_g               -           1286 14987at5794          -            341   0.00065   18.5   0.2   2   2      0.23   3.1e+02   -0.2   0.0   238   261   961   984   959   990 0.81 -
8762_g               -           1286 14987at5794          -            341   0.00065   18.5   0.2   1   2   4.7e-06    0.0062   15.3   0.1   111   143   527   559   515   568 0.91 -
8762_g               -           1286 14987at5794          -            341   0.00065   18.5   0.2   2   2      0.23   3.1e+02   -0.2   0.0   238   261   961   984   959   990 0.81 -
2091_g               -           3702 14987at5794          -            341    0.0049   15.6   0.0   1   2     0.022        29    3.2   0.0   113   148   969  1005   964  1018 0.86 -
2091_g               -           3702 14987at5794          -            341    0.0049   15.6   0.0   2   2    0.0002      0.26    9.9   0.0   284   329  1704  1753  1683  1765 0.83 -
2170_g               -           3702 14987at5794          -            341    0.0049   15.6   0.0   1   2     0.022        29    3.2   0.0   113   148   969  1005   964  1018 0.86 -
2170_g               -           3702 14987at5794          -            341    0.0049   15.6   0.0   2   2    0.0002      0.26    9.9   0.0   284   329  1704  1753  1683  1765 0.83 -
5621_g               -           1198 14987at5794          -            341      0.02   13.6   0.0   1   2   4.3e-05     0.056   12.1   0.0   111   207   523   632   514   641 0.73 -
5621_g               -           1198 14987at5794          -            341      0.02   13.6   0.0   2   2       2.9   3.9e+03   -3.8   0.0   209   236   760   787   750   796 0.79 -
6625_g               -           1201 14987at5794          -            341     0.021   13.5   0.0   1   2   4.3e-05     0.057   12.1   0.0   111   207   526   635   517   644 0.73 -
6625_g               -           1201 14987at5794          -            341     0.021   13.5   0.0   2   2       2.9   3.9e+03   -3.8   0.0   209   236   763   790   753   799 0.79 -
4970_g               -            158 14987at5794          -            341       0.2   10.3   0.0   1   1    0.0002      0.27    9.9   0.0    50   106     2    61     1    67 0.83 -
5442_g               -            158 14987at5794          -            341       0.2   10.3   0.0   1   1    0.0002      0.27    9.9   0.0    50   106     2    61     1    67 0.83 -
11117_g              -           2738 14987at5794          -            341      0.34    9.5   1.3   1   1   0.00038       0.5    9.0   1.3    22    70  1028  1076  1026  1085 0.92 -
11914_g              -           2738 14987at5794          -            341      0.34    9.5   1.3   1   1   0.00038       0.5    9.0   1.3    22    70  1028  1076  1026  1085 0.92 -
#
# Program:         hmmsearch
# Version:         3.1b2 (February 2015)
# Pipeline mode:   SEARCH
# Query file:      /mnt/e/Bioinformatics/Semester2/BINP29/Malaria Project/Genomes/Parsed/busco_downloads/lineages/apicomplexa_odb10/hmms/14987at5794.hmm
# Target file:     /mnt/e/Bioinformatics/Semester2/BINP29/Malaria Project/Genomes/Parsed/Tg_new.faa
# Option settings: hmmsearch --domtblout /mnt/e/Bioinformatics/Semester2/BINP29/Malaria Project/Genomes/Parsed/Tg/run_apicomplexa_odb10/hmmer_output/initial_run_results/14987at5794.out --cpu 1 /mnt/e/Bioinformatics/Semester2/BINP29/Malaria Project/Genomes/Parsed/busco_downloads/lineages/apicomplexa_odb10/hmms/14987at5794.hmm /mnt/e/Bioinformatics/Semester2/BINP29/Malaria Project/Genomes/Parsed/Tg_new.faa 
# Current dir:     /mnt/e/Bioinformatics/Semester2/BINP29/Malaria Project/Genomes/Parsed
# Date:            Wed Mar  1 19:34:33 2023
# [ok]
