#                                                                            --- full sequence --- -------------- this domain -------------   hmm coord   ali coord   env coord
# target name        accession   tlen query name           accession   qlen   E-value  score  bias   #  of  c-Evalue  i-Evalue  score  bias  from    to  from    to  from    to  acc description of target
#------------------- ---------- ----- -------------------- ---------- ----- --------- ------ ----- --- --- --------- --------- ------ ----- ----- ----- ----- ----- ----- ----- ---- ---------------------
5843_g               -            694 15514at5794          -            245   2.7e-71  239.9  13.4   1   3     7e-17   1.9e-14   53.8   0.2     1    54   173   227   173   233 0.89 -
5843_g               -            694 15514at5794          -            245   2.7e-71  239.9  13.4   2   3     7e-42   1.9e-39  135.7   1.6    53   149   373   482   347   484 0.86 -
5843_g               -            694 15514at5794          -            245   2.7e-71  239.9  13.4   3   3   1.4e-17   3.8e-15   56.1   0.8   149   222   515   605   512   622 0.85 -
6404_g               -            694 15514at5794          -            245   2.7e-71  239.9  13.4   1   3     7e-17   1.9e-14   53.8   0.2     1    54   173   227   173   233 0.89 -
6404_g               -            694 15514at5794          -            245   2.7e-71  239.9  13.4   2   3     7e-42   1.9e-39  135.7   1.6    53   149   373   482   347   484 0.86 -
6404_g               -            694 15514at5794          -            245   2.7e-71  239.9  13.4   3   3   1.4e-17   3.8e-15   56.1   0.8   149   222   515   605   512   622 0.85 -
10140_g              -            588 15514at5794          -            245   1.1e-21   77.5   0.2   1   1   7.6e-24     2e-21   76.6   0.2    52   149   193   295   168   318 0.84 -
12381_g              -            609 15514at5794          -            245   1.1e-21   77.4   0.2   1   1   8.1e-24   2.1e-21   76.5   0.2    52   149   214   316   189   339 0.84 -
13011_g              -           2604 15514at5794          -            245   4.9e-21   75.4   0.2   1   1   3.7e-23   9.7e-21   74.4   0.2    62   128   388   456   361   461 0.91 -
9652_g               -           2604 15514at5794          -            245   4.9e-21   75.4   0.2   1   1   3.7e-23   9.7e-21   74.4   0.2    62   128   388   456   361   461 0.91 -
10148_g              -            364 15514at5794          -            245   5.1e-21   75.3   0.3   1   1   3.4e-23   9.1e-21   74.5   0.3    64   128     9    75     5    79 0.90 -
12373_g              -            364 15514at5794          -            245   5.1e-21   75.3   0.3   1   1   3.4e-23   9.1e-21   74.5   0.3    64   128     9    75     5    79 0.90 -
2651_g               -            468 15514at5794          -            245     8e-20   71.4   2.2   1   1   6.4e-22   1.7e-19   70.3   2.2    62   131    99   172    87   175 0.88 -
3332_g               -            468 15514at5794          -            245     8e-20   71.4   2.2   1   1   6.4e-22   1.7e-19   70.3   2.2    62   131    99   172    87   175 0.88 -
10840_g              -           1000 15514at5794          -            245   3.5e-18   66.0   0.4   1   2   1.3e-20   3.5e-18   66.0   0.4    60   150   549   644   524   674 0.77 -
10840_g              -           1000 15514at5794          -            245   3.5e-18   66.0   0.4   2   2         9   2.4e+03   -2.2   0.6    96   142   832   878   820   911 0.72 -
11637_g              -           1000 15514at5794          -            245   3.5e-18   66.0   0.4   1   2   1.3e-20   3.5e-18   66.0   0.4    60   150   549   644   524   674 0.77 -
11637_g              -           1000 15514at5794          -            245   3.5e-18   66.0   0.4   2   2         9   2.4e+03   -2.2   0.6    96   142   832   878   820   911 0.72 -
7066_g               -            199 15514at5794          -            245   8.5e-17   61.5   0.2   1   1   5.4e-19   1.4e-16   60.7   0.2    63   128     5    70     3    75 0.96 -
7850_g               -            199 15514at5794          -            245   8.5e-17   61.5   0.2   1   1   5.4e-19   1.4e-16   60.7   0.2    63   128     5    70     3    75 0.96 -
4769_g               -            632 15514at5794          -            245   5.7e-16   58.8   0.2   1   1   4.1e-18   1.1e-15   57.9   0.2    63   130   122   187   119   190 0.95 -
5241_g               -            632 15514at5794          -            245   5.7e-16   58.8   0.2   1   1   4.1e-18   1.1e-15   57.9   0.2    63   130   122   187   119   190 0.95 -
2812_g               -           1005 15514at5794          -            245   3.2e-13   49.7   0.6   1   1   2.1e-15   5.6e-13   49.0   0.6    63   129     4    72     2    79 0.89 -
3493_g               -           1005 15514at5794          -            245   3.2e-13   49.7   0.6   1   1   2.1e-15   5.6e-13   49.0   0.6    63   129     4    72     2    79 0.89 -
12526_g              -            577 15514at5794          -            245   7.4e-13   48.6   0.0   1   1   4.6e-15   1.2e-12   47.9   0.0    79   146    82   151    75   155 0.86 -
9994_g               -            577 15514at5794          -            245   7.4e-13   48.6   0.0   1   1   4.6e-15   1.2e-12   47.9   0.0    79   146    82   151    75   155 0.86 -
5801_g               -           2843 15514at5794          -            245   5.7e-12   45.7   2.6   1   2   1.2e-12   3.2e-10   39.9   0.1    60   126   494   561   486   580 0.84 -
5801_g               -           2843 15514at5794          -            245   5.7e-12   45.7   2.6   2   2     0.058        15    5.0   0.4   141   199  1699  1758  1671  1768 0.82 -
2126_g               -           1185 15514at5794          -            245   9.9e-12   44.9   0.0   1   1   9.2e-14   2.4e-11   43.6   0.0    60   120   360   422   336   424 0.85 -
2433_g               -           1185 15514at5794          -            245   9.9e-12   44.9   0.0   1   1   9.2e-14   2.4e-11   43.6   0.0    60   120   360   422   336   424 0.85 -
6447_g               -           1225 15514at5794          -            245   4.1e-11   42.9   0.1   1   1   4.5e-13   1.2e-10   41.3   0.1    60   126   494   561   486   581 0.84 -
4845_g               -           1412 15514at5794          -            245   7.4e-11   42.0   0.2   1   2   2.5e-10   6.7e-08   32.4   0.0    54   101   626   674   621   707 0.83 -
4845_g               -           1412 15514at5794          -            245   7.4e-11   42.0   0.2   2   2     0.013       3.5    7.1   0.1   105   144   716   762   705   785 0.72 -
5317_g               -           1412 15514at5794          -            245   7.4e-11   42.0   0.2   1   2   2.5e-10   6.7e-08   32.4   0.0    54   101   626   674   621   707 0.83 -
5317_g               -           1412 15514at5794          -            245   7.4e-11   42.0   0.2   2   2     0.013       3.5    7.1   0.1   105   144   716   762   705   785 0.72 -
12197_g              -            781 15514at5794          -            245   1.9e-10   40.7   0.6   1   2   1.2e-10   3.3e-08   33.4   0.1    62   100   327   365   300   381 0.81 -
12197_g              -            781 15514at5794          -            245   1.9e-10   40.7   0.6   2   2     0.087        23    4.4   0.0   101   133   389   421   384   446 0.84 -
4555_g               -            644 15514at5794          -            245   8.4e-10   38.6   0.0   1   1   5.2e-12   1.4e-09   37.9   0.0    62   127   237   302   208   308 0.88 -
8570_g               -            644 15514at5794          -            245   8.4e-10   38.6   0.0   1   1   5.2e-12   1.4e-09   37.9   0.0    62   127   237   302   208   308 0.88 -
2909_g               -            918 15514at5794          -            245   8.6e-10   38.5   0.1   1   1   5.4e-12   1.4e-09   37.8   0.1    66   143    13    88     9    96 0.88 -
3590_g               -            918 15514at5794          -            245   8.6e-10   38.5   0.1   1   1   5.4e-12   1.4e-09   37.8   0.1    66   143    13    88     9    96 0.88 -
10328_g              -            472 15514at5794          -            245   1.8e-09   37.5   5.0   1   3   1.1e-10   2.9e-08   33.5   0.1    63   100    19    56     4    72 0.88 -
10328_g              -            472 15514at5794          -            245   1.8e-09   37.5   5.0   2   3     0.046        12    5.3   0.0   101   133    80   112    75   138 0.84 -
10328_g              -            472 15514at5794          -            245   1.8e-09   37.5   5.0   3   3         9   2.4e+03   -2.2   0.0   176   222   411   457   403   469 0.57 -
4106_g               -            787 15514at5794          -            245   3.4e-09   36.6   2.9   1   2      0.25        67    2.9   0.0    67    88   253   274   225   277 0.80 -
4106_g               -            787 15514at5794          -            245   3.4e-09   36.6   2.9   2   2   1.4e-10   3.7e-08   33.2   0.2    87   132   411   456   409   465 0.91 -
8886_g               -            787 15514at5794          -            245   3.4e-09   36.6   2.9   1   2      0.25        67    2.9   0.0    67    88   253   274   225   277 0.80 -
8886_g               -            787 15514at5794          -            245   3.4e-09   36.6   2.9   2   2   1.4e-10   3.7e-08   33.2   0.2    87   132   411   456   409   465 0.91 -
13389_g              -           2690 15514at5794          -            245   1.1e-08   34.9   0.0   1   1   6.6e-11   1.8e-08   34.3   0.0    49   117  2609  2686  2600  2689 0.75 -
9279_g               -           2690 15514at5794          -            245   1.1e-08   34.9   0.0   1   1   6.6e-11   1.8e-08   34.3   0.0    49   117  2609  2686  2600  2689 0.75 -
2544_g               -            381 15514at5794          -            245   4.3e-08   33.0   0.6   1   1   1.4e-08   3.7e-06   26.6   0.6    64   139    15   107    11   149 0.67 -
3225_g               -            381 15514at5794          -            245   4.3e-08   33.0   0.6   1   1   1.4e-08   3.7e-06   26.6   0.6    64   139    15   107    11   149 0.67 -
760_g                -           1446 15514at5794          -            245   6.2e-08   32.4   0.4   1   2   5.9e-10   1.6e-07   31.1   0.1    64   104   977  1017   975  1031 0.91 -
760_g                -           1446 15514at5794          -            245   6.2e-08   32.4   0.4   2   2       8.9   2.3e+03   -2.2   0.0   112   132  1065  1085  1062  1090 0.83 -
415_g                -           1530 15514at5794          -            245   6.8e-08   32.3   0.4   1   2   6.3e-10   1.7e-07   31.0   0.1    64   104   977  1017   975  1031 0.91 -
415_g                -           1530 15514at5794          -            245   6.8e-08   32.3   0.4   2   2       9.4   2.5e+03   -2.3   0.0   112   132  1065  1085  1062  1090 0.83 -
6893_g               -            978 15514at5794          -            245   1.1e-07   31.6   0.8   1   1   6.8e-10   1.8e-07   30.9   0.1    64   130   232   299   229   307 0.85 -
8019_g               -            978 15514at5794          -            245   1.1e-07   31.6   0.8   1   1   6.8e-10   1.8e-07   30.9   0.1    64   130   232   299   229   307 0.85 -
2990_g               -           2145 15514at5794          -            245   2.4e-07   30.5   0.0   1   1   2.1e-09   5.5e-07   29.3   0.0    47   120  1089  1167  1076  1172 0.80 -
3671_g               -           2145 15514at5794          -            245   2.4e-07   30.5   0.0   1   1   2.1e-09   5.5e-07   29.3   0.0    47   120  1089  1167  1076  1172 0.80 -
4169_g               -            555 15514at5794          -            245   2.8e-07   30.3   0.1   1   2   3.4e-07     9e-05   22.1   0.0    67    96   280   309   270   321 0.92 -
4169_g               -            555 15514at5794          -            245   2.8e-07   30.3   0.1   2   2      0.03       7.9    5.9   0.0   103   132   378   407   371   421 0.85 -
8949_g               -            555 15514at5794          -            245   2.8e-07   30.3   0.1   1   2   3.4e-07     9e-05   22.1   0.0    67    96   280   309   270   321 0.92 -
8949_g               -            555 15514at5794          -            245   2.8e-07   30.3   0.1   2   2      0.03       7.9    5.9   0.0   103   132   378   407   371   421 0.85 -
7167_g               -            520 15514at5794          -            245   6.2e-07   29.2   0.6   1   1   4.8e-09   1.3e-06   28.2   0.6    79   132    69   124    64   130 0.84 -
7750_g               -            520 15514at5794          -            245   6.2e-07   29.2   0.6   1   1   4.8e-09   1.3e-06   28.2   0.6    79   132    69   124    64   130 0.84 -
4986_g               -            921 15514at5794          -            245   2.6e-06   27.1   0.0   1   1   1.8e-08   4.6e-06   26.3   0.0    48    99   828   879   816   912 0.80 -
5458_g               -            921 15514at5794          -            245   2.6e-06   27.1   0.0   1   1   1.8e-08   4.6e-06   26.3   0.0    48    99   828   879   816   912 0.80 -
6068_g               -           2333 15514at5794          -            245   7.8e-05   22.3   9.1   1   2   0.00015     0.039   13.5   0.1    55    84  2094  2123  2047  2126 0.71 -
6068_g               -           2333 15514at5794          -            245   7.8e-05   22.3   9.1   2   2   6.8e-05     0.018   14.6   0.4    82   129  2184  2233  2180  2239 0.91 -
6184_g               -           2333 15514at5794          -            245   7.8e-05   22.3   9.1   1   2   0.00015     0.039   13.5   0.1    55    84  2094  2123  2047  2126 0.71 -
6184_g               -           2333 15514at5794          -            245   7.8e-05   22.3   9.1   2   2   6.8e-05     0.018   14.6   0.4    82   129  2184  2233  2180  2239 0.91 -
13290_g              -            922 15514at5794          -            245   0.00025   20.6   0.0   1   1   1.5e-06    0.0004   20.0   0.0    67    99     9    41     4    45 0.93 -
9379_g               -            922 15514at5794          -            245   0.00025   20.6   0.0   1   1   1.5e-06    0.0004   20.0   0.0    67    99     9    41     4    45 0.93 -
1915_g               -            646 15514at5794          -            245    0.0011   18.5   0.0   1   1   7.9e-06    0.0021   17.6   0.0    77   103    29    55    24    69 0.88 -
2346_g               -            646 15514at5794          -            245    0.0011   18.5   0.0   1   1   7.9e-06    0.0021   17.6   0.0    77   103    29    55    24    69 0.88 -
5762_g               -            535 15514at5794          -            245    0.0079   15.7   1.9   1   2       6.2   1.6e+03   -1.7   0.1   198   229   376   407   374   425 0.68 -
5762_g               -            535 15514at5794          -            245    0.0079   15.7   1.9   2   2   3.4e-05    0.0091   15.5   0.4    79   115   489   527   478   532 0.84 -
6486_g               -            535 15514at5794          -            245    0.0079   15.7   1.9   1   2       6.2   1.6e+03   -1.7   0.1   198   229   376   407   374   425 0.68 -
6486_g               -            535 15514at5794          -            245    0.0079   15.7   1.9   2   2   3.4e-05    0.0091   15.5   0.4    79   115   489   527   478   532 0.84 -
13492_g              -            908 15514at5794          -            245     0.096   12.2   2.6   1   3      0.36        96    2.4   0.0    64    86   181   203   174   208 0.89 -
13492_g              -            908 15514at5794          -            245     0.096   12.2   2.6   2   3     0.072        19    4.6   0.0    95   116   283   304   276   307 0.90 -
13492_g              -            908 15514at5794          -            245     0.096   12.2   2.6   3   3      0.47   1.3e+02    2.0   0.0   106   159   371   426   367   448 0.74 -
9174_g               -            908 15514at5794          -            245     0.096   12.2   2.6   1   3      0.36        96    2.4   0.0    64    86   181   203   174   208 0.89 -
9174_g               -            908 15514at5794          -            245     0.096   12.2   2.6   2   3     0.072        19    4.6   0.0    95   116   283   304   276   307 0.90 -
9174_g               -            908 15514at5794          -            245     0.096   12.2   2.6   3   3      0.47   1.3e+02    2.0   0.0   106   159   371   426   367   448 0.74 -
#
# Program:         hmmsearch
# Version:         3.1b2 (February 2015)
# Pipeline mode:   SEARCH
# Query file:      /mnt/e/Bioinformatics/Semester2/BINP29/Malaria Project/Genomes/Parsed/busco_downloads/lineages/apicomplexa_odb10/hmms/15514at5794.hmm
# Target file:     /mnt/e/Bioinformatics/Semester2/BINP29/Malaria Project/Genomes/Parsed/Tg_new.faa
# Option settings: hmmsearch --domtblout /mnt/e/Bioinformatics/Semester2/BINP29/Malaria Project/Genomes/Parsed/Tg/run_apicomplexa_odb10/hmmer_output/initial_run_results/15514at5794.out --cpu 1 /mnt/e/Bioinformatics/Semester2/BINP29/Malaria Project/Genomes/Parsed/busco_downloads/lineages/apicomplexa_odb10/hmms/15514at5794.hmm /mnt/e/Bioinformatics/Semester2/BINP29/Malaria Project/Genomes/Parsed/Tg_new.faa 
# Current dir:     /mnt/e/Bioinformatics/Semester2/BINP29/Malaria Project/Genomes/Parsed
# Date:            Wed Mar  1 19:34:36 2023
# [ok]
