#                                                                            --- full sequence --- -------------- this domain -------------   hmm coord   ali coord   env coord
# target name        accession   tlen query name           accession   qlen   E-value  score  bias   #  of  c-Evalue  i-Evalue  score  bias  from    to  from    to  from    to  acc description of target
#------------------- ---------- ----- -------------------- ---------- ----- --------- ------ ----- --- --- --------- --------- ------ ----- ----- ----- ----- ----- ----- ----- ---- ---------------------
4209_g               -            963 15916at5794          -            320    5e-121  403.6   3.8   1   3   9.8e-16   1.9e-12   46.8   0.1     2    67   305   384   304   388 0.80 -
4209_g               -            963 15916at5794          -            320    5e-121  403.6   3.8   2   3   3.2e-86   6.3e-83  278.4   0.2    65   266   442   656   429   662 0.92 -
4209_g               -            963 15916at5794          -            320    5e-121  403.6   3.8   3   3   3.6e-25   7.1e-22   77.8   0.0   250   319   685   755   678   756 0.93 -
8398_g               -            963 15916at5794          -            320    5e-121  403.6   3.8   1   3   9.8e-16   1.9e-12   46.8   0.1     2    67   305   384   304   388 0.80 -
8398_g               -            963 15916at5794          -            320    5e-121  403.6   3.8   2   3   3.2e-86   6.3e-83  278.4   0.2    65   266   442   656   429   662 0.92 -
8398_g               -            963 15916at5794          -            320    5e-121  403.6   3.8   3   3   3.6e-25   7.1e-22   77.8   0.0   250   319   685   755   678   756 0.93 -
7073_g               -            742 15916at5794          -            320    0.0011   18.1   0.5   1   2      0.78   1.6e+03   -2.2   0.0    55    75   267   287   260   290 0.84 -
7073_g               -            742 15916at5794          -            320    0.0011   18.1   0.5   2   2   1.6e-06    0.0031   16.6   0.2   205   308   529   631   475   642 0.88 -
7843_g               -            742 15916at5794          -            320    0.0011   18.1   0.5   1   2      0.78   1.6e+03   -2.2   0.0    55    75   267   287   260   290 0.84 -
7843_g               -            742 15916at5794          -            320    0.0011   18.1   0.5   2   2   1.6e-06    0.0031   16.6   0.2   205   308   529   631   475   642 0.88 -
13623_g              -            578 15916at5794          -            320    0.0023   17.0   0.0   1   2       2.4   4.8e+03   -3.8   0.0    55    89   173   203   169   224 0.55 -
13623_g              -            578 15916at5794          -            320    0.0023   17.0   0.0   2   2   2.6e-06    0.0051   15.8   0.0   212   286   466   540   452   569 0.86 -
9040_g               -            688 15916at5794          -            320    0.0036   16.3   0.0   1   1   3.9e-06    0.0077   15.3   0.0   212   285   466   539   452   551 0.86 -
1083_g               -            543 15916at5794          -            320       1.1    8.2  12.3   1   2     0.015        29    3.5   2.2    20    78   246   308   234   316 0.74 -
1083_g               -            543 15916at5794          -            320       1.1    8.2  12.3   2   2    0.0002      0.41    9.6   2.4    19    77   349   408   338   415 0.77 -
1555_g               -            543 15916at5794          -            320       1.1    8.2  12.3   1   2     0.015        29    3.5   2.2    20    78   246   308   234   316 0.74 -
1555_g               -            543 15916at5794          -            320       1.1    8.2  12.3   2   2    0.0002      0.41    9.6   2.4    19    77   349   408   338   415 0.77 -
#
# Program:         hmmsearch
# Version:         3.1b2 (February 2015)
# Pipeline mode:   SEARCH
# Query file:      /mnt/e/Bioinformatics/Semester2/BINP29/Malaria Project/Genomes/Parsed/busco_downloads/lineages/apicomplexa_odb10/hmms/15916at5794.hmm
# Target file:     /mnt/e/Bioinformatics/Semester2/BINP29/Malaria Project/Genomes/Parsed/Tg_new.faa
# Option settings: hmmsearch --domtblout /mnt/e/Bioinformatics/Semester2/BINP29/Malaria Project/Genomes/Parsed/Tg/run_apicomplexa_odb10/hmmer_output/initial_run_results/15916at5794.out --cpu 1 /mnt/e/Bioinformatics/Semester2/BINP29/Malaria Project/Genomes/Parsed/busco_downloads/lineages/apicomplexa_odb10/hmms/15916at5794.hmm /mnt/e/Bioinformatics/Semester2/BINP29/Malaria Project/Genomes/Parsed/Tg_new.faa 
# Current dir:     /mnt/e/Bioinformatics/Semester2/BINP29/Malaria Project/Genomes/Parsed
# Date:            Wed Mar  1 19:34:37 2023
# [ok]
