#                                                                            --- full sequence --- -------------- this domain -------------   hmm coord   ali coord   env coord
# target name        accession   tlen query name           accession   qlen   E-value  score  bias   #  of  c-Evalue  i-Evalue  score  bias  from    to  from    to  from    to  acc description of target
#------------------- ---------- ----- -------------------- ---------- ----- --------- ------ ----- --- --- --------- --------- ------ ----- ----- ----- ----- ----- ----- ----- ---- ---------------------
13549_g              -            626 16452at5794          -            403  1.4e-151  504.6  10.5   1   3   2.7e-28   3.9e-25   88.2   0.1    33    90    79   138    75   145 0.92 -
13549_g              -            626 16452at5794          -            403  1.4e-151  504.6  10.5   2   3   1.2e-79   1.7e-76  257.4   2.5   128   301   282   473   274   485 0.92 -
13549_g              -            626 16452at5794          -            403  1.4e-151  504.6  10.5   3   3   4.2e-51   6.1e-48  163.3   0.2   295   403   493   612   479   612 0.91 -
9116_g               -            626 16452at5794          -            403  1.4e-151  504.6  10.5   1   3   2.7e-28   3.9e-25   88.2   0.1    33    90    79   138    75   145 0.92 -
9116_g               -            626 16452at5794          -            403  1.4e-151  504.6  10.5   2   3   1.2e-79   1.7e-76  257.4   2.5   128   301   282   473   274   485 0.92 -
9116_g               -            626 16452at5794          -            403  1.4e-151  504.6  10.5   3   3   4.2e-51   6.1e-48  163.3   0.2   295   403   493   612   479   612 0.91 -
1662_g               -            450 16452at5794          -            403   1.6e-87  293.7   0.0   1   1   1.3e-90   1.9e-87  293.4   0.0     3   397     2   424     1   433 0.86 -
845_g                -            450 16452at5794          -            403   1.6e-87  293.7   0.0   1   1   1.3e-90   1.9e-87  293.4   0.0     3   397     2   424     1   433 0.86 -
2568_g               -            450 16452at5794          -            403   1.3e-86  290.7   0.0   1   1     1e-89   1.5e-86  290.5   0.0     3   397     2   424     1   433 0.86 -
3249_g               -            450 16452at5794          -            403   1.3e-86  290.7   0.0   1   1     1e-89   1.5e-86  290.5   0.0     3   397     2   424     1   433 0.86 -
10375_g              -            444 16452at5794          -            403   5.5e-61  206.3   0.0   1   1   5.2e-64   7.5e-61  205.8   0.0     3   374     2   405     1   433 0.85 -
12149_g              -            444 16452at5794          -            403   5.5e-61  206.3   0.0   1   1   5.2e-64   7.5e-61  205.8   0.0     3   374     2   405     1   433 0.85 -
1053_g               -            651 16452at5794          -            403   6.4e-14   51.3   0.0   1   2   3.1e-07   0.00045   18.8   0.0   158   209   246   296   226   317 0.83 -
1053_g               -            651 16452at5794          -            403   6.4e-14   51.3   0.0   2   2   3.4e-10     5e-07   28.6   0.0   204   369   352   534   337   545 0.69 -
1585_g               -            651 16452at5794          -            403   6.4e-14   51.3   0.0   1   2   3.1e-07   0.00045   18.8   0.0   158   209   246   296   226   317 0.83 -
1585_g               -            651 16452at5794          -            403   6.4e-14   51.3   0.0   2   2   3.4e-10     5e-07   28.6   0.0   204   369   352   534   337   545 0.69 -
13281_g              -            121 16452at5794          -            403   5.5e-08   31.7   0.0   1   1   4.2e-11     6e-08   31.6   0.0   218   280     1    68     1   100 0.78 -
#
# Program:         hmmsearch
# Version:         3.1b2 (February 2015)
# Pipeline mode:   SEARCH
# Query file:      /mnt/e/Bioinformatics/Semester2/BINP29/Malaria Project/Genomes/Parsed/busco_downloads/lineages/apicomplexa_odb10/hmms/16452at5794.hmm
# Target file:     /mnt/e/Bioinformatics/Semester2/BINP29/Malaria Project/Genomes/Parsed/Tg_new.faa
# Option settings: hmmsearch --domtblout /mnt/e/Bioinformatics/Semester2/BINP29/Malaria Project/Genomes/Parsed/Tg/run_apicomplexa_odb10/hmmer_output/initial_run_results/16452at5794.out --cpu 1 /mnt/e/Bioinformatics/Semester2/BINP29/Malaria Project/Genomes/Parsed/busco_downloads/lineages/apicomplexa_odb10/hmms/16452at5794.hmm /mnt/e/Bioinformatics/Semester2/BINP29/Malaria Project/Genomes/Parsed/Tg_new.faa 
# Current dir:     /mnt/e/Bioinformatics/Semester2/BINP29/Malaria Project/Genomes/Parsed
# Date:            Wed Mar  1 19:34:40 2023
# [ok]
