#                                                                            --- full sequence --- -------------- this domain -------------   hmm coord   ali coord   env coord
# target name        accession   tlen query name           accession   qlen   E-value  score  bias   #  of  c-Evalue  i-Evalue  score  bias  from    to  from    to  from    to  acc description of target
#------------------- ---------- ----- -------------------- ---------- ----- --------- ------ ----- --- --- --------- --------- ------ ----- ----- ----- ----- ----- ----- ----- ---- ---------------------
5980_g               -           2746 16820at5794          -            293   7.6e-79  264.4   3.0   1   4   3.6e-20   7.1e-17   61.0   0.4     1    86  2318  2391  2318  2394 0.88 -
5980_g               -           2746 16820at5794          -            293   7.6e-79  264.4   3.0   2   4   3.8e-22   7.5e-19   67.5   0.0    87   147  2453  2519  2441  2527 0.87 -
5980_g               -           2746 16820at5794          -            293   7.6e-79  264.4   3.0   3   4   2.2e-07   0.00043   19.1   0.0   173   203  2573  2603  2530  2616 0.84 -
5980_g               -           2746 16820at5794          -            293   7.6e-79  264.4   3.0   4   4   2.2e-34   4.3e-31  107.7   0.2   201   293  2633  2731  2629  2731 0.95 -
6271_g               -           2746 16820at5794          -            293   7.6e-79  264.4   3.0   1   4   3.6e-20   7.1e-17   61.0   0.4     1    86  2318  2391  2318  2394 0.88 -
6271_g               -           2746 16820at5794          -            293   7.6e-79  264.4   3.0   2   4   3.8e-22   7.5e-19   67.5   0.0    87   147  2453  2519  2441  2527 0.87 -
6271_g               -           2746 16820at5794          -            293   7.6e-79  264.4   3.0   3   4   2.2e-07   0.00043   19.1   0.0   173   203  2573  2603  2530  2616 0.84 -
6271_g               -           2746 16820at5794          -            293   7.6e-79  264.4   3.0   4   4   2.2e-34   4.3e-31  107.7   0.2   201   293  2633  2731  2629  2731 0.95 -
10484_g              -           1520 16820at5794          -            293   0.00025   19.8   0.5   1   3     0.087   1.7e+02    0.7   0.0     3    37   962  1002   960  1017 0.77 -
10484_g              -           1520 16820at5794          -            293   0.00025   19.8   0.5   2   3    0.0065        13    4.4   0.0    69   112  1062  1106  1054  1113 0.80 -
10484_g              -           1520 16820at5794          -            293   0.00025   19.8   0.5   3   3   6.4e-05      0.13   11.0   0.0   200   271  1425  1494  1413  1513 0.74 -
12776_g              -           1520 16820at5794          -            293   0.00025   19.8   0.5   1   3     0.087   1.7e+02    0.7   0.0     3    37   962  1002   960  1017 0.77 -
12776_g              -           1520 16820at5794          -            293   0.00025   19.8   0.5   2   3    0.0065        13    4.4   0.0    69   112  1062  1106  1054  1113 0.80 -
12776_g              -           1520 16820at5794          -            293   0.00025   19.8   0.5   3   3   6.4e-05      0.13   11.0   0.0   200   271  1425  1494  1413  1513 0.74 -
7118_g               -            836 16820at5794          -            293   0.00046   19.0   0.0   1   3     0.022        43    2.7   0.0   139   177   310   350   300   359 0.79 -
7118_g               -            836 16820at5794          -            293   0.00046   19.0   0.0   2   3   1.6e-05     0.032   12.9   0.0   219   292   423   495   376   496 0.81 -
7118_g               -            836 16820at5794          -            293   0.00046   19.0   0.0   3   3      0.59   1.2e+03   -2.1   0.0   214   237   505   528   498   529 0.78 -
7799_g               -            836 16820at5794          -            293   0.00046   19.0   0.0   1   3     0.022        43    2.7   0.0   139   177   310   350   300   359 0.79 -
7799_g               -            836 16820at5794          -            293   0.00046   19.0   0.0   2   3   1.6e-05     0.032   12.9   0.0   219   292   423   495   376   496 0.81 -
7799_g               -            836 16820at5794          -            293   0.00046   19.0   0.0   3   3      0.59   1.2e+03   -2.1   0.0   214   237   505   528   498   529 0.78 -
7022_g               -           1454 16820at5794          -            293    0.0022   16.8   1.3   1   2   5.3e-06     0.011   14.5   0.3   226   289   959  1021   951  1026 0.82 -
7022_g               -           1454 16820at5794          -            293    0.0022   16.8   1.3   2   2     0.033        65    2.1   0.1   201   235  1015  1049  1011  1078 0.77 -
7889_g               -           1454 16820at5794          -            293    0.0022   16.8   1.3   1   2   5.3e-06     0.011   14.5   0.3   226   289   959  1021   951  1026 0.82 -
7889_g               -           1454 16820at5794          -            293    0.0022   16.8   1.3   2   2     0.033        65    2.1   0.1   201   235  1015  1049  1011  1078 0.77 -
#
# Program:         hmmsearch
# Version:         3.1b2 (February 2015)
# Pipeline mode:   SEARCH
# Query file:      /mnt/e/Bioinformatics/Semester2/BINP29/Malaria Project/Genomes/Parsed/busco_downloads/lineages/apicomplexa_odb10/hmms/16820at5794.hmm
# Target file:     /mnt/e/Bioinformatics/Semester2/BINP29/Malaria Project/Genomes/Parsed/Tg_new.faa
# Option settings: hmmsearch --domtblout /mnt/e/Bioinformatics/Semester2/BINP29/Malaria Project/Genomes/Parsed/Tg/run_apicomplexa_odb10/hmmer_output/initial_run_results/16820at5794.out --cpu 1 /mnt/e/Bioinformatics/Semester2/BINP29/Malaria Project/Genomes/Parsed/busco_downloads/lineages/apicomplexa_odb10/hmms/16820at5794.hmm /mnt/e/Bioinformatics/Semester2/BINP29/Malaria Project/Genomes/Parsed/Tg_new.faa 
# Current dir:     /mnt/e/Bioinformatics/Semester2/BINP29/Malaria Project/Genomes/Parsed
# Date:            Wed Mar  1 19:34:41 2023
# [ok]
