#                                                                            --- full sequence --- -------------- this domain -------------   hmm coord   ali coord   env coord
# target name        accession   tlen query name           accession   qlen   E-value  score  bias   #  of  c-Evalue  i-Evalue  score  bias  from    to  from    to  from    to  acc description of target
#------------------- ---------- ----- -------------------- ---------- ----- --------- ------ ----- --- --- --------- --------- ------ ----- ----- ----- ----- ----- ----- ----- ---- ---------------------
7100_g               -           1465 16994at5794          -            353   4.6e-91  305.5   0.0   1   4   2.1e-45   4.7e-43  147.6   0.0    87   276   735   949   727   954 0.88 -
7100_g               -           1465 16994at5794          -            353   4.6e-91  305.5   0.0   2   4   1.6e-44   3.6e-42  144.7   0.0    71   244   992  1182   957  1187 0.88 -
7100_g               -           1465 16994at5794          -            353   4.6e-91  305.5   0.0   3   4     0.093        21    4.0   0.0   250   279  1260  1289  1252  1301 0.89 -
7100_g               -           1465 16994at5794          -            353   4.6e-91  305.5   0.0   4   4      0.18        39    3.1   0.0   314   349  1387  1422  1368  1424 0.86 -
7816_g               -           1465 16994at5794          -            353   4.6e-91  305.5   0.0   1   4   2.1e-45   4.7e-43  147.6   0.0    87   276   735   949   727   954 0.88 -
7816_g               -           1465 16994at5794          -            353   4.6e-91  305.5   0.0   2   4   1.6e-44   3.6e-42  144.7   0.0    71   244   992  1182   957  1187 0.88 -
7816_g               -           1465 16994at5794          -            353   4.6e-91  305.5   0.0   3   4     0.093        21    4.0   0.0   250   279  1260  1289  1252  1301 0.89 -
7816_g               -           1465 16994at5794          -            353   4.6e-91  305.5   0.0   4   4      0.18        39    3.1   0.0   314   349  1387  1422  1368  1424 0.86 -
13183_g              -           1307 16994at5794          -            353   4.6e-75  252.8   0.0   1   6   1.6e-09   3.6e-07   29.5   0.0    81   134   424   481   404   487 0.86 -
13183_g              -           1307 16994at5794          -            353   4.6e-75  252.8   0.0   2   6       4.5     1e+03   -1.5   0.0   138   164   541   568   537   571 0.87 -
13183_g              -           1307 16994at5794          -            353   4.6e-75  252.8   0.0   3   6     0.011       2.4    7.1   0.0   168   184   652   668   648   675 0.88 -
13183_g              -           1307 16994at5794          -            353   4.6e-75  252.8   0.0   4   6     6e-09   1.3e-06   27.7   0.0   204   276   743   829   725   836 0.86 -
13183_g              -           1307 16994at5794          -            353   4.6e-75  252.8   0.0   5   6   1.7e-51   3.8e-49  167.6   0.0    18   251   846  1088   838  1095 0.89 -
13183_g              -           1307 16994at5794          -            353   4.6e-75  252.8   0.0   6   6   0.00034     0.076   12.0   0.0   248   289  1191  1232  1186  1260 0.82 -
9483_g               -           1307 16994at5794          -            353   4.6e-75  252.8   0.0   1   6   1.6e-09   3.6e-07   29.5   0.0    81   134   424   481   404   487 0.86 -
9483_g               -           1307 16994at5794          -            353   4.6e-75  252.8   0.0   2   6       4.5     1e+03   -1.5   0.0   138   164   541   568   537   571 0.87 -
9483_g               -           1307 16994at5794          -            353   4.6e-75  252.8   0.0   3   6     0.011       2.4    7.1   0.0   168   184   652   668   648   675 0.88 -
9483_g               -           1307 16994at5794          -            353   4.6e-75  252.8   0.0   4   6     6e-09   1.3e-06   27.7   0.0   204   276   743   829   725   836 0.86 -
9483_g               -           1307 16994at5794          -            353   4.6e-75  252.8   0.0   5   6   1.7e-51   3.8e-49  167.6   0.0    18   251   846  1088   838  1095 0.89 -
9483_g               -           1307 16994at5794          -            353   4.6e-75  252.8   0.0   6   6   0.00034     0.076   12.0   0.0   248   289  1191  1232  1186  1260 0.82 -
4577_g               -            325 16994at5794          -            353   7.7e-73  245.5   0.0   1   2     7e-50   1.6e-47  162.3   0.0    59   203    11   162     8   166 0.93 -
4577_g               -            325 16994at5794          -            353   7.7e-73  245.5   0.0   2   2   4.6e-25     1e-22   80.7   0.1   204   280   186   273   182   288 0.85 -
8592_g               -            325 16994at5794          -            353   7.7e-73  245.5   0.0   1   2     7e-50   1.6e-47  162.3   0.0    59   203    11   162     8   166 0.93 -
8592_g               -            325 16994at5794          -            353   7.7e-73  245.5   0.0   2   2   4.6e-25     1e-22   80.7   0.1   204   280   186   273   182   288 0.85 -
6809_g               -           1364 16994at5794          -            353   2.5e-58  197.8   0.0   1   5     0.017       3.8    6.5   0.0   111   133   483   505   474   525 0.81 -
6809_g               -           1364 16994at5794          -            353   2.5e-58  197.8   0.0   2   5   1.8e-06   0.00041   19.5   0.0   157   244   584   689   572   696 0.65 -
6809_g               -           1364 16994at5794          -            353   2.5e-58  197.8   0.0   3   5      0.02       4.4    6.2   0.0   245   277   738   770   732   785 0.89 -
6809_g               -           1364 16994at5794          -            353   2.5e-58  197.8   0.0   4   5   1.1e-44   2.5e-42  145.2   0.0    75   253   977  1174   968  1182 0.88 -
6809_g               -           1364 16994at5794          -            353   2.5e-58  197.8   0.0   5   5   0.00067      0.15   11.1   0.0   244   280  1206  1242  1199  1263 0.88 -
8103_g               -           1364 16994at5794          -            353   2.5e-58  197.8   0.0   1   5     0.017       3.8    6.5   0.0   111   133   483   505   474   525 0.81 -
8103_g               -           1364 16994at5794          -            353   2.5e-58  197.8   0.0   2   5   1.8e-06   0.00041   19.5   0.0   157   244   584   689   572   696 0.65 -
8103_g               -           1364 16994at5794          -            353   2.5e-58  197.8   0.0   3   5      0.02       4.4    6.2   0.0   245   277   738   770   732   785 0.89 -
8103_g               -           1364 16994at5794          -            353   2.5e-58  197.8   0.0   4   5   1.1e-44   2.5e-42  145.2   0.0    75   253   977  1174   968  1182 0.88 -
8103_g               -           1364 16994at5794          -            353   2.5e-58  197.8   0.0   5   5   0.00067      0.15   11.1   0.0   244   280  1206  1242  1199  1263 0.88 -
557_g                -            488 16994at5794          -            353   4.3e-44  151.0   0.0   1   2    0.0089         2    7.4   0.0    70    94    19    43     1    45 0.82 -
557_g                -            488 16994at5794          -            353   4.3e-44  151.0   0.0   2   2   1.7e-43   3.9e-41  141.3   0.0   100   281   103   308    94   312 0.88 -
616_g                -            488 16994at5794          -            353   4.3e-44  151.0   0.0   1   2    0.0089         2    7.4   0.0    70    94    19    43     1    45 0.82 -
616_g                -            488 16994at5794          -            353   4.3e-44  151.0   0.0   2   2   1.7e-43   3.9e-41  141.3   0.0   100   281   103   308    94   312 0.88 -
558_g                -            900 16994at5794          -            353   8.5e-42  143.4   0.0   1   2   6.7e-05     0.015   14.4   0.0    75   109   450   484   441   491 0.88 -
558_g                -            900 16994at5794          -            353   8.5e-42  143.4   0.0   2   2   5.8e-39   1.3e-36  126.4   0.0   111   279   614   812   608   825 0.90 -
615_g                -            900 16994at5794          -            353   8.5e-42  143.4   0.0   1   2   6.7e-05     0.015   14.4   0.0    75   109   450   484   441   491 0.88 -
615_g                -            900 16994at5794          -            353   8.5e-42  143.4   0.0   2   2   5.8e-39   1.3e-36  126.4   0.0   111   279   614   812   608   825 0.90 -
10324_g              -            727 16994at5794          -            353   1.1e-39  136.5   0.1   1   4   3.5e-12   7.9e-10   38.3   0.0   154   185   174   205   171   212 0.83 -
10324_g              -            727 16994at5794          -            353   1.1e-39  136.5   0.1   2   4   2.4e-27   5.3e-25   88.2   0.0   223   301   352   442   348   453 0.89 -
10324_g              -            727 16994at5794          -            353   1.1e-39  136.5   0.1   3   4      0.19        43    3.0   0.0   302   325   555   578   543   599 0.80 -
10324_g              -            727 16994at5794          -            353   1.1e-39  136.5   0.1   4   4       1.1   2.4e+02    0.5   0.0   320   347   629   656   627   660 0.84 -
12201_g              -            727 16994at5794          -            353   1.1e-39  136.5   0.1   1   4   3.5e-12   7.9e-10   38.3   0.0   154   185   174   205   171   212 0.83 -
12201_g              -            727 16994at5794          -            353   1.1e-39  136.5   0.1   2   4   2.4e-27   5.3e-25   88.2   0.0   223   301   352   442   348   453 0.89 -
12201_g              -            727 16994at5794          -            353   1.1e-39  136.5   0.1   3   4      0.19        43    3.0   0.0   302   325   555   578   543   599 0.80 -
12201_g              -            727 16994at5794          -            353   1.1e-39  136.5   0.1   4   4       1.1   2.4e+02    0.5   0.0   320   347   629   656   627   660 0.84 -
13644_g              -            416 16994at5794          -            353   1.3e-38  132.9   0.1   1   1   1.1e-38   2.5e-36  125.4   0.1    75   278   138   386   122   405 0.78 -
9019_g               -            416 16994at5794          -            353   1.3e-38  132.9   0.1   1   1   1.1e-38   2.5e-36  125.4   0.1    75   278   138   386   122   405 0.78 -
4909_g               -           1593 16994at5794          -            353   7.3e-38  130.5   0.0   1   1   8.9e-40     2e-37  129.1   0.0    67   278   729   969   722   976 0.86 -
5381_g               -           1593 16994at5794          -            353   7.3e-38  130.5   0.0   1   1   8.9e-40     2e-37  129.1   0.0    67   278   729   969   722   976 0.86 -
5875_g               -           1652 16994at5794          -            353   9.7e-35  120.2   0.0   1   2   2.6e-35   5.8e-33  114.4   0.0    74   250   983  1179   978  1193 0.86 -
5875_g               -           1652 16994at5794          -            353   9.7e-35  120.2   0.0   2   2      0.14        31    3.4   0.0   245   288  1301  1344  1292  1369 0.75 -
6375_g               -           1652 16994at5794          -            353   9.7e-35  120.2   0.0   1   2   2.6e-35   5.8e-33  114.4   0.0    74   250   983  1179   978  1193 0.86 -
6375_g               -           1652 16994at5794          -            353   9.7e-35  120.2   0.0   2   2      0.14        31    3.4   0.0   245   288  1301  1344  1292  1369 0.75 -
5781_g               -           3160 16994at5794          -            353     1e-33  116.9   0.1   1   3    0.0013       0.3   10.1   0.0    72   108   324   360   312   385 0.88 -
5781_g               -           3160 16994at5794          -            353     1e-33  116.9   0.1   2   3   3.1e-27     7e-25   87.8   0.0   110   203   424   523   415   526 0.87 -
5781_g               -           3160 16994at5794          -            353     1e-33  116.9   0.1   3   3     7e-05     0.016   14.3   0.1   207   278   598   682   586   713 0.82 -
6468_g               -           6760 16994at5794          -            353   1.2e-32  113.4   0.1   1   3     0.003      0.66    8.9   0.0    72   108   324   360   312   384 0.88 -
6468_g               -           6760 16994at5794          -            353   1.2e-32  113.4   0.1   2   3   7.1e-27   1.6e-24   86.6   0.0   110   203   424   523   415   526 0.87 -
6468_g               -           6760 16994at5794          -            353   1.2e-32  113.4   0.1   3   3   0.00016     0.036   13.1   0.1   207   278   598   682   588   713 0.82 -
10530_g              -            803 16994at5794          -            353   8.3e-32  110.6   0.0   1   1   8.4e-34   1.9e-31  109.4   0.0   113   277   585   774   579   787 0.85 -
11327_g              -            803 16994at5794          -            353   8.3e-32  110.6   0.0   1   1   8.4e-34   1.9e-31  109.4   0.0   113   277   585   774   579   787 0.85 -
11275_g              -           1181 16994at5794          -            353     1e-30  107.0   0.0   1   3   1.9e-28   4.2e-26   91.8   0.0    64   183   570   697   561   708 0.84 -
11275_g              -           1181 16994at5794          -            353     1e-30  107.0   0.0   2   3    0.0016      0.37    9.8   0.0   184   237   788   847   779   857 0.82 -
11275_g              -           1181 16994at5794          -            353     1e-30  107.0   0.0   3   3      0.77   1.7e+02    1.0   0.1   243   284   960  1003   950  1021 0.79 -
12072_g              -           1181 16994at5794          -            353     1e-30  107.0   0.0   1   3   1.9e-28   4.2e-26   91.8   0.0    64   183   570   697   561   708 0.84 -
12072_g              -           1181 16994at5794          -            353     1e-30  107.0   0.0   2   3    0.0016      0.37    9.8   0.0   184   237   788   847   779   857 0.82 -
12072_g              -           1181 16994at5794          -            353     1e-30  107.0   0.0   3   3      0.77   1.7e+02    1.0   0.1   243   284   960  1003   950  1021 0.79 -
2557_g               -            715 16994at5794          -            353   1.2e-30  106.7   0.4   1   2   6.8e-06    0.0015   17.6   0.0    92   125   384   421   379   430 0.86 -
2557_g               -            715 16994at5794          -            353   1.2e-30  106.7   0.4   2   2   5.9e-27   1.3e-24   86.9   0.1   120   279   503   686   488   708 0.82 -
3238_g               -            715 16994at5794          -            353   1.2e-30  106.7   0.4   1   2   6.8e-06    0.0015   17.6   0.0    92   125   384   421   379   430 0.86 -
3238_g               -            715 16994at5794          -            353   1.2e-30  106.7   0.4   2   2   5.9e-27   1.3e-24   86.9   0.1   120   279   503   686   488   708 0.82 -
6759_g               -           1005 16994at5794          -            353   3.4e-28   98.7   0.2   1   3   2.2e-10     5e-08   32.4   0.0    69   123   574   631   565   637 0.85 -
6759_g               -           1005 16994at5794          -            353   3.4e-28   98.7   0.2   2   3   1.9e-10   4.3e-08   32.6   0.0   120   197   710   802   693   806 0.78 -
6759_g               -           1005 16994at5794          -            353   3.4e-28   98.7   0.2   3   3   1.7e-09   3.9e-07   29.4   0.2   189   279   870   977   859   994 0.81 -
8153_g               -           1953 16994at5794          -            353   3.4e-27   95.4   0.2   1   3   4.8e-10   1.1e-07   31.3   0.0    69   123  1522  1579  1513  1585 0.85 -
8153_g               -           1953 16994at5794          -            353   3.4e-27   95.4   0.2   2   3   4.3e-10   9.6e-08   31.4   0.0   120   197  1658  1750  1641  1754 0.78 -
8153_g               -           1953 16994at5794          -            353   3.4e-27   95.4   0.2   3   3   4.1e-09   9.2e-07   28.2   0.1   189   279  1818  1925  1807  1941 0.81 -
10555_g              -           1552 16994at5794          -            353   3.5e-27   95.4   0.0   1   2   0.00056      0.13   11.3   0.0    76   121   805   853   785   873 0.81 -
10555_g              -           1552 16994at5794          -            353   3.5e-27   95.4   0.0   2   2   2.3e-25   5.2e-23   81.6   0.0    96   269   878  1075   871  1092 0.85 -
11352_g              -           1552 16994at5794          -            353   3.5e-27   95.4   0.0   1   2   0.00056      0.13   11.3   0.0    76   121   805   853   785   873 0.81 -
11352_g              -           1552 16994at5794          -            353   3.5e-27   95.4   0.0   2   2   2.3e-25   5.2e-23   81.6   0.0    96   269   878  1075   871  1092 0.85 -
10068_g              -           1171 16994at5794          -            353   8.1e-26   90.9   0.0   1   3   6.6e-07   0.00015   20.9   0.0    79   124   651   699   645   708 0.87 -
10068_g              -           1171 16994at5794          -            353   8.1e-26   90.9   0.0   2   3   5.9e-20   1.3e-17   63.9   0.0   123   199   879   959   864   961 0.86 -
10068_g              -           1171 16994at5794          -            353   8.1e-26   90.9   0.0   3   3      0.41        91    1.9   0.0   241   277  1065  1101  1058  1169 0.71 -
12453_g              -           1188 16994at5794          -            353   8.4e-26   90.8   0.0   1   3   6.8e-07   0.00015   20.9   0.0    79   124   668   716   662   725 0.87 -
12453_g              -           1188 16994at5794          -            353   8.4e-26   90.8   0.0   2   3     6e-20   1.3e-17   63.8   0.0   123   199   896   976   881   978 0.86 -
12453_g              -           1188 16994at5794          -            353   8.4e-26   90.8   0.0   3   3      0.42        93    1.9   0.0   241   277  1082  1118  1075  1186 0.71 -
2000_g               -            782 16994at5794          -            353   8.5e-25   87.5   0.0   1   3   1.7e-17   3.8e-15   55.8   0.0   105   251   250   432   243   437 0.79 -
2000_g               -            782 16994at5794          -            353   8.5e-25   87.5   0.0   2   3    0.0035      0.78    8.7   0.0   244   281   475   512   456   536 0.85 -
2000_g               -            782 16994at5794          -            353   8.5e-25   87.5   0.0   3   3   8.5e-06    0.0019   17.3   0.0   109   177   584   657   565   660 0.78 -
2259_g               -            782 16994at5794          -            353   8.5e-25   87.5   0.0   1   3   1.7e-17   3.8e-15   55.8   0.0   105   251   250   432   243   437 0.79 -
2259_g               -            782 16994at5794          -            353   8.5e-25   87.5   0.0   2   3    0.0035      0.78    8.7   0.0   244   281   475   512   456   536 0.85 -
2259_g               -            782 16994at5794          -            353   8.5e-25   87.5   0.0   3   3   8.5e-06    0.0019   17.3   0.0   109   177   584   657   565   660 0.78 -
10908_g              -           4019 16994at5794          -            353     9e-21   74.3   0.0   1   2   6.6e-22   1.5e-19   70.3   0.0    76   247  1557  1769  1546  1774 0.73 -
10908_g              -           4019 16994at5794          -            353     9e-21   74.3   0.0   2   2       1.2   2.6e+02    0.4   0.0   244   278  1841  1875  1837  1903 0.86 -
11705_g              -           4019 16994at5794          -            353     9e-21   74.3   0.0   1   2   6.6e-22   1.5e-19   70.3   0.0    76   247  1557  1769  1546  1774 0.73 -
11705_g              -           4019 16994at5794          -            353     9e-21   74.3   0.0   2   2       1.2   2.6e+02    0.4   0.0   244   278  1841  1875  1837  1903 0.86 -
1282_g               -            660 16994at5794          -            353   1.2e-15   57.4   0.0   1   2   2.8e-05    0.0062   15.6   0.0    76   125   301   353   294   363 0.84 -
1282_g               -            660 16994at5794          -            353   1.2e-15   57.4   0.0   2   2   1.4e-12   3.2e-10   39.6   0.0   122   191   480   555   473   560 0.84 -
1358_g               -            660 16994at5794          -            353   1.2e-15   57.4   0.0   1   2   2.8e-05    0.0062   15.6   0.0    76   125   301   353   294   363 0.84 -
1358_g               -            660 16994at5794          -            353   1.2e-15   57.4   0.0   2   2   1.4e-12   3.2e-10   39.6   0.0   122   191   480   555   473   560 0.84 -
10325_g              -            443 16994at5794          -            353   6.1e-13   48.5   0.1   1   2     9e-10     2e-07   30.4   0.0    83   112   120   149   117   155 0.92 -
10325_g              -            443 16994at5794          -            353   6.1e-13   48.5   0.1   2   2   2.6e-05    0.0058   15.7   0.0   116   134   340   358   322   368 0.84 -
2071_g               -           1143 16994at5794          -            353     3e-12   46.2   0.0   1   1   1.8e-13   4.1e-11   42.5   0.0    87   259   569   775   565   790 0.70 -
2188_g               -           1143 16994at5794          -            353     3e-12   46.2   0.0   1   1   1.8e-13   4.1e-11   42.5   0.0    87   259   569   775   565   790 0.70 -
12198_g              -            301 16994at5794          -            353   9.9e-11   41.3   0.5   1   2   4.6e-07    0.0001   21.5   0.1     1    35     7    41     7    46 0.95 -
12198_g              -            301 16994at5794          -            353   9.9e-11   41.3   0.5   2   2   4.8e-06    0.0011   18.1   0.1    37    70   100   134    92   142 0.83 -
10326_g              -            490 16994at5794          -            353   3.5e-10   39.5   0.5   1   2   8.9e-07    0.0002   20.5   0.1     1    35   196   230   196   234 0.95 -
10326_g              -            490 16994at5794          -            353   3.5e-10   39.5   0.5   2   2   9.7e-06    0.0022   17.1   0.0    37    69   289   322   282   330 0.83 -
12199_g              -            248 16994at5794          -            353   4.5e-08   32.5   0.0   1   1   4.2e-10   9.4e-08   31.5   0.0    83   112   120   149   117   155 0.92 -
1085_g               -            367 16994at5794          -            353   5.7e-08   32.2   0.0   1   2       1.5   3.4e+02    0.0   0.0   240   280    21    61    13    73 0.78 -
1085_g               -            367 16994at5794          -            353   5.7e-08   32.2   0.0   2   2   1.4e-09   3.2e-07   29.7   0.0    97   179    94   179    79   188 0.89 -
1553_g               -            367 16994at5794          -            353   5.7e-08   32.2   0.0   1   2       1.5   3.4e+02    0.0   0.0   240   280    21    61    13    73 0.78 -
1553_g               -            367 16994at5794          -            353   5.7e-08   32.2   0.0   2   2   1.4e-09   3.2e-07   29.7   0.0    97   179    94   179    79   188 0.89 -
1281_g               -            381 16994at5794          -            353   1.7e-07   30.6   0.0   1   1   1.2e-09   2.7e-07   29.9   0.0   206   280   176   263   173   273 0.84 -
1359_g               -            381 16994at5794          -            353   1.7e-07   30.6   0.0   1   1   1.2e-09   2.7e-07   29.9   0.0   206   280   176   263   173   273 0.84 -
13241_g              -            739 16994at5794          -            353   4.5e-06   25.9   3.8   1   4         9     2e+03   -2.5   2.7    24    94   114   181    96   185 0.72 -
13241_g              -            739 16994at5794          -            353   4.5e-06   25.9   3.8   2   4   1.2e-07   2.7e-05   23.4   0.0   108   179   400   475   393   541 0.72 -
13241_g              -            739 16994at5794          -            353   4.5e-06   25.9   3.8   3   4       1.8     4e+02   -0.2   0.0   219   253   608   642   606   652 0.84 -
13241_g              -            739 16994at5794          -            353   4.5e-06   25.9   3.8   4   4       2.2     5e+02   -0.5   0.0   240   266   649   680   638   688 0.69 -
9426_g               -            739 16994at5794          -            353   4.5e-06   25.9   3.8   1   4         9     2e+03   -2.5   2.7    24    94   114   181    96   185 0.72 -
9426_g               -            739 16994at5794          -            353   4.5e-06   25.9   3.8   2   4   1.2e-07   2.7e-05   23.4   0.0   108   179   400   475   393   541 0.72 -
9426_g               -            739 16994at5794          -            353   4.5e-06   25.9   3.8   3   4       1.8     4e+02   -0.2   0.0   219   253   608   642   606   652 0.84 -
9426_g               -            739 16994at5794          -            353   4.5e-06   25.9   3.8   4   4       2.2     5e+02   -0.5   0.0   240   266   649   680   638   688 0.69 -
5065_g               -            933 16994at5794          -            353    0.0002   20.5   0.0   1   2     0.072        16    4.4   0.0   157   245   268   356   262   389 0.75 -
5065_g               -            933 16994at5794          -            353    0.0002   20.5   0.0   2   2   0.00011     0.025   13.6   0.0    60   136   493   570   430   576 0.74 -
5537_g               -            933 16994at5794          -            353    0.0002   20.5   0.0   1   2     0.072        16    4.4   0.0   157   245   268   356   262   389 0.75 -
5537_g               -            933 16994at5794          -            353    0.0002   20.5   0.0   2   2   0.00011     0.025   13.6   0.0    60   136   493   570   430   576 0.74 -
12200_g              -            166 16994at5794          -            353    0.0011   18.0   0.0   1   1   6.1e-06    0.0014   17.8   0.0   115   134    62    81    44    92 0.82 -
2852_g               -           1142 16994at5794          -            353    0.0026   16.8   0.5   1   3      0.17        38    3.2   0.0   111   132   537   558   532   563 0.90 -
2852_g               -           1142 16994at5794          -            353    0.0026   16.8   0.5   2   3       1.3   2.9e+02    0.2   0.1   213   225   671   683   661   729 0.57 -
2852_g               -           1142 16994at5794          -            353    0.0026   16.8   0.5   3   3    0.0032      0.71    8.8   0.0   165   184   966   987   942  1009 0.80 -
3533_g               -           1142 16994at5794          -            353    0.0026   16.8   0.5   1   3      0.17        38    3.2   0.0   111   132   537   558   532   563 0.90 -
3533_g               -           1142 16994at5794          -            353    0.0026   16.8   0.5   2   3       1.3   2.9e+02    0.2   0.1   213   225   671   683   661   729 0.57 -
3533_g               -           1142 16994at5794          -            353    0.0026   16.8   0.5   3   3    0.0032      0.71    8.8   0.0   165   184   966   987   942  1009 0.80 -
2093_g               -           1073 16994at5794          -            353    0.0069   15.5   0.2   1   2     0.076        17    4.3   0.0   111   132   259   280   255   305 0.81 -
2093_g               -           1073 16994at5794          -            353    0.0069   15.5   0.2   2   2    0.0032      0.71    8.8   0.1   164   202   626   668   612   684 0.71 -
2168_g               -           1073 16994at5794          -            353    0.0069   15.5   0.2   1   2     0.076        17    4.3   0.0   111   132   259   280   255   305 0.81 -
2168_g               -           1073 16994at5794          -            353    0.0069   15.5   0.2   2   2    0.0032      0.71    8.8   0.1   164   202   626   668   612   684 0.71 -
13082_g              -            718 16994at5794          -            353     0.035   13.1   0.0   1   1   0.00027     0.059   12.4   0.0   107   135   133   161   125   163 0.88 -
9584_g               -            730 16994at5794          -            353     0.037   13.1   0.0   1   1   0.00027     0.061   12.4   0.0   107   135   133   161   125   163 0.88 -
4912_g               -           1609 16994at5794          -            353     0.049   12.7   0.0   1   2     0.037       8.3    5.3   0.0   136   193   411   473   366   531 0.66 -
4912_g               -           1609 16994at5794          -            353     0.049   12.7   0.0   2   2     0.058        13    4.7   0.0    80   133   670   723   649   727 0.87 -
5384_g               -           1609 16994at5794          -            353     0.049   12.7   0.0   1   2     0.037       8.3    5.3   0.0   136   193   411   473   366   531 0.66 -
5384_g               -           1609 16994at5794          -            353     0.049   12.7   0.0   2   2     0.058        13    4.7   0.0    80   133   670   723   649   727 0.87 -
5938_g               -            825 16994at5794          -            353     0.063   12.3   0.0   1   1   0.00043     0.097   11.7   0.0   104   200   464   559   460   569 0.83 -
6315_g               -            825 16994at5794          -            353     0.063   12.3   0.0   1   1   0.00043     0.097   11.7   0.0   104   200   464   559   460   569 0.83 -
7229_g               -           1223 16994at5794          -            353     0.092   11.8   0.0   1   2    0.0021      0.46    9.5   0.0   110   134   173   197   153   209 0.70 -
7229_g               -           1223 16994at5794          -            353     0.092   11.8   0.0   2   2       2.7     6e+02   -0.8   0.0   159   179   262   282   235   292 0.79 -
7687_g               -           1223 16994at5794          -            353     0.092   11.8   0.0   1   2    0.0021      0.46    9.5   0.0   110   134   173   197   153   209 0.70 -
7687_g               -           1223 16994at5794          -            353     0.092   11.8   0.0   2   2       2.7     6e+02   -0.8   0.0   159   179   262   282   235   292 0.79 -
2782_g               -           1664 16994at5794          -            353      0.18   10.8   0.0   1   1    0.0014       0.3   10.0   0.0   110   148   452   495   438   514 0.79 -
3463_g               -           1664 16994at5794          -            353      0.18   10.8   0.0   1   1    0.0014       0.3   10.0   0.0   110   148   452   495   438   514 0.79 -
5018_g               -            209 16994at5794          -            353      0.24   10.4   1.8   1   2     0.041       9.1    5.2   0.0   118   158    24    64    18    73 0.82 -
5018_g               -            209 16994at5794          -            353      0.24   10.4   1.8   2   2     0.079        18    4.2   0.6   128   167   130   169   126   171 0.89 -
5490_g               -            209 16994at5794          -            353      0.24   10.4   1.8   1   2     0.041       9.1    5.2   0.0   118   158    24    64    18    73 0.82 -
5490_g               -            209 16994at5794          -            353      0.24   10.4   1.8   2   2     0.079        18    4.2   0.6   128   167   130   169   126   171 0.89 -
#
# Program:         hmmsearch
# Version:         3.1b2 (February 2015)
# Pipeline mode:   SEARCH
# Query file:      /mnt/e/Bioinformatics/Semester2/BINP29/Malaria Project/Genomes/Parsed/busco_downloads/lineages/apicomplexa_odb10/hmms/16994at5794.hmm
# Target file:     /mnt/e/Bioinformatics/Semester2/BINP29/Malaria Project/Genomes/Parsed/Tg_new.faa
# Option settings: hmmsearch --domtblout /mnt/e/Bioinformatics/Semester2/BINP29/Malaria Project/Genomes/Parsed/Tg/run_apicomplexa_odb10/hmmer_output/initial_run_results/16994at5794.out --cpu 1 /mnt/e/Bioinformatics/Semester2/BINP29/Malaria Project/Genomes/Parsed/busco_downloads/lineages/apicomplexa_odb10/hmms/16994at5794.hmm /mnt/e/Bioinformatics/Semester2/BINP29/Malaria Project/Genomes/Parsed/Tg_new.faa 
# Current dir:     /mnt/e/Bioinformatics/Semester2/BINP29/Malaria Project/Genomes/Parsed
# Date:            Wed Mar  1 19:34:41 2023
# [ok]
