#                                                                            --- full sequence --- -------------- this domain -------------   hmm coord   ali coord   env coord
# target name        accession   tlen query name           accession   qlen   E-value  score  bias   #  of  c-Evalue  i-Evalue  score  bias  from    to  from    to  from    to  acc description of target
#------------------- ---------- ----- -------------------- ---------- ----- --------- ------ ----- --- --- --------- --------- ------ ----- ----- ----- ----- ----- ----- ----- ---- ---------------------
10663_g              -            310 18098at5794          -            212  6.1e-108  358.9   0.2   1   1    9e-111    8e-108  358.5   0.2     9   211    91   301    85   302 0.96 -
11460_g              -            310 18098at5794          -            212  6.1e-108  358.9   0.2   1   1    9e-111    8e-108  358.5   0.2     9   211    91   301    85   302 0.96 -
13303_g              -            246 18098at5794          -            212   5.5e-31  107.4   0.6   1   1   8.3e-34   7.4e-31  107.0   0.6    10   192    41   231    37   241 0.90 -
9366_g               -            246 18098at5794          -            212   5.5e-31  107.4   0.6   1   1   8.3e-34   7.4e-31  107.0   0.6    10   192    41   231    37   241 0.90 -
12725_g              -            287 18098at5794          -            212   5.1e-27   94.4   0.0   1   1     8e-30   7.1e-27   94.0   0.0    12   194    50   237    46   244 0.96 -
9799_g               -            287 18098at5794          -            212   5.1e-27   94.4   0.0   1   1     8e-30   7.1e-27   94.0   0.0    12   194    50   237    46   244 0.96 -
1263_g               -            192 18098at5794          -            212   5.5e-12   45.3   0.1   1   1   7.5e-15   6.6e-12   45.0   0.1    25   192    12   186     2   189 0.83 -
1377_g               -            192 18098at5794          -            212   5.5e-12   45.3   0.1   1   1   7.5e-15   6.6e-12   45.0   0.1    25   192    12   186     2   189 0.83 -
11055_g              -            259 18098at5794          -            212     2e-08   33.7   0.2   1   1   5.1e-11   4.5e-08   32.5   0.2    11   163    31   199    23   228 0.83 -
11852_g              -            259 18098at5794          -            212     2e-08   33.7   0.2   1   1   5.1e-11   4.5e-08   32.5   0.2    11   163    31   199    23   228 0.83 -
2868_g               -           1576 18098at5794          -            212   4.2e-07   29.4   0.0   1   2   4.8e-06    0.0042   16.3   0.0    14   106  1333  1425  1327  1447 0.84 -
2868_g               -           1576 18098at5794          -            212   4.2e-07   29.4   0.0   2   2   0.00025      0.22   10.7   0.0   154   196  1527  1569  1492  1573 0.84 -
3549_g               -           1576 18098at5794          -            212   4.2e-07   29.4   0.0   1   2   4.8e-06    0.0042   16.3   0.0    14   106  1333  1425  1327  1447 0.84 -
3549_g               -           1576 18098at5794          -            212   4.2e-07   29.4   0.0   2   2   0.00025      0.22   10.7   0.0   154   196  1527  1569  1492  1573 0.84 -
4001_g               -            397 18098at5794          -            212   7.2e-07   28.6   0.0   1   1   1.1e-09     1e-06   28.1   0.0    10   164   189   352   181   374 0.89 -
8781_g               -            397 18098at5794          -            212   7.2e-07   28.6   0.0   1   1   1.1e-09     1e-06   28.1   0.0    10   164   189   352   181   374 0.89 -
5964_g               -            239 18098at5794          -            212   0.00028   20.1   0.1   1   2   1.3e-05     0.011   14.9   0.0    11   106     4    98     2   121 0.88 -
5964_g               -            239 18098at5794          -            212   0.00028   20.1   0.1   2   2     0.041        36    3.4   0.0   127   174   145   195   128   222 0.81 -
6288_g               -            239 18098at5794          -            212   0.00028   20.1   0.1   1   2   1.3e-05     0.011   14.9   0.0    11   106     4    98     2   121 0.88 -
6288_g               -            239 18098at5794          -            212   0.00028   20.1   0.1   2   2     0.041        36    3.4   0.0   127   174   145   195   128   222 0.81 -
7150_g               -            675 18098at5794          -            212   0.00038   19.7   0.1   1   1     8e-07    0.0007   18.8   0.1    13    73   497   558   491   646 0.82 -
7767_g               -            675 18098at5794          -            212   0.00038   19.7   0.1   1   1     8e-07    0.0007   18.8   0.1    13    73   497   558   491   646 0.82 -
#
# Program:         hmmsearch
# Version:         3.1b2 (February 2015)
# Pipeline mode:   SEARCH
# Query file:      /mnt/e/Bioinformatics/Semester2/BINP29/Malaria Project/Genomes/Parsed/busco_downloads/lineages/apicomplexa_odb10/hmms/18098at5794.hmm
# Target file:     /mnt/e/Bioinformatics/Semester2/BINP29/Malaria Project/Genomes/Parsed/Tg_new.faa
# Option settings: hmmsearch --domtblout /mnt/e/Bioinformatics/Semester2/BINP29/Malaria Project/Genomes/Parsed/Tg/run_apicomplexa_odb10/hmmer_output/initial_run_results/18098at5794.out --cpu 1 /mnt/e/Bioinformatics/Semester2/BINP29/Malaria Project/Genomes/Parsed/busco_downloads/lineages/apicomplexa_odb10/hmms/18098at5794.hmm /mnt/e/Bioinformatics/Semester2/BINP29/Malaria Project/Genomes/Parsed/Tg_new.faa 
# Current dir:     /mnt/e/Bioinformatics/Semester2/BINP29/Malaria Project/Genomes/Parsed
# Date:            Wed Mar  1 19:34:45 2023
# [ok]
