#                                                                            --- full sequence --- -------------- this domain -------------   hmm coord   ali coord   env coord
# target name        accession   tlen query name           accession   qlen   E-value  score  bias   #  of  c-Evalue  i-Evalue  score  bias  from    to  from    to  from    to  acc description of target
#------------------- ---------- ----- -------------------- ---------- ----- --------- ------ ----- --- --- --------- --------- ------ ----- ----- ----- ----- ----- ----- ----- ---- ---------------------
11195_g              -           1117 18101at5794          -            220   1.1e-91  306.3  19.4   1   3   9.6e-37   8.5e-34  117.0   3.7     2    93    81   187    80   199 0.81 -
11195_g              -           1117 18101at5794          -            220   1.1e-91  306.3  19.4   2   3   3.5e-24   3.1e-21   75.9   3.2    90   142   210   262   198   273 0.90 -
11195_g              -           1117 18101at5794          -            220   1.1e-91  306.3  19.4   3   3   3.2e-38   2.8e-35  121.8   0.2   135   220   278   376   262   376 0.89 -
11992_g              -           1117 18101at5794          -            220   1.1e-91  306.3  19.4   1   3   9.6e-37   8.5e-34  117.0   3.7     2    93    81   187    80   199 0.81 -
11992_g              -           1117 18101at5794          -            220   1.1e-91  306.3  19.4   2   3   3.5e-24   3.1e-21   75.9   3.2    90   142   210   262   198   273 0.90 -
11992_g              -           1117 18101at5794          -            220   1.1e-91  306.3  19.4   3   3   3.2e-38   2.8e-35  121.8   0.2   135   220   278   376   262   376 0.89 -
10778_g              -            474 18101at5794          -            220   1.1e-23   83.9  15.8   1   4       1.1   9.4e+02   -0.9   0.3   152   178    14    42     4    48 0.66 -
10778_g              -            474 18101at5794          -            220   1.1e-23   83.9  15.8   2   4         1     9e+02   -0.8   0.2    25    58    46    82    18    88 0.46 -
10778_g              -            474 18101at5794          -            220   1.1e-23   83.9  15.8   3   4   1.2e-20   1.1e-17   64.4   4.0    72   140   133   202   110   211 0.85 -
10778_g              -            474 18101at5794          -            220   1.1e-23   83.9  15.8   4   4   4.9e-09   4.3e-06   26.4   0.3   155   213   268   333   236   340 0.71 -
11575_g              -            474 18101at5794          -            220   1.1e-23   83.9  15.8   1   4       1.1   9.4e+02   -0.9   0.3   152   178    14    42     4    48 0.66 -
11575_g              -            474 18101at5794          -            220   1.1e-23   83.9  15.8   2   4         1     9e+02   -0.8   0.2    25    58    46    82    18    88 0.46 -
11575_g              -            474 18101at5794          -            220   1.1e-23   83.9  15.8   3   4   1.2e-20   1.1e-17   64.4   4.0    72   140   133   202   110   211 0.85 -
11575_g              -            474 18101at5794          -            220   1.1e-23   83.9  15.8   4   4   4.9e-09   4.3e-06   26.4   0.3   155   213   268   333   236   340 0.71 -
4137_g               -           1196 18101at5794          -            220   8.9e-20   71.1   5.9   1   1     3e-22   2.6e-19   69.6   5.9    72   138   490   560   482   564 0.84 -
8917_g               -           1196 18101at5794          -            220   8.9e-20   71.1   5.9   1   1     3e-22   2.6e-19   69.6   5.9    72   138   490   560   482   564 0.84 -
2571_g               -           1045 18101at5794          -            220   4.8e-16   58.9   5.8   1   3       8.2   7.2e+03   -3.8   0.3   102   128   138   167   126   178 0.47 -
2571_g               -           1045 18101at5794          -            220   4.8e-16   58.9   5.8   2   3   5.4e-19   4.8e-16   58.9   5.8    72   129   549   606   541   627 0.84 -
2571_g               -           1045 18101at5794          -            220   4.8e-16   58.9   5.8   3   3     0.099        87    2.5   0.0   157   185   863   891   849   896 0.73 -
3252_g               -           1045 18101at5794          -            220   4.8e-16   58.9   5.8   1   3       8.2   7.2e+03   -3.8   0.3   102   128   138   167   126   178 0.47 -
3252_g               -           1045 18101at5794          -            220   4.8e-16   58.9   5.8   2   3   5.4e-19   4.8e-16   58.9   5.8    72   129   549   606   541   627 0.84 -
3252_g               -           1045 18101at5794          -            220   4.8e-16   58.9   5.8   3   3     0.099        87    2.5   0.0   157   185   863   891   849   896 0.73 -
11039_g              -            698 18101at5794          -            220   1.4e-12   47.6   7.0   1   1   3.1e-15   2.7e-12   46.7   7.0    69   184   205   334   133   342 0.67 -
11836_g              -            698 18101at5794          -            220   1.4e-12   47.6   7.0   1   1   3.1e-15   2.7e-12   46.7   7.0    69   184   205   334   133   342 0.67 -
6712_g               -            753 18101at5794          -            220   3.3e-10   39.8   0.0   1   1     6e-13   5.3e-10   39.2   0.0    71   130   663   722   636   742 0.86 -
8197_g               -            753 18101at5794          -            220   3.3e-10   39.8   0.0   1   1     6e-13   5.3e-10   39.2   0.0    71   130   663   722   636   742 0.86 -
330_g                -            960 18101at5794          -            220   3.7e-09   36.4   7.2   1   1   7.4e-12   6.5e-09   35.6   7.2    70   164   588   687   556   700 0.72 -
61_g                 -            943 18101at5794          -            220   4.5e-09   36.2   8.8   1   1     9e-12     8e-09   35.3   8.8    70   166   588   689   556   711 0.69 -
17_g                 -           2225 18101at5794          -            220   0.00071   19.1  30.9   1   4       4.4   3.9e+03   -2.9   0.1    65    78  1683  1696  1678  1699 0.79 -
17_g                 -           2225 18101at5794          -            220   0.00071   19.1  30.9   2   4   1.5e-06    0.0013   18.3   9.9    79   173  1748  1849  1744  1859 0.53 -
17_g                 -           2225 18101at5794          -            220   0.00071   19.1  30.9   3   4       4.9   4.3e+03   -3.0   2.1   117   165  1840  1887  1820  1897 0.52 -
17_g                 -           2225 18101at5794          -            220   0.00071   19.1  30.9   4   4   0.00014      0.12   11.9   5.6   102   188  1914  2003  1905  2037 0.82 -
373_g                -           2225 18101at5794          -            220   0.00071   19.1  30.9   1   4       4.4   3.9e+03   -2.9   0.1    65    78  1683  1696  1678  1699 0.79 -
373_g                -           2225 18101at5794          -            220   0.00071   19.1  30.9   2   4   1.5e-06    0.0013   18.3   9.9    79   173  1748  1849  1744  1859 0.53 -
373_g                -           2225 18101at5794          -            220   0.00071   19.1  30.9   3   4       4.9   4.3e+03   -3.0   2.1   117   165  1840  1887  1820  1897 0.52 -
373_g                -           2225 18101at5794          -            220   0.00071   19.1  30.9   4   4   0.00014      0.12   11.9   5.6   102   188  1914  2003  1905  2037 0.82 -
11127_g              -            955 18101at5794          -            220     0.012   15.1   1.0   1   1   4.6e-05     0.041   13.4   1.0   150   212   714   790   689   799 0.69 -
11924_g              -            955 18101at5794          -            220     0.012   15.1   1.0   1   1   4.6e-05     0.041   13.4   1.0   150   212   714   790   689   799 0.69 -
#
# Program:         hmmsearch
# Version:         3.1b2 (February 2015)
# Pipeline mode:   SEARCH
# Query file:      /mnt/e/Bioinformatics/Semester2/BINP29/Malaria Project/Genomes/Parsed/busco_downloads/lineages/apicomplexa_odb10/hmms/18101at5794.hmm
# Target file:     /mnt/e/Bioinformatics/Semester2/BINP29/Malaria Project/Genomes/Parsed/Tg_new.faa
# Option settings: hmmsearch --domtblout /mnt/e/Bioinformatics/Semester2/BINP29/Malaria Project/Genomes/Parsed/Tg/run_apicomplexa_odb10/hmmer_output/initial_run_results/18101at5794.out --cpu 1 /mnt/e/Bioinformatics/Semester2/BINP29/Malaria Project/Genomes/Parsed/busco_downloads/lineages/apicomplexa_odb10/hmms/18101at5794.hmm /mnt/e/Bioinformatics/Semester2/BINP29/Malaria Project/Genomes/Parsed/Tg_new.faa 
# Current dir:     /mnt/e/Bioinformatics/Semester2/BINP29/Malaria Project/Genomes/Parsed
# Date:            Wed Mar  1 19:34:45 2023
# [ok]
