#                                                                            --- full sequence --- -------------- this domain -------------   hmm coord   ali coord   env coord
# target name        accession   tlen query name           accession   qlen   E-value  score  bias   #  of  c-Evalue  i-Evalue  score  bias  from    to  from    to  from    to  acc description of target
#------------------- ---------- ----- -------------------- ---------- ----- --------- ------ ----- --- --- --------- --------- ------ ----- ----- ----- ----- ----- ----- ----- ---- ---------------------
6926_g               -            560 18484at5794          -            348  7.2e-110  367.0  43.7   1   3  2.3e-101   6.2e-98  327.7  37.5     5   287    30   338    23   344 0.91 -
6926_g               -            560 18484at5794          -            348  7.2e-110  367.0  43.7   2   3   3.7e-08   9.9e-05   21.2   0.0   275   304   368   397   362   405 0.86 -
6926_g               -            560 18484at5794          -            348  7.2e-110  367.0  43.7   3   3   6.8e-08   0.00018   20.4   0.1   305   348   490   541   478   541 0.79 -
7986_g               -            560 18484at5794          -            348  7.2e-110  367.0  43.7   1   3  2.3e-101   6.2e-98  327.7  37.5     5   287    30   338    23   344 0.91 -
7986_g               -            560 18484at5794          -            348  7.2e-110  367.0  43.7   2   3   3.7e-08   9.9e-05   21.2   0.0   275   304   368   397   362   405 0.86 -
7986_g               -            560 18484at5794          -            348  7.2e-110  367.0  43.7   3   3   6.8e-08   0.00018   20.4   0.1   305   348   490   541   478   541 0.79 -
4309_g               -            242 18484at5794          -            348   0.00011   21.1  20.6   1   2   3.6e-07   0.00094   18.0   3.5   129   191    30    95    23    97 0.83 -
4309_g               -            242 18484at5794          -            348   0.00011   21.1  20.6   2   2   0.00018      0.48    9.1  12.6     3    87    89   175    87   192 0.86 -
8297_g               -            242 18484at5794          -            348   0.00011   21.1  20.6   1   2   3.6e-07   0.00094   18.0   3.5   129   191    30    95    23    97 0.83 -
8297_g               -            242 18484at5794          -            348   0.00011   21.1  20.6   2   2   0.00018      0.48    9.1  12.6     3    87    89   175    87   192 0.86 -
3915_g               -            923 18484at5794          -            348       7.6    5.2   8.7   1   2   0.00069       1.8    7.2   4.0   145   268   525   645   513   674 0.87 -
3915_g               -            923 18484at5794          -            348       7.6    5.2   8.7   2   2      0.18   4.7e+02   -0.7   0.1   229   246   717   734   692   743 0.67 -
8695_g               -            923 18484at5794          -            348       7.6    5.2   8.7   1   2   0.00069       1.8    7.2   4.0   145   268   525   645   513   674 0.87 -
8695_g               -            923 18484at5794          -            348       7.6    5.2   8.7   2   2      0.18   4.7e+02   -0.7   0.1   229   246   717   734   692   743 0.67 -
#
# Program:         hmmsearch
# Version:         3.1b2 (February 2015)
# Pipeline mode:   SEARCH
# Query file:      /mnt/e/Bioinformatics/Semester2/BINP29/Malaria Project/Genomes/Parsed/busco_downloads/lineages/apicomplexa_odb10/hmms/18484at5794.hmm
# Target file:     /mnt/e/Bioinformatics/Semester2/BINP29/Malaria Project/Genomes/Parsed/Tg_new.faa
# Option settings: hmmsearch --domtblout /mnt/e/Bioinformatics/Semester2/BINP29/Malaria Project/Genomes/Parsed/Tg/run_apicomplexa_odb10/hmmer_output/initial_run_results/18484at5794.out --cpu 1 /mnt/e/Bioinformatics/Semester2/BINP29/Malaria Project/Genomes/Parsed/busco_downloads/lineages/apicomplexa_odb10/hmms/18484at5794.hmm /mnt/e/Bioinformatics/Semester2/BINP29/Malaria Project/Genomes/Parsed/Tg_new.faa 
# Current dir:     /mnt/e/Bioinformatics/Semester2/BINP29/Malaria Project/Genomes/Parsed
# Date:            Wed Mar  1 19:34:46 2023
# [ok]
