#                                                                            --- full sequence --- -------------- this domain -------------   hmm coord   ali coord   env coord
# target name        accession   tlen query name           accession   qlen   E-value  score  bias   #  of  c-Evalue  i-Evalue  score  bias  from    to  from    to  from    to  acc description of target
#------------------- ---------- ----- -------------------- ---------- ----- --------- ------ ----- --- --- --------- --------- ------ ----- ----- ----- ----- ----- ----- ----- ---- ---------------------
3847_g               -            524 18971at5794          -            282  8.4e-130  431.9   0.1   1   1  4.4e-133  1.2e-129  431.4   0.1     8   262   238   516   233   518 0.94 -
8627_g               -            524 18971at5794          -            282  8.4e-130  431.9   0.1   1   1  4.4e-133  1.2e-129  431.4   0.1     8   262   238   516   233   518 0.94 -
4127_g               -            873 18971at5794          -            282   2.9e-50  170.9   0.4   1   2   1.5e-35   3.9e-32  111.5   0.0    15   177   520   699   504   704 0.86 -
4127_g               -            873 18971at5794          -            282   2.9e-50  170.9   0.4   2   2   4.7e-19   1.2e-15   57.3   0.3   199   281   753   847   744   848 0.87 -
8907_g               -            873 18971at5794          -            282   2.9e-50  170.9   0.4   1   2   1.5e-35   3.9e-32  111.5   0.0    15   177   520   699   504   704 0.86 -
8907_g               -            873 18971at5794          -            282   2.9e-50  170.9   0.4   2   2   4.7e-19   1.2e-15   57.3   0.3   199   281   753   847   744   848 0.87 -
7444_g               -            231 18971at5794          -            282    0.0095   15.0   0.0   1   1     4e-06     0.011   14.9   0.0   194   231   133   170    59   179 0.91 -
7475_g               -            231 18971at5794          -            282    0.0095   15.0   0.0   1   1     4e-06     0.011   14.9   0.0   194   231   133   170    59   179 0.91 -
#
# Program:         hmmsearch
# Version:         3.1b2 (February 2015)
# Pipeline mode:   SEARCH
# Query file:      /mnt/e/Bioinformatics/Semester2/BINP29/Malaria Project/Genomes/Parsed/busco_downloads/lineages/apicomplexa_odb10/hmms/18971at5794.hmm
# Target file:     /mnt/e/Bioinformatics/Semester2/BINP29/Malaria Project/Genomes/Parsed/Tg_new.faa
# Option settings: hmmsearch --domtblout /mnt/e/Bioinformatics/Semester2/BINP29/Malaria Project/Genomes/Parsed/Tg/run_apicomplexa_odb10/hmmer_output/initial_run_results/18971at5794.out --cpu 1 /mnt/e/Bioinformatics/Semester2/BINP29/Malaria Project/Genomes/Parsed/busco_downloads/lineages/apicomplexa_odb10/hmms/18971at5794.hmm /mnt/e/Bioinformatics/Semester2/BINP29/Malaria Project/Genomes/Parsed/Tg_new.faa 
# Current dir:     /mnt/e/Bioinformatics/Semester2/BINP29/Malaria Project/Genomes/Parsed
# Date:            Wed Mar  1 19:34:49 2023
# [ok]
