#                                                                            --- full sequence --- -------------- this domain -------------   hmm coord   ali coord   env coord
# target name        accession   tlen query name           accession   qlen   E-value  score  bias   #  of  c-Evalue  i-Evalue  score  bias  from    to  from    to  from    to  acc description of target
#------------------- ---------- ----- -------------------- ---------- ----- --------- ------ ----- --- --- --------- --------- ------ ----- ----- ----- ----- ----- ----- ----- ---- ---------------------
10472_g              -            261 19406at5794          -            202   3.4e-75  251.8   0.0   1   1   1.3e-77   1.1e-74  250.1   0.0     1   191     1   221     1   231 0.86 -
12787_g              -            261 19406at5794          -            202   3.4e-75  251.8   0.0   1   1   1.3e-77   1.1e-74  250.1   0.0     1   191     1   221     1   231 0.86 -
11055_g              -            259 19406at5794          -            202   1.9e-32  112.3   0.0   1   1     7e-35   5.8e-32  110.7   0.0     1   186     1   213     1   228 0.75 -
11852_g              -            259 19406at5794          -            202   1.9e-32  112.3   0.0   1   1     7e-35   5.8e-32  110.7   0.0     1   186     1   213     1   228 0.75 -
4001_g               -            397 19406at5794          -            202   3.9e-30  104.7   0.0   1   1   7.9e-33   6.6e-30  104.0   0.0     7   182   166   361   160   376 0.82 -
8781_g               -            397 19406at5794          -            202   3.9e-30  104.7   0.0   1   1   7.9e-33   6.6e-30  104.0   0.0     7   182   166   361   160   376 0.82 -
4271_g               -            327 19406at5794          -            202   5.3e-26   91.2   0.0   1   2   1.7e-13   1.4e-10   40.8   0.0     7    48     4    45     1    60 0.88 -
4271_g               -            327 19406at5794          -            202   5.3e-26   91.2   0.0   2   2   9.3e-16   7.8e-13   48.2   0.0    57   154   112   215   104   229 0.92 -
8334_g               -            384 19406at5794          -            202   8.7e-26   90.5   0.0   1   2   2.1e-13   1.8e-10   40.5   0.0     7    48     4    45     1    60 0.88 -
8334_g               -            384 19406at5794          -            202   8.7e-26   90.5   0.0   2   2   1.3e-15   1.1e-12   47.7   0.0    57   154   112   215   104   228 0.92 -
5964_g               -            239 19406at5794          -            202   3.8e-18   65.6   0.0   1   1   7.2e-21     6e-18   64.9   0.0    52   155    36   145    19   194 0.82 -
6288_g               -            239 19406at5794          -            202   3.8e-18   65.6   0.0   1   1   7.2e-21     6e-18   64.9   0.0    52   155    36   145    19   194 0.82 -
4408_g               -            374 19406at5794          -            202   1.9e-13   50.2   2.1   1   2   2.4e-05      0.02   14.2   0.0     3    27     5    29     1    47 0.80 -
4408_g               -            374 19406at5794          -            202   1.9e-13   50.2   2.1   2   2   6.2e-11   5.2e-08   32.5   1.2    54   146   146   244    97   248 0.80 -
8423_g               -            374 19406at5794          -            202   1.9e-13   50.2   2.1   1   2   2.4e-05      0.02   14.2   0.0     3    27     5    29     1    47 0.80 -
8423_g               -            374 19406at5794          -            202   1.9e-13   50.2   2.1   2   2   6.2e-11   5.2e-08   32.5   1.2    54   146   146   244    97   248 0.80 -
11234_g              -            377 19406at5794          -            202   1.2e-12   47.6   0.0   1   2   3.1e-09   2.6e-06   26.9   0.0     8    41     6    39     3    48 0.91 -
11234_g              -            377 19406at5794          -            202   1.2e-12   47.6   0.0   2   2   1.4e-06    0.0012   18.3   0.0    52    96   154   201   137   212 0.79 -
12031_g              -            377 19406at5794          -            202   1.2e-12   47.6   0.0   1   2   3.1e-09   2.6e-06   26.9   0.0     8    41     6    39     3    48 0.91 -
12031_g              -            377 19406at5794          -            202   1.2e-12   47.6   0.0   2   2   1.4e-06    0.0012   18.3   0.0    52    96   154   201   137   212 0.79 -
15720_g              -             81 19406at5794          -            202   1.2e-05   24.8   0.0   1   1   1.4e-08   1.2e-05   24.8   0.0    52    88    36    72     3    79 0.86 -
13303_g              -            246 19406at5794          -            202    0.0076   15.6   0.4   1   1   2.4e-05      0.02   14.2   0.4    51   151    74   177    39   228 0.66 -
9366_g               -            246 19406at5794          -            202    0.0076   15.6   0.4   1   1   2.4e-05      0.02   14.2   0.4    51   151    74   177    39   228 0.66 -
15509_g              -             88 19406at5794          -            202     0.019   14.3   0.0   1   1   2.6e-05     0.022   14.1   0.0   115   140    17    44    14    67 0.82 -
14378_g              -            111 19406at5794          -            202     0.051   12.9   0.0   1   1   8.7e-05     0.072   12.4   0.0     7    24    79    96    74   104 0.88 -
#
# Program:         hmmsearch
# Version:         3.1b2 (February 2015)
# Pipeline mode:   SEARCH
# Query file:      /mnt/e/Bioinformatics/Semester2/BINP29/Malaria Project/Genomes/Parsed/busco_downloads/lineages/apicomplexa_odb10/hmms/19406at5794.hmm
# Target file:     /mnt/e/Bioinformatics/Semester2/BINP29/Malaria Project/Genomes/Parsed/Tg_new.faa
# Option settings: hmmsearch --domtblout /mnt/e/Bioinformatics/Semester2/BINP29/Malaria Project/Genomes/Parsed/Tg/run_apicomplexa_odb10/hmmer_output/initial_run_results/19406at5794.out --cpu 1 /mnt/e/Bioinformatics/Semester2/BINP29/Malaria Project/Genomes/Parsed/busco_downloads/lineages/apicomplexa_odb10/hmms/19406at5794.hmm /mnt/e/Bioinformatics/Semester2/BINP29/Malaria Project/Genomes/Parsed/Tg_new.faa 
# Current dir:     /mnt/e/Bioinformatics/Semester2/BINP29/Malaria Project/Genomes/Parsed
# Date:            Wed Mar  1 19:34:51 2023
# [ok]
