#                                                                            --- full sequence --- -------------- this domain -------------   hmm coord   ali coord   env coord
# target name        accession   tlen query name           accession   qlen   E-value  score  bias   #  of  c-Evalue  i-Evalue  score  bias  from    to  from    to  from    to  acc description of target
#------------------- ---------- ----- -------------------- ---------- ----- --------- ------ ----- --- --- --------- --------- ------ ----- ----- ----- ----- ----- ----- ----- ---- ---------------------
11215_g              -            916 19469at5794          -            200   1.3e-33  116.2  13.4   1   5   3.9e-10   3.4e-07   29.9   0.1     2    28     3    29     2    51 0.89 -
11215_g              -            916 19469at5794          -            200   1.3e-33  116.2  13.4   2   5   1.9e-28   1.6e-25   89.8   2.4    23    94   227   298   221   308 0.93 -
11215_g              -            916 19469at5794          -            200   1.3e-33  116.2  13.4   3   5       7.1   6.3e+03   -3.6   0.3    86   104   356   374   350   390 0.66 -
11215_g              -            916 19469at5794          -            200   1.3e-33  116.2  13.4   4   5      0.99   8.8e+02   -0.8   0.0    99   124   409   434   403   459 0.78 -
11215_g              -            916 19469at5794          -            200   1.3e-33  116.2  13.4   5   5      0.33   2.9e+02    0.8   0.0   173   187   821   835   807   844 0.87 -
12012_g              -            916 19469at5794          -            200   1.3e-33  116.2  13.4   1   5   3.9e-10   3.4e-07   29.9   0.1     2    28     3    29     2    51 0.89 -
12012_g              -            916 19469at5794          -            200   1.3e-33  116.2  13.4   2   5   1.9e-28   1.6e-25   89.8   2.4    23    94   227   298   221   308 0.93 -
12012_g              -            916 19469at5794          -            200   1.3e-33  116.2  13.4   3   5       7.1   6.3e+03   -3.6   0.3    86   104   356   374   350   390 0.66 -
12012_g              -            916 19469at5794          -            200   1.3e-33  116.2  13.4   4   5      0.99   8.8e+02   -0.8   0.0    99   124   409   434   403   459 0.78 -
12012_g              -            916 19469at5794          -            200   1.3e-33  116.2  13.4   5   5      0.33   2.9e+02    0.8   0.0   173   187   821   835   807   844 0.87 -
4830_g               -            802 19469at5794          -            200   9.6e-05   22.0   1.2   1   2   8.9e-07   0.00078   19.0   1.4    27    69    35    76    31    82 0.84 -
4830_g               -            802 19469at5794          -            200   9.6e-05   22.0   1.2   2   2      0.49   4.3e+02    0.2   0.0    41   101    87   149    75   158 0.77 -
5302_g               -            802 19469at5794          -            200   9.6e-05   22.0   1.2   1   2   8.9e-07   0.00078   19.0   1.4    27    69    35    76    31    82 0.84 -
5302_g               -            802 19469at5794          -            200   9.6e-05   22.0   1.2   2   2      0.49   4.3e+02    0.2   0.0    41   101    87   149    75   158 0.77 -
4814_g               -            826 19469at5794          -            200    0.0019   17.7   3.5   1   1   3.1e-06    0.0028   17.2   2.7    35    72   417   454   414   459 0.89 -
5286_g               -            826 19469at5794          -            200    0.0019   17.7   3.5   1   1   3.1e-06    0.0028   17.2   2.7    35    72   417   454   414   459 0.89 -
13105_g              -           1255 19469at5794          -            200     0.017   14.6   0.1   1   1   5.3e-05     0.047   13.2   0.1    41    75   193   230   174   241 0.77 -
9561_g               -           1255 19469at5794          -            200     0.017   14.6   0.1   1   1   5.3e-05     0.047   13.2   0.1    41    75   193   230   174   241 0.77 -
10925_g              -           1136 19469at5794          -            200     0.018   14.6   0.6   1   1   3.9e-05     0.035   13.6   0.6    42    72  1083  1113  1079  1131 0.87 -
11722_g              -           1136 19469at5794          -            200     0.018   14.6   0.6   1   1   3.9e-05     0.035   13.6   0.6    42    72  1083  1113  1079  1131 0.87 -
6928_g               -           1278 19469at5794          -            200      0.07   12.6   0.6   1   1   0.00017      0.15   11.5   0.6    26    94  1115  1183  1104  1194 0.82 -
7983_g               -           1278 19469at5794          -            200      0.07   12.6   0.6   1   1   0.00017      0.15   11.5   0.6    26    94  1115  1183  1104  1194 0.82 -
7283_g               -            383 19469at5794          -            200      0.15   11.5   1.1   1   1   0.00028      0.25   10.8   1.1    41    69   112   140    94   147 0.84 -
7635_g               -            383 19469at5794          -            200      0.15   11.5   1.1   1   1   0.00028      0.25   10.8   1.1    41    69   112   140    94   147 0.84 -
2001_g               -           1721 19469at5794          -            200      0.19   11.2   1.5   1   1   0.00059      0.52    9.8   1.5    37    82  1392  1438  1381  1454 0.82 -
2258_g               -           1721 19469at5794          -            200      0.19   11.2   1.5   1   1   0.00059      0.52    9.8   1.5    37    82  1392  1438  1381  1454 0.82 -
10412_g              -           1159 19469at5794          -            200       0.4   10.2  13.3   1   2       1.3   1.1e+03   -1.1   1.6    56    98   696   739   690   747 0.68 -
10412_g              -           1159 19469at5794          -            200       0.4   10.2  13.3   2   2   2.2e-05     0.019   14.4   4.4    32    87  1094  1149  1080  1155 0.87 -
12848_g              -           1159 19469at5794          -            200       0.4   10.2  13.3   1   2       1.3   1.1e+03   -1.1   1.6    56    98   696   739   690   747 0.68 -
12848_g              -           1159 19469at5794          -            200       0.4   10.2  13.3   2   2   2.2e-05     0.019   14.4   4.4    32    87  1094  1149  1080  1155 0.87 -
#
# Program:         hmmsearch
# Version:         3.1b2 (February 2015)
# Pipeline mode:   SEARCH
# Query file:      /mnt/e/Bioinformatics/Semester2/BINP29/Malaria Project/Genomes/Parsed/busco_downloads/lineages/apicomplexa_odb10/hmms/19469at5794.hmm
# Target file:     /mnt/e/Bioinformatics/Semester2/BINP29/Malaria Project/Genomes/Parsed/Tg_new.faa
# Option settings: hmmsearch --domtblout /mnt/e/Bioinformatics/Semester2/BINP29/Malaria Project/Genomes/Parsed/Tg/run_apicomplexa_odb10/hmmer_output/initial_run_results/19469at5794.out --cpu 1 /mnt/e/Bioinformatics/Semester2/BINP29/Malaria Project/Genomes/Parsed/busco_downloads/lineages/apicomplexa_odb10/hmms/19469at5794.hmm /mnt/e/Bioinformatics/Semester2/BINP29/Malaria Project/Genomes/Parsed/Tg_new.faa 
# Current dir:     /mnt/e/Bioinformatics/Semester2/BINP29/Malaria Project/Genomes/Parsed
# Date:            Wed Mar  1 19:34:51 2023
# [ok]
