#                                                                            --- full sequence --- -------------- this domain -------------   hmm coord   ali coord   env coord
# target name        accession   tlen query name           accession   qlen   E-value  score  bias   #  of  c-Evalue  i-Evalue  score  bias  from    to  from    to  from    to  acc description of target
#------------------- ---------- ----- -------------------- ---------- ----- --------- ------ ----- --- --- --------- --------- ------ ----- ----- ----- ----- ----- ----- ----- ---- ---------------------
4408_g               -            374 19810at5794          -            216     1e-72  243.9   7.7   1   3   2.9e-10   3.5e-07   29.7   0.0     1    24     4    27     4    44 0.91 -
4408_g               -            374 19810at5794          -            216     1e-72  243.9   7.7   2   3     1e-51   1.2e-48  165.2   0.6    24   150    99   244    93   248 0.88 -
4408_g               -            374 19810at5794          -            216     1e-72  243.9   7.7   3   3   7.9e-17   9.7e-14   51.1   0.8   157   216   300   373   297   373 0.86 -
8423_g               -            374 19810at5794          -            216     1e-72  243.9   7.7   1   3   2.9e-10   3.5e-07   29.7   0.0     1    24     4    27     4    44 0.91 -
8423_g               -            374 19810at5794          -            216     1e-72  243.9   7.7   2   3     1e-51   1.2e-48  165.2   0.6    24   150    99   244    93   248 0.88 -
8423_g               -            374 19810at5794          -            216     1e-72  243.9   7.7   3   3   7.9e-17   9.7e-14   51.1   0.8   157   216   300   373   297   373 0.86 -
4001_g               -            397 19810at5794          -            216   1.4e-25   89.8   0.0   1   1   1.6e-28   1.9e-25   89.3   0.0     5   211   165   394   161   396 0.77 -
8781_g               -            397 19810at5794          -            216   1.4e-25   89.8   0.0   1   1   1.6e-28   1.9e-25   89.3   0.0     5   211   165   394   161   396 0.77 -
4271_g               -            327 19810at5794          -            216   6.5e-22   77.8   0.1   1   3   5.2e-12   6.3e-09   35.4   0.0     6    67     4    68     2    88 0.83 -
4271_g               -            327 19810at5794          -            216   6.5e-22   77.8   0.1   2   3   2.9e-13   3.6e-10   39.4   0.0    61   165   107   223    96   230 0.83 -
4271_g               -            327 19810at5794          -            216   6.5e-22   77.8   0.1   3   3       1.1   1.4e+03   -1.7   0.1   160   175   297   312   268   323 0.55 -
8334_g               -            384 19810at5794          -            216   1.2e-21   77.0   0.2   1   3   6.8e-12   8.3e-09   35.0   0.0     6    67     4    68     2    88 0.83 -
8334_g               -            384 19810at5794          -            216   1.2e-21   77.0   0.2   2   3   4.1e-13     5e-10   39.0   0.0    61   165   107   223    96   230 0.83 -
8334_g               -            384 19810at5794          -            216   1.2e-21   77.0   0.2   3   3       1.3   1.6e+03   -1.9   0.1   160   182   297   320   269   325 0.58 -
11055_g              -            259 19810at5794          -            216   1.3e-21   76.8   0.3   1   1   8.4e-24     1e-20   73.9   0.3     3   207     4   239     2   244 0.70 -
11852_g              -            259 19810at5794          -            216   1.3e-21   76.8   0.3   1   1   8.4e-24     1e-20   73.9   0.3     3   207     4   239     2   244 0.70 -
10472_g              -            261 19810at5794          -            216   2.2e-15   56.5   0.0   1   1   4.6e-18   5.7e-15   55.1   0.0     5   178     6   206     3   247 0.71 -
12787_g              -            261 19810at5794          -            216   2.2e-15   56.5   0.0   1   1   4.6e-18   5.7e-15   55.1   0.0     5   178     6   206     3   247 0.71 -
11234_g              -            377 19810at5794          -            216   2.4e-09   36.8   0.2   1   3   2.1e-06    0.0026   17.0   0.0     5    34     4    33     2    46 0.84 -
11234_g              -            377 19810at5794          -            216   2.4e-09   36.8   0.2   2   3     0.012        15    4.7   0.0    63   104   157   201   152   208 0.74 -
11234_g              -            377 19810at5794          -            216   2.4e-09   36.8   0.2   3   3   0.00017      0.21   10.8   0.0   149   212   287   365   281   369 0.65 -
12031_g              -            377 19810at5794          -            216   2.4e-09   36.8   0.2   1   3   2.1e-06    0.0026   17.0   0.0     5    34     4    33     2    46 0.84 -
12031_g              -            377 19810at5794          -            216   2.4e-09   36.8   0.2   2   3     0.012        15    4.7   0.0    63   104   157   201   152   208 0.74 -
12031_g              -            377 19810at5794          -            216   2.4e-09   36.8   0.2   3   3   0.00017      0.21   10.8   0.0   149   212   287   365   281   369 0.65 -
14378_g              -            111 19810at5794          -            216    0.0031   16.8   0.0   1   1   3.1e-06    0.0038   16.5   0.0     5    27    78   100    74   110 0.80 -
#
# Program:         hmmsearch
# Version:         3.1b2 (February 2015)
# Pipeline mode:   SEARCH
# Query file:      /mnt/e/Bioinformatics/Semester2/BINP29/Malaria Project/Genomes/Parsed/busco_downloads/lineages/apicomplexa_odb10/hmms/19810at5794.hmm
# Target file:     /mnt/e/Bioinformatics/Semester2/BINP29/Malaria Project/Genomes/Parsed/Tg_new.faa
# Option settings: hmmsearch --domtblout /mnt/e/Bioinformatics/Semester2/BINP29/Malaria Project/Genomes/Parsed/Tg/run_apicomplexa_odb10/hmmer_output/initial_run_results/19810at5794.out --cpu 1 /mnt/e/Bioinformatics/Semester2/BINP29/Malaria Project/Genomes/Parsed/busco_downloads/lineages/apicomplexa_odb10/hmms/19810at5794.hmm /mnt/e/Bioinformatics/Semester2/BINP29/Malaria Project/Genomes/Parsed/Tg_new.faa 
# Current dir:     /mnt/e/Bioinformatics/Semester2/BINP29/Malaria Project/Genomes/Parsed
# Date:            Wed Mar  1 19:34:53 2023
# [ok]
