#                                                                            --- full sequence --- -------------- this domain -------------   hmm coord   ali coord   env coord
# target name        accession   tlen query name           accession   qlen   E-value  score  bias   #  of  c-Evalue  i-Evalue  score  bias  from    to  from    to  from    to  acc description of target
#------------------- ---------- ----- -------------------- ---------- ----- --------- ------ ----- --- --- --------- --------- ------ ----- ----- ----- ----- ----- ----- ----- ---- ---------------------
6715_g               -           1385 1988at5794           -            847  5.6e-172  573.5  29.1   1   4   6.2e-28   9.9e-25   86.4   1.7     2   147   382   579   381   583 0.78 -
6715_g               -           1385 1988at5794           -            847  5.6e-172  573.5  29.1   2   4   1.1e-11   1.8e-08   32.6   0.1   180   231   725   784   712   791 0.82 -
6715_g               -           1385 1988at5794           -            847  5.6e-172  573.5  29.1   3   4  3.8e-132  6.1e-129  431.2  12.8   231   576   835  1273   830  1277 0.83 -
6715_g               -           1385 1988at5794           -            847  5.6e-172  573.5  29.1   4   4   2.9e-07   0.00047   18.0   0.1   557   617  1291  1354  1288  1373 0.74 -
8194_g               -           1385 1988at5794           -            847  5.6e-172  573.5  29.1   1   4   6.2e-28   9.9e-25   86.4   1.7     2   147   382   579   381   583 0.78 -
8194_g               -           1385 1988at5794           -            847  5.6e-172  573.5  29.1   2   4   1.1e-11   1.8e-08   32.6   0.1   180   231   725   784   712   791 0.82 -
8194_g               -           1385 1988at5794           -            847  5.6e-172  573.5  29.1   3   4  3.8e-132  6.1e-129  431.2  12.8   231   576   835  1273   830  1277 0.83 -
8194_g               -           1385 1988at5794           -            847  5.6e-172  573.5  29.1   4   4   2.9e-07   0.00047   18.0   0.1   557   617  1291  1354  1288  1373 0.74 -
6714_g               -            537 1988at5794           -            847   1.2e-63  215.1   2.8   1   2     0.014        22    2.6   0.2   620   663    64   116    33   125 0.73 -
6714_g               -            537 1988at5794           -            847   1.2e-63  215.1   2.8   2   2   3.7e-66   5.9e-63  212.9   0.2   638   834   203   430   202   454 0.85 -
8195_g               -            537 1988at5794           -            847   1.2e-63  215.1   2.8   1   2     0.014        22    2.6   0.2   620   663    64   116    33   125 0.73 -
8195_g               -            537 1988at5794           -            847   1.2e-63  215.1   2.8   2   2   3.7e-66   5.9e-63  212.9   0.2   638   834   203   430   202   454 0.85 -
6860_g               -           1214 1988at5794           -            847   1.6e-07   29.5   2.4   1   4      0.51   8.1e+02   -2.6   0.7    34    64    45    75    21    91 0.77 -
6860_g               -           1214 1988at5794           -            847   1.6e-07   29.5   2.4   2   4     0.016        25    2.4   0.0   352   434   204   292   199   296 0.84 -
6860_g               -           1214 1988at5794           -            847   1.6e-07   29.5   2.4   3   4     1e-10   1.6e-07   29.5   2.4   288   503   404   657   398   661 0.68 -
6860_g               -           1214 1988at5794           -            847   1.6e-07   29.5   2.4   4   4    0.0026       4.1    5.0   0.4   725   788  1067  1136  1053  1181 0.81 -
8053_g               -           1214 1988at5794           -            847   1.6e-07   29.5   2.4   1   4      0.51   8.1e+02   -2.6   0.7    34    64    45    75    21    91 0.77 -
8053_g               -           1214 1988at5794           -            847   1.6e-07   29.5   2.4   2   4     0.016        25    2.4   0.0   352   434   204   292   199   296 0.84 -
8053_g               -           1214 1988at5794           -            847   1.6e-07   29.5   2.4   3   4     1e-10   1.6e-07   29.5   2.4   288   503   404   657   398   661 0.68 -
8053_g               -           1214 1988at5794           -            847   1.6e-07   29.5   2.4   4   4    0.0026       4.1    5.0   0.4   725   788  1067  1136  1053  1181 0.81 -
4758_g               -           1420 1988at5794           -            847      0.01   13.6   0.5   1   2     0.027        43    1.6   0.0   263   340   783   861   775   874 0.75 -
4758_g               -           1420 1988at5794           -            847      0.01   13.6   0.5   2   2   0.00016      0.25    9.0   0.1   288   398   973  1090   960  1094 0.86 -
5230_g               -           1420 1988at5794           -            847      0.01   13.6   0.5   1   2     0.027        43    1.6   0.0   263   340   783   861   775   874 0.75 -
5230_g               -           1420 1988at5794           -            847      0.01   13.6   0.5   2   2   0.00016      0.25    9.0   0.1   288   398   973  1090   960  1094 0.86 -
10461_g              -           2532 1988at5794           -            847     0.018   12.8   0.2   1   3      0.17   2.7e+02   -1.0   0.0     3   104   368   489   366   509 0.64 -
10461_g              -           2532 1988at5794           -            847     0.018   12.8   0.2   2   3   6.2e-05     0.099   10.3   0.0   301   415   831   950   795  1045 0.56 -
10461_g              -           2532 1988at5794           -            847     0.018   12.8   0.2   3   3      0.73   1.2e+03   -3.1   0.0   287   339  1223  1275  1219  1277 0.87 -
12798_g              -           2532 1988at5794           -            847     0.018   12.8   0.2   1   3      0.17   2.7e+02   -1.0   0.0     3   104   368   489   366   509 0.64 -
12798_g              -           2532 1988at5794           -            847     0.018   12.8   0.2   2   3   6.2e-05     0.099   10.3   0.0   301   415   831   950   795  1045 0.56 -
12798_g              -           2532 1988at5794           -            847     0.018   12.8   0.2   3   3      0.73   1.2e+03   -3.1   0.0   287   339  1223  1275  1219  1277 0.87 -
#
# Program:         hmmsearch
# Version:         3.1b2 (February 2015)
# Pipeline mode:   SEARCH
# Query file:      /mnt/e/Bioinformatics/Semester2/BINP29/Malaria Project/Genomes/Parsed/busco_downloads/lineages/apicomplexa_odb10/hmms/1988at5794.hmm
# Target file:     /mnt/e/Bioinformatics/Semester2/BINP29/Malaria Project/Genomes/Parsed/Tg_new.faa
# Option settings: hmmsearch --domtblout /mnt/e/Bioinformatics/Semester2/BINP29/Malaria Project/Genomes/Parsed/Tg/run_apicomplexa_odb10/hmmer_output/initial_run_results/1988at5794.out --cpu 1 /mnt/e/Bioinformatics/Semester2/BINP29/Malaria Project/Genomes/Parsed/busco_downloads/lineages/apicomplexa_odb10/hmms/1988at5794.hmm /mnt/e/Bioinformatics/Semester2/BINP29/Malaria Project/Genomes/Parsed/Tg_new.faa 
# Current dir:     /mnt/e/Bioinformatics/Semester2/BINP29/Malaria Project/Genomes/Parsed
# Date:            Wed Mar  1 19:34:53 2023
# [ok]
