#                                                                            --- full sequence --- -------------- this domain -------------   hmm coord   ali coord   env coord
# target name        accession   tlen query name           accession   qlen   E-value  score  bias   #  of  c-Evalue  i-Evalue  score  bias  from    to  from    to  from    to  acc description of target
#------------------- ---------- ----- -------------------- ---------- ----- --------- ------ ----- --- --- --------- --------- ------ ----- ----- ----- ----- ----- ----- ----- ---- ---------------------
13099_g              -            432 21312at5794          -            186   1.8e-64  216.9  23.1   1   4   6.4e-17   5.1e-13   49.2   1.5     2    34    15    47    14    50 0.94 -
13099_g              -            432 21312at5794          -            186   1.8e-64  216.9  23.1   2   4     1e-14     8e-11   42.0   6.5    28    92   100   186    95   199 0.78 -
13099_g              -            432 21312at5794          -            186   1.8e-64  216.9  23.1   3   4   2.3e-35   1.8e-31  109.3   1.2    88   167   215   309   184   315 0.81 -
13099_g              -            432 21312at5794          -            186   1.8e-64  216.9  23.1   4   4   4.8e-09   3.8e-05   23.5   0.0   164   186   328   350   317   350 0.88 -
9567_g               -            432 21312at5794          -            186   1.8e-64  216.9  23.1   1   4   6.4e-17   5.1e-13   49.2   1.5     2    34    15    47    14    50 0.94 -
9567_g               -            432 21312at5794          -            186   1.8e-64  216.9  23.1   2   4     1e-14     8e-11   42.0   6.5    28    92   100   186    95   199 0.78 -
9567_g               -            432 21312at5794          -            186   1.8e-64  216.9  23.1   3   4   2.3e-35   1.8e-31  109.3   1.2    88   167   215   309   184   315 0.81 -
9567_g               -            432 21312at5794          -            186   1.8e-64  216.9  23.1   4   4   4.8e-09   3.8e-05   23.5   0.0   164   186   328   350   317   350 0.88 -
#
# Program:         hmmsearch
# Version:         3.1b2 (February 2015)
# Pipeline mode:   SEARCH
# Query file:      /mnt/e/Bioinformatics/Semester2/BINP29/Malaria Project/Genomes/Parsed/busco_downloads/lineages/apicomplexa_odb10/hmms/21312at5794.hmm
# Target file:     /mnt/e/Bioinformatics/Semester2/BINP29/Malaria Project/Genomes/Parsed/Tg_new.faa
# Option settings: hmmsearch --domtblout /mnt/e/Bioinformatics/Semester2/BINP29/Malaria Project/Genomes/Parsed/Tg/run_apicomplexa_odb10/hmmer_output/initial_run_results/21312at5794.out --cpu 1 /mnt/e/Bioinformatics/Semester2/BINP29/Malaria Project/Genomes/Parsed/busco_downloads/lineages/apicomplexa_odb10/hmms/21312at5794.hmm /mnt/e/Bioinformatics/Semester2/BINP29/Malaria Project/Genomes/Parsed/Tg_new.faa 
# Current dir:     /mnt/e/Bioinformatics/Semester2/BINP29/Malaria Project/Genomes/Parsed
# Date:            Wed Mar  1 19:34:57 2023
# [ok]
