#                                                                            --- full sequence --- -------------- this domain -------------   hmm coord   ali coord   env coord
# target name        accession   tlen query name           accession   qlen   E-value  score  bias   #  of  c-Evalue  i-Evalue  score  bias  from    to  from    to  from    to  acc description of target
#------------------- ---------- ----- -------------------- ---------- ----- --------- ------ ----- --- --- --------- --------- ------ ----- ----- ----- ----- ----- ----- ----- ---- ---------------------
2136_g               -            312 21522at5794          -            188   4.6e-69  231.7   0.7   1   2   2.9e-68   1.2e-64  217.3   0.1     1   164    20   203    20   210 0.91 -
2136_g               -            312 21522at5794          -            188   4.6e-69  231.7   0.7   2   2   1.4e-05     0.054   13.0   0.0   158   187   245   275   241   276 0.90 -
2423_g               -            312 21522at5794          -            188   4.6e-69  231.7   0.7   1   2   2.9e-68   1.2e-64  217.3   0.1     1   164    20   203    20   210 0.91 -
2423_g               -            312 21522at5794          -            188   4.6e-69  231.7   0.7   2   2   1.4e-05     0.054   13.0   0.0   158   187   245   275   241   276 0.90 -
3128_g               -           1500 21522at5794          -            188   0.00019   21.0   0.1   1   2   1.6e-07   0.00064   19.3   0.1    50   100   688   741   666   746 0.88 -
3128_g               -           1500 21522at5794          -            188   0.00019   21.0   0.1   2   2       2.1   8.3e+03   -3.9   0.0   119   147   814   842   805   847 0.75 -
3809_g               -           1500 21522at5794          -            188   0.00019   21.0   0.1   1   2   1.6e-07   0.00064   19.3   0.1    50   100   688   741   666   746 0.88 -
3809_g               -           1500 21522at5794          -            188   0.00019   21.0   0.1   2   2       2.1   8.3e+03   -3.9   0.0   119   147   814   842   805   847 0.75 -
#
# Program:         hmmsearch
# Version:         3.1b2 (February 2015)
# Pipeline mode:   SEARCH
# Query file:      /mnt/e/Bioinformatics/Semester2/BINP29/Malaria Project/Genomes/Parsed/busco_downloads/lineages/apicomplexa_odb10/hmms/21522at5794.hmm
# Target file:     /mnt/e/Bioinformatics/Semester2/BINP29/Malaria Project/Genomes/Parsed/Tg_new.faa
# Option settings: hmmsearch --domtblout /mnt/e/Bioinformatics/Semester2/BINP29/Malaria Project/Genomes/Parsed/Tg/run_apicomplexa_odb10/hmmer_output/initial_run_results/21522at5794.out --cpu 1 /mnt/e/Bioinformatics/Semester2/BINP29/Malaria Project/Genomes/Parsed/busco_downloads/lineages/apicomplexa_odb10/hmms/21522at5794.hmm /mnt/e/Bioinformatics/Semester2/BINP29/Malaria Project/Genomes/Parsed/Tg_new.faa 
# Current dir:     /mnt/e/Bioinformatics/Semester2/BINP29/Malaria Project/Genomes/Parsed
# Date:            Wed Mar  1 19:34:58 2023
# [ok]
