#                                                                            --- full sequence --- -------------- this domain -------------   hmm coord   ali coord   env coord
# target name        accession   tlen query name           accession   qlen   E-value  score  bias   #  of  c-Evalue  i-Evalue  score  bias  from    to  from    to  from    to  acc description of target
#------------------- ---------- ----- -------------------- ---------- ----- --------- ------ ----- --- --- --------- --------- ------ ----- ----- ----- ----- ----- ----- ----- ---- ---------------------
1263_g               -            192 21956at5794          -            164     1e-74  249.7   2.4   1   1   1.8e-76   1.6e-73  245.8   2.4     1   163     1   181     1   182 0.91 -
1377_g               -            192 21956at5794          -            164     1e-74  249.7   2.4   1   1   1.8e-76   1.6e-73  245.8   2.4     1   163     1   181     1   182 0.91 -
12725_g              -            287 21956at5794          -            164   3.2e-07   30.2   0.0   1   1   5.7e-10     5e-07   29.6   0.0     3   142    54   209    52   216 0.79 -
9799_g               -            287 21956at5794          -            164   3.2e-07   30.2   0.0   1   1   5.7e-10     5e-07   29.6   0.0     3   142    54   209    52   216 0.79 -
11055_g              -            259 21956at5794          -            164   7.6e-07   29.0   0.1   1   3      0.02        17    5.0   0.1     3    61    36   103    34   112 0.69 -
11055_g              -            259 21956at5794          -            164   7.6e-07   29.0   0.1   2   3   4.8e-07   0.00043   20.0   0.0    77   145   136   205   129   217 0.83 -
11055_g              -            259 21956at5794          -            164   7.6e-07   29.0   0.1   3   3      0.69   6.1e+02    0.0   0.0   102   126   219   243   209   248 0.86 -
11852_g              -            259 21956at5794          -            164   7.6e-07   29.0   0.1   1   3      0.02        17    5.0   0.1     3    61    36   103    34   112 0.69 -
11852_g              -            259 21956at5794          -            164   7.6e-07   29.0   0.1   2   3   4.8e-07   0.00043   20.0   0.0    77   145   136   205   129   217 0.83 -
11852_g              -            259 21956at5794          -            164   7.6e-07   29.0   0.1   3   3      0.69   6.1e+02    0.0   0.0   102   126   219   243   209   248 0.86 -
10663_g              -            310 21956at5794          -            164   9.9e-07   28.6   0.0   1   1   2.1e-09   1.9e-06   27.7   0.0    21   143   123   257    98   264 0.75 -
11460_g              -            310 21956at5794          -            164   9.9e-07   28.6   0.0   1   1   2.1e-09   1.9e-06   27.7   0.0    21   143   123   257    98   264 0.75 -
13303_g              -            246 21956at5794          -            164   4.8e-06   26.4   0.1   1   1   9.8e-09   8.6e-06   25.5   0.1    36   143    88   206    46   213 0.68 -
9366_g               -            246 21956at5794          -            164   4.8e-06   26.4   0.1   1   1   9.8e-09   8.6e-06   25.5   0.1    36   143    88   206    46   213 0.68 -
4001_g               -            397 21956at5794          -            164   7.4e-05   22.5   0.0   1   1     3e-07   0.00026   20.7   0.0    77   139   288   351   195   361 0.76 -
8781_g               -            397 21956at5794          -            164   7.4e-05   22.5   0.0   1   1     3e-07   0.00026   20.7   0.0    77   139   288   351   195   361 0.76 -
5964_g               -            239 21956at5794          -            164    0.0056   16.4   0.1   1   1   3.8e-05     0.033   13.9   0.1     5    99    11   125     8   192 0.75 -
6288_g               -            239 21956at5794          -            164    0.0056   16.4   0.1   1   1   3.8e-05     0.033   13.9   0.1     5    99    11   125     8   192 0.75 -
4271_g               -            327 21956at5794          -            164    0.0062   16.2   0.2   1   2      0.26   2.3e+02    1.4   0.0     4    35    34    65    31    72 0.83 -
4271_g               -            327 21956at5794          -            164    0.0062   16.2   0.2   2   2   0.00012      0.11   12.2   0.0    69   132   165   229   103   243 0.80 -
8334_g               -            384 21956at5794          -            164      0.01   15.5   0.1   1   2      0.33   2.9e+02    1.0   0.0     4    35    34    65    31    71 0.82 -
8334_g               -            384 21956at5794          -            164      0.01   15.5   0.1   2   2   0.00016      0.14   11.8   0.0    69   132   165   229   104   243 0.80 -
15509_g              -             88 21956at5794          -            164     0.054   13.2   0.0   1   1   6.9e-05     0.061   13.0   0.0    76   100    16    40     4    54 0.84 -
15720_g              -             81 21956at5794          -            164      0.14   11.8   0.0   1   1   0.00023      0.21   11.3   0.0     5    64    11    77     8    79 0.79 -
#
# Program:         hmmsearch
# Version:         3.1b2 (February 2015)
# Pipeline mode:   SEARCH
# Query file:      /mnt/e/Bioinformatics/Semester2/BINP29/Malaria Project/Genomes/Parsed/busco_downloads/lineages/apicomplexa_odb10/hmms/21956at5794.hmm
# Target file:     /mnt/e/Bioinformatics/Semester2/BINP29/Malaria Project/Genomes/Parsed/Tg_new.faa
# Option settings: hmmsearch --domtblout /mnt/e/Bioinformatics/Semester2/BINP29/Malaria Project/Genomes/Parsed/Tg/run_apicomplexa_odb10/hmmer_output/initial_run_results/21956at5794.out --cpu 1 /mnt/e/Bioinformatics/Semester2/BINP29/Malaria Project/Genomes/Parsed/busco_downloads/lineages/apicomplexa_odb10/hmms/21956at5794.hmm /mnt/e/Bioinformatics/Semester2/BINP29/Malaria Project/Genomes/Parsed/Tg_new.faa 
# Current dir:     /mnt/e/Bioinformatics/Semester2/BINP29/Malaria Project/Genomes/Parsed
# Date:            Wed Mar  1 19:34:59 2023
# [ok]
