#                                                                            --- full sequence --- -------------- this domain -------------   hmm coord   ali coord   env coord
# target name        accession   tlen query name           accession   qlen   E-value  score  bias   #  of  c-Evalue  i-Evalue  score  bias  from    to  from    to  from    to  acc description of target
#------------------- ---------- ----- -------------------- ---------- ----- --------- ------ ----- --- --- --------- --------- ------ ----- ----- ----- ----- ----- ----- ----- ---- ---------------------
1622_g               -            612 22217at5794          -            161   1.1e-41  142.1   8.2   1   4   0.00075         6    6.4   0.0     2    24   223   245   222   252 0.87 -
1622_g               -            612 22217at5794          -            161   1.1e-41  142.1   8.2   2   4   1.8e-19   1.4e-15   57.2   0.4    19    94   263   345   254   352 0.83 -
1622_g               -            612 22217at5794          -            161   1.1e-41  142.1   8.2   3   4   1.3e-16     1e-12   47.9   0.1    84   118   356   394   349   399 0.92 -
1622_g               -            612 22217at5794          -            161   1.1e-41  142.1   8.2   4   4   5.5e-12   4.4e-08   32.9   0.0   115   160   490   542   483   543 0.90 -
805_g                -            612 22217at5794          -            161   1.1e-41  142.1   8.2   1   4   0.00075         6    6.4   0.0     2    24   223   245   222   252 0.87 -
805_g                -            612 22217at5794          -            161   1.1e-41  142.1   8.2   2   4   1.8e-19   1.4e-15   57.2   0.4    19    94   263   345   254   352 0.83 -
805_g                -            612 22217at5794          -            161   1.1e-41  142.1   8.2   3   4   1.3e-16     1e-12   47.9   0.1    84   118   356   394   349   399 0.92 -
805_g                -            612 22217at5794          -            161   1.1e-41  142.1   8.2   4   4   5.5e-12   4.4e-08   32.9   0.0   115   160   490   542   483   543 0.90 -
#
# Program:         hmmsearch
# Version:         3.1b2 (February 2015)
# Pipeline mode:   SEARCH
# Query file:      /mnt/e/Bioinformatics/Semester2/BINP29/Malaria Project/Genomes/Parsed/busco_downloads/lineages/apicomplexa_odb10/hmms/22217at5794.hmm
# Target file:     /mnt/e/Bioinformatics/Semester2/BINP29/Malaria Project/Genomes/Parsed/Tg_new.faa
# Option settings: hmmsearch --domtblout /mnt/e/Bioinformatics/Semester2/BINP29/Malaria Project/Genomes/Parsed/Tg/run_apicomplexa_odb10/hmmer_output/initial_run_results/22217at5794.out --cpu 1 /mnt/e/Bioinformatics/Semester2/BINP29/Malaria Project/Genomes/Parsed/busco_downloads/lineages/apicomplexa_odb10/hmms/22217at5794.hmm /mnt/e/Bioinformatics/Semester2/BINP29/Malaria Project/Genomes/Parsed/Tg_new.faa 
# Current dir:     /mnt/e/Bioinformatics/Semester2/BINP29/Malaria Project/Genomes/Parsed
# Date:            Wed Mar  1 19:35:01 2023
# [ok]
