#                                                                            --- full sequence --- -------------- this domain -------------   hmm coord   ali coord   env coord
# target name        accession   tlen query name           accession   qlen   E-value  score  bias   #  of  c-Evalue  i-Evalue  score  bias  from    to  from    to  from    to  acc description of target
#------------------- ---------- ----- -------------------- ---------- ----- --------- ------ ----- --- --- --------- --------- ------ ----- ----- ----- ----- ----- ----- ----- ---- ---------------------
10598_g              -            627 22305at5794          -            201   1.2e-95  318.8  21.5   1   8   1.4e-13   1.2e-10   41.3   0.1     2    67     2    70     1    74 0.92 -
10598_g              -            627 22305at5794          -            201   1.2e-95  318.8  21.5   2   8   1.4e-13   1.2e-10   41.3   0.1     2    67    78   146    77   150 0.92 -
10598_g              -            627 22305at5794          -            201   1.2e-95  318.8  21.5   3   8   1.4e-13   1.2e-10   41.3   0.1     2    67   154   222   153   226 0.92 -
10598_g              -            627 22305at5794          -            201   1.2e-95  318.8  21.5   4   8   1.4e-13   1.2e-10   41.3   0.1     2    67   230   298   229   302 0.92 -
10598_g              -            627 22305at5794          -            201   1.2e-95  318.8  21.5   5   8   1.4e-13   1.2e-10   41.3   0.1     2    67   306   374   305   378 0.92 -
10598_g              -            627 22305at5794          -            201   1.2e-95  318.8  21.5   6   8   1.4e-13   1.2e-10   41.3   0.1     2    67   382   450   381   454 0.92 -
10598_g              -            627 22305at5794          -            201   1.2e-95  318.8  21.5   7   8   1.4e-13   1.2e-10   41.3   0.1     2    67   458   526   457   530 0.92 -
10598_g              -            627 22305at5794          -            201   1.2e-95  318.8  21.5   8   8   5.9e-13     5e-10   39.3   0.0     2    67   534   602   533   615 0.89 -
11395_g              -            627 22305at5794          -            201   1.2e-95  318.8  21.5   1   8   1.4e-13   1.2e-10   41.3   0.1     2    67     2    70     1    74 0.92 -
11395_g              -            627 22305at5794          -            201   1.2e-95  318.8  21.5   2   8   1.4e-13   1.2e-10   41.3   0.1     2    67    78   146    77   150 0.92 -
11395_g              -            627 22305at5794          -            201   1.2e-95  318.8  21.5   3   8   1.4e-13   1.2e-10   41.3   0.1     2    67   154   222   153   226 0.92 -
11395_g              -            627 22305at5794          -            201   1.2e-95  318.8  21.5   4   8   1.4e-13   1.2e-10   41.3   0.1     2    67   230   298   229   302 0.92 -
11395_g              -            627 22305at5794          -            201   1.2e-95  318.8  21.5   5   8   1.4e-13   1.2e-10   41.3   0.1     2    67   306   374   305   378 0.92 -
11395_g              -            627 22305at5794          -            201   1.2e-95  318.8  21.5   6   8   1.4e-13   1.2e-10   41.3   0.1     2    67   382   450   381   454 0.92 -
11395_g              -            627 22305at5794          -            201   1.2e-95  318.8  21.5   7   8   1.4e-13   1.2e-10   41.3   0.1     2    67   458   526   457   530 0.92 -
11395_g              -            627 22305at5794          -            201   1.2e-95  318.8  21.5   8   8   5.9e-13     5e-10   39.3   0.0     2    67   534   602   533   615 0.89 -
13311_g              -            400 22305at5794          -            201   1.8e-79  266.0  45.7   1   4   1.1e-29   9.2e-27   93.9   0.1     2    72     5    78     4    86 0.92 -
13311_g              -            400 22305at5794          -            201   1.8e-79  266.0  45.7   2   4   7.5e-28   6.3e-25   87.9  29.5    80   158   169   248   165   252 0.94 -
13311_g              -            400 22305at5794          -            201   1.8e-79  266.0  45.7   3   4     0.017        14    5.2   2.3    90   110   291   311   285   317 0.82 -
13311_g              -            400 22305at5794          -            201   1.8e-79  266.0  45.7   4   4   9.6e-28     8e-25   87.5   0.0   151   201   346   396   334   396 0.94 -
9358_g               -            400 22305at5794          -            201   1.8e-79  266.0  45.7   1   4   1.1e-29   9.2e-27   93.9   0.1     2    72     5    78     4    86 0.92 -
9358_g               -            400 22305at5794          -            201   1.8e-79  266.0  45.7   2   4   7.5e-28   6.3e-25   87.9  29.5    80   158   169   248   165   252 0.94 -
9358_g               -            400 22305at5794          -            201   1.8e-79  266.0  45.7   3   4     0.017        14    5.2   2.3    90   110   291   311   285   317 0.82 -
9358_g               -            400 22305at5794          -            201   1.8e-79  266.0  45.7   4   4   9.6e-28     8e-25   87.5   0.0   151   201   346   396   334   396 0.94 -
8271_g               -            608 22305at5794          -            201   2.4e-22   79.5  16.4   1   4   6.5e-10   5.4e-07   29.3   0.0     2    69    78   148    77   159 0.88 -
8271_g               -            608 22305at5794          -            201   2.4e-22   79.5  16.4   2   4   7.2e-05      0.06   12.9  12.3    82   136   198   252   193   275 0.73 -
8271_g               -            608 22305at5794          -            201   2.4e-22   79.5  16.4   3   4    0.0045       3.8    7.0   1.6    80   112   235   267   230   287 0.78 -
8271_g               -            608 22305at5794          -            201   2.4e-22   79.5  16.4   4   4   1.3e-11   1.1e-08   34.9   0.3   145   200   545   601   538   602 0.82 -
4337_g               -            704 22305at5794          -            201   6.1e-22   78.2  16.7   1   3   7.9e-10   6.6e-07   29.1   0.0     2    69   174   244   173   255 0.88 -
4337_g               -            704 22305at5794          -            201   6.1e-22   78.2  16.7   2   3   0.00012     0.098   12.2  12.6    82   136   294   348   289   369 0.73 -
4337_g               -            704 22305at5794          -            201   6.1e-22   78.2  16.7   3   3   1.6e-11   1.3e-08   34.6   0.3   145   200   641   697   634   698 0.82 -
2849_g               -            130 22305at5794          -            201   3.2e-12   46.4   0.0   1   1   4.4e-15   3.7e-12   46.2   0.0     2    69     2    72     1    90 0.90 -
3530_g               -            130 22305at5794          -            201   3.2e-12   46.4   0.0   1   1   4.4e-15   3.7e-12   46.2   0.0     2    69     2    72     1    90 0.90 -
190_g                -            547 22305at5794          -            201   3.8e-07   29.8   1.4   1   2     6e-08     5e-05   22.9   0.1     2    80     2    86     1    92 0.81 -
190_g                -            547 22305at5794          -            201   3.8e-07   29.8   1.4   2   2     0.013        11    5.5   0.1    79   118   260   302   251   351 0.72 -
199_g                -            547 22305at5794          -            201   3.8e-07   29.8   1.4   1   2     6e-08     5e-05   22.9   0.1     2    80     2    86     1    92 0.81 -
199_g                -            547 22305at5794          -            201   3.8e-07   29.8   1.4   2   2     0.013        11    5.5   0.1    79   118   260   302   251   351 0.72 -
4656_g               -            936 22305at5794          -            201   8.2e-06   25.5   0.0   1   2   0.00025      0.21   11.1   0.0     9    58   242   292   234   316 0.77 -
4656_g               -            936 22305at5794          -            201   8.2e-06   25.5   0.0   2   2   0.00014      0.12   11.9   0.1   163   200   890   926   874   927 0.80 -
5128_g               -            936 22305at5794          -            201   8.2e-06   25.5   0.0   1   2   0.00025      0.21   11.1   0.0     9    58   242   292   234   316 0.77 -
5128_g               -            936 22305at5794          -            201   8.2e-06   25.5   0.0   2   2   0.00014      0.12   11.9   0.1   163   200   890   926   874   927 0.80 -
3908_g               -           6098 22305at5794          -            201   1.4e-05   24.8   0.0   1   1   2.8e-08   2.3e-05   24.0   0.0     3    73  4969  5042  4967  5045 0.90 -
8688_g               -           6098 22305at5794          -            201   1.4e-05   24.8   0.0   1   1   2.8e-08   2.3e-05   24.0   0.0     3    73  4969  5042  4967  5045 0.90 -
10802_g              -            155 22305at5794          -            201   2.2e-05   24.1   0.0   1   1   3.7e-08   3.1e-05   23.6   0.0     8    56     8    56     1    70 0.88 -
11599_g              -            155 22305at5794          -            201   2.2e-05   24.1   0.0   1   1   3.7e-08   3.1e-05   23.6   0.0     8    56     8    56     1    70 0.88 -
10022_g              -            481 22305at5794          -            201   2.9e-05   23.7   0.1   1   2       2.7   2.3e+03   -2.1   0.0   157   178   160   181   154   187 0.78 -
10022_g              -            481 22305at5794          -            201   2.9e-05   23.7   0.1   2   2   1.3e-07   0.00011   21.8   0.1   152   181   451   480   446   480 0.91 -
12496_g              -            481 22305at5794          -            201   2.9e-05   23.7   0.1   1   2       2.7   2.3e+03   -2.1   0.0   157   178   160   181   154   187 0.78 -
12496_g              -            481 22305at5794          -            201   2.9e-05   23.7   0.1   2   2   1.3e-07   0.00011   21.8   0.1   152   181   451   480   446   480 0.91 -
14384_g              -            123 22305at5794          -            201     0.029   13.9   0.0   1   1   4.3e-05     0.036   13.6   0.0   108   147     3    43     1    59 0.77 -
#
# Program:         hmmsearch
# Version:         3.1b2 (February 2015)
# Pipeline mode:   SEARCH
# Query file:      /mnt/e/Bioinformatics/Semester2/BINP29/Malaria Project/Genomes/Parsed/busco_downloads/lineages/apicomplexa_odb10/hmms/22305at5794.hmm
# Target file:     /mnt/e/Bioinformatics/Semester2/BINP29/Malaria Project/Genomes/Parsed/Tg_new.faa
# Option settings: hmmsearch --domtblout /mnt/e/Bioinformatics/Semester2/BINP29/Malaria Project/Genomes/Parsed/Tg/run_apicomplexa_odb10/hmmer_output/initial_run_results/22305at5794.out --cpu 1 /mnt/e/Bioinformatics/Semester2/BINP29/Malaria Project/Genomes/Parsed/busco_downloads/lineages/apicomplexa_odb10/hmms/22305at5794.hmm /mnt/e/Bioinformatics/Semester2/BINP29/Malaria Project/Genomes/Parsed/Tg_new.faa 
# Current dir:     /mnt/e/Bioinformatics/Semester2/BINP29/Malaria Project/Genomes/Parsed
# Date:            Wed Mar  1 19:35:01 2023
# [ok]
