#                                                                            --- full sequence --- -------------- this domain -------------   hmm coord   ali coord   env coord
# target name        accession   tlen query name           accession   qlen   E-value  score  bias   #  of  c-Evalue  i-Evalue  score  bias  from    to  from    to  from    to  acc description of target
#------------------- ---------- ----- -------------------- ---------- ----- --------- ------ ----- --- --- --------- --------- ------ ----- ----- ----- ----- ----- ----- ----- ---- ---------------------
11213_g              -           2170 2281at5794           -            568  1.2e-113  380.3   0.0   1   4   1.2e-08   2.4e-05   22.7   0.3     7    38   538   569   534   589 0.91 -
11213_g              -           2170 2281at5794           -            568  1.2e-113  380.3   0.0   2   4   1.1e-86   2.1e-83  280.5   0.0    44   296   646   944   640   950 0.87 -
11213_g              -           2170 2281at5794           -            568  1.2e-113  380.3   0.0   3   4       1.8   3.6e+03   -4.2   0.0   354   374  1377  1398  1373  1399 0.89 -
11213_g              -           2170 2281at5794           -            568  1.2e-113  380.3   0.0   4   4   1.3e-23   2.5e-20   72.2   0.0   443   541  1790  1895  1783  1899 0.84 -
12010_g              -           2170 2281at5794           -            568  1.2e-113  380.3   0.0   1   4   1.2e-08   2.4e-05   22.7   0.3     7    38   538   569   534   589 0.91 -
12010_g              -           2170 2281at5794           -            568  1.2e-113  380.3   0.0   2   4   1.1e-86   2.1e-83  280.5   0.0    44   296   646   944   640   950 0.87 -
12010_g              -           2170 2281at5794           -            568  1.2e-113  380.3   0.0   3   4       1.8   3.6e+03   -4.2   0.0   354   374  1377  1398  1373  1399 0.89 -
12010_g              -           2170 2281at5794           -            568  1.2e-113  380.3   0.0   4   4   1.3e-23   2.5e-20   72.2   0.0   443   541  1790  1895  1783  1899 0.84 -
1658_g               -           2333 2281at5794           -            568   3.9e-10   38.6   0.3   1   2     0.095   1.9e+02    0.0   0.0   144   172   911   941   907   951 0.82 -
1658_g               -           2333 2281at5794           -            568   3.9e-10   38.6   0.3   2   2   1.2e-12   2.4e-09   36.0   0.0   189   263  1179  1253  1170  1256 0.94 -
841_g                -           2333 2281at5794           -            568   3.9e-10   38.6   0.3   1   2     0.095   1.9e+02    0.0   0.0   144   172   911   941   907   951 0.82 -
841_g                -           2333 2281at5794           -            568   3.9e-10   38.6   0.3   2   2   1.2e-12   2.4e-09   36.0   0.0   189   263  1179  1253  1170  1256 0.94 -
430_g                -           1614 2281at5794           -            568   1.7e-05   23.2   0.0   1   1   1.4e-08   2.8e-05   22.5   0.0   195   268   482   551   457   552 0.78 -
745_g                -           1614 2281at5794           -            568   1.7e-05   23.2   0.0   1   1   1.4e-08   2.8e-05   22.5   0.0   195   268   482   551   457   552 0.78 -
5597_g               -            395 2281at5794           -            568   5.4e-05   21.6   0.0   1   1   3.8e-08   7.5e-05   21.1   0.0   156   268   204   313   202   316 0.82 -
6651_g               -            494 2281at5794           -            568   7.9e-05   21.1   0.0   1   1   5.6e-08   0.00011   20.6   0.0   156   268   303   412   301   415 0.82 -
#
# Program:         hmmsearch
# Version:         3.1b2 (February 2015)
# Pipeline mode:   SEARCH
# Query file:      /mnt/e/Bioinformatics/Semester2/BINP29/Malaria Project/Genomes/Parsed/busco_downloads/lineages/apicomplexa_odb10/hmms/2281at5794.hmm
# Target file:     /mnt/e/Bioinformatics/Semester2/BINP29/Malaria Project/Genomes/Parsed/Tg_new.faa
# Option settings: hmmsearch --domtblout /mnt/e/Bioinformatics/Semester2/BINP29/Malaria Project/Genomes/Parsed/Tg/run_apicomplexa_odb10/hmmer_output/initial_run_results/2281at5794.out --cpu 1 /mnt/e/Bioinformatics/Semester2/BINP29/Malaria Project/Genomes/Parsed/busco_downloads/lineages/apicomplexa_odb10/hmms/2281at5794.hmm /mnt/e/Bioinformatics/Semester2/BINP29/Malaria Project/Genomes/Parsed/Tg_new.faa 
# Current dir:     /mnt/e/Bioinformatics/Semester2/BINP29/Malaria Project/Genomes/Parsed
# Date:            Wed Mar  1 19:35:03 2023
# [ok]
