#                                                                            --- full sequence --- -------------- this domain -------------   hmm coord   ali coord   env coord
# target name        accession   tlen query name           accession   qlen   E-value  score  bias   #  of  c-Evalue  i-Evalue  score  bias  from    to  from    to  from    to  acc description of target
#------------------- ---------- ----- -------------------- ---------- ----- --------- ------ ----- --- --- --------- --------- ------ ----- ----- ----- ----- ----- ----- ----- ---- ---------------------
5657_g               -           1876 24161at5794          -            155   1.1e-63  213.5   1.3   1   4   1.4e-67   1.1e-63  213.5   1.3     1   146    99   250    99   256 0.95 -
5657_g               -           1876 24161at5794          -            155   1.1e-63  213.5   1.3   2   4      0.77   6.2e+03   -3.2   0.0   141   155   293   307   290   307 0.87 -
5657_g               -           1876 24161at5794          -            155   1.1e-63  213.5   1.3   3   4       0.2   1.6e+03   -1.4   0.0    84   100   814   830   806   834 0.77 -
5657_g               -           1876 24161at5794          -            155   1.1e-63  213.5   1.3   4   4         2   1.6e+04   -5.4   2.5    26    39  1845  1858  1841  1863 0.69 -
6590_g               -           2203 24161at5794          -            155   1.4e-63  213.2   1.3   1   4   1.8e-67   1.4e-63  213.2   1.3     1   146    99   250    99   256 0.95 -
6590_g               -           2203 24161at5794          -            155   1.4e-63  213.2   1.3   2   4         1   7.9e+03   -3.6   0.0   141   155   293   307   291   307 0.87 -
6590_g               -           2203 24161at5794          -            155   1.4e-63  213.2   1.3   3   4      0.24   1.9e+03   -1.6   0.0    84   100   814   830   806   834 0.77 -
6590_g               -           2203 24161at5794          -            155   1.4e-63  213.2   1.3   4   4         2   1.6e+04   -5.6   1.8    15    38  1977  2000  1969  2008 0.50 -
#
# Program:         hmmsearch
# Version:         3.1b2 (February 2015)
# Pipeline mode:   SEARCH
# Query file:      /mnt/e/Bioinformatics/Semester2/BINP29/Malaria Project/Genomes/Parsed/busco_downloads/lineages/apicomplexa_odb10/hmms/24161at5794.hmm
# Target file:     /mnt/e/Bioinformatics/Semester2/BINP29/Malaria Project/Genomes/Parsed/Tg_new.faa
# Option settings: hmmsearch --domtblout /mnt/e/Bioinformatics/Semester2/BINP29/Malaria Project/Genomes/Parsed/Tg/run_apicomplexa_odb10/hmmer_output/initial_run_results/24161at5794.out --cpu 1 /mnt/e/Bioinformatics/Semester2/BINP29/Malaria Project/Genomes/Parsed/busco_downloads/lineages/apicomplexa_odb10/hmms/24161at5794.hmm /mnt/e/Bioinformatics/Semester2/BINP29/Malaria Project/Genomes/Parsed/Tg_new.faa 
# Current dir:     /mnt/e/Bioinformatics/Semester2/BINP29/Malaria Project/Genomes/Parsed
# Date:            Wed Mar  1 19:35:10 2023
# [ok]
