#                                                                            --- full sequence --- -------------- this domain -------------   hmm coord   ali coord   env coord
# target name        accession   tlen query name           accession   qlen   E-value  score  bias   #  of  c-Evalue  i-Evalue  score  bias  from    to  from    to  from    to  acc description of target
#------------------- ---------- ----- -------------------- ---------- ----- --------- ------ ----- --- --- --------- --------- ------ ----- ----- ----- ----- ----- ----- ----- ---- ---------------------
13183_g              -           1307 25455at5794          -            134    0.0018   17.9   0.0   1   2     0.005       4.4    7.0   0.0     3    25   460   482   458   491 0.83 -
13183_g              -           1307 25455at5794          -            134    0.0018   17.9   0.0   2   2    0.0016       1.4    8.6   0.0     3    74   939  1007   937  1009 0.83 -
9483_g               -           1307 25455at5794          -            134    0.0018   17.9   0.0   1   2     0.005       4.4    7.0   0.0     3    25   460   482   458   491 0.83 -
9483_g               -           1307 25455at5794          -            134    0.0018   17.9   0.0   2   2    0.0016       1.4    8.6   0.0     3    74   939  1007   937  1009 0.83 -
7398_g               -            741 25455at5794          -            134    0.0034   17.0   0.2   1   3    0.0028       2.5    7.8   0.0     2    22    29    49    28    92 0.92 -
7398_g               -            741 25455at5794          -            134    0.0034   17.0   0.2   2   3     0.014        13    5.5   0.0     4    22   439   457   436   463 0.85 -
7398_g               -            741 25455at5794          -            134    0.0034   17.0   0.2   3   3       3.3   2.9e+03   -2.2   0.0    78   100   607   629   590   646 0.70 -
7520_g               -            741 25455at5794          -            134    0.0034   17.0   0.2   1   3    0.0028       2.5    7.8   0.0     2    22    29    49    28    92 0.92 -
7520_g               -            741 25455at5794          -            134    0.0034   17.0   0.2   2   3     0.014        13    5.5   0.0     4    22   439   457   436   463 0.85 -
7520_g               -            741 25455at5794          -            134    0.0034   17.0   0.2   3   3       3.3   2.9e+03   -2.2   0.0    78   100   607   629   590   646 0.70 -
6468_g               -           6760 25455at5794          -            134    0.0062   16.2   0.1   1   3      0.11        96    2.6   0.0     3    24   427   448   425   462 0.85 -
6468_g               -           6760 25455at5794          -            134    0.0062   16.2   0.1   2   3       6.5   5.8e+03   -3.1   0.0     3    22  2899  2918  2898  2921 0.87 -
6468_g               -           6760 25455at5794          -            134    0.0062   16.2   0.1   3   3   0.00055      0.49   10.1   0.0     3    22  3450  3469  3448  3487 0.83 -
2000_g               -            782 25455at5794          -            134     0.013   15.1   0.0   1   2     0.046        40    3.8   0.0     3    22   261   280   259   304 0.87 -
2000_g               -            782 25455at5794          -            134     0.013   15.1   0.0   2   2    0.0018       1.6    8.4   0.0     3    33   588   618   586   642 0.87 -
2259_g               -            782 25455at5794          -            134     0.013   15.1   0.0   1   2     0.046        40    3.8   0.0     3    22   261   280   259   304 0.87 -
2259_g               -            782 25455at5794          -            134     0.013   15.1   0.0   2   2    0.0018       1.6    8.4   0.0     3    33   588   618   586   642 0.87 -
1068_g               -            990 25455at5794          -            134     0.039   13.6   0.4   1   3     0.041        36    4.0   0.0     3    22   332   351   330   365 0.87 -
1068_g               -            990 25455at5794          -            134     0.039   13.6   0.4   2   3    0.0068         6    6.5   0.0     5    24   789   808   785   827 0.86 -
1068_g               -            990 25455at5794          -            134     0.039   13.6   0.4   3   3       6.8     6e+03   -3.2   0.1   104   129   947   972   944   975 0.85 -
1570_g               -           1051 25455at5794          -            134     0.052   13.2   0.5   1   3     0.044        39    3.9   0.0     3    22   332   351   330   364 0.87 -
1570_g               -           1051 25455at5794          -            134     0.052   13.2   0.5   2   3    0.0074       6.6    6.4   0.0     5    24   789   808   785   826 0.86 -
1570_g               -           1051 25455at5794          -            134     0.052   13.2   0.5   3   3       7.2   6.4e+03   -3.3   0.1   104   129  1008  1033  1005  1036 0.85 -
5780_g               -           3514 25455at5794          -            134     0.091   12.4   0.0   1   1   0.00028      0.25   11.0   0.0     3    22   291   310   289   328 0.83 -
4912_g               -           1609 25455at5794          -            134     0.096   12.3   0.1   1   2    0.0071       6.3    6.5   0.1     2    22   374   394   373   398 0.89 -
4912_g               -           1609 25455at5794          -            134     0.096   12.3   0.1   2   2     0.073        64    3.2   0.0     4    32   704   732   702   741 0.79 -
5384_g               -           1609 25455at5794          -            134     0.096   12.3   0.1   1   2    0.0071       6.3    6.5   0.1     2    22   374   394   373   398 0.89 -
5384_g               -           1609 25455at5794          -            134     0.096   12.3   0.1   2   2     0.073        64    3.2   0.0     4    32   704   732   702   741 0.79 -
5995_g               -            261 25455at5794          -            134      0.13   11.9   0.0   1   2    0.0005      0.44   10.2   0.0     3    35    21    56    18    67 0.75 -
5995_g               -            261 25455at5794          -            134      0.13   11.9   0.0   2   2         2   1.8e+03   -1.5   0.0    81   109   183   211   177   235 0.71 -
6256_g               -            261 25455at5794          -            134      0.13   11.9   0.0   1   2    0.0005      0.44   10.2   0.0     3    35    21    56    18    67 0.75 -
6256_g               -            261 25455at5794          -            134      0.13   11.9   0.0   2   2         2   1.8e+03   -1.5   0.0    81   109   183   211   177   235 0.71 -
6809_g               -           1364 25455at5794          -            134      0.14   11.8   0.0   1   2      0.38   3.3e+02    0.9   0.0     3    20   485   502   483   511 0.84 -
6809_g               -           1364 25455at5794          -            134      0.14   11.8   0.0   2   2    0.0018       1.6    8.4   0.0     3    28  1019  1044  1017  1064 0.80 -
8103_g               -           1364 25455at5794          -            134      0.14   11.8   0.0   1   2      0.38   3.3e+02    0.9   0.0     3    20   485   502   483   511 0.84 -
8103_g               -           1364 25455at5794          -            134      0.14   11.8   0.0   2   2    0.0018       1.6    8.4   0.0     3    28  1019  1044  1017  1064 0.80 -
11281_g              -            620 25455at5794          -            134      0.15   11.7   0.1   1   1   0.00038      0.33   10.6   0.0     5    29    90   114    87   116 0.84 -
12078_g              -            620 25455at5794          -            134      0.15   11.7   0.1   1   1   0.00038      0.33   10.6   0.0     5    29    90   114    87   116 0.84 -
#
# Program:         hmmsearch
# Version:         3.1b2 (February 2015)
# Pipeline mode:   SEARCH
# Query file:      /mnt/e/Bioinformatics/Semester2/BINP29/Malaria Project/Genomes/Parsed/busco_downloads/lineages/apicomplexa_odb10/hmms/25455at5794.hmm
# Target file:     /mnt/e/Bioinformatics/Semester2/BINP29/Malaria Project/Genomes/Parsed/Tg_new.faa
# Option settings: hmmsearch --domtblout /mnt/e/Bioinformatics/Semester2/BINP29/Malaria Project/Genomes/Parsed/Tg/run_apicomplexa_odb10/hmmer_output/initial_run_results/25455at5794.out --cpu 1 /mnt/e/Bioinformatics/Semester2/BINP29/Malaria Project/Genomes/Parsed/busco_downloads/lineages/apicomplexa_odb10/hmms/25455at5794.hmm /mnt/e/Bioinformatics/Semester2/BINP29/Malaria Project/Genomes/Parsed/Tg_new.faa 
# Current dir:     /mnt/e/Bioinformatics/Semester2/BINP29/Malaria Project/Genomes/Parsed
# Date:            Wed Mar  1 19:35:15 2023
# [ok]
