#                                                                            --- full sequence --- -------------- this domain -------------   hmm coord   ali coord   env coord
# target name        accession   tlen query name           accession   qlen   E-value  score  bias   #  of  c-Evalue  i-Evalue  score  bias  from    to  from    to  from    to  acc description of target
#------------------- ---------- ----- -------------------- ---------- ----- --------- ------ ----- --- --- --------- --------- ------ ----- ----- ----- ----- ----- ----- ----- ---- ---------------------
7396_g               -           1733 2708at5794           -            696  5.3e-220  732.0   0.3   1  13   5.4e-22   2.4e-19   68.8   0.1     1    47    29    75    29    82 0.96 -
7396_g               -           1733 2708at5794           -            696  5.3e-220  732.0   0.3   2  13   2.1e-51   9.2e-49  166.1   0.2    46   144   156   254   151   260 0.97 -
7396_g               -           1733 2708at5794           -            696  5.3e-220  732.0   0.3   3  13   4.1e-12   1.8e-09   36.2   0.0   142   202   319   387   312   393 0.81 -
7396_g               -           1733 2708at5794           -            696  5.3e-220  732.0   0.3   4  13   0.00088      0.39    8.7   0.0   193   224   409   440   403   444 0.87 -
7396_g               -           1733 2708at5794           -            696  5.3e-220  732.0   0.3   5  13      0.28   1.2e+02    0.4   0.0   225   242   524   541   521   553 0.88 -
7396_g               -           1733 2708at5794           -            696  5.3e-220  732.0   0.3   6  13       1.3   5.7e+02   -1.8   0.0   241   266   575   603   570   604 0.80 -
7396_g               -           1733 2708at5794           -            696  5.3e-220  732.0   0.3   7  13   1.2e-13   5.3e-11   41.3   0.0   265   315   666   724   659   727 0.86 -
7396_g               -           1733 2708at5794           -            696  5.3e-220  732.0   0.3   8  13   1.5e-07   6.6e-05   21.1   0.0   312   341   753   782   750   787 0.93 -
7396_g               -           1733 2708at5794           -            696  5.3e-220  732.0   0.3   9  13   6.3e-44   2.8e-41  141.3   0.0   339   439   903  1010   890  1014 0.91 -
7396_g               -           1733 2708at5794           -            696  5.3e-220  732.0   0.3  10  13   1.4e-05    0.0062   14.6   0.0   441   477  1196  1232  1192  1236 0.91 -
7396_g               -           1733 2708at5794           -            696  5.3e-220  732.0   0.3  11  13       3.9   1.7e+03   -3.4   0.0   485   503  1343  1361  1342  1363 0.90 -
7396_g               -           1733 2708at5794           -            696  5.3e-220  732.0   0.3  12  13   1.4e-10   6.3e-08   31.1   0.0   505   547  1452  1495  1426  1500 0.79 -
7396_g               -           1733 2708at5794           -            696  5.3e-220  732.0   0.3  13  13   1.1e-56     5e-54  183.5   0.0   548   696  1563  1730  1559  1730 0.88 -
7522_g               -           1733 2708at5794           -            696  5.3e-220  732.0   0.3   1  13   5.4e-22   2.4e-19   68.8   0.1     1    47    29    75    29    82 0.96 -
7522_g               -           1733 2708at5794           -            696  5.3e-220  732.0   0.3   2  13   2.1e-51   9.2e-49  166.1   0.2    46   144   156   254   151   260 0.97 -
7522_g               -           1733 2708at5794           -            696  5.3e-220  732.0   0.3   3  13   4.1e-12   1.8e-09   36.2   0.0   142   202   319   387   312   393 0.81 -
7522_g               -           1733 2708at5794           -            696  5.3e-220  732.0   0.3   4  13   0.00088      0.39    8.7   0.0   193   224   409   440   403   444 0.87 -
7522_g               -           1733 2708at5794           -            696  5.3e-220  732.0   0.3   5  13      0.28   1.2e+02    0.4   0.0   225   242   524   541   521   553 0.88 -
7522_g               -           1733 2708at5794           -            696  5.3e-220  732.0   0.3   6  13       1.3   5.7e+02   -1.8   0.0   241   266   575   603   570   604 0.80 -
7522_g               -           1733 2708at5794           -            696  5.3e-220  732.0   0.3   7  13   1.2e-13   5.3e-11   41.3   0.0   265   315   666   724   659   727 0.86 -
7522_g               -           1733 2708at5794           -            696  5.3e-220  732.0   0.3   8  13   1.5e-07   6.6e-05   21.1   0.0   312   341   753   782   750   787 0.93 -
7522_g               -           1733 2708at5794           -            696  5.3e-220  732.0   0.3   9  13   6.3e-44   2.8e-41  141.3   0.0   339   439   903  1010   890  1014 0.91 -
7522_g               -           1733 2708at5794           -            696  5.3e-220  732.0   0.3  10  13   1.4e-05    0.0062   14.6   0.0   441   477  1196  1232  1192  1236 0.91 -
7522_g               -           1733 2708at5794           -            696  5.3e-220  732.0   0.3  11  13       3.9   1.7e+03   -3.4   0.0   485   503  1343  1361  1342  1363 0.90 -
7522_g               -           1733 2708at5794           -            696  5.3e-220  732.0   0.3  12  13   1.4e-10   6.3e-08   31.1   0.0   505   547  1452  1495  1426  1500 0.79 -
7522_g               -           1733 2708at5794           -            696  5.3e-220  732.0   0.3  13  13   1.1e-56     5e-54  183.5   0.0   548   696  1563  1730  1559  1730 0.88 -
4727_g               -            843 2708at5794           -            696  1.3e-114  383.7   0.0   1   2   3.9e-63   1.7e-60  204.8   0.0     1   223    42   288    42   292 0.87 -
4727_g               -            843 2708at5794           -            696  1.3e-114  383.7   0.0   2   2   2.7e-53   1.2e-50  172.3   0.0   224   665   318   822   315   827 0.74 -
5199_g               -            843 2708at5794           -            696  1.3e-114  383.7   0.0   1   2   3.9e-63   1.7e-60  204.8   0.0     1   223    42   288    42   292 0.87 -
5199_g               -            843 2708at5794           -            696  1.3e-114  383.7   0.0   2   2   2.7e-53   1.2e-50  172.3   0.0   224   665   318   822   315   827 0.74 -
4056_g               -           1672 2708at5794           -            696   5.7e-67  226.3   0.0   1   4   9.5e-43   4.2e-40  137.4   0.0    22   162   344   496   317   517 0.84 -
4056_g               -           1672 2708at5794           -            696   5.7e-67  226.3   0.0   2   4       2.6   1.2e+03   -2.8   0.0   182   221   544   588   541   592 0.76 -
4056_g               -           1672 2708at5794           -            696   5.7e-67  226.3   0.0   3   4   3.6e-08   1.6e-05   23.2   0.0   377   462  1057  1142  1046  1160 0.79 -
4056_g               -           1672 2708at5794           -            696   5.7e-67  226.3   0.0   4   4   1.3e-19   5.6e-17   61.0   0.0   491   652  1444  1614  1429  1621 0.82 -
8836_g               -           1672 2708at5794           -            696   5.7e-67  226.3   0.0   1   4   9.5e-43   4.2e-40  137.4   0.0    22   162   344   496   317   517 0.84 -
8836_g               -           1672 2708at5794           -            696   5.7e-67  226.3   0.0   2   4       2.6   1.2e+03   -2.8   0.0   182   221   544   588   541   592 0.76 -
8836_g               -           1672 2708at5794           -            696   5.7e-67  226.3   0.0   3   4   3.6e-08   1.6e-05   23.2   0.0   377   462  1057  1142  1046  1160 0.79 -
8836_g               -           1672 2708at5794           -            696   5.7e-67  226.3   0.0   4   4   1.3e-19   5.6e-17   61.0   0.0   491   652  1444  1614  1429  1621 0.82 -
13333_g              -            843 2708at5794           -            696   4.2e-26   91.2   0.0   1   4   1.3e-18   5.6e-16   57.7   0.0    48   111   193   256   159   261 0.93 -
13333_g              -            843 2708at5794           -            696   4.2e-26   91.2   0.0   2   4   1.4e-09   6.2e-07   27.8   0.0   354   440   521   607   433   610 0.82 -
13333_g              -            843 2708at5794           -            696   4.2e-26   91.2   0.0   3   4      0.81   3.6e+02   -1.2   0.0   513   602   657   751   650   758 0.63 -
13333_g              -            843 2708at5794           -            696   4.2e-26   91.2   0.0   4   4      0.35   1.5e+02    0.1   0.0   605   644   780   819   775   831 0.87 -
9337_g               -            843 2708at5794           -            696   4.2e-26   91.2   0.0   1   4   1.3e-18   5.6e-16   57.7   0.0    48   111   193   256   159   261 0.93 -
9337_g               -            843 2708at5794           -            696   4.2e-26   91.2   0.0   2   4   1.4e-09   6.2e-07   27.8   0.0   354   440   521   607   433   610 0.82 -
9337_g               -            843 2708at5794           -            696   4.2e-26   91.2   0.0   3   4      0.81   3.6e+02   -1.2   0.0   513   602   657   751   650   758 0.63 -
9337_g               -            843 2708at5794           -            696   4.2e-26   91.2   0.0   4   4      0.35   1.5e+02    0.1   0.0   605   644   780   819   775   831 0.87 -
5835_g               -           1464 2708at5794           -            696     2e-24   85.6   0.1   1   3   1.7e-14   7.5e-12   44.1   0.5    48    94   332   378   328   382 0.94 -
5835_g               -           1464 2708at5794           -            696     2e-24   85.6   0.1   2   3     1e-09   4.5e-07   28.3   0.0   312   445  1018  1160   992  1167 0.83 -
5835_g               -           1464 2708at5794           -            696     2e-24   85.6   0.1   3   3   0.00095      0.42    8.5   0.0   570   645  1363  1439  1352  1450 0.85 -
6413_g               -           1464 2708at5794           -            696     2e-24   85.6   0.1   1   3   1.7e-14   7.5e-12   44.1   0.5    48    94   332   378   328   382 0.94 -
6413_g               -           1464 2708at5794           -            696     2e-24   85.6   0.1   2   3     1e-09   4.5e-07   28.3   0.0   312   445  1018  1160   992  1167 0.83 -
6413_g               -           1464 2708at5794           -            696     2e-24   85.6   0.1   3   3   0.00095      0.42    8.5   0.0   570   645  1363  1439  1352  1450 0.85 -
2130_g               -           1180 2708at5794           -            696   7.6e-18   63.9   0.1   1   2    0.0049       2.2    6.2   0.0    22    60   653   698   643   711 0.79 -
2130_g               -           1180 2708at5794           -            696   7.6e-18   63.9   0.1   2   2   7.1e-18   3.1e-15   55.2   0.1    54   110   757   813   742   819 0.94 -
2429_g               -           1180 2708at5794           -            696   7.6e-18   63.9   0.1   1   2    0.0049       2.2    6.2   0.0    22    60   653   698   643   711 0.79 -
2429_g               -           1180 2708at5794           -            696   7.6e-18   63.9   0.1   2   2   7.1e-18   3.1e-15   55.2   0.1    54   110   757   813   742   819 0.94 -
10577_g              -           4756 2708at5794           -            696   5.8e-12   44.4   0.1   1   2   3.1e-14   1.4e-11   43.2   0.0    32    93  4262  4334  4244  4344 0.79 -
10577_g              -           4756 2708at5794           -            696   5.8e-12   44.4   0.1   2   2       2.8   1.2e+03   -2.9   0.0   363   394  4506  4537  4504  4575 0.79 -
11374_g              -           4756 2708at5794           -            696   5.8e-12   44.4   0.1   1   2   3.1e-14   1.4e-11   43.2   0.0    32    93  4262  4334  4244  4344 0.79 -
11374_g              -           4756 2708at5794           -            696   5.8e-12   44.4   0.1   2   2       2.8   1.2e+03   -2.9   0.0   363   394  4506  4537  4504  4575 0.79 -
10673_g              -           1619 2708at5794           -            696   1.9e-11   42.7   0.0   1   2   7.4e-10   3.3e-07   28.7   0.0    56   138   556   638   555   653 0.87 -
10673_g              -           1619 2708at5794           -            696   1.9e-11   42.7   0.0   2   2   0.00011     0.048   11.6   0.0   357   428  1138  1209  1126  1222 0.87 -
11470_g              -           1619 2708at5794           -            696   1.9e-11   42.7   0.0   1   2   7.4e-10   3.3e-07   28.7   0.0    56   138   556   638   555   653 0.87 -
11470_g              -           1619 2708at5794           -            696   1.9e-11   42.7   0.0   2   2   0.00011     0.048   11.6   0.0   357   428  1138  1209  1126  1222 0.87 -
5709_g               -            616 2708at5794           -            696   1.6e-09   36.4   0.0   1   1   4.6e-12     2e-09   36.0   0.0    26   111   203   294   178   307 0.80 -
6538_g               -            616 2708at5794           -            696   1.6e-09   36.4   0.0   1   1   4.6e-12     2e-09   36.0   0.0    26   111   203   294   178   307 0.80 -
13028_g              -           1444 2708at5794           -            696   3.2e-09   35.4   0.0   1   1   1.1e-11   5.1e-09   34.7   0.0    50   112   696   758   689   767 0.96 -
9636_g               -           1444 2708at5794           -            696   3.2e-09   35.4   0.0   1   1   1.1e-11   5.1e-09   34.7   0.0    50   112   696   758   689   767 0.96 -
10426_g              -            893 2708at5794           -            696   1.5e-08   33.1   1.0   1   1     5e-11   2.2e-08   32.6   1.0    46   115   148   217   145   235 0.89 -
12833_g              -            893 2708at5794           -            696   1.5e-08   33.1   1.0   1   1     5e-11   2.2e-08   32.6   1.0    46   115   148   217   145   235 0.89 -
13648_g              -           1634 2708at5794           -            696   1.9e-08   32.8   0.1   1   1   6.7e-11   2.9e-08   32.2   0.1    50   112   640   702   636   711 0.94 -
9015_g               -           1634 2708at5794           -            696   1.9e-08   32.8   0.1   1   1   6.7e-11   2.9e-08   32.2   0.1    50   112   640   702   636   711 0.94 -
1700_g               -            646 2708at5794           -            696   4.6e-08   31.6   0.0   1   1   1.5e-10   6.5e-08   31.0   0.0    27   120   216   320   175   334 0.81 -
883_g                -            646 2708at5794           -            696   4.6e-08   31.6   0.0   1   1   1.5e-10   6.5e-08   31.0   0.0    27   120   216   320   175   334 0.81 -
11212_g              -           2668 2708at5794           -            696   5.5e-05   21.4   0.0   1   1     2e-07   8.8e-05   20.7   0.0    49   110  2132  2193  2113  2201 0.94 -
12009_g              -           2668 2708at5794           -            696   5.5e-05   21.4   0.0   1   1     2e-07   8.8e-05   20.7   0.0    49   110  2132  2193  2113  2201 0.94 -
13661_g              -           2741 2708at5794           -            696   0.00011   20.3   0.0   1   1   3.8e-07   0.00017   19.8   0.0    44   111  1857  1924  1850  1932 0.90 -
9000_g               -           3051 2708at5794           -            696   0.00013   20.2   0.0   1   1   4.3e-07   0.00019   19.6   0.0    44   111  2167  2234  2160  2242 0.90 -
124_g                -            449 2708at5794           -            696     0.001   17.2   0.0   1   1     3e-06    0.0013   16.8   0.0    26   110    60   157    44   207 0.77 -
267_g                -            449 2708at5794           -            696     0.001   17.2   0.0   1   1     3e-06    0.0013   16.8   0.0    26   110    60   157    44   207 0.77 -
4036_g               -            449 2708at5794           -            696     0.001   17.2   0.0   1   1     3e-06    0.0013   16.8   0.0    26   110    60   157    44   207 0.77 -
8816_g               -            449 2708at5794           -            696     0.001   17.2   0.0   1   1     3e-06    0.0013   16.8   0.0    26   110    60   157    44   207 0.77 -
4893_g               -            618 2708at5794           -            696     0.013   13.5   0.0   1   2    0.0011      0.48    8.3   0.0   285   322    66   100    55   111 0.76 -
4893_g               -            618 2708at5794           -            696     0.013   13.5   0.0   2   2     0.047        21    2.9   0.0   280   322   232   274   213   280 0.88 -
5365_g               -            618 2708at5794           -            696     0.013   13.5   0.0   1   2    0.0011      0.48    8.3   0.0   285   322    66   100    55   111 0.76 -
5365_g               -            618 2708at5794           -            696     0.013   13.5   0.0   2   2     0.047        21    2.9   0.0   280   322   232   274   213   280 0.88 -
#
# Program:         hmmsearch
# Version:         3.1b2 (February 2015)
# Pipeline mode:   SEARCH
# Query file:      /mnt/e/Bioinformatics/Semester2/BINP29/Malaria Project/Genomes/Parsed/busco_downloads/lineages/apicomplexa_odb10/hmms/2708at5794.hmm
# Target file:     /mnt/e/Bioinformatics/Semester2/BINP29/Malaria Project/Genomes/Parsed/Tg_new.faa
# Option settings: hmmsearch --domtblout /mnt/e/Bioinformatics/Semester2/BINP29/Malaria Project/Genomes/Parsed/Tg/run_apicomplexa_odb10/hmmer_output/initial_run_results/2708at5794.out --cpu 1 /mnt/e/Bioinformatics/Semester2/BINP29/Malaria Project/Genomes/Parsed/busco_downloads/lineages/apicomplexa_odb10/hmms/2708at5794.hmm /mnt/e/Bioinformatics/Semester2/BINP29/Malaria Project/Genomes/Parsed/Tg_new.faa 
# Current dir:     /mnt/e/Bioinformatics/Semester2/BINP29/Malaria Project/Genomes/Parsed
# Date:            Wed Mar  1 19:35:25 2023
# [ok]
