#                                                                            --- full sequence --- -------------- this domain -------------   hmm coord   ali coord   env coord
# target name        accession   tlen query name           accession   qlen   E-value  score  bias   #  of  c-Evalue  i-Evalue  score  bias  from    to  from    to  from    to  acc description of target
#------------------- ---------- ----- -------------------- ---------- ----- --------- ------ ----- --- --- --------- --------- ------ ----- ----- ----- ----- ----- ----- ----- ---- ---------------------
2932_g               -           7255 27160at5794          -            139   1.6e-23   83.2  19.2   1   4     9e-07    0.0036   17.2   0.3     1    38   305   348   305   356 0.79 -
2932_g               -           7255 27160at5794          -            139   1.6e-23   83.2  19.2   2   4   1.1e-07   0.00044   20.2   0.1    72    94   370   392   366   395 0.92 -
2932_g               -           7255 27160at5794          -            139   1.6e-23   83.2  19.2   3   4   1.4e-19   5.4e-16   58.7   1.0    75   138   454   517   444   518 0.88 -
2932_g               -           7255 27160at5794          -            139   1.6e-23   83.2  19.2   4   4         4   1.6e+04   -5.5   2.1    67    93  1072  1098  1067  1100 0.86 -
3613_g               -           7255 27160at5794          -            139   1.6e-23   83.2  19.2   1   4     9e-07    0.0036   17.2   0.3     1    38   305   348   305   356 0.79 -
3613_g               -           7255 27160at5794          -            139   1.6e-23   83.2  19.2   2   4   1.1e-07   0.00044   20.2   0.1    72    94   370   392   366   395 0.92 -
3613_g               -           7255 27160at5794          -            139   1.6e-23   83.2  19.2   3   4   1.4e-19   5.4e-16   58.7   1.0    75   138   454   517   444   518 0.88 -
3613_g               -           7255 27160at5794          -            139   1.6e-23   83.2  19.2   4   4         4   1.6e+04   -5.5   2.1    67    93  1072  1098  1067  1100 0.86 -
13285_g              -            132 27160at5794          -            139   1.2e-13   51.1  14.5   1   1   4.1e-17   1.6e-13   50.7  14.5    10   103    15   110    11   121 0.93 -
9384_g               -             70 27160at5794          -            139   6.8e-08   32.5   7.1   1   1   1.9e-11   7.6e-08   32.4   7.1    61   103     5    48     1    61 0.88 -
#
# Program:         hmmsearch
# Version:         3.1b2 (February 2015)
# Pipeline mode:   SEARCH
# Query file:      /mnt/e/Bioinformatics/Semester2/BINP29/Malaria Project/Genomes/Parsed/busco_downloads/lineages/apicomplexa_odb10/hmms/27160at5794.hmm
# Target file:     /mnt/e/Bioinformatics/Semester2/BINP29/Malaria Project/Genomes/Parsed/Tg_new.faa
# Option settings: hmmsearch --domtblout /mnt/e/Bioinformatics/Semester2/BINP29/Malaria Project/Genomes/Parsed/Tg/run_apicomplexa_odb10/hmmer_output/initial_run_results/27160at5794.out --cpu 1 /mnt/e/Bioinformatics/Semester2/BINP29/Malaria Project/Genomes/Parsed/busco_downloads/lineages/apicomplexa_odb10/hmms/27160at5794.hmm /mnt/e/Bioinformatics/Semester2/BINP29/Malaria Project/Genomes/Parsed/Tg_new.faa 
# Current dir:     /mnt/e/Bioinformatics/Semester2/BINP29/Malaria Project/Genomes/Parsed
# Date:            Wed Mar  1 19:35:25 2023
# [ok]
