#                                                                            --- full sequence --- -------------- this domain -------------   hmm coord   ali coord   env coord
# target name        accession   tlen query name           accession   qlen   E-value  score  bias   #  of  c-Evalue  i-Evalue  score  bias  from    to  from    to  from    to  acc description of target
#------------------- ---------- ----- -------------------- ---------- ----- --------- ------ ----- --- --- --------- --------- ------ ----- ----- ----- ----- ----- ----- ----- ---- ---------------------
5689_g               -            253 27360at5794          -            116   4.3e-44  149.2   1.1   1   3   0.00093      0.21   11.5   0.0    56    77    19    40     6    41 0.90 -
5689_g               -            253 27360at5794          -            116   4.3e-44  149.2   1.1   2   3   9.6e-30   2.2e-27   95.3   0.6     1    58    42   102    42   104 0.95 -
5689_g               -            253 27360at5794          -            116   4.3e-44  149.2   1.1   3   3   2.4e-12   5.6e-10   39.2   0.0    56    88   212   244   209   248 0.90 -
6558_g               -            253 27360at5794          -            116   4.3e-44  149.2   1.1   1   3   0.00093      0.21   11.5   0.0    56    77    19    40     6    41 0.90 -
6558_g               -            253 27360at5794          -            116   4.3e-44  149.2   1.1   2   3   9.6e-30   2.2e-27   95.3   0.6     1    58    42   102    42   104 0.95 -
6558_g               -            253 27360at5794          -            116   4.3e-44  149.2   1.1   3   3   2.4e-12   5.6e-10   39.2   0.0    56    88   212   244   209   248 0.90 -
1989_g               -           1149 27360at5794          -            116   6.9e-20   71.1   0.1   1   8       1.3     3e+02    1.4   0.0    58    80   201   223   197   227 0.84 -
1989_g               -           1149 27360at5794          -            116   6.9e-20   71.1   0.1   2   8    0.0065       1.5    8.8   0.0     5    37   227   259   223   269 0.88 -
1989_g               -           1149 27360at5794          -            116   6.9e-20   71.1   0.1   3   8     0.042       9.4    6.2   0.0    60    88   476   504   472   508 0.88 -
1989_g               -           1149 27360at5794          -            116   6.9e-20   71.1   0.1   4   8       0.2        45    4.0   0.0     5    43   499   538   496   541 0.81 -
1989_g               -           1149 27360at5794          -            116   6.9e-20   71.1   0.1   5   8      0.95   2.2e+02    1.8   0.0    73   106   749   788   720   796 0.54 -
1989_g               -           1149 27360at5794          -            116   6.9e-20   71.1   0.1   6   8    0.0056       1.3    9.0   0.0    50    89   926   967   917   990 0.78 -
1989_g               -           1149 27360at5794          -            116   6.9e-20   71.1   0.1   7   8    0.0041      0.94    9.5   0.0    57    87  1060  1090  1056  1093 0.89 -
1989_g               -           1149 27360at5794          -            116   6.9e-20   71.1   0.1   8   8   1.8e-07     4e-05   23.5   0.0     5    44  1086  1125  1083  1133 0.94 -
2271_g               -           1149 27360at5794          -            116   6.9e-20   71.1   0.1   1   8       1.3     3e+02    1.4   0.0    58    80   201   223   197   227 0.84 -
2271_g               -           1149 27360at5794          -            116   6.9e-20   71.1   0.1   2   8    0.0065       1.5    8.8   0.0     5    37   227   259   223   269 0.88 -
2271_g               -           1149 27360at5794          -            116   6.9e-20   71.1   0.1   3   8     0.042       9.4    6.2   0.0    60    88   476   504   472   508 0.88 -
2271_g               -           1149 27360at5794          -            116   6.9e-20   71.1   0.1   4   8       0.2        45    4.0   0.0     5    43   499   538   496   541 0.81 -
2271_g               -           1149 27360at5794          -            116   6.9e-20   71.1   0.1   5   8      0.95   2.2e+02    1.8   0.0    73   106   749   788   720   796 0.54 -
2271_g               -           1149 27360at5794          -            116   6.9e-20   71.1   0.1   6   8    0.0056       1.3    9.0   0.0    50    89   926   967   917   990 0.78 -
2271_g               -           1149 27360at5794          -            116   6.9e-20   71.1   0.1   7   8    0.0041      0.94    9.5   0.0    57    87  1060  1090  1056  1093 0.89 -
2271_g               -           1149 27360at5794          -            116   6.9e-20   71.1   0.1   8   8   1.8e-07     4e-05   23.5   0.0     5    44  1086  1125  1083  1133 0.94 -
13398_g              -            769 27360at5794          -            116   1.7e-15   57.0   0.7   1   4    0.0001     0.023   14.6   0.0     3    91   105   203   103   204 0.85 -
13398_g              -            769 27360at5794          -            116   1.7e-15   57.0   0.7   2   4   2.5e-08   5.8e-06   26.3   0.0     5   109   195   321   193   327 0.71 -
13398_g              -            769 27360at5794          -            116   1.7e-15   57.0   0.7   3   4      0.16        35    4.4   0.0    53    90   380   419   373   421 0.84 -
13398_g              -            769 27360at5794          -            116   1.7e-15   57.0   0.7   4   4   0.00027     0.061   13.3   0.0     5    41   412   448   408   468 0.93 -
9270_g               -            769 27360at5794          -            116   1.7e-15   57.0   0.7   1   4    0.0001     0.023   14.6   0.0     3    91   105   203   103   204 0.85 -
9270_g               -            769 27360at5794          -            116   1.7e-15   57.0   0.7   2   4   2.5e-08   5.8e-06   26.3   0.0     5   109   195   321   193   327 0.71 -
9270_g               -            769 27360at5794          -            116   1.7e-15   57.0   0.7   3   4      0.16        35    4.4   0.0    53    90   380   419   373   421 0.84 -
9270_g               -            769 27360at5794          -            116   1.7e-15   57.0   0.7   4   4   0.00027     0.061   13.3   0.0     5    41   412   448   408   468 0.93 -
2953_g               -           1083 27360at5794          -            116   2.1e-10   40.6   0.0   1   3    0.0001     0.024   14.6   0.0    60   110   822   879   817   883 0.79 -
2953_g               -           1083 27360at5794          -            116   2.1e-10   40.6   0.0   2   3    0.0013       0.3   11.0   0.0    57    86   933   962   927   964 0.90 -
2953_g               -           1083 27360at5794          -            116   2.1e-10   40.6   0.0   3   3    0.0012      0.27   11.2   0.0     8    45   964   999   961  1007 0.86 -
3634_g               -           1083 27360at5794          -            116   2.1e-10   40.6   0.0   1   3    0.0001     0.024   14.6   0.0    60   110   822   879   817   883 0.79 -
3634_g               -           1083 27360at5794          -            116   2.1e-10   40.6   0.0   2   3    0.0013       0.3   11.0   0.0    57    86   933   962   927   964 0.90 -
3634_g               -           1083 27360at5794          -            116   2.1e-10   40.6   0.0   3   3    0.0012      0.27   11.2   0.0     8    45   964   999   961  1007 0.86 -
570_g                -            522 27360at5794          -            116   1.4e-09   37.9   0.6   1   5      0.12        27    4.8   0.0     4    44    60   101    57   104 0.89 -
570_g                -            522 27360at5794          -            116   1.4e-09   37.9   0.6   2   5       2.5   5.6e+02    0.5   0.0    58    87   136   165   131   170 0.86 -
570_g                -            522 27360at5794          -            116   1.4e-09   37.9   0.6   3   5   0.00037     0.084   12.8   0.0     5    42   161   199   157   228 0.84 -
570_g                -            522 27360at5794          -            116   1.4e-09   37.9   0.6   4   5      0.17        38    4.3   0.0    53    92   383   424   380   425 0.85 -
570_g                -            522 27360at5794          -            116   1.4e-09   37.9   0.6   5   5   0.00016     0.036   14.0   0.0     5    42   415   453   413   461 0.92 -
603_g                -            522 27360at5794          -            116   1.4e-09   37.9   0.6   1   5      0.12        27    4.8   0.0     4    44    60   101    57   104 0.89 -
603_g                -            522 27360at5794          -            116   1.4e-09   37.9   0.6   2   5       2.5   5.6e+02    0.5   0.0    58    87   136   165   131   170 0.86 -
603_g                -            522 27360at5794          -            116   1.4e-09   37.9   0.6   3   5   0.00037     0.084   12.8   0.0     5    42   161   199   157   228 0.84 -
603_g                -            522 27360at5794          -            116   1.4e-09   37.9   0.6   4   5      0.17        38    4.3   0.0    53    92   383   424   380   425 0.85 -
603_g                -            522 27360at5794          -            116   1.4e-09   37.9   0.6   5   5   0.00016     0.036   14.0   0.0     5    42   415   453   413   461 0.92 -
1911_g               -           1217 27360at5794          -            116   6.3e-09   35.8   0.8   1   5       4.6     1e+03   -0.4   0.0    59    88   245   274   238   278 0.88 -
1911_g               -           1217 27360at5794          -            116   6.3e-09   35.8   0.8   2   5    0.0003     0.068   13.1   0.1     5    41   269   305   265   309 0.86 -
1911_g               -           1217 27360at5794          -            116   6.3e-09   35.8   0.8   3   5    0.0014      0.31   11.0   0.1     9    44   419   454   413   459 0.86 -
1911_g               -           1217 27360at5794          -            116   6.3e-09   35.8   0.8   4   5      0.51   1.2e+02    2.7   0.0    57    89   725   757   701   760 0.82 -
1911_g               -           1217 27360at5794          -            116   6.3e-09   35.8   0.8   5   5      0.11        25    4.8   0.0     4    42   750   789   747   794 0.82 -
2350_g               -           1217 27360at5794          -            116   6.3e-09   35.8   0.8   1   5       4.6     1e+03   -0.4   0.0    59    88   245   274   238   278 0.88 -
2350_g               -           1217 27360at5794          -            116   6.3e-09   35.8   0.8   2   5    0.0003     0.068   13.1   0.1     5    41   269   305   265   309 0.86 -
2350_g               -           1217 27360at5794          -            116   6.3e-09   35.8   0.8   3   5    0.0014      0.31   11.0   0.1     9    44   419   454   413   459 0.86 -
2350_g               -           1217 27360at5794          -            116   6.3e-09   35.8   0.8   4   5      0.51   1.2e+02    2.7   0.0    57    89   725   757   701   760 0.82 -
2350_g               -           1217 27360at5794          -            116   6.3e-09   35.8   0.8   5   5      0.11        25    4.8   0.0     4    42   750   789   747   794 0.82 -
4828_g               -           1047 27360at5794          -            116   2.7e-08   33.7   0.0   1   4     0.041       9.4    6.2   0.0     5    42    43    81    39    85 0.77 -
4828_g               -           1047 27360at5794          -            116   2.7e-08   33.7   0.0   2   4      0.19        42    4.1   0.0    59    87   122   150   119   155 0.90 -
4828_g               -           1047 27360at5794          -            116   2.7e-08   33.7   0.0   3   4     0.022       4.9    7.1   0.0    21    43   177   199   171   221 0.85 -
4828_g               -           1047 27360at5794          -            116   2.7e-08   33.7   0.0   4   4    0.0028      0.64   10.0   0.0     5    42   725   763   702   792 0.89 -
5300_g               -           1047 27360at5794          -            116   2.7e-08   33.7   0.0   1   4     0.041       9.4    6.2   0.0     5    42    43    81    39    85 0.77 -
5300_g               -           1047 27360at5794          -            116   2.7e-08   33.7   0.0   2   4      0.19        42    4.1   0.0    59    87   122   150   119   155 0.90 -
5300_g               -           1047 27360at5794          -            116   2.7e-08   33.7   0.0   3   4     0.022       4.9    7.1   0.0    21    43   177   199   171   221 0.85 -
5300_g               -           1047 27360at5794          -            116   2.7e-08   33.7   0.0   4   4    0.0028      0.64   10.0   0.0     5    42   725   763   702   792 0.89 -
579_g                -            436 27360at5794          -            116   1.7e-07   31.2   0.2   1   3    0.0091       2.1    8.4   0.0     8    43    33    68     1    73 0.67 -
579_g                -            436 27360at5794          -            116   1.7e-07   31.2   0.2   2   3     0.017       3.9    7.5   0.0    44    89   184   233   169   237 0.74 -
579_g                -            436 27360at5794          -            116   1.7e-07   31.2   0.2   3   3   9.1e-05     0.021   14.8   0.0     3    42   225   264   223   269 0.93 -
594_g                -            436 27360at5794          -            116   1.7e-07   31.2   0.2   1   3    0.0091       2.1    8.4   0.0     8    43    33    68     1    73 0.67 -
594_g                -            436 27360at5794          -            116   1.7e-07   31.2   0.2   2   3     0.017       3.9    7.5   0.0    44    89   184   233   169   237 0.74 -
594_g                -            436 27360at5794          -            116   1.7e-07   31.2   0.2   3   3   9.1e-05     0.021   14.8   0.0     3    42   225   264   223   269 0.93 -
4893_g               -            618 27360at5794          -            116   1.3e-06   28.3   0.0   1   4      0.83   1.9e+02    2.0   0.0    55    87    71   103    58   108 0.86 -
4893_g               -            618 27360at5794          -            116   1.3e-06   28.3   0.0   2   4    0.0016      0.36   10.8   0.0     5    43    99   136    95   146 0.85 -
4893_g               -            618 27360at5794          -            116   1.3e-06   28.3   0.0   3   4      0.12        27    4.8   0.0    54    87   244   277   223   281 0.85 -
4893_g               -            618 27360at5794          -            116   1.3e-06   28.3   0.0   4   4      0.04         9    6.3   0.0    19    43   289   313   283   318 0.89 -
5365_g               -            618 27360at5794          -            116   1.3e-06   28.3   0.0   1   4      0.83   1.9e+02    2.0   0.0    55    87    71   103    58   108 0.86 -
5365_g               -            618 27360at5794          -            116   1.3e-06   28.3   0.0   2   4    0.0016      0.36   10.8   0.0     5    43    99   136    95   146 0.85 -
5365_g               -            618 27360at5794          -            116   1.3e-06   28.3   0.0   3   4      0.12        27    4.8   0.0    54    87   244   277   223   281 0.85 -
5365_g               -            618 27360at5794          -            116   1.3e-06   28.3   0.0   4   4      0.04         9    6.3   0.0    19    43   289   313   283   318 0.89 -
10684_g              -            819 27360at5794          -            116     2e-05   24.5   0.0   1   3   2.3e-05    0.0053   16.7   0.0    55    87   152   184   146   226 0.83 -
10684_g              -            819 27360at5794          -            116     2e-05   24.5   0.0   2   3       2.5   5.6e+02    0.5   0.0    35    68   377   411   369   417 0.76 -
10684_g              -            819 27360at5794          -            116     2e-05   24.5   0.0   3   3         3   6.8e+02    0.2   0.0    60    79   446   465   440   478 0.86 -
11481_g              -            819 27360at5794          -            116     2e-05   24.5   0.0   1   3   2.3e-05    0.0053   16.7   0.0    55    87   152   184   146   226 0.83 -
11481_g              -            819 27360at5794          -            116     2e-05   24.5   0.0   2   3       2.5   5.6e+02    0.5   0.0    35    68   377   411   369   417 0.76 -
11481_g              -            819 27360at5794          -            116     2e-05   24.5   0.0   3   3         3   6.8e+02    0.2   0.0    60    79   446   465   440   478 0.86 -
12633_g              -            459 27360at5794          -            116   2.2e-05   24.4   1.3   1   3     0.016       3.7    7.5   0.1    57    89    93   125    89   128 0.87 -
12633_g              -            459 27360at5794          -            116   2.2e-05   24.4   1.3   2   3    0.0051       1.2    9.1   0.1     1    35   115   150   115   157 0.84 -
12633_g              -            459 27360at5794          -            116   2.2e-05   24.4   1.3   3   3    0.0032      0.72    9.8   0.0     3    39   210   247   208   261 0.85 -
9890_g               -            459 27360at5794          -            116   2.2e-05   24.4   1.3   1   3     0.016       3.7    7.5   0.1    57    89    93   125    89   128 0.87 -
9890_g               -            459 27360at5794          -            116   2.2e-05   24.4   1.3   2   3    0.0051       1.2    9.1   0.1     1    35   115   150   115   157 0.84 -
9890_g               -            459 27360at5794          -            116   2.2e-05   24.4   1.3   3   3    0.0032      0.72    9.8   0.0     3    39   210   247   208   261 0.85 -
2636_g               -            543 27360at5794          -            116   2.8e-05   24.0   0.5   1   2    0.0063       1.4    8.9   0.1     4    87   182   271   179   275 0.79 -
2636_g               -            543 27360at5794          -            116   2.8e-05   24.0   0.5   2   2   9.2e-06    0.0021   18.0   0.1     3    40   265   303   263   317 0.85 -
3317_g               -            543 27360at5794          -            116   2.8e-05   24.0   0.5   1   2    0.0063       1.4    8.9   0.1     4    87   182   271   179   275 0.79 -
3317_g               -            543 27360at5794          -            116   2.8e-05   24.0   0.5   2   2   9.2e-06    0.0021   18.0   0.1     3    40   265   303   263   317 0.85 -
13381_g              -            525 27360at5794          -            116   3.5e-05   23.7   0.0   1   3    0.0075       1.7    8.6   0.0    56   110    26    77    21    83 0.90 -
13381_g              -            525 27360at5794          -            116   3.5e-05   23.7   0.0   2   3      0.19        42    4.1   0.0    56    90    98   132    91   134 0.86 -
13381_g              -            525 27360at5794          -            116   3.5e-05   23.7   0.0   3   3   0.00078      0.18   11.8   0.0     4    43   124   164   121   183 0.82 -
9287_g               -            525 27360at5794          -            116   3.5e-05   23.7   0.0   1   3    0.0075       1.7    8.6   0.0    56   110    26    77    21    83 0.90 -
9287_g               -            525 27360at5794          -            116   3.5e-05   23.7   0.0   2   3      0.19        42    4.1   0.0    56    90    98   132    91   134 0.86 -
9287_g               -            525 27360at5794          -            116   3.5e-05   23.7   0.0   3   3   0.00078      0.18   11.8   0.0     4    43   124   164   121   183 0.82 -
2897_g               -            693 27360at5794          -            116   4.6e-05   23.4   0.0   1   2     0.074        17    5.4   0.0    59    87   351   379   337   390 0.85 -
2897_g               -            693 27360at5794          -            116   4.6e-05   23.4   0.0   2   2    0.0001     0.023   14.7   0.0    58   105   473   517   467   528 0.76 -
3578_g               -            693 27360at5794          -            116   4.6e-05   23.4   0.0   1   2     0.074        17    5.4   0.0    59    87   351   379   337   390 0.85 -
3578_g               -            693 27360at5794          -            116   4.6e-05   23.4   0.0   2   2    0.0001     0.023   14.7   0.0    58   105   473   517   467   528 0.76 -
10085_g              -            618 27360at5794          -            116     9e-05   22.4   0.2   1   3       2.3   5.2e+02    0.6   0.1    51    82   211   241   192   247 0.77 -
10085_g              -            618 27360at5794          -            116     9e-05   22.4   0.2   2   3    0.0083       1.9    8.5   0.0     3    39   241   278   239   283 0.87 -
10085_g              -            618 27360at5794          -            116     9e-05   22.4   0.2   3   3    0.0031       0.7    9.9   0.0     6    44   352   391   348   394 0.82 -
7258_g               -            194 27360at5794          -            116     9e-05   22.4   0.0   1   2     0.014       3.3    7.7   0.0    57    86     3    32     2    37 0.92 -
7258_g               -            194 27360at5794          -            116     9e-05   22.4   0.0   2   2   0.00041     0.093   12.7   0.0    16    44    41    69    34    92 0.78 -
7661_g               -            194 27360at5794          -            116     9e-05   22.4   0.0   1   2     0.014       3.3    7.7   0.0    57    86     3    32     2    37 0.92 -
7661_g               -            194 27360at5794          -            116     9e-05   22.4   0.0   2   2   0.00041     0.093   12.7   0.0    16    44    41    69    34    92 0.78 -
13278_g              -            620 27360at5794          -            116   0.00015   21.7   0.0   1   2    0.0048       1.1    9.3   0.0    52    85   195   232   191   239 0.81 -
13278_g              -            620 27360at5794          -            116   0.00015   21.7   0.0   2   2    0.0026       0.6   10.1   0.0    13    42   238   267   233   274 0.88 -
7431_g               -           1492 27360at5794          -            116   0.00016   21.6   0.5   1   4       7.1   1.6e+03   -1.0   0.0    59    88   860   889   858   894 0.87 -
7431_g               -           1492 27360at5794          -            116   0.00016   21.6   0.5   2   4   0.00082      0.19   11.7   0.0     5    43   884   923   880   937 0.85 -
7431_g               -           1492 27360at5794          -            116   0.00016   21.6   0.5   3   4       1.5   3.5e+02    1.2   0.0    58    91  1062  1095  1059  1097 0.91 -
7431_g               -           1492 27360at5794          -            116   0.00016   21.6   0.5   4   4     0.087        20    5.2   0.0     5    43  1087  1126  1083  1146 0.86 -
7489_g               -           1492 27360at5794          -            116   0.00016   21.6   0.5   1   4       7.1   1.6e+03   -1.0   0.0    59    88   860   889   858   894 0.87 -
7489_g               -           1492 27360at5794          -            116   0.00016   21.6   0.5   2   4   0.00082      0.19   11.7   0.0     5    43   884   923   880   937 0.85 -
7489_g               -           1492 27360at5794          -            116   0.00016   21.6   0.5   3   4       1.5   3.5e+02    1.2   0.0    58    91  1062  1095  1059  1097 0.91 -
7489_g               -           1492 27360at5794          -            116   0.00016   21.6   0.5   4   4     0.087        20    5.2   0.0     5    43  1087  1126  1083  1146 0.86 -
9391_g               -            654 27360at5794          -            116   0.00016   21.6   0.0   1   2    0.0051       1.2    9.2   0.0    52    85   229   266   225   273 0.81 -
9391_g               -            654 27360at5794          -            116   0.00016   21.6   0.0   2   2    0.0028      0.64   10.0   0.0    13    42   272   301   267   308 0.88 -
4150_g               -            873 27360at5794          -            116   0.00046   20.1   0.2   1   2       9.1   2.1e+03   -1.3   0.0    53    68   542   557   535   563 0.80 -
4150_g               -            873 27360at5794          -            116   0.00046   20.1   0.2   2   2   0.00018     0.042   13.8   0.2    42   105   644   716   636   725 0.69 -
8930_g               -            873 27360at5794          -            116   0.00046   20.1   0.2   1   2       9.1   2.1e+03   -1.3   0.0    53    68   542   557   535   563 0.80 -
8930_g               -            873 27360at5794          -            116   0.00046   20.1   0.2   2   2   0.00018     0.042   13.8   0.2    42   105   644   716   636   725 0.69 -
12956_g              -            495 27360at5794          -            116   0.00096   19.1   0.1   1   3    0.0034      0.77    9.7   0.0    57    84   111   138    66   145 0.87 -
12956_g              -            495 27360at5794          -            116   0.00096   19.1   0.1   2   3      0.26        59    3.7   0.0    10    40   218   248   211   252 0.89 -
12956_g              -            495 27360at5794          -            116   0.00096   19.1   0.1   3   3       1.5   3.5e+02    1.2   0.0    88   108   375   395   355   398 0.82 -
9705_g               -            495 27360at5794          -            116   0.00096   19.1   0.1   1   3    0.0034      0.77    9.7   0.0    57    84   111   138    66   145 0.87 -
9705_g               -            495 27360at5794          -            116   0.00096   19.1   0.1   2   3      0.26        59    3.7   0.0    10    40   218   248   211   252 0.89 -
9705_g               -            495 27360at5794          -            116   0.00096   19.1   0.1   3   3       1.5   3.5e+02    1.2   0.0    88   108   375   395   355   398 0.82 -
3086_g               -            373 27360at5794          -            116    0.0013   18.6   0.0   1   2      0.13        30    4.6   0.0    60    99   102   140    99   161 0.83 -
3086_g               -            373 27360at5794          -            116    0.0013   18.6   0.0   2   2    0.0015      0.34   10.9   0.0    56    87   294   325   288   358 0.91 -
3767_g               -            373 27360at5794          -            116    0.0013   18.6   0.0   1   2      0.13        30    4.6   0.0    60    99   102   140    99   161 0.83 -
3767_g               -            373 27360at5794          -            116    0.0013   18.6   0.0   2   2    0.0015      0.34   10.9   0.0    56    87   294   325   288   358 0.91 -
13232_g              -            567 27360at5794          -            116    0.0015   18.5   0.0   1   3         1   2.3e+02    1.7   0.0    57    93   179   215   157   230 0.79 -
13232_g              -            567 27360at5794          -            116    0.0015   18.5   0.0   2   3      0.11        24    4.9   0.0    57    85   315   343   283   352 0.80 -
13232_g              -            567 27360at5794          -            116    0.0015   18.5   0.0   3   3     0.023       5.3    7.0   0.0    16    43   353   380   341   430 0.79 -
9435_g               -            567 27360at5794          -            116    0.0015   18.5   0.0   1   3         1   2.3e+02    1.7   0.0    57    93   179   215   157   230 0.79 -
9435_g               -            567 27360at5794          -            116    0.0015   18.5   0.0   2   3      0.11        24    4.9   0.0    57    85   315   343   283   352 0.80 -
9435_g               -            567 27360at5794          -            116    0.0015   18.5   0.0   3   3     0.023       5.3    7.0   0.0    16    43   353   380   341   430 0.79 -
3027_g               -            287 27360at5794          -            116    0.0016   18.4   0.0   1   1   4.3e-05    0.0097   15.9   0.0    57   108   180   240   177   249 0.78 -
3708_g               -            287 27360at5794          -            116    0.0016   18.4   0.0   1   1   4.3e-05    0.0097   15.9   0.0    57   108   180   240   177   249 0.78 -
10741_g              -            352 27360at5794          -            116    0.0033   17.4   0.0   1   2      0.94   2.1e+02    1.9   0.0    18    42    52    74    35    76 0.72 -
10741_g              -            352 27360at5794          -            116    0.0033   17.4   0.0   2   2   0.00087       0.2   11.6   0.0    61    86   120   145   114   181 0.81 -
11538_g              -            352 27360at5794          -            116    0.0033   17.4   0.0   1   2      0.94   2.1e+02    1.9   0.0    18    42    52    74    35    76 0.72 -
11538_g              -            352 27360at5794          -            116    0.0033   17.4   0.0   2   2   0.00087       0.2   11.6   0.0    61    86   120   145   114   181 0.81 -
7393_g               -            146 27360at5794          -            116     0.004   17.1   0.0   1   1   3.6e-05    0.0081   16.1   0.0     5    45    45    86    41    98 0.86 -
7525_g               -            146 27360at5794          -            116     0.004   17.1   0.0   1   1   3.6e-05    0.0081   16.1   0.0     5    45    45    86    41    98 0.86 -
12435_g              -           2641 27360at5794          -            116    0.0063   16.4   1.1   1   2     0.044        10    6.1   0.0     3    39   241   278   239   282 0.87 -
12435_g              -           2641 27360at5794          -            116    0.0063   16.4   1.1   2   2     0.017       3.8    7.5   0.0     6    44   352   391   349   394 0.82 -
4744_g               -            305 27360at5794          -            116    0.0064   16.4   0.0   1   2       0.2        44    4.1   0.0    59    86    98   125    81   126 0.86 -
4744_g               -            305 27360at5794          -            116    0.0064   16.4   0.0   2   2   0.00016     0.036   14.0   0.0     2    40   119   157   118   176 0.87 -
5216_g               -            305 27360at5794          -            116    0.0064   16.4   0.0   1   2       0.2        44    4.1   0.0    59    86    98   125    81   126 0.86 -
5216_g               -            305 27360at5794          -            116    0.0064   16.4   0.0   2   2   0.00016     0.036   14.0   0.0     2    40   119   157   118   176 0.87 -
526_g                -            234 27360at5794          -            116     0.009   16.0   0.0   1   2       2.6   5.9e+02    0.4   0.0    58    81    35    58    33    96 0.63 -
526_g                -            234 27360at5794          -            116     0.009   16.0   0.0   2   2   0.00048      0.11   12.5   0.0    55   106   156   213   152   220 0.69 -
648_g                -            234 27360at5794          -            116     0.009   16.0   0.0   1   2       2.6   5.9e+02    0.4   0.0    58    81    35    58    33    96 0.63 -
648_g                -            234 27360at5794          -            116     0.009   16.0   0.0   2   2   0.00048      0.11   12.5   0.0    55   106   156   213   152   220 0.69 -
2969_g               -           2873 27360at5794          -            116     0.009   16.0   0.5   1   4       3.9   8.9e+02   -0.1   0.0    54    82  2153  2181  2135  2198 0.84 -
2969_g               -           2873 27360at5794          -            116     0.009   16.0   0.5   2   4       4.5     1e+03   -0.3   0.0    13    41  2190  2218  2183  2230 0.86 -
2969_g               -           2873 27360at5794          -            116     0.009   16.0   0.5   3   4      0.48   1.1e+02    2.8   0.0    51    80  2374  2406  2366  2413 0.79 -
2969_g               -           2873 27360at5794          -            116     0.009   16.0   0.5   4   4     0.041       9.3    6.2   0.0    14    39  2514  2539  2511  2563 0.86 -
3650_g               -           2873 27360at5794          -            116     0.009   16.0   0.5   1   4       3.9   8.9e+02   -0.1   0.0    54    82  2153  2181  2135  2198 0.84 -
3650_g               -           2873 27360at5794          -            116     0.009   16.0   0.5   2   4       4.5     1e+03   -0.3   0.0    13    41  2190  2218  2183  2230 0.86 -
3650_g               -           2873 27360at5794          -            116     0.009   16.0   0.5   3   4      0.48   1.1e+02    2.8   0.0    51    80  2374  2406  2366  2413 0.79 -
3650_g               -           2873 27360at5794          -            116     0.009   16.0   0.5   4   4     0.041       9.3    6.2   0.0    14    39  2514  2539  2511  2563 0.86 -
2933_g               -           1619 27360at5794          -            116     0.012   15.6   0.0   1   2   0.00032     0.073   13.0   0.0    46    88  1327  1369  1323  1374 0.91 -
2933_g               -           1619 27360at5794          -            116     0.012   15.6   0.0   2   2       7.7   1.7e+03   -1.1   0.0    86   109  1473  1496  1443  1498 0.69 -
3614_g               -           1619 27360at5794          -            116     0.012   15.6   0.0   1   2   0.00032     0.073   13.0   0.0    46    88  1327  1369  1323  1374 0.91 -
3614_g               -           1619 27360at5794          -            116     0.012   15.6   0.0   2   2       7.7   1.7e+03   -1.1   0.0    86   109  1473  1496  1443  1498 0.69 -
1967_g               -            554 27360at5794          -            116     0.016   15.2   0.0   1   2    0.0025      0.57   10.2   0.0    59    86    68    95    63   101 0.87 -
1967_g               -            554 27360at5794          -            116     0.016   15.2   0.0   2   2      0.66   1.5e+02    2.4   0.0    23    49   180   207   176   217 0.83 -
2294_g               -            602 27360at5794          -            116     0.018   15.0   0.0   1   2    0.0028      0.63   10.0   0.0    59    86   116   143   111   149 0.87 -
2294_g               -            602 27360at5794          -            116     0.018   15.0   0.0   2   2      0.73   1.7e+02    2.2   0.0    23    49   228   255   224   265 0.83 -
536_g                -            987 27360at5794          -            116     0.023   14.6   0.0   1   3       8.6   1.9e+03   -1.2   0.0    59    86   748   776   744   786 0.78 -
536_g                -            987 27360at5794          -            116     0.023   14.6   0.0   2   3       9.8   2.2e+03   -1.4   0.1     5    38   825   859   822   861 0.82 -
536_g                -            987 27360at5794          -            116     0.023   14.6   0.0   3   3    0.0061       1.4    8.9   0.0    63   109   909   960   901   967 0.52 -
638_g                -            987 27360at5794          -            116     0.023   14.6   0.0   1   3       8.6   1.9e+03   -1.2   0.0    59    86   748   776   744   786 0.78 -
638_g                -            987 27360at5794          -            116     0.023   14.6   0.0   2   3       9.8   2.2e+03   -1.4   0.1     5    38   825   859   822   861 0.82 -
638_g                -            987 27360at5794          -            116     0.023   14.6   0.0   3   3    0.0061       1.4    8.9   0.0    63   109   909   960   901   967 0.52 -
4663_g               -           2958 27360at5794          -            116     0.029   14.3   1.3   1   3       3.8   8.7e+02   -0.1   0.0    27    45  1788  1806  1786  1814 0.89 -
4663_g               -           2958 27360at5794          -            116     0.029   14.3   1.3   2   3     0.013       2.9    7.9   0.0    61    87  1945  1971  1933  1979 0.83 -
4663_g               -           2958 27360at5794          -            116     0.029   14.3   1.3   3   3     0.016       3.7    7.5   0.1     2    50  1964  2009  1963  2022 0.77 -
5135_g               -           2958 27360at5794          -            116     0.029   14.3   1.3   1   3       3.8   8.7e+02   -0.1   0.0    27    45  1788  1806  1786  1814 0.89 -
5135_g               -           2958 27360at5794          -            116     0.029   14.3   1.3   2   3     0.013       2.9    7.9   0.0    61    87  1945  1971  1933  1979 0.83 -
5135_g               -           2958 27360at5794          -            116     0.029   14.3   1.3   3   3     0.016       3.7    7.5   0.1     2    50  1964  2009  1963  2022 0.77 -
4162_g               -            929 27360at5794          -            116     0.047   13.6   0.0   1   2      0.43        97    3.0   0.0    59    87   319   347   316   350 0.88 -
4162_g               -            929 27360at5794          -            116     0.047   13.6   0.0   2   2   0.00057      0.13   12.2   0.0     2    45   340   383   339   389 0.95 -
8942_g               -            929 27360at5794          -            116     0.047   13.6   0.0   1   2      0.43        97    3.0   0.0    59    87   319   347   316   350 0.88 -
8942_g               -            929 27360at5794          -            116     0.047   13.6   0.0   2   2   0.00057      0.13   12.2   0.0     2    45   340   383   339   389 0.95 -
6976_g               -            367 27360at5794          -            116     0.082   12.9   0.2   1   2     0.053        12    5.9   0.1    28    87   248   307   235   312 0.79 -
6976_g               -            367 27360at5794          -            116     0.082   12.9   0.2   2   2     0.092        21    5.1   0.0    17    43   316   342   308   348 0.87 -
7936_g               -            367 27360at5794          -            116     0.082   12.9   0.2   1   2     0.053        12    5.9   0.1    28    87   248   307   235   312 0.79 -
7936_g               -            367 27360at5794          -            116     0.082   12.9   0.2   2   2     0.092        21    5.1   0.0    17    43   316   342   308   348 0.87 -
2713_g               -            268 27360at5794          -            116      0.16   11.9   0.0   1   1    0.0012      0.27   11.2   0.0     2    40    85   124    84   129 0.86 -
3394_g               -            268 27360at5794          -            116      0.16   11.9   0.0   1   1    0.0012      0.27   11.2   0.0     2    40    85   124    84   129 0.86 -
#
# Program:         hmmsearch
# Version:         3.1b2 (February 2015)
# Pipeline mode:   SEARCH
# Query file:      /mnt/e/Bioinformatics/Semester2/BINP29/Malaria Project/Genomes/Parsed/busco_downloads/lineages/apicomplexa_odb10/hmms/27360at5794.hmm
# Target file:     /mnt/e/Bioinformatics/Semester2/BINP29/Malaria Project/Genomes/Parsed/Tg_new.faa
# Option settings: hmmsearch --domtblout /mnt/e/Bioinformatics/Semester2/BINP29/Malaria Project/Genomes/Parsed/Tg/run_apicomplexa_odb10/hmmer_output/initial_run_results/27360at5794.out --cpu 1 /mnt/e/Bioinformatics/Semester2/BINP29/Malaria Project/Genomes/Parsed/busco_downloads/lineages/apicomplexa_odb10/hmms/27360at5794.hmm /mnt/e/Bioinformatics/Semester2/BINP29/Malaria Project/Genomes/Parsed/Tg_new.faa 
# Current dir:     /mnt/e/Bioinformatics/Semester2/BINP29/Malaria Project/Genomes/Parsed
# Date:            Wed Mar  1 19:35:26 2023
# [ok]
