#                                                                            --- full sequence --- -------------- this domain -------------   hmm coord   ali coord   env coord
# target name        accession   tlen query name           accession   qlen   E-value  score  bias   #  of  c-Evalue  i-Evalue  score  bias  from    to  from    to  from    to  acc description of target
#------------------- ---------- ----- -------------------- ---------- ----- --------- ------ ----- --- --- --------- --------- ------ ----- ----- ----- ----- ----- ----- ----- ---- ---------------------
10091_g              -           3876 274at5794            -           1965         0 2185.8  52.3   1   6  3.7e-272  2.9e-268  893.0  17.5     1   890    45  1126    45  1137 0.83 -
10091_g              -           3876 274at5794            -           1965         0 2185.8  52.3   2   6   7.4e-76   5.9e-72  242.1   0.3   889  1132  1296  1598  1288  1655 0.83 -
10091_g              -           3876 274at5794            -           1965         0 2185.8  52.3   3   6   2.4e-13   1.9e-09   34.8   3.0  1165  1251  1820  1955  1753  1975 0.67 -
10091_g              -           3876 274at5794            -           1965         0 2185.8  52.3   4   6     7e-99   5.6e-95  318.5   1.2  1264  1463  2029  2245  2014  2253 0.91 -
10091_g              -           3876 274at5794            -           1965         0 2185.8  52.3   5   6  1.5e-121  1.2e-117  393.6   1.3  1462  1707  2277  2535  2269  2549 0.94 -
10091_g              -           3876 274at5794            -           1965         0 2185.8  52.3   6   6   4.8e-98   3.8e-94  315.7   0.0  1700  1954  2586  2879  2583  2882 0.87 -
12430_g              -           3827 274at5794            -           1965         0 2088.0  49.5   1   6  1.8e-243  1.4e-239  797.9  14.7    96   890   126  1077   114  1088 0.84 -
12430_g              -           3827 274at5794            -           1965         0 2088.0  49.5   2   6   7.2e-76   5.8e-72  242.1   0.3   889  1132  1247  1549  1239  1606 0.83 -
12430_g              -           3827 274at5794            -           1965         0 2088.0  49.5   3   6   2.4e-13   1.9e-09   34.8   3.0  1165  1251  1771  1906  1704  1926 0.67 -
12430_g              -           3827 274at5794            -           1965         0 2088.0  49.5   4   6   6.9e-99   5.5e-95  318.5   1.2  1264  1463  1980  2196  1965  2204 0.91 -
12430_g              -           3827 274at5794            -           1965         0 2088.0  49.5   5   6  1.5e-121  1.2e-117  393.7   1.3  1462  1707  2228  2486  2220  2500 0.94 -
12430_g              -           3827 274at5794            -           1965         0 2088.0  49.5   6   6   4.8e-98   3.8e-94  315.7   0.0  1700  1954  2537  2830  2534  2833 0.87 -
#
# Program:         hmmsearch
# Version:         3.1b2 (February 2015)
# Pipeline mode:   SEARCH
# Query file:      /mnt/e/Bioinformatics/Semester2/BINP29/Malaria Project/Genomes/Parsed/busco_downloads/lineages/apicomplexa_odb10/hmms/274at5794.hmm
# Target file:     /mnt/e/Bioinformatics/Semester2/BINP29/Malaria Project/Genomes/Parsed/Tg_new.faa
# Option settings: hmmsearch --domtblout /mnt/e/Bioinformatics/Semester2/BINP29/Malaria Project/Genomes/Parsed/Tg/run_apicomplexa_odb10/hmmer_output/initial_run_results/274at5794.out --cpu 1 /mnt/e/Bioinformatics/Semester2/BINP29/Malaria Project/Genomes/Parsed/busco_downloads/lineages/apicomplexa_odb10/hmms/274at5794.hmm /mnt/e/Bioinformatics/Semester2/BINP29/Malaria Project/Genomes/Parsed/Tg_new.faa 
# Current dir:     /mnt/e/Bioinformatics/Semester2/BINP29/Malaria Project/Genomes/Parsed
# Date:            Wed Mar  1 19:35:29 2023
# [ok]
