#                                                                            --- full sequence --- -------------- this domain -------------   hmm coord   ali coord   env coord
# target name        accession   tlen query name           accession   qlen   E-value  score  bias   #  of  c-Evalue  i-Evalue  score  bias  from    to  from    to  from    to  acc description of target
#------------------- ---------- ----- -------------------- ---------- ----- --------- ------ ----- --- --- --------- --------- ------ ----- ----- ----- ----- ----- ----- ----- ---- ---------------------
5606_g               -            493 28533at5794          -            141   1.7e-21   76.1   0.0   1   2   1.5e-16   4.1e-14   52.2   0.0    29    65    68   104    64   112 0.94 -
5606_g               -            493 28533at5794          -            141   1.7e-21   76.1   0.0   2   2   4.9e-07   0.00013   21.4   0.0    98   132   218   252   214   261 0.86 -
13398_g              -            769 28533at5794          -            141   3.2e-19   68.8   0.7   1   4   4.5e-05     0.012   15.0   0.0    27    84    84   142    81   152 0.85 -
13398_g              -            769 28533at5794          -            141   3.2e-19   68.8   0.7   2   4   4.7e-10   1.3e-07   31.1   0.1    27    91   172   236   162   243 0.93 -
13398_g              -            769 28533at5794          -            141   3.2e-19   68.8   0.7   3   4     0.008       2.2    7.7   0.0    39   118   275   352   252   379 0.73 -
13398_g              -            769 28533at5794          -            141   3.2e-19   68.8   0.7   4   4    0.0015      0.41   10.1   0.0    27    83   389   445   372   454 0.88 -
9270_g               -            769 28533at5794          -            141   3.2e-19   68.8   0.7   1   4   4.5e-05     0.012   15.0   0.0    27    84    84   142    81   152 0.85 -
9270_g               -            769 28533at5794          -            141   3.2e-19   68.8   0.7   2   4   4.7e-10   1.3e-07   31.1   0.1    27    91   172   236   162   243 0.93 -
9270_g               -            769 28533at5794          -            141   3.2e-19   68.8   0.7   3   4     0.008       2.2    7.7   0.0    39   118   275   352   252   379 0.73 -
9270_g               -            769 28533at5794          -            141   3.2e-19   68.8   0.7   4   4    0.0015      0.41   10.1   0.0    27    83   389   445   372   454 0.88 -
6642_g               -            503 28533at5794          -            141   3.2e-17   62.3   0.0   1   2   2.8e-12   7.5e-10   38.4   0.0    29    58    68    97    64   104 0.91 -
6642_g               -            503 28533at5794          -            141   3.2e-17   62.3   0.0   2   2     5e-07   0.00014   21.3   0.0    98   132   228   262   224   271 0.86 -
570_g                -            522 28533at5794          -            141   3.3e-16   59.0   0.0   1   3    0.0068       1.9    7.9   0.0    28    93    39   105    29   131 0.81 -
570_g                -            522 28533at5794          -            141   3.3e-16   59.0   0.0   2   3     6e-06    0.0017   17.8   0.0    23    88   134   200   126   207 0.86 -
570_g                -            522 28533at5794          -            141   3.3e-16   59.0   0.0   3   3   1.6e-09   4.3e-07   29.4   0.0    26    97   391   464   373   484 0.88 -
603_g                -            522 28533at5794          -            141   3.3e-16   59.0   0.0   1   3    0.0068       1.9    7.9   0.0    28    93    39   105    29   131 0.81 -
603_g                -            522 28533at5794          -            141   3.3e-16   59.0   0.0   2   3     6e-06    0.0017   17.8   0.0    23    88   134   200   126   207 0.86 -
603_g                -            522 28533at5794          -            141   3.3e-16   59.0   0.0   3   3   1.6e-09   4.3e-07   29.4   0.0    26    97   391   464   373   484 0.88 -
4893_g               -            618 28533at5794          -            141   1.3e-14   53.8   0.0   1   2   4.9e-11   1.3e-08   34.3   0.0    21    93    70   141    57   148 0.87 -
4893_g               -            618 28533at5794          -            141   1.3e-14   53.8   0.0   2   2   9.2e-06    0.0025   17.2   0.0    25    95   248   320   225   326 0.84 -
5365_g               -            618 28533at5794          -            141   1.3e-14   53.8   0.0   1   2   4.9e-11   1.3e-08   34.3   0.0    21    93    70   141    57   148 0.87 -
5365_g               -            618 28533at5794          -            141   1.3e-14   53.8   0.0   2   2   9.2e-06    0.0025   17.2   0.0    25    95   248   320   225   326 0.84 -
1911_g               -           1217 28533at5794          -            141   3.8e-13   49.1   0.0   1   3   3.4e-06   0.00094   18.6   0.0    29    91   248   310   243   330 0.87 -
1911_g               -           1217 28533at5794          -            141   3.8e-13   49.1   0.0   2   3   3.6e-05    0.0099   15.3   0.0    46    97   411   463   401   483 0.81 -
1911_g               -           1217 28533at5794          -            141   3.8e-13   49.1   0.0   3   3   0.00077      0.21   11.0   0.0    25    97   726   800   711   835 0.80 -
2350_g               -           1217 28533at5794          -            141   3.8e-13   49.1   0.0   1   3   3.4e-06   0.00094   18.6   0.0    29    91   248   310   243   330 0.87 -
2350_g               -           1217 28533at5794          -            141   3.8e-13   49.1   0.0   2   3   3.6e-05    0.0099   15.3   0.0    46    97   411   463   401   483 0.81 -
2350_g               -           1217 28533at5794          -            141   3.8e-13   49.1   0.0   3   3   0.00077      0.21   11.0   0.0    25    97   726   800   711   835 0.80 -
7431_g               -           1492 28533at5794          -            141   7.8e-13   48.1   0.0   1   3       2.9   7.8e+02   -0.6   0.0    29    63   760   794   757   806 0.86 -
7431_g               -           1492 28533at5794          -            141   7.8e-13   48.1   0.0   2   3     2e-05    0.0053   16.2   0.0    26    94   860   929   857   952 0.92 -
7431_g               -           1492 28533at5794          -            141   7.8e-13   48.1   0.0   3   3   5.5e-09   1.5e-06   27.7   0.0    28    94  1065  1132  1062  1166 0.86 -
7489_g               -           1492 28533at5794          -            141   7.8e-13   48.1   0.0   1   3       2.9   7.8e+02   -0.6   0.0    29    63   760   794   757   806 0.86 -
7489_g               -           1492 28533at5794          -            141   7.8e-13   48.1   0.0   2   3     2e-05    0.0053   16.2   0.0    26    94   860   929   857   952 0.92 -
7489_g               -           1492 28533at5794          -            141   7.8e-13   48.1   0.0   3   3   5.5e-09   1.5e-06   27.7   0.0    28    94  1065  1132  1062  1166 0.86 -
2636_g               -            543 28533at5794          -            141   2.5e-11   43.2   0.0   1   2     5e-05     0.014   14.8   0.0    29    73   162   207   158   230 0.84 -
2636_g               -            543 28533at5794          -            141   2.5e-11   43.2   0.0   2   2   1.8e-08   5.1e-06   26.0   0.0    28    78   245   296   234   309 0.92 -
3317_g               -            543 28533at5794          -            141   2.5e-11   43.2   0.0   1   2     5e-05     0.014   14.8   0.0    29    73   162   207   158   230 0.84 -
3317_g               -            543 28533at5794          -            141   2.5e-11   43.2   0.0   2   2   1.8e-08   5.1e-06   26.0   0.0    28    78   245   296   234   309 0.92 -
10085_g              -            618 28533at5794          -            141   5.3e-11   42.1   0.0   1   2   1.4e-05     0.004   16.6   0.0     6    89   198   282   194   314 0.84 -
10085_g              -            618 28533at5794          -            141   5.3e-11   42.1   0.0   2   2   1.3e-07   3.7e-05   23.2   0.0    28    99   326   402   323   420 0.85 -
579_g                -            436 28533at5794          -            141   1.1e-10   41.1   0.1   1   2   4.3e-05     0.012   15.1   0.0    28    93     8    73     3    77 0.92 -
579_g                -            436 28533at5794          -            141   1.1e-10   41.1   0.1   2   2   9.1e-08   2.5e-05   23.7   0.0    26    90   203   267   198   276 0.93 -
594_g                -            436 28533at5794          -            141   1.1e-10   41.1   0.1   1   2   4.3e-05     0.012   15.1   0.0    28    93     8    73     3    77 0.92 -
594_g                -            436 28533at5794          -            141   1.1e-10   41.1   0.1   2   2   9.1e-08   2.5e-05   23.7   0.0    26    90   203   267   198   276 0.93 -
12633_g              -            459 28533at5794          -            141   1.4e-10   40.8   0.0   1   2   6.5e-08   1.8e-05   24.2   0.1    25    82    94   152    76   169 0.86 -
12633_g              -            459 28533at5794          -            141   1.4e-10   40.8   0.0   2   2   6.8e-05     0.019   14.4   0.0    26    76   187   239   177   251 0.86 -
9890_g               -            459 28533at5794          -            141   1.4e-10   40.8   0.0   1   2   6.5e-08   1.8e-05   24.2   0.1    25    82    94   152    76   169 0.86 -
9890_g               -            459 28533at5794          -            141   1.4e-10   40.8   0.0   2   2   6.8e-05     0.019   14.4   0.0    26    76   187   239   177   251 0.86 -
12435_g              -           2641 28533at5794          -            141   1.8e-09   37.1   0.0   1   2   9.4e-05     0.026   14.0   0.0     6    89   198   282   194   313 0.84 -
12435_g              -           2641 28533at5794          -            141   1.8e-09   37.1   0.0   2   2   8.3e-07   0.00023   20.6   0.0    28    99   326   402   323   419 0.85 -
5605_g               -             77 28533at5794          -            141   2.2e-09   36.8   0.1   1   1     1e-11   2.8e-09   36.5   0.1     1    34    19    57    19    62 0.85 -
6643_g               -             77 28533at5794          -            141   2.2e-09   36.8   0.1   1   1     1e-11   2.8e-09   36.5   0.1     1    34    19    57    19    62 0.85 -
1989_g               -           1149 28533at5794          -            141   6.1e-09   35.4   0.0   1   3    0.0046       1.3    8.5   0.0    22    88   199   265   196   307 0.81 -
1989_g               -           1149 28533at5794          -            141   6.1e-09   35.4   0.0   2   3     0.011       2.9    7.3   0.0    30    91   479   541   474   547 0.80 -
1989_g               -           1149 28533at5794          -            141   6.1e-09   35.4   0.0   3   3   5.4e-05     0.015   14.7   0.0    24    94  1060  1130  1051  1142 0.91 -
2271_g               -           1149 28533at5794          -            141   6.1e-09   35.4   0.0   1   3    0.0046       1.3    8.5   0.0    22    88   199   265   196   307 0.81 -
2271_g               -           1149 28533at5794          -            141   6.1e-09   35.4   0.0   2   3     0.011       2.9    7.3   0.0    30    91   479   541   474   547 0.80 -
2271_g               -           1149 28533at5794          -            141   6.1e-09   35.4   0.0   3   3   5.4e-05     0.015   14.7   0.0    24    94  1060  1130  1051  1142 0.91 -
4828_g               -           1047 28533at5794          -            141   1.1e-08   34.6   0.0   1   2   0.00048      0.13   11.7   0.0    40    74    33    68    22    88 0.86 -
4828_g               -           1047 28533at5794          -            141   1.1e-08   34.6   0.0   2   2   1.2e-06   0.00033   20.1   0.0    28    97   703   774   699   792 0.89 -
5300_g               -           1047 28533at5794          -            141   1.1e-08   34.6   0.0   1   2   0.00048      0.13   11.7   0.0    40    74    33    68    22    88 0.86 -
5300_g               -           1047 28533at5794          -            141   1.1e-08   34.6   0.0   2   2   1.2e-06   0.00033   20.1   0.0    28    97   703   774   699   792 0.89 -
13381_g              -            525 28533at5794          -            141   3.1e-07   29.9   0.0   1   2       5.5   1.5e+03   -1.5   0.0    26    50    29    53    23    72 0.78 -
13381_g              -            525 28533at5794          -            141   3.1e-07   29.9   0.0   2   2   3.6e-09   9.9e-07   28.3   0.0    25    94   100   170    75   192 0.86 -
9287_g               -            525 28533at5794          -            141   3.1e-07   29.9   0.0   1   2       5.5   1.5e+03   -1.5   0.0    26    50    29    53    23    72 0.78 -
9287_g               -            525 28533at5794          -            141   3.1e-07   29.9   0.0   2   2   3.6e-09   9.9e-07   28.3   0.0    25    94   100   170    75   192 0.86 -
4150_g               -            873 28533at5794          -            141   1.2e-06   28.1   0.0   1   1     8e-09   2.2e-06   27.1   0.0    26    99   658   734   639   749 0.83 -
8930_g               -            873 28533at5794          -            141   1.2e-06   28.1   0.0   1   1     8e-09   2.2e-06   27.1   0.0    26    99   658   734   639   749 0.83 -
13232_g              -            567 28533at5794          -            141   3.8e-06   26.4   0.0   1   2       3.9   1.1e+03   -1.0   0.0    65    84   238   257   233   279 0.77 -
13232_g              -            567 28533at5794          -            141   3.8e-06   26.4   0.0   2   2   7.7e-08   2.1e-05   24.0   0.0    26    89   317   381   294   395 0.85 -
9435_g               -            567 28533at5794          -            141   3.8e-06   26.4   0.0   1   2       3.9   1.1e+03   -1.0   0.0    65    84   238   257   233   279 0.77 -
9435_g               -            567 28533at5794          -            141   3.8e-06   26.4   0.0   2   2   7.7e-08   2.1e-05   24.0   0.0    26    89   317   381   294   395 0.85 -
10741_g              -            352 28533at5794          -            141   3.2e-05   23.4   0.0   1   1   1.7e-07   4.7e-05   22.8   0.0    25    79    14    66    12    76 0.88 -
11538_g              -            352 28533at5794          -            141   3.2e-05   23.4   0.0   1   1   1.7e-07   4.7e-05   22.8   0.0    25    79    14    66    12    76 0.88 -
4744_g               -            305 28533at5794          -            141     5e-05   22.8   0.0   1   1   2.9e-07   7.8e-05   22.1   0.0    28    94   100   166    97   181 0.91 -
5216_g               -            305 28533at5794          -            141     5e-05   22.8   0.0   1   1   2.9e-07   7.8e-05   22.1   0.0    28    94   100   166    97   181 0.91 -
7393_g               -            146 28533at5794          -            141     7e-05   22.3   0.0   1   1   3.5e-07   9.5e-05   21.8   0.0    28    97    23    94    17    99 0.92 -
7525_g               -            146 28533at5794          -            141     7e-05   22.3   0.0   1   1   3.5e-07   9.5e-05   21.8   0.0    28    97    23    94    17    99 0.92 -
4162_g               -            929 28533at5794          -            141    0.0003   20.2   0.0   1   1   1.9e-06   0.00051   19.5   0.0    28   112   321   406   306   413 0.90 -
8942_g               -            929 28533at5794          -            141    0.0003   20.2   0.0   1   1   1.9e-06   0.00051   19.5   0.0    28   112   321   406   306   413 0.90 -
279_g                -           2703 28533at5794          -            141   0.00084   18.8   0.0   1   1   6.2e-06    0.0017   17.8   0.0    20    88   329   398   318   411 0.88 -
6976_g               -            367 28533at5794          -            141     0.001   18.5   0.0   1   1   5.5e-06    0.0015   17.9   0.0    28    98   281   353   261   364 0.85 -
7936_g               -            367 28533at5794          -            141     0.001   18.5   0.0   1   1   5.5e-06    0.0015   17.9   0.0    28    98   281   353   261   364 0.85 -
112_g                -           3411 28533at5794          -            141    0.0011   18.4   0.0   1   1     8e-06    0.0022   17.4   0.0    20    88  1037  1106  1026  1119 0.88 -
3027_g               -            287 28533at5794          -            141    0.0013   18.1   0.1   1   1     7e-06    0.0019   17.6   0.1    25    95   181   249   179   279 0.83 -
3708_g               -            287 28533at5794          -            141    0.0013   18.1   0.1   1   1     7e-06    0.0019   17.6   0.1    25    95   181   249   179   279 0.83 -
116_g                -           1314 28533at5794          -            141    0.0028   17.1   0.0   1   1   1.8e-05    0.0051   16.2   0.0    22    93    17    87    11    96 0.90 -
275_g                -           2636 28533at5794          -            141    0.0061   16.0   0.0   1   1   4.1e-05     0.011   15.1   0.0    22    93    17    87    11    96 0.90 -
13278_g              -            620 28533at5794          -            141     0.011   15.1   0.0   1   1   7.1e-05     0.019   14.4   0.0    27    84   207   264   192   272 0.89 -
9391_g               -            654 28533at5794          -            141     0.012   15.0   0.0   1   1   7.6e-05     0.021   14.3   0.0    27    84   241   298   226   306 0.89 -
5689_g               -            253 28533at5794          -            141     0.016   14.6   0.0   1   1    0.0001     0.028   13.9   0.0    25   119    21   113    16   116 0.91 -
6558_g               -            253 28533at5794          -            141     0.016   14.6   0.0   1   1    0.0001     0.028   13.9   0.0    25   119    21   113    16   116 0.91 -
4144_g               -            994 28533at5794          -            141      0.13   11.7   0.0   1   1   0.00086      0.24   10.8   0.0    28    78   174   225   169   238 0.85 -
8924_g               -            994 28533at5794          -            141      0.13   11.7   0.0   1   1   0.00086      0.24   10.8   0.0    28    78   174   225   169   238 0.85 -
13609_g              -            732 28533at5794          -            141      0.15   11.5   0.0   1   1    0.0013      0.36   10.2   0.0    47   102   522   579   519   600 0.78 -
9054_g               -            732 28533at5794          -            141      0.15   11.5   0.0   1   1    0.0013      0.36   10.2   0.0    47   102   522   579   519   600 0.78 -
2713_g               -            268 28533at5794          -            141      0.18   11.2   0.0   1   1   0.00096      0.26   10.7   0.0    23    75    61   114    40   124 0.87 -
3394_g               -            268 28533at5794          -            141      0.18   11.2   0.0   1   1   0.00096      0.26   10.7   0.0    23    75    61   114    40   124 0.87 -
#
# Program:         hmmsearch
# Version:         3.1b2 (February 2015)
# Pipeline mode:   SEARCH
# Query file:      /mnt/e/Bioinformatics/Semester2/BINP29/Malaria Project/Genomes/Parsed/busco_downloads/lineages/apicomplexa_odb10/hmms/28533at5794.hmm
# Target file:     /mnt/e/Bioinformatics/Semester2/BINP29/Malaria Project/Genomes/Parsed/Tg_new.faa
# Option settings: hmmsearch --domtblout /mnt/e/Bioinformatics/Semester2/BINP29/Malaria Project/Genomes/Parsed/Tg/run_apicomplexa_odb10/hmmer_output/initial_run_results/28533at5794.out --cpu 1 /mnt/e/Bioinformatics/Semester2/BINP29/Malaria Project/Genomes/Parsed/busco_downloads/lineages/apicomplexa_odb10/hmms/28533at5794.hmm /mnt/e/Bioinformatics/Semester2/BINP29/Malaria Project/Genomes/Parsed/Tg_new.faa 
# Current dir:     /mnt/e/Bioinformatics/Semester2/BINP29/Malaria Project/Genomes/Parsed
# Date:            Wed Mar  1 19:35:32 2023
# [ok]
