#                                                                            --- full sequence --- -------------- this domain -------------   hmm coord   ali coord   env coord
# target name        accession   tlen query name           accession   qlen   E-value  score  bias   #  of  c-Evalue  i-Evalue  score  bias  from    to  from    to  from    to  acc description of target
#------------------- ---------- ----- -------------------- ---------- ----- --------- ------ ----- --- --- --------- --------- ------ ----- ----- ----- ----- ----- ----- ----- ---- ---------------------
1935_g               -            417 28878at5794          -            122     1e-74  248.2   0.6   1   1   2.9e-77   1.7e-74  247.6   0.6     1   121   270   397   270   398 0.96 -
2326_g               -            417 28878at5794          -            122     1e-74  248.2   0.6   1   1   2.9e-77   1.7e-74  247.6   0.6     1   121   270   397   270   398 0.96 -
4664_g               -            156 28878at5794          -            122     1e-31  109.4   0.0   1   1   2.3e-34   1.3e-31  109.0   0.0     4   121     5   129     2   130 0.94 -
5136_g               -            156 28878at5794          -            122     1e-31  109.4   0.0   1   1   2.3e-34   1.3e-31  109.0   0.0     4   121     5   129     2   130 0.94 -
5615_g               -            446 28878at5794          -            122     9e-30  103.1   0.1   1   1   2.8e-32   1.6e-29  102.3   0.1     4   120   289   412   286   414 0.93 -
6631_g               -            446 28878at5794          -            122     9e-30  103.1   0.1   1   1   2.8e-32   1.6e-29  102.3   0.1     4   120   289   412   286   414 0.93 -
13194_g              -            494 28878at5794          -            122   8.7e-26   90.3   0.3   1   2   1.1e-13   6.1e-11   42.3   0.0    17    74   271   335   249   344 0.84 -
13194_g              -            494 28878at5794          -            122   8.7e-26   90.3   0.3   2   2   8.6e-15   4.9e-12   45.9   0.1    71   120   380   429   365   431 0.90 -
9472_g               -            494 28878at5794          -            122   8.7e-26   90.3   0.3   1   2   1.1e-13   6.1e-11   42.3   0.0    17    74   271   335   249   344 0.84 -
9472_g               -            494 28878at5794          -            122   8.7e-26   90.3   0.3   2   2   8.6e-15   4.9e-12   45.9   0.1    71   120   380   429   365   431 0.90 -
4608_g               -            399 28878at5794          -            122   1.4e-19   70.2   0.0   1   1   5.3e-22     3e-19   69.2   0.0    27   120   282   381   262   383 0.81 -
5080_g               -            399 28878at5794          -            122   1.4e-19   70.2   0.0   1   1   5.3e-22     3e-19   69.2   0.0    27   120   282   381   262   383 0.81 -
465_g                -            612 28878at5794          -            122   4.7e-16   58.8   0.1   1   2      0.64   3.7e+02    1.1   0.0     3    40   379   423   377   434 0.68 -
465_g                -            612 28878at5794          -            122   4.7e-16   58.8   0.1   2   2   1.6e-17     9e-15   54.7   0.0    41   115   506   584   484   591 0.86 -
708_g                -            612 28878at5794          -            122   4.7e-16   58.8   0.1   1   2      0.64   3.7e+02    1.1   0.0     3    40   379   423   377   434 0.68 -
708_g                -            612 28878at5794          -            122   4.7e-16   58.8   0.1   2   2   1.6e-17     9e-15   54.7   0.0    41   115   506   584   484   591 0.86 -
10553_g              -            238 28878at5794          -            122   2.8e-14   53.1   0.1   1   1   7.5e-17   4.3e-14   52.5   0.1    41   120    53   136    35   138 0.87 -
11350_g              -            238 28878at5794          -            122   2.8e-14   53.1   0.1   1   1   7.5e-17   4.3e-14   52.5   0.1    41   120    53   136    35   138 0.87 -
4889_g               -           1145 28878at5794          -            122   1.1e-12   48.0   0.0   1   2   5.9e-11   3.4e-08   33.5   0.0     6    74   237   315   232   320 0.85 -
4889_g               -           1145 28878at5794          -            122   1.1e-12   48.0   0.0   2   2   0.00031      0.18   11.8   0.0    83   121   371   409   336   410 0.84 -
5361_g               -           1145 28878at5794          -            122   1.1e-12   48.0   0.0   1   2   5.9e-11   3.4e-08   33.5   0.0     6    74   237   315   232   320 0.85 -
5361_g               -           1145 28878at5794          -            122   1.1e-12   48.0   0.0   2   2   0.00031      0.18   11.8   0.0    83   121   371   409   336   410 0.84 -
5891_g               -            644 28878at5794          -            122   3.7e-07   30.1   0.1   1   2      0.47   2.7e+02    1.5   0.0    27    60   165   203   149   223 0.72 -
5891_g               -            644 28878at5794          -            122   3.7e-07   30.1   0.1   2   2   1.2e-08   6.8e-06   26.0   0.0    67   106   364   403   346   415 0.83 -
6359_g               -            644 28878at5794          -            122   3.7e-07   30.1   0.1   1   2      0.47   2.7e+02    1.5   0.0    27    60   165   203   149   223 0.72 -
6359_g               -            644 28878at5794          -            122   3.7e-07   30.1   0.1   2   2   1.2e-08   6.8e-06   26.0   0.0    67   106   364   403   346   415 0.83 -
11206_g              -            918 28878at5794          -            122   1.1e-05   25.4   0.0   1   1   3.9e-08   2.2e-05   24.4   0.0     3   101    25   132    23   141 0.82 -
12003_g              -            918 28878at5794          -            122   1.1e-05   25.4   0.0   1   1   3.9e-08   2.2e-05   24.4   0.0     3   101    25   132    23   141 0.82 -
4639_g               -            121 28878at5794          -            122   0.00057   19.8   0.0   1   1   1.6e-06   0.00091   19.2   0.0    41    78    49    89    43    93 0.83 -
5111_g               -            121 28878at5794          -            122   0.00057   19.8   0.0   1   1   1.6e-06   0.00091   19.2   0.0    41    78    49    89    43    93 0.83 -
5564_g               -            303 28878at5794          -            122   0.00068   19.6   0.1   1   1   1.8e-06     0.001   19.0   0.1    10    73    87   156    79   189 0.81 -
6684_g               -            303 28878at5794          -            122   0.00068   19.6   0.1   1   1   1.8e-06     0.001   19.0   0.1    10    73    87   156    79   189 0.81 -
9889_g               -            152 28878at5794          -            122     0.015   15.2   0.0   1   1   2.9e-05     0.016   15.1   0.0    30    78    52   107    24   144 0.80 -
11158_g              -            516 28878at5794          -            122     0.023   14.6   0.0   1   1   7.8e-05     0.045   13.7   0.0    40    78   155   193   130   200 0.77 -
11955_g              -            516 28878at5794          -            122     0.023   14.6   0.0   1   1   7.8e-05     0.045   13.7   0.0    40    78   155   193   130   200 0.77 -
12634_g              -            135 28878at5794          -            122     0.046   13.7   0.0   1   1   9.9e-05     0.056   13.4   0.0    30    75    52   104    23   107 0.81 -
#
# Program:         hmmsearch
# Version:         3.1b2 (February 2015)
# Pipeline mode:   SEARCH
# Query file:      /mnt/e/Bioinformatics/Semester2/BINP29/Malaria Project/Genomes/Parsed/busco_downloads/lineages/apicomplexa_odb10/hmms/28878at5794.hmm
# Target file:     /mnt/e/Bioinformatics/Semester2/BINP29/Malaria Project/Genomes/Parsed/Tg_new.faa
# Option settings: hmmsearch --domtblout /mnt/e/Bioinformatics/Semester2/BINP29/Malaria Project/Genomes/Parsed/Tg/run_apicomplexa_odb10/hmmer_output/initial_run_results/28878at5794.out --cpu 1 /mnt/e/Bioinformatics/Semester2/BINP29/Malaria Project/Genomes/Parsed/busco_downloads/lineages/apicomplexa_odb10/hmms/28878at5794.hmm /mnt/e/Bioinformatics/Semester2/BINP29/Malaria Project/Genomes/Parsed/Tg_new.faa 
# Current dir:     /mnt/e/Bioinformatics/Semester2/BINP29/Malaria Project/Genomes/Parsed
# Date:            Wed Mar  1 19:35:33 2023
# [ok]
