#                                                                            --- full sequence --- -------------- this domain -------------   hmm coord   ali coord   env coord
# target name        accession   tlen query name           accession   qlen   E-value  score  bias   #  of  c-Evalue  i-Evalue  score  bias  from    to  from    to  from    to  acc description of target
#------------------- ---------- ----- -------------------- ---------- ----- --------- ------ ----- --- --- --------- --------- ------ ----- ----- ----- ----- ----- ----- ----- ---- ---------------------
10540_g              -            339 29369at5794          -            132   1.4e-45  154.5   8.4   1   3   3.5e-49   1.4e-45  154.5   8.4     1    89     8   100     8   110 0.97 -
10540_g              -            339 29369at5794          -            132   1.4e-45  154.5   8.4   2   3       1.5   6.1e+03   -2.9   0.0    28    54   142   167   133   183 0.65 -
10540_g              -            339 29369at5794          -            132   1.4e-45  154.5   8.4   3   3      0.34   1.3e+03   -0.8   0.1    31    68   282   320   267   324 0.68 -
11337_g              -            339 29369at5794          -            132   1.4e-45  154.5   8.4   1   3   3.5e-49   1.4e-45  154.5   8.4     1    89     8   100     8   110 0.97 -
11337_g              -            339 29369at5794          -            132   1.4e-45  154.5   8.4   2   3       1.5   6.1e+03   -2.9   0.0    28    54   142   167   133   183 0.65 -
11337_g              -            339 29369at5794          -            132   1.4e-45  154.5   8.4   3   3      0.34   1.3e+03   -0.8   0.1    31    68   282   320   267   324 0.68 -
5767_g               -            129 29369at5794          -            132   1.6e-37  128.4   0.6   1   1   4.8e-41   1.9e-37  128.2   0.6    19   130     3   118     1   120 0.89 -
6481_g               -            129 29369at5794          -            132   1.6e-37  128.4   0.6   1   1   4.8e-41   1.9e-37  128.2   0.6    19   130     3   118     1   120 0.89 -
#
# Program:         hmmsearch
# Version:         3.1b2 (February 2015)
# Pipeline mode:   SEARCH
# Query file:      /mnt/e/Bioinformatics/Semester2/BINP29/Malaria Project/Genomes/Parsed/busco_downloads/lineages/apicomplexa_odb10/hmms/29369at5794.hmm
# Target file:     /mnt/e/Bioinformatics/Semester2/BINP29/Malaria Project/Genomes/Parsed/Tg_new.faa
# Option settings: hmmsearch --domtblout /mnt/e/Bioinformatics/Semester2/BINP29/Malaria Project/Genomes/Parsed/Tg/run_apicomplexa_odb10/hmmer_output/initial_run_results/29369at5794.out --cpu 1 /mnt/e/Bioinformatics/Semester2/BINP29/Malaria Project/Genomes/Parsed/busco_downloads/lineages/apicomplexa_odb10/hmms/29369at5794.hmm /mnt/e/Bioinformatics/Semester2/BINP29/Malaria Project/Genomes/Parsed/Tg_new.faa 
# Current dir:     /mnt/e/Bioinformatics/Semester2/BINP29/Malaria Project/Genomes/Parsed
# Date:            Wed Mar  1 19:35:34 2023
# [ok]
