#                                                                            --- full sequence --- -------------- this domain -------------   hmm coord   ali coord   env coord
# target name        accession   tlen query name           accession   qlen   E-value  score  bias   #  of  c-Evalue  i-Evalue  score  bias  from    to  from    to  from    to  acc description of target
#------------------- ---------- ----- -------------------- ---------- ----- --------- ------ ----- --- --- --------- --------- ------ ----- ----- ----- ----- ----- ----- ----- ---- ---------------------
10166_g              -            823 30416at5794          -            129   4.7e-47  159.2   2.3   1   1   1.9e-47   3.3e-44  150.0   2.3     1   129   663   822   663   822 0.79 -
12356_g              -            823 30416at5794          -            129   4.7e-47  159.2   2.3   1   1   1.9e-47   3.3e-44  150.0   2.3     1   129   663   822   663   822 0.79 -
13114_g              -            182 30416at5794          -            129   2.2e-17   63.2   0.0   1   2      0.19   3.4e+02    1.2   0.0     4    53    10    55     8    57 0.63 -
13114_g              -            182 30416at5794          -            129   2.2e-17   63.2   0.0   2   2   1.3e-19   2.3e-16   59.9   0.0    43   108    95   160    88   175 0.91 -
9552_g               -            182 30416at5794          -            129   2.2e-17   63.2   0.0   1   2      0.19   3.4e+02    1.2   0.0     4    53    10    55     8    57 0.63 -
9552_g               -            182 30416at5794          -            129   2.2e-17   63.2   0.0   2   2   1.3e-19   2.3e-16   59.9   0.0    43   108    95   160    88   175 0.91 -
5747_g               -           2335 30416at5794          -            129   3.8e-11   43.0   0.3   1   1   4.5e-14     8e-11   42.0   0.3    35    99  2200  2264  2171  2287 0.87 -
6501_g               -           2387 30416at5794          -            129   3.9e-11   43.0   0.3   1   1   4.6e-14   8.2e-11   42.0   0.3    35    99  2252  2316  2223  2339 0.87 -
14943_g              -             64 30416at5794          -            129    0.0068   16.4   0.0   1   1   4.1e-06    0.0072   16.3   0.0    76   108    10    42     7    59 0.85 -
4733_g               -            143 30416at5794          -            129     0.054   13.4   0.1   1   1     4e-05      0.07   13.1   0.1     6    92    11    97     6   140 0.84 -
5205_g               -            143 30416at5794          -            129     0.054   13.4   0.1   1   1     4e-05      0.07   13.1   0.1     6    92    11    97     6   140 0.84 -
#
# Program:         hmmsearch
# Version:         3.1b2 (February 2015)
# Pipeline mode:   SEARCH
# Query file:      /mnt/e/Bioinformatics/Semester2/BINP29/Malaria Project/Genomes/Parsed/busco_downloads/lineages/apicomplexa_odb10/hmms/30416at5794.hmm
# Target file:     /mnt/e/Bioinformatics/Semester2/BINP29/Malaria Project/Genomes/Parsed/Tg_new.faa
# Option settings: hmmsearch --domtblout /mnt/e/Bioinformatics/Semester2/BINP29/Malaria Project/Genomes/Parsed/Tg/run_apicomplexa_odb10/hmmer_output/initial_run_results/30416at5794.out --cpu 1 /mnt/e/Bioinformatics/Semester2/BINP29/Malaria Project/Genomes/Parsed/busco_downloads/lineages/apicomplexa_odb10/hmms/30416at5794.hmm /mnt/e/Bioinformatics/Semester2/BINP29/Malaria Project/Genomes/Parsed/Tg_new.faa 
# Current dir:     /mnt/e/Bioinformatics/Semester2/BINP29/Malaria Project/Genomes/Parsed
# Date:            Wed Mar  1 19:35:39 2023
# [ok]
