#                                                                            --- full sequence --- -------------- this domain -------------   hmm coord   ali coord   env coord
# target name        accession   tlen query name           accession   qlen   E-value  score  bias   #  of  c-Evalue  i-Evalue  score  bias  from    to  from    to  from    to  acc description of target
#------------------- ---------- ----- -------------------- ---------- ----- --------- ------ ----- --- --- --------- --------- ------ ----- ----- ----- ----- ----- ----- ----- ---- ---------------------
10255_g              -            533 31937at5794          -             70   1.1e-31  108.3   1.1   1   3   0.00059      0.43   10.4   0.0     1    18   225   242   225   244 0.93 -
10255_g              -            533 31937at5794          -             70   1.1e-31  108.3   1.1   2   3   1.6e-18   1.2e-15   57.0   0.0    13    49   368   404   358   406 0.88 -
10255_g              -            533 31937at5794          -             70   1.1e-31  108.3   1.1   3   3   1.4e-12     1e-09   38.0   0.1    46    70   416   440   412   440 0.94 -
12267_g              -            533 31937at5794          -             70   1.1e-31  108.3   1.1   1   3   0.00059      0.43   10.4   0.0     1    18   225   242   225   244 0.93 -
12267_g              -            533 31937at5794          -             70   1.1e-31  108.3   1.1   2   3   1.6e-18   1.2e-15   57.0   0.0    13    49   368   404   358   406 0.88 -
12267_g              -            533 31937at5794          -             70   1.1e-31  108.3   1.1   3   3   1.4e-12     1e-09   38.0   0.1    46    70   416   440   412   440 0.94 -
4029_g               -            100 31937at5794          -             70   6.4e-11   41.8   0.2   1   2   4.7e-12   3.4e-09   36.3   0.1     3    47     6    50     4    53 0.92 -
4029_g               -            100 31937at5794          -             70   6.4e-11   41.8   0.2   2   2     0.063        46    3.9   0.0    49    63    66    80    61    86 0.83 -
8809_g               -            100 31937at5794          -             70   6.4e-11   41.8   0.2   1   2   4.7e-12   3.4e-09   36.3   0.1     3    47     6    50     4    53 0.92 -
8809_g               -            100 31937at5794          -             70   6.4e-11   41.8   0.2   2   2     0.063        46    3.9   0.0    49    63    66    80    61    86 0.83 -
1729_g               -            310 31937at5794          -             70   1.4e-08   34.3   1.2   1   1   3.9e-10   2.8e-07   30.2   1.2    10    66    59   124    52   127 0.78 -
912_g                -            310 31937at5794          -             70   1.4e-08   34.3   1.2   1   1   3.9e-10   2.8e-07   30.2   1.2    10    66    59   124    52   127 0.78 -
10922_g              -            120 31937at5794          -             70   1.3e-07   31.3   0.1   1   1   5.6e-10     4e-07   29.7   0.1    11    49    32    70    25    94 0.72 -
11719_g              -            120 31937at5794          -             70   1.3e-07   31.3   0.1   1   1   5.6e-10     4e-07   29.7   0.1    11    49    32    70    25    94 0.72 -
7119_g               -             97 31937at5794          -             70   5.5e-07   29.2   0.4   1   1   2.2e-08   1.6e-05   24.6   0.4     7    62     3    68     1    75 0.79 -
7798_g               -             97 31937at5794          -             70   5.5e-07   29.2   0.4   1   1   2.2e-08   1.6e-05   24.6   0.4     7    62     3    68     1    75 0.79 -
1338_g               -            208 31937at5794          -             70   7.5e-06   25.6   0.1   1   1   1.5e-08   1.1e-05   25.1   0.1     9    49    14    54     8    58 0.88 -
1302_g               -            290 31937at5794          -             70   1.2e-05   25.0   0.1   1   1   2.6e-08   1.9e-05   24.3   0.1     9    49    14    54     8    58 0.88 -
3945_g               -            149 31937at5794          -             70    0.0013   18.4   0.0   1   1   2.8e-06     0.002   17.8   0.0    13    63    78   134    68   138 0.81 -
8725_g               -            149 31937at5794          -             70    0.0013   18.4   0.0   1   1   2.8e-06     0.002   17.8   0.0    13    63    78   134    68   138 0.81 -
1065_g               -            385 31937at5794          -             70    0.0022   17.7   0.1   1   1   5.2e-06    0.0038   17.0   0.1    17    48   204   237   190   256 0.77 -
1573_g               -            385 31937at5794          -             70    0.0022   17.7   0.1   1   1   5.2e-06    0.0038   17.0   0.1    17    48   204   237   190   256 0.77 -
10532_g              -            539 31937at5794          -             70    0.0049   16.6   0.0   1   1   1.8e-05     0.013   15.2   0.0    15    51   342   378   329   381 0.85 -
11329_g              -            539 31937at5794          -             70    0.0049   16.6   0.0   1   1   1.8e-05     0.013   15.2   0.0    15    51   342   378   329   381 0.85 -
1780_g               -            179 31937at5794          -             70    0.0094   15.7   0.1   1   1   2.1e-05     0.015   15.0   0.1    14    45    50    81    38   107 0.85 -
963_g                -            179 31937at5794          -             70    0.0094   15.7   0.1   1   1   2.1e-05     0.015   15.0   0.1    14    45    50    81    38   107 0.85 -
7236_g               -            754 31937at5794          -             70      0.14   11.9   0.0   1   1   0.00039      0.28   11.0   0.0    16    47   681   712   666   715 0.80 -
7680_g               -            754 31937at5794          -             70      0.14   11.9   0.0   1   1   0.00039      0.28   11.0   0.0    16    47   681   712   666   715 0.80 -
#
# Program:         hmmsearch
# Version:         3.1b2 (February 2015)
# Pipeline mode:   SEARCH
# Query file:      /mnt/e/Bioinformatics/Semester2/BINP29/Malaria Project/Genomes/Parsed/busco_downloads/lineages/apicomplexa_odb10/hmms/31937at5794.hmm
# Target file:     /mnt/e/Bioinformatics/Semester2/BINP29/Malaria Project/Genomes/Parsed/Tg_new.faa
# Option settings: hmmsearch --domtblout /mnt/e/Bioinformatics/Semester2/BINP29/Malaria Project/Genomes/Parsed/Tg/run_apicomplexa_odb10/hmmer_output/initial_run_results/31937at5794.out --cpu 1 /mnt/e/Bioinformatics/Semester2/BINP29/Malaria Project/Genomes/Parsed/busco_downloads/lineages/apicomplexa_odb10/hmms/31937at5794.hmm /mnt/e/Bioinformatics/Semester2/BINP29/Malaria Project/Genomes/Parsed/Tg_new.faa 
# Current dir:     /mnt/e/Bioinformatics/Semester2/BINP29/Malaria Project/Genomes/Parsed
# Date:            Wed Mar  1 19:35:50 2023
# [ok]
