#                                                                            --- full sequence --- -------------- this domain -------------   hmm coord   ali coord   env coord
# target name        accession   tlen query name           accession   qlen   E-value  score  bias   #  of  c-Evalue  i-Evalue  score  bias  from    to  from    to  from    to  acc description of target
#------------------- ---------- ----- -------------------- ---------- ----- --------- ------ ----- --- --- --------- --------- ------ ----- ----- ----- ----- ----- ----- ----- ---- ---------------------
4727_g               -            843 3296at5794           -            728         0 1434.9   0.6   1   1         0         0 1431.8   0.6     1   728    27   842    27   842 0.94 -
5199_g               -            843 3296at5794           -            728         0 1434.9   0.6   1   1         0         0 1431.8   0.6     1   728    27   842    27   842 0.94 -
4056_g               -           1672 3296at5794           -            728  3.5e-112  375.5   0.0   1   4   8.7e-36   4.2e-33  114.1   0.0     2   202   303   514   302   526 0.86 -
4056_g               -           1672 3296at5794           -            728  3.5e-112  375.5   0.0   2   4     2e-26   9.8e-24   83.1   0.0   243   445   648   873   641   889 0.83 -
4056_g               -           1672 3296at5794           -            728  3.5e-112  375.5   0.0   3   4   2.3e-19   1.1e-16   59.7   0.0   442   543  1054  1161  1047  1168 0.87 -
4056_g               -           1672 3296at5794           -            728  3.5e-112  375.5   0.0   4   4   2.1e-35     1e-32  112.8   0.0   582   707  1470  1610  1459  1623 0.90 -
8836_g               -           1672 3296at5794           -            728  3.5e-112  375.5   0.0   1   4   8.7e-36   4.2e-33  114.1   0.0     2   202   303   514   302   526 0.86 -
8836_g               -           1672 3296at5794           -            728  3.5e-112  375.5   0.0   2   4     2e-26   9.8e-24   83.1   0.0   243   445   648   873   641   889 0.83 -
8836_g               -           1672 3296at5794           -            728  3.5e-112  375.5   0.0   3   4   2.3e-19   1.1e-16   59.7   0.0   442   543  1054  1161  1047  1168 0.87 -
8836_g               -           1672 3296at5794           -            728  3.5e-112  375.5   0.0   4   4   2.1e-35     1e-32  112.8   0.0   582   707  1470  1610  1459  1623 0.90 -
7396_g               -           1733 3296at5794           -            728   1.2e-63  215.0   0.4   1   5   2.5e-19   1.2e-16   59.7   0.0     2    65    15    78    14    99 0.95 -
7396_g               -           1733 3296at5794           -            728   1.2e-63  215.0   0.4   2   5   1.8e-22   8.8e-20   70.0   0.1    72   161   155   247   149   259 0.90 -
7396_g               -           1733 3296at5794           -            728   1.2e-63  215.0   0.4   3   5     0.043        21    2.7   0.0   169   197   324   352   314   380 0.77 -
7396_g               -           1733 3296at5794           -            728   1.2e-63  215.0   0.4   4   5     7e-19   3.4e-16   58.2   0.0   423   508   926  1011   919  1019 0.93 -
7396_g               -           1733 3296at5794           -            728   1.2e-63  215.0   0.4   5   5   2.4e-06    0.0011   16.7   0.0   619   706  1570  1667  1560  1680 0.79 -
7522_g               -           1733 3296at5794           -            728   1.2e-63  215.0   0.4   1   5   2.5e-19   1.2e-16   59.7   0.0     2    65    15    78    14    99 0.95 -
7522_g               -           1733 3296at5794           -            728   1.2e-63  215.0   0.4   2   5   1.8e-22   8.8e-20   70.0   0.1    72   161   155   247   149   259 0.90 -
7522_g               -           1733 3296at5794           -            728   1.2e-63  215.0   0.4   3   5     0.043        21    2.7   0.0   169   197   324   352   314   380 0.77 -
7522_g               -           1733 3296at5794           -            728   1.2e-63  215.0   0.4   4   5     7e-19   3.4e-16   58.2   0.0   423   508   926  1011   919  1019 0.93 -
7522_g               -           1733 3296at5794           -            728   1.2e-63  215.0   0.4   5   5   2.4e-06    0.0011   16.7   0.0   619   706  1570  1667  1560  1680 0.79 -
13333_g              -            843 3296at5794           -            728     7e-43  146.4   0.0   1   3   3.6e-27   1.7e-24   85.5   0.0     3   138   119   256   117   267 0.93 -
13333_g              -            843 3296at5794           -            728     7e-43  146.4   0.0   2   3     6e-17   2.9e-14   51.8   0.0   277   508   388   607   380   616 0.80 -
13333_g              -            843 3296at5794           -            728     7e-43  146.4   0.0   3   3    0.0079       3.8    5.1   0.0   657   695   774   811   760   820 0.73 -
9337_g               -            843 3296at5794           -            728     7e-43  146.4   0.0   1   3   3.6e-27   1.7e-24   85.5   0.0     3   138   119   256   117   267 0.93 -
9337_g               -            843 3296at5794           -            728     7e-43  146.4   0.0   2   3     6e-17   2.9e-14   51.8   0.0   277   508   388   607   380   616 0.80 -
9337_g               -            843 3296at5794           -            728     7e-43  146.4   0.0   3   3    0.0079       3.8    5.1   0.0   657   695   774   811   760   820 0.73 -
5835_g               -           1464 3296at5794           -            728   2.8e-34  117.9   1.2   1   3   1.6e-17   7.8e-15   53.6   0.4     3   121   239   378   237   385 0.78 -
5835_g               -           1464 3296at5794           -            728   2.8e-34  117.9   1.2   2   3   1.2e-12     6e-10   37.5   0.0   374   507  1020  1154  1001  1165 0.78 -
5835_g               -           1464 3296at5794           -            728   2.8e-34  117.9   1.2   3   3   3.2e-08   1.5e-05   22.9   0.0   627   705  1355  1440  1344  1454 0.82 -
6413_g               -           1464 3296at5794           -            728   2.8e-34  117.9   1.2   1   3   1.6e-17   7.8e-15   53.6   0.4     3   121   239   378   237   385 0.78 -
6413_g               -           1464 3296at5794           -            728   2.8e-34  117.9   1.2   2   3   1.2e-12     6e-10   37.5   0.0   374   507  1020  1154  1001  1165 0.78 -
6413_g               -           1464 3296at5794           -            728   2.8e-34  117.9   1.2   3   3   3.2e-08   1.5e-05   22.9   0.0   627   705  1355  1440  1344  1454 0.82 -
2130_g               -           1180 3296at5794           -            728   6.4e-20   70.5   1.0   1   3   1.6e-06   0.00075   17.3   0.0     2    30   522   550   521   571 0.85 -
2130_g               -           1180 3296at5794           -            728   6.4e-20   70.5   1.0   2   3    0.0026       1.2    6.7   0.0    37    96   653   708   642   713 0.78 -
2130_g               -           1180 3296at5794           -            728   6.4e-20   70.5   1.0   3   3   2.2e-14   1.1e-11   43.3   0.1    80   138   756   814   747   827 0.92 -
2429_g               -           1180 3296at5794           -            728   6.4e-20   70.5   1.0   1   3   1.6e-06   0.00075   17.3   0.0     2    30   522   550   521   571 0.85 -
2429_g               -           1180 3296at5794           -            728   6.4e-20   70.5   1.0   2   3    0.0026       1.2    6.7   0.0    37    96   653   708   642   713 0.78 -
2429_g               -           1180 3296at5794           -            728   6.4e-20   70.5   1.0   3   3   2.2e-14   1.1e-11   43.3   0.1    80   138   756   814   747   827 0.92 -
10673_g              -           1619 3296at5794           -            728     2e-14   52.3   0.3   1   3    0.0019       0.9    7.2   0.0     2    38   216   252   215   262 0.88 -
10673_g              -           1619 3296at5794           -            728     2e-14   52.3   0.3   2   3   3.6e-08   1.7e-05   22.7   0.1    83   142   556   616   552   636 0.85 -
10673_g              -           1619 3296at5794           -            728     2e-14   52.3   0.3   3   3   7.6e-07   0.00036   18.4   0.0   421   490  1134  1203  1124  1229 0.91 -
11470_g              -           1619 3296at5794           -            728     2e-14   52.3   0.3   1   3    0.0019       0.9    7.2   0.0     2    38   216   252   215   262 0.88 -
11470_g              -           1619 3296at5794           -            728     2e-14   52.3   0.3   2   3   3.6e-08   1.7e-05   22.7   0.1    83   142   556   616   552   636 0.85 -
11470_g              -           1619 3296at5794           -            728     2e-14   52.3   0.3   3   3   7.6e-07   0.00036   18.4   0.0   421   490  1134  1203  1124  1229 0.91 -
10577_g              -           4756 3296at5794           -            728   2.1e-12   45.6   0.0   1   1   8.4e-15     4e-12   44.7   0.0    47   120  4262  4334  4250  4342 0.91 -
11374_g              -           4756 3296at5794           -            728   2.1e-12   45.6   0.0   1   1   8.4e-15     4e-12   44.7   0.0    47   120  4262  4334  4250  4342 0.91 -
5709_g               -            616 3296at5794           -            728   2.1e-09   35.7   0.1   1   1   6.9e-12   3.3e-09   35.0   0.1     5   138   167   294   163   311 0.75 -
6538_g               -            616 3296at5794           -            728   2.1e-09   35.7   0.1   1   1   6.9e-12   3.3e-09   35.0   0.1     5   138   167   294   163   311 0.75 -
14489_g              -            175 3296at5794           -            728   2.1e-08   32.4   0.0   1   1   5.1e-11   2.4e-08   32.2   0.0   371   445     4    84     1   107 0.84 -
13648_g              -           1634 3296at5794           -            728   2.5e-06   25.6   0.0   1   1   1.1e-08   5.2e-06   24.5   0.0    64   139   626   702   562   710 0.70 -
9015_g               -           1634 3296at5794           -            728   2.5e-06   25.6   0.0   1   1   1.1e-08   5.2e-06   24.5   0.0    64   139   626   702   562   710 0.70 -
1700_g               -            646 3296at5794           -            728     5e-06   24.5   0.0   1   1     2e-08   9.5e-06   23.6   0.0     6   149   165   320   163   345 0.73 -
883_g                -            646 3296at5794           -            728     5e-06   24.5   0.0   1   1     2e-08   9.5e-06   23.6   0.0     6   149   165   320   163   345 0.73 -
124_g                -            449 3296at5794           -            728   6.4e-05   20.9   0.0   1   1   1.9e-07   9.4e-05   20.3   0.0     5   107     9   119     5   180 0.74 -
267_g                -            449 3296at5794           -            728   6.4e-05   20.9   0.0   1   1   1.9e-07   9.4e-05   20.3   0.0     5   107     9   119     5   180 0.74 -
4036_g               -            449 3296at5794           -            728   6.4e-05   20.9   0.0   1   1   1.9e-07   9.4e-05   20.3   0.0     5   107     9   119     5   180 0.74 -
8816_g               -            449 3296at5794           -            728   6.4e-05   20.9   0.0   1   1   1.9e-07   9.4e-05   20.3   0.0     5   107     9   119     5   180 0.74 -
13028_g              -           1444 3296at5794           -            728    0.0065   14.2   0.0   1   1   2.1e-05      0.01   13.6   0.0    77   138   696   757   690   766 0.94 -
9636_g               -           1444 3296at5794           -            728    0.0065   14.2   0.0   1   1   2.1e-05      0.01   13.6   0.0    77   138   696   757   690   766 0.94 -
11212_g              -           2668 3296at5794           -            728    0.0066   14.2   0.5   1   2      0.03        14    3.2   0.1     6    25  2083  2102  2079  2116 0.85 -
11212_g              -           2668 3296at5794           -            728    0.0066   14.2   0.5   2   2   0.00052      0.25    9.0   0.0    75   138  2131  2194  2121  2208 0.88 -
12009_g              -           2668 3296at5794           -            728    0.0066   14.2   0.5   1   2      0.03        14    3.2   0.1     6    25  2083  2102  2079  2116 0.85 -
12009_g              -           2668 3296at5794           -            728    0.0066   14.2   0.5   2   2   0.00052      0.25    9.0   0.0    75   138  2131  2194  2121  2208 0.88 -
10426_g              -            893 3296at5794           -            728     0.018   12.8   1.1   1   2       1.5   7.1e+02   -2.4   0.0     5    25    15    35    13    57 0.80 -
10426_g              -            893 3296at5794           -            728     0.018   12.8   1.1   2   2   5.5e-05     0.027   12.2   0.3    72   136   147   211   139   227 0.83 -
12833_g              -            893 3296at5794           -            728     0.018   12.8   1.1   1   2       1.5   7.1e+02   -2.4   0.0     5    25    15    35    13    57 0.80 -
12833_g              -            893 3296at5794           -            728     0.018   12.8   1.1   2   2   5.5e-05     0.027   12.2   0.3    72   136   147   211   139   227 0.83 -
#
# Program:         hmmsearch
# Version:         3.1b2 (February 2015)
# Pipeline mode:   SEARCH
# Query file:      /mnt/e/Bioinformatics/Semester2/BINP29/Malaria Project/Genomes/Parsed/busco_downloads/lineages/apicomplexa_odb10/hmms/3296at5794.hmm
# Target file:     /mnt/e/Bioinformatics/Semester2/BINP29/Malaria Project/Genomes/Parsed/Tg_new.faa
# Option settings: hmmsearch --domtblout /mnt/e/Bioinformatics/Semester2/BINP29/Malaria Project/Genomes/Parsed/Tg/run_apicomplexa_odb10/hmmer_output/initial_run_results/3296at5794.out --cpu 1 /mnt/e/Bioinformatics/Semester2/BINP29/Malaria Project/Genomes/Parsed/busco_downloads/lineages/apicomplexa_odb10/hmms/3296at5794.hmm /mnt/e/Bioinformatics/Semester2/BINP29/Malaria Project/Genomes/Parsed/Tg_new.faa 
# Current dir:     /mnt/e/Bioinformatics/Semester2/BINP29/Malaria Project/Genomes/Parsed
# Date:            Wed Mar  1 19:35:53 2023
# [ok]
