#                                                                            --- full sequence --- -------------- this domain -------------   hmm coord   ali coord   env coord
# target name        accession   tlen query name           accession   qlen   E-value  score  bias   #  of  c-Evalue  i-Evalue  score  bias  from    to  from    to  from    to  acc description of target
#------------------- ---------- ----- -------------------- ---------- ----- --------- ------ ----- --- --- --------- --------- ------ ----- ----- ----- ----- ----- ----- ----- ---- ---------------------
7985_g               -           1077 3558at5794           -            661  8.7e-256  850.0  11.6   1   6    0.0008      0.32    8.8   0.0     5    37    55    93    53    99 0.79 -
7985_g               -           1077 3558at5794           -            661  8.7e-256  850.0  11.6   2   6   6.9e-67   2.7e-64  217.2   0.0    51   189   159   303    96   309 0.81 -
7985_g               -           1077 3558at5794           -            661  8.7e-256  850.0  11.6   3   6   3.1e-97   1.3e-94  317.4   0.1   182   355   344   517   325   544 0.94 -
7985_g               -           1077 3558at5794           -            661  8.7e-256  850.0  11.6   4   6   1.1e-07   4.2e-05   21.6   0.1   354   404   555   609   552   618 0.65 -
7985_g               -           1077 3558at5794           -            661  8.7e-256  850.0  11.6   5   6   8.8e-74   3.5e-71  240.0   0.1   474   591   710   828   698   843 0.93 -
7985_g               -           1077 3558at5794           -            661  8.7e-256  850.0  11.6   6   6   3.6e-13   1.4e-10   39.7   0.9   587   639   937  1010   932  1026 0.75 -
6927_g               -           1811 3558at5794           -            661  6.2e-241  800.9  15.8   1   5   7.9e-58   3.2e-55  187.2   0.1    77   189   922  1037   914  1045 0.94 -
6927_g               -           1811 3558at5794           -            661  6.2e-241  800.9  15.8   2   5   6.7e-97   2.7e-94  316.3   0.1   183   355  1079  1251  1060  1278 0.94 -
6927_g               -           1811 3558at5794           -            661  6.2e-241  800.9  15.8   3   5   1.9e-07   7.6e-05   20.8   0.1   354   404  1289  1343  1286  1352 0.65 -
6927_g               -           1811 3558at5794           -            661  6.2e-241  800.9  15.8   4   5   1.7e-73   6.8e-71  239.0   0.1   474   591  1444  1562  1432  1577 0.93 -
6927_g               -           1811 3558at5794           -            661  6.2e-241  800.9  15.8   5   5   6.8e-13   2.7e-10   38.8   1.0   587   639  1671  1744  1663  1760 0.76 -
4605_g               -           2949 3558at5794           -            661   5.1e-74  249.3   0.0   1   2   1.7e-40   6.7e-38  130.0   0.0    77   374  1217  1513  1208  1521 0.88 -
4605_g               -           2949 3558at5794           -            661   5.1e-74  249.3   0.0   2   2   1.7e-36   6.7e-34  116.8   0.0   406   551  2582  2725  2568  2737 0.93 -
5077_g               -           2949 3558at5794           -            661   5.1e-74  249.3   0.0   1   2   1.7e-40   6.7e-38  130.0   0.0    77   374  1217  1513  1208  1521 0.88 -
5077_g               -           2949 3558at5794           -            661   5.1e-74  249.3   0.0   2   2   1.7e-36   6.7e-34  116.8   0.0   406   551  2582  2725  2568  2737 0.93 -
574_g                -           1519 3558at5794           -            661   1.8e-71  240.9   0.1   1   2   0.00013     0.051   11.4   0.0    95   129   401   435   395   458 0.77 -
574_g                -           1519 3558at5794           -            661   1.8e-71  240.9   0.1   2   2   8.2e-70   3.3e-67  226.8   0.1   190   574   653  1049   646  1062 0.86 -
599_g                -           1519 3558at5794           -            661   1.8e-71  240.9   0.1   1   2   0.00013     0.051   11.4   0.0    95   129   401   435   395   458 0.77 -
599_g                -           1519 3558at5794           -            661   1.8e-71  240.9   0.1   2   2   8.2e-70   3.3e-67  226.8   0.1   190   574   653  1049   646  1062 0.86 -
11217_g              -           2855 3558at5794           -            661   2.4e-68  230.6   0.0   1   2   6.6e-08   2.6e-05   22.3   0.0    98   162  1344  1405  1310  1418 0.79 -
11217_g              -           2855 3558at5794           -            661   2.4e-68  230.6   0.0   2   2   1.7e-63   6.8e-61  205.9   0.0   205   549  1493  1847  1482  1863 0.86 -
12014_g              -           2855 3558at5794           -            661   2.4e-68  230.6   0.0   1   2   6.6e-08   2.6e-05   22.3   0.0    98   162  1344  1405  1310  1418 0.79 -
12014_g              -           2855 3558at5794           -            661   2.4e-68  230.6   0.0   2   2   1.7e-63   6.8e-61  205.9   0.0   205   549  1493  1847  1482  1863 0.86 -
7056_g               -           2315 3558at5794           -            661   2.1e-60  204.3   1.5   1   4   4.9e-09   1.9e-06   26.0   0.0    96   159   757   816   740   821 0.80 -
7056_g               -           2315 3558at5794           -            661   2.1e-60  204.3   1.5   2   4   3.4e-42   1.3e-39  135.6   0.0   192   477   885  1167   878  1176 0.85 -
7056_g               -           2315 3558at5794           -            661   2.1e-60  204.3   1.5   3   4   1.8e-10   7.2e-08   30.7   0.1   476   517  1206  1247  1191  1255 0.91 -
7056_g               -           2315 3558at5794           -            661   2.1e-60  204.3   1.5   4   4    0.0023      0.93    7.2   0.0   517   584  1347  1419  1311  1446 0.76 -
7860_g               -           2315 3558at5794           -            661   2.1e-60  204.3   1.5   1   4   4.9e-09   1.9e-06   26.0   0.0    96   159   757   816   740   821 0.80 -
7860_g               -           2315 3558at5794           -            661   2.1e-60  204.3   1.5   2   4   3.4e-42   1.3e-39  135.6   0.0   192   477   885  1167   878  1176 0.85 -
7860_g               -           2315 3558at5794           -            661   2.1e-60  204.3   1.5   3   4   1.8e-10   7.2e-08   30.7   0.1   476   517  1206  1247  1191  1255 0.91 -
7860_g               -           2315 3558at5794           -            661   2.1e-60  204.3   1.5   4   4    0.0023      0.93    7.2   0.0   517   584  1347  1419  1311  1446 0.76 -
13092_g              -           2557 3558at5794           -            661   1.2e-57  195.2   0.0   1   3   1.9e-28   7.6e-26   90.1   0.0    81   295   439   646   420   659 0.88 -
13092_g              -           2557 3558at5794           -            661   1.2e-57  195.2   0.0   2   3       3.6   1.4e+03   -3.3   0.0   353   382   745   775   663   812 0.64 -
13092_g              -           2557 3558at5794           -            661   1.2e-57  195.2   0.0   3   3   4.6e-32   1.8e-29  102.1   0.1   416   553  1215  1352  1206  1408 0.84 -
9574_g               -           2557 3558at5794           -            661   1.2e-57  195.2   0.0   1   3   1.9e-28   7.6e-26   90.1   0.0    81   295   439   646   420   659 0.88 -
9574_g               -           2557 3558at5794           -            661   1.2e-57  195.2   0.0   2   3       3.6   1.4e+03   -3.3   0.0   353   382   745   775   663   812 0.64 -
9574_g               -           2557 3558at5794           -            661   1.2e-57  195.2   0.0   3   3   4.6e-32   1.8e-29  102.1   0.1   416   553  1215  1352  1206  1408 0.84 -
5647_g               -           2192 3558at5794           -            661   1.6e-52  178.3   0.0   1   2   9.9e-43   3.9e-40  137.3   0.0    69   490   666  1134   658  1138 0.77 -
5647_g               -           2192 3558at5794           -            661   1.6e-52  178.3   0.0   2   2   2.6e-11     1e-08   33.6   0.1   503   552  1178  1227  1174  1241 0.89 -
6735_g               -           2086 3558at5794           -            661   7.6e-52  176.1   0.8   1   3   3.2e-23   1.3e-20   72.9   0.0    77   271   683   879   673   903 0.83 -
6735_g               -           2086 3558at5794           -            661   7.6e-52  176.1   0.8   2   3   0.00034      0.13   10.0   0.0   282   354  1007  1080  1004  1093 0.78 -
6735_g               -           2086 3558at5794           -            661   7.6e-52  176.1   0.8   3   3   2.5e-28   9.8e-26   89.8   0.1   353   508  1267  1468  1263  1473 0.79 -
8175_g               -           2086 3558at5794           -            661   7.6e-52  176.1   0.8   1   3   3.2e-23   1.3e-20   72.9   0.0    77   271   683   879   673   903 0.83 -
8175_g               -           2086 3558at5794           -            661   7.6e-52  176.1   0.8   2   3   0.00034      0.13   10.0   0.0   282   354  1007  1080  1004  1093 0.78 -
8175_g               -           2086 3558at5794           -            661   7.6e-52  176.1   0.8   3   3   2.5e-28   9.8e-26   89.8   0.1   353   508  1267  1468  1263  1473 0.79 -
6599_g               -           2294 3558at5794           -            661     4e-51  173.7   0.5   1   3   6.5e-05     0.026   12.4   0.0    69   134   666   727   658   734 0.82 -
6599_g               -           2294 3558at5794           -            661     4e-51  173.7   0.5   2   3   2.9e-37   1.2e-34  119.3   0.1   188   490   890  1236   878  1240 0.82 -
6599_g               -           2294 3558at5794           -            661     4e-51  173.7   0.5   3   3   2.7e-11   1.1e-08   33.5   0.1   503   552  1280  1329  1276  1343 0.89 -
2926_g               -           2162 3558at5794           -            661   4.8e-39  133.8   0.0   1   4   1.1e-09   4.2e-07   28.2   0.0    81   162    69   142    47   154 0.79 -
2926_g               -           2162 3558at5794           -            661   4.8e-39  133.8   0.0   2   4   2.2e-11   8.9e-09   33.7   0.0   192   318   210   341   200   348 0.79 -
2926_g               -           2162 3558at5794           -            661   4.8e-39  133.8   0.0   3   4      0.38   1.5e+02   -0.1   0.0   326   353   434   461   428   466 0.85 -
2926_g               -           2162 3558at5794           -            661   4.8e-39  133.8   0.0   4   4   4.9e-21     2e-18   65.7   0.0   360   557   536   761   528   781 0.78 -
3607_g               -           2162 3558at5794           -            661   4.8e-39  133.8   0.0   1   4   1.1e-09   4.2e-07   28.2   0.0    81   162    69   142    47   154 0.79 -
3607_g               -           2162 3558at5794           -            661   4.8e-39  133.8   0.0   2   4   2.2e-11   8.9e-09   33.7   0.0   192   318   210   341   200   348 0.79 -
3607_g               -           2162 3558at5794           -            661   4.8e-39  133.8   0.0   3   4      0.38   1.5e+02   -0.1   0.0   326   353   434   461   428   466 0.85 -
3607_g               -           2162 3558at5794           -            661   4.8e-39  133.8   0.0   4   4   4.9e-21     2e-18   65.7   0.0   360   557   536   761   528   781 0.78 -
1896_g               -           1238 3558at5794           -            661   1.7e-38  132.0   0.0   1   2   1.6e-30   6.3e-28   97.0   0.0   215   458    54   307    32   315 0.84 -
1896_g               -           1238 3558at5794           -            661   1.7e-38  132.0   0.0   2   2   5.7e-11   2.3e-08   32.4   0.0   472   517   490   536   482   541 0.90 -
2366_g               -           1238 3558at5794           -            661   1.7e-38  132.0   0.0   1   2   1.6e-30   6.3e-28   97.0   0.0   215   458    54   307    32   315 0.84 -
2366_g               -           1238 3558at5794           -            661   1.7e-38  132.0   0.0   2   2   5.7e-11   2.3e-08   32.4   0.0   472   517   490   536   482   541 0.90 -
6295_g               -           1355 3558at5794           -            661   1.9e-38  131.8   0.2   1   1   7.8e-41   3.1e-38  131.1   0.2    79   442   958  1324   940  1330 0.79 -
5958_g               -           1432 3558at5794           -            661   2.1e-38  131.6   0.2   1   1   8.7e-41   3.4e-38  130.9   0.2    79   442  1035  1401  1017  1407 0.79 -
13512_g              -           1811 3558at5794           -            661   2.7e-34  118.1   0.0   1   4   0.00031      0.13   10.1   0.0   102   162   320   393   312   408 0.69 -
13512_g              -           1811 3558at5794           -            661   2.7e-34  118.1   0.0   2   4      0.15        61    1.2   0.0   206   238  1069  1101  1064  1108 0.81 -
13512_g              -           1811 3558at5794           -            661   2.7e-34  118.1   0.0   3   4    0.0016      0.63    7.8   0.0   211   262  1181  1232  1174  1236 0.71 -
13512_g              -           1811 3558at5794           -            661   2.7e-34  118.1   0.0   4   4   3.1e-29   1.2e-26   92.7   0.1   387   568  1623  1809  1605  1810 0.86 -
9154_g               -           1811 3558at5794           -            661   2.7e-34  118.1   0.0   1   4   0.00031      0.13   10.1   0.0   102   162   320   393   312   408 0.69 -
9154_g               -           1811 3558at5794           -            661   2.7e-34  118.1   0.0   2   4      0.15        61    1.2   0.0   206   238  1069  1101  1064  1108 0.81 -
9154_g               -           1811 3558at5794           -            661   2.7e-34  118.1   0.0   3   4    0.0016      0.63    7.8   0.0   211   262  1181  1232  1174  1236 0.71 -
9154_g               -           1811 3558at5794           -            661   2.7e-34  118.1   0.0   4   4   3.1e-29   1.2e-26   92.7   0.1   387   568  1623  1809  1605  1810 0.86 -
5957_g               -           1295 3558at5794           -            661     1e-30  106.2   0.1   1   1   5.1e-33     2e-30  105.3   0.1   441   554    12   124     6   129 0.95 -
6296_g               -           1295 3558at5794           -            661     1e-30  106.2   0.1   1   1   5.1e-33     2e-30  105.3   0.1   441   554    12   124     6   129 0.95 -
2001_g               -           1721 3558at5794           -            661   5.8e-17   60.8   0.0   1   6     0.018       7.1    4.3   0.0   102   138   841   877   825   882 0.79 -
2001_g               -           1721 3558at5794           -            661   5.8e-17   60.8   0.0   2   6      0.24        97    0.6   0.0   141   166   987  1013   984  1017 0.84 -
2001_g               -           1721 3558at5794           -            661   5.8e-17   60.8   0.0   3   6   0.00067      0.27    9.0   0.0   244   288  1120  1164  1114  1174 0.82 -
2001_g               -           1721 3558at5794           -            661   5.8e-17   60.8   0.0   4   6     0.055        22    2.7   0.0   349   382  1312  1347  1285  1371 0.66 -
2001_g               -           1721 3558at5794           -            661   5.8e-17   60.8   0.0   5   6     0.095        38    1.9   0.0   438   466  1561  1589  1496  1602 0.65 -
2001_g               -           1721 3558at5794           -            661   5.8e-17   60.8   0.0   6   6   5.9e-11   2.3e-08   32.4   0.1   467   514  1667  1714  1658  1717 0.92 -
2258_g               -           1721 3558at5794           -            661   5.8e-17   60.8   0.0   1   6     0.018       7.1    4.3   0.0   102   138   841   877   825   882 0.79 -
2258_g               -           1721 3558at5794           -            661   5.8e-17   60.8   0.0   2   6      0.24        97    0.6   0.0   141   166   987  1013   984  1017 0.84 -
2258_g               -           1721 3558at5794           -            661   5.8e-17   60.8   0.0   3   6   0.00067      0.27    9.0   0.0   244   288  1120  1164  1114  1174 0.82 -
2258_g               -           1721 3558at5794           -            661   5.8e-17   60.8   0.0   4   6     0.055        22    2.7   0.0   349   382  1312  1347  1285  1371 0.66 -
2258_g               -           1721 3558at5794           -            661   5.8e-17   60.8   0.0   5   6     0.095        38    1.9   0.0   438   466  1561  1589  1496  1602 0.65 -
2258_g               -           1721 3558at5794           -            661   5.8e-17   60.8   0.0   6   6   5.9e-11   2.3e-08   32.4   0.1   467   514  1667  1714  1658  1717 0.92 -
12585_g              -           2102 3558at5794           -            661   3.7e-13   48.2   0.0   1   2       3.8   1.5e+03   -3.3   0.0   327   348   171   192   170   201 0.88 -
12585_g              -           2102 3558at5794           -            661   3.7e-13   48.2   0.0   2   2   2.4e-15   9.4e-13   46.9   0.0   416   553  1780  1915  1775  1926 0.92 -
9938_g               -           2102 3558at5794           -            661   3.7e-13   48.2   0.0   1   2       3.8   1.5e+03   -3.3   0.0   327   348   171   192   170   201 0.88 -
9938_g               -           2102 3558at5794           -            661   3.7e-13   48.2   0.0   2   2   2.4e-15   9.4e-13   46.9   0.0   416   553  1780  1915  1775  1926 0.92 -
11285_g              -           1661 3558at5794           -            661   1.5e-09   36.3   0.2   1   4      0.69   2.7e+02   -0.9   0.0   107   127   761   785   753   805 0.66 -
11285_g              -           1661 3558at5794           -            661   1.5e-09   36.3   0.2   2   4    0.0048       1.9    6.2   0.1   211   235  1112  1136  1093  1142 0.77 -
11285_g              -           1661 3558at5794           -            661   1.5e-09   36.3   0.2   3   4      0.28   1.1e+02    0.4   0.0   238   269  1212  1243  1199  1306 0.83 -
11285_g              -           1661 3558at5794           -            661   1.5e-09   36.3   0.2   4   4   2.1e-08   8.4e-06   23.9   0.0   417   535  1389  1496  1378  1516 0.90 -
12082_g              -           1661 3558at5794           -            661   1.5e-09   36.3   0.2   1   4      0.69   2.7e+02   -0.9   0.0   107   127   761   785   753   805 0.66 -
12082_g              -           1661 3558at5794           -            661   1.5e-09   36.3   0.2   2   4    0.0048       1.9    6.2   0.1   211   235  1112  1136  1093  1142 0.77 -
12082_g              -           1661 3558at5794           -            661   1.5e-09   36.3   0.2   3   4      0.28   1.1e+02    0.4   0.0   238   269  1212  1243  1199  1306 0.83 -
12082_g              -           1661 3558at5794           -            661   1.5e-09   36.3   0.2   4   4   2.1e-08   8.4e-06   23.9   0.0   417   535  1389  1496  1378  1516 0.90 -
10809_g              -           5364 3558at5794           -            661     4e-09   34.9   0.0   1   3   0.00074      0.29    8.9   0.1   141   165  1498  1523  1493  1540 0.86 -
10809_g              -           5364 3558at5794           -            661     4e-09   34.9   0.0   2   3       1.4   5.7e+02   -2.0   0.0   215   250  1750  1785  1737  1790 0.88 -
10809_g              -           5364 3558at5794           -            661     4e-09   34.9   0.0   3   3   7.1e-08   2.8e-05   22.2   0.0   453   537  2901  2984  2896  2986 0.95 -
11606_g              -           5364 3558at5794           -            661     4e-09   34.9   0.0   1   3   0.00074      0.29    8.9   0.1   141   165  1498  1523  1493  1540 0.86 -
11606_g              -           5364 3558at5794           -            661     4e-09   34.9   0.0   2   3       1.4   5.7e+02   -2.0   0.0   215   250  1750  1785  1737  1790 0.88 -
11606_g              -           5364 3558at5794           -            661     4e-09   34.9   0.0   3   3   7.1e-08   2.8e-05   22.2   0.0   453   537  2901  2984  2896  2986 0.95 -
7854_g               -           3704 3558at5794           -            661   1.2e-07   30.1   0.0   1   3   0.00068      0.27    9.0   0.0   106   163  1012  1060   995  1069 0.80 -
7854_g               -           3704 3558at5794           -            661   1.2e-07   30.1   0.0   2   3   0.00017     0.069   11.0   0.0   189   244  1179  1234  1168  1259 0.86 -
7854_g               -           3704 3558at5794           -            661   1.2e-07   30.1   0.0   3   3    0.0057       2.2    6.0   0.0   436   520  2116  2199  2112  2208 0.86 -
7062_g               -           3752 3558at5794           -            661   1.2e-07   30.0   0.0   1   3   0.00069      0.27    9.0   0.0   106   163  1012  1060   995  1069 0.80 -
7062_g               -           3752 3558at5794           -            661   1.2e-07   30.0   0.0   2   3   0.00018      0.07   11.0   0.0   189   244  1179  1234  1168  1259 0.86 -
7062_g               -           3752 3558at5794           -            661   1.2e-07   30.0   0.0   3   3    0.0057       2.3    6.0   0.0   436   520  2116  2199  2112  2208 0.86 -
1897_g               -            326 3558at5794           -            661   5.5e-05   21.2   0.0   1   1   1.4e-07   5.5e-05   21.2   0.0   108   175   201   265   197   278 0.76 -
2365_g               -            326 3558at5794           -            661   5.5e-05   21.2   0.0   1   1   1.4e-07   5.5e-05   21.2   0.0   108   175   201   265   197   278 0.76 -
12584_g              -           1523 3558at5794           -            661       0.2    9.4   0.0   1   2      0.19        75    0.9   0.0   105   124   831   850   822   859 0.88 -
12584_g              -           1523 3558at5794           -            661       0.2    9.4   0.0   2   2    0.0063       2.5    5.8   0.0   139   162  1157  1180  1149  1195 0.84 -
9939_g               -           1523 3558at5794           -            661       0.2    9.4   0.0   1   2      0.19        75    0.9   0.0   105   124   831   850   822   859 0.88 -
9939_g               -           1523 3558at5794           -            661       0.2    9.4   0.0   2   2    0.0063       2.5    5.8   0.0   139   162  1157  1180  1149  1195 0.84 -
#
# Program:         hmmsearch
# Version:         3.1b2 (February 2015)
# Pipeline mode:   SEARCH
# Query file:      /mnt/e/Bioinformatics/Semester2/BINP29/Malaria Project/Genomes/Parsed/busco_downloads/lineages/apicomplexa_odb10/hmms/3558at5794.hmm
# Target file:     /mnt/e/Bioinformatics/Semester2/BINP29/Malaria Project/Genomes/Parsed/Tg_new.faa
# Option settings: hmmsearch --domtblout /mnt/e/Bioinformatics/Semester2/BINP29/Malaria Project/Genomes/Parsed/Tg/run_apicomplexa_odb10/hmmer_output/initial_run_results/3558at5794.out --cpu 1 /mnt/e/Bioinformatics/Semester2/BINP29/Malaria Project/Genomes/Parsed/busco_downloads/lineages/apicomplexa_odb10/hmms/3558at5794.hmm /mnt/e/Bioinformatics/Semester2/BINP29/Malaria Project/Genomes/Parsed/Tg_new.faa 
# Current dir:     /mnt/e/Bioinformatics/Semester2/BINP29/Malaria Project/Genomes/Parsed
# Date:            Wed Mar  1 19:35:58 2023
# [ok]
