#                                                                            --- full sequence --- -------------- this domain -------------   hmm coord   ali coord   env coord
# target name        accession   tlen query name           accession   qlen   E-value  score  bias   #  of  c-Evalue  i-Evalue  score  bias  from    to  from    to  from    to  acc description of target
#------------------- ---------- ----- -------------------- ---------- ----- --------- ------ ----- --- --- --------- --------- ------ ----- ----- ----- ----- ----- ----- ----- ---- ---------------------
4334_g               -           1365 3686at5794           -            802  1.4e-286  953.0  24.7   1   9  3.5e-114  4.9e-112  375.7   3.4     1   172     4   175     4   183 0.98 -
4334_g               -           1365 3686at5794           -            802  1.4e-286  953.0  24.7   2   9   2.4e-79   3.4e-77  260.4   0.4   170   311   197   339   192   365 0.94 -
4334_g               -           1365 3686at5794           -            802  1.4e-286  953.0  24.7   3   9       2.1     3e+02   -0.7   0.0   326   352   452   482   446   487 0.71 -
4334_g               -           1365 3686at5794           -            802  1.4e-286  953.0  24.7   4   9     0.013       1.8    6.6   0.0   344   377   494   528   486   531 0.85 -
4334_g               -           1365 3686at5794           -            802  1.4e-286  953.0  24.7   5   9   2.3e-18   3.3e-16   58.7   0.0   377   449   575   664   541   701 0.78 -
4334_g               -           1365 3686at5794           -            802  1.4e-286  953.0  24.7   6   9    0.0033      0.46    8.6   0.1   459   497   725   767   689   773 0.82 -
4334_g               -           1365 3686at5794           -            802  1.4e-286  953.0  24.7   7   9   1.1e-19   1.6e-17   63.1   0.1   492   574   793   890   788   904 0.85 -
4334_g               -           1365 3686at5794           -            802  1.4e-286  953.0  24.7   8   9      0.13        18    3.3   0.0   590   622  1076  1108  1051  1116 0.82 -
4334_g               -           1365 3686at5794           -            802  1.4e-286  953.0  24.7   9   9   1.1e-55   1.5e-53  182.2   0.4   626   802  1147  1352  1136  1352 0.87 -
8274_g               -           1365 3686at5794           -            802  1.4e-286  953.0  24.7   1   9  3.5e-114  4.9e-112  375.7   3.4     1   172     4   175     4   183 0.98 -
8274_g               -           1365 3686at5794           -            802  1.4e-286  953.0  24.7   2   9   2.4e-79   3.4e-77  260.4   0.4   170   311   197   339   192   365 0.94 -
8274_g               -           1365 3686at5794           -            802  1.4e-286  953.0  24.7   3   9       2.1     3e+02   -0.7   0.0   326   352   452   482   446   487 0.71 -
8274_g               -           1365 3686at5794           -            802  1.4e-286  953.0  24.7   4   9     0.013       1.8    6.6   0.0   344   377   494   528   486   531 0.85 -
8274_g               -           1365 3686at5794           -            802  1.4e-286  953.0  24.7   5   9   2.3e-18   3.3e-16   58.7   0.0   377   449   575   664   541   701 0.78 -
8274_g               -           1365 3686at5794           -            802  1.4e-286  953.0  24.7   6   9    0.0033      0.46    8.6   0.1   459   497   725   767   689   773 0.82 -
8274_g               -           1365 3686at5794           -            802  1.4e-286  953.0  24.7   7   9   1.1e-19   1.6e-17   63.1   0.1   492   574   793   890   788   904 0.85 -
8274_g               -           1365 3686at5794           -            802  1.4e-286  953.0  24.7   8   9      0.13        18    3.3   0.0   590   622  1076  1108  1051  1116 0.82 -
8274_g               -           1365 3686at5794           -            802  1.4e-286  953.0  24.7   9   9   1.1e-55   1.5e-53  182.2   0.4   626   802  1147  1352  1136  1352 0.87 -
13216_g              -           1956 3686at5794           -            802   3.7e-46  157.8   0.9   1   5     2e-07   2.8e-05   22.6   0.0     7    51   285   329   280   334 0.90 -
13216_g              -           1956 3686at5794           -            802   3.7e-46  157.8   0.9   2   5   3.7e-11   5.2e-09   34.9   0.0    54   118   395   460   381   475 0.91 -
13216_g              -           1956 3686at5794           -            802   3.7e-46  157.8   0.9   3   5   3.3e-24   4.7e-22   78.1   0.3   121   225   585   692   575   699 0.84 -
13216_g              -           1956 3686at5794           -            802   3.7e-46  157.8   0.9   4   5      0.66        91    1.0   0.0   288   309   854   875   851   886 0.89 -
13216_g              -           1956 3686at5794           -            802   3.7e-46  157.8   0.9   5   5   9.5e-05     0.013   13.7   0.0   435   535  1286  1405  1277  1434 0.80 -
9449_g               -           1956 3686at5794           -            802   3.7e-46  157.8   0.9   1   5     2e-07   2.8e-05   22.6   0.0     7    51   285   329   280   334 0.90 -
9449_g               -           1956 3686at5794           -            802   3.7e-46  157.8   0.9   2   5   3.7e-11   5.2e-09   34.9   0.0    54   118   395   460   381   475 0.91 -
9449_g               -           1956 3686at5794           -            802   3.7e-46  157.8   0.9   3   5   3.3e-24   4.7e-22   78.1   0.3   121   225   585   692   575   699 0.84 -
9449_g               -           1956 3686at5794           -            802   3.7e-46  157.8   0.9   4   5      0.66        91    1.0   0.0   288   309   854   875   851   886 0.89 -
9449_g               -           1956 3686at5794           -            802   3.7e-46  157.8   0.9   5   5   9.5e-05     0.013   13.7   0.0   435   535  1286  1405  1277  1434 0.80 -
10695_g              -            901 3686at5794           -            802   4.6e-32  111.1   5.3   1   2   2.6e-09   3.7e-07   28.8   0.1    33   103   612   682   605   684 0.94 -
10695_g              -            901 3686at5794           -            802   4.6e-32  111.1   5.3   2   2   1.3e-28   1.9e-26   92.6   1.9    33   263   654   878   652   888 0.87 -
11492_g              -            901 3686at5794           -            802   4.6e-32  111.1   5.3   1   2   2.6e-09   3.7e-07   28.8   0.1    33   103   612   682   605   684 0.94 -
11492_g              -            901 3686at5794           -            802   4.6e-32  111.1   5.3   2   2   1.3e-28   1.9e-26   92.6   1.9    33   263   654   878   652   888 0.87 -
1903_g               -            660 3686at5794           -            802   4.3e-31  107.9   0.0   1   2   1.4e-26   1.9e-24   85.9   0.0    64   275   369   568   349   571 0.89 -
1903_g               -            660 3686at5794           -            802   4.3e-31  107.9   0.0   2   2   1.5e-06   0.00021   19.7   0.0   193   262   583   652   577   656 0.89 -
2359_g               -            660 3686at5794           -            802   4.3e-31  107.9   0.0   1   2   1.4e-26   1.9e-24   85.9   0.0    64   275   369   568   349   571 0.89 -
2359_g               -            660 3686at5794           -            802   4.3e-31  107.9   0.0   2   2   1.5e-06   0.00021   19.7   0.0   193   262   583   652   577   656 0.89 -
12917_g              -           1312 3686at5794           -            802   2.4e-30  105.5   6.3   1   4     8e-10   1.1e-07   30.5   0.0    85   155   543   613   536   629 0.90 -
12917_g              -           1312 3686at5794           -            802   2.4e-30  105.5   6.3   2   4   3.4e-09   4.8e-07   28.4   0.9    72   140   999  1068   996  1075 0.90 -
12917_g              -           1312 3686at5794           -            802   2.4e-30  105.5   6.3   3   4   7.5e-08     1e-05   24.0   0.1   108   163  1116  1175  1114  1177 0.85 -
12917_g              -           1312 3686at5794           -            802   2.4e-30  105.5   6.3   4   4   2.1e-10   2.9e-08   32.4   0.1    33   115  1171  1253  1170  1256 0.92 -
9745_g               -           1312 3686at5794           -            802   2.4e-30  105.5   6.3   1   4     8e-10   1.1e-07   30.5   0.0    85   155   543   613   536   629 0.90 -
9745_g               -           1312 3686at5794           -            802   2.4e-30  105.5   6.3   2   4   3.4e-09   4.8e-07   28.4   0.9    72   140   999  1068   996  1075 0.90 -
9745_g               -           1312 3686at5794           -            802   2.4e-30  105.5   6.3   3   4   7.5e-08     1e-05   24.0   0.1   108   163  1116  1175  1114  1177 0.85 -
9745_g               -           1312 3686at5794           -            802   2.4e-30  105.5   6.3   4   4   2.1e-10   2.9e-08   32.4   0.1    33   115  1171  1253  1170  1256 0.92 -
4491_g               -            712 3686at5794           -            802   3.5e-23   81.8   2.6   1   2      0.82   1.1e+02    0.7   0.0    22    59   349   386   343   428 0.77 -
4491_g               -            712 3686at5794           -            802   3.5e-23   81.8   2.6   2   2     2e-23   2.7e-21   75.5   1.1    42   268   451   693   446   696 0.83 -
8506_g               -            712 3686at5794           -            802   3.5e-23   81.8   2.6   1   2      0.82   1.1e+02    0.7   0.0    22    59   349   386   343   428 0.77 -
8506_g               -            712 3686at5794           -            802   3.5e-23   81.8   2.6   2   2     2e-23   2.7e-21   75.5   1.1    42   268   451   693   446   696 0.83 -
10432_g              -            385 3686at5794           -            802   1.2e-19   70.1   5.2   1   1   3.8e-21   5.3e-19   68.0   4.8    49   270    96   303    92   312 0.86 -
12827_g              -            385 3686at5794           -            802   1.2e-19   70.1   5.2   1   1   3.8e-21   5.3e-19   68.0   4.8    49   270    96   303    92   312 0.86 -
12555_g              -            763 3686at5794           -            802   5.2e-18   64.7   0.1   1   5       1.8   2.5e+02   -0.4   0.0   131   160   148   177   145   181 0.65 -
12555_g              -            763 3686at5794           -            802   5.2e-18   64.7   0.1   2   5   0.00017     0.023   12.9   0.1   130   216   322   409   316   409 0.83 -
12555_g              -            763 3686at5794           -            802   5.2e-18   64.7   0.1   3   5    0.0018      0.25    9.5   0.0    63    88   394   419   373   448 0.85 -
12555_g              -            763 3686at5794           -            802   5.2e-18   64.7   0.1   4   5   6.1e-06   0.00086   17.7   0.0   225   265   502   541   500   545 0.92 -
12555_g              -            763 3686at5794           -            802   5.2e-18   64.7   0.1   5   5   1.6e-07   2.3e-05   22.9   0.0   149   213   693   756   683   759 0.84 -
9966_g               -            763 3686at5794           -            802   5.2e-18   64.7   0.1   1   5       1.8   2.5e+02   -0.4   0.0   131   160   148   177   145   181 0.65 -
9966_g               -            763 3686at5794           -            802   5.2e-18   64.7   0.1   2   5   0.00017     0.023   12.9   0.1   130   216   322   409   316   409 0.83 -
9966_g               -            763 3686at5794           -            802   5.2e-18   64.7   0.1   3   5    0.0018      0.25    9.5   0.0    63    88   394   419   373   448 0.85 -
9966_g               -            763 3686at5794           -            802   5.2e-18   64.7   0.1   4   5   6.1e-06   0.00086   17.7   0.0   225   265   502   541   500   545 0.92 -
9966_g               -            763 3686at5794           -            802   5.2e-18   64.7   0.1   5   5   1.6e-07   2.3e-05   22.9   0.0   149   213   693   756   683   759 0.84 -
2645_g               -            951 3686at5794           -            802   1.2e-15   56.8   2.5   1   3   4.8e-09   6.7e-07   27.9   0.0    44   128   654   740   651   767 0.79 -
2645_g               -            951 3686at5794           -            802   1.2e-15   56.8   2.5   2   3   7.2e-07    0.0001   20.7   0.0    32   164   728   861   706   869 0.91 -
2645_g               -            951 3686at5794           -            802   1.2e-15   56.8   2.5   3   3   3.5e-05    0.0048   15.2   0.7    89   163   873   950   841   950 0.85 -
3326_g               -            951 3686at5794           -            802   1.2e-15   56.8   2.5   1   3   4.8e-09   6.7e-07   27.9   0.0    44   128   654   740   651   767 0.79 -
3326_g               -            951 3686at5794           -            802   1.2e-15   56.8   2.5   2   3   7.2e-07    0.0001   20.7   0.0    32   164   728   861   706   869 0.91 -
3326_g               -            951 3686at5794           -            802   1.2e-15   56.8   2.5   3   3   3.5e-05    0.0048   15.2   0.7    89   163   873   950   841   950 0.85 -
2907_g               -           1270 3686at5794           -            802     6e-15   54.5   0.1   1   1   8.6e-17   1.2e-14   53.6   0.1    13   166   734   896   724   904 0.89 -
3588_g               -           1270 3686at5794           -            802     6e-15   54.5   0.1   1   1   8.6e-17   1.2e-14   53.6   0.1    13   166   734   896   724   904 0.89 -
10633_g              -           2211 3686at5794           -            802   1.3e-14   53.5   0.4   1   4   8.2e-09   1.1e-06   27.2   0.0    31    94   782   845   768   891 0.88 -
10633_g              -           2211 3686at5794           -            802   1.3e-14   53.5   0.4   2   4      0.41        57    1.7   0.0   229   261  1058  1090  1047  1100 0.91 -
10633_g              -           2211 3686at5794           -            802   1.3e-14   53.5   0.4   3   4     4e-06   0.00055   18.3   0.0    47   120  1247  1320  1241  1328 0.84 -
10633_g              -           2211 3686at5794           -            802   1.3e-14   53.5   0.4   4   4       1.7   2.4e+02   -0.4   0.0   149   168  1854  1873  1850  1881 0.71 -
11430_g              -           2211 3686at5794           -            802   1.3e-14   53.5   0.4   1   4   8.2e-09   1.1e-06   27.2   0.0    31    94   782   845   768   891 0.88 -
11430_g              -           2211 3686at5794           -            802   1.3e-14   53.5   0.4   2   4      0.41        57    1.7   0.0   229   261  1058  1090  1047  1100 0.91 -
11430_g              -           2211 3686at5794           -            802   1.3e-14   53.5   0.4   3   4     4e-06   0.00055   18.3   0.0    47   120  1247  1320  1241  1328 0.84 -
11430_g              -           2211 3686at5794           -            802   1.3e-14   53.5   0.4   4   4       1.7   2.4e+02   -0.4   0.0   149   168  1854  1873  1850  1881 0.71 -
4276_g               -            711 3686at5794           -            802   5.5e-13   48.1   0.6   1   1   1.9e-14   2.7e-12   45.8   0.1    32   140   138   246   128   342 0.82 -
8329_g               -            711 3686at5794           -            802   5.5e-13   48.1   0.6   1   1   1.9e-14   2.7e-12   45.8   0.1    32   140   138   246   128   342 0.82 -
4504_g               -            463 3686at5794           -            802   5.6e-13   48.0   0.6   1   2   2.1e-11   2.9e-09   35.7   0.2   199   280   272   350   255   361 0.82 -
4504_g               -            463 3686at5794           -            802   5.6e-13   48.0   0.6   2   2   0.00044     0.061   11.5   0.1   174   214   367   407   344   413 0.70 -
8519_g               -            463 3686at5794           -            802   5.6e-13   48.0   0.6   1   2   2.1e-11   2.9e-09   35.7   0.2   199   280   272   350   255   361 0.82 -
8519_g               -            463 3686at5794           -            802   5.6e-13   48.0   0.6   2   2   0.00044     0.061   11.5   0.1   174   214   367   407   344   413 0.70 -
10137_g              -            930 3686at5794           -            802   2.4e-11   42.6   3.9   1   4      0.12        17    3.5   0.1   133   162   178   207   163   236 0.61 -
10137_g              -            930 3686at5794           -            802   2.4e-11   42.6   3.9   2   4   1.3e-11   1.9e-09   36.4   0.1   129   217   485   566   480   574 0.89 -
10137_g              -            930 3686at5794           -            802   2.4e-11   42.6   3.9   3   4      0.74     1e+02    0.8   0.0   134   163   826   855   820   888 0.68 -
10137_g              -            930 3686at5794           -            802   2.4e-11   42.6   3.9   4   4       7.2     1e+03   -2.4   0.0    60    82   906   928   903   929 0.76 -
12384_g              -            930 3686at5794           -            802   2.4e-11   42.6   3.9   1   4      0.12        17    3.5   0.1   133   162   178   207   163   236 0.61 -
12384_g              -            930 3686at5794           -            802   2.4e-11   42.6   3.9   2   4   1.3e-11   1.9e-09   36.4   0.1   129   217   485   566   480   574 0.89 -
12384_g              -            930 3686at5794           -            802   2.4e-11   42.6   3.9   3   4      0.74     1e+02    0.8   0.0   134   163   826   855   820   888 0.68 -
12384_g              -            930 3686at5794           -            802   2.4e-11   42.6   3.9   4   4       7.2     1e+03   -2.4   0.0    60    82   906   928   903   929 0.76 -
170_g                -          10107 3686at5794           -            802     1e-09   37.3   0.0   1   4     0.045       6.3    4.9   0.0   195   263   162   232   155   241 0.77 -
170_g                -          10107 3686at5794           -            802     1e-09   37.3   0.0   2   4      0.91   1.3e+02    0.5   0.0   111   152   555   596   540   600 0.87 -
170_g                -          10107 3686at5794           -            802     1e-09   37.3   0.0   3   4       1.5   2.1e+02   -0.2   0.0   203   273   629   696   623   701 0.75 -
170_g                -          10107 3686at5794           -            802     1e-09   37.3   0.0   4   4   3.1e-08   4.3e-06   25.2   0.2    33    84   751   805   739   807 0.90 -
220_g                -          10120 3686at5794           -            802     1e-09   37.2   0.0   1   4     0.045       6.3    4.9   0.0   195   263   175   245   168   254 0.77 -
220_g                -          10120 3686at5794           -            802     1e-09   37.2   0.0   2   4      0.91   1.3e+02    0.5   0.0   111   152   568   609   553   613 0.87 -
220_g                -          10120 3686at5794           -            802     1e-09   37.2   0.0   3   4       1.5   2.1e+02   -0.2   0.0   203   273   642   709   636   714 0.75 -
220_g                -          10120 3686at5794           -            802     1e-09   37.2   0.0   4   4   3.1e-08   4.3e-06   25.2   0.2    33    84   764   818   752   820 0.90 -
10787_g              -            342 3686at5794           -            802   2.1e-09   36.2   0.2   1   3    0.0002     0.028   12.6   0.0   232   276     9    54     2    92 0.74 -
10787_g              -            342 3686at5794           -            802   2.1e-09   36.2   0.2   2   3      0.11        16    3.5   0.1    48    79    91   122    66   128 0.55 -
10787_g              -            342 3686at5794           -            802   2.1e-09   36.2   0.2   3   3   9.5e-06    0.0013   17.0   0.0    50    89   236   275   220   289 0.88 -
11584_g              -            342 3686at5794           -            802   2.1e-09   36.2   0.2   1   3    0.0002     0.028   12.6   0.0   232   276     9    54     2    92 0.74 -
11584_g              -            342 3686at5794           -            802   2.1e-09   36.2   0.2   2   3      0.11        16    3.5   0.1    48    79    91   122    66   128 0.55 -
11584_g              -            342 3686at5794           -            802   2.1e-09   36.2   0.2   3   3   9.5e-06    0.0013   17.0   0.0    50    89   236   275   220   289 0.88 -
2855_g               -           1851 3686at5794           -            802   3.7e-09   35.4   0.1   1   2    0.0025      0.34    9.0   0.0   184   270  1520  1603  1516  1607 0.88 -
2855_g               -           1851 3686at5794           -            802   3.7e-09   35.4   0.1   2   2   8.1e-08   1.1e-05   23.9   0.1   202   275  1676  1746  1666  1748 0.87 -
3536_g               -           1851 3686at5794           -            802   3.7e-09   35.4   0.1   1   2    0.0025      0.34    9.0   0.0   184   270  1520  1603  1516  1607 0.88 -
3536_g               -           1851 3686at5794           -            802   3.7e-09   35.4   0.1   2   2   8.1e-08   1.1e-05   23.9   0.1   202   275  1676  1746  1666  1748 0.87 -
2734_g               -           1607 3686at5794           -            802   2.5e-08   32.6   0.3   1   3   6.6e-08   9.2e-06   24.2   0.0    66   218   625   769   619   779 0.80 -
2734_g               -           1607 3686at5794           -            802   2.5e-08   32.6   0.3   2   3       1.6   2.2e+02   -0.2   0.0   108   138   755   784   749   788 0.72 -
2734_g               -           1607 3686at5794           -            802   2.5e-08   32.6   0.3   3   3     0.037       5.2    5.1   0.0   191   264   879   954   876   968 0.73 -
3415_g               -           1607 3686at5794           -            802   2.5e-08   32.6   0.3   1   3   6.6e-08   9.2e-06   24.2   0.0    66   218   625   769   619   779 0.80 -
3415_g               -           1607 3686at5794           -            802   2.5e-08   32.6   0.3   2   3       1.6   2.2e+02   -0.2   0.0   108   138   755   784   749   788 0.72 -
3415_g               -           1607 3686at5794           -            802   2.5e-08   32.6   0.3   3   3     0.037       5.2    5.1   0.0   191   264   879   954   876   968 0.73 -
6987_g               -            718 3686at5794           -            802   5.4e-08   31.5   0.0   1   2     3e-07   4.1e-05   22.0   0.0    24    81   517   575   493   579 0.84 -
6987_g               -            718 3686at5794           -            802   5.4e-08   31.5   0.0   2   2      0.01       1.5    7.0   0.0    54   102   638   684   632   699 0.84 -
7925_g               -            718 3686at5794           -            802   5.4e-08   31.5   0.0   1   2     3e-07   4.1e-05   22.0   0.0    24    81   517   575   493   579 0.84 -
7925_g               -            718 3686at5794           -            802   5.4e-08   31.5   0.0   2   2      0.01       1.5    7.0   0.0    54   102   638   684   632   699 0.84 -
7320_g               -           1128 3686at5794           -            802   7.1e-08   31.1   0.0   1   2       7.9   1.1e+03   -2.6   0.0    16    61   345   392   340   404 0.82 -
7320_g               -           1128 3686at5794           -            802   7.1e-08   31.1   0.0   2   2   1.5e-09   2.1e-07   29.6   0.0    24    82   410   469   398   493 0.88 -
7599_g               -           1128 3686at5794           -            802   7.1e-08   31.1   0.0   1   2       7.9   1.1e+03   -2.6   0.0    16    61   345   392   340   404 0.82 -
7599_g               -           1128 3686at5794           -            802   7.1e-08   31.1   0.0   2   2   1.5e-09   2.1e-07   29.6   0.0    24    82   410   469   398   493 0.88 -
13034_g              -           2694 3686at5794           -            802   1.9e-07   29.7   0.0   1   2       6.2   8.7e+02   -2.2   0.0    50    92  1860  1903  1856  1916 0.60 -
13034_g              -           2694 3686at5794           -            802   1.9e-07   29.7   0.0   2   2   7.4e-09     1e-06   27.3   0.0   184   274  2145  2232  2123  2235 0.87 -
9631_g               -           2694 3686at5794           -            802   1.9e-07   29.7   0.0   1   2       6.2   8.7e+02   -2.2   0.0    50    92  1860  1903  1856  1916 0.60 -
9631_g               -           2694 3686at5794           -            802   1.9e-07   29.7   0.0   2   2   7.4e-09     1e-06   27.3   0.0   184   274  2145  2232  2123  2235 0.87 -
1961_g               -            676 3686at5794           -            802   3.6e-07   28.8   0.0   1   3   0.00055     0.077   11.2   0.0   182   253   345   415   327   424 0.84 -
1961_g               -            676 3686at5794           -            802   3.6e-07   28.8   0.0   2   3     0.022       3.1    5.9   0.0   152   217   470   547   469   571 0.64 -
1961_g               -            676 3686at5794           -            802   3.6e-07   28.8   0.0   3   3     0.025       3.5    5.7   0.0    66   102   589   625   580   634 0.53 -
2299_g               -            676 3686at5794           -            802   3.6e-07   28.8   0.0   1   3   0.00055     0.077   11.2   0.0   182   253   345   415   327   424 0.84 -
2299_g               -            676 3686at5794           -            802   3.6e-07   28.8   0.0   2   3     0.022       3.1    5.9   0.0   152   217   470   547   469   571 0.64 -
2299_g               -            676 3686at5794           -            802   3.6e-07   28.8   0.0   3   3     0.025       3.5    5.7   0.0    66   102   589   625   580   634 0.53 -
2835_g               -            809 3686at5794           -            802   3.6e-07   28.8   0.9   1   4       2.9   4.1e+02   -1.1   0.0   147   168   366   387   364   395 0.78 -
2835_g               -            809 3686at5794           -            802   3.6e-07   28.8   0.9   2   4   2.7e-08   3.8e-06   25.4   0.1   230   278   437   485   426   494 0.90 -
2835_g               -            809 3686at5794           -            802   3.6e-07   28.8   0.9   3   4       3.6   5.1e+02   -1.4   0.0   236   265   568   597   565   607 0.79 -
2835_g               -            809 3686at5794           -            802   3.6e-07   28.8   0.9   4   4       4.7   6.5e+02   -1.8   0.0    48   165   698   731   689   735 0.55 -
3516_g               -            809 3686at5794           -            802   3.6e-07   28.8   0.9   1   4       2.9   4.1e+02   -1.1   0.0   147   168   366   387   364   395 0.78 -
3516_g               -            809 3686at5794           -            802   3.6e-07   28.8   0.9   2   4   2.7e-08   3.8e-06   25.4   0.1   230   278   437   485   426   494 0.90 -
3516_g               -            809 3686at5794           -            802   3.6e-07   28.8   0.9   3   4       3.6   5.1e+02   -1.4   0.0   236   265   568   597   565   607 0.79 -
3516_g               -            809 3686at5794           -            802   3.6e-07   28.8   0.9   4   4       4.7   6.5e+02   -1.8   0.0    48   165   698   731   689   735 0.55 -
6014_g               -           1018 3686at5794           -            802   4.7e-07   28.4   0.4   1   1   1.5e-07   2.1e-05   23.0   0.6    96   166   461   546   428   603 0.63 -
6237_g               -           1018 3686at5794           -            802   4.7e-07   28.4   0.4   1   1   1.5e-07   2.1e-05   23.0   0.6    96   166   461   546   428   603 0.63 -
4983_g               -           1585 3686at5794           -            802   1.9e-06   26.4   0.0   1   2   6.7e-06   0.00094   17.5   0.0   138   220   926  1012   917  1019 0.79 -
4983_g               -           1585 3686at5794           -            802   1.9e-06   26.4   0.0   2   2     0.018       2.5    6.2   0.0   203   261  1119  1190  1088  1197 0.54 -
5455_g               -           1585 3686at5794           -            802   1.9e-06   26.4   0.0   1   2   6.7e-06   0.00094   17.5   0.0   138   220   926  1012   917  1019 0.79 -
5455_g               -           1585 3686at5794           -            802   1.9e-06   26.4   0.0   2   2     0.018       2.5    6.2   0.0   203   261  1119  1190  1088  1197 0.54 -
4982_g               -            833 3686at5794           -            802   4.3e-06   25.3   0.0   1   4     0.006      0.84    7.8   0.0   204   267   292   360   287   368 0.69 -
4982_g               -            833 3686at5794           -            802   4.3e-06   25.3   0.0   2   4         3   4.2e+02   -1.2   0.0    45    61   408   424   403   432 0.72 -
4982_g               -            833 3686at5794           -            802   4.3e-06   25.3   0.0   3   4   0.00021     0.029   12.6   0.0   204   267   449   508   435   519 0.75 -
4982_g               -            833 3686at5794           -            802   4.3e-06   25.3   0.0   4   4       6.5     9e+02   -2.3   0.0    64    82   682   700   667   703 0.59 -
5454_g               -            833 3686at5794           -            802   4.3e-06   25.3   0.0   1   4     0.006      0.84    7.8   0.0   204   267   292   360   287   368 0.69 -
5454_g               -            833 3686at5794           -            802   4.3e-06   25.3   0.0   2   4         3   4.2e+02   -1.2   0.0    45    61   408   424   403   432 0.72 -
5454_g               -            833 3686at5794           -            802   4.3e-06   25.3   0.0   3   4   0.00021     0.029   12.6   0.0   204   267   449   508   435   519 0.75 -
5454_g               -            833 3686at5794           -            802   4.3e-06   25.3   0.0   4   4       6.5     9e+02   -2.3   0.0    64    82   682   700   667   703 0.59 -
5706_g               -           1996 3686at5794           -            802   8.3e-06   24.3   0.3   1   1   1.2e-07   1.7e-05   23.3   0.3    98   162  1799  1862  1783  1868 0.59 -
6541_g               -           1996 3686at5794           -            802   8.3e-06   24.3   0.3   1   1   1.2e-07   1.7e-05   23.3   0.3    98   162  1799  1862  1783  1868 0.59 -
2993_g               -            681 3686at5794           -            802     9e-06   24.2   0.0   1   2    0.0031      0.43    8.7   0.0   231   264    77   110    70   117 0.86 -
2993_g               -            681 3686at5794           -            802     9e-06   24.2   0.0   2   2   0.00012     0.017   13.3   0.0   230   265   221   256   216   261 0.92 -
3674_g               -            681 3686at5794           -            802     9e-06   24.2   0.0   1   2    0.0031      0.43    8.7   0.0   231   264    77   110    70   117 0.86 -
3674_g               -            681 3686at5794           -            802     9e-06   24.2   0.0   2   2   0.00012     0.017   13.3   0.0   230   265   221   256   216   261 0.92 -
2132_g               -            698 3686at5794           -            802   1.6e-05   23.4   0.2   1   3       4.2   5.9e+02   -1.6   0.0    12   209   271   288   266   294 0.53 -
2132_g               -            698 3686at5794           -            802   1.6e-05   23.4   0.2   2   3      0.41        58    1.7   0.1    50   122   470   547   469   554 0.62 -
2132_g               -            698 3686at5794           -            802   1.6e-05   23.4   0.2   3   3   8.5e-07   0.00012   20.5   0.1    11   122   521   642   514   696 0.79 -
2427_g               -            698 3686at5794           -            802   1.6e-05   23.4   0.2   1   3       4.2   5.9e+02   -1.6   0.0    12   209   271   288   266   294 0.53 -
2427_g               -            698 3686at5794           -            802   1.6e-05   23.4   0.2   2   3      0.41        58    1.7   0.1    50   122   470   547   469   554 0.62 -
2427_g               -            698 3686at5794           -            802   1.6e-05   23.4   0.2   3   3   8.5e-07   0.00012   20.5   0.1    11   122   521   642   514   696 0.79 -
3925_g               -           3452 3686at5794           -            802    0.0002   19.8   0.0   1   3       1.3   1.8e+02    0.0   0.0   248   265  1248  1265  1235  1280 0.63 -
3925_g               -           3452 3686at5794           -            802    0.0002   19.8   0.0   2   3       2.6   3.7e+02   -1.0   0.0    64   100  2016  2052  2004  2057 0.78 -
3925_g               -           3452 3686at5794           -            802    0.0002   19.8   0.0   3   3   2.6e-05    0.0036   15.6   0.0   203   271  2153  2218  2148  2222 0.85 -
8705_g               -           3452 3686at5794           -            802    0.0002   19.8   0.0   1   3       1.3   1.8e+02    0.0   0.0   248   265  1248  1265  1235  1280 0.63 -
8705_g               -           3452 3686at5794           -            802    0.0002   19.8   0.0   2   3       2.6   3.7e+02   -1.0   0.0    64   100  2016  2052  2004  2057 0.78 -
8705_g               -           3452 3686at5794           -            802    0.0002   19.8   0.0   3   3   2.6e-05    0.0036   15.6   0.0   203   271  2153  2218  2148  2222 0.85 -
7315_g               -           1626 3686at5794           -            802   0.00025   19.4   0.6   1   2     0.011       1.5    6.9   0.1   228   271   351   394   344   399 0.88 -
7315_g               -           1626 3686at5794           -            802   0.00025   19.4   0.6   2   2   0.00079      0.11   10.7   0.1   178   260   491   571   476   634 0.79 -
7604_g               -           1626 3686at5794           -            802   0.00025   19.4   0.6   1   2     0.011       1.5    6.9   0.1   228   271   351   394   344   399 0.88 -
7604_g               -           1626 3686at5794           -            802   0.00025   19.4   0.6   2   2   0.00079      0.11   10.7   0.1   178   260   491   571   476   634 0.79 -
7441_g               -            949 3686at5794           -            802   0.00039   18.8   0.3   1   2   0.00022      0.03   12.5   0.1   145   282   699   822   685   836 0.55 -
7441_g               -            949 3686at5794           -            802   0.00039   18.8   0.3   2   2       5.9   8.2e+02   -2.1   0.0   215   262   901   946   898   947 0.88 -
7478_g               -            949 3686at5794           -            802   0.00039   18.8   0.3   1   2   0.00022      0.03   12.5   0.1   145   282   699   822   685   836 0.55 -
7478_g               -            949 3686at5794           -            802   0.00039   18.8   0.3   2   2       5.9   8.2e+02   -2.1   0.0   215   262   901   946   898   947 0.88 -
307_g                -            539 3686at5794           -            802   0.00046   18.5   0.0   1   1     5e-06   0.00069   18.0   0.0   138   218   188   275   180   283 0.80 -
84_g                 -            539 3686at5794           -            802   0.00046   18.5   0.0   1   1     5e-06   0.00069   18.0   0.0   138   218   188   275   180   283 0.80 -
6921_g               -           3004 3686at5794           -            802   0.00057   18.2   0.5   1   5       1.4     2e+02   -0.1   0.0    63    96   168   201   162   208 0.79 -
6921_g               -           3004 3686at5794           -            802   0.00057   18.2   0.5   2   5       3.4   4.7e+02   -1.3   0.0    65    89   285   309   282   312 0.79 -
6921_g               -           3004 3686at5794           -            802   0.00057   18.2   0.5   3   5       1.3   1.8e+02    0.1   0.0   232   272   799   837   795   864 0.64 -
6921_g               -           3004 3686at5794           -            802   0.00057   18.2   0.5   4   5     0.092        13    3.8   0.0   177   219  1019  1062   996  1081 0.72 -
6921_g               -           3004 3686at5794           -            802   0.00057   18.2   0.5   5   5     0.011       1.5    6.9   0.0   245   270  1222  1246  1209  1251 0.85 -
7991_g               -           3004 3686at5794           -            802   0.00057   18.2   0.5   1   5       1.4     2e+02   -0.1   0.0    63    96   168   201   162   208 0.79 -
7991_g               -           3004 3686at5794           -            802   0.00057   18.2   0.5   2   5       3.4   4.7e+02   -1.3   0.0    65    89   285   309   282   312 0.79 -
7991_g               -           3004 3686at5794           -            802   0.00057   18.2   0.5   3   5       1.3   1.8e+02    0.1   0.0   232   272   799   837   795   864 0.64 -
7991_g               -           3004 3686at5794           -            802   0.00057   18.2   0.5   4   5     0.092        13    3.8   0.0   177   219  1019  1062   996  1081 0.72 -
7991_g               -           3004 3686at5794           -            802   0.00057   18.2   0.5   5   5     0.011       1.5    6.9   0.0   245   270  1222  1246  1209  1251 0.85 -
10018_g              -           2991 3686at5794           -            802   0.00061   18.1   0.4   1   1   7.8e-06    0.0011   17.3   0.0    22    79   992  1049   979  1053 0.60 -
12500_g              -           2991 3686at5794           -            802   0.00061   18.1   0.4   1   1   7.8e-06    0.0011   17.3   0.0    22    79   992  1049   979  1053 0.60 -
1682_g               -            474 3686at5794           -            802   0.00064   18.1   0.0   1   1   6.6e-06   0.00092   17.5   0.0    63   114    57   108    54   111 0.92 -
865_g                -            474 3686at5794           -            802   0.00064   18.1   0.0   1   1   6.6e-06   0.00092   17.5   0.0    63   114    57   108    54   111 0.92 -
508_g                -            772 3686at5794           -            802    0.0011   17.3   0.2   1   2       9.3   1.3e+03   -2.8   0.1    50    83   352   386   346   408 0.71 -
508_g                -            772 3686at5794           -            802    0.0011   17.3   0.2   2   2   1.6e-05    0.0023   16.2   0.0   194   317   475   601   452   611 0.73 -
665_g                -            772 3686at5794           -            802    0.0011   17.3   0.2   1   2       9.3   1.3e+03   -2.8   0.1    50    83   352   386   346   408 0.71 -
665_g                -            772 3686at5794           -            802    0.0011   17.3   0.2   2   2   1.6e-05    0.0023   16.2   0.0   194   317   475   601   452   611 0.73 -
6847_g               -           1354 3686at5794           -            802    0.0022   16.3   0.0   1   1   2.3e-05    0.0032   15.8   0.0   126   258   515   654   510   660 0.87 -
8067_g               -           1354 3686at5794           -            802    0.0022   16.3   0.0   1   1   2.3e-05    0.0032   15.8   0.0   126   258   515   654   510   660 0.87 -
516_g                -           2273 3686at5794           -            802    0.0025   16.1   0.1   1   2   0.00043      0.06   11.6   0.0   183   241   550   609   537   614 0.76 -
516_g                -           2273 3686at5794           -            802    0.0025   16.1   0.1   2   2      0.28        39    2.3   0.0   180   218  2015  2059  1989  2064 0.67 -
657_g                -           2273 3686at5794           -            802    0.0025   16.1   0.1   1   2   0.00043      0.06   11.6   0.0   183   241   550   609   537   614 0.76 -
657_g                -           2273 3686at5794           -            802    0.0025   16.1   0.1   2   2      0.28        39    2.3   0.0   180   218  2015  2059  1989  2064 0.67 -
10038_g              -            618 3686at5794           -            802     0.003   15.9   1.0   1   3       9.9   1.4e+03   -2.9   0.0   178   218   271   312   254   316 0.63 -
10038_g              -            618 3686at5794           -            802     0.003   15.9   1.0   2   3      0.72     1e+02    0.9   0.0   203   251   422   471   418   476 0.83 -
10038_g              -            618 3686at5794           -            802     0.003   15.9   1.0   3   3   0.00021     0.029   12.6   0.2   114   169   495   552   488   565 0.76 -
12482_g              -            618 3686at5794           -            802     0.003   15.9   1.0   1   3       9.9   1.4e+03   -2.9   0.0   178   218   271   312   254   316 0.63 -
12482_g              -            618 3686at5794           -            802     0.003   15.9   1.0   2   3      0.72     1e+02    0.9   0.0   203   251   422   471   418   476 0.83 -
12482_g              -            618 3686at5794           -            802     0.003   15.9   1.0   3   3   0.00021     0.029   12.6   0.2   114   169   495   552   488   565 0.76 -
7061_g               -           3573 3686at5794           -            802    0.0032   15.8   0.1   1   1   5.1e-05    0.0071   14.6   0.0   194   265  3498  3567  3492  3571 0.77 -
7855_g               -           3573 3686at5794           -            802    0.0032   15.8   0.1   1   1   5.1e-05    0.0071   14.6   0.0   194   265  3498  3567  3492  3571 0.77 -
6622_g               -           1051 3686at5794           -            802    0.0034   15.6   0.0   1   2   0.00087      0.12   10.5   0.0   130   163   400   435   391   451 0.77 -
6622_g               -           1051 3686at5794           -            802    0.0034   15.6   0.0   2   2      0.25        35    2.4   0.0    12    94   578   668   572   706 0.63 -
5624_g               -           1082 3686at5794           -            802    0.0037   15.5   0.0   1   2   0.00089      0.12   10.5   0.0   130   163   400   435   391   451 0.77 -
5624_g               -           1082 3686at5794           -            802    0.0037   15.5   0.0   2   2      0.26        36    2.3   0.0    12    94   578   668   572   706 0.63 -
12597_g              -           2081 3686at5794           -            802    0.0041   15.4   0.0   1   2    0.0047      0.66    8.1   0.0   183   216   457   490   444   498 0.70 -
12597_g              -           2081 3686at5794           -            802    0.0041   15.4   0.0   2   2      0.16        22    3.1   0.0    66    99   622   655   611   701 0.52 -
9926_g               -           2081 3686at5794           -            802    0.0041   15.4   0.0   1   2    0.0047      0.66    8.1   0.0   183   216   457   490   444   498 0.70 -
9926_g               -           2081 3686at5794           -            802    0.0041   15.4   0.0   2   2      0.16        22    3.1   0.0    66    99   622   655   611   701 0.52 -
5705_g               -            344 3686at5794           -            802    0.0045   15.3   0.0   1   1   4.4e-05    0.0061   14.8   0.0    46    84   279   317   270   325 0.70 -
6542_g               -            344 3686at5794           -            802    0.0045   15.3   0.0   1   1   4.4e-05    0.0061   14.8   0.0    46    84   279   317   270   325 0.70 -
15731_g              -            178 3686at5794           -            802    0.0047   15.2   0.0   1   2    0.0065       0.9    7.7   0.0   111   152    39    80    20    84 0.87 -
15731_g              -            178 3686at5794           -            802    0.0047   15.2   0.0   2   2     0.027       3.7    5.6   0.0   203   264   113   171   103   176 0.62 -
3966_g               -            673 3686at5794           -            802    0.0048   15.2   0.1   1   4       4.1   5.7e+02   -1.6   0.0    64    89     6    31     5    36 0.78 -
3966_g               -            673 3686at5794           -            802    0.0048   15.2   0.1   2   4       1.8   2.5e+02   -0.4   0.0   226   243   128   145    98   158 0.80 -
3966_g               -            673 3686at5794           -            802    0.0048   15.2   0.1   3   4      0.32        45    2.1   0.0    65   121   179   193   169   204 0.60 -
3966_g               -            673 3686at5794           -            802    0.0048   15.2   0.1   4   4    0.0063      0.88    7.7   0.1   185   220   598   633   589   640 0.88 -
8746_g               -            673 3686at5794           -            802    0.0048   15.2   0.1   1   4       4.1   5.7e+02   -1.6   0.0    64    89     6    31     5    36 0.78 -
8746_g               -            673 3686at5794           -            802    0.0048   15.2   0.1   2   4       1.8   2.5e+02   -0.4   0.0   226   243   128   145    98   158 0.80 -
8746_g               -            673 3686at5794           -            802    0.0048   15.2   0.1   3   4      0.32        45    2.1   0.0    65   121   179   193   169   204 0.60 -
8746_g               -            673 3686at5794           -            802    0.0048   15.2   0.1   4   4    0.0063      0.88    7.7   0.1   185   220   598   633   589   640 0.88 -
10425_g              -            645 3686at5794           -            802    0.0049   15.1   1.2   1   1   0.00016     0.022   13.0   0.0    86   167    70   161    53   175 0.61 -
12834_g              -            645 3686at5794           -            802    0.0049   15.1   1.2   1   1   0.00016     0.022   13.0   0.0    86   167    70   161    53   175 0.61 -
12877_g              -            633 3686at5794           -            802    0.0054   15.0   0.0   1   2     0.088        12    3.9   0.0   194   270   201   279   196   286 0.81 -
12877_g              -            633 3686at5794           -            802    0.0054   15.0   0.0   2   2     0.003      0.41    8.8   0.0    10    80   383   452   375   459 0.90 -
8996_g               -            633 3686at5794           -            802    0.0054   15.0   0.0   1   2     0.088        12    3.9   0.0   194   270   201   279   196   286 0.81 -
8996_g               -            633 3686at5794           -            802    0.0054   15.0   0.0   2   2     0.003      0.41    8.8   0.0    10    80   383   452   375   459 0.90 -
5020_g               -            662 3686at5794           -            802    0.0056   15.0   0.1   1   2   0.00072       0.1   10.8   0.1   132   216   135   213   128   218 0.72 -
5020_g               -            662 3686at5794           -            802    0.0056   15.0   0.1   2   2     0.063       8.9    4.4   0.0   132   166   184   217   181   230 0.84 -
5492_g               -            662 3686at5794           -            802    0.0056   15.0   0.1   1   2   0.00072       0.1   10.8   0.1   132   216   135   213   128   218 0.72 -
5492_g               -            662 3686at5794           -            802    0.0056   15.0   0.1   2   2     0.063       8.9    4.4   0.0   132   166   184   217   181   230 0.84 -
2020_g               -           1564 3686at5794           -            802     0.007   14.6   0.2   1   4      0.12        17    3.4   0.0   237   285   881   927   868   932 0.77 -
2020_g               -           1564 3686at5794           -            802     0.007   14.6   0.2   2   4       7.3     1e+03   -2.4   0.0   235   262  1009  1036  1000  1051 0.70 -
2020_g               -           1564 3686at5794           -            802     0.007   14.6   0.2   3   4      0.01       1.4    7.0   0.0   110   165  1130  1187  1123  1195 0.66 -
2020_g               -           1564 3686at5794           -            802     0.007   14.6   0.2   4   4       3.5   4.8e+02   -1.4   0.0   142   165  1356  1379  1351  1383 0.76 -
2239_g               -           1589 3686at5794           -            802    0.0074   14.6   0.2   1   4      0.13        18    3.4   0.0   237   285   881   927   868   932 0.77 -
2239_g               -           1589 3686at5794           -            802    0.0074   14.6   0.2   2   4       7.4     1e+03   -2.5   0.0   235   262  1009  1036  1000  1051 0.70 -
2239_g               -           1589 3686at5794           -            802    0.0074   14.6   0.2   3   4      0.01       1.4    7.0   0.0   110   165  1130  1187  1123  1195 0.66 -
2239_g               -           1589 3686at5794           -            802    0.0074   14.6   0.2   4   4       3.5   4.9e+02   -1.4   0.0   142   165  1356  1379  1351  1383 0.76 -
5658_g               -           2126 3686at5794           -            802     0.011   14.0   0.0   1   1   0.00012     0.017   13.3   0.0   139   208  1728  1795  1721  1804 0.69 -
6589_g               -           2126 3686at5794           -            802     0.011   14.0   0.0   1   1   0.00012     0.017   13.3   0.0   139   208  1728  1795  1721  1804 0.69 -
11045_g              -           1827 3686at5794           -            802     0.013   13.8   0.0   1   2   0.00059     0.083   11.1   0.0    27    81   728   783   715   799 0.66 -
11045_g              -           1827 3686at5794           -            802     0.013   13.8   0.0   2   2       2.6   3.7e+02   -1.0   0.0   231   277  1753  1798  1750  1799 0.79 -
11842_g              -           1827 3686at5794           -            802     0.013   13.8   0.0   1   2   0.00059     0.083   11.1   0.0    27    81   728   783   715   799 0.66 -
11842_g              -           1827 3686at5794           -            802     0.013   13.8   0.0   2   2       2.6   3.7e+02   -1.0   0.0   231   277  1753  1798  1750  1799 0.79 -
4945_g               -           1145 3686at5794           -            802     0.025   12.8   0.0   1   2     0.002      0.28    9.3   0.1    34   176     4   144     2   147 0.92 -
4945_g               -           1145 3686at5794           -            802     0.025   12.8   0.0   2   2    0.0038      0.54    8.4   0.0   248   308   117   180    91   192 0.77 -
5417_g               -           1145 3686at5794           -            802     0.025   12.8   0.0   1   2     0.002      0.28    9.3   0.1    34   176     4   144     2   147 0.92 -
5417_g               -           1145 3686at5794           -            802     0.025   12.8   0.0   2   2    0.0038      0.54    8.4   0.0   248   308   117   180    91   192 0.77 -
6089_g               -            780 3686at5794           -            802     0.026   12.8   0.0   1   2      0.15        21    3.1   0.0    53    81   202   230   186   260 0.53 -
6089_g               -            780 3686at5794           -            802     0.026   12.8   0.0   2   2     0.007      0.98    7.5   0.0   204   268   346   409   341   442 0.89 -
6164_g               -            780 3686at5794           -            802     0.026   12.8   0.0   1   2      0.15        21    3.1   0.0    53    81   202   230   186   260 0.53 -
6164_g               -            780 3686at5794           -            802     0.026   12.8   0.0   2   2     0.007      0.98    7.5   0.0   204   268   346   409   341   442 0.89 -
13224_g              -           1305 3686at5794           -            802     0.041   12.1   0.0   1   2      0.05         7    4.7   0.0   141   171   627   657   621   681 0.82 -
13224_g              -           1305 3686at5794           -            802     0.041   12.1   0.0   2   2     0.036         5    5.2   0.0     9    49  1088  1128  1082  1131 0.92 -
5687_g               -           1245 3686at5794           -            802     0.057   11.6   0.0   1   1    0.0007     0.097   10.9   0.0   199   267  1110  1183  1101  1193 0.79 -
6560_g               -           1245 3686at5794           -            802     0.057   11.6   0.0   1   1    0.0007     0.097   10.9   0.0   199   267  1110  1183  1101  1193 0.79 -
2698_g               -           1343 3686at5794           -            802      0.23    9.6   0.0   1   2      0.67        93    1.0   0.0   201   218   611   628   574   636 0.64 -
2698_g               -           1343 3686at5794           -            802      0.23    9.6   0.0   2   2      0.02       2.8    6.0   0.0   151   217  1111  1183  1106  1193 0.85 -
3379_g               -           1343 3686at5794           -            802      0.23    9.6   0.0   1   2      0.67        93    1.0   0.0   201   218   611   628   574   636 0.64 -
3379_g               -           1343 3686at5794           -            802      0.23    9.6   0.0   2   2      0.02       2.8    6.0   0.0   151   217  1111  1183  1106  1193 0.85 -
7424_g               -            867 3686at5794           -            802      0.26    9.5   0.1   1   3       1.2   1.7e+02    0.1   0.0    12    57   492   537   485   542 0.86 -
7424_g               -            867 3686at5794           -            802      0.26    9.5   0.1   2   3      0.16        22    3.1   0.0   135   166   580   611   569   617 0.78 -
7424_g               -            867 3686at5794           -            802      0.26    9.5   0.1   3   3      0.38        53    1.8   0.0    54    78   695   719   691   723 0.45 -
7496_g               -            867 3686at5794           -            802      0.26    9.5   0.1   1   3       1.2   1.7e+02    0.1   0.0    12    57   492   537   485   542 0.86 -
7496_g               -            867 3686at5794           -            802      0.26    9.5   0.1   2   3      0.16        22    3.1   0.0   135   166   580   611   569   617 0.78 -
7496_g               -            867 3686at5794           -            802      0.26    9.5   0.1   3   3      0.38        53    1.8   0.0    54    78   695   719   691   723 0.45 -
#
# Program:         hmmsearch
# Version:         3.1b2 (February 2015)
# Pipeline mode:   SEARCH
# Query file:      /mnt/e/Bioinformatics/Semester2/BINP29/Malaria Project/Genomes/Parsed/busco_downloads/lineages/apicomplexa_odb10/hmms/3686at5794.hmm
# Target file:     /mnt/e/Bioinformatics/Semester2/BINP29/Malaria Project/Genomes/Parsed/Tg_new.faa
# Option settings: hmmsearch --domtblout /mnt/e/Bioinformatics/Semester2/BINP29/Malaria Project/Genomes/Parsed/Tg/run_apicomplexa_odb10/hmmer_output/initial_run_results/3686at5794.out --cpu 1 /mnt/e/Bioinformatics/Semester2/BINP29/Malaria Project/Genomes/Parsed/busco_downloads/lineages/apicomplexa_odb10/hmms/3686at5794.hmm /mnt/e/Bioinformatics/Semester2/BINP29/Malaria Project/Genomes/Parsed/Tg_new.faa 
# Current dir:     /mnt/e/Bioinformatics/Semester2/BINP29/Malaria Project/Genomes/Parsed
# Date:            Wed Mar  1 19:35:59 2023
# [ok]
