#                                                                            --- full sequence --- -------------- this domain -------------   hmm coord   ali coord   env coord
# target name        accession   tlen query name           accession   qlen   E-value  score  bias   #  of  c-Evalue  i-Evalue  score  bias  from    to  from    to  from    to  acc description of target
#------------------- ---------- ----- -------------------- ---------- ----- --------- ------ ----- --- --- --------- --------- ------ ----- ----- ----- ----- ----- ----- ----- ---- ---------------------
4634_g               -           1455 4370at5794           -            728  1.5e-178  595.4  18.9   1   7   8.2e-07    0.0065   14.7   0.0    18   146    64   198    59   225 0.68 -
4634_g               -           1455 4370at5794           -            728  1.5e-178  595.4  18.9   2   7   1.9e-06     0.015   13.5   0.0   123   184   323   392   314   401 0.76 -
4634_g               -           1455 4370at5794           -            728  1.5e-178  595.4  18.9   3   7   6.3e-50     5e-46  157.2   0.3   167   348   432   667   429   684 0.79 -
4634_g               -           1455 4370at5794           -            728  1.5e-178  595.4  18.9   4   7   1.6e-22   1.3e-18   66.7   0.0   349   439   739   851   727   858 0.79 -
4634_g               -           1455 4370at5794           -            728  1.5e-178  595.4  18.9   5   7   1.3e-20   1.1e-16   60.3   0.1   465   515   947   997   935  1002 0.89 -
4634_g               -           1455 4370at5794           -            728  1.5e-178  595.4  18.9   6   7   5.8e-44   4.6e-40  137.5   0.0   517   629  1178  1305  1168  1308 0.89 -
4634_g               -           1455 4370at5794           -            728  1.5e-178  595.4  18.9   7   7   2.2e-44   1.8e-40  138.9   9.0   629   727  1333  1450  1330  1451 0.82 -
5106_g               -           1455 4370at5794           -            728  1.5e-178  595.4  18.9   1   7   8.2e-07    0.0065   14.7   0.0    18   146    64   198    59   225 0.68 -
5106_g               -           1455 4370at5794           -            728  1.5e-178  595.4  18.9   2   7   1.9e-06     0.015   13.5   0.0   123   184   323   392   314   401 0.76 -
5106_g               -           1455 4370at5794           -            728  1.5e-178  595.4  18.9   3   7   6.3e-50     5e-46  157.2   0.3   167   348   432   667   429   684 0.79 -
5106_g               -           1455 4370at5794           -            728  1.5e-178  595.4  18.9   4   7   1.6e-22   1.3e-18   66.7   0.0   349   439   739   851   727   858 0.79 -
5106_g               -           1455 4370at5794           -            728  1.5e-178  595.4  18.9   5   7   1.3e-20   1.1e-16   60.3   0.1   465   515   947   997   935  1002 0.89 -
5106_g               -           1455 4370at5794           -            728  1.5e-178  595.4  18.9   6   7   5.8e-44   4.6e-40  137.5   0.0   517   629  1178  1305  1168  1308 0.89 -
5106_g               -           1455 4370at5794           -            728  1.5e-178  595.4  18.9   7   7   2.2e-44   1.8e-40  138.9   9.0   629   727  1333  1450  1330  1451 0.82 -
#
# Program:         hmmsearch
# Version:         3.1b2 (February 2015)
# Pipeline mode:   SEARCH
# Query file:      /mnt/e/Bioinformatics/Semester2/BINP29/Malaria Project/Genomes/Parsed/busco_downloads/lineages/apicomplexa_odb10/hmms/4370at5794.hmm
# Target file:     /mnt/e/Bioinformatics/Semester2/BINP29/Malaria Project/Genomes/Parsed/Tg_new.faa
# Option settings: hmmsearch --domtblout /mnt/e/Bioinformatics/Semester2/BINP29/Malaria Project/Genomes/Parsed/Tg/run_apicomplexa_odb10/hmmer_output/initial_run_results/4370at5794.out --cpu 1 /mnt/e/Bioinformatics/Semester2/BINP29/Malaria Project/Genomes/Parsed/busco_downloads/lineages/apicomplexa_odb10/hmms/4370at5794.hmm /mnt/e/Bioinformatics/Semester2/BINP29/Malaria Project/Genomes/Parsed/Tg_new.faa 
# Current dir:     /mnt/e/Bioinformatics/Semester2/BINP29/Malaria Project/Genomes/Parsed
# Date:            Wed Mar  1 19:36:03 2023
# [ok]
