#                                                                            --- full sequence --- -------------- this domain -------------   hmm coord   ali coord   env coord
# target name        accession   tlen query name           accession   qlen   E-value  score  bias   #  of  c-Evalue  i-Evalue  score  bias  from    to  from    to  from    to  acc description of target
#------------------- ---------- ----- -------------------- ---------- ----- --------- ------ ----- --- --- --------- --------- ------ ----- ----- ----- ----- ----- ----- ----- ---- ---------------------
108_g                -           1103 4430at5794           -            636    3e-238  792.1  59.3   1   5    0.0008       6.3    4.8   1.0     1    22   110   134   110   150 0.74 -
108_g                -           1103 4430at5794           -            636    3e-238  792.1  59.3   2   5   5.4e-29   4.3e-25   87.9  10.9    21   138   172   327   153   354 0.76 -
108_g                -           1103 4430at5794           -            636    3e-238  792.1  59.3   3   5   2.6e-06     0.021   13.0  13.3   112   164   350   404   338   414 0.63 -
108_g                -           1103 4430at5794           -            636    3e-238  792.1  59.3   4   5   4.3e-26   3.4e-22   78.4   0.0   160   249   436   530   422   534 0.91 -
108_g                -           1103 4430at5794           -            636    3e-238  792.1  59.3   5   5  1.1e-188  9.1e-185  615.4  11.7   250   636   576  1015   569  1015 0.91 -
283_g                -           1103 4430at5794           -            636    3e-238  792.1  59.3   1   5    0.0008       6.3    4.8   1.0     1    22   110   134   110   150 0.74 -
283_g                -           1103 4430at5794           -            636    3e-238  792.1  59.3   2   5   5.4e-29   4.3e-25   87.9  10.9    21   138   172   327   153   354 0.76 -
283_g                -           1103 4430at5794           -            636    3e-238  792.1  59.3   3   5   2.6e-06     0.021   13.0  13.3   112   164   350   404   338   414 0.63 -
283_g                -           1103 4430at5794           -            636    3e-238  792.1  59.3   4   5   4.3e-26   3.4e-22   78.4   0.0   160   249   436   530   422   534 0.91 -
283_g                -           1103 4430at5794           -            636    3e-238  792.1  59.3   5   5  1.1e-188  9.1e-185  615.4  11.7   250   636   576  1015   569  1015 0.91 -
#
# Program:         hmmsearch
# Version:         3.1b2 (February 2015)
# Pipeline mode:   SEARCH
# Query file:      /mnt/e/Bioinformatics/Semester2/BINP29/Malaria Project/Genomes/Parsed/busco_downloads/lineages/apicomplexa_odb10/hmms/4430at5794.hmm
# Target file:     /mnt/e/Bioinformatics/Semester2/BINP29/Malaria Project/Genomes/Parsed/Tg_new.faa
# Option settings: hmmsearch --domtblout /mnt/e/Bioinformatics/Semester2/BINP29/Malaria Project/Genomes/Parsed/Tg/run_apicomplexa_odb10/hmmer_output/initial_run_results/4430at5794.out --cpu 1 /mnt/e/Bioinformatics/Semester2/BINP29/Malaria Project/Genomes/Parsed/busco_downloads/lineages/apicomplexa_odb10/hmms/4430at5794.hmm /mnt/e/Bioinformatics/Semester2/BINP29/Malaria Project/Genomes/Parsed/Tg_new.faa 
# Current dir:     /mnt/e/Bioinformatics/Semester2/BINP29/Malaria Project/Genomes/Parsed
# Date:            Wed Mar  1 19:36:04 2023
# [ok]
