#                                                                            --- full sequence --- -------------- this domain -------------   hmm coord   ali coord   env coord
# target name        accession   tlen query name           accession   qlen   E-value  score  bias   #  of  c-Evalue  i-Evalue  score  bias  from    to  from    to  from    to  acc description of target
#------------------- ---------- ----- -------------------- ---------- ----- --------- ------ ----- --- --- --------- --------- ------ ----- ----- ----- ----- ----- ----- ----- ---- ---------------------
3982_g               -           1286 4526at5794           -            596  1.1e-152  509.5   2.0   1   9   0.00051      0.27    9.5   0.0    20    44    67    91    47    97 0.87 -
3982_g               -           1286 4526at5794           -            596  1.1e-152  509.5   2.0   2   9   3.2e-66   1.7e-63  215.0   0.0    81   206   282   410   275   412 0.96 -
3982_g               -           1286 4526at5794           -            596  1.1e-152  509.5   2.0   3   9   1.3e-18   6.6e-16   57.8   0.0   198   273   483   564   477   575 0.86 -
3982_g               -           1286 4526at5794           -            596  1.1e-152  509.5   2.0   4   9     0.013       6.8    4.9   0.0   270   318   618   666   585   685 0.76 -
3982_g               -           1286 4526at5794           -            596  1.1e-152  509.5   2.0   5   9   2.4e-10   1.3e-07   30.5   0.1   308   348   685   728   663   766 0.76 -
3982_g               -           1286 4526at5794           -            596  1.1e-152  509.5   2.0   6   9   7.3e-05     0.039   12.3   0.0   354   388   829   865   822   871 0.81 -
3982_g               -           1286 4526at5794           -            596  1.1e-152  509.5   2.0   7   9   6.1e-18   3.2e-15   55.5   0.0   391   452   929   995   916  1003 0.85 -
3982_g               -           1286 4526at5794           -            596  1.1e-152  509.5   2.0   8   9   5.2e-13   2.8e-10   39.2   0.0   463   541  1057  1159  1046  1164 0.77 -
3982_g               -           1286 4526at5794           -            596  1.1e-152  509.5   2.0   9   9     3e-25   1.6e-22   79.7   0.0   464   595  1117  1259  1112  1260 0.72 -
8762_g               -           1286 4526at5794           -            596  1.1e-152  509.5   2.0   1   9   0.00051      0.27    9.5   0.0    20    44    67    91    47    97 0.87 -
8762_g               -           1286 4526at5794           -            596  1.1e-152  509.5   2.0   2   9   3.2e-66   1.7e-63  215.0   0.0    81   206   282   410   275   412 0.96 -
8762_g               -           1286 4526at5794           -            596  1.1e-152  509.5   2.0   3   9   1.3e-18   6.6e-16   57.8   0.0   198   273   483   564   477   575 0.86 -
8762_g               -           1286 4526at5794           -            596  1.1e-152  509.5   2.0   4   9     0.013       6.8    4.9   0.0   270   318   618   666   585   685 0.76 -
8762_g               -           1286 4526at5794           -            596  1.1e-152  509.5   2.0   5   9   2.4e-10   1.3e-07   30.5   0.1   308   348   685   728   663   766 0.76 -
8762_g               -           1286 4526at5794           -            596  1.1e-152  509.5   2.0   6   9   7.3e-05     0.039   12.3   0.0   354   388   829   865   822   871 0.81 -
8762_g               -           1286 4526at5794           -            596  1.1e-152  509.5   2.0   7   9   6.1e-18   3.2e-15   55.5   0.0   391   452   929   995   916  1003 0.85 -
8762_g               -           1286 4526at5794           -            596  1.1e-152  509.5   2.0   8   9   5.2e-13   2.8e-10   39.2   0.0   463   541  1057  1159  1046  1164 0.77 -
8762_g               -           1286 4526at5794           -            596  1.1e-152  509.5   2.0   9   9     3e-25   1.6e-22   79.7   0.0   464   595  1117  1259  1112  1260 0.72 -
12536_g              -            689 4526at5794           -            596   2.8e-14   52.4   0.0   1   3   8.6e-07   0.00046   18.7   0.0   240   266   182   208   166   246 0.84 -
12536_g              -            689 4526at5794           -            596   2.8e-14   52.4   0.0   2   3     0.073        39    2.4   0.0   331   349   288   306   284   352 0.90 -
12536_g              -            689 4526at5794           -            596   2.8e-14   52.4   0.0   3   3   3.3e-09   1.7e-06   26.7   0.0   418   574   415   574   371   578 0.75 -
9984_g               -            689 4526at5794           -            596   2.8e-14   52.4   0.0   1   3   8.6e-07   0.00046   18.7   0.0   240   266   182   208   166   246 0.84 -
9984_g               -            689 4526at5794           -            596   2.8e-14   52.4   0.0   2   3     0.073        39    2.4   0.0   331   349   288   306   284   352 0.90 -
9984_g               -            689 4526at5794           -            596   2.8e-14   52.4   0.0   3   3   3.3e-09   1.7e-06   26.7   0.0   418   574   415   574   371   578 0.75 -
9826_g               -           2710 4526at5794           -            596     3e-13   49.0   0.1   1   4   1.1e-06   0.00059   18.3   0.0   240   295   738   793   728   799 0.81 -
9826_g               -           2710 4526at5794           -            596     3e-13   49.0   0.1   2   4       4.4   2.3e+03   -3.5   0.0   333   357  1004  1028   997  1033 0.84 -
9826_g               -           2710 4526at5794           -            596     3e-13   49.0   0.1   3   4      0.61   3.3e+02   -0.6   0.0   394   440  1366  1417  1362  1422 0.73 -
9826_g               -           2710 4526at5794           -            596     3e-13   49.0   0.1   4   4     5e-09   2.7e-06   26.1   0.1   532   583  1574  1630  1564  1636 0.82 -
12697_g              -           2757 4526at5794           -            596     3e-13   49.0   0.1   1   4   1.1e-06    0.0006   18.3   0.0   240   295   738   793   728   799 0.81 -
12697_g              -           2757 4526at5794           -            596     3e-13   49.0   0.1   2   4       4.5   2.4e+03   -3.5   0.0   333   357  1004  1028   997  1033 0.84 -
12697_g              -           2757 4526at5794           -            596     3e-13   49.0   0.1   3   4      0.63   3.3e+02   -0.7   0.0   394   440  1467  1518  1463  1523 0.73 -
12697_g              -           2757 4526at5794           -            596     3e-13   49.0   0.1   4   4   5.1e-09   2.7e-06   26.1   0.1   532   583  1675  1731  1665  1737 0.82 -
11246_g              -           3270 4526at5794           -            596     6e-12   44.7   1.2   1   3     3e-07   0.00016   20.2   0.0   236   259  2835  2858  2827  2872 0.83 -
11246_g              -           3270 4526at5794           -            596     6e-12   44.7   1.2   2   3     0.021        11    4.2   0.0   311   385  2935  3015  2914  3025 0.77 -
11246_g              -           3270 4526at5794           -            596     6e-12   44.7   1.2   3   3   6.5e-06    0.0035   15.8   1.2   546   572  3160  3186  3136  3189 0.81 -
12043_g              -           3270 4526at5794           -            596     6e-12   44.7   1.2   1   3     3e-07   0.00016   20.2   0.0   236   259  2835  2858  2827  2872 0.83 -
12043_g              -           3270 4526at5794           -            596     6e-12   44.7   1.2   2   3     0.021        11    4.2   0.0   311   385  2935  3015  2914  3025 0.77 -
12043_g              -           3270 4526at5794           -            596     6e-12   44.7   1.2   3   3   6.5e-06    0.0035   15.8   1.2   546   572  3160  3186  3136  3189 0.81 -
5621_g               -           1198 4526at5794           -            596   1.1e-11   43.9   0.0   1   2   1.7e-11   8.9e-09   34.3   0.0   236   351   523   635   514   646 0.80 -
5621_g               -           1198 4526at5794           -            596   1.1e-11   43.9   0.0   2   2    0.0024       1.3    7.3   0.0   535   576  1157  1197  1151  1197 0.82 -
6625_g               -           1201 4526at5794           -            596   1.1e-11   43.9   0.0   1   2   1.7e-11     9e-09   34.2   0.0   236   351   526   638   517   649 0.80 -
6625_g               -           1201 4526at5794           -            596   1.1e-11   43.9   0.0   2   2    0.0024       1.3    7.3   0.0   535   576  1160  1200  1154  1200 0.82 -
2091_g               -           3702 4526at5794           -            596   7.4e-11   41.1   0.0   1   3   5.4e-06    0.0029   16.1   0.0   231   273   962  1005   957  1040 0.81 -
2091_g               -           3702 4526at5794           -            596   7.4e-11   41.1   0.0   2   3      0.58   3.1e+02   -0.5   0.0   322   352  1082  1112  1060  1131 0.83 -
2091_g               -           3702 4526at5794           -            596   7.4e-11   41.1   0.0   3   3     2e-07   0.00011   20.8   0.0   544   584  1708  1750  1673  1770 0.84 -
2170_g               -           3702 4526at5794           -            596   7.4e-11   41.1   0.0   1   3   5.4e-06    0.0029   16.1   0.0   231   273   962  1005   957  1040 0.81 -
2170_g               -           3702 4526at5794           -            596   7.4e-11   41.1   0.0   2   3      0.58   3.1e+02   -0.5   0.0   322   352  1082  1112  1060  1131 0.83 -
2170_g               -           3702 4526at5794           -            596   7.4e-11   41.1   0.0   3   3     2e-07   0.00011   20.8   0.0   544   584  1708  1750  1673  1770 0.84 -
2821_g               -            948 4526at5794           -            596   2.4e-09   36.1   0.0   1   2   7.1e-08   3.7e-05   22.3   0.0   233   270   519   556   511   565 0.85 -
2821_g               -            948 4526at5794           -            596   2.4e-09   36.1   0.0   2   2   0.00013     0.067   11.5   0.0   330   461   734   877   721   896 0.72 -
3502_g               -            948 4526at5794           -            596   2.4e-09   36.1   0.0   1   2   7.1e-08   3.7e-05   22.3   0.0   233   270   519   556   511   565 0.85 -
3502_g               -            948 4526at5794           -            596   2.4e-09   36.1   0.0   2   2   0.00013     0.067   11.5   0.0   330   461   734   877   721   896 0.72 -
13558_g              -           1369 4526at5794           -            596   5.1e-09   35.1   0.0   1   4    0.0008      0.42    8.9   0.0   237   290   396   449   390   474 0.72 -
13558_g              -           1369 4526at5794           -            596   5.1e-09   35.1   0.0   2   4     0.011         6    5.1   0.0   317   345   537   565   531   570 0.90 -
13558_g              -           1369 4526at5794           -            596   5.1e-09   35.1   0.0   3   4       5.5   2.9e+03   -3.8   0.0   416   437   695   716   666   717 0.86 -
13558_g              -           1369 4526at5794           -            596   5.1e-09   35.1   0.0   4   4   3.7e-06    0.0019   16.6   0.0   546   572   834   860   822   863 0.91 -
9107_g               -           1369 4526at5794           -            596   5.1e-09   35.1   0.0   1   4    0.0008      0.42    8.9   0.0   237   290   396   449   390   474 0.72 -
9107_g               -           1369 4526at5794           -            596   5.1e-09   35.1   0.0   2   4     0.011         6    5.1   0.0   317   345   537   565   531   570 0.90 -
9107_g               -           1369 4526at5794           -            596   5.1e-09   35.1   0.0   3   4       5.5   2.9e+03   -3.8   0.0   416   437   695   716   666   717 0.86 -
9107_g               -           1369 4526at5794           -            596   5.1e-09   35.1   0.0   4   4   3.7e-06    0.0019   16.6   0.0   546   572   834   860   822   863 0.91 -
13291_g              -           4933 4526at5794           -            596   5.9e-08   31.5   1.8   1   4   1.2e-08   6.4e-06   24.8   0.0   236   274  1853  1891  1846  1895 0.90 -
13291_g              -           4933 4526at5794           -            596   5.9e-08   31.5   1.8   2   4       3.3   1.8e+03   -3.0   0.1   324   348  2030  2054  2026  2057 0.87 -
13291_g              -           4933 4526at5794           -            596   5.9e-08   31.5   1.8   3   4      0.34   1.8e+02    0.2   0.0   426   459  2277  2311  2270  2315 0.82 -
13291_g              -           4933 4526at5794           -            596   5.9e-08   31.5   1.8   4   4      0.04        21    3.3   0.0   539   586  2319  2366  2314  2384 0.79 -
9378_g               -           4933 4526at5794           -            596   5.9e-08   31.5   1.8   1   4   1.2e-08   6.4e-06   24.8   0.0   236   274  1853  1891  1846  1895 0.90 -
9378_g               -           4933 4526at5794           -            596   5.9e-08   31.5   1.8   2   4       3.3   1.8e+03   -3.0   0.1   324   348  2030  2054  2026  2057 0.87 -
9378_g               -           4933 4526at5794           -            596   5.9e-08   31.5   1.8   3   4      0.34   1.8e+02    0.2   0.0   426   459  2277  2311  2270  2315 0.82 -
9378_g               -           4933 4526at5794           -            596   5.9e-08   31.5   1.8   4   4      0.04        21    3.3   0.0   539   586  2319  2366  2314  2384 0.79 -
6124_g               -           4286 4526at5794           -            596   1.6e-07   30.1   0.8   1   3   9.8e-06    0.0052   15.2   0.0   236   266   764   794   752   804 0.82 -
6124_g               -           4286 4526at5794           -            596   1.6e-07   30.1   0.8   2   3       1.4   7.5e+02   -1.8   0.0   414   455  1330  1376  1324  1387 0.77 -
6124_g               -           4286 4526at5794           -            596   1.6e-07   30.1   0.8   3   3   8.3e-05     0.044   12.1   0.1   542   572  1404  1434  1392  1439 0.87 -
6129_g               -           4286 4526at5794           -            596   1.6e-07   30.1   0.8   1   3   9.8e-06    0.0052   15.2   0.0   236   266   764   794   752   804 0.82 -
6129_g               -           4286 4526at5794           -            596   1.6e-07   30.1   0.8   2   3       1.4   7.5e+02   -1.8   0.0   414   455  1330  1376  1324  1387 0.77 -
6129_g               -           4286 4526at5794           -            596   1.6e-07   30.1   0.8   3   3   8.3e-05     0.044   12.1   0.1   542   572  1404  1434  1392  1439 0.87 -
1661_g               -            796 4526at5794           -            596   1.9e-07   29.9   1.7   1   4   0.00032      0.17   10.2   0.2   240   259   249   268   244   271 0.91 -
1661_g               -            796 4526at5794           -            596   1.9e-07   29.9   1.7   2   4         1   5.5e+02   -1.4   0.0   330   348   354   372   350   376 0.85 -
1661_g               -            796 4526at5794           -            596   1.9e-07   29.9   1.7   3   4    0.0035       1.8    6.8   0.0   420   459   521   561   515   568 0.84 -
1661_g               -            796 4526at5794           -            596   1.9e-07   29.9   1.7   4   4   0.00068      0.36    9.1   0.0   544   568   618   642   594   650 0.85 -
844_g                -            796 4526at5794           -            596   1.9e-07   29.9   1.7   1   4   0.00032      0.17   10.2   0.2   240   259   249   268   244   271 0.91 -
844_g                -            796 4526at5794           -            596   1.9e-07   29.9   1.7   2   4         1   5.5e+02   -1.4   0.0   330   348   354   372   350   376 0.85 -
844_g                -            796 4526at5794           -            596   1.9e-07   29.9   1.7   3   4    0.0035       1.8    6.8   0.0   420   459   521   561   515   568 0.84 -
844_g                -            796 4526at5794           -            596   1.9e-07   29.9   1.7   4   4   0.00068      0.36    9.1   0.0   544   568   618   642   594   650 0.85 -
10260_g              -           3969 4526at5794           -            596   1.3e-06   27.1   0.1   1   2   0.00094       0.5    8.7   0.0   240   268  2289  2317  2279  2326 0.88 -
10260_g              -           3969 4526at5794           -            596   1.3e-06   27.1   0.1   2   2   6.2e-06    0.0033   15.9   0.0   542   571  3629  3658  3605  3662 0.85 -
12262_g              -           3969 4526at5794           -            596   1.3e-06   27.1   0.1   1   2   0.00094       0.5    8.7   0.0   240   268  2289  2317  2279  2326 0.88 -
12262_g              -           3969 4526at5794           -            596   1.3e-06   27.1   0.1   2   2   6.2e-06    0.0033   15.9   0.0   542   571  3629  3658  3605  3662 0.85 -
299_g                -            950 4526at5794           -            596    0.0027   16.2   2.0   1   3      0.23   1.2e+02    0.8   0.0   228   256   274   302   262   308 0.85 -
299_g                -            950 4526at5794           -            596    0.0027   16.2   2.0   2   3     0.018       9.7    4.4   0.3   420   443   767   790   760   819 0.75 -
299_g                -            950 4526at5794           -            596    0.0027   16.2   2.0   3   3    0.0009      0.47    8.7   0.1   542   586   818   863   800   881 0.82 -
92_g                 -            950 4526at5794           -            596    0.0027   16.2   2.0   1   3      0.23   1.2e+02    0.8   0.0   228   256   274   302   262   308 0.85 -
92_g                 -            950 4526at5794           -            596    0.0027   16.2   2.0   2   3     0.018       9.7    4.4   0.3   420   443   767   790   760   819 0.75 -
92_g                 -            950 4526at5794           -            596    0.0027   16.2   2.0   3   3    0.0009      0.47    8.7   0.1   542   586   818   863   800   881 0.82 -
2822_g               -            666 4526at5794           -            596     0.034   12.5   0.0   1   1   9.8e-05     0.052   11.9   0.0   560   585    27    54    25    59 0.87 -
3503_g               -            666 4526at5794           -            596     0.034   12.5   0.0   1   1   9.8e-05     0.052   11.9   0.0   560   585    27    54    25    59 0.87 -
11117_g              -           2738 4526at5794           -            596     0.058   11.8   1.5   1   1   0.00016     0.086   11.2   1.5   109   136  1026  1053  1017  1084 0.87 -
11914_g              -           2738 4526at5794           -            596     0.058   11.8   1.5   1   1   0.00016     0.086   11.2   1.5   109   136  1026  1053  1017  1084 0.87 -
#
# Program:         hmmsearch
# Version:         3.1b2 (February 2015)
# Pipeline mode:   SEARCH
# Query file:      /mnt/e/Bioinformatics/Semester2/BINP29/Malaria Project/Genomes/Parsed/busco_downloads/lineages/apicomplexa_odb10/hmms/4526at5794.hmm
# Target file:     /mnt/e/Bioinformatics/Semester2/BINP29/Malaria Project/Genomes/Parsed/Tg_new.faa
# Option settings: hmmsearch --domtblout /mnt/e/Bioinformatics/Semester2/BINP29/Malaria Project/Genomes/Parsed/Tg/run_apicomplexa_odb10/hmmer_output/initial_run_results/4526at5794.out --cpu 1 /mnt/e/Bioinformatics/Semester2/BINP29/Malaria Project/Genomes/Parsed/busco_downloads/lineages/apicomplexa_odb10/hmms/4526at5794.hmm /mnt/e/Bioinformatics/Semester2/BINP29/Malaria Project/Genomes/Parsed/Tg_new.faa 
# Current dir:     /mnt/e/Bioinformatics/Semester2/BINP29/Malaria Project/Genomes/Parsed
# Date:            Wed Mar  1 19:36:04 2023
# [ok]
