#                                                                            --- full sequence --- -------------- this domain -------------   hmm coord   ali coord   env coord
# target name        accession   tlen query name           accession   qlen   E-value  score  bias   #  of  c-Evalue  i-Evalue  score  bias  from    to  from    to  from    to  acc description of target
#------------------- ---------- ----- -------------------- ---------- ----- --------- ------ ----- --- --- --------- --------- ------ ----- ----- ----- ----- ----- ----- ----- ---- ---------------------
13544_g              -           1059 5067at5794           -            430   1.4e-99  333.4  48.5   1   5   5.4e-13   7.2e-10   37.8   0.1     1    57   242   313   242   315 0.83 -
13544_g              -           1059 5067at5794           -            430   1.4e-99  333.4  48.5   2   5   7.3e-49   9.7e-46  156.0   0.8    57   180   347   486   343   495 0.86 -
13544_g              -           1059 5067at5794           -            430   1.4e-99  333.4  48.5   3   5   6.3e-07   0.00083   17.8   0.0   184   221   532   569   530   576 0.94 -
13544_g              -           1059 5067at5794           -            430   1.4e-99  333.4  48.5   4   5   0.00012      0.16   10.3   0.0   215   242   595   622   580   642 0.87 -
13544_g              -           1059 5067at5794           -            430   1.4e-99  333.4  48.5   5   5   7.9e-40   1.1e-36  126.2  15.5   236   429   674   899   667   903 0.84 -
9121_g               -           1059 5067at5794           -            430   1.4e-99  333.4  48.5   1   5   5.4e-13   7.2e-10   37.8   0.1     1    57   242   313   242   315 0.83 -
9121_g               -           1059 5067at5794           -            430   1.4e-99  333.4  48.5   2   5   7.3e-49   9.7e-46  156.0   0.8    57   180   347   486   343   495 0.86 -
9121_g               -           1059 5067at5794           -            430   1.4e-99  333.4  48.5   3   5   6.3e-07   0.00083   17.8   0.0   184   221   532   569   530   576 0.94 -
9121_g               -           1059 5067at5794           -            430   1.4e-99  333.4  48.5   4   5   0.00012      0.16   10.3   0.0   215   242   595   622   580   642 0.87 -
9121_g               -           1059 5067at5794           -            430   1.4e-99  333.4  48.5   5   5   7.9e-40   1.1e-36  126.2  15.5   236   429   674   899   667   903 0.84 -
10025_g              -            669 5067at5794           -            430   2.8e-36  124.8  10.2   1   3   1.2e-05     0.016   13.6   0.1     3    47   199   249   197   260 0.82 -
10025_g              -            669 5067at5794           -            430   2.8e-36  124.8  10.2   2   3   1.5e-23     2e-20   72.6   0.2    58   164   290   410   287   415 0.89 -
10025_g              -            669 5067at5794           -            430   2.8e-36  124.8  10.2   3   3     2e-14   2.6e-11   42.6   1.7   202   339   482   640   454   645 0.77 -
12493_g              -            669 5067at5794           -            430   2.8e-36  124.8  10.2   1   3   1.2e-05     0.016   13.6   0.1     3    47   199   249   197   260 0.82 -
12493_g              -            669 5067at5794           -            430   2.8e-36  124.8  10.2   2   3   1.5e-23     2e-20   72.6   0.2    58   164   290   410   287   415 0.89 -
12493_g              -            669 5067at5794           -            430   2.8e-36  124.8  10.2   3   3     2e-14   2.6e-11   42.6   1.7   202   339   482   640   454   645 0.77 -
10637_g              -           1303 5067at5794           -            430   1.3e-35  122.7   6.2   1   3   3.4e-28   4.5e-25   87.9   0.2    30   178   580   744   558   751 0.84 -
10637_g              -           1303 5067at5794           -            430   1.3e-35  122.7   6.2   2   3   5.8e-12   7.7e-09   34.4   0.4   244   345   926  1031   918  1042 0.85 -
10637_g              -           1303 5067at5794           -            430   1.3e-35  122.7   6.2   3   3      0.12   1.6e+02    0.4   0.0   358   399  1199  1244  1187  1276 0.70 -
11434_g              -           1303 5067at5794           -            430   1.3e-35  122.7   6.2   1   3   3.4e-28   4.5e-25   87.9   0.2    30   178   580   744   558   751 0.84 -
11434_g              -           1303 5067at5794           -            430   1.3e-35  122.7   6.2   2   3   5.8e-12   7.7e-09   34.4   0.4   244   345   926  1031   918  1042 0.85 -
11434_g              -           1303 5067at5794           -            430   1.3e-35  122.7   6.2   3   3      0.12   1.6e+02    0.4   0.0   358   399  1199  1244  1187  1276 0.70 -
7063_g               -            934 5067at5794           -            430   5.1e-33  114.1   9.1   1   3   0.00017      0.23    9.8   0.0     2    52   423   481   422   487 0.80 -
7063_g               -            934 5067at5794           -            430   5.1e-33  114.1   9.1   2   3   1.9e-20   2.5e-17   62.4   0.0    56   166   516   640   491   690 0.84 -
7063_g               -            934 5067at5794           -            430   5.1e-33  114.1   9.1   3   3   9.6e-14   1.3e-10   40.3   6.3   201   340   712   871   703   875 0.73 -
7853_g               -            934 5067at5794           -            430   5.1e-33  114.1   9.1   1   3   0.00017      0.23    9.8   0.0     2    52   423   481   422   487 0.80 -
7853_g               -            934 5067at5794           -            430   5.1e-33  114.1   9.1   2   3   1.9e-20   2.5e-17   62.4   0.0    56   166   516   640   491   690 0.84 -
7853_g               -            934 5067at5794           -            430   5.1e-33  114.1   9.1   3   3   9.6e-14   1.3e-10   40.3   6.3   201   340   712   871   703   875 0.73 -
11168_g              -           2692 5067at5794           -            430   1.7e-17   62.9  12.3   1   3    0.0028       3.7    5.8   0.0     2    43   304   351   303   365 0.83 -
11168_g              -           2692 5067at5794           -            430   1.7e-17   62.9  12.3   2   3   1.3e-14   1.8e-11   43.1   0.2    59   164   397   519   390   523 0.84 -
11168_g              -           2692 5067at5794           -            430   1.7e-17   62.9  12.3   3   3   9.1e-07    0.0012   17.3   4.2   204   329   592   734   584   750 0.67 -
11965_g              -           2692 5067at5794           -            430   1.7e-17   62.9  12.3   1   3    0.0028       3.7    5.8   0.0     2    43   304   351   303   365 0.83 -
11965_g              -           2692 5067at5794           -            430   1.7e-17   62.9  12.3   2   3   1.3e-14   1.8e-11   43.1   0.2    59   164   397   519   390   523 0.84 -
11965_g              -           2692 5067at5794           -            430   1.7e-17   62.9  12.3   3   3   9.1e-07    0.0012   17.3   4.2   204   329   592   734   584   750 0.67 -
133_g                -           1261 5067at5794           -            430   1.5e-11   43.3   0.3   1   3     0.049        65    1.7   0.0    55   107   614   666   599   670 0.82 -
133_g                -           1261 5067at5794           -            430   1.5e-11   43.3   0.3   2   3   2.5e-06    0.0033   15.9   0.0   102   165   748   819   745   822 0.82 -
133_g                -           1261 5067at5794           -            430   1.5e-11   43.3   0.3   3   3   6.6e-08   8.7e-05   21.1   0.6   237   347   900  1009   897  1083 0.82 -
258_g                -           1261 5067at5794           -            430   1.5e-11   43.3   0.3   1   3     0.049        65    1.7   0.0    55   107   614   666   599   670 0.82 -
258_g                -           1261 5067at5794           -            430   1.5e-11   43.3   0.3   2   3   2.5e-06    0.0033   15.9   0.0   102   165   748   819   745   822 0.82 -
258_g                -           1261 5067at5794           -            430   1.5e-11   43.3   0.3   3   3   6.6e-08   8.7e-05   21.1   0.6   237   347   900  1009   897  1083 0.82 -
#
# Program:         hmmsearch
# Version:         3.1b2 (February 2015)
# Pipeline mode:   SEARCH
# Query file:      /mnt/e/Bioinformatics/Semester2/BINP29/Malaria Project/Genomes/Parsed/busco_downloads/lineages/apicomplexa_odb10/hmms/5067at5794.hmm
# Target file:     /mnt/e/Bioinformatics/Semester2/BINP29/Malaria Project/Genomes/Parsed/Tg_new.faa
# Option settings: hmmsearch --domtblout /mnt/e/Bioinformatics/Semester2/BINP29/Malaria Project/Genomes/Parsed/Tg/run_apicomplexa_odb10/hmmer_output/initial_run_results/5067at5794.out --cpu 1 /mnt/e/Bioinformatics/Semester2/BINP29/Malaria Project/Genomes/Parsed/busco_downloads/lineages/apicomplexa_odb10/hmms/5067at5794.hmm /mnt/e/Bioinformatics/Semester2/BINP29/Malaria Project/Genomes/Parsed/Tg_new.faa 
# Current dir:     /mnt/e/Bioinformatics/Semester2/BINP29/Malaria Project/Genomes/Parsed
# Date:            Wed Mar  1 19:36:07 2023
# [ok]
