#                                                                            --- full sequence --- -------------- this domain -------------   hmm coord   ali coord   env coord
# target name        accession   tlen query name           accession   qlen   E-value  score  bias   #  of  c-Evalue  i-Evalue  score  bias  from    to  from    to  from    to  acc description of target
#------------------- ---------- ----- -------------------- ---------- ----- --------- ------ ----- --- --- --------- --------- ------ ----- ----- ----- ----- ----- ----- ----- ---- ---------------------
2752_g               -            853 5247at5794           -            570  7.2e-140  467.0  19.5   1   2   2.6e-58   4.2e-55  187.2   1.1    13   180    46   246    41   265 0.84 -
2752_g               -            853 5247at5794           -            570  7.2e-140  467.0  19.5   2   2   2.4e-87   3.8e-84  283.1  11.4   181   567   275   697   262   699 0.85 -
3433_g               -            853 5247at5794           -            570  7.2e-140  467.0  19.5   1   2   2.6e-58   4.2e-55  187.2   1.1    13   180    46   246    41   265 0.84 -
3433_g               -            853 5247at5794           -            570  7.2e-140  467.0  19.5   2   2   2.4e-87   3.8e-84  283.1  11.4   181   567   275   697   262   699 0.85 -
4574_g               -            903 5247at5794           -            570  2.2e-127  425.8  21.6   1   3   8.1e-57   1.3e-53  182.3   0.6     2   185    89   303    88   318 0.82 -
4574_g               -            903 5247at5794           -            570  2.2e-127  425.8  21.6   2   3     1e-52   1.6e-49  168.7   4.2   181   341   334   493   324   508 0.94 -
4574_g               -            903 5247at5794           -            570  2.2e-127  425.8  21.6   3   3   4.8e-26   7.6e-23   80.7   2.7   331   562   514   785   509   792 0.78 -
8589_g               -            903 5247at5794           -            570  2.2e-127  425.8  21.6   1   3   8.1e-57   1.3e-53  182.3   0.6     2   185    89   303    88   318 0.82 -
8589_g               -            903 5247at5794           -            570  2.2e-127  425.8  21.6   2   3     1e-52   1.6e-49  168.7   4.2   181   341   334   493   324   508 0.94 -
8589_g               -            903 5247at5794           -            570  2.2e-127  425.8  21.6   3   3   4.8e-26   7.6e-23   80.7   2.7   331   562   514   785   509   792 0.78 -
9929_g               -            619 5247at5794           -            570  3.6e-102  342.6   7.2   1   3   8.5e-58   1.4e-54  185.5   0.0     1   121   167   308   167   334 0.89 -
9929_g               -            619 5247at5794           -            570  3.6e-102  342.6   7.2   2   3     1e-29   1.6e-26   92.8   0.2   131   185   400   454   394   459 0.94 -
9929_g               -            619 5247at5794           -            570  3.6e-102  342.6   7.2   3   3   7.3e-22   1.2e-18   66.9   0.5   185   229   512   556   507   565 0.95 -
12594_g              -            622 5247at5794           -            570   3.6e-83  279.8   1.2   1   2   8.6e-58   1.4e-54  185.5   0.0     1   121   248   389   248   415 0.89 -
12594_g              -            622 5247at5794           -            570   3.6e-83  279.8   1.2   2   2     1e-29   1.6e-26   92.8   0.2   131   185   481   535   475   540 0.94 -
2_g                  -            862 5247at5794           -            570   1.4e-79  268.0   5.5   1   2   2.2e-72   3.5e-69  233.7   2.6     2   448   162   645   161   651 0.80 -
2_g                  -            862 5247at5794           -            570   1.4e-79  268.0   5.5   2   2   1.3e-09   2.1e-06   26.4   0.0   458   567   685   792   669   795 0.79 -
388_g                -            862 5247at5794           -            570   1.4e-79  268.0   5.5   1   2   2.2e-72   3.5e-69  233.7   2.6     2   448   162   645   161   651 0.80 -
388_g                -            862 5247at5794           -            570   1.4e-79  268.0   5.5   2   2   1.3e-09   2.1e-06   26.4   0.0   458   567   685   792   669   795 0.79 -
9930_g               -            275 5247at5794           -            570   9.6e-67  225.6   1.4   1   3   1.7e-28   2.7e-25   88.7   0.3   320   388     1    80     1    84 0.89 -
9930_g               -            275 5247at5794           -            570   9.6e-67  225.6   1.4   2   3   1.2e-29   1.8e-26   92.6   0.0   385   452   105   172   100   175 0.96 -
9930_g               -            275 5247at5794           -            570   9.6e-67  225.6   1.4   3   3   2.7e-14   4.3e-11   41.9   0.0   532   570   208   246   200   246 0.95 -
12593_g              -            304 5247at5794           -            570   1.7e-66  224.8   2.1   1   3   2.1e-28   3.3e-25   88.5   0.3   320   388     1    80     1    84 0.89 -
12593_g              -            304 5247at5794           -            570   1.7e-66  224.8   2.1   2   3   1.4e-29   2.2e-26   92.4   0.0   385   452   105   172   100   175 0.96 -
12593_g              -            304 5247at5794           -            570   1.7e-66  224.8   2.1   3   3     2e-14   3.2e-11   42.3   0.0   532   570   237   275   210   275 0.89 -
#
# Program:         hmmsearch
# Version:         3.1b2 (February 2015)
# Pipeline mode:   SEARCH
# Query file:      /mnt/e/Bioinformatics/Semester2/BINP29/Malaria Project/Genomes/Parsed/busco_downloads/lineages/apicomplexa_odb10/hmms/5247at5794.hmm
# Target file:     /mnt/e/Bioinformatics/Semester2/BINP29/Malaria Project/Genomes/Parsed/Tg_new.faa
# Option settings: hmmsearch --domtblout /mnt/e/Bioinformatics/Semester2/BINP29/Malaria Project/Genomes/Parsed/Tg/run_apicomplexa_odb10/hmmer_output/initial_run_results/5247at5794.out --cpu 1 /mnt/e/Bioinformatics/Semester2/BINP29/Malaria Project/Genomes/Parsed/busco_downloads/lineages/apicomplexa_odb10/hmms/5247at5794.hmm /mnt/e/Bioinformatics/Semester2/BINP29/Malaria Project/Genomes/Parsed/Tg_new.faa 
# Current dir:     /mnt/e/Bioinformatics/Semester2/BINP29/Malaria Project/Genomes/Parsed
# Date:            Wed Mar  1 19:36:07 2023
# [ok]
