#                                                                            --- full sequence --- -------------- this domain -------------   hmm coord   ali coord   env coord
# target name        accession   tlen query name           accession   qlen   E-value  score  bias   #  of  c-Evalue  i-Evalue  score  bias  from    to  from    to  from    to  acc description of target
#------------------- ---------- ----- -------------------- ---------- ----- --------- ------ ----- --- --- --------- --------- ------ ----- ----- ----- ----- ----- ----- ----- ---- ---------------------
10441_g              -           1009 5869at5794           -            522  1.8e-243  808.6  15.8   1   5   8.9e-50   5.9e-47  160.2   6.0     2    87   218   303   217   315 0.94 -
10441_g              -           1009 5869at5794           -            522  1.8e-243  808.6  15.8   2   5   4.2e-36   2.8e-33  115.0   0.0   101   172   373   449   361   454 0.93 -
10441_g              -           1009 5869at5794           -            522  1.8e-243  808.6  15.8   3   5   1.4e-20   9.1e-18   63.8   0.0   170   234   501   579   494   612 0.81 -
10441_g              -           1009 5869at5794           -            522  1.8e-243  808.6  15.8   4   5   4.7e-42   3.1e-39  134.7   0.0   240   307   660   727   656   736 0.96 -
10441_g              -           1009 5869at5794           -            522  1.8e-243  808.6  15.8   5   5  1.9e-103  1.3e-100  337.2   0.1   307   522   750  1006   745  1006 0.92 -
12818_g              -           1009 5869at5794           -            522  1.8e-243  808.6  15.8   1   5   8.9e-50   5.9e-47  160.2   6.0     2    87   218   303   217   315 0.94 -
12818_g              -           1009 5869at5794           -            522  1.8e-243  808.6  15.8   2   5   4.2e-36   2.8e-33  115.0   0.0   101   172   373   449   361   454 0.93 -
12818_g              -           1009 5869at5794           -            522  1.8e-243  808.6  15.8   3   5   1.4e-20   9.1e-18   63.8   0.0   170   234   501   579   494   612 0.81 -
12818_g              -           1009 5869at5794           -            522  1.8e-243  808.6  15.8   4   5   4.7e-42   3.1e-39  134.7   0.0   240   307   660   727   656   736 0.96 -
12818_g              -           1009 5869at5794           -            522  1.8e-243  808.6  15.8   5   5  1.9e-103  1.3e-100  337.2   0.1   307   522   750  1006   745  1006 0.92 -
13540_g              -           1448 5869at5794           -            522   6.3e-09   34.7   0.0   1   4      0.28   1.8e+02    0.1   0.0   334   353   373   392   368   400 0.77 -
13540_g              -           1448 5869at5794           -            522   6.3e-09   34.7   0.0   2   4     0.014       9.2    4.4   0.0   396   433   653   691   648   715 0.77 -
13540_g              -           1448 5869at5794           -            522   6.3e-09   34.7   0.0   3   4    0.0007      0.46    8.7   0.0   336   358  1008  1030   976  1039 0.75 -
13540_g              -           1448 5869at5794           -            522   6.3e-09   34.7   0.0   4   4   7.5e-06     0.005   15.2   0.0   392   470  1169  1250  1164  1259 0.77 -
9126_g               -           1448 5869at5794           -            522   6.3e-09   34.7   0.0   1   4      0.28   1.8e+02    0.1   0.0   334   353   373   392   368   400 0.77 -
9126_g               -           1448 5869at5794           -            522   6.3e-09   34.7   0.0   2   4     0.014       9.2    4.4   0.0   396   433   653   691   648   715 0.77 -
9126_g               -           1448 5869at5794           -            522   6.3e-09   34.7   0.0   3   4    0.0007      0.46    8.7   0.0   336   358  1008  1030   976  1039 0.75 -
9126_g               -           1448 5869at5794           -            522   6.3e-09   34.7   0.0   4   4   7.5e-06     0.005   15.2   0.0   392   470  1169  1250  1164  1259 0.77 -
1986_g               -           1231 5869at5794           -            522   1.2e-08   33.7   1.0   1   4    0.0054       3.5    5.8   0.1   100   120   565   585   559   593 0.85 -
1986_g               -           1231 5869at5794           -            522   1.2e-08   33.7   1.0   2   4     0.011         7    4.8   0.0   396   433   726   764   698   772 0.81 -
1986_g               -           1231 5869at5794           -            522   1.2e-08   33.7   1.0   3   4    0.0015      0.97    7.7   0.0   104   130  1035  1061  1022  1087 0.65 -
1986_g               -           1231 5869at5794           -            522   1.2e-08   33.7   1.0   4   4   0.00022      0.15   10.3   0.0   399   490  1124  1217  1119  1229 0.65 -
2274_g               -           1231 5869at5794           -            522   1.2e-08   33.7   1.0   1   4    0.0054       3.5    5.8   0.1   100   120   565   585   559   593 0.85 -
2274_g               -           1231 5869at5794           -            522   1.2e-08   33.7   1.0   2   4     0.011         7    4.8   0.0   396   433   726   764   698   772 0.81 -
2274_g               -           1231 5869at5794           -            522   1.2e-08   33.7   1.0   3   4    0.0015      0.97    7.7   0.0   104   130  1035  1061  1022  1087 0.65 -
2274_g               -           1231 5869at5794           -            522   1.2e-08   33.7   1.0   4   4   0.00022      0.15   10.3   0.0   399   490  1124  1217  1119  1229 0.65 -
4243_g               -           2998 5869at5794           -            522   1.7e-05   23.3   1.6   1   4    0.0036       2.4    6.4   0.0   313   361  1181  1230  1166  1235 0.69 -
4243_g               -           2998 5869at5794           -            522   1.7e-05   23.3   1.6   2   4       0.2   1.3e+02    0.6   0.0   198   227  1352  1385  1349  1397 0.54 -
4243_g               -           2998 5869at5794           -            522   1.7e-05   23.3   1.6   3   4     0.022        15    3.7   0.0    98   122  2600  2624  2590  2631 0.76 -
4243_g               -           2998 5869at5794           -            522   1.7e-05   23.3   1.6   4   4    0.0013      0.85    7.8   0.1   399   469  2885  2959  2876  2972 0.67 -
8363_g               -           2998 5869at5794           -            522   1.7e-05   23.3   1.6   1   4    0.0036       2.4    6.4   0.0   313   361  1181  1230  1166  1235 0.69 -
8363_g               -           2998 5869at5794           -            522   1.7e-05   23.3   1.6   2   4       0.2   1.3e+02    0.6   0.0   198   227  1352  1385  1349  1397 0.54 -
8363_g               -           2998 5869at5794           -            522   1.7e-05   23.3   1.6   3   4     0.022        15    3.7   0.0    98   122  2600  2624  2590  2631 0.76 -
8363_g               -           2998 5869at5794           -            522   1.7e-05   23.3   1.6   4   4    0.0013      0.85    7.8   0.1   399   469  2885  2959  2876  2972 0.67 -
5823_g               -           2330 5869at5794           -            522   2.9e-05   22.6   2.1   1   4    0.0044       2.9    6.1   0.0    89   130   585   625   556   639 0.74 -
5823_g               -           2330 5869at5794           -            522   2.9e-05   22.6   2.1   2   4   0.00028      0.18   10.0   0.0   399   469   805   878   798   910 0.67 -
5823_g               -           2330 5869at5794           -            522   2.9e-05   22.6   2.1   3   4     0.021        14    3.8   0.0    96   121  1615  1640  1586  1652 0.73 -
5823_g               -           2330 5869at5794           -            522   2.9e-05   22.6   2.1   4   4       4.3   2.9e+03   -3.8   0.0   198   217  2022  2042  2021  2044 0.67 -
6426_g               -           2330 5869at5794           -            522   2.9e-05   22.6   2.1   1   4    0.0044       2.9    6.1   0.0    89   130   585   625   556   639 0.74 -
6426_g               -           2330 5869at5794           -            522   2.9e-05   22.6   2.1   2   4   0.00028      0.18   10.0   0.0   399   469   805   878   798   910 0.67 -
6426_g               -           2330 5869at5794           -            522   2.9e-05   22.6   2.1   3   4     0.021        14    3.8   0.0    96   121  1615  1640  1586  1652 0.73 -
6426_g               -           2330 5869at5794           -            522   2.9e-05   22.6   2.1   4   4       4.3   2.9e+03   -3.8   0.0   198   217  2022  2042  2021  2044 0.67 -
7087_g               -           1198 5869at5794           -            522   0.00013   20.5   0.0   1   2    0.0098       6.5    4.9   0.0   337   364   955   982   945  1004 0.78 -
7087_g               -           1198 5869at5794           -            522   0.00013   20.5   0.0   2   2   3.1e-05      0.02   13.2   0.0   396   472  1057  1135  1041  1150 0.77 -
7829_g               -           1198 5869at5794           -            522   0.00013   20.5   0.0   1   2    0.0098       6.5    4.9   0.0   337   364   955   982   945  1004 0.78 -
7829_g               -           1198 5869at5794           -            522   0.00013   20.5   0.0   2   2   3.1e-05      0.02   13.2   0.0   396   472  1057  1135  1041  1150 0.77 -
499_g                -           1012 5869at5794           -            522   0.00021   19.7   0.1   1   2   0.00022      0.14   10.4   0.0    97   131   747   781   717   791 0.85 -
499_g                -           1012 5869at5794           -            522   0.00021   19.7   0.1   2   2    0.0021       1.4    7.1   0.0   397   434   870   908   860   927 0.80 -
674_g                -           1012 5869at5794           -            522   0.00021   19.7   0.1   1   2   0.00022      0.14   10.4   0.0    97   131   747   781   717   791 0.85 -
674_g                -           1012 5869at5794           -            522   0.00021   19.7   0.1   2   2    0.0021       1.4    7.1   0.0   397   434   870   908   860   927 0.80 -
13468_g              -            519 5869at5794           -            522    0.0023   16.3   0.0   1   2   0.00036      0.24    9.7   0.0   333   356   249   272   238   288 0.83 -
13468_g              -            519 5869at5794           -            522    0.0023   16.3   0.0   2   2     0.013       8.4    4.6   0.0   401   453   368   424   335   456 0.75 -
9197_g               -            519 5869at5794           -            522    0.0023   16.3   0.0   1   2   0.00036      0.24    9.7   0.0   333   356   249   272   238   288 0.83 -
9197_g               -            519 5869at5794           -            522    0.0023   16.3   0.0   2   2     0.013       8.4    4.6   0.0   401   453   368   424   335   456 0.75 -
2889_g               -           1612 5869at5794           -            522     0.014   13.8   0.0   1   2   0.00012     0.079   11.3   0.0    98   154   183   245   178   295 0.74 -
2889_g               -           1612 5869at5794           -            522     0.014   13.8   0.0   2   2      0.44   2.9e+02   -0.5   0.0   401   434   369   403   362   423 0.58 -
3570_g               -           1612 5869at5794           -            522     0.014   13.8   0.0   1   2   0.00012     0.079   11.3   0.0    98   154   183   245   178   295 0.74 -
3570_g               -           1612 5869at5794           -            522     0.014   13.8   0.0   2   2      0.44   2.9e+02   -0.5   0.0   401   434   369   403   362   423 0.58 -
3077_g               -           1148 5869at5794           -            522     0.028   12.8   0.1   1   2   0.00057      0.38    9.0   0.0    94   124   469   498   453   511 0.75 -
3077_g               -           1148 5869at5794           -            522     0.028   12.8   0.1   2   2      0.12        78    1.4   0.0   397   432   644   680   626   695 0.67 -
3758_g               -           1148 5869at5794           -            522     0.028   12.8   0.1   1   2   0.00057      0.38    9.0   0.0    94   124   469   498   453   511 0.75 -
3758_g               -           1148 5869at5794           -            522     0.028   12.8   0.1   2   2      0.12        78    1.4   0.0   397   432   644   680   626   695 0.67 -
7370_g               -           2221 5869at5794           -            522     0.062   11.6   0.0   1   2     0.027        18    3.5   0.0   101   131  1931  1961  1923  1981 0.64 -
7370_g               -           2221 5869at5794           -            522     0.062   11.6   0.0   2   2    0.0054       3.6    5.8   0.0   396   436  2075  2118  2043  2121 0.78 -
7547_g               -           2221 5869at5794           -            522     0.062   11.6   0.0   1   2     0.027        18    3.5   0.0   101   131  1931  1961  1923  1981 0.64 -
7547_g               -           2221 5869at5794           -            522     0.062   11.6   0.0   2   2    0.0054       3.6    5.8   0.0   396   436  2075  2118  2043  2121 0.78 -
2825_g               -           1571 5869at5794           -            522      0.13   10.5   0.0   1   2    0.0018       1.2    7.4   0.0   314   372   348   405   333   422 0.71 -
2825_g               -           1571 5869at5794           -            522      0.13   10.5   0.0   2   2   0.00089      0.59    8.4   0.0   102   226   368   510   356   516 0.57 -
3506_g               -           1571 5869at5794           -            522      0.13   10.5   0.0   1   2    0.0018       1.2    7.4   0.0   314   372   348   405   333   422 0.71 -
3506_g               -           1571 5869at5794           -            522      0.13   10.5   0.0   2   2   0.00089      0.59    8.4   0.0   102   226   368   510   356   516 0.57 -
#
# Program:         hmmsearch
# Version:         3.1b2 (February 2015)
# Pipeline mode:   SEARCH
# Query file:      /mnt/e/Bioinformatics/Semester2/BINP29/Malaria Project/Genomes/Parsed/busco_downloads/lineages/apicomplexa_odb10/hmms/5869at5794.hmm
# Target file:     /mnt/e/Bioinformatics/Semester2/BINP29/Malaria Project/Genomes/Parsed/Tg_new.faa
# Option settings: hmmsearch --domtblout /mnt/e/Bioinformatics/Semester2/BINP29/Malaria Project/Genomes/Parsed/Tg/run_apicomplexa_odb10/hmmer_output/initial_run_results/5869at5794.out --cpu 1 /mnt/e/Bioinformatics/Semester2/BINP29/Malaria Project/Genomes/Parsed/busco_downloads/lineages/apicomplexa_odb10/hmms/5869at5794.hmm /mnt/e/Bioinformatics/Semester2/BINP29/Malaria Project/Genomes/Parsed/Tg_new.faa 
# Current dir:     /mnt/e/Bioinformatics/Semester2/BINP29/Malaria Project/Genomes/Parsed
# Date:            Wed Mar  1 19:36:09 2023
# [ok]
