#                                                                            --- full sequence --- -------------- this domain -------------   hmm coord   ali coord   env coord
# target name        accession   tlen query name           accession   qlen   E-value  score  bias   #  of  c-Evalue  i-Evalue  score  bias  from    to  from    to  from    to  acc description of target
#------------------- ---------- ----- -------------------- ---------- ----- --------- ------ ----- --- --- --------- --------- ------ ----- ----- ----- ----- ----- ----- ----- ---- ---------------------
13398_g              -            769 6176at5794           -            427  3.7e-219  728.0  15.3   1   4  1.9e-131  3.5e-129  431.6   0.3     1   232    80   326    80   332 0.98 -
13398_g              -            769 6176at5794           -            427  3.7e-219  728.0  15.3   2   4   6.7e-59   1.2e-56  192.5   0.1   232   369   354   501   335   508 0.85 -
13398_g              -            769 6176at5794           -            427  3.7e-219  728.0  15.3   3   4       2.9   5.2e+02   -0.6   0.0   347   366   648   667   646   672 0.83 -
13398_g              -            769 6176at5794           -            427  3.7e-219  728.0  15.3   4   4   4.3e-34   7.7e-32  110.8   2.7   339   427   678   767   671   767 0.93 -
9270_g               -            769 6176at5794           -            427  3.7e-219  728.0  15.3   1   4  1.9e-131  3.5e-129  431.6   0.3     1   232    80   326    80   332 0.98 -
9270_g               -            769 6176at5794           -            427  3.7e-219  728.0  15.3   2   4   6.7e-59   1.2e-56  192.5   0.1   232   369   354   501   335   508 0.85 -
9270_g               -            769 6176at5794           -            427  3.7e-219  728.0  15.3   3   4       2.9   5.2e+02   -0.6   0.0   347   366   648   667   646   672 0.83 -
9270_g               -            769 6176at5794           -            427  3.7e-219  728.0  15.3   4   4   4.3e-34   7.7e-32  110.8   2.7   339   427   678   767   671   767 0.93 -
13381_g              -            525 6176at5794           -            427   3.4e-28   98.8   0.5   1   2   0.00053     0.096   11.7   0.0   255   286    24    55    17    57 0.81 -
13381_g              -            525 6176at5794           -            427   3.4e-28   98.8   0.5   2   2   6.6e-29   1.2e-26   93.7   0.3     4   173    29   183    27   187 0.94 -
9287_g               -            525 6176at5794           -            427   3.4e-28   98.8   0.5   1   2   0.00053     0.096   11.7   0.0   255   286    24    55    17    57 0.81 -
9287_g               -            525 6176at5794           -            427   3.4e-28   98.8   0.5   2   2   6.6e-29   1.2e-26   93.7   0.3     4   173    29   183    27   187 0.94 -
1911_g               -           1217 6176at5794           -            427   6.4e-27   94.6   0.0   1   3   1.5e-13   2.6e-11   43.2   0.0   259   338   244   326   233   337 0.86 -
1911_g               -           1217 6176at5794           -            427   6.4e-27   94.6   0.0   2   3   8.9e-09   1.6e-06   27.4   0.0   272   332   403   466   387   475 0.67 -
1911_g               -           1217 6176at5794           -            427   6.4e-27   94.6   0.0   3   3   1.5e-06   0.00028   20.0   0.0   242   327   712   798   696   808 0.59 -
2350_g               -           1217 6176at5794           -            427   6.4e-27   94.6   0.0   1   3   1.5e-13   2.6e-11   43.2   0.0   259   338   244   326   233   337 0.86 -
2350_g               -           1217 6176at5794           -            427   6.4e-27   94.6   0.0   2   3   8.9e-09   1.6e-06   27.4   0.0   272   332   403   466   387   475 0.67 -
2350_g               -           1217 6176at5794           -            427   6.4e-27   94.6   0.0   3   3   1.5e-06   0.00028   20.0   0.0   242   327   712   798   696   808 0.59 -
7431_g               -           1492 6176at5794           -            427   1.1e-26   93.8   0.2   1   2   9.7e-14   1.8e-11   43.8   0.0   182   342   771   949   756   956 0.81 -
7431_g               -           1492 6176at5794           -            427   1.1e-26   93.8   0.2   2   2   6.4e-15   1.2e-12   47.6   0.1    92   165  1063  1137  1058  1152 0.90 -
7489_g               -           1492 6176at5794           -            427   1.1e-26   93.8   0.2   1   2   9.7e-14   1.8e-11   43.8   0.0   182   342   771   949   756   956 0.81 -
7489_g               -           1492 6176at5794           -            427   1.1e-26   93.8   0.2   2   2   6.4e-15   1.2e-12   47.6   0.1    92   165  1063  1137  1058  1152 0.90 -
570_g                -            522 6176at5794           -            427   1.1e-25   90.5   0.5   1   2   1.2e-13   2.1e-11   43.5   0.2   182   345    51   229    48   241 0.77 -
570_g                -            522 6176at5794           -            427   1.1e-25   90.5   0.5   2   2     2e-13   3.7e-11   42.7   0.0    91   166   390   466   376   480 0.85 -
603_g                -            522 6176at5794           -            427   1.1e-25   90.5   0.5   1   2   1.2e-13   2.1e-11   43.5   0.2   182   345    51   229    48   241 0.77 -
603_g                -            522 6176at5794           -            427   1.1e-25   90.5   0.5   2   2     2e-13   3.7e-11   42.7   0.0    91   166   390   466   376   480 0.85 -
1989_g               -           1149 6176at5794           -            427   4.2e-25   88.6   0.1   1   6   0.00011     0.019   14.0   0.0   257   315   199   258   194   273 0.87 -
1989_g               -           1149 6176at5794           -            427   4.2e-25   88.6   0.1   2   6   3.3e-08   5.9e-06   25.5   0.0   262   400   477   623   472   644 0.75 -
1989_g               -           1149 6176at5794           -            427   4.2e-25   88.6   0.1   3   6      0.71   1.3e+02    1.4   0.0    13    74   744   799   732   806 0.78 -
1989_g               -           1149 6176at5794           -            427   4.2e-25   88.6   0.1   4   6      0.15        27    3.6   0.0   253   299   931   976   923   989 0.82 -
1989_g               -           1149 6176at5794           -            427   4.2e-25   88.6   0.1   5   6     0.026       4.7    6.1   0.0   131   164   993  1026   986  1037 0.84 -
1989_g               -           1149 6176at5794           -            427   4.2e-25   88.6   0.1   6   6   3.3e-09   5.9e-07   28.8   0.0   257   324  1059  1124  1051  1141 0.51 -
2271_g               -           1149 6176at5794           -            427   4.2e-25   88.6   0.1   1   6   0.00011     0.019   14.0   0.0   257   315   199   258   194   273 0.87 -
2271_g               -           1149 6176at5794           -            427   4.2e-25   88.6   0.1   2   6   3.3e-08   5.9e-06   25.5   0.0   262   400   477   623   472   644 0.75 -
2271_g               -           1149 6176at5794           -            427   4.2e-25   88.6   0.1   3   6      0.71   1.3e+02    1.4   0.0    13    74   744   799   732   806 0.78 -
2271_g               -           1149 6176at5794           -            427   4.2e-25   88.6   0.1   4   6      0.15        27    3.6   0.0   253   299   931   976   923   989 0.82 -
2271_g               -           1149 6176at5794           -            427   4.2e-25   88.6   0.1   5   6     0.026       4.7    6.1   0.0   131   164   993  1026   986  1037 0.84 -
2271_g               -           1149 6176at5794           -            427   4.2e-25   88.6   0.1   6   6   3.3e-09   5.9e-07   28.8   0.0   257   324  1059  1124  1051  1141 0.51 -
579_g                -            436 6176at5794           -            427   1.2e-19   70.7   0.1   1   2   1.3e-05    0.0024   17.0   0.0   262   316     8    65     2    92 0.67 -
579_g                -            436 6176at5794           -            427   1.2e-19   70.7   0.1   2   2   3.6e-16   6.5e-14   51.8   0.0    88   174   199   283   177   311 0.84 -
594_g                -            436 6176at5794           -            427   1.2e-19   70.7   0.1   1   2   1.3e-05    0.0024   17.0   0.0   262   316     8    65     2    92 0.67 -
594_g                -            436 6176at5794           -            427   1.2e-19   70.7   0.1   2   2   3.6e-16   6.5e-14   51.8   0.0    88   174   199   283   177   311 0.84 -
4893_g               -            618 6176at5794           -            427   6.4e-19   68.3   0.0   1   3   1.9e-08   3.5e-06   26.3   0.0   243   330    60   147    53   167 0.75 -
4893_g               -            618 6176at5794           -            427   6.4e-19   68.3   0.0   2   3   3.5e-11   6.3e-09   35.3   0.0    90   165   247   324   231   333 0.85 -
4893_g               -            618 6176at5794           -            427   6.4e-19   68.3   0.0   3   3      0.28        51    2.7   0.0   113   163   554   601   546   609 0.58 -
5365_g               -            618 6176at5794           -            427   6.4e-19   68.3   0.0   1   3   1.9e-08   3.5e-06   26.3   0.0   243   330    60   147    53   167 0.75 -
5365_g               -            618 6176at5794           -            427   6.4e-19   68.3   0.0   2   3   3.5e-11   6.3e-09   35.3   0.0    90   165   247   324   231   333 0.85 -
5365_g               -            618 6176at5794           -            427   6.4e-19   68.3   0.0   3   3      0.28        51    2.7   0.0   113   163   554   601   546   609 0.58 -
4828_g               -           1047 6176at5794           -            427   8.9e-19   67.8   0.0   1   4   0.00012     0.021   13.8   0.0    20    66    35    81    19    88 0.91 -
4828_g               -           1047 6176at5794           -            427   8.9e-19   67.8   0.0   2   4   0.00015     0.028   13.5   0.0   259   298   121   160   116   168 0.91 -
4828_g               -           1047 6176at5794           -            427   8.9e-19   67.8   0.0   3   4       2.6   4.8e+02   -0.5   0.0   133   157   178   202   171   222 0.65 -
4828_g               -           1047 6176at5794           -            427   8.9e-19   67.8   0.0   4   4   5.7e-11     1e-08   34.6   0.0    92   173   701   782   694   800 0.81 -
5300_g               -           1047 6176at5794           -            427   8.9e-19   67.8   0.0   1   4   0.00012     0.021   13.8   0.0    20    66    35    81    19    88 0.91 -
5300_g               -           1047 6176at5794           -            427   8.9e-19   67.8   0.0   2   4   0.00015     0.028   13.5   0.0   259   298   121   160   116   168 0.91 -
5300_g               -           1047 6176at5794           -            427   8.9e-19   67.8   0.0   3   4       2.6   4.8e+02   -0.5   0.0   133   157   178   202   171   222 0.65 -
5300_g               -           1047 6176at5794           -            427   8.9e-19   67.8   0.0   4   4   5.7e-11     1e-08   34.6   0.0    92   173   701   782   694   800 0.81 -
12633_g              -            459 6176at5794           -            427   5.5e-13   48.7   0.8   1   2   5.6e-09     1e-06   28.1   0.2   258   313    93   149    81   161 0.87 -
12633_g              -            459 6176at5794           -            427   5.5e-13   48.7   0.8   2   2   2.9e-06   0.00053   19.1   0.0   253   313   180   242   156   269 0.74 -
9890_g               -            459 6176at5794           -            427   5.5e-13   48.7   0.8   1   2   5.6e-09     1e-06   28.1   0.2   258   313    93   149    81   161 0.87 -
9890_g               -            459 6176at5794           -            427   5.5e-13   48.7   0.8   2   2   2.9e-06   0.00053   19.1   0.0   253   313   180   242   156   269 0.74 -
10085_g              -            618 6176at5794           -            427   2.7e-12   46.4   1.4   1   2   1.1e-06    0.0002   20.5   1.7   238   344   195   309   181   319 0.78 -
10085_g              -            618 6176at5794           -            427   2.7e-12   46.4   1.4   2   2   1.4e-07   2.5e-05   23.5   0.0   265   332   333   403   321   453 0.71 -
12435_g              -           2641 6176at5794           -            427   9.4e-11   41.3   1.2   1   2   6.9e-06    0.0012   17.9   1.6   238   344   195   309   182   319 0.78 -
12435_g              -           2641 6176at5794           -            427   9.4e-11   41.3   1.2   2   2   8.9e-07   0.00016   20.8   0.0   265   332   333   403   322   451 0.72 -
2636_g               -            543 6176at5794           -            427   3.4e-10   39.5   0.6   1   1   1.2e-10   2.1e-08   33.6   0.7   183   316   174   302   171   322 0.67 -
3317_g               -            543 6176at5794           -            427   3.4e-10   39.5   0.6   1   1   1.2e-10   2.1e-08   33.6   0.7   183   316   174   302   171   322 0.67 -
2897_g               -            693 6176at5794           -            427   3.9e-10   39.3   0.3   1   3   0.00025     0.045   12.8   0.0   184   255   140   211   123   217 0.81 -
2897_g               -            693 6176at5794           -            427   3.9e-10   39.3   0.3   2   3    0.0012      0.21   10.5   0.0    93   165   352   420   342   427 0.81 -
2897_g               -            693 6176at5794           -            427   3.9e-10   39.3   0.3   3   3   0.00034     0.061   12.3   0.1   260   303   474   517   460   555 0.71 -
3578_g               -            693 6176at5794           -            427   3.9e-10   39.3   0.3   1   3   0.00025     0.045   12.8   0.0   184   255   140   211   123   217 0.81 -
3578_g               -            693 6176at5794           -            427   3.9e-10   39.3   0.3   2   3    0.0012      0.21   10.5   0.0    93   165   352   420   342   427 0.81 -
3578_g               -            693 6176at5794           -            427   3.9e-10   39.3   0.3   3   3   0.00034     0.061   12.3   0.1   260   303   474   517   460   555 0.71 -
2713_g               -            268 6176at5794           -            427   1.3e-09   37.5   0.0   1   1   9.8e-12   1.8e-09   37.1   0.0   261   316    65   124    57   138 0.84 -
3394_g               -            268 6176at5794           -            427   1.3e-09   37.5   0.0   1   1   9.8e-12   1.8e-09   37.1   0.0   261   316    65   124    57   138 0.84 -
13278_g              -            620 6176at5794           -            427   3.3e-09   36.3   0.1   1   1   2.7e-11   4.9e-09   35.7   0.1   253   349   199   301   176   328 0.76 -
9391_g               -            654 6176at5794           -            427   3.5e-09   36.2   0.1   1   1     3e-11   5.4e-09   35.6   0.1   253   349   233   335   210   362 0.76 -
3145_g               -            791 6176at5794           -            427   7.1e-09   35.2   0.1   1   1   8.4e-11   1.5e-08   34.1   0.0     5    88     8    91     5    99 0.92 -
3826_g               -            791 6176at5794           -            427   7.1e-09   35.2   0.1   1   1   8.4e-11   1.5e-08   34.1   0.0     5    88     8    91     5    99 0.92 -
7393_g               -            146 6176at5794           -            427   3.2e-08   33.0   0.0   1   1   2.1e-10   3.8e-08   32.8   0.0   260   331    21    96     5   111 0.78 -
7525_g               -            146 6176at5794           -            427   3.2e-08   33.0   0.0   1   1   2.1e-10   3.8e-08   32.8   0.0   260   331    21    96     5   111 0.78 -
2969_g               -           2873 6176at5794           -            427   1.5e-07   30.8   0.0   1   2   2.5e-07   4.5e-05   22.6   0.0     5   151  2159  2303  2155  2328 0.75 -
2969_g               -           2873 6176at5794           -            427   1.5e-07   30.8   0.0   2   2     0.065        12    4.8   0.0   293   317  2514  2538  2511  2571 0.76 -
3650_g               -           2873 6176at5794           -            427   1.5e-07   30.8   0.0   1   2   2.5e-07   4.5e-05   22.6   0.0     5   151  2159  2303  2155  2328 0.75 -
3650_g               -           2873 6176at5794           -            427   1.5e-07   30.8   0.0   2   2     0.065        12    4.8   0.0   293   317  2514  2538  2511  2571 0.76 -
279_g                -           2703 6176at5794           -            427   1.5e-07   30.8   0.1   1   1   1.4e-09   2.5e-07   30.0   0.1   236   359   311   439   303   454 0.79 -
4150_g               -            873 6176at5794           -            427     2e-07   30.4   0.0   1   1   1.6e-09   2.9e-07   29.9   0.0   252   329   654   732   582   761 0.80 -
8930_g               -            873 6176at5794           -            427     2e-07   30.4   0.0   1   1   1.6e-09   2.9e-07   29.9   0.0   252   329   654   732   582   761 0.80 -
112_g                -           3411 6176at5794           -            427     2e-07   30.4   0.1   1   1   1.8e-09   3.3e-07   29.7   0.1   236   359  1019  1147  1011  1162 0.79 -
4338_g               -           2127 6176at5794           -            427   3.1e-07   29.7   0.2   1   2       6.7   1.2e+03   -1.8   0.2   321   380   491   552   472   559 0.80 -
4338_g               -           2127 6176at5794           -            427   3.1e-07   29.7   0.2   2   2   6.3e-09   1.1e-06   27.9   0.0   254   313   617   680   614   685 0.86 -
8270_g               -           2127 6176at5794           -            427   3.1e-07   29.7   0.2   1   2       6.7   1.2e+03   -1.8   0.2   321   380   491   552   472   559 0.80 -
8270_g               -           2127 6176at5794           -            427   3.1e-07   29.7   0.2   2   2   6.3e-09   1.1e-06   27.9   0.0   254   313   617   680   614   685 0.86 -
4744_g               -            305 6176at5794           -            427     5e-07   29.1   0.0   1   1   3.8e-09   6.9e-07   28.6   0.0    94   165   100   171    79   177 0.88 -
5216_g               -            305 6176at5794           -            427     5e-07   29.1   0.0   1   1   3.8e-09   6.9e-07   28.6   0.0    94   165   100   171    79   177 0.88 -
6976_g               -            367 6176at5794           -            427     7e-07   28.6   0.0   1   1   5.2e-09   9.5e-07   28.2   0.0    88   166   274   354   261   364 0.80 -
7936_g               -            367 6176at5794           -            427     7e-07   28.6   0.0   1   1   5.2e-09   9.5e-07   28.2   0.0    88   166   274   354   261   364 0.80 -
13232_g              -            567 6176at5794           -            427   9.6e-07   28.1   0.0   1   2   1.6e-07   2.8e-05   23.3   0.0    91   165   316   391   304   416 0.81 -
13232_g              -            567 6176at5794           -            427   9.6e-07   28.1   0.0   2   2         2   3.5e+02   -0.1   0.0   135   169   520   554   502   564 0.81 -
9435_g               -            567 6176at5794           -            427   9.6e-07   28.1   0.0   1   2   1.6e-07   2.8e-05   23.3   0.0    91   165   316   391   304   416 0.81 -
9435_g               -            567 6176at5794           -            427   9.6e-07   28.1   0.0   2   2         2   3.5e+02   -0.1   0.0   135   169   520   554   502   564 0.81 -
7258_g               -            194 6176at5794           -            427   1.7e-06   27.3   0.0   1   1   1.1e-08   2.1e-06   27.1   0.0   258   343     3    92     1   103 0.84 -
7661_g               -            194 6176at5794           -            427   1.7e-06   27.3   0.0   1   1   1.1e-08   2.1e-06   27.1   0.0   258   343     3    92     1   103 0.84 -
5689_g               -            253 6176at5794           -            427   2.1e-06   27.0   0.0   1   1   2.2e-08     4e-06   26.1   0.0    90   166    20    96    10   106 0.89 -
6558_g               -            253 6176at5794           -            427   2.1e-06   27.0   0.0   1   1   2.2e-08     4e-06   26.1   0.0    90   166    20    96    10   106 0.89 -
526_g                -            234 6176at5794           -            427   2.5e-06   26.8   0.1   1   2   5.6e-07    0.0001   21.5   0.0   261   375    37   156    31   178 0.75 -
526_g                -            234 6176at5794           -            427   2.5e-06   26.8   0.1   2   2      0.14        25    3.7   0.0   204   231   193   220   156   230 0.63 -
648_g                -            234 6176at5794           -            427   2.5e-06   26.8   0.1   1   2   5.6e-07    0.0001   21.5   0.0   261   375    37   156    31   178 0.75 -
648_g                -            234 6176at5794           -            427   2.5e-06   26.8   0.1   2   2      0.14        25    3.7   0.0   204   231   193   220   156   230 0.63 -
3027_g               -            287 6176at5794           -            427   2.7e-06   26.7   0.1   1   1   2.2e-08   3.9e-06   26.1   0.1     6    78   184   253   175   281 0.43 -
3708_g               -            287 6176at5794           -            427   2.7e-06   26.7   0.1   1   1   2.2e-08   3.9e-06   26.1   0.1     6    78   184   253   175   281 0.43 -
13329_g              -            436 6176at5794           -            427   7.7e-05   21.9   0.0   1   1   1.5e-06   0.00026   20.1   0.0     3   169    65   229    63   246 0.78 -
9340_g               -            436 6176at5794           -            427   7.7e-05   21.9   0.0   1   1   1.5e-06   0.00026   20.1   0.0     3   169    65   229    63   246 0.78 -
13391_g              -            799 6176at5794           -            427     8e-05   21.8   0.0   1   1   6.7e-07   0.00012   21.2   0.0   175   236   139   210   135   213 0.87 -
9277_g               -            799 6176at5794           -            427     8e-05   21.8   0.0   1   1   6.7e-07   0.00012   21.2   0.0   175   236   139   210   135   213 0.87 -
4144_g               -            994 6176at5794           -            427   0.00017   20.7   0.0   1   1   1.5e-06   0.00027   20.1   0.0     4    76   172   244   169   257 0.80 -
8924_g               -            994 6176at5794           -            427   0.00017   20.7   0.0   1   1   1.5e-06   0.00027   20.1   0.0     4    76   172   244   169   257 0.80 -
2953_g               -           1083 6176at5794           -            427   0.00046   19.3   0.0   1   2     0.081        15    4.5   0.0   131   329   856   888   793   898 0.60 -
2953_g               -           1083 6176at5794           -            427   0.00046   19.3   0.0   2   2   0.00032     0.058   12.4   0.0    92   153   935   997   928  1013 0.62 -
3634_g               -           1083 6176at5794           -            427   0.00046   19.3   0.0   1   2     0.081        15    4.5   0.0   131   329   856   888   793   898 0.60 -
3634_g               -           1083 6176at5794           -            427   0.00046   19.3   0.0   2   2   0.00032     0.058   12.4   0.0    92   153   935   997   928  1013 0.62 -
3086_g               -            373 6176at5794           -            427   0.00095   18.3   0.0   1   2       0.1        19    4.1   0.0   264   325   105   169    99   176 0.50 -
3086_g               -            373 6176at5794           -            427   0.00095   18.3   0.0   2   2   0.00039     0.071   12.1   0.0    93   164   298   369   280   371 0.91 -
3767_g               -            373 6176at5794           -            427   0.00095   18.3   0.0   1   2       0.1        19    4.1   0.0   264   325   105   169    99   176 0.50 -
3767_g               -            373 6176at5794           -            427   0.00095   18.3   0.0   2   2   0.00039     0.071   12.1   0.0    93   164   298   369   280   371 0.91 -
2714_g               -            404 6176at5794           -            427    0.0011   18.0   0.0   1   1   8.7e-06    0.0016   17.5   0.0   274   345   155   229   149   252 0.73 -
3395_g               -            404 6176at5794           -            427    0.0011   18.0   0.0   1   1   8.7e-06    0.0016   17.5   0.0   274   345   155   229   149   252 0.73 -
13609_g              -            732 6176at5794           -            427    0.0024   16.9   0.0   1   1     2e-05    0.0036   16.4   0.0   113   165   522   575   485   588 0.91 -
9054_g               -            732 6176at5794           -            427    0.0024   16.9   0.0   1   1     2e-05    0.0036   16.4   0.0   113   165   522   575   485   588 0.91 -
7105_g               -            908 6176at5794           -            427    0.0028   16.7   0.0   1   1   2.9e-05    0.0052   15.8   0.0     5    65   246   310   243   330 0.86 -
7811_g               -            908 6176at5794           -            427    0.0028   16.7   0.0   1   1   2.9e-05    0.0052   15.8   0.0     5    65   246   310   243   330 0.86 -
10741_g              -            352 6176at5794           -            427    0.0034   16.4   0.0   1   2   8.8e-05     0.016   14.2   0.0   185   229    32    76    17    80 0.93 -
10741_g              -            352 6176at5794           -            427    0.0034   16.4   0.0   2   2       2.4   4.3e+02   -0.4   0.0   274   308   132   166   115   198 0.77 -
11538_g              -            352 6176at5794           -            427    0.0034   16.4   0.0   1   2   8.8e-05     0.016   14.2   0.0   185   229    32    76    17    80 0.93 -
11538_g              -            352 6176at5794           -            427    0.0034   16.4   0.0   2   2       2.4   4.3e+02   -0.4   0.0   274   308   132   166   115   198 0.77 -
4162_g               -            929 6176at5794           -            427    0.0061   15.6   0.0   1   1   4.8e-05    0.0086   15.1   0.0   103   162   330   389   302   402 0.62 -
8942_g               -            929 6176at5794           -            427    0.0061   15.6   0.0   1   1   4.8e-05    0.0086   15.1   0.0   103   162   330   389   302   402 0.62 -
12711_g              -            982 6176at5794           -            427     0.018   14.1   0.2   1   2    0.0075       1.3    7.9   0.0   184   228   554   599   515   633 0.59 -
12711_g              -            982 6176at5794           -            427     0.018   14.1   0.2   2   2      0.19        34    3.3   0.1   128   169   808   849   800   861 0.78 -
9812_g               -            982 6176at5794           -            427     0.018   14.1   0.2   1   2    0.0075       1.3    7.9   0.0   184   228   554   599   515   633 0.59 -
9812_g               -            982 6176at5794           -            427     0.018   14.1   0.2   2   2      0.19        34    3.3   0.1   128   169   808   849   800   861 0.78 -
12956_g              -            495 6176at5794           -            427     0.036   13.1   0.1   1   3     0.015       2.7    6.9   0.0   242   285    87   138    45   143 0.66 -
12956_g              -            495 6176at5794           -            427     0.036   13.1   0.1   2   3      0.35        63    2.4   0.0   122   157   219   254   212   273 0.86 -
12956_g              -            495 6176at5794           -            427     0.036   13.1   0.1   3   3       3.5   6.3e+02   -0.9   0.0    40    70   370   400   344   421 0.64 -
9705_g               -            495 6176at5794           -            427     0.036   13.1   0.1   1   3     0.015       2.7    6.9   0.0   242   285    87   138    45   143 0.66 -
9705_g               -            495 6176at5794           -            427     0.036   13.1   0.1   2   3      0.35        63    2.4   0.0   122   157   219   254   212   273 0.86 -
9705_g               -            495 6176at5794           -            427     0.036   13.1   0.1   3   3       3.5   6.3e+02   -0.9   0.0    40    70   370   400   344   421 0.64 -
561_g                -            331 6176at5794           -            427     0.036   13.1   0.0   1   1   0.00028     0.051   12.6   0.0   247   305   175   232   157   248 0.73 -
612_g                -            331 6176at5794           -            427     0.036   13.1   0.0   1   1   0.00028     0.051   12.6   0.0   247   305   175   232   157   248 0.73 -
10684_g              -            819 6176at5794           -            427     0.059   12.4   0.0   1   1    0.0014      0.24   10.3   0.0   233   313   129   216   120   230 0.73 -
11481_g              -            819 6176at5794           -            427     0.059   12.4   0.0   1   1    0.0014      0.24   10.3   0.0   233   313   129   216   120   230 0.73 -
2073_g               -            484 6176at5794           -            427     0.079   11.9   0.1   1   1   0.00066      0.12   11.4   0.1     5    61   284   348   276   367 0.71 -
2186_g               -            484 6176at5794           -            427     0.079   11.9   0.1   1   1   0.00066      0.12   11.4   0.1     5    61   284   348   276   367 0.71 -
2657_g               -           1565 6176at5794           -            427      0.11   11.4   0.0   1   1   0.00094      0.17   10.8   0.0     6    63   241   304   238   312 0.88 -
3338_g               -           1565 6176at5794           -            427      0.11   11.4   0.0   1   1   0.00094      0.17   10.8   0.0     6    63   241   304   238   312 0.88 -
#
# Program:         hmmsearch
# Version:         3.1b2 (February 2015)
# Pipeline mode:   SEARCH
# Query file:      /mnt/e/Bioinformatics/Semester2/BINP29/Malaria Project/Genomes/Parsed/busco_downloads/lineages/apicomplexa_odb10/hmms/6176at5794.hmm
# Target file:     /mnt/e/Bioinformatics/Semester2/BINP29/Malaria Project/Genomes/Parsed/Tg_new.faa
# Option settings: hmmsearch --domtblout /mnt/e/Bioinformatics/Semester2/BINP29/Malaria Project/Genomes/Parsed/Tg/run_apicomplexa_odb10/hmmer_output/initial_run_results/6176at5794.out --cpu 1 /mnt/e/Bioinformatics/Semester2/BINP29/Malaria Project/Genomes/Parsed/busco_downloads/lineages/apicomplexa_odb10/hmms/6176at5794.hmm /mnt/e/Bioinformatics/Semester2/BINP29/Malaria Project/Genomes/Parsed/Tg_new.faa 
# Current dir:     /mnt/e/Bioinformatics/Semester2/BINP29/Malaria Project/Genomes/Parsed
# Date:            Wed Mar  1 19:36:11 2023
# [ok]
