#                                                                            --- full sequence --- -------------- this domain -------------   hmm coord   ali coord   env coord
# target name        accession   tlen query name           accession   qlen   E-value  score  bias   #  of  c-Evalue  i-Evalue  score  bias  from    to  from    to  from    to  acc description of target
#------------------- ---------- ----- -------------------- ---------- ----- --------- ------ ----- --- --- --------- --------- ------ ----- ----- ----- ----- ----- ----- ----- ---- ---------------------
2000_g               -            782 6285at5794           -            627    7e-249  827.2   1.6   1   3   2.4e-44   6.3e-42  143.5   0.0     1   186     9   212     9   220 0.85 -
2000_g               -            782 6285at5794           -            627    7e-249  827.2   1.6   2   3  5.1e-100   1.3e-97  327.5   0.6   187   354   259   439   257   456 0.95 -
2000_g               -            782 6285at5794           -            627    7e-249  827.2   1.6   3   3  7.2e-108  1.8e-105  353.4   0.0   351   592   471   728   462   735 0.93 -
2259_g               -            782 6285at5794           -            627    7e-249  827.2   1.6   1   3   2.4e-44   6.3e-42  143.5   0.0     1   186     9   212     9   220 0.85 -
2259_g               -            782 6285at5794           -            627    7e-249  827.2   1.6   2   3  5.1e-100   1.3e-97  327.5   0.6   187   354   259   439   257   456 0.95 -
2259_g               -            782 6285at5794           -            627    7e-249  827.2   1.6   3   3  7.2e-108  1.8e-105  353.4   0.0   351   592   471   728   462   735 0.93 -
7100_g               -           1465 6285at5794           -            627     3e-98  329.6   0.0   1   3   3.6e-54   9.3e-52  176.0   0.1   175   420   751   986   747   998 0.91 -
7100_g               -           1465 6285at5794           -            627     3e-98  329.6   0.0   2   3     1e-44   2.7e-42  144.7   0.0   177   345  1026  1186   997  1196 0.91 -
7100_g               -           1465 6285at5794           -            627     3e-98  329.6   0.0   3   3     0.026       6.6    4.7   0.0   352   387  1251  1285  1243  1300 0.84 -
7816_g               -           1465 6285at5794           -            627     3e-98  329.6   0.0   1   3   3.6e-54   9.3e-52  176.0   0.1   175   420   751   986   747   998 0.91 -
7816_g               -           1465 6285at5794           -            627     3e-98  329.6   0.0   2   3     1e-44   2.7e-42  144.7   0.0   177   345  1026  1186   997  1196 0.91 -
7816_g               -           1465 6285at5794           -            627     3e-98  329.6   0.0   3   3     0.026       6.6    4.7   0.0   352   387  1251  1285  1243  1300 0.84 -
13183_g              -           1307 6285at5794           -            627   1.1e-56  192.2   0.3   1   6   4.4e-07   0.00011   20.5   0.1   174   212   445   483   425   492 0.85 -
13183_g              -           1307 6285at5794           -            627   1.1e-56  192.2   0.3   2   6    0.0046       1.2    7.2   0.0   216   252   539   575   534   605 0.79 -
13183_g              -           1307 6285at5794           -            627   1.1e-56  192.2   0.3   3   6      0.83   2.1e+02   -0.3   0.0   257   272   653   668   650   673 0.83 -
13183_g              -           1307 6285at5794           -            627   1.1e-56  192.2   0.3   4   6   4.6e-11   1.2e-08   33.6   0.0   284   386   728   828   722   841 0.88 -
13183_g              -           1307 6285at5794           -            627   1.1e-56  192.2   0.3   5   6     1e-36   2.6e-34  118.3   0.0   176   340   926  1080   922  1100 0.91 -
13183_g              -           1307 6285at5794           -            627   1.1e-56  192.2   0.3   6   6     0.061        16    3.5   0.0   355   388  1187  1220  1173  1233 0.82 -
9483_g               -           1307 6285at5794           -            627   1.1e-56  192.2   0.3   1   6   4.4e-07   0.00011   20.5   0.1   174   212   445   483   425   492 0.85 -
9483_g               -           1307 6285at5794           -            627   1.1e-56  192.2   0.3   2   6    0.0046       1.2    7.2   0.0   216   252   539   575   534   605 0.79 -
9483_g               -           1307 6285at5794           -            627   1.1e-56  192.2   0.3   3   6      0.83   2.1e+02   -0.3   0.0   257   272   653   668   650   673 0.83 -
9483_g               -           1307 6285at5794           -            627   1.1e-56  192.2   0.3   4   6   4.6e-11   1.2e-08   33.6   0.0   284   386   728   828   722   841 0.88 -
9483_g               -           1307 6285at5794           -            627   1.1e-56  192.2   0.3   5   6     1e-36   2.6e-34  118.3   0.0   176   340   926  1080   922  1100 0.91 -
9483_g               -           1307 6285at5794           -            627   1.1e-56  192.2   0.3   6   6     0.061        16    3.5   0.0   355   388  1187  1220  1173  1233 0.82 -
6809_g               -           1364 6285at5794           -            627   6.3e-56  189.7   0.5   1   4     0.012       3.2    5.8   0.1   182   210   478   506   475   511 0.88 -
6809_g               -           1364 6285at5794           -            627   6.3e-56  189.7   0.5   2   4   5.1e-06    0.0013   16.9   0.0   280   341   628   689   610   692 0.81 -
6809_g               -           1364 6285at5794           -            627   6.3e-56  189.7   0.5   3   4   1.7e-05    0.0043   15.2   0.0   348   400   730   782   723   786 0.90 -
6809_g               -           1364 6285at5794           -            627   6.3e-56  189.7   0.5   4   4     5e-43   1.3e-40  139.2   0.0   154   351   985  1176   945  1243 0.77 -
8103_g               -           1364 6285at5794           -            627   6.3e-56  189.7   0.5   1   4     0.012       3.2    5.8   0.1   182   210   478   506   475   511 0.88 -
8103_g               -           1364 6285at5794           -            627   6.3e-56  189.7   0.5   2   4   5.1e-06    0.0013   16.9   0.0   280   341   628   689   610   692 0.81 -
8103_g               -           1364 6285at5794           -            627   6.3e-56  189.7   0.5   3   4   1.7e-05    0.0043   15.2   0.0   348   400   730   782   723   786 0.90 -
8103_g               -           1364 6285at5794           -            627   6.3e-56  189.7   0.5   4   4     5e-43   1.3e-40  139.2   0.0   154   351   985  1176   945  1243 0.77 -
557_g                -            488 6285at5794           -            627   8.7e-47  159.6   0.0   1   1   4.8e-49   1.2e-46  159.1   0.0   180   392   107   308   101   343 0.88 -
616_g                -            488 6285at5794           -            627   8.7e-47  159.6   0.0   1   1   4.8e-49   1.2e-46  159.1   0.0   180   392   107   308   101   343 0.88 -
13644_g              -            416 6285at5794           -            627     5e-40  137.2   0.7   1   1     2e-41   5.2e-39  133.9   0.7   153   387   145   384    18   400 0.80 -
9019_g               -            416 6285at5794           -            627     5e-40  137.2   0.7   1   1     2e-41   5.2e-39  133.9   0.7   153   387   145   384    18   400 0.80 -
10530_g              -            803 6285at5794           -            627   2.3e-35  121.8   0.0   1   1   1.8e-37   4.7e-35  120.8   0.0   189   387   585   773   583   785 0.89 -
11327_g              -            803 6285at5794           -            627   2.3e-35  121.8   0.0   1   1   1.8e-37   4.7e-35  120.8   0.0   189   387   585   773   583   785 0.89 -
558_g                -            900 6285at5794           -            627   3.2e-35  121.3   0.0   1   1   1.8e-37   4.7e-35  120.8   0.0   179   396   606   818   593   827 0.88 -
615_g                -            900 6285at5794           -            627   3.2e-35  121.3   0.0   1   1   1.8e-37   4.7e-35  120.8   0.0   179   396   606   818   593   827 0.88 -
5781_g               -           3160 6285at5794           -            627   7.4e-35  120.1   0.2   1   2   1.2e-20   3.2e-18   65.2   0.0   186   300   424   529   412   533 0.91 -
5781_g               -           3160 6285at5794           -            627   7.4e-35  120.1   0.2   2   2   1.1e-16   2.8e-14   52.2   0.2   303   386   599   679   597   696 0.90 -
5875_g               -           1652 6285at5794           -            627   1.5e-34  119.1   0.3   1   3   1.6e-33   4.1e-31  107.8   0.0   179   341  1015  1173  1008  1179 0.91 -
5875_g               -           1652 6285at5794           -            627   1.5e-34  119.1   0.3   2   3    0.0016      0.41    8.7   0.0   350   387  1296  1332  1273  1358 0.74 -
5875_g               -           1652 6285at5794           -            627   1.5e-34  119.1   0.3   3   3       4.9   1.3e+03   -2.8   0.2    13   134  1485  1606  1481  1616 0.60 -
6375_g               -           1652 6285at5794           -            627   1.5e-34  119.1   0.3   1   3   1.6e-33   4.1e-31  107.8   0.0   179   341  1015  1173  1008  1179 0.91 -
6375_g               -           1652 6285at5794           -            627   1.5e-34  119.1   0.3   2   3    0.0016      0.41    8.7   0.0   350   387  1296  1332  1273  1358 0.74 -
6375_g               -           1652 6285at5794           -            627   1.5e-34  119.1   0.3   3   3       4.9   1.3e+03   -2.8   0.2    13   134  1485  1606  1481  1616 0.60 -
6468_g               -           6760 6285at5794           -            627     4e-34  117.7   0.2   1   2   2.8e-20   7.3e-18   64.0   0.0   186   300   424   529   412   533 0.91 -
6468_g               -           6760 6285at5794           -            627     4e-34  117.7   0.2   2   2   2.4e-16   6.2e-14   51.0   0.2   303   386   599   679   597   696 0.90 -
4909_g               -           1593 6285at5794           -            627   1.4e-33  115.9   0.0   1   1   8.2e-36   2.1e-33  115.4   0.0   174   388   763   968   732   984 0.87 -
5381_g               -           1593 6285at5794           -            627   1.4e-33  115.9   0.0   1   1   8.2e-36   2.1e-33  115.4   0.0   174   388   763   968   732   984 0.87 -
2557_g               -            715 6285at5794           -            627   6.9e-31  107.0   0.5   1   2   3.1e-05    0.0079   14.4   0.0   175   200   395   420   389   432 0.86 -
2557_g               -            715 6285at5794           -            627   6.9e-31  107.0   0.5   2   2   2.3e-28   5.8e-26   90.8   0.2   197   399   504   698   487   704 0.90 -
3238_g               -            715 6285at5794           -            627   6.9e-31  107.0   0.5   1   2   3.1e-05    0.0079   14.4   0.0   175   200   395   420   389   432 0.86 -
3238_g               -            715 6285at5794           -            627   6.9e-31  107.0   0.5   2   2   2.3e-28   5.8e-26   90.8   0.2   197   399   504   698   487   704 0.90 -
11275_g              -           1181 6285at5794           -            627   2.2e-28   98.7   0.1   1   3   3.3e-18   8.4e-16   57.2   0.0   172   280   606   706   557   718 0.79 -
11275_g              -           1181 6285at5794           -            627   2.2e-28   98.7   0.1   2   3     1e-11   2.6e-09   35.8   0.0   280   348   793   861   776   869 0.82 -
11275_g              -           1181 6285at5794           -            627   2.2e-28   98.7   0.1   3   3      0.18        47    1.9   0.0   333   386   944   994   941  1015 0.81 -
12072_g              -           1181 6285at5794           -            627   2.2e-28   98.7   0.1   1   3   3.3e-18   8.4e-16   57.2   0.0   172   280   606   706   557   718 0.79 -
12072_g              -           1181 6285at5794           -            627   2.2e-28   98.7   0.1   2   3     1e-11   2.6e-09   35.8   0.0   280   348   793   861   776   869 0.82 -
12072_g              -           1181 6285at5794           -            627   2.2e-28   98.7   0.1   3   3      0.18        47    1.9   0.0   333   386   944   994   941  1015 0.81 -
6759_g               -           1005 6285at5794           -            627   5.6e-25   87.5   0.0   1   3   2.6e-06   0.00068   17.9   0.0   152   199   585   631   563   641 0.85 -
6759_g               -           1005 6285at5794           -            627   5.6e-25   87.5   0.0   2   3   1.2e-05    0.0032   15.7   0.0   197   272   711   789   703   801 0.83 -
6759_g               -           1005 6285at5794           -            627   5.6e-25   87.5   0.0   3   3   4.7e-16   1.2e-13   50.1   0.0   269   387   859   974   854  1000 0.84 -
8153_g               -           1953 6285at5794           -            627   5.8e-24   84.2   0.0   1   3   5.7e-06    0.0015   16.8   0.0   152   199  1533  1579  1512  1589 0.85 -
8153_g               -           1953 6285at5794           -            627   5.8e-24   84.2   0.0   2   3   2.7e-05     0.007   14.5   0.0   197   271  1659  1736  1651  1749 0.83 -
8153_g               -           1953 6285at5794           -            627   5.8e-24   84.2   0.0   3   3   1.1e-15   2.8e-13   48.9   0.0   271   387  1809  1922  1802  1948 0.84 -
10908_g              -           4019 6285at5794           -            627   4.9e-23   81.1   0.0   1   2   3.9e-25     1e-22   80.1   0.0   187   326  1601  1750  1597  1770 0.79 -
10908_g              -           4019 6285at5794           -            627   4.9e-23   81.1   0.0   2   2       9.2   2.4e+03   -3.7   0.1   357   387  1843  1873  1838  1875 0.87 -
11705_g              -           4019 6285at5794           -            627   4.9e-23   81.1   0.0   1   2   3.9e-25     1e-22   80.1   0.0   187   326  1601  1750  1597  1770 0.79 -
11705_g              -           4019 6285at5794           -            627   4.9e-23   81.1   0.0   2   2       9.2   2.4e+03   -3.7   0.1   357   387  1843  1873  1838  1875 0.87 -
4577_g               -            325 6285at5794           -            627   1.3e-22   79.7   0.0   1   2   1.1e-14   2.9e-12   45.5   0.0   186   294    64   162    25   166 0.83 -
4577_g               -            325 6285at5794           -            627   1.3e-22   79.7   0.0   2   2   1.2e-10     3e-08   32.2   0.0   312   383   199   265   185   278 0.88 -
8592_g               -            325 6285at5794           -            627   1.3e-22   79.7   0.0   1   2   1.1e-14   2.9e-12   45.5   0.0   186   294    64   162    25   166 0.83 -
8592_g               -            325 6285at5794           -            627   1.3e-22   79.7   0.0   2   2   1.2e-10     3e-08   32.2   0.0   312   383   199   265   185   278 0.88 -
10555_g              -           1552 6285at5794           -            627   2.7e-22   78.6   0.2   1   2         3   7.8e+02   -2.2   0.1   180   196   836   852   828   854 0.84 -
10555_g              -           1552 6285at5794           -            627   2.7e-22   78.6   0.2   2   2   3.5e-24     9e-22   76.9   0.0   195   381   904  1076   898  1101 0.88 -
11352_g              -           1552 6285at5794           -            627   2.7e-22   78.6   0.2   1   2         3   7.8e+02   -2.2   0.1   180   196   836   852   828   854 0.84 -
11352_g              -           1552 6285at5794           -            627   2.7e-22   78.6   0.2   2   2   3.5e-24     9e-22   76.9   0.0   195   381   904  1076   898  1101 0.88 -
12708_g              -             64 6285at5794           -            627   1.9e-14   52.7   0.0   1   1   7.7e-17     2e-14   52.7   0.0   273   325     5    57     1    62 0.90 -
9815_g               -             64 6285at5794           -            627   1.9e-14   52.7   0.0   1   1   7.7e-17     2e-14   52.7   0.0   273   325     5    57     1    62 0.90 -
1281_g               -            381 6285at5794           -            627   3.3e-11   42.0   0.0   1   1   1.8e-13   4.7e-11   41.5   0.0   303   382   178   254   173   285 0.90 -
1359_g               -            381 6285at5794           -            627   3.3e-11   42.0   0.0   1   1   1.8e-13   4.7e-11   41.5   0.0   303   382   178   254   173   285 0.90 -
4487_g               -            861 6285at5794           -            627   6.1e-06   24.6   0.0   1   2    0.0021      0.53    8.3   0.0   180   211   445   476   431   485 0.85 -
4487_g               -            861 6285at5794           -            627   6.1e-06   24.6   0.0   2   2   3.8e-05    0.0098   14.0   0.0   280   333   539   592   522   604 0.83 -
8502_g               -            861 6285at5794           -            627   6.1e-06   24.6   0.0   1   2    0.0021      0.53    8.3   0.0   180   211   445   476   431   485 0.85 -
8502_g               -            861 6285at5794           -            627   6.1e-06   24.6   0.0   2   2   3.8e-05    0.0098   14.0   0.0   280   333   539   592   522   604 0.83 -
13241_g              -            739 6285at5794           -            627   0.00015   20.1   1.1   1   3         5   1.3e+03   -2.9   0.9    85   129   150   194   125   228 0.55 -
13241_g              -            739 6285at5794           -            627   0.00015   20.1   1.1   2   3   2.1e-06   0.00054   18.2   0.0   187   223   403   438   392   518 0.72 -
13241_g              -            739 6285at5794           -            627   0.00015   20.1   1.1   3   3       1.4   3.7e+02   -1.1   0.0   354   378   657   681   613   697 0.78 -
9426_g               -            739 6285at5794           -            627   0.00015   20.1   1.1   1   3         5   1.3e+03   -2.9   0.9    85   129   150   194   125   228 0.55 -
9426_g               -            739 6285at5794           -            627   0.00015   20.1   1.1   2   3   2.1e-06   0.00054   18.2   0.0   187   223   403   438   392   518 0.72 -
9426_g               -            739 6285at5794           -            627   0.00015   20.1   1.1   3   3       1.4   3.7e+02   -1.1   0.0   354   378   657   681   613   697 0.78 -
10068_g              -           1171 6285at5794           -            627   0.00025   19.3   0.1   1   2     0.001      0.26    9.3   0.1   186   201   685   700   659   703 0.76 -
10068_g              -           1171 6285at5794           -            627   0.00025   19.3   0.1   2   2    0.0039      0.99    7.4   0.0   221   275   900   947   873   960 0.75 -
12453_g              -           1188 6285at5794           -            627   0.00025   19.3   0.1   1   2     0.001      0.26    9.3   0.1   186   201   702   717   676   720 0.76 -
12453_g              -           1188 6285at5794           -            627   0.00025   19.3   0.1   2   2    0.0039         1    7.4   0.0   221   275   917   964   890   977 0.75 -
2071_g               -           1143 6285at5794           -            627   0.00089   17.5   0.0   1   2   9.1e-06    0.0023   16.1   0.0   187   208   596   617   584   638 0.90 -
2071_g               -           1143 6285at5794           -            627   0.00089   17.5   0.0   2   2       8.5   2.2e+03   -3.6   0.0   551   605   714   778   696   796 0.47 -
2188_g               -           1143 6285at5794           -            627   0.00089   17.5   0.0   1   2   9.1e-06    0.0023   16.1   0.0   187   208   596   617   584   638 0.90 -
2188_g               -           1143 6285at5794           -            627   0.00089   17.5   0.0   2   2       8.5   2.2e+03   -3.6   0.0   551   605   714   778   696   796 0.47 -
10324_g              -            727 6285at5794           -            627    0.0026   15.9   0.0   1   2      0.68   1.7e+02   -0.0   0.0   256   273   188   206   178   214 0.73 -
10324_g              -            727 6285at5794           -            627    0.0026   15.9   0.0   2   2   6.7e-05     0.017   13.2   0.0   321   380   353   410   348   418 0.87 -
12201_g              -            727 6285at5794           -            627    0.0026   15.9   0.0   1   2      0.68   1.7e+02   -0.0   0.0   256   273   188   206   178   214 0.73 -
12201_g              -            727 6285at5794           -            627    0.0026   15.9   0.0   2   2   6.7e-05     0.017   13.2   0.0   321   380   353   410   348   418 0.87 -
2852_g               -           1142 6285at5794           -            627    0.0036   15.5   0.1   1   2    0.0011      0.28    9.2   0.0   187   212   537   562   532   569 0.91 -
2852_g               -           1142 6285at5794           -            627    0.0036   15.5   0.1   2   2     0.045        11    3.9   0.0   256   293   969  1006   962  1010 0.86 -
3533_g               -           1142 6285at5794           -            627    0.0036   15.5   0.1   1   2    0.0011      0.28    9.2   0.0   187   212   537   562   532   569 0.91 -
3533_g               -           1142 6285at5794           -            627    0.0036   15.5   0.1   2   2     0.045        11    3.9   0.0   256   293   969  1006   962  1010 0.86 -
1085_g               -            367 6285at5794           -            627    0.0038   15.4   0.0   1   2       2.6   6.6e+02   -1.9   0.0   157   183    52    78    39    81 0.85 -
1085_g               -            367 6285at5794           -            627    0.0038   15.4   0.0   2   2   4.3e-05     0.011   13.9   0.0   458   524   111   177   106   180 0.84 -
1553_g               -            367 6285at5794           -            627    0.0038   15.4   0.0   1   2       2.6   6.6e+02   -1.9   0.0   157   183    52    78    39    81 0.85 -
1553_g               -            367 6285at5794           -            627    0.0038   15.4   0.0   2   2   4.3e-05     0.011   13.9   0.0   458   524   111   177   106   180 0.84 -
2093_g               -           1073 6285at5794           -            627     0.036   12.2   0.0   1   2    0.0015       0.4    8.7   0.0   455   525   260   333   238   337 0.68 -
2093_g               -           1073 6285at5794           -            627     0.036   12.2   0.0   2   2      0.36        91    0.9   0.1   245   296   619   671   612   684 0.73 -
2168_g               -           1073 6285at5794           -            627     0.036   12.2   0.0   1   2    0.0015       0.4    8.7   0.0   455   525   260   333   238   337 0.68 -
2168_g               -           1073 6285at5794           -            627     0.036   12.2   0.0   2   2      0.36        91    0.9   0.1   245   296   619   671   612   684 0.73 -
11161_g              -           1255 6285at5794           -            627     0.038   12.1   0.0   1   1   0.00021     0.055   11.6   0.0   185   217   745   777   736   816 0.77 -
11958_g              -           1255 6285at5794           -            627     0.038   12.1   0.0   1   1   0.00021     0.055   11.6   0.0   185   217   745   777   736   816 0.77 -
13082_g              -            718 6285at5794           -            627     0.047   11.8   0.0   1   1   0.00028     0.071   11.2   0.0   182   214   132   164   112   228 0.77 -
9584_g               -            730 6285at5794           -            627     0.047   11.8   0.0   1   1   0.00028     0.072   11.2   0.0   182   214   132   164   112   228 0.77 -
2082_g               -            411 6285at5794           -            627      0.05   11.7   0.0   1   1   0.00033     0.085   10.9   0.0   189   267    68   144    47   168 0.82 -
2179_g               -            411 6285at5794           -            627      0.05   11.7   0.0   1   1   0.00033     0.085   10.9   0.0   189   267    68   144    47   168 0.82 -
2782_g               -           1664 6285at5794           -            627      0.12   10.5   0.0   1   1   0.00075      0.19    9.8   0.0   187   225   453   492   441   511 0.80 -
3463_g               -           1664 6285at5794           -            627      0.12   10.5   0.0   1   1   0.00075      0.19    9.8   0.0   187   225   453   492   441   511 0.80 -
#
# Program:         hmmsearch
# Version:         3.1b2 (February 2015)
# Pipeline mode:   SEARCH
# Query file:      /mnt/e/Bioinformatics/Semester2/BINP29/Malaria Project/Genomes/Parsed/busco_downloads/lineages/apicomplexa_odb10/hmms/6285at5794.hmm
# Target file:     /mnt/e/Bioinformatics/Semester2/BINP29/Malaria Project/Genomes/Parsed/Tg_new.faa
# Option settings: hmmsearch --domtblout /mnt/e/Bioinformatics/Semester2/BINP29/Malaria Project/Genomes/Parsed/Tg/run_apicomplexa_odb10/hmmer_output/initial_run_results/6285at5794.out --cpu 1 /mnt/e/Bioinformatics/Semester2/BINP29/Malaria Project/Genomes/Parsed/busco_downloads/lineages/apicomplexa_odb10/hmms/6285at5794.hmm /mnt/e/Bioinformatics/Semester2/BINP29/Malaria Project/Genomes/Parsed/Tg_new.faa 
# Current dir:     /mnt/e/Bioinformatics/Semester2/BINP29/Malaria Project/Genomes/Parsed
# Date:            Wed Mar  1 19:36:12 2023
# [ok]
