#                                                                            --- full sequence --- -------------- this domain -------------   hmm coord   ali coord   env coord
# target name        accession   tlen query name           accession   qlen   E-value  score  bias   #  of  c-Evalue  i-Evalue  score  bias  from    to  from    to  from    to  acc description of target
#------------------- ---------- ----- -------------------- ---------- ----- --------- ------ ----- --- --- --------- --------- ------ ----- ----- ----- ----- ----- ----- ----- ---- ---------------------
6590_g               -           2203 6307at5794           -            770  6.5e-233  774.8  55.2   1  14   1.8e-09   5.6e-06   24.4   0.1     2    46   546   591   545   600 0.87 -
6590_g               -           2203 6307at5794           -            770  6.5e-233  774.8  55.2   2  14   4.5e-24   1.4e-20   72.6   0.0    39   120   646   728   636   734 0.89 -
6590_g               -           2203 6307at5794           -            770  6.5e-233  774.8  55.2   3  14    0.0063        20    2.7   0.0   117   132   814   829   784   840 0.88 -
6590_g               -           2203 6307at5794           -            770  6.5e-233  774.8  55.2   4  14    0.0023       7.3    4.2   0.1   147   184   911   960   907   974 0.68 -
6590_g               -           2203 6307at5794           -            770  6.5e-233  774.8  55.2   5  14     4e-23   1.3e-19   69.5   0.2   188   248  1032  1092  1024  1097 0.94 -
6590_g               -           2203 6307at5794           -            770  6.5e-233  774.8  55.2   6  14   3.2e-20     1e-16   59.9   0.3   250   284  1189  1223  1178  1235 0.90 -
6590_g               -           2203 6307at5794           -            770  6.5e-233  774.8  55.2   7  14   7.7e-27   2.4e-23   81.8   0.3   281   352  1278  1363  1276  1367 0.85 -
6590_g               -           2203 6307at5794           -            770  6.5e-233  774.8  55.2   8  14   3.4e-30   1.1e-26   92.9   0.2   352   421  1401  1473  1396  1482 0.92 -
6590_g               -           2203 6307at5794           -            770  6.5e-233  774.8  55.2   9  14   5.9e-13   1.9e-09   35.9   0.0   419   457  1497  1537  1492  1547 0.88 -
6590_g               -           2203 6307at5794           -            770  6.5e-233  774.8  55.2  10  14   2.6e-17   8.2e-14   50.3   0.3   451   491  1584  1624  1579  1629 0.92 -
6590_g               -           2203 6307at5794           -            770  6.5e-233  774.8  55.2  11  14   5.6e-26   1.8e-22   78.9   0.2   481   545  1687  1751  1681  1757 0.92 -
6590_g               -           2203 6307at5794           -            770  6.5e-233  774.8  55.2  12  14   8.9e-44   2.8e-40  137.8   0.0   540   659  1783  1909  1778  1933 0.84 -
6590_g               -           2203 6307at5794           -            770  6.5e-233  774.8  55.2  13  14   1.7e-08   5.3e-05   21.2   5.8   650   705  1968  2023  1954  2034 0.82 -
6590_g               -           2203 6307at5794           -            770  6.5e-233  774.8  55.2  14  14   1.3e-22   4.1e-19   67.8   0.0   684   761  2100  2177  2087  2201 0.84 -
5657_g               -           1876 6307at5794           -            770  3.6e-178  593.8  43.0   1  12   1.5e-09   4.7e-06   24.6   0.1     2    46   546   591   545   600 0.87 -
5657_g               -           1876 6307at5794           -            770  3.6e-178  593.8  43.0   2  12   3.8e-24   1.2e-20   72.9   0.0    39   120   646   728   636   734 0.89 -
5657_g               -           1876 6307at5794           -            770  3.6e-178  593.8  43.0   3  12    0.0053        17    2.9   0.0   117   132   814   829   784   840 0.88 -
5657_g               -           1876 6307at5794           -            770  3.6e-178  593.8  43.0   4  12    0.0019       6.1    4.4   0.1   147   184   911   960   907   974 0.68 -
5657_g               -           1876 6307at5794           -            770  3.6e-178  593.8  43.0   5  12   3.2e-23     1e-19   69.8   0.2   188   248  1032  1092  1023  1097 0.94 -
5657_g               -           1876 6307at5794           -            770  3.6e-178  593.8  43.0   6  12   2.7e-20   8.7e-17   60.1   0.3   250   284  1189  1223  1178  1235 0.90 -
5657_g               -           1876 6307at5794           -            770  3.6e-178  593.8  43.0   7  12   6.4e-27     2e-23   82.0   0.3   281   352  1278  1363  1276  1367 0.85 -
5657_g               -           1876 6307at5794           -            770  3.6e-178  593.8  43.0   8  12   2.8e-30   8.9e-27   93.1   0.2   352   421  1401  1473  1396  1482 0.92 -
5657_g               -           1876 6307at5794           -            770  3.6e-178  593.8  43.0   9  12     5e-13   1.6e-09   36.1   0.0   419   457  1497  1537  1492  1547 0.88 -
5657_g               -           1876 6307at5794           -            770  3.6e-178  593.8  43.0  10  12   2.2e-17   6.9e-14   50.5   0.3   451   491  1584  1624  1579  1629 0.92 -
5657_g               -           1876 6307at5794           -            770  3.6e-178  593.8  43.0  11  12   4.7e-26   1.5e-22   79.2   0.2   481   545  1687  1751  1681  1757 0.92 -
5657_g               -           1876 6307at5794           -            770  3.6e-178  593.8  43.0  12  12   3.8e-14   1.2e-10   39.8   0.1   540   591  1783  1843  1778  1857 0.82 -
5656_g               -            381 6307at5794           -            770   3.3e-50  170.6  12.1   1   3   1.9e-25   6.1e-22   77.2   0.0   585   659    15    87     9   114 0.81 -
5656_g               -            381 6307at5794           -            770   3.3e-50  170.6  12.1   2   3   6.1e-09   1.9e-05   22.6   7.7   650   705   146   201   131   235 0.85 -
5656_g               -            381 6307at5794           -            770   3.3e-50  170.6  12.1   3   3   1.3e-23     4e-20   71.1   0.1   684   761   278   355   265   379 0.84 -
564_g                -           1057 6307at5794           -            770     0.087   10.5   5.0   1   1   3.9e-05      0.13   10.0   5.0   645   736   278   370   267   391 0.84 -
609_g                -           1057 6307at5794           -            770     0.087   10.5   5.0   1   1   3.9e-05      0.13   10.0   5.0   645   736   278   370   267   391 0.84 -
#
# Program:         hmmsearch
# Version:         3.1b2 (February 2015)
# Pipeline mode:   SEARCH
# Query file:      /mnt/e/Bioinformatics/Semester2/BINP29/Malaria Project/Genomes/Parsed/busco_downloads/lineages/apicomplexa_odb10/hmms/6307at5794.hmm
# Target file:     /mnt/e/Bioinformatics/Semester2/BINP29/Malaria Project/Genomes/Parsed/Tg_new.faa
# Option settings: hmmsearch --domtblout /mnt/e/Bioinformatics/Semester2/BINP29/Malaria Project/Genomes/Parsed/Tg/run_apicomplexa_odb10/hmmer_output/initial_run_results/6307at5794.out --cpu 1 /mnt/e/Bioinformatics/Semester2/BINP29/Malaria Project/Genomes/Parsed/busco_downloads/lineages/apicomplexa_odb10/hmms/6307at5794.hmm /mnt/e/Bioinformatics/Semester2/BINP29/Malaria Project/Genomes/Parsed/Tg_new.faa 
# Current dir:     /mnt/e/Bioinformatics/Semester2/BINP29/Malaria Project/Genomes/Parsed
# Date:            Wed Mar  1 19:36:12 2023
# [ok]
