#                                                                            --- full sequence --- -------------- this domain -------------   hmm coord   ali coord   env coord
# target name        accession   tlen query name           accession   qlen   E-value  score  bias   #  of  c-Evalue  i-Evalue  score  bias  from    to  from    to  from    to  acc description of target
#------------------- ---------- ----- -------------------- ---------- ----- --------- ------ ----- --- --- --------- --------- ------ ----- ----- ----- ----- ----- ----- ----- ---- ---------------------
11168_g              -           2692 6336at5794           -            545         0 1024.3  12.9   1   1         0         0 1023.8  12.9     1   544   147   740   147   741 0.93 -
11965_g              -           2692 6336at5794           -            545         0 1024.3  12.9   1   1         0         0 1023.8  12.9     1   544   147   740   147   741 0.93 -
7063_g               -            934 6336at5794           -            545  1.2e-191  637.2   3.2   1   1  1.1e-194  1.7e-191  636.8   3.2     3   532   265   837   263   846 0.91 -
7853_g               -            934 6336at5794           -            545  1.2e-191  637.2   3.2   1   1  1.1e-194  1.7e-191  636.8   3.2     3   532   265   837   263   846 0.91 -
10025_g              -            669 6336at5794           -            545  2.4e-189  629.7  11.5   1   1    2e-192  3.1e-189  629.3  11.5     3   538    41   609    39   615 0.88 -
12493_g              -            669 6336at5794           -            545  2.4e-189  629.7  11.5   1   1    2e-192  3.1e-189  629.3  11.5     3   538    41   609    39   615 0.88 -
10637_g              -           1303 6336at5794           -            545   2.3e-32  111.5   0.4   1   3     5e-09   7.9e-06   23.9   0.1     3    68   238   305   236   309 0.84 -
10637_g              -           1303 6336at5794           -            545   2.3e-32  111.5   0.4   2   3   1.5e-27   2.4e-24   85.1   0.0   104   353   461   734   450   740 0.81 -
10637_g              -           1303 6336at5794           -            545   2.3e-32  111.5   0.4   3   3       1.2   1.9e+03   -3.7   0.0    48    95  1002  1048   994  1050 0.71 -
11434_g              -           1303 6336at5794           -            545   2.3e-32  111.5   0.4   1   3     5e-09   7.9e-06   23.9   0.1     3    68   238   305   236   309 0.84 -
11434_g              -           1303 6336at5794           -            545   2.3e-32  111.5   0.4   2   3   1.5e-27   2.4e-24   85.1   0.0   104   353   461   734   450   740 0.81 -
11434_g              -           1303 6336at5794           -            545   2.3e-32  111.5   0.4   3   3       1.2   1.9e+03   -3.7   0.0    48    95  1002  1048   994  1050 0.71 -
13544_g              -           1059 6336at5794           -            545   8.5e-19   66.8   1.5   1   3    0.0027       4.2    5.0   0.0     2    69    58   129    57   136 0.82 -
13544_g              -           1059 6336at5794           -            545   8.5e-19   66.8   1.5   2   3   8.6e-20   1.4e-16   59.5   0.1   100   367   184   490   165   498 0.75 -
13544_g              -           1059 6336at5794           -            545   8.5e-19   66.8   1.5   3   3      0.41   6.5e+02   -2.2   0.1   466   514   713   762   700   788 0.69 -
9121_g               -           1059 6336at5794           -            545   8.5e-19   66.8   1.5   1   3    0.0027       4.2    5.0   0.0     2    69    58   129    57   136 0.82 -
9121_g               -           1059 6336at5794           -            545   8.5e-19   66.8   1.5   2   3   8.6e-20   1.4e-16   59.5   0.1   100   367   184   490   165   498 0.75 -
9121_g               -           1059 6336at5794           -            545   8.5e-19   66.8   1.5   3   3      0.41   6.5e+02   -2.2   0.1   466   514   713   762   700   788 0.69 -
#
# Program:         hmmsearch
# Version:         3.1b2 (February 2015)
# Pipeline mode:   SEARCH
# Query file:      /mnt/e/Bioinformatics/Semester2/BINP29/Malaria Project/Genomes/Parsed/busco_downloads/lineages/apicomplexa_odb10/hmms/6336at5794.hmm
# Target file:     /mnt/e/Bioinformatics/Semester2/BINP29/Malaria Project/Genomes/Parsed/Tg_new.faa
# Option settings: hmmsearch --domtblout /mnt/e/Bioinformatics/Semester2/BINP29/Malaria Project/Genomes/Parsed/Tg/run_apicomplexa_odb10/hmmer_output/initial_run_results/6336at5794.out --cpu 1 /mnt/e/Bioinformatics/Semester2/BINP29/Malaria Project/Genomes/Parsed/busco_downloads/lineages/apicomplexa_odb10/hmms/6336at5794.hmm /mnt/e/Bioinformatics/Semester2/BINP29/Malaria Project/Genomes/Parsed/Tg_new.faa 
# Current dir:     /mnt/e/Bioinformatics/Semester2/BINP29/Malaria Project/Genomes/Parsed
# Date:            Wed Mar  1 19:36:12 2023
# [ok]
