#                                                                            --- full sequence --- -------------- this domain -------------   hmm coord   ali coord   env coord
# target name        accession   tlen query name           accession   qlen   E-value  score  bias   #  of  c-Evalue  i-Evalue  score  bias  from    to  from    to  from    to  acc description of target
#------------------- ---------- ----- -------------------- ---------- ----- --------- ------ ----- --- --- --------- --------- ------ ----- ----- ----- ----- ----- ----- ----- ---- ---------------------
4775_g               -           1019 7447at5794           -            416    9e-203  673.6   3.1   1   3   4.6e-21   9.1e-18   64.2   0.2     6    60   434   494   430   505 0.91 -
4775_g               -           1019 7447at5794           -            416    9e-203  673.6   3.1   2   3  9.5e-110  1.9e-106  356.3   0.0    59   265   544   767   542   782 0.93 -
4775_g               -           1019 7447at5794           -            416    9e-203  673.6   3.1   3   3   4.1e-78   8.2e-75  252.1   0.0   257   400   801   954   775   967 0.93 -
5247_g               -           1019 7447at5794           -            416    9e-203  673.6   3.1   1   3   4.6e-21   9.1e-18   64.2   0.2     6    60   434   494   430   505 0.91 -
5247_g               -           1019 7447at5794           -            416    9e-203  673.6   3.1   2   3  9.5e-110  1.9e-106  356.3   0.0    59   265   544   767   542   782 0.93 -
5247_g               -           1019 7447at5794           -            416    9e-203  673.6   3.1   3   3   4.1e-78   8.2e-75  252.1   0.0   257   400   801   954   775   967 0.93 -
10602_g              -            711 7447at5794           -            416   1.8e-19   69.8   0.0   1   1   1.6e-22   3.2e-19   69.0   0.0    66   338   225   521   196   613 0.82 -
11399_g              -            711 7447at5794           -            416   1.8e-19   69.8   0.0   1   1   1.6e-22   3.2e-19   69.0   0.0    66   338   225   521   196   613 0.82 -
5731_g               -            643 7447at5794           -            416   1.1e-13   50.8   0.5   1   2   5.6e-07    0.0011   17.8   0.0    58   115   145   203   131   226 0.84 -
5731_g               -            643 7447at5794           -            416   1.1e-13   50.8   0.5   2   2     1e-10     2e-07   30.2   0.1   119   330   287   519   282   581 0.76 -
6517_g               -            643 7447at5794           -            416   1.1e-13   50.8   0.5   1   2   5.6e-07    0.0011   17.8   0.0    58   115   145   203   131   226 0.84 -
6517_g               -            643 7447at5794           -            416   1.1e-13   50.8   0.5   2   2     1e-10     2e-07   30.2   0.1   119   330   287   519   282   581 0.76 -
6056_g               -           1034 7447at5794           -            416     3e-06   26.3   0.0   1   3      0.13   2.7e+02    0.1   0.0    59    93   200   234   190   251 0.89 -
6056_g               -           1034 7447at5794           -            416     3e-06   26.3   0.0   2   3      0.81   1.6e+03   -2.5   0.0   146   193   509   553   507   562 0.79 -
6056_g               -           1034 7447at5794           -            416     3e-06   26.3   0.0   3   3   2.1e-08   4.2e-05   22.5   0.0   212   328   691   816   677   821 0.83 -
6196_g               -           1034 7447at5794           -            416     3e-06   26.3   0.0   1   3      0.13   2.7e+02    0.1   0.0    59    93   200   234   190   251 0.89 -
6196_g               -           1034 7447at5794           -            416     3e-06   26.3   0.0   2   3      0.81   1.6e+03   -2.5   0.0   146   193   509   553   507   562 0.79 -
6196_g               -           1034 7447at5794           -            416     3e-06   26.3   0.0   3   3   2.1e-08   4.2e-05   22.5   0.0   212   328   691   816   677   821 0.83 -
#
# Program:         hmmsearch
# Version:         3.1b2 (February 2015)
# Pipeline mode:   SEARCH
# Query file:      /mnt/e/Bioinformatics/Semester2/BINP29/Malaria Project/Genomes/Parsed/busco_downloads/lineages/apicomplexa_odb10/hmms/7447at5794.hmm
# Target file:     /mnt/e/Bioinformatics/Semester2/BINP29/Malaria Project/Genomes/Parsed/Tg_new.faa
# Option settings: hmmsearch --domtblout /mnt/e/Bioinformatics/Semester2/BINP29/Malaria Project/Genomes/Parsed/Tg/run_apicomplexa_odb10/hmmer_output/initial_run_results/7447at5794.out --cpu 1 /mnt/e/Bioinformatics/Semester2/BINP29/Malaria Project/Genomes/Parsed/busco_downloads/lineages/apicomplexa_odb10/hmms/7447at5794.hmm /mnt/e/Bioinformatics/Semester2/BINP29/Malaria Project/Genomes/Parsed/Tg_new.faa 
# Current dir:     /mnt/e/Bioinformatics/Semester2/BINP29/Malaria Project/Genomes/Parsed
# Date:            Wed Mar  1 19:36:18 2023
# [ok]
