#                                                                            --- full sequence --- -------------- this domain -------------   hmm coord   ali coord   env coord
# target name        accession   tlen query name           accession   qlen   E-value  score  bias   #  of  c-Evalue  i-Evalue  score  bias  from    to  from    to  from    to  acc description of target
#------------------- ---------- ----- -------------------- ---------- ----- --------- ------ ----- --- --- --------- --------- ------ ----- ----- ----- ----- ----- ----- ----- ---- ---------------------
12917_g              -           1312 7555at5794           -            429  2.3e-161  536.9   9.2   1   5       3.6   3.8e+02   -0.9   0.0     1    22   199   221   199   225 0.79 -
12917_g              -           1312 7555at5794           -            429  2.3e-161  536.9   9.2   2   5   5.1e-16   5.4e-14   51.3   0.0    23   104   366   466   357   473 0.75 -
12917_g              -           1312 7555at5794           -            429  2.3e-161  536.9   9.2   3   5   1.2e-37   1.2e-35  122.6   0.2    88   157   546   615   525   630 0.93 -
12917_g              -           1312 7555at5794           -            429  2.3e-161  536.9   9.2   4   5   1.3e-06   0.00014   20.3   0.0   164   185   878   899   848   909 0.78 -
12917_g              -           1312 7555at5794           -            429  2.3e-161  536.9   9.2   5   5  4.5e-104  4.8e-102  341.4   1.4   195   426   996  1257   954  1260 0.88 -
9745_g               -           1312 7555at5794           -            429  2.3e-161  536.9   9.2   1   5       3.6   3.8e+02   -0.9   0.0     1    22   199   221   199   225 0.79 -
9745_g               -           1312 7555at5794           -            429  2.3e-161  536.9   9.2   2   5   5.1e-16   5.4e-14   51.3   0.0    23   104   366   466   357   473 0.75 -
9745_g               -           1312 7555at5794           -            429  2.3e-161  536.9   9.2   3   5   1.2e-37   1.2e-35  122.6   0.2    88   157   546   615   525   630 0.93 -
9745_g               -           1312 7555at5794           -            429  2.3e-161  536.9   9.2   4   5   1.3e-06   0.00014   20.3   0.0   164   185   878   899   848   909 0.78 -
9745_g               -           1312 7555at5794           -            429  2.3e-161  536.9   9.2   5   5  4.5e-104  4.8e-102  341.4   1.4   195   426   996  1257   954  1260 0.88 -
4491_g               -            712 7555at5794           -            429   5.3e-40  137.0   5.2   1   5   4.9e-09   5.1e-07   28.3   0.0   326   368   345   387   339   392 0.92 -
4491_g               -            712 7555at5794           -            429   5.3e-40  137.0   5.2   2   5       1.4   1.5e+02    0.4   0.0   108   127   410   429   407   437 0.84 -
4491_g               -            712 7555at5794           -            429   5.3e-40  137.0   5.2   3   5   2.8e-12     3e-10   39.0   0.0   306   366   449   509   435   511 0.90 -
4491_g               -            712 7555at5794           -            429   5.3e-40  137.0   5.2   4   5   1.5e-12   1.6e-10   39.9   0.2   314   394   499   580   495   589 0.92 -
4491_g               -            712 7555at5794           -            429   5.3e-40  137.0   5.2   5   5   8.4e-11   8.9e-09   34.1   0.0   310   389   609   689   599   700 0.93 -
8506_g               -            712 7555at5794           -            429   5.3e-40  137.0   5.2   1   5   4.9e-09   5.1e-07   28.3   0.0   326   368   345   387   339   392 0.92 -
8506_g               -            712 7555at5794           -            429   5.3e-40  137.0   5.2   2   5       1.4   1.5e+02    0.4   0.0   108   127   410   429   407   437 0.84 -
8506_g               -            712 7555at5794           -            429   5.3e-40  137.0   5.2   3   5   2.8e-12     3e-10   39.0   0.0   306   366   449   509   435   511 0.90 -
8506_g               -            712 7555at5794           -            429   5.3e-40  137.0   5.2   4   5   1.5e-12   1.6e-10   39.9   0.2   314   394   499   580   495   589 0.92 -
8506_g               -            712 7555at5794           -            429   5.3e-40  137.0   5.2   5   5   8.4e-11   8.9e-09   34.1   0.0   310   389   609   689   599   700 0.93 -
10432_g              -            385 7555at5794           -            429     7e-36  123.4  10.8   1   3     1e-22   1.1e-20   73.3   1.4   312   412    93   195    82   197 0.91 -
10432_g              -            385 7555at5794           -            429     7e-36  123.4  10.8   2   3   2.8e-11   2.9e-09   35.7   0.2   367   427   193   254   186   256 0.87 -
10432_g              -            385 7555at5794           -            429     7e-36  123.4  10.8   3   3   1.5e-06   0.00016   20.1   0.2    94   165   269   348   263   353 0.80 -
12827_g              -            385 7555at5794           -            429     7e-36  123.4  10.8   1   3     1e-22   1.1e-20   73.3   1.4   312   412    93   195    82   197 0.91 -
12827_g              -            385 7555at5794           -            429     7e-36  123.4  10.8   2   3   2.8e-11   2.9e-09   35.7   0.2   367   427   193   254   186   256 0.87 -
12827_g              -            385 7555at5794           -            429     7e-36  123.4  10.8   3   3   1.5e-06   0.00016   20.1   0.2    94   165   269   348   263   353 0.80 -
1903_g               -            660 7555at5794           -            429   7.2e-33  113.5   2.5   1   5   0.00077     0.082   11.2   0.0    84   126   342   389   331   392 0.82 -
1903_g               -            660 7555at5794           -            429   7.2e-33  113.5   2.5   2   5   2.6e-11   2.7e-09   35.8   0.0   309   388   390   472   387   488 0.87 -
1903_g               -            660 7555at5794           -            429   7.2e-33  113.5   2.5   3   5   2.9e-15     3e-13   48.8   0.2   321   395   489   563   481   607 0.88 -
1903_g               -            660 7555at5794           -            429   7.2e-33  113.5   2.5   4   5       2.1   2.3e+02   -0.2   0.0    97   125   583   611   573   618 0.79 -
1903_g               -            660 7555at5794           -            429   7.2e-33  113.5   2.5   5   5   7.4e-05    0.0079   14.5   0.0   212   248   619   655   592   657 0.83 -
2359_g               -            660 7555at5794           -            429   7.2e-33  113.5   2.5   1   5   0.00077     0.082   11.2   0.0    84   126   342   389   331   392 0.82 -
2359_g               -            660 7555at5794           -            429   7.2e-33  113.5   2.5   2   5   2.6e-11   2.7e-09   35.8   0.0   309   388   390   472   387   488 0.87 -
2359_g               -            660 7555at5794           -            429   7.2e-33  113.5   2.5   3   5   2.9e-15     3e-13   48.8   0.2   321   395   489   563   481   607 0.88 -
2359_g               -            660 7555at5794           -            429   7.2e-33  113.5   2.5   4   5       2.1   2.3e+02   -0.2   0.0    97   125   583   611   573   618 0.79 -
2359_g               -            660 7555at5794           -            429   7.2e-33  113.5   2.5   5   5   7.4e-05    0.0079   14.5   0.0   212   248   619   655   592   657 0.83 -
12555_g              -            763 7555at5794           -            429   1.4e-32  112.6   7.2   1   6   1.7e-06   0.00018   19.9   0.0   311   342   146   177   132   183 0.91 -
12555_g              -            763 7555at5794           -            429   1.4e-32  112.6   7.2   2   6     4e-14   4.3e-12   45.0   0.3   206   271   316   381   302   385 0.92 -
12555_g              -            763 7555at5794           -            429   1.4e-32  112.6   7.2   3   6     0.017       1.8    6.7   0.0   105   148   394   436   388   447 0.81 -
12555_g              -            763 7555at5794           -            429   1.4e-32  112.6   7.2   4   6   2.7e-06   0.00029   19.2   0.1    72   123   489   540   443   544 0.78 -
12555_g              -            763 7555at5794           -            429   1.4e-32  112.6   7.2   5   6    0.0086      0.91    7.7   0.1   363   394   683   714   680   722 0.86 -
12555_g              -            763 7555at5794           -            429   1.4e-32  112.6   7.2   6   6   0.00057     0.061   11.6   0.0   309   341   724   756   719   760 0.92 -
9966_g               -            763 7555at5794           -            429   1.4e-32  112.6   7.2   1   6   1.7e-06   0.00018   19.9   0.0   311   342   146   177   132   183 0.91 -
9966_g               -            763 7555at5794           -            429   1.4e-32  112.6   7.2   2   6     4e-14   4.3e-12   45.0   0.3   206   271   316   381   302   385 0.92 -
9966_g               -            763 7555at5794           -            429   1.4e-32  112.6   7.2   3   6     0.017       1.8    6.7   0.0   105   148   394   436   388   447 0.81 -
9966_g               -            763 7555at5794           -            429   1.4e-32  112.6   7.2   4   6   2.7e-06   0.00029   19.2   0.1    72   123   489   540   443   544 0.78 -
9966_g               -            763 7555at5794           -            429   1.4e-32  112.6   7.2   5   6    0.0086      0.91    7.7   0.1   363   394   683   714   680   722 0.86 -
9966_g               -            763 7555at5794           -            429   1.4e-32  112.6   7.2   6   6   0.00057     0.061   11.6   0.0   309   341   724   756   719   760 0.92 -
4334_g               -           1365 7555at5794           -            429   5.9e-32  110.5   6.2   1   4   7.6e-08   8.1e-06   24.4   0.1   320   406    15   102     4   107 0.90 -
4334_g               -           1365 7555at5794           -            429   5.9e-32  110.5   6.2   2   4   1.7e-10   1.8e-08   33.1   0.7   312   390    91   169    88   185 0.85 -
4334_g               -           1365 7555at5794           -            429   5.9e-32  110.5   6.2   3   4   7.9e-16   8.4e-14   50.7   0.2   313   421   212   323   200   331 0.86 -
4334_g               -           1365 7555at5794           -            429   5.9e-32  110.5   6.2   4   4       0.1        11    4.2   0.0   356   403   447   497   442   503 0.87 -
8274_g               -           1365 7555at5794           -            429   5.9e-32  110.5   6.2   1   4   7.6e-08   8.1e-06   24.4   0.1   320   406    15   102     4   107 0.90 -
8274_g               -           1365 7555at5794           -            429   5.9e-32  110.5   6.2   2   4   1.7e-10   1.8e-08   33.1   0.7   312   390    91   169    88   185 0.85 -
8274_g               -           1365 7555at5794           -            429   5.9e-32  110.5   6.2   3   4   7.9e-16   8.4e-14   50.7   0.2   313   421   212   323   200   331 0.86 -
8274_g               -           1365 7555at5794           -            429   5.9e-32  110.5   6.2   4   4       0.1        11    4.2   0.0   356   403   447   497   442   503 0.87 -
10695_g              -            901 7555at5794           -            429   3.8e-28   97.9   5.8   1   4      0.47        50    2.0   0.0   130   153   513   536   508   541 0.76 -
10695_g              -            901 7555at5794           -            429   3.8e-28   97.9   5.8   2   4   1.2e-15   1.3e-13   50.1   0.1   316   428   589   700   584   701 0.94 -
10695_g              -            901 7555at5794           -            429   3.8e-28   97.9   5.8   3   4   4.8e-12   5.1e-10   38.2   0.1   165   269   709   807   704   817 0.85 -
10695_g              -            901 7555at5794           -            429   3.8e-28   97.9   5.8   4   4     0.019         2    6.6   0.0    93   123   849   879   829   887 0.83 -
11492_g              -            901 7555at5794           -            429   3.8e-28   97.9   5.8   1   4      0.47        50    2.0   0.0   130   153   513   536   508   541 0.76 -
11492_g              -            901 7555at5794           -            429   3.8e-28   97.9   5.8   2   4   1.2e-15   1.3e-13   50.1   0.1   316   428   589   700   584   701 0.94 -
11492_g              -            901 7555at5794           -            429   3.8e-28   97.9   5.8   3   4   4.8e-12   5.1e-10   38.2   0.1   165   269   709   807   704   817 0.85 -
11492_g              -            901 7555at5794           -            429   3.8e-28   97.9   5.8   4   4     0.019         2    6.6   0.0    93   123   849   879   829   887 0.83 -
10137_g              -            930 7555at5794           -            429   2.1e-22   79.0   6.6   1   5    0.0028       0.3    9.3   0.0   352   387    10    45     6    54 0.90 -
10137_g              -            930 7555at5794           -            429   2.1e-22   79.0   6.6   2   5   4.3e-07   4.6e-05   21.9   0.3   315   347   178   210   168   215 0.91 -
10137_g              -            930 7555at5794           -            429   2.1e-22   79.0   6.6   3   5    0.0012      0.13   10.5   0.0   358   391   366   399   348   411 0.71 -
10137_g              -            930 7555at5794           -            429   2.1e-22   79.0   6.6   4   5   1.5e-10   1.6e-08   33.2   0.6   303   388   476   567   470   584 0.83 -
10137_g              -            930 7555at5794           -            429   2.1e-22   79.0   6.6   5   5      0.53        56    1.8   0.0   358   390   826   858   821   862 0.85 -
12384_g              -            930 7555at5794           -            429   2.1e-22   79.0   6.6   1   5    0.0028       0.3    9.3   0.0   352   387    10    45     6    54 0.90 -
12384_g              -            930 7555at5794           -            429   2.1e-22   79.0   6.6   2   5   4.3e-07   4.6e-05   21.9   0.3   315   347   178   210   168   215 0.91 -
12384_g              -            930 7555at5794           -            429   2.1e-22   79.0   6.6   3   5    0.0012      0.13   10.5   0.0   358   391   366   399   348   411 0.71 -
12384_g              -            930 7555at5794           -            429   2.1e-22   79.0   6.6   4   5   1.5e-10   1.6e-08   33.2   0.6   303   388   476   567   470   584 0.83 -
12384_g              -            930 7555at5794           -            429   2.1e-22   79.0   6.6   5   5      0.53        56    1.8   0.0   358   390   826   858   821   862 0.85 -
2645_g               -            951 7555at5794           -            429   8.7e-22   77.0   1.8   1   3   1.9e-09     2e-07   29.6   0.1   352   412   654   717   651   719 0.87 -
2645_g               -            951 7555at5794           -            429   8.7e-22   77.0   1.8   2   3   1.7e-11   1.7e-09   36.4   0.0   313   428   701   817   697   818 0.85 -
2645_g               -            951 7555at5794           -            429   8.7e-22   77.0   1.8   3   3   9.7e-06     0.001   17.4   0.1   100   380   886   943   843   950 0.61 -
3326_g               -            951 7555at5794           -            429   8.7e-22   77.0   1.8   1   3   1.9e-09     2e-07   29.6   0.1   352   412   654   717   651   719 0.87 -
3326_g               -            951 7555at5794           -            429   8.7e-22   77.0   1.8   2   3   1.7e-11   1.7e-09   36.4   0.0   313   428   701   817   697   818 0.85 -
3326_g               -            951 7555at5794           -            429   8.7e-22   77.0   1.8   3   3   9.7e-06     0.001   17.4   0.1   100   380   886   943   843   950 0.61 -
2907_g               -           1270 7555at5794           -            429   1.2e-21   76.5   6.7   1   4   0.00023     0.024   12.9   0.1   322   350   735   763   722   769 0.63 -
2907_g               -           1270 7555at5794           -            429   1.2e-21   76.5   6.7   2   4   2.6e-10   2.7e-08   32.5   0.1    87   151   774   839   766   841 0.89 -
2907_g               -           1270 7555at5794           -            429   1.2e-21   76.5   6.7   3   4   1.9e-11     2e-09   36.2   0.1   316   390   822   896   820   904 0.90 -
2907_g               -           1270 7555at5794           -            429   1.2e-21   76.5   6.7   4   4      0.03       3.2    5.9   0.2    99   154   971  1026   930  1036 0.85 -
3588_g               -           1270 7555at5794           -            429   1.2e-21   76.5   6.7   1   4   0.00023     0.024   12.9   0.1   322   350   735   763   722   769 0.63 -
3588_g               -           1270 7555at5794           -            429   1.2e-21   76.5   6.7   2   4   2.6e-10   2.7e-08   32.5   0.1    87   151   774   839   766   841 0.89 -
3588_g               -           1270 7555at5794           -            429   1.2e-21   76.5   6.7   3   4   1.9e-11     2e-09   36.2   0.1   316   390   822   896   820   904 0.90 -
3588_g               -           1270 7555at5794           -            429   1.2e-21   76.5   6.7   4   4      0.03       3.2    5.9   0.2    99   154   971  1026   930  1036 0.85 -
6921_g               -           3004 7555at5794           -            429   9.2e-21   73.6   9.9   1   6    0.0013      0.14   10.4   1.5    98   224    77   205    63   207 0.70 -
6921_g               -           3004 7555at5794           -            429   9.2e-21   73.6   9.9   2   6     0.065       6.9    4.8   0.1   331   365   170   204   162   240 0.74 -
6921_g               -           3004 7555at5794           -            429   9.2e-21   73.6   9.9   3   6      0.83        88    1.2   0.0   373   392   285   304   278   331 0.66 -
6921_g               -           3004 7555at5794           -            429   9.2e-21   73.6   9.9   4   6     0.019         2    6.6   0.0   357   390   798   830   791   844 0.85 -
6921_g               -           3004 7555at5794           -            429   9.2e-21   73.6   9.9   5   6     8e-12   8.5e-10   37.5   0.0   323   412   996  1086   992  1096 0.94 -
6921_g               -           3004 7555at5794           -            429   9.2e-21   73.6   9.9   6   6   2.8e-05     0.003   15.9   0.0   365   428  1216  1282  1200  1283 0.86 -
7991_g               -           3004 7555at5794           -            429   9.2e-21   73.6   9.9   1   6    0.0013      0.14   10.4   1.5    98   224    77   205    63   207 0.70 -
7991_g               -           3004 7555at5794           -            429   9.2e-21   73.6   9.9   2   6     0.065       6.9    4.8   0.1   331   365   170   204   162   240 0.74 -
7991_g               -           3004 7555at5794           -            429   9.2e-21   73.6   9.9   3   6      0.83        88    1.2   0.0   373   392   285   304   278   331 0.66 -
7991_g               -           3004 7555at5794           -            429   9.2e-21   73.6   9.9   4   6     0.019         2    6.6   0.0   357   390   798   830   791   844 0.85 -
7991_g               -           3004 7555at5794           -            429   9.2e-21   73.6   9.9   5   6     8e-12   8.5e-10   37.5   0.0   323   412   996  1086   992  1096 0.94 -
7991_g               -           3004 7555at5794           -            429   9.2e-21   73.6   9.9   6   6   2.8e-05     0.003   15.9   0.0   365   428  1216  1282  1200  1283 0.86 -
2855_g               -           1851 7555at5794           -            429   1.8e-17   62.7   0.0   1   3   5.3e-07   5.6e-05   21.6   0.0   313   388  1521  1596  1509  1615 0.93 -
2855_g               -           1851 7555at5794           -            429   1.8e-17   62.7   0.0   2   3   9.4e-10   9.9e-08   30.7   0.1   321   388  1667  1734  1662  1744 0.92 -
2855_g               -           1851 7555at5794           -            429   1.8e-17   62.7   0.0   3   3     0.024       2.6    6.2   0.0   158   205  1798  1838  1778  1845 0.57 -
3536_g               -           1851 7555at5794           -            429   1.8e-17   62.7   0.0   1   3   5.3e-07   5.6e-05   21.6   0.0   313   388  1521  1596  1509  1615 0.93 -
3536_g               -           1851 7555at5794           -            429   1.8e-17   62.7   0.0   2   3   9.4e-10   9.9e-08   30.7   0.1   321   388  1667  1734  1662  1744 0.92 -
3536_g               -           1851 7555at5794           -            429   1.8e-17   62.7   0.0   3   3     0.024       2.6    6.2   0.0   158   205  1798  1838  1778  1845 0.57 -
170_g                -          10107 7555at5794           -            429   2.2e-17   62.5   1.1   1   3   4.7e-08     5e-06   25.1   0.2   317   389   156   233   151   242 0.82 -
170_g                -          10107 7555at5794           -            429   2.2e-17   62.5   1.1   2   3    0.0016      0.17   10.1   0.0   114   244   558   684   528   693 0.69 -
170_g                -          10107 7555at5794           -            429   2.2e-17   62.5   1.1   3   3   1.4e-07   1.5e-05   23.5   0.0    84   163   760   849   746   861 0.74 -
220_g                -          10120 7555at5794           -            429   2.2e-17   62.5   1.1   1   3   4.7e-08     5e-06   25.1   0.2   317   389   169   246   164   255 0.82 -
220_g                -          10120 7555at5794           -            429   2.2e-17   62.5   1.1   2   3    0.0016      0.17   10.1   0.0   114   244   571   697   541   706 0.69 -
220_g                -          10120 7555at5794           -            429   2.2e-17   62.5   1.1   3   3   1.4e-07   1.5e-05   23.5   0.0    84   163   773   862   759   874 0.74 -
10633_g              -           2211 7555at5794           -            429   1.4e-16   59.8   4.3   1   5   6.6e-07     7e-05   21.3   0.0   331   386   774   829   759   830 0.95 -
10633_g              -           2211 7555at5794           -            429   1.4e-16   59.8   4.3   2   5   2.4e-10   2.5e-08   32.6   0.1   313   392   798   878   794   913 0.86 -
10633_g              -           2211 7555at5794           -            429   1.4e-16   59.8   4.3   3   5     0.092       9.7    4.3   0.0   155   245   997  1091   987  1107 0.70 -
10633_g              -           2211 7555at5794           -            429   1.4e-16   59.8   4.3   4   5     5e-06   0.00053   18.4   0.1    89   159  1247  1320  1242  1328 0.91 -
10633_g              -           2211 7555at5794           -            429   1.4e-16   59.8   4.3   5   5       6.5   6.9e+02   -1.8   0.0   192   207  1855  1870  1849  1881 0.64 -
11430_g              -           2211 7555at5794           -            429   1.4e-16   59.8   4.3   1   5   6.6e-07     7e-05   21.3   0.0   331   386   774   829   759   830 0.95 -
11430_g              -           2211 7555at5794           -            429   1.4e-16   59.8   4.3   2   5   2.4e-10   2.5e-08   32.6   0.1   313   392   798   878   794   913 0.86 -
11430_g              -           2211 7555at5794           -            429   1.4e-16   59.8   4.3   3   5     0.092       9.7    4.3   0.0   155   245   997  1091   987  1107 0.70 -
11430_g              -           2211 7555at5794           -            429   1.4e-16   59.8   4.3   4   5     5e-06   0.00053   18.4   0.1    89   159  1247  1320  1242  1328 0.91 -
11430_g              -           2211 7555at5794           -            429   1.4e-16   59.8   4.3   5   5       6.5   6.9e+02   -1.8   0.0   192   207  1855  1870  1849  1881 0.64 -
13034_g              -           2694 7555at5794           -            429   6.3e-15   54.4   1.1   1   5       5.3   5.7e+02   -1.5   0.0   166   208  1470  1513  1465  1518 0.70 -
13034_g              -           2694 7555at5794           -            429   6.3e-15   54.4   1.1   2   5     0.012       1.3    7.2   0.0   316   385  1860  1934  1857  1948 0.71 -
13034_g              -           2694 7555at5794           -            429   6.3e-15   54.4   1.1   3   5       8.2   8.7e+02   -2.1   0.0   109   387  2091  2103  2082  2110 0.56 -
13034_g              -           2694 7555at5794           -            429   6.3e-15   54.4   1.1   4   5   2.9e-13     3e-11   42.2   0.1   310   390  2143  2223  2135  2264 0.86 -
13034_g              -           2694 7555at5794           -            429   6.3e-15   54.4   1.1   5   5       3.2   3.4e+02   -0.8   0.0    94   128  2236  2270  2223  2291 0.77 -
9631_g               -           2694 7555at5794           -            429   6.3e-15   54.4   1.1   1   5       5.3   5.7e+02   -1.5   0.0   166   208  1470  1513  1465  1518 0.70 -
9631_g               -           2694 7555at5794           -            429   6.3e-15   54.4   1.1   2   5     0.012       1.3    7.2   0.0   316   385  1860  1934  1857  1948 0.71 -
9631_g               -           2694 7555at5794           -            429   6.3e-15   54.4   1.1   3   5       8.2   8.7e+02   -2.1   0.0   109   387  2091  2103  2082  2110 0.56 -
9631_g               -           2694 7555at5794           -            429   6.3e-15   54.4   1.1   4   5   2.9e-13     3e-11   42.2   0.1   310   390  2143  2223  2135  2264 0.86 -
9631_g               -           2694 7555at5794           -            429   6.3e-15   54.4   1.1   5   5       3.2   3.4e+02   -0.8   0.0    94   128  2236  2270  2223  2291 0.77 -
4983_g               -           1585 7555at5794           -            429   2.2e-14   52.6  15.2   1   5   0.00019     0.021   13.1   0.2    89   125   919   955   908   962 0.85 -
4983_g               -           1585 7555at5794           -            429   2.2e-14   52.6  15.2   2   5     2e-06   0.00021   19.7   0.0   348   389   968  1011   964  1016 0.88 -
4983_g               -           1585 7555at5794           -            429   2.2e-14   52.6  15.2   3   5     0.044       4.6    5.4   0.1    90   146  1037  1106  1027  1118 0.70 -
4983_g               -           1585 7555at5794           -            429   2.2e-14   52.6  15.2   4   5    0.0006     0.064   11.5   0.3   106   147  1118  1166  1110  1175 0.73 -
4983_g               -           1585 7555at5794           -            429   2.2e-14   52.6  15.2   5   5     0.012       1.3    7.2   1.2   371   389  1175  1193  1171  1248 0.55 -
5455_g               -           1585 7555at5794           -            429   2.2e-14   52.6  15.2   1   5   0.00019     0.021   13.1   0.2    89   125   919   955   908   962 0.85 -
5455_g               -           1585 7555at5794           -            429   2.2e-14   52.6  15.2   2   5     2e-06   0.00021   19.7   0.0   348   389   968  1011   964  1016 0.88 -
5455_g               -           1585 7555at5794           -            429   2.2e-14   52.6  15.2   3   5     0.044       4.6    5.4   0.1    90   146  1037  1106  1027  1118 0.70 -
5455_g               -           1585 7555at5794           -            429   2.2e-14   52.6  15.2   4   5    0.0006     0.064   11.5   0.3   106   147  1118  1166  1110  1175 0.73 -
5455_g               -           1585 7555at5794           -            429   2.2e-14   52.6  15.2   5   5     0.012       1.3    7.2   1.2   371   389  1175  1193  1171  1248 0.55 -
13216_g              -           1956 7555at5794           -            429   4.1e-14   51.7   1.6   1   3     0.004      0.42    8.8   0.0   187   243   402   461   375   470 0.77 -
13216_g              -           1956 7555at5794           -            429   4.1e-14   51.7   1.6   2   3   3.8e-05     0.004   15.5   0.5   340   406   576   642   569   648 0.78 -
13216_g              -           1956 7555at5794           -            429   4.1e-14   51.7   1.6   3   3   1.8e-07   1.9e-05   23.1   0.0    87   157   648   719   640   741 0.73 -
9449_g               -           1956 7555at5794           -            429   4.1e-14   51.7   1.6   1   3     0.004      0.42    8.8   0.0   187   243   402   461   375   470 0.77 -
9449_g               -           1956 7555at5794           -            429   4.1e-14   51.7   1.6   2   3   3.8e-05     0.004   15.5   0.5   340   406   576   642   569   648 0.78 -
9449_g               -           1956 7555at5794           -            429   4.1e-14   51.7   1.6   3   3   1.8e-07   1.9e-05   23.1   0.0    87   157   648   719   640   741 0.73 -
4504_g               -            463 7555at5794           -            429   1.4e-13   49.9   7.4   1   2      0.99   1.1e+02    0.9   0.1   374   388   277   291   268   297 0.70 -
4504_g               -            463 7555at5794           -            429   1.4e-13   49.9   7.4   2   2   6.4e-15   6.8e-13   47.7   3.8    88   214   299   431   291   461 0.79 -
8519_g               -            463 7555at5794           -            429   1.4e-13   49.9   7.4   1   2      0.99   1.1e+02    0.9   0.1   374   388   277   291   268   297 0.70 -
8519_g               -            463 7555at5794           -            429   1.4e-13   49.9   7.4   2   2   6.4e-15   6.8e-13   47.7   3.8    88   214   299   431   291   461 0.79 -
2020_g               -           1564 7555at5794           -            429   7.5e-13   47.5   4.1   1   4   0.00012     0.012   13.9   0.0    84   141   868   926   864   942 0.76 -
2020_g               -           1564 7555at5794           -            429   7.5e-13   47.5   4.1   2   4      0.21        22    3.2   0.1    87   120  1001  1035   997  1045 0.77 -
2020_g               -           1564 7555at5794           -            429   7.5e-13   47.5   4.1   3   4   2.8e-07     3e-05   22.5   0.0    90   166  1110  1191  1101  1193 0.78 -
2020_g               -           1564 7555at5794           -            429   7.5e-13   47.5   4.1   4   4     0.091       9.6    4.3   0.0    95   122  1351  1378  1344  1385 0.72 -
2239_g               -           1589 7555at5794           -            429     8e-13   47.4   4.1   1   4   0.00012     0.013   13.9   0.0    84   141   868   926   864   942 0.76 -
2239_g               -           1589 7555at5794           -            429     8e-13   47.4   4.1   2   4      0.21        22    3.1   0.1    87   120  1001  1035   997  1045 0.77 -
2239_g               -           1589 7555at5794           -            429     8e-13   47.4   4.1   3   4   2.8e-07     3e-05   22.5   0.0    90   166  1110  1191  1101  1193 0.78 -
2239_g               -           1589 7555at5794           -            429     8e-13   47.4   4.1   4   4     0.092       9.8    4.3   0.0    95   122  1351  1378  1344  1385 0.72 -
6014_g               -           1018 7555at5794           -            429   1.9e-12   46.2   0.6   1   5   4.5e-06   0.00048   18.5   0.0    87   150   404   473   400   488 0.69 -
6014_g               -           1018 7555at5794           -            429   1.9e-12   46.2   0.6   2   5      0.37        40    2.3   0.0    96   387   461   486   449   506 0.59 -
6014_g               -           1018 7555at5794           -            429   1.9e-12   46.2   0.6   3   5   0.00014     0.014   13.7   0.0    87   124   508   546   502   562 0.83 -
6014_g               -           1018 7555at5794           -            429   1.9e-12   46.2   0.6   4   5       5.4   5.7e+02   -1.5   0.0   371   423   586   637   578   640 0.72 -
6014_g               -           1018 7555at5794           -            429   1.9e-12   46.2   0.6   5   5     0.012       1.3    7.2   0.0    91   153   654   719   642   722 0.81 -
6237_g               -           1018 7555at5794           -            429   1.9e-12   46.2   0.6   1   5   4.5e-06   0.00048   18.5   0.0    87   150   404   473   400   488 0.69 -
6237_g               -           1018 7555at5794           -            429   1.9e-12   46.2   0.6   2   5      0.37        40    2.3   0.0    96   387   461   486   449   506 0.59 -
6237_g               -           1018 7555at5794           -            429   1.9e-12   46.2   0.6   3   5   0.00014     0.014   13.7   0.0    87   124   508   546   502   562 0.83 -
6237_g               -           1018 7555at5794           -            429   1.9e-12   46.2   0.6   4   5       5.4   5.7e+02   -1.5   0.0   371   423   586   637   578   640 0.72 -
6237_g               -           1018 7555at5794           -            429   1.9e-12   46.2   0.6   5   5     0.012       1.3    7.2   0.0    91   153   654   719   642   722 0.81 -
10388_g              -           1597 7555at5794           -            429   2.5e-12   45.8   5.6   1   5     0.021       2.2    6.4   0.0   119   154   668   703   655   716 0.48 -
10388_g              -           1597 7555at5794           -            429   2.5e-12   45.8   5.6   2   5   0.00015     0.016   13.5   0.0    79   123   820   864   810   871 0.91 -
10388_g              -           1597 7555at5794           -            429   2.5e-12   45.8   5.6   3   5     0.015       1.6    6.9   0.0   124   154  1295  1326  1290  1330 0.85 -
10388_g              -           1597 7555at5794           -            429   2.5e-12   45.8   5.6   4   5       2.7   2.8e+02   -0.5   0.1    92   153  1371  1432  1336  1452 0.72 -
10388_g              -           1597 7555at5794           -            429   2.5e-12   45.8   5.6   5   5   1.9e-05     0.002   16.5   0.0    85   122  1495  1534  1478  1543 0.85 -
12136_g              -           1597 7555at5794           -            429   2.5e-12   45.8   5.6   1   5     0.021       2.2    6.4   0.0   119   154   668   703   655   716 0.48 -
12136_g              -           1597 7555at5794           -            429   2.5e-12   45.8   5.6   2   5   0.00015     0.016   13.5   0.0    79   123   820   864   810   871 0.91 -
12136_g              -           1597 7555at5794           -            429   2.5e-12   45.8   5.6   3   5     0.015       1.6    6.9   0.0   124   154  1295  1326  1290  1330 0.85 -
12136_g              -           1597 7555at5794           -            429   2.5e-12   45.8   5.6   4   5       2.7   2.8e+02   -0.5   0.1    92   153  1371  1432  1336  1452 0.72 -
12136_g              -           1597 7555at5794           -            429   2.5e-12   45.8   5.6   5   5   1.9e-05     0.002   16.5   0.0    85   122  1495  1534  1478  1543 0.85 -
2734_g               -           1607 7555at5794           -            429   3.3e-12   45.4   4.6   1   4       1.2   1.3e+02    0.7   0.1   106   390   567   585   537   618 0.65 -
2734_g               -           1607 7555at5794           -            429   3.3e-12   45.4   4.6   2   4   2.9e-08   3.1e-06   25.8   0.1   305   390   640   724   616   750 0.77 -
2734_g               -           1607 7555at5794           -            429   3.3e-12   45.4   4.6   3   4    0.0002     0.021   13.1   0.0   191   262   707   784   703   801 0.77 -
2734_g               -           1607 7555at5794           -            429   3.3e-12   45.4   4.6   4   4     0.014       1.5    7.0   0.0   369   402   887   920   875   953 0.79 -
3415_g               -           1607 7555at5794           -            429   3.3e-12   45.4   4.6   1   4       1.2   1.3e+02    0.7   0.1   106   390   567   585   537   618 0.65 -
3415_g               -           1607 7555at5794           -            429   3.3e-12   45.4   4.6   2   4   2.9e-08   3.1e-06   25.8   0.1   305   390   640   724   616   750 0.77 -
3415_g               -           1607 7555at5794           -            429   3.3e-12   45.4   4.6   3   4    0.0002     0.021   13.1   0.0   191   262   707   784   703   801 0.77 -
3415_g               -           1607 7555at5794           -            429   3.3e-12   45.4   4.6   4   4     0.014       1.5    7.0   0.0   369   402   887   920   875   953 0.79 -
4982_g               -            833 7555at5794           -            429   7.4e-12   44.3   0.1   1   4     0.044       4.7    5.4   0.0   101   125   285   309   278   321 0.87 -
4982_g               -            833 7555at5794           -            429   7.4e-12   44.3   0.1   2   4   1.3e-05    0.0014   17.0   0.0   312   360   322   370   319   393 0.88 -
4982_g               -            833 7555at5794           -            429   7.4e-12   44.3   0.1   3   4    0.0031      0.33    9.2   0.1   325   361   441   478   395   479 0.69 -
4982_g               -            833 7555at5794           -            429   7.4e-12   44.3   0.1   4   4   9.3e-05    0.0099   14.2   0.0   324   391   440   507   437   511 0.82 -
5454_g               -            833 7555at5794           -            429   7.4e-12   44.3   0.1   1   4     0.044       4.7    5.4   0.0   101   125   285   309   278   321 0.87 -
5454_g               -            833 7555at5794           -            429   7.4e-12   44.3   0.1   2   4   1.3e-05    0.0014   17.0   0.0   312   360   322   370   319   393 0.88 -
5454_g               -            833 7555at5794           -            429   7.4e-12   44.3   0.1   3   4    0.0031      0.33    9.2   0.1   325   361   441   478   395   479 0.69 -
5454_g               -            833 7555at5794           -            429   7.4e-12   44.3   0.1   4   4   9.3e-05    0.0099   14.2   0.0   324   391   440   507   437   511 0.82 -
1123_g               -            752 7555at5794           -            429   1.6e-11   43.2   0.3   1   3   1.6e-05    0.0017   16.7   0.0   323   388   162   228   158   239 0.88 -
1123_g               -            752 7555at5794           -            429   1.6e-11   43.2   0.3   2   3   1.4e-05    0.0015   16.9   0.0   105   150   305   351   290   353 0.86 -
1123_g               -            752 7555at5794           -            429   1.6e-11   43.2   0.3   3   3     0.034       3.6    5.8   0.0   331   357   375   401   366   405 0.77 -
1515_g               -            752 7555at5794           -            429   1.6e-11   43.2   0.3   1   3   1.6e-05    0.0017   16.7   0.0   323   388   162   228   158   239 0.88 -
1515_g               -            752 7555at5794           -            429   1.6e-11   43.2   0.3   2   3   1.4e-05    0.0015   16.9   0.0   105   150   305   351   290   353 0.86 -
1515_g               -            752 7555at5794           -            429   1.6e-11   43.2   0.3   3   3     0.034       3.6    5.8   0.0   331   357   375   401   366   405 0.77 -
1961_g               -            676 7555at5794           -            429   1.6e-11   43.1   0.0   1   3     0.074       7.8    4.6   0.0    90   149   349   410   340   429 0.66 -
1961_g               -            676 7555at5794           -            429   1.6e-11   43.1   0.0   2   3    0.0019      0.21    9.8   0.0   108   144   468   505   461   516 0.79 -
1961_g               -            676 7555at5794           -            429   1.6e-11   43.1   0.0   3   3   6.3e-08   6.7e-06   24.6   0.0   228   328   530   627   525   632 0.89 -
2299_g               -            676 7555at5794           -            429   1.6e-11   43.1   0.0   1   3     0.074       7.8    4.6   0.0    90   149   349   410   340   429 0.66 -
2299_g               -            676 7555at5794           -            429   1.6e-11   43.1   0.0   2   3    0.0019      0.21    9.8   0.0   108   144   468   505   461   516 0.79 -
2299_g               -            676 7555at5794           -            429   1.6e-11   43.1   0.0   3   3   6.3e-08   6.7e-06   24.6   0.0   228   328   530   627   525   632 0.89 -
4276_g               -            711 7555at5794           -            429   1.9e-11   42.9   6.9   1   3     8e-12   8.5e-10   37.5   0.5   323   418   163   258   149   268 0.78 -
4276_g               -            711 7555at5794           -            429   1.9e-11   42.9   6.9   2   3      0.16        17    3.6   0.9   102   102   342   342   248   379 0.51 -
4276_g               -            711 7555at5794           -            429   1.9e-11   42.9   6.9   3   3         5   5.3e+02   -1.4   0.0   106   128   443   465   439   491 0.58 -
8329_g               -            711 7555at5794           -            429   1.9e-11   42.9   6.9   1   3     8e-12   8.5e-10   37.5   0.5   323   418   163   258   149   268 0.78 -
8329_g               -            711 7555at5794           -            429   1.9e-11   42.9   6.9   2   3      0.16        17    3.6   0.9   102   102   342   342   248   379 0.51 -
8329_g               -            711 7555at5794           -            429   1.9e-11   42.9   6.9   3   3         5   5.3e+02   -1.4   0.0   106   128   443   465   439   491 0.58 -
6847_g               -           1354 7555at5794           -            429   2.5e-11   42.5   0.7   1   3   4.9e-06   0.00052   18.4   0.0    85   345   516   552   511   560 0.61 -
6847_g               -           1354 7555at5794           -            429   2.5e-11   42.5   0.7   2   3   3.3e-05    0.0034   15.7   0.1   319   383   586   654   577   660 0.69 -
6847_g               -           1354 7555at5794           -            429   2.5e-11   42.5   0.7   3   3      0.07       7.5    4.7   0.0   336   383  1191  1240  1184  1252 0.80 -
8067_g               -           1354 7555at5794           -            429   2.5e-11   42.5   0.7   1   3   4.9e-06   0.00052   18.4   0.0    85   345   516   552   511   560 0.61 -
8067_g               -           1354 7555at5794           -            429   2.5e-11   42.5   0.7   2   3   3.3e-05    0.0034   15.7   0.1   319   383   586   654   577   660 0.69 -
8067_g               -           1354 7555at5794           -            429   2.5e-11   42.5   0.7   3   3      0.07       7.5    4.7   0.0   336   383  1191  1240  1184  1252 0.80 -
4461_g               -            621 7555at5794           -            429   3.1e-11   42.2   0.2   1   4   0.00038      0.04   12.2   0.0   207   274   299   366   292   369 0.84 -
4461_g               -            621 7555at5794           -            429   3.1e-11   42.2   0.2   2   4     0.026       2.7    6.2   0.1   108   143   365   402   361   411 0.81 -
4461_g               -            621 7555at5794           -            429   3.1e-11   42.2   0.2   3   4     0.074       7.9    4.6   0.0   148   241   438   531   435   537 0.74 -
4461_g               -            621 7555at5794           -            429   3.1e-11   42.2   0.2   4   4   2.6e-06   0.00028   19.3   0.0   312   391   503   584   493   596 0.76 -
8476_g               -            621 7555at5794           -            429   3.1e-11   42.2   0.2   1   4   0.00038      0.04   12.2   0.0   207   274   299   366   292   369 0.84 -
8476_g               -            621 7555at5794           -            429   3.1e-11   42.2   0.2   2   4     0.026       2.7    6.2   0.1   108   143   365   402   361   411 0.81 -
8476_g               -            621 7555at5794           -            429   3.1e-11   42.2   0.2   3   4     0.074       7.9    4.6   0.0   148   241   438   531   435   537 0.74 -
8476_g               -            621 7555at5794           -            429   3.1e-11   42.2   0.2   4   4   2.6e-06   0.00028   19.3   0.0   312   391   503   584   493   596 0.76 -
3925_g               -           3452 7555at5794           -            429   3.6e-11   42.0   0.5   1   3     0.057         6    5.0   0.0   373   400  1248  1275  1238  1295 0.73 -
3925_g               -           3452 7555at5794           -            429   3.6e-11   42.0   0.5   2   3   8.6e-05    0.0091   14.3   0.0    91   146  2003  2056  1997  2064 0.85 -
3925_g               -           3452 7555at5794           -            429   3.6e-11   42.0   0.5   3   3     6e-06   0.00063   18.1   0.1   191   255  2153  2219  2145  2223 0.72 -
8705_g               -           3452 7555at5794           -            429   3.6e-11   42.0   0.5   1   3     0.057         6    5.0   0.0   373   400  1248  1275  1238  1295 0.73 -
8705_g               -           3452 7555at5794           -            429   3.6e-11   42.0   0.5   2   3   8.6e-05    0.0091   14.3   0.0    91   146  2003  2056  1997  2064 0.85 -
8705_g               -           3452 7555at5794           -            429   3.6e-11   42.0   0.5   3   3     6e-06   0.00063   18.1   0.1   191   255  2153  2219  2145  2223 0.72 -
7315_g               -           1626 7555at5794           -            429   5.2e-11   41.5   1.0   1   2     0.003      0.31    9.2   0.1    87   122   350   386   344   397 0.57 -
7315_g               -           1626 7555at5794           -            429   5.2e-11   41.5   1.0   2   2     1e-09   1.1e-07   30.5   0.1    91   421   500   566   487   574 0.41 -
7604_g               -           1626 7555at5794           -            429   5.2e-11   41.5   1.0   1   2     0.003      0.31    9.2   0.1    87   122   350   386   344   397 0.57 -
7604_g               -           1626 7555at5794           -            429   5.2e-11   41.5   1.0   2   2     1e-09   1.1e-07   30.5   0.1    91   421   500   566   487   574 0.41 -
2835_g               -            809 7555at5794           -            429     1e-10   40.5   4.1   1   3      0.82        86    1.2   0.0   330   345   367   382   359   389 0.79 -
2835_g               -            809 7555at5794           -            429     1e-10   40.5   4.1   2   3   5.3e-11   5.6e-09   34.8   0.3    84   138   431   486   427   488 0.91 -
2835_g               -            809 7555at5794           -            429     1e-10   40.5   4.1   3   3      0.17        18    3.5   0.1   350   390   692   732   680   740 0.89 -
3516_g               -            809 7555at5794           -            429     1e-10   40.5   4.1   1   3      0.82        86    1.2   0.0   330   345   367   382   359   389 0.79 -
3516_g               -            809 7555at5794           -            429     1e-10   40.5   4.1   2   3   5.3e-11   5.6e-09   34.8   0.3    84   138   431   486   427   488 0.91 -
3516_g               -            809 7555at5794           -            429     1e-10   40.5   4.1   3   3      0.17        18    3.5   0.1   350   390   692   732   680   740 0.89 -
12597_g              -           2081 7555at5794           -            429   5.4e-10   38.1   0.3   1   3   5.6e-06   0.00059   18.2   0.0   353   395   457   499   456   524 0.89 -
12597_g              -           2081 7555at5794           -            429   5.4e-10   38.1   0.3   2   3   8.4e-05    0.0089   14.3   0.0   331   390   621   688   614   703 0.77 -
12597_g              -           2081 7555at5794           -            429   5.4e-10   38.1   0.3   3   3       1.8   1.9e+02    0.0   0.0   284   314  1206  1236  1190  1246 0.70 -
9926_g               -           2081 7555at5794           -            429   5.4e-10   38.1   0.3   1   3   5.6e-06   0.00059   18.2   0.0   353   395   457   499   456   524 0.89 -
9926_g               -           2081 7555at5794           -            429   5.4e-10   38.1   0.3   2   3   8.4e-05    0.0089   14.3   0.0   331   390   621   688   614   703 0.77 -
9926_g               -           2081 7555at5794           -            429   5.4e-10   38.1   0.3   3   3       1.8   1.9e+02    0.0   0.0   284   314  1206  1236  1190  1246 0.70 -
10425_g              -            645 7555at5794           -            429   6.3e-10   37.9   0.7   1   2   7.1e-07   7.5e-05   21.2   0.1    87   146    71   139    56   143 0.79 -
10425_g              -            645 7555at5794           -            429   6.3e-10   37.9   0.7   2   2   7.6e-06    0.0008   17.8   0.2   166   259   124   212   122   253 0.81 -
12834_g              -            645 7555at5794           -            429   6.3e-10   37.9   0.7   1   2   7.1e-07   7.5e-05   21.2   0.1    87   146    71   139    56   143 0.79 -
12834_g              -            645 7555at5794           -            429   6.3e-10   37.9   0.7   2   2   7.6e-06    0.0008   17.8   0.2   166   259   124   212   122   253 0.81 -
5020_g               -            662 7555at5794           -            429   8.7e-10   37.4   0.3   1   3   1.2e-09   1.3e-07   30.3   0.0    90   168   135   222   120   231 0.81 -
5020_g               -            662 7555at5794           -            429   8.7e-10   37.4   0.3   2   3       1.6   1.7e+02    0.3   0.0   221   257   382   416   337   435 0.50 -
5020_g               -            662 7555at5794           -            429   8.7e-10   37.4   0.3   3   3       0.3        32    2.6   0.1   107   141   440   479   400   489 0.69 -
5492_g               -            662 7555at5794           -            429   8.7e-10   37.4   0.3   1   3   1.2e-09   1.3e-07   30.3   0.0    90   168   135   222   120   231 0.81 -
5492_g               -            662 7555at5794           -            429   8.7e-10   37.4   0.3   2   3       1.6   1.7e+02    0.3   0.0   221   257   382   416   337   435 0.50 -
5492_g               -            662 7555at5794           -            429   8.7e-10   37.4   0.3   3   3       0.3        32    2.6   0.1   107   141   440   479   400   489 0.69 -
10787_g              -            342 7555at5794           -            429     3e-09   35.7   0.0   1   3      0.03       3.2    5.9   0.0    96   126    15    45     7    55 0.65 -
10787_g              -            342 7555at5794           -            429     3e-09   35.7   0.0   2   3    0.0007     0.074   11.3   0.0   190   248    66   125    59   162 0.80 -
10787_g              -            342 7555at5794           -            429     3e-09   35.7   0.0   3   3   6.5e-05    0.0069   14.7   0.0    96   153   240   297   201   306 0.89 -
11584_g              -            342 7555at5794           -            429     3e-09   35.7   0.0   1   3      0.03       3.2    5.9   0.0    96   126    15    45     7    55 0.65 -
11584_g              -            342 7555at5794           -            429     3e-09   35.7   0.0   2   3    0.0007     0.074   11.3   0.0   190   248    66   125    59   162 0.80 -
11584_g              -            342 7555at5794           -            429     3e-09   35.7   0.0   3   3   6.5e-05    0.0069   14.7   0.0    96   153   240   297   201   306 0.89 -
3966_g               -            673 7555at5794           -            429   1.4e-08   33.5   0.1   1   4       0.3        32    2.6   0.0   234   268    10    44     6    61 0.87 -
3966_g               -            673 7555at5794           -            429   1.4e-08   33.5   0.1   2   4      0.35        37    2.4   0.0   127   148   127   148    95   159 0.69 -
3966_g               -            673 7555at5794           -            429   1.4e-08   33.5   0.1   3   4      0.19        21    3.3   0.0   108   128   180   200   170   275 0.61 -
3966_g               -            673 7555at5794           -            429   1.4e-08   33.5   0.1   4   4   2.4e-06   0.00026   19.4   0.0   312   351   597   636   593   648 0.85 -
8746_g               -            673 7555at5794           -            429   1.4e-08   33.5   0.1   1   4       0.3        32    2.6   0.0   234   268    10    44     6    61 0.87 -
8746_g               -            673 7555at5794           -            429   1.4e-08   33.5   0.1   2   4      0.35        37    2.4   0.0   127   148   127   148    95   159 0.69 -
8746_g               -            673 7555at5794           -            429   1.4e-08   33.5   0.1   3   4      0.19        21    3.3   0.0   108   128   180   200   170   275 0.61 -
8746_g               -            673 7555at5794           -            429   1.4e-08   33.5   0.1   4   4   2.4e-06   0.00026   19.4   0.0   312   351   597   636   593   648 0.85 -
7061_g               -           3573 7555at5794           -            429   1.4e-08   33.5   1.7   1   3      0.25        26    2.9   0.0    94   124    36    66    34    75 0.90 -
7061_g               -           3573 7555at5794           -            429   1.4e-08   33.5   1.7   2   3       3.6   3.8e+02   -0.9   0.0   369   388   235   254   229   297 0.71 -
7061_g               -           3573 7555at5794           -            429   1.4e-08   33.5   1.7   3   3   5.7e-09     6e-07   28.1   0.1    99   167  3499  3571  3478  3572 0.86 -
7855_g               -           3573 7555at5794           -            429   1.4e-08   33.5   1.7   1   3      0.25        26    2.9   0.0    94   124    36    66    34    75 0.90 -
7855_g               -           3573 7555at5794           -            429   1.4e-08   33.5   1.7   2   3       3.6   3.8e+02   -0.9   0.0   369   388   235   254   229   297 0.71 -
7855_g               -           3573 7555at5794           -            429   1.4e-08   33.5   1.7   3   3   5.7e-09     6e-07   28.1   0.1    99   167  3499  3571  3478  3572 0.86 -
307_g                -            539 7555at5794           -            429   1.6e-08   33.3   0.3   1   2       1.7   1.8e+02    0.2   0.0   326   350   132   157   118   163 0.78 -
307_g                -            539 7555at5794           -            429   1.6e-08   33.3   0.3   2   2   7.3e-08   7.7e-06   24.4   0.2   316   388   184   275   181   285 0.75 -
84_g                 -            539 7555at5794           -            429   1.6e-08   33.3   0.3   1   2       1.7   1.8e+02    0.2   0.0   326   350   132   157   118   163 0.78 -
84_g                 -            539 7555at5794           -            429   1.6e-08   33.3   0.3   2   2   7.3e-08   7.7e-06   24.4   0.2   316   388   184   275   181   285 0.75 -
508_g                -            772 7555at5794           -            429   4.5e-08   31.8   4.9   1   3     0.014       1.5    7.0   0.3    94   187   354   461   349   494 0.69 -
508_g                -            772 7555at5794           -            429   4.5e-08   31.8   4.9   2   3   3.1e-08   3.3e-06   25.6   0.1   167   256   511   598   501   613 0.83 -
508_g                -            772 7555at5794           -            429   4.5e-08   31.8   4.9   3   3       7.6   8.1e+02   -2.0   0.0    77   115   645   683   620   695 0.84 -
665_g                -            772 7555at5794           -            429   4.5e-08   31.8   4.9   1   3     0.014       1.5    7.0   0.3    94   187   354   461   349   494 0.69 -
665_g                -            772 7555at5794           -            429   4.5e-08   31.8   4.9   2   3   3.1e-08   3.3e-06   25.6   0.1   167   256   511   598   501   613 0.83 -
665_g                -            772 7555at5794           -            429   4.5e-08   31.8   4.9   3   3       7.6   8.1e+02   -2.0   0.0    77   115   645   683   620   695 0.84 -
10038_g              -            618 7555at5794           -            429   1.1e-07   30.6   2.2   1   4      0.36        39    2.4   0.0   357   398   280   323   261   326 0.71 -
10038_g              -            618 7555at5794           -            429   1.1e-07   30.6   2.2   2   4       1.9     2e+02    0.0   0.0   167   207   340   374   332   403 0.66 -
10038_g              -            618 7555at5794           -            429   1.1e-07   30.6   2.2   3   4   0.00077     0.082   11.2   0.1   103   150   418   468   408   482 0.72 -
10038_g              -            618 7555at5794           -            429   1.1e-07   30.6   2.2   4   4   8.1e-06   0.00086   17.7   0.9   166   247   449   548   449   552 0.67 -
12482_g              -            618 7555at5794           -            429   1.1e-07   30.6   2.2   1   4      0.36        39    2.4   0.0   357   398   280   323   261   326 0.71 -
12482_g              -            618 7555at5794           -            429   1.1e-07   30.6   2.2   2   4       1.9     2e+02    0.0   0.0   167   207   340   374   332   403 0.66 -
12482_g              -            618 7555at5794           -            429   1.1e-07   30.6   2.2   3   4   0.00077     0.082   11.2   0.1   103   150   418   468   408   482 0.72 -
12482_g              -            618 7555at5794           -            429   1.1e-07   30.6   2.2   4   4   8.1e-06   0.00086   17.7   0.9   166   247   449   548   449   552 0.67 -
6089_g               -            780 7555at5794           -            429   1.9e-07   29.8   0.0   1   3    0.0063      0.66    8.2   0.0    96   140   203   247   186   263 0.50 -
6089_g               -            780 7555at5794           -            429   1.9e-07   29.8   0.0   2   3     1e-05    0.0011   17.4   0.0   332   390   346   406   339   410 0.92 -
6089_g               -            780 7555at5794           -            429   1.9e-07   29.8   0.0   3   3       2.4   2.5e+02   -0.3   0.0   324   355   538   569   531   592 0.66 -
6164_g               -            780 7555at5794           -            429   1.9e-07   29.8   0.0   1   3    0.0063      0.66    8.2   0.0    96   140   203   247   186   263 0.50 -
6164_g               -            780 7555at5794           -            429   1.9e-07   29.8   0.0   2   3     1e-05    0.0011   17.4   0.0   332   390   346   406   339   410 0.92 -
6164_g               -            780 7555at5794           -            429   1.9e-07   29.8   0.0   3   3       2.4   2.5e+02   -0.3   0.0   324   355   538   569   531   592 0.66 -
11045_g              -           1827 7555at5794           -            429   7.7e-07   27.7   3.4   1   4      0.82        87    1.2   0.1   356   384   610   639   585   649 0.64 -
11045_g              -           1827 7555at5794           -            429   7.7e-07   27.7   3.4   2   4   3.2e-05    0.0034   15.7   0.1    99   147   716   764   710   786 0.88 -
11045_g              -           1827 7555at5794           -            429   7.7e-07   27.7   3.4   3   4     0.042       4.4    5.5   0.0   325   351  1607  1633  1597  1638 0.79 -
11045_g              -           1827 7555at5794           -            429   7.7e-07   27.7   3.4   4   4      0.44        47    2.1   0.0   214   246  1752  1784  1718  1793 0.74 -
11842_g              -           1827 7555at5794           -            429   7.7e-07   27.7   3.4   1   4      0.82        87    1.2   0.1   356   384   610   639   585   649 0.64 -
11842_g              -           1827 7555at5794           -            429   7.7e-07   27.7   3.4   2   4   3.2e-05    0.0034   15.7   0.1    99   147   716   764   710   786 0.88 -
11842_g              -           1827 7555at5794           -            429   7.7e-07   27.7   3.4   3   4     0.042       4.4    5.5   0.0   325   351  1607  1633  1597  1638 0.79 -
11842_g              -           1827 7555at5794           -            429   7.7e-07   27.7   3.4   4   4      0.44        47    2.1   0.0   214   246  1752  1784  1718  1793 0.74 -
13592_g              -            390 7555at5794           -            429   4.4e-06   25.2   0.6   1   5     0.016       1.7    6.9   0.0    91   135    15    59     5    67 0.81 -
13592_g              -            390 7555at5794           -            429   4.4e-06   25.2   0.6   2   5      0.14        15    3.7   0.0   200   252   133   183   119   187 0.83 -
13592_g              -            390 7555at5794           -            429   4.4e-06   25.2   0.6   3   5     0.035       3.7    5.7   0.0   279   360   143   231   135   239 0.68 -
13592_g              -            390 7555at5794           -            429   4.4e-06   25.2   0.6   4   5       2.8     3e+02   -0.6   0.0   374   410   303   336   298   353 0.64 -
13592_g              -            390 7555at5794           -            429   4.4e-06   25.2   0.6   5   5     0.092       9.7    4.3   0.0    93   121   359   387   344   389 0.89 -
12688_g              -           1742 7555at5794           -            429     5e-06   25.1   0.2   1   3   3.8e-06   0.00041   18.8   0.2    83   125   935   977   920   985 0.90 -
12688_g              -           1742 7555at5794           -            429     5e-06   25.1   0.2   2   3       1.7   1.8e+02    0.1   0.0   358   390  1514  1551  1494  1563 0.56 -
12688_g              -           1742 7555at5794           -            429     5e-06   25.1   0.2   3   3      0.73        77    1.4   0.0    99   131  1598  1630  1595  1636 0.87 -
9835_g               -           1742 7555at5794           -            429     5e-06   25.1   0.2   1   3   3.8e-06   0.00041   18.8   0.2    83   125   935   977   920   985 0.90 -
9835_g               -           1742 7555at5794           -            429     5e-06   25.1   0.2   2   3       1.7   1.8e+02    0.1   0.0   358   390  1514  1551  1494  1563 0.56 -
9835_g               -           1742 7555at5794           -            429     5e-06   25.1   0.2   3   3      0.73        77    1.4   0.0    99   131  1598  1630  1595  1636 0.87 -
7441_g               -            949 7555at5794           -            429   5.1e-06   25.0   7.7   1   4      0.92        97    1.0   0.1    74   101   639   667   609   686 0.64 -
7441_g               -            949 7555at5794           -            429   5.1e-06   25.0   7.7   2   4    0.0018      0.19    9.9   1.9    88   153   684   748   677   751 0.87 -
7441_g               -            949 7555at5794           -            429   5.1e-06   25.0   7.7   3   4   0.00011     0.011   14.0   0.0    85   131   766   812   752   850 0.78 -
7441_g               -            949 7555at5794           -            429   5.1e-06   25.0   7.7   4   4       2.6   2.7e+02   -0.4   0.0   166   205   915   946   906   948 0.64 -
7478_g               -            949 7555at5794           -            429   5.1e-06   25.0   7.7   1   4      0.92        97    1.0   0.1    74   101   639   667   609   686 0.64 -
7478_g               -            949 7555at5794           -            429   5.1e-06   25.0   7.7   2   4    0.0018      0.19    9.9   1.9    88   153   684   748   677   751 0.87 -
7478_g               -            949 7555at5794           -            429   5.1e-06   25.0   7.7   3   4   0.00011     0.011   14.0   0.0    85   131   766   812   752   850 0.78 -
7478_g               -            949 7555at5794           -            429   5.1e-06   25.0   7.7   4   4       2.6   2.7e+02   -0.4   0.0   166   205   915   946   906   948 0.64 -
6622_g               -           1051 7555at5794           -            429   5.4e-06   24.9   5.0   1   4       1.6   1.7e+02    0.2   0.3    91   122    64    95    53   102 0.80 -
6622_g               -           1051 7555at5794           -            429   5.4e-06   24.9   5.0   2   4   7.1e-05    0.0075   14.6   0.0   212   245   400   435   354   463 0.59 -
6622_g               -           1051 7555at5794           -            429   5.4e-06   24.9   5.0   3   4      0.52        55    1.9   0.0    94   124   576   606   571   618 0.81 -
6622_g               -           1051 7555at5794           -            429   5.4e-06   24.9   5.0   4   4      0.06       6.4    4.9   0.0   218   260   626   668   616   682 0.85 -
7320_g               -           1128 7555at5794           -            429   5.7e-06   24.9   0.5   1   3    0.0061      0.64    8.2   0.0   335   389   413   468   390   493 0.61 -
7320_g               -           1128 7555at5794           -            429   5.7e-06   24.9   0.5   2   3    0.0006     0.063   11.5   0.1    95   154   704   765   693   802 0.86 -
7320_g               -           1128 7555at5794           -            429   5.7e-06   24.9   0.5   3   3    0.0081      0.86    7.8   0.1    98   161   751   823   750   829 0.76 -
7599_g               -           1128 7555at5794           -            429   5.7e-06   24.9   0.5   1   3    0.0061      0.64    8.2   0.0   335   389   413   468   390   493 0.61 -
7599_g               -           1128 7555at5794           -            429   5.7e-06   24.9   0.5   2   3    0.0006     0.063   11.5   0.1    95   154   704   765   693   802 0.86 -
7599_g               -           1128 7555at5794           -            429   5.7e-06   24.9   0.5   3   3    0.0081      0.86    7.8   0.1    98   161   751   823   750   829 0.76 -
5624_g               -           1082 7555at5794           -            429   6.3e-06   24.7   5.0   1   4       1.7   1.8e+02    0.2   0.3    91   122    64    95    53   102 0.80 -
5624_g               -           1082 7555at5794           -            429   6.3e-06   24.7   5.0   2   4   7.3e-05    0.0078   14.5   0.0   212   245   400   435   354   463 0.59 -
5624_g               -           1082 7555at5794           -            429   6.3e-06   24.7   5.0   3   4      0.53        56    1.8   0.0    94   124   576   606   571   618 0.81 -
5624_g               -           1082 7555at5794           -            429   6.3e-06   24.7   5.0   4   4     0.027       2.9    6.1   0.1   220   387   628   697   619   702 0.55 -
7424_g               -            867 7555at5794           -            429   6.7e-06   24.6   1.4   1   5       7.7   8.2e+02   -2.0   0.0   216   234   259   277   220   288 0.63 -
7424_g               -            867 7555at5794           -            429   6.7e-06   24.6   1.4   2   5      0.61        64    1.6   0.1    86   130   436   481   405   486 0.77 -
7424_g               -            867 7555at5794           -            429   6.7e-06   24.6   1.4   3   5     0.003      0.32    9.2   0.1    95   142   491   538   478   543 0.87 -
7424_g               -            867 7555at5794           -            429   6.7e-06   24.6   1.4   4   5      0.02       2.1    6.5   0.0    97   131   584   618   564   623 0.82 -
7424_g               -            867 7555at5794           -            429   6.7e-06   24.6   1.4   5   5      0.72        76    1.4   0.0   360   386   693   719   679   724 0.78 -
7496_g               -            867 7555at5794           -            429   6.7e-06   24.6   1.4   1   5       7.7   8.2e+02   -2.0   0.0   216   234   259   277   220   288 0.63 -
7496_g               -            867 7555at5794           -            429   6.7e-06   24.6   1.4   2   5      0.61        64    1.6   0.1    86   130   436   481   405   486 0.77 -
7496_g               -            867 7555at5794           -            429   6.7e-06   24.6   1.4   3   5     0.003      0.32    9.2   0.1    95   142   491   538   478   543 0.87 -
7496_g               -            867 7555at5794           -            429   6.7e-06   24.6   1.4   4   5      0.02       2.1    6.5   0.0    97   131   584   618   564   623 0.82 -
7496_g               -            867 7555at5794           -            429   6.7e-06   24.6   1.4   5   5      0.72        76    1.4   0.0   360   386   693   719   679   724 0.78 -
1682_g               -            474 7555at5794           -            429   1.4e-05   23.6   0.1   1   1   1.9e-07     2e-05   23.1   0.1   106   155    58   107    54   138 0.90 -
865_g                -            474 7555at5794           -            429   1.4e-05   23.6   0.1   1   1   1.9e-07     2e-05   23.1   0.1   106   155    58   107    54   138 0.90 -
7140_g               -            566 7555at5794           -            429   1.9e-05   23.2   1.4   1   3     0.026       2.8    6.1   0.2   102   123    98   119    91   133 0.64 -
7140_g               -            566 7555at5794           -            429   1.9e-05   23.2   1.4   2   3   0.00035     0.037   12.3   0.0    94   127   138   171   124   182 0.82 -
7140_g               -            566 7555at5794           -            429   1.9e-05   23.2   1.4   3   3      0.48        51    2.0   0.0   333   350   300   317   286   353 0.78 -
7777_g               -            566 7555at5794           -            429   1.9e-05   23.2   1.4   1   3     0.026       2.8    6.1   0.2   102   123    98   119    91   133 0.64 -
7777_g               -            566 7555at5794           -            429   1.9e-05   23.2   1.4   2   3   0.00035     0.037   12.3   0.0    94   127   138   171   124   182 0.82 -
7777_g               -            566 7555at5794           -            429   1.9e-05   23.2   1.4   3   3      0.48        51    2.0   0.0   333   350   300   317   286   353 0.78 -
1870_g               -           1112 7555at5794           -            429   2.3e-05   22.9   0.3   1   3    0.0028       0.3    9.3   0.3   321   361   289   331   282   347 0.86 -
1870_g               -           1112 7555at5794           -            429   2.3e-05   22.9   0.3   2   3      0.33        35    2.5   0.0    96   210   485   604   474   622 0.61 -
1870_g               -           1112 7555at5794           -            429   2.3e-05   22.9   0.3   3   3     0.028       2.9    6.0   0.0    97   351   671   701   659   721 0.67 -
2391_g               -           1112 7555at5794           -            429   2.3e-05   22.9   0.3   1   3    0.0028       0.3    9.3   0.3   321   361   289   331   282   347 0.86 -
2391_g               -           1112 7555at5794           -            429   2.3e-05   22.9   0.3   2   3      0.33        35    2.5   0.0    96   210   485   604   474   622 0.61 -
2391_g               -           1112 7555at5794           -            429   2.3e-05   22.9   0.3   3   3     0.028       2.9    6.0   0.0    97   351   671   701   659   721 0.67 -
15731_g              -            178 7555at5794           -            429   3.4e-05   22.3   0.1   1   1   3.4e-06   0.00036   18.9   0.1   101   243    28   167    11   172 0.73 -
5706_g               -           1996 7555at5794           -            429     4e-05   22.1   0.1   1   1   1.5e-06   0.00015   20.1   0.0   291   387  1800  1863  1767  1878 0.52 -
6541_g               -           1996 7555at5794           -            429     4e-05   22.1   0.1   1   1   1.5e-06   0.00015   20.1   0.0   291   387  1800  1863  1767  1878 0.52 -
2698_g               -           1343 7555at5794           -            429   0.00012   20.5   0.1   1   3     0.027       2.9    6.1   0.0   207   248   587   630   566   645 0.74 -
2698_g               -           1343 7555at5794           -            429   0.00012   20.5   0.1   2   3     0.055       5.8    5.1   0.0   117   152   983  1021   977  1031 0.71 -
2698_g               -           1343 7555at5794           -            429   0.00012   20.5   0.1   3   3     0.085       9.1    4.4   0.0   356   390  1148  1186  1142  1196 0.74 -
3379_g               -           1343 7555at5794           -            429   0.00012   20.5   0.1   1   3     0.027       2.9    6.1   0.0   207   248   587   630   566   645 0.74 -
3379_g               -           1343 7555at5794           -            429   0.00012   20.5   0.1   2   3     0.055       5.8    5.1   0.0   117   152   983  1021   977  1031 0.71 -
3379_g               -           1343 7555at5794           -            429   0.00012   20.5   0.1   3   3     0.085       9.1    4.4   0.0   356   390  1148  1186  1142  1196 0.74 -
10018_g              -           2991 7555at5794           -            429   0.00012   20.5   0.0   1   1   1.9e-06    0.0002   19.8   0.0   288   388   948  1050   938  1053 0.86 -
12500_g              -           2991 7555at5794           -            429   0.00012   20.5   0.0   1   1   1.9e-06    0.0002   19.8   0.0   288   388   948  1050   938  1053 0.86 -
12606_g              -           1149 7555at5794           -            429   0.00013   20.4   0.5   1   3    0.0051      0.54    8.5   0.0    93   124   441   472   432   479 0.61 -
12606_g              -           1149 7555at5794           -            429   0.00013   20.4   0.5   2   3     0.024       2.5    6.3   0.1    88   139   528   579   519   607 0.84 -
12606_g              -           1149 7555at5794           -            429   0.00013   20.4   0.5   3   3      0.95     1e+02    1.0   0.0   322   354   590   622   585   625 0.88 -
9917_g               -           1149 7555at5794           -            429   0.00013   20.4   0.5   1   3    0.0051      0.54    8.5   0.0    93   124   441   472   432   479 0.61 -
9917_g               -           1149 7555at5794           -            429   0.00013   20.4   0.5   2   3     0.024       2.5    6.3   0.1    88   139   528   579   519   607 0.84 -
9917_g               -           1149 7555at5794           -            429   0.00013   20.4   0.5   3   3      0.95     1e+02    1.0   0.0   322   354   590   622   585   625 0.88 -
7506_g               -            516 7555at5794           -            429   0.00018   19.9   0.3   1   4       5.8   6.1e+02   -1.6   0.0   106   131    31    56    15    61 0.81 -
7506_g               -            516 7555at5794           -            429   0.00018   19.9   0.3   2   4       2.3   2.4e+02   -0.3   0.0   114   133   129   148   117   166 0.63 -
7506_g               -            516 7555at5794           -            429   0.00018   19.9   0.3   3   4   0.00018      0.02   13.2   0.0   318   360   426   470   422   474 0.88 -
7506_g               -            516 7555at5794           -            429   0.00018   19.9   0.3   4   4      0.68        72    1.5   0.0    98   127   480   510   474   515 0.80 -
6987_g               -            718 7555at5794           -            429   0.00024   19.5   0.6   1   2   6.6e-05     0.007   14.7   0.0    79   130   531   583   476   599 0.73 -
6987_g               -            718 7555at5794           -            429   0.00024   19.5   0.6   2   2      0.29        30    2.7   0.3   113   151   654   691   624   700 0.77 -
7925_g               -            718 7555at5794           -            429   0.00024   19.5   0.6   1   2   6.6e-05     0.007   14.7   0.0    79   130   531   583   476   599 0.73 -
7925_g               -            718 7555at5794           -            429   0.00024   19.5   0.6   2   2      0.29        30    2.7   0.3   113   151   654   691   624   700 0.77 -
5687_g               -           1245 7555at5794           -            429   0.00037   18.9   0.9   1   4      0.15        15    3.7   0.1   334   368  1057  1091  1021  1114 0.60 -
5687_g               -           1245 7555at5794           -            429   0.00037   18.9   0.9   2   4      0.11        12    4.0   0.1   335   369  1058  1092  1045  1135 0.53 -
5687_g               -           1245 7555at5794           -            429   0.00037   18.9   0.9   3   4      0.42        45    2.1   0.0   105   124  1112  1131  1095  1147 0.69 -
5687_g               -           1245 7555at5794           -            429   0.00037   18.9   0.9   4   4    0.0019       0.2    9.9   0.1    89   131  1145  1188  1140  1208 0.75 -
6560_g               -           1245 7555at5794           -            429   0.00037   18.9   0.9   1   4      0.15        15    3.7   0.1   334   368  1057  1091  1021  1114 0.60 -
6560_g               -           1245 7555at5794           -            429   0.00037   18.9   0.9   2   4      0.11        12    4.0   0.1   335   369  1058  1092  1045  1135 0.53 -
6560_g               -           1245 7555at5794           -            429   0.00037   18.9   0.9   3   4      0.42        45    2.1   0.0   105   124  1112  1131  1095  1147 0.69 -
6560_g               -           1245 7555at5794           -            429   0.00037   18.9   0.9   4   4    0.0019       0.2    9.9   0.1    89   131  1145  1188  1140  1208 0.75 -
9071_g               -            334 7555at5794           -            429   0.00059   18.2   0.1   1   4      0.12        13    4.0   0.0   200   252    77   127    66   131 0.84 -
9071_g               -            334 7555at5794           -            429   0.00059   18.2   0.1   2   4      0.21        22    3.1   0.0   318   360   133   175   131   183 0.82 -
9071_g               -            334 7555at5794           -            429   0.00059   18.2   0.1   3   4       2.3   2.5e+02   -0.3   0.0   374   410   247   280   242   296 0.64 -
9071_g               -            334 7555at5794           -            429   0.00059   18.2   0.1   4   4     0.079       8.4    4.5   0.0    93   121   303   331   292   333 0.89 -
6765_g               -            684 7555at5794           -            429   0.00079   17.8   0.1   1   2   0.00033     0.035   12.4   0.0   100   132   164   197   160   201 0.81 -
6765_g               -            684 7555at5794           -            429   0.00079   17.8   0.1   2   2      0.46        49    2.0   0.0    96   124   584   612   581   648 0.85 -
8147_g               -            684 7555at5794           -            429   0.00079   17.8   0.1   1   2   0.00033     0.035   12.4   0.0   100   132   164   197   160   201 0.81 -
8147_g               -            684 7555at5794           -            429   0.00079   17.8   0.1   2   2      0.46        49    2.0   0.0    96   124   584   612   581   648 0.85 -
7412_g               -            509 7555at5794           -            429    0.0008   17.8   0.1   1   3       5.7     6e+02   -1.6   0.0   106   131    31    56    15    61 0.81 -
7412_g               -            509 7555at5794           -            429    0.0008   17.8   0.1   2   3       2.2   2.4e+02   -0.2   0.0   114   133   129   148   117   166 0.63 -
7412_g               -            509 7555at5794           -            429    0.0008   17.8   0.1   3   3    0.0001     0.011   14.1   0.0   318   361   426   471   422   496 0.80 -
2993_g               -            681 7555at5794           -            429   0.00087   17.7   0.2   1   2   0.00062     0.066   11.5   0.1    91   123    77   110    48   146 0.76 -
2993_g               -            681 7555at5794           -            429   0.00087   17.7   0.2   2   2      0.12        12    4.0   0.0    89   247   220   255   213   261 0.51 -
3674_g               -            681 7555at5794           -            429   0.00087   17.7   0.2   1   2   0.00062     0.066   11.5   0.1    91   123    77   110    48   146 0.76 -
3674_g               -            681 7555at5794           -            429   0.00087   17.7   0.2   2   2      0.12        12    4.0   0.0    89   247   220   255   213   261 0.51 -
2132_g               -            698 7555at5794           -            429    0.0011   17.4   0.2   1   2      0.18        19    3.4   0.0    96   153   230   286   216   291 0.79 -
2132_g               -            698 7555at5794           -            429    0.0011   17.4   0.2   2   2   0.00053     0.056   11.7   0.0    72   153   592   687   571   696 0.75 -
2427_g               -            698 7555at5794           -            429    0.0011   17.4   0.2   1   2      0.18        19    3.4   0.0    96   153   230   286   216   291 0.79 -
2427_g               -            698 7555at5794           -            429    0.0011   17.4   0.2   2   2   0.00053     0.056   11.7   0.0    72   153   592   687   571   696 0.75 -
10891_g              -            859 7555at5794           -            429    0.0011   17.4   0.1   1   2    0.0064      0.68    8.1   0.0   186   248   698   765   615   769 0.58 -
10891_g              -            859 7555at5794           -            429    0.0011   17.4   0.1   2   2      0.14        15    3.7   0.0   356   392   802   843   790   853 0.75 -
11688_g              -            859 7555at5794           -            429    0.0011   17.4   0.1   1   2    0.0064      0.68    8.1   0.0   186   248   698   765   615   769 0.58 -
11688_g              -            859 7555at5794           -            429    0.0011   17.4   0.1   2   2      0.14        15    3.7   0.0   356   392   802   843   790   853 0.75 -
516_g                -           2273 7555at5794           -            429    0.0014   17.0   0.0   1   2   0.00034     0.036   12.3   0.0    90   123   553   586   542   611 0.64 -
516_g                -           2273 7555at5794           -            429    0.0014   17.0   0.0   2   2      0.42        44    2.2   0.0    70   124  2001  2061  1997  2065 0.79 -
657_g                -           2273 7555at5794           -            429    0.0014   17.0   0.0   1   2   0.00034     0.036   12.3   0.0    90   123   553   586   542   611 0.64 -
657_g                -           2273 7555at5794           -            429    0.0014   17.0   0.0   2   2      0.42        44    2.2   0.0    70   124  2001  2061  1997  2065 0.79 -
12877_g              -            633 7555at5794           -            429    0.0017   16.7   0.1   1   1   0.00014     0.015   13.6   0.1   154   388   218   452   174   463 0.57 -
8996_g               -            633 7555at5794           -            429    0.0017   16.7   0.1   1   1   0.00014     0.015   13.6   0.1   154   388   218   452   174   463 0.57 -
11223_g              -            895 7555at5794           -            429    0.0021   16.4   0.4   1   1   4.4e-05    0.0047   15.3   0.0    75   124   485   535   468   546 0.84 -
12020_g              -            895 7555at5794           -            429    0.0021   16.4   0.4   1   1   4.4e-05    0.0047   15.3   0.0    75   124   485   535   468   546 0.84 -
5705_g               -            344 7555at5794           -            429    0.0023   16.3   0.0   1   1   3.2e-05    0.0034   15.7   0.0   355   390   280   315   274   323 0.86 -
6542_g               -            344 7555at5794           -            429    0.0023   16.3   0.0   1   1   3.2e-05    0.0034   15.7   0.0   355   390   280   315   274   323 0.86 -
12641_g              -           1853 7555at5794           -            429    0.0024   16.2   0.1   1   3      0.59        62    1.7   0.0    18   131    67   187    61   198 0.75 -
12641_g              -           1853 7555at5794           -            429    0.0024   16.2   0.1   2   3       1.9     2e+02    0.0   0.0    95   345   273   299   264   310 0.60 -
12641_g              -           1853 7555at5794           -            429    0.0024   16.2   0.1   3   3     0.002      0.22    9.8   0.0   312   389   375   456   348   475 0.78 -
9882_g               -           1853 7555at5794           -            429    0.0024   16.2   0.1   1   3      0.59        62    1.7   0.0    18   131    67   187    61   198 0.75 -
9882_g               -           1853 7555at5794           -            429    0.0024   16.2   0.1   2   3       1.9     2e+02    0.0   0.0    95   345   273   299   264   310 0.60 -
9882_g               -           1853 7555at5794           -            429    0.0024   16.2   0.1   3   3     0.002      0.22    9.8   0.0   312   389   375   456   348   475 0.78 -
1805_g               -            270 7555at5794           -            429     0.003   15.9   0.0   1   3     0.054       5.7    5.1   0.0   324   391    36   105     8   117 0.73 -
1805_g               -            270 7555at5794           -            429     0.003   15.9   0.0   2   3       4.1   4.4e+02   -1.1   0.0    97   123   125   151   115   154 0.81 -
1805_g               -            270 7555at5794           -            429     0.003   15.9   0.0   3   3     0.022       2.3    6.4   0.0    96   154   194   252   183   261 0.73 -
988_g                -            270 7555at5794           -            429     0.003   15.9   0.0   1   3     0.054       5.7    5.1   0.0   324   391    36   105     8   117 0.73 -
988_g                -            270 7555at5794           -            429     0.003   15.9   0.0   2   3       4.1   4.4e+02   -1.1   0.0    97   123   125   151   115   154 0.81 -
988_g                -            270 7555at5794           -            429     0.003   15.9   0.0   3   3     0.022       2.3    6.4   0.0    96   154   194   252   183   261 0.73 -
4945_g               -           1145 7555at5794           -            429    0.0049   15.2   0.2   1   2     0.037       3.9    5.6   0.0   353   415    15    76     5    88 0.71 -
4945_g               -           1145 7555at5794           -            429    0.0049   15.2   0.2   2   2     0.016       1.6    6.9   0.0   192   246    76   132    71   155 0.76 -
5417_g               -           1145 7555at5794           -            429    0.0049   15.2   0.2   1   2     0.037       3.9    5.6   0.0   353   415    15    76     5    88 0.71 -
5417_g               -           1145 7555at5794           -            429    0.0049   15.2   0.2   2   2     0.016       1.6    6.9   0.0   192   246    76   132    71   155 0.76 -
11274_g              -           2198 7555at5794           -            429     0.015   13.6   1.5   1   3      0.28        29    2.7   0.1   320   388  1276  1352  1269  1356 0.68 -
11274_g              -           2198 7555at5794           -            429     0.015   13.6   1.5   2   3     0.015       1.6    6.9   0.0   372   409  1692  1730  1685  1737 0.85 -
11274_g              -           2198 7555at5794           -            429     0.015   13.6   1.5   3   3       1.1   1.2e+02    0.8   0.0   364   396  1894  1926  1889  1929 0.79 -
12071_g              -           2198 7555at5794           -            429     0.015   13.6   1.5   1   3      0.28        29    2.7   0.1   320   388  1276  1352  1269  1356 0.68 -
12071_g              -           2198 7555at5794           -            429     0.015   13.6   1.5   2   3     0.015       1.6    6.9   0.0   372   409  1692  1730  1685  1737 0.85 -
12071_g              -           2198 7555at5794           -            429     0.015   13.6   1.5   3   3       1.1   1.2e+02    0.8   0.0   364   396  1894  1926  1889  1929 0.79 -
5658_g               -           2126 7555at5794           -            429     0.051   11.8   0.1   1   1    0.0011      0.12   10.7   0.0    91   124  1722  1755  1712  1775 0.69 -
6589_g               -           2126 7555at5794           -            429     0.051   11.8   0.1   1   1    0.0011      0.12   10.7   0.0    91   124  1722  1755  1712  1775 0.69 -
10422_g              -            132 7555at5794           -            429     0.075   11.3   0.1   1   2     0.017       1.8    6.7   0.0   136   180     9    58     3    59 0.60 -
10422_g              -            132 7555at5794           -            429     0.075   11.3   0.1   2   2      0.14        15    3.8   0.0    60   112    45   102    38   107 0.71 -
6063_g               -            701 7555at5794           -            429     0.081   11.2   1.0   1   2    0.0044      0.46    8.7   0.7   361   419    36    97    28   107 0.79 -
6063_g               -            701 7555at5794           -            429     0.081   11.2   1.0   2   2       3.1   3.3e+02   -0.7   0.0   318   351   119   151    99   159 0.71 -
6189_g               -            701 7555at5794           -            429     0.081   11.2   1.0   1   2    0.0044      0.46    8.7   0.7   361   419    36    97    28   107 0.79 -
6189_g               -            701 7555at5794           -            429     0.081   11.2   1.0   2   2       3.1   3.3e+02   -0.7   0.0   318   351   119   151    99   159 0.71 -
12242_g              -           1511 7555at5794           -            429      0.17   10.1   0.1   1   3       1.6   1.6e+02    0.3   0.0   331   346   217   232   166   276 0.55 -
12242_g              -           1511 7555at5794           -            429      0.17   10.1   0.1   2   3     0.048       5.1    5.3   0.0    92   389   478   509   467   544 0.59 -
12242_g              -           1511 7555at5794           -            429      0.17   10.1   0.1   3   3       6.1   6.5e+02   -1.7   0.0    97   131   994  1028   984  1033 0.82 -
10281_g              -           1518 7555at5794           -            429      0.17   10.1   0.1   1   3       1.6   1.7e+02    0.3   0.0   331   346   217   232   166   276 0.55 -
10281_g              -           1518 7555at5794           -            429      0.17   10.1   0.1   2   3     0.048       5.1    5.3   0.0    92   389   478   509   467   544 0.59 -
10281_g              -           1518 7555at5794           -            429      0.17   10.1   0.1   3   3       6.1   6.5e+02   -1.7   0.0    97   131  1001  1035   991  1040 0.82 -
10962_g              -           3437 7555at5794           -            429       0.6    8.3   3.2   1   2      0.16        17    3.6   0.1    83   153   125   153   121   179 0.56 -
10962_g              -           3437 7555at5794           -            429       0.6    8.3   3.2   2   2      0.12        13    3.9   0.3    80   168   267   358   260   377 0.63 -
11759_g              -           3437 7555at5794           -            429       0.6    8.3   3.2   1   2      0.16        17    3.6   0.1    83   153   125   153   121   179 0.56 -
11759_g              -           3437 7555at5794           -            429       0.6    8.3   3.2   2   2      0.12        13    3.9   0.3    80   168   267   358   260   377 0.63 -
#
# Program:         hmmsearch
# Version:         3.1b2 (February 2015)
# Pipeline mode:   SEARCH
# Query file:      /mnt/e/Bioinformatics/Semester2/BINP29/Malaria Project/Genomes/Parsed/busco_downloads/lineages/apicomplexa_odb10/hmms/7555at5794.hmm
# Target file:     /mnt/e/Bioinformatics/Semester2/BINP29/Malaria Project/Genomes/Parsed/Tg_new.faa
# Option settings: hmmsearch --domtblout /mnt/e/Bioinformatics/Semester2/BINP29/Malaria Project/Genomes/Parsed/Tg/run_apicomplexa_odb10/hmmer_output/initial_run_results/7555at5794.out --cpu 1 /mnt/e/Bioinformatics/Semester2/BINP29/Malaria Project/Genomes/Parsed/busco_downloads/lineages/apicomplexa_odb10/hmms/7555at5794.hmm /mnt/e/Bioinformatics/Semester2/BINP29/Malaria Project/Genomes/Parsed/Tg_new.faa 
# Current dir:     /mnt/e/Bioinformatics/Semester2/BINP29/Malaria Project/Genomes/Parsed
# Date:            Wed Mar  1 19:36:19 2023
# [ok]
