#                                                                            --- full sequence --- -------------- this domain -------------   hmm coord   ali coord   env coord
# target name        accession   tlen query name           accession   qlen   E-value  score  bias   #  of  c-Evalue  i-Evalue  score  bias  from    to  from    to  from    to  acc description of target
#------------------- ---------- ----- -------------------- ---------- ----- --------- ------ ----- --- --- --------- --------- ------ ----- ----- ----- ----- ----- ----- ----- ---- ---------------------
4921_g               -            920 7633at5794           -            399  3.2e-177  589.2   0.0   1   2      0.24   4.8e+02   -0.8   0.0    15    25   414   424   377   430 0.69 -
4921_g               -            920 7633at5794           -            399  3.2e-177  589.2   0.0   2   2  7.4e-180  1.5e-176  587.0   0.0    24   399   487   919   478   919 0.90 -
5393_g               -            920 7633at5794           -            399  3.2e-177  589.2   0.0   1   2      0.24   4.8e+02   -0.8   0.0    15    25   414   424   377   430 0.69 -
5393_g               -            920 7633at5794           -            399  3.2e-177  589.2   0.0   2   2  7.4e-180  1.5e-176  587.0   0.0    24   399   487   919   478   919 0.90 -
7271_g               -            677 7633at5794           -            399   1.4e-29  103.0   0.0   1   2     4e-06     0.008   15.0   0.0   119   170   309   360   283   362 0.90 -
7271_g               -            677 7633at5794           -            399   1.4e-29  103.0   0.0   2   2   2.5e-27   4.9e-24   84.8   0.0   169   394   407   671   394   675 0.68 -
7647_g               -            677 7633at5794           -            399   1.4e-29  103.0   0.0   1   2     4e-06     0.008   15.0   0.0   119   170   309   360   283   362 0.90 -
7647_g               -            677 7633at5794           -            399   1.4e-29  103.0   0.0   2   2   2.5e-27   4.9e-24   84.8   0.0   169   394   407   671   394   675 0.68 -
4704_g               -            609 7633at5794           -            399     8e-18   64.4   0.0   1   2   9.3e-15   1.8e-11   43.4   0.0   103   228   237   366   229   396 0.73 -
4704_g               -            609 7633at5794           -            399     8e-18   64.4   0.0   2   2   2.7e-07   0.00054   18.8   0.0   319   392   503   580   457   587 0.77 -
5176_g               -            609 7633at5794           -            399     8e-18   64.4   0.0   1   2   9.3e-15   1.8e-11   43.4   0.0   103   228   237   366   229   396 0.73 -
5176_g               -            609 7633at5794           -            399     8e-18   64.4   0.0   2   2   2.7e-07   0.00054   18.8   0.0   319   392   503   580   457   587 0.77 -
3876_g               -           1182 7633at5794           -            399   2.9e-07   29.6   0.1   1   3     0.012        25    3.5   0.0   126   157   616   647   605   657 0.86 -
3876_g               -           1182 7633at5794           -            399   2.9e-07   29.6   0.1   2   3    0.0052        10    4.7   0.0   195   227   788   819   776   841 0.78 -
3876_g               -           1182 7633at5794           -            399   2.9e-07   29.6   0.1   3   3   7.6e-07    0.0015   17.3   0.0   349   391  1133  1175  1117  1178 0.85 -
8656_g               -           1182 7633at5794           -            399   2.9e-07   29.6   0.1   1   3     0.012        25    3.5   0.0   126   157   616   647   605   657 0.86 -
8656_g               -           1182 7633at5794           -            399   2.9e-07   29.6   0.1   2   3    0.0052        10    4.7   0.0   195   227   788   819   776   841 0.78 -
8656_g               -           1182 7633at5794           -            399   2.9e-07   29.6   0.1   3   3   7.6e-07    0.0015   17.3   0.0   349   391  1133  1175  1117  1178 0.85 -
#
# Program:         hmmsearch
# Version:         3.1b2 (February 2015)
# Pipeline mode:   SEARCH
# Query file:      /mnt/e/Bioinformatics/Semester2/BINP29/Malaria Project/Genomes/Parsed/busco_downloads/lineages/apicomplexa_odb10/hmms/7633at5794.hmm
# Target file:     /mnt/e/Bioinformatics/Semester2/BINP29/Malaria Project/Genomes/Parsed/Tg_new.faa
# Option settings: hmmsearch --domtblout /mnt/e/Bioinformatics/Semester2/BINP29/Malaria Project/Genomes/Parsed/Tg/run_apicomplexa_odb10/hmmer_output/initial_run_results/7633at5794.out --cpu 1 /mnt/e/Bioinformatics/Semester2/BINP29/Malaria Project/Genomes/Parsed/busco_downloads/lineages/apicomplexa_odb10/hmms/7633at5794.hmm /mnt/e/Bioinformatics/Semester2/BINP29/Malaria Project/Genomes/Parsed/Tg_new.faa 
# Current dir:     /mnt/e/Bioinformatics/Semester2/BINP29/Malaria Project/Genomes/Parsed
# Date:            Wed Mar  1 19:36:19 2023
# [ok]
