#                                                                            --- full sequence --- -------------- this domain -------------   hmm coord   ali coord   env coord
# target name        accession   tlen query name           accession   qlen   E-value  score  bias   #  of  c-Evalue  i-Evalue  score  bias  from    to  from    to  from    to  acc description of target
#------------------- ---------- ----- -------------------- ---------- ----- --------- ------ ----- --- --- --------- --------- ------ ----- ----- ----- ----- ----- ----- ----- ---- ---------------------
4845_g               -           1412 7668at5794           -            389  2.2e-103  346.2  80.5   1   8       4.6   1.4e+03   -2.1   3.4   188   211   288   312   281   326 0.64 -
4845_g               -           1412 7668at5794           -            389  2.2e-103  346.2  80.5   2   8      0.16        48    2.7   0.0     2    21   484   503   483   515 0.86 -
4845_g               -           1412 7668at5794           -            389  2.2e-103  346.2  80.5   3   8   2.7e-17   7.8e-15   54.7   0.0    27    81   621   675   589   680 0.89 -
4845_g               -           1412 7668at5794           -            389  2.2e-103  346.2  80.5   4   8   2.7e-21   7.9e-19   67.8   0.2    78   140   708   773   704   780 0.88 -
4845_g               -           1412 7668at5794           -            389  2.2e-103  346.2  80.5   5   8   3.6e-39   1.1e-36  126.7   0.3   138   220   857   941   841   944 0.96 -
4845_g               -           1412 7668at5794           -            389  2.2e-103  346.2  80.5   6   8     0.087        26    3.6   9.6   221   257  1041  1077  1036  1085 0.83 -
4845_g               -           1412 7668at5794           -            389  2.2e-103  346.2  80.5   7   8   4.7e-24   1.4e-21   76.9   2.0   261   339  1211  1292  1191  1306 0.73 -
4845_g               -           1412 7668at5794           -            389  2.2e-103  346.2  80.5   8   8   3.7e-18   1.1e-15   57.5   0.8   336   388  1344  1398  1328  1399 0.88 -
5317_g               -           1412 7668at5794           -            389  2.2e-103  346.2  80.5   1   8       4.6   1.4e+03   -2.1   3.4   188   211   288   312   281   326 0.64 -
5317_g               -           1412 7668at5794           -            389  2.2e-103  346.2  80.5   2   8      0.16        48    2.7   0.0     2    21   484   503   483   515 0.86 -
5317_g               -           1412 7668at5794           -            389  2.2e-103  346.2  80.5   3   8   2.7e-17   7.8e-15   54.7   0.0    27    81   621   675   589   680 0.89 -
5317_g               -           1412 7668at5794           -            389  2.2e-103  346.2  80.5   4   8   2.7e-21   7.9e-19   67.8   0.2    78   140   708   773   704   780 0.88 -
5317_g               -           1412 7668at5794           -            389  2.2e-103  346.2  80.5   5   8   3.6e-39   1.1e-36  126.7   0.3   138   220   857   941   841   944 0.96 -
5317_g               -           1412 7668at5794           -            389  2.2e-103  346.2  80.5   6   8     0.087        26    3.6   9.6   221   257  1041  1077  1036  1085 0.83 -
5317_g               -           1412 7668at5794           -            389  2.2e-103  346.2  80.5   7   8   4.7e-24   1.4e-21   76.9   2.0   261   339  1211  1292  1191  1306 0.73 -
5317_g               -           1412 7668at5794           -            389  2.2e-103  346.2  80.5   8   8   3.7e-18   1.1e-15   57.5   0.8   336   388  1344  1398  1328  1399 0.88 -
2126_g               -           1185 7668at5794           -            389   1.5e-28   99.8  11.3   1   2   3.4e-16     1e-13   51.0   0.0    42   100   363   421   349   423 0.94 -
2126_g               -           1185 7668at5794           -            389   1.5e-28   99.8  11.3   2   2   4.3e-18   1.3e-15   57.3  10.2   143   261   651   771   646   792 0.83 -
2433_g               -           1185 7668at5794           -            389   1.5e-28   99.8  11.3   1   2   3.4e-16     1e-13   51.0   0.0    42   100   363   421   349   423 0.94 -
2433_g               -           1185 7668at5794           -            389   1.5e-28   99.8  11.3   2   2   4.3e-18   1.3e-15   57.3  10.2   143   261   651   771   646   792 0.83 -
10148_g              -            364 7668at5794           -            389   1.2e-16   60.6   0.0   1   1   6.2e-19   1.8e-16   60.0   0.0    44   108    10    75     5    88 0.92 -
12373_g              -            364 7668at5794           -            389   1.2e-16   60.6   0.0   1   1   6.2e-19   1.8e-16   60.0   0.0    44   108    10    75     5    88 0.92 -
2812_g               -           1005 7668at5794           -            389   4.6e-16   58.7   0.2   1   1   2.6e-18   7.6e-16   58.0   0.2    41   107     3    70     1    74 0.93 -
3493_g               -           1005 7668at5794           -            389   4.6e-16   58.7   0.2   1   1   2.6e-18   7.6e-16   58.0   0.2    41   107     3    70     1    74 0.93 -
13011_g              -           2604 7668at5794           -            389   3.9e-15   55.7   0.2   1   1   2.4e-17   7.1e-15   54.8   0.2    41   108   388   456   384   462 0.92 -
9652_g               -           2604 7668at5794           -            389   3.9e-15   55.7   0.2   1   1   2.4e-17   7.1e-15   54.8   0.2    41   108   388   456   384   462 0.92 -
10140_g              -            588 7668at5794           -            389   2.4e-13   49.8   0.5   1   2   8.2e-16   2.4e-13   49.8   0.5     9   106   169   268   163   270 0.70 -
10140_g              -            588 7668at5794           -            389   2.4e-13   49.8   0.5   2   2       2.1   6.3e+02   -1.0   0.4   230   245   336   351   329   407 0.46 -
12381_g              -            609 7668at5794           -            389   2.5e-13   49.7   0.5   1   2   8.6e-16   2.5e-13   49.7   0.5     9   106   190   289   184   291 0.70 -
12381_g              -            609 7668at5794           -            389   2.5e-13   49.7   0.5   2   2       2.2   6.6e+02   -1.1   0.4   230   245   357   372   350   428 0.46 -
2651_g               -            468 7668at5794           -            389   5.7e-13   48.5   1.2   1   1   2.8e-15   8.3e-13   48.0   1.2    38   106    96   167    87   169 0.84 -
3332_g               -            468 7668at5794           -            389   5.7e-13   48.5   1.2   1   1   2.8e-15   8.3e-13   48.0   1.2    38   106    96   167    87   169 0.84 -
7066_g               -            199 7668at5794           -            389   2.9e-11   42.9   0.1   1   1   9.8e-14   2.9e-11   42.9   0.1    40   110     3    72     1    74 0.90 -
7850_g               -            199 7668at5794           -            389   2.9e-11   42.9   0.1   1   1   9.8e-14   2.9e-11   42.9   0.1    40   110     3    72     1    74 0.90 -
10840_g              -           1000 7668at5794           -            389   5.7e-11   41.9   0.4   1   3   1.9e-13   5.7e-11   41.9   0.4    42   106   552   616   537   618 0.89 -
10840_g              -           1000 7668at5794           -            389   5.7e-11   41.9   0.4   2   3       9.6   2.8e+03   -3.1   0.1   217   258   690   731   663   743 0.55 -
10840_g              -           1000 7668at5794           -            389   5.7e-11   41.9   0.4   3   3       1.1   3.3e+02   -0.1   4.2   226   253   818   845   802   865 0.82 -
11637_g              -           1000 7668at5794           -            389   5.7e-11   41.9   0.4   1   3   1.9e-13   5.7e-11   41.9   0.4    42   106   552   616   537   618 0.89 -
11637_g              -           1000 7668at5794           -            389   5.7e-11   41.9   0.4   2   3       9.6   2.8e+03   -3.1   0.1   217   258   690   731   663   743 0.55 -
11637_g              -           1000 7668at5794           -            389   5.7e-11   41.9   0.4   3   3       1.1   3.3e+02   -0.1   4.2   226   253   818   845   802   865 0.82 -
6447_g               -           1225 7668at5794           -            389   9.6e-10   37.9   0.3   1   2   9.9e-12   2.9e-09   36.3   0.1    46   100   501   554   491   560 0.90 -
6447_g               -           1225 7668at5794           -            389   9.6e-10   37.9   0.3   2   2       3.7   1.1e+03   -1.8   0.0   314   342  1069  1097  1067  1100 0.87 -
4769_g               -            632 7668at5794           -            389   2.7e-09   36.4   0.1   1   1   1.4e-11   4.1e-09   35.8   0.1    41   106   121   183   111   185 0.90 -
5241_g               -            632 7668at5794           -            389   2.7e-09   36.4   0.1   1   1   1.4e-11   4.1e-09   35.8   0.1    41   106   121   183   111   185 0.90 -
5801_g               -           2843 7668at5794           -            389   3.2e-09   36.2   0.5   1   1   2.6e-11   7.6e-09   34.9   0.1    46   100   501   554   491   559 0.90 -
4555_g               -            644 7668at5794           -            389   5.7e-09   35.4   0.1   1   1   3.2e-11   9.3e-09   34.7   0.1    37   106   233   301   211   306 0.82 -
8570_g               -            644 7668at5794           -            389   5.7e-09   35.4   0.1   1   1   3.2e-11   9.3e-09   34.7   0.1    37   106   233   301   211   306 0.82 -
10328_g              -            472 7668at5794           -            389   9.2e-09   34.7   8.2   1   3   1.4e-10   4.3e-08   32.5   0.1    40    85    17    62     3    65 0.90 -
10328_g              -            472 7668at5794           -            389   9.2e-09   34.7   8.2   2   3     0.016       4.8    6.0   0.0    79   106    77   105    71   113 0.83 -
10328_g              -            472 7668at5794           -            389   9.2e-09   34.7   8.2   3   3       4.4   1.3e+03   -2.0   1.4   225   245   268   286   233   305 0.48 -
12197_g              -            781 7668at5794           -            389   9.3e-09   34.7   7.6   1   2     8e-11   2.4e-08   33.3   0.1    38    85   324   371   297   374 0.74 -
12197_g              -            781 7668at5794           -            389   9.3e-09   34.7   7.6   2   2     0.029       8.6    5.1   0.0    79   106   386   414   380   420 0.83 -
5843_g               -            694 7668at5794           -            389   3.7e-08   32.7   0.1   1   1   1.3e-10   3.7e-08   32.7   0.1    39   106   380   446   361   448 0.77 -
6404_g               -            694 7668at5794           -            389   3.7e-08   32.7   0.1   1   1   1.3e-10   3.7e-08   32.7   0.1    39   106   380   446   361   448 0.77 -
7167_g               -            520 7668at5794           -            389   8.6e-08   31.5   0.0   1   3   2.9e-10   8.6e-08   31.5   0.0    55   106    66   118    62   124 0.87 -
7167_g               -            520 7668at5794           -            389   8.6e-08   31.5   0.0   2   3       5.6   1.7e+03   -2.4   8.6   192   262   154   224   140   247 0.77 -
7167_g               -            520 7668at5794           -            389   8.6e-08   31.5   0.0   3   3       1.8   5.3e+02   -0.8   0.9   186   232   358   402   343   424 0.62 -
7750_g               -            520 7668at5794           -            389   8.6e-08   31.5   0.0   1   3   2.9e-10   8.6e-08   31.5   0.0    55   106    66   118    62   124 0.87 -
7750_g               -            520 7668at5794           -            389   8.6e-08   31.5   0.0   2   3       5.6   1.7e+03   -2.4   8.6   192   262   154   224   140   247 0.77 -
7750_g               -            520 7668at5794           -            389   8.6e-08   31.5   0.0   3   3       1.8   5.3e+02   -0.8   0.9   186   232   358   402   343   424 0.62 -
12526_g              -            577 7668at5794           -            389   1.8e-06   27.1   0.1   1   1     1e-08     3e-06   26.4   0.1    57   106    81   126    71   128 0.81 -
9994_g               -            577 7668at5794           -            389   1.8e-06   27.1   0.1   1   1     1e-08     3e-06   26.4   0.1    57   106    81   126    71   128 0.81 -
4986_g               -            921 7668at5794           -            389   2.4e-05   23.4   0.0   1   1   1.3e-07   3.8e-05   22.8   0.0    33    78   834   879   820   908 0.82 -
5458_g               -            921 7668at5794           -            389   2.4e-05   23.4   0.0   1   1   1.3e-07   3.8e-05   22.8   0.0    33    78   834   879   820   908 0.82 -
2909_g               -            918 7668at5794           -            389   3.2e-05   23.0   0.0   1   1   1.1e-07   3.2e-05   23.0   0.0    44   107    12    72     5    74 0.91 -
3590_g               -            918 7668at5794           -            389   3.2e-05   23.0   0.0   1   1   1.1e-07   3.2e-05   23.0   0.0    44   107    12    72     5    74 0.91 -
3099_g               -           1057 7668at5794           -            389   0.00011   21.3   0.1   1   1   5.3e-07   0.00016   20.8   0.1   339   388   603   654   593   655 0.86 -
3780_g               -           1057 7668at5794           -            389   0.00011   21.3   0.1   1   1   5.3e-07   0.00016   20.8   0.1   339   388   603   654   593   655 0.86 -
2544_g               -            381 7668at5794           -            389   0.00037   19.5   0.3   1   1   1.3e-06   0.00037   19.5   0.3    41   106    13    94     8    96 0.71 -
3225_g               -            381 7668at5794           -            389   0.00037   19.5   0.3   1   1   1.3e-06   0.00037   19.5   0.3    41   106    13    94     8    96 0.71 -
760_g                -           1446 7668at5794           -            389   0.00067   18.7   0.0   1   1   3.9e-06    0.0012   17.9   0.0    43    83   977  1017   964  1024 0.88 -
415_g                -           1530 7668at5794           -            389   0.00072   18.6   0.0   1   1   4.2e-06    0.0012   17.8   0.0    43    83   977  1017   964  1024 0.88 -
6893_g               -            978 7668at5794           -            389    0.0024   16.8   0.0   1   1   1.5e-05    0.0043   16.0   0.0    47   107   236   295   229   296 0.83 -
8019_g               -            978 7668at5794           -            389    0.0024   16.8   0.0   1   1   1.5e-05    0.0043   16.0   0.0    47   107   236   295   229   296 0.83 -
5762_g               -            535 7668at5794           -            389    0.0033   16.4   0.2   1   1   2.3e-05    0.0069   15.3   0.2    55    94   486   529   477   532 0.72 -
6486_g               -            535 7668at5794           -            389    0.0033   16.4   0.2   1   1   2.3e-05    0.0069   15.3   0.2    55    94   486   529   477   532 0.72 -
6068_g               -           2333 7668at5794           -            389     0.005   15.8   2.7   1   2     0.018       5.2    5.9   0.9     4    63  2059  2123  2056  2127 0.69 -
6068_g               -           2333 7668at5794           -            389     0.005   15.8   2.7   2   2    0.0014      0.42    9.4   0.0    61   109  2184  2233  2178  2237 0.87 -
6184_g               -           2333 7668at5794           -            389     0.005   15.8   2.7   1   2     0.018       5.2    5.9   0.9     4    63  2059  2123  2056  2127 0.69 -
6184_g               -           2333 7668at5794           -            389     0.005   15.8   2.7   2   2    0.0014      0.42    9.4   0.0    61   109  2184  2233  2178  2237 0.87 -
2019_g               -            695 7668at5794           -            389     0.011   14.6   2.1   1   2     4e-05     0.012   14.6   0.1   137   213    54   131    14   139 0.76 -
2019_g               -            695 7668at5794           -            389     0.011   14.6   2.1   2   2       3.3   9.8e+02   -1.6   0.2   233   264   450   479   435   518 0.70 -
2240_g               -            695 7668at5794           -            389     0.011   14.6   2.1   1   2     4e-05     0.012   14.6   0.1   137   213    54   131    14   139 0.76 -
2240_g               -            695 7668at5794           -            389     0.011   14.6   2.1   2   2       3.3   9.8e+02   -1.6   0.2   233   264   450   479   435   518 0.70 -
13290_g              -            922 7668at5794           -            389     0.019   13.9   0.0   1   1    0.0001      0.03   13.2   0.0    45    79     8    42     3    48 0.91 -
9379_g               -            922 7668at5794           -            389     0.019   13.9   0.0   1   1    0.0001      0.03   13.2   0.0    45    79     8    42     3    48 0.91 -
4169_g               -            555 7668at5794           -            389     0.061   12.2   0.3   1   2    0.0081       2.4    7.0   0.0    46    79   280   313   264   322 0.89 -
4169_g               -            555 7668at5794           -            389     0.061   12.2   0.3   2   2      0.12        35    3.1   0.1    82   104   376   398   368   403 0.81 -
8949_g               -            555 7668at5794           -            389     0.061   12.2   0.3   1   2    0.0081       2.4    7.0   0.0    46    79   280   313   264   322 0.89 -
8949_g               -            555 7668at5794           -            389     0.061   12.2   0.3   2   2      0.12        35    3.1   0.1    82   104   376   398   368   403 0.81 -
#
# Program:         hmmsearch
# Version:         3.1b2 (February 2015)
# Pipeline mode:   SEARCH
# Query file:      /mnt/e/Bioinformatics/Semester2/BINP29/Malaria Project/Genomes/Parsed/busco_downloads/lineages/apicomplexa_odb10/hmms/7668at5794.hmm
# Target file:     /mnt/e/Bioinformatics/Semester2/BINP29/Malaria Project/Genomes/Parsed/Tg_new.faa
# Option settings: hmmsearch --domtblout /mnt/e/Bioinformatics/Semester2/BINP29/Malaria Project/Genomes/Parsed/Tg/run_apicomplexa_odb10/hmmer_output/initial_run_results/7668at5794.out --cpu 1 /mnt/e/Bioinformatics/Semester2/BINP29/Malaria Project/Genomes/Parsed/busco_downloads/lineages/apicomplexa_odb10/hmms/7668at5794.hmm /mnt/e/Bioinformatics/Semester2/BINP29/Malaria Project/Genomes/Parsed/Tg_new.faa 
# Current dir:     /mnt/e/Bioinformatics/Semester2/BINP29/Malaria Project/Genomes/Parsed
# Date:            Wed Mar  1 19:36:20 2023
# [ok]
