#                                                                            --- full sequence --- -------------- this domain -------------   hmm coord   ali coord   env coord
# target name        accession   tlen query name           accession   qlen   E-value  score  bias   #  of  c-Evalue  i-Evalue  score  bias  from    to  from    to  from    to  acc description of target
#------------------- ---------- ----- -------------------- ---------- ----- --------- ------ ----- --- --- --------- --------- ------ ----- ----- ----- ----- ----- ----- ----- ---- ---------------------
4502_g               -            848 8041at5794           -            443  1.2e-203  677.0   8.0   1   3  4.8e-164  3.8e-161  537.0   0.6     1   311   201   562   201   576 0.92 -
4502_g               -            848 8041at5794           -            443  1.2e-203  677.0   8.0   2   3     3e-12   2.4e-09   36.7   0.0   284   363   621   706   615   717 0.69 -
4502_g               -            848 8041at5794           -            443  1.2e-203  677.0   8.0   3   3   2.2e-33   1.8e-30  106.3   0.3   341   443   722   846   716   846 0.83 -
8517_g               -            848 8041at5794           -            443  1.2e-203  677.0   8.0   1   3  4.8e-164  3.8e-161  537.0   0.6     1   311   201   562   201   576 0.92 -
8517_g               -            848 8041at5794           -            443  1.2e-203  677.0   8.0   2   3     3e-12   2.4e-09   36.7   0.0   284   363   621   706   615   717 0.69 -
8517_g               -            848 8041at5794           -            443  1.2e-203  677.0   8.0   3   3   2.2e-33   1.8e-30  106.3   0.3   341   443   722   846   716   846 0.83 -
6760_g               -            671 8041at5794           -            443     3e-56  191.3  11.8   1   2   2.5e-30     2e-27   96.3   0.1    26   119   105   204    89   213 0.88 -
6760_g               -            671 8041at5794           -            443     3e-56  191.3  11.8   2   2   1.4e-29   1.1e-26   93.8   7.1   124   400   286   616   273   624 0.74 -
8152_g               -            671 8041at5794           -            443     3e-56  191.3  11.8   1   2   2.5e-30     2e-27   96.3   0.1    26   119   105   204    89   213 0.88 -
8152_g               -            671 8041at5794           -            443     3e-56  191.3  11.8   2   2   1.4e-29   1.1e-26   93.8   7.1   124   400   286   616   273   624 0.74 -
1809_g               -           1342 8041at5794           -            443   1.8e-50  172.2   4.5   1   4       1.8   1.4e+03   -2.1   0.0     4    39   589   624   587   636 0.82 -
1809_g               -           1342 8041at5794           -            443   1.8e-50  172.2   4.5   2   4       1.3     1e+03   -1.6   0.0   277   315   634   673   628   711 0.77 -
1809_g               -           1342 8041at5794           -            443   1.8e-50  172.2   4.5   3   4   3.7e-37   2.9e-34  118.8   0.1    35   300   752  1052   748  1066 0.80 -
1809_g               -           1342 8041at5794           -            443   1.8e-50  172.2   4.5   4   4   2.7e-17   2.1e-14   53.3   0.1   311   419  1144  1263  1132  1270 0.78 -
992_g                -           1342 8041at5794           -            443   1.8e-50  172.2   4.5   1   4       1.8   1.4e+03   -2.1   0.0     4    39   589   624   587   636 0.82 -
992_g                -           1342 8041at5794           -            443   1.8e-50  172.2   4.5   2   4       1.3     1e+03   -1.6   0.0   277   315   634   673   628   711 0.77 -
992_g                -           1342 8041at5794           -            443   1.8e-50  172.2   4.5   3   4   3.7e-37   2.9e-34  118.8   0.1    35   300   752  1052   748  1066 0.80 -
992_g                -           1342 8041at5794           -            443   1.8e-50  172.2   4.5   4   4   2.7e-17   2.1e-14   53.3   0.1   311   419  1144  1263  1132  1270 0.78 -
7103_g               -            569 8041at5794           -            443   3.1e-50  171.5  13.8   1   2     9e-07   0.00071   18.6   0.0     8    45    25    62    21    69 0.90 -
7103_g               -            569 8041at5794           -            443   3.1e-50  171.5  13.8   2   2   6.9e-47   5.5e-44  150.9  12.4    47   436    95   567    85   568 0.73 -
7813_g               -            569 8041at5794           -            443   3.1e-50  171.5  13.8   1   2     9e-07   0.00071   18.6   0.0     8    45    25    62    21    69 0.90 -
7813_g               -            569 8041at5794           -            443   3.1e-50  171.5  13.8   2   2   6.9e-47   5.5e-44  150.9  12.4    47   436    95   567    85   568 0.73 -
4939_g               -            832 8041at5794           -            443   2.6e-38  132.1  14.0   1   4   3.2e-10   2.5e-07   30.0   0.0    11    59    82   135    72   144 0.83 -
4939_g               -            832 8041at5794           -            443   2.6e-38  132.1  14.0   2   4   2.4e-21   1.9e-18   66.7   0.3    60   160   190   304   186   312 0.81 -
4939_g               -            832 8041at5794           -            443   2.6e-38  132.1  14.0   3   4       0.2   1.6e+02    1.0   0.1   168   240   466   545   461   557 0.61 -
4939_g               -            832 8041at5794           -            443   2.6e-38  132.1  14.0   4   4   4.3e-13   3.5e-10   39.5   2.2   299   435   662   826   651   831 0.68 -
5411_g               -            832 8041at5794           -            443   2.6e-38  132.1  14.0   1   4   3.2e-10   2.5e-07   30.0   0.0    11    59    82   135    72   144 0.83 -
5411_g               -            832 8041at5794           -            443   2.6e-38  132.1  14.0   2   4   2.4e-21   1.9e-18   66.7   0.3    60   160   190   304   186   312 0.81 -
5411_g               -            832 8041at5794           -            443   2.6e-38  132.1  14.0   3   4       0.2   1.6e+02    1.0   0.1   168   240   466   545   461   557 0.61 -
5411_g               -            832 8041at5794           -            443   2.6e-38  132.1  14.0   4   4   4.3e-13   3.5e-10   39.5   2.2   299   435   662   826   651   831 0.68 -
4729_g               -            506 8041at5794           -            443   2.3e-29  102.6  10.2   1   1   5.4e-31   4.3e-28   98.5  10.2    25   435    31   478    28   485 0.71 -
5201_g               -            506 8041at5794           -            443   2.3e-29  102.6  10.2   1   1   5.4e-31   4.3e-28   98.5  10.2    25   435    31   478    28   485 0.71 -
3903_g               -            973 8041at5794           -            443   2.5e-25   89.4   3.8   1   2   7.7e-27   6.1e-24   84.8   2.5    25   410   450   896   427   915 0.74 -
3903_g               -            973 8041at5794           -            443   2.5e-25   89.4   3.8   2   2       0.1        82    2.0   0.0   402   438   919   957   914   961 0.80 -
8683_g               -            973 8041at5794           -            443   2.5e-25   89.4   3.8   1   2   7.7e-27   6.1e-24   84.8   2.5    25   410   450   896   427   915 0.74 -
8683_g               -            973 8041at5794           -            443   2.5e-25   89.4   3.8   2   2       0.1        82    2.0   0.0   402   438   919   957   914   961 0.80 -
2004_g               -           1437 8041at5794           -            443   7.1e-18   64.8   0.0   1   3       4.4   3.5e+03   -3.4   0.0    27    44   541   558   533   559 0.85 -
2004_g               -           1437 8041at5794           -            443   7.1e-18   64.8   0.0   2   3   4.9e-15   3.9e-12   45.9   0.0    48   123   630   706   622   715 0.91 -
2004_g               -           1437 8041at5794           -            443   7.1e-18   64.8   0.0   3   3   7.2e-06    0.0057   15.7   0.0   329   395  1297  1369  1271  1430 0.73 -
2254_g               -           1437 8041at5794           -            443   7.1e-18   64.8   0.0   1   3       4.4   3.5e+03   -3.4   0.0    27    44   541   558   533   559 0.85 -
2254_g               -           1437 8041at5794           -            443   7.1e-18   64.8   0.0   2   3   4.9e-15   3.9e-12   45.9   0.0    48   123   630   706   622   715 0.91 -
2254_g               -           1437 8041at5794           -            443   7.1e-18   64.8   0.0   3   3   7.2e-06    0.0057   15.7   0.0   329   395  1297  1369  1271  1430 0.73 -
10917_g              -            576 8041at5794           -            443   1.3e-12   47.5   1.5   1   2   1.1e-12   9.1e-10   38.1   0.3    13   121    31   149    20   174 0.84 -
10917_g              -            576 8041at5794           -            443   1.3e-12   47.5   1.5   2   2    0.0012      0.99    8.3   0.0   298   395   387   493   371   512 0.81 -
11714_g              -            576 8041at5794           -            443   1.3e-12   47.5   1.5   1   2   1.1e-12   9.1e-10   38.1   0.3    13   121    31   149    20   174 0.84 -
11714_g              -            576 8041at5794           -            443   1.3e-12   47.5   1.5   2   2    0.0012      0.99    8.3   0.0   298   395   387   493   371   512 0.81 -
4333_g               -            958 8041at5794           -            443   7.2e-06   25.2   0.2   1   1   1.7e-08   1.4e-05   24.3   0.2    47   125     1    84     1   121 0.79 -
8275_g               -            958 8041at5794           -            443   7.2e-06   25.2   0.2   1   1   1.7e-08   1.4e-05   24.3   0.2    47   125     1    84     1   121 0.79 -
#
# Program:         hmmsearch
# Version:         3.1b2 (February 2015)
# Pipeline mode:   SEARCH
# Query file:      /mnt/e/Bioinformatics/Semester2/BINP29/Malaria Project/Genomes/Parsed/busco_downloads/lineages/apicomplexa_odb10/hmms/8041at5794.hmm
# Target file:     /mnt/e/Bioinformatics/Semester2/BINP29/Malaria Project/Genomes/Parsed/Tg_new.faa
# Option settings: hmmsearch --domtblout /mnt/e/Bioinformatics/Semester2/BINP29/Malaria Project/Genomes/Parsed/Tg/run_apicomplexa_odb10/hmmer_output/initial_run_results/8041at5794.out --cpu 1 /mnt/e/Bioinformatics/Semester2/BINP29/Malaria Project/Genomes/Parsed/busco_downloads/lineages/apicomplexa_odb10/hmms/8041at5794.hmm /mnt/e/Bioinformatics/Semester2/BINP29/Malaria Project/Genomes/Parsed/Tg_new.faa 
# Current dir:     /mnt/e/Bioinformatics/Semester2/BINP29/Malaria Project/Genomes/Parsed
# Date:            Wed Mar  1 19:36:22 2023
# [ok]
