#                                                                            --- full sequence --- -------------- this domain -------------   hmm coord   ali coord   env coord
# target name        accession   tlen query name           accession   qlen   E-value  score  bias   #  of  c-Evalue  i-Evalue  score  bias  from    to  from    to  from    to  acc description of target
#------------------- ---------- ----- -------------------- ---------- ----- --------- ------ ----- --- --- --------- --------- ------ ----- ----- ----- ----- ----- ----- ----- ---- ---------------------
2998_g               -           1272 8643at5794           -            522  8.5e-254  842.4   2.1   1   4        10   1.7e+03   -3.3   0.3     1    31   370   399   370   405 0.66 -
2998_g               -           1272 8643at5794           -            522  8.5e-254  842.4   2.1   2   4  2.2e-184  3.8e-182  606.0   0.0    17   374   500   879   480   890 0.92 -
2998_g               -           1272 8643at5794           -            522  8.5e-254  842.4   2.1   3   4   4.3e-57   7.3e-55  186.0   0.0   376   478  1056  1155  1051  1167 0.94 -
2998_g               -           1272 8643at5794           -            522  8.5e-254  842.4   2.1   4   4   2.7e-15   4.6e-13   48.1   0.1   466   518  1209  1264  1202  1271 0.85 -
3679_g               -           1272 8643at5794           -            522  8.5e-254  842.4   2.1   1   4        10   1.7e+03   -3.3   0.3     1    31   370   399   370   405 0.66 -
3679_g               -           1272 8643at5794           -            522  8.5e-254  842.4   2.1   2   4  2.2e-184  3.8e-182  606.0   0.0    17   374   500   879   480   890 0.92 -
3679_g               -           1272 8643at5794           -            522  8.5e-254  842.4   2.1   3   4   4.3e-57   7.3e-55  186.0   0.0   376   478  1056  1155  1051  1167 0.94 -
3679_g               -           1272 8643at5794           -            522  8.5e-254  842.4   2.1   4   4   2.7e-15   4.6e-13   48.1   0.1   466   518  1209  1264  1202  1271 0.85 -
1027_g               -           1172 8643at5794           -            522  2.9e-104  349.0   4.6   1   1  1.9e-106  3.3e-104  348.9   0.0    86   461   749  1149   650  1162 0.86 -
1844_g               -           1172 8643at5794           -            522  2.9e-104  349.0   4.6   1   1  1.9e-106  3.3e-104  348.9   0.0    86   461   749  1149   650  1162 0.86 -
13500_g              -            735 8643at5794           -            522  6.7e-103  344.5   0.0   1   2   4.1e-39   6.9e-37  126.7   0.0   100   266   235   419   216   421 0.85 -
13500_g              -            735 8643at5794           -            522  6.7e-103  344.5   0.0   2   2   6.3e-66   1.1e-63  215.2   0.0   267   465   447   645   444   671 0.94 -
9166_g               -            735 8643at5794           -            522  6.7e-103  344.5   0.0   1   2   4.1e-39   6.9e-37  126.7   0.0   100   266   235   419   216   421 0.85 -
9166_g               -            735 8643at5794           -            522  6.7e-103  344.5   0.0   2   2   6.3e-66   1.1e-63  215.2   0.0   267   465   447   645   444   671 0.94 -
10136_g              -           3845 8643at5794           -            522  4.1e-101  338.6   0.0   1   1  4.4e-103  7.5e-101  337.8   0.0    77   436   357   741   343   777 0.89 -
12385_g              -           3845 8643at5794           -            522  4.1e-101  338.6   0.0   1   1  4.4e-103  7.5e-101  337.8   0.0    77   436   357   741   343   777 0.89 -
13109_g              -            657 8643at5794           -            522  5.4e-101  338.2   0.0   1   2   8.1e-67   1.4e-64  218.1   0.0    59   314    89   357    68   372 0.88 -
13109_g              -            657 8643at5794           -            522  5.4e-101  338.2   0.0   2   2   1.8e-36   3.1e-34  118.0   0.0   344   467   495   617   489   639 0.90 -
9557_g               -            657 8643at5794           -            522  5.4e-101  338.2   0.0   1   2   8.1e-67   1.4e-64  218.1   0.0    59   314    89   357    68   372 0.88 -
9557_g               -            657 8643at5794           -            522  5.4e-101  338.2   0.0   2   2   1.8e-36   3.1e-34  118.0   0.0   344   467   495   617   489   639 0.90 -
1666_g               -           1793 8643at5794           -            522   1.3e-78  264.3   3.2   1   4     0.016       2.7    6.0   0.0    69   108   946   986   908   991 0.80 -
1666_g               -           1793 8643at5794           -            522   1.3e-78  264.3   3.2   2   4   9.4e-15   1.6e-12   46.3   0.1   105   162  1046  1104  1026  1109 0.79 -
1666_g               -           1793 8643at5794           -            522   1.3e-78  264.3   3.2   3   4   2.2e-39   3.7e-37  127.6   0.0   172   351  1181  1371  1170  1373 0.90 -
1666_g               -           1793 8643at5794           -            522   1.3e-78  264.3   3.2   4   4   2.1e-25   3.5e-23   81.5   0.0   378   511  1516  1652  1508  1661 0.84 -
849_g                -           1793 8643at5794           -            522   1.3e-78  264.3   3.2   1   4     0.016       2.7    6.0   0.0    69   108   946   986   908   991 0.80 -
849_g                -           1793 8643at5794           -            522   1.3e-78  264.3   3.2   2   4   9.4e-15   1.6e-12   46.3   0.1   105   162  1046  1104  1026  1109 0.79 -
849_g                -           1793 8643at5794           -            522   1.3e-78  264.3   3.2   3   4   2.2e-39   3.7e-37  127.6   0.0   172   351  1181  1371  1170  1373 0.90 -
849_g                -           1793 8643at5794           -            522   1.3e-78  264.3   3.2   4   4   2.1e-25   3.5e-23   81.5   0.0   378   511  1516  1652  1508  1661 0.84 -
11116_g              -            413 8643at5794           -            522   2.5e-76  256.9   1.4   1   1   1.9e-78   3.2e-76  256.5   1.4    92   440    36   388    26   401 0.91 -
11913_g              -            413 8643at5794           -            522   2.5e-76  256.9   1.4   1   1   1.9e-78   3.2e-76  256.5   1.4    92   440    36   388    26   401 0.91 -
1128_g               -            471 8643at5794           -            522   1.2e-73  248.0   0.1   1   2   2.3e-29   3.8e-27   94.6   0.0   123   263    44   183    40   201 0.88 -
1128_g               -            471 8643at5794           -            522   1.2e-73  248.0   0.1   2   2   1.3e-46   2.2e-44  151.4   0.0   268   473   214   422   202   464 0.87 -
1510_g               -            471 8643at5794           -            522   1.2e-73  248.0   0.1   1   2   2.3e-29   3.8e-27   94.6   0.0   123   263    44   183    40   201 0.88 -
1510_g               -            471 8643at5794           -            522   1.2e-73  248.0   0.1   2   2   1.3e-46   2.2e-44  151.4   0.0   268   473   214   422   202   464 0.87 -
10112_g              -            570 8643at5794           -            522   2.5e-73  247.0   0.0   1   1   1.9e-75   3.1e-73  246.6   0.0    95   434    85   433     2   447 0.89 -
12409_g              -            570 8643at5794           -            522   2.5e-73  247.0   0.0   1   1   1.9e-75   3.1e-73  246.6   0.0    95   434    85   433     2   447 0.89 -
2497_g               -            480 8643at5794           -            522     5e-73  246.0   0.4   1   1   3.7e-75   6.2e-73  245.6   0.4   116   440    73   402    49   462 0.91 -
3178_g               -            480 8643at5794           -            522     5e-73  246.0   0.4   1   1   3.7e-75   6.2e-73  245.6   0.4   116   440    73   402    49   462 0.91 -
10648_g              -            963 8643at5794           -            522   3.1e-69  233.4   0.1   1   2   8.4e-41   1.4e-38  132.3   0.0    97   296   226   444   212   458 0.85 -
10648_g              -            963 8643at5794           -            522   3.1e-69  233.4   0.1   2   2   1.2e-30     2e-28   98.8   0.0   305   441   478   616   460   633 0.84 -
11445_g              -            963 8643at5794           -            522   3.1e-69  233.4   0.1   1   2   8.4e-41   1.4e-38  132.3   0.0    97   296   226   444   212   458 0.85 -
11445_g              -            963 8643at5794           -            522   3.1e-69  233.4   0.1   2   2   1.2e-30     2e-28   98.8   0.0   305   441   478   616   460   633 0.84 -
10113_g              -            454 8643at5794           -            522     3e-67  226.9   0.2   1   1   2.4e-69     4e-67  226.5   0.2    95   436   102   445    88   450 0.91 -
12408_g              -            454 8643at5794           -            522     3e-67  226.9   0.2   1   1   2.4e-69     4e-67  226.5   0.2    95   436   102   445    88   450 0.91 -
10435_g              -            435 8643at5794           -            522   4.9e-65  219.6   1.4   1   1   3.7e-67   6.3e-65  219.2   1.4    90   449    39   414    19   431 0.86 -
12824_g              -            435 8643at5794           -            522   4.9e-65  219.6   1.4   1   1   3.7e-67   6.3e-65  219.2   1.4    90   449    39   414    19   431 0.86 -
6071_g               -           1024 8643at5794           -            522   2.9e-63  213.7   0.1   1   2     0.078        13    3.7   0.0    95   135   671   712   657   717 0.88 -
6071_g               -           1024 8643at5794           -            522   2.9e-63  213.7   0.1   2   2     9e-64   1.5e-61  208.1   0.1   166   450   717  1008   713  1022 0.91 -
6181_g               -           1036 8643at5794           -            522     3e-63  213.7   0.1   1   2     0.079        13    3.7   0.0    95   135   683   724   669   729 0.88 -
6181_g               -           1036 8643at5794           -            522     3e-63  213.7   0.1   2   2   9.2e-64   1.5e-61  208.0   0.1   166   450   729  1020   725  1034 0.91 -
5574_g               -           1306 8643at5794           -            522   2.2e-61  207.6   1.3   1   4   8.8e-06    0.0015   16.7   0.0   129   160   719   750   712   768 0.80 -
5574_g               -           1306 8643at5794           -            522   2.2e-61  207.6   1.3   2   4   7.4e-10   1.2e-07   30.2   0.1   157   230   836   909   832   915 0.89 -
5574_g               -           1306 8643at5794           -            522   2.2e-61  207.6   1.3   3   4   7.5e-14   1.3e-11   43.3   0.0   211   284   970  1048   961  1082 0.82 -
5574_g               -           1306 8643at5794           -            522   2.2e-61  207.6   1.3   4   4   7.3e-35   1.2e-32  112.7   0.0   322   465  1160  1302  1133  1304 0.87 -
6674_g               -           1394 8643at5794           -            522     3e-61  207.1   1.3   1   4   9.4e-06    0.0016   16.6   0.0   129   160   807   838   800   856 0.80 -
6674_g               -           1394 8643at5794           -            522     3e-61  207.1   1.3   2   4   7.9e-10   1.3e-07   30.1   0.1   157   230   924   997   920  1003 0.89 -
6674_g               -           1394 8643at5794           -            522     3e-61  207.1   1.3   3   4   8.1e-14   1.4e-11   43.2   0.0   211   284  1058  1136  1049  1170 0.82 -
6674_g               -           1394 8643at5794           -            522     3e-61  207.1   1.3   4   4     8e-35   1.4e-32  112.5   0.0   322   465  1248  1390  1221  1392 0.87 -
454_g                -           2500 8643at5794           -            522     9e-61  205.5   0.1   1   2   2.1e-47   3.5e-45  154.1   0.1   116   380  1222  1492  1199  1496 0.91 -
454_g                -           2500 8643at5794           -            522     9e-61  205.5   0.1   2   2   1.4e-15   2.4e-13   49.0   0.0   379   436  1550  1607  1548  1622 0.93 -
720_g                -           2500 8643at5794           -            522     9e-61  205.5   0.1   1   2   2.1e-47   3.5e-45  154.1   0.1   116   380  1222  1492  1199  1496 0.91 -
720_g                -           2500 8643at5794           -            522     9e-61  205.5   0.1   2   2   1.4e-15   2.4e-13   49.0   0.0   379   436  1550  1607  1548  1622 0.93 -
142_g                -            615 8643at5794           -            522     2e-59  201.1   0.0   1   1   1.6e-61   2.7e-59  200.6   0.0    96   436   257   613   253   614 0.90 -
249_g                -            615 8643at5794           -            522     2e-59  201.1   0.0   1   1   1.6e-61   2.7e-59  200.6   0.0    96   436   257   613   253   614 0.90 -
12664_g              -            841 8643at5794           -            522     1e-58  198.7   0.0   1   1   1.3e-60   2.2e-58  197.7   0.0    98   434   118   488   112   494 0.83 -
9860_g               -            841 8643at5794           -            522     1e-58  198.7   0.0   1   1   1.3e-60   2.2e-58  197.7   0.0    98   434   118   488   112   494 0.83 -
2611_g               -            842 8643at5794           -            522   3.2e-56  190.5   0.3   1   2   2.7e-30   4.6e-28   97.6   0.0   115   264   279   432   258   444 0.81 -
2611_g               -            842 8643at5794           -            522   3.2e-56  190.5   0.3   2   2   2.9e-28   4.8e-26   90.9   0.1   270   436   509   681   497   690 0.88 -
3292_g               -            842 8643at5794           -            522   3.2e-56  190.5   0.3   1   2   2.7e-30   4.6e-28   97.6   0.0   115   264   279   432   258   444 0.81 -
3292_g               -            842 8643at5794           -            522   3.2e-56  190.5   0.3   2   2   2.9e-28   4.8e-26   90.9   0.1   270   436   509   681   497   690 0.88 -
7260_g               -            955 8643at5794           -            522   1.5e-46  158.6   2.1   1   4     1e-09   1.7e-07   29.7   0.0   104   164   242   304   234   308 0.86 -
7260_g               -            955 8643at5794           -            522   1.5e-46  158.6   2.1   2   4   2.2e-14   3.8e-12   45.1   0.1   164   236   376   452   371   466 0.86 -
7260_g               -            955 8643at5794           -            522   1.5e-46  158.6   2.1   3   4   0.00057     0.096   10.7   0.1   234   266   504   536   496   540 0.88 -
7260_g               -            955 8643at5794           -            522   1.5e-46  158.6   2.1   4   4     1e-21   1.7e-19   69.3   0.0   356   504   748   898   743   915 0.83 -
7659_g               -            955 8643at5794           -            522   1.5e-46  158.6   2.1   1   4     1e-09   1.7e-07   29.7   0.0   104   164   242   304   234   308 0.86 -
7659_g               -            955 8643at5794           -            522   1.5e-46  158.6   2.1   2   4   2.2e-14   3.8e-12   45.1   0.1   164   236   376   452   371   466 0.86 -
7659_g               -            955 8643at5794           -            522   1.5e-46  158.6   2.1   3   4   0.00057     0.096   10.7   0.1   234   266   504   536   496   540 0.88 -
7659_g               -            955 8643at5794           -            522   1.5e-46  158.6   2.1   4   4     1e-21   1.7e-19   69.3   0.0   356   504   748   898   743   915 0.83 -
1606_g               -            603 8643at5794           -            522   2.5e-44  151.2   0.1   1   4   3.4e-16   5.7e-14   51.1   0.0    88   200   117   226    81   235 0.78 -
1606_g               -            603 8643at5794           -            522   2.5e-44  151.2   0.1   2   4   4.9e-12   8.2e-10   37.4   0.0   217   288   263   339   248   361 0.85 -
1606_g               -            603 8643at5794           -            522   2.5e-44  151.2   0.1   3   4   2.2e-10   3.8e-08   31.9   0.0   365   409   449   493   411   510 0.89 -
1606_g               -            603 8643at5794           -            522   2.5e-44  151.2   0.1   4   4   1.8e-08   3.1e-06   25.6   0.0   410   447   540   576   537   598 0.81 -
789_g                -            603 8643at5794           -            522   2.5e-44  151.2   0.1   1   4   3.4e-16   5.7e-14   51.1   0.0    88   200   117   226    81   235 0.78 -
789_g                -            603 8643at5794           -            522   2.5e-44  151.2   0.1   2   4   4.9e-12   8.2e-10   37.4   0.0   217   288   263   339   248   361 0.85 -
789_g                -            603 8643at5794           -            522   2.5e-44  151.2   0.1   3   4   2.2e-10   3.8e-08   31.9   0.0   365   409   449   493   411   510 0.89 -
789_g                -            603 8643at5794           -            522   2.5e-44  151.2   0.1   4   4   1.8e-08   3.1e-06   25.6   0.0   410   447   540   576   537   598 0.81 -
4521_g               -           1248 8643at5794           -            522   4.9e-41  140.4  12.0   1   4   1.2e-18     2e-16   59.2   0.0    97   189    76   168    68   175 0.88 -
4521_g               -           1248 8643at5794           -            522   4.9e-41  140.4  12.0   2   4   9.3e-10   1.6e-07   29.8   0.0   243   285   336   381   328   386 0.89 -
4521_g               -           1248 8643at5794           -            522   4.9e-41  140.4  12.0   3   4   1.1e-10   1.9e-08   32.9   0.0   297   399   430   535   416   576 0.85 -
4521_g               -           1248 8643at5794           -            522   4.9e-41  140.4  12.0   4   4   5.4e-08   9.2e-06   24.0   0.0   399   436   580   617   570   633 0.85 -
8536_g               -           1248 8643at5794           -            522   4.9e-41  140.4  12.0   1   4   1.2e-18     2e-16   59.2   0.0    97   189    76   168    68   175 0.88 -
8536_g               -           1248 8643at5794           -            522   4.9e-41  140.4  12.0   2   4   9.3e-10   1.6e-07   29.8   0.0   243   285   336   381   328   386 0.89 -
8536_g               -           1248 8643at5794           -            522   4.9e-41  140.4  12.0   3   4   1.1e-10   1.9e-08   32.9   0.0   297   399   430   535   416   576 0.85 -
8536_g               -           1248 8643at5794           -            522   4.9e-41  140.4  12.0   4   4   5.4e-08   9.2e-06   24.0   0.0   399   436   580   617   570   633 0.85 -
5878_g               -            993 8643at5794           -            522   2.5e-40  138.1   0.0   1   2   7.8e-28   1.3e-25   89.5   0.0   123   390   323   615   316   617 0.78 -
5878_g               -            993 8643at5794           -            522   2.5e-40  138.1   0.0   2   2   1.1e-14   1.8e-12   46.1   0.0   392   451   709   768   705   838 0.74 -
6372_g               -            993 8643at5794           -            522   2.5e-40  138.1   0.0   1   2   7.8e-28   1.3e-25   89.5   0.0   123   390   323   615   316   617 0.78 -
6372_g               -            993 8643at5794           -            522   2.5e-40  138.1   0.0   2   2   1.1e-14   1.8e-12   46.1   0.0   392   451   709   768   705   838 0.74 -
5557_g               -            976 8643at5794           -            522   2.7e-38  131.4   0.0   1   2   4.3e-19   7.3e-17   60.6   0.0   136   281   255   421   251   427 0.74 -
5557_g               -            976 8643at5794           -            522   2.7e-38  131.4   0.0   2   2   1.4e-20   2.4e-18   65.5   0.0   286   426   507   654   474   656 0.80 -
6691_g               -            976 8643at5794           -            522   2.7e-38  131.4   0.0   1   2   4.3e-19   7.3e-17   60.6   0.0   136   281   255   421   251   427 0.74 -
6691_g               -            976 8643at5794           -            522   2.7e-38  131.4   0.0   2   2   1.4e-20   2.4e-18   65.5   0.0   286   426   507   654   474   656 0.80 -
13495_g              -           1073 8643at5794           -            522   4.2e-38  130.7   0.0   1   4   3.9e-09   6.5e-07   27.8   0.0    96   159   302   366   292   374 0.86 -
13495_g              -           1073 8643at5794           -            522   4.2e-38  130.7   0.0   2   4   1.6e-07   2.6e-05   22.5   0.0   166   263   407   513   398   519 0.79 -
13495_g              -           1073 8643at5794           -            522   4.2e-38  130.7   0.0   3   4     0.072        12    3.8   0.0   267   297   548   578   540   586 0.88 -
13495_g              -           1073 8643at5794           -            522   4.2e-38  130.7   0.0   4   4   3.3e-22   5.5e-20   70.9   0.0   327   434   706   813   692   826 0.90 -
9171_g               -           1073 8643at5794           -            522   4.2e-38  130.7   0.0   1   4   3.9e-09   6.5e-07   27.8   0.0    96   159   302   366   292   374 0.86 -
9171_g               -           1073 8643at5794           -            522   4.2e-38  130.7   0.0   2   4   1.6e-07   2.6e-05   22.5   0.0   166   263   407   513   398   519 0.79 -
9171_g               -           1073 8643at5794           -            522   4.2e-38  130.7   0.0   3   4     0.072        12    3.8   0.0   267   297   548   578   540   586 0.88 -
9171_g               -           1073 8643at5794           -            522   4.2e-38  130.7   0.0   4   4   3.3e-22   5.5e-20   70.9   0.0   327   434   706   813   692   826 0.90 -
1710_g               -           1767 8643at5794           -            522     3e-35  121.3   0.1   1   4   4.3e-09   7.3e-07   27.6   0.0   101   154   594   648   588   665 0.82 -
1710_g               -           1767 8643at5794           -            522     3e-35  121.3   0.1   2   4   2.3e-07   3.9e-05   21.9   0.0   166   225   682   741   674   743 0.90 -
1710_g               -           1767 8643at5794           -            522     3e-35  121.3   0.1   3   4   1.8e-14   3.1e-12   45.4   0.0   215   296   766   861   750   866 0.83 -
1710_g               -           1767 8643at5794           -            522     3e-35  121.3   0.1   4   4   2.3e-05    0.0039   15.3   0.1   328   401  1057  1150  1044  1153 0.75 -
893_g                -           1767 8643at5794           -            522     3e-35  121.3   0.1   1   4   4.3e-09   7.3e-07   27.6   0.0   101   154   594   648   588   665 0.82 -
893_g                -           1767 8643at5794           -            522     3e-35  121.3   0.1   2   4   2.3e-07   3.9e-05   21.9   0.0   166   225   682   741   674   743 0.90 -
893_g                -           1767 8643at5794           -            522     3e-35  121.3   0.1   3   4   1.8e-14   3.1e-12   45.4   0.0   215   296   766   861   750   866 0.83 -
893_g                -           1767 8643at5794           -            522     3e-35  121.3   0.1   4   4   2.3e-05    0.0039   15.3   0.1   328   401  1057  1150  1044  1153 0.75 -
4858_g               -           1901 8643at5794           -            522   6.2e-35  120.3   0.0   1   5   1.1e-09   1.9e-07   29.6   0.0    74   137   532   598   507   603 0.86 -
4858_g               -           1901 8643at5794           -            522   6.2e-35  120.3   0.0   2   5      0.07        12    3.8   0.0   136   164   661   687   657   698 0.69 -
4858_g               -           1901 8643at5794           -            522   6.2e-35  120.3   0.0   3   5   1.7e-07   2.9e-05   22.4   0.0   177   252   805   892   795   899 0.81 -
4858_g               -           1901 8643at5794           -            522   6.2e-35  120.3   0.0   4   5      0.36        60    1.5   0.1   357   377  1263  1283  1256  1288 0.85 -
4858_g               -           1901 8643at5794           -            522   6.2e-35  120.3   0.0   5   5   2.5e-17   4.2e-15   54.8   0.0   383   449  1310  1377  1306  1407 0.83 -
5330_g               -           1901 8643at5794           -            522   6.2e-35  120.3   0.0   1   5   1.1e-09   1.9e-07   29.6   0.0    74   137   532   598   507   603 0.86 -
5330_g               -           1901 8643at5794           -            522   6.2e-35  120.3   0.0   2   5      0.07        12    3.8   0.0   136   164   661   687   657   698 0.69 -
5330_g               -           1901 8643at5794           -            522   6.2e-35  120.3   0.0   3   5   1.7e-07   2.9e-05   22.4   0.0   177   252   805   892   795   899 0.81 -
5330_g               -           1901 8643at5794           -            522   6.2e-35  120.3   0.0   4   5      0.36        60    1.5   0.1   357   377  1263  1283  1256  1288 0.85 -
5330_g               -           1901 8643at5794           -            522   6.2e-35  120.3   0.0   5   5   2.5e-17   4.2e-15   54.8   0.0   383   449  1310  1377  1306  1407 0.83 -
11141_g              -           1620 8643at5794           -            522   5.9e-33  113.7   0.1   1   5   1.7e-08   2.9e-06   25.7   0.1   140   200   540   605   533   644 0.80 -
11141_g              -           1620 8643at5794           -            522   5.9e-33  113.7   0.1   2   5   4.6e-11   7.7e-09   34.2   0.0   206   265   714   774   703   779 0.86 -
11141_g              -           1620 8643at5794           -            522   5.9e-33  113.7   0.1   3   5       3.5   5.9e+02   -1.8   0.0   134   149   984   999   981  1018 0.89 -
11141_g              -           1620 8643at5794           -            522   5.9e-33  113.7   0.1   4   5   9.3e-06    0.0016   16.6   0.0   344   398  1093  1148  1087  1157 0.87 -
11141_g              -           1620 8643at5794           -            522   5.9e-33  113.7   0.1   5   5   6.3e-10   1.1e-07   30.4   0.0   398   434  1239  1275  1235  1284 0.89 -
11938_g              -           1620 8643at5794           -            522   5.9e-33  113.7   0.1   1   5   1.7e-08   2.9e-06   25.7   0.1   140   200   540   605   533   644 0.80 -
11938_g              -           1620 8643at5794           -            522   5.9e-33  113.7   0.1   2   5   4.6e-11   7.7e-09   34.2   0.0   206   265   714   774   703   779 0.86 -
11938_g              -           1620 8643at5794           -            522   5.9e-33  113.7   0.1   3   5       3.5   5.9e+02   -1.8   0.0   134   149   984   999   981  1018 0.89 -
11938_g              -           1620 8643at5794           -            522   5.9e-33  113.7   0.1   4   5   9.3e-06    0.0016   16.6   0.0   344   398  1093  1148  1087  1157 0.87 -
11938_g              -           1620 8643at5794           -            522   5.9e-33  113.7   0.1   5   5   6.3e-10   1.1e-07   30.4   0.0   398   434  1239  1275  1235  1284 0.89 -
5812_g               -           1542 8643at5794           -            522   2.2e-32  111.8   0.0   1   4   0.00021     0.036   12.1   0.0    90   164   936  1021   933  1048 0.73 -
5812_g               -           1542 8643at5794           -            522   2.2e-32  111.8   0.0   2   4      0.41        68    1.3   0.0   164   191  1082  1109  1073  1116 0.81 -
5812_g               -           1542 8643at5794           -            522   2.2e-32  111.8   0.0   3   4   3.1e-09   5.2e-07   28.1   0.0   191   266  1148  1229  1132  1237 0.79 -
5812_g               -           1542 8643at5794           -            522   2.2e-32  111.8   0.0   4   4   3.3e-20   5.6e-18   64.3   0.0   356   439  1390  1473  1325  1489 0.89 -
6437_g               -           1542 8643at5794           -            522   2.2e-32  111.8   0.0   1   4   0.00021     0.036   12.1   0.0    90   164   936  1021   933  1048 0.73 -
6437_g               -           1542 8643at5794           -            522   2.2e-32  111.8   0.0   2   4      0.41        68    1.3   0.0   164   191  1082  1109  1073  1116 0.81 -
6437_g               -           1542 8643at5794           -            522   2.2e-32  111.8   0.0   3   4   3.1e-09   5.2e-07   28.1   0.0   191   266  1148  1229  1132  1237 0.79 -
6437_g               -           1542 8643at5794           -            522   2.2e-32  111.8   0.0   4   4   3.3e-20   5.6e-18   64.3   0.0   356   439  1390  1473  1325  1489 0.89 -
2053_g               -           1625 8643at5794           -            522   2.2e-24   85.4   1.3   1   4   1.3e-05    0.0022   16.1   0.1   138   191   595   654   591   662 0.76 -
2053_g               -           1625 8643at5794           -            522   2.2e-24   85.4   1.3   2   4    0.0013      0.22    9.5   0.0   234   262   851   879   845   888 0.84 -
2053_g               -           1625 8643at5794           -            522   2.2e-24   85.4   1.3   3   4     0.089        15    3.5   0.0   268   318   924   976   919   992 0.73 -
2053_g               -           1625 8643at5794           -            522   2.2e-24   85.4   1.3   4   4   4.1e-16   6.9e-14   50.8   0.0   360   423  1243  1306  1237  1311 0.94 -
2205_g               -           1625 8643at5794           -            522   2.2e-24   85.4   1.3   1   4   1.3e-05    0.0022   16.1   0.1   138   191   595   654   591   662 0.76 -
2205_g               -           1625 8643at5794           -            522   2.2e-24   85.4   1.3   2   4    0.0013      0.22    9.5   0.0   234   262   851   879   845   888 0.84 -
2205_g               -           1625 8643at5794           -            522   2.2e-24   85.4   1.3   3   4     0.089        15    3.5   0.0   268   318   924   976   919   992 0.73 -
2205_g               -           1625 8643at5794           -            522   2.2e-24   85.4   1.3   4   4   4.1e-16   6.9e-14   50.8   0.0   360   423  1243  1306  1237  1311 0.94 -
4721_g               -           1057 8643at5794           -            522   1.1e-22   79.8   0.0   1   4   8.8e-06    0.0015   16.7   0.0   125   155   156   186   146   198 0.87 -
4721_g               -           1057 8643at5794           -            522   1.1e-22   79.8   0.0   2   4      0.08        14    3.7   0.0   171   195   309   333   299   354 0.84 -
4721_g               -           1057 8643at5794           -            522   1.1e-22   79.8   0.0   3   4   1.6e-08   2.6e-06   25.8   0.0   212   269   417   481   406   498 0.82 -
4721_g               -           1057 8643at5794           -            522   1.1e-22   79.8   0.0   4   4   3.8e-09   6.4e-07   27.8   0.0   356   410   636   692   633   695 0.87 -
5193_g               -           1057 8643at5794           -            522   1.1e-22   79.8   0.0   1   4   8.8e-06    0.0015   16.7   0.0   125   155   156   186   146   198 0.87 -
5193_g               -           1057 8643at5794           -            522   1.1e-22   79.8   0.0   2   4      0.08        14    3.7   0.0   171   195   309   333   299   354 0.84 -
5193_g               -           1057 8643at5794           -            522   1.1e-22   79.8   0.0   3   4   1.6e-08   2.6e-06   25.8   0.0   212   269   417   481   406   498 0.82 -
5193_g               -           1057 8643at5794           -            522   1.1e-22   79.8   0.0   4   4   3.8e-09   6.4e-07   27.8   0.0   356   410   636   692   633   695 0.87 -
4813_g               -           1835 8643at5794           -            522   3.4e-21   74.9   0.0   1   4     4e-08   6.7e-06   24.5   0.0    93   157   437   502   426   514 0.89 -
4813_g               -           1835 8643at5794           -            522   3.4e-21   74.9   0.0   2   4       2.7   4.6e+02   -1.4   0.0   213   252   950   989   937  1005 0.77 -
4813_g               -           1835 8643at5794           -            522   3.4e-21   74.9   0.0   3   4       2.3   3.8e+02   -1.1   0.0   301   375  1190  1266  1180  1271 0.80 -
4813_g               -           1835 8643at5794           -            522   3.4e-21   74.9   0.0   4   4   1.8e-14     3e-12   45.4   0.0   383   427  1316  1360  1309  1370 0.92 -
5285_g               -           1835 8643at5794           -            522   3.4e-21   74.9   0.0   1   4     4e-08   6.7e-06   24.5   0.0    93   157   437   502   426   514 0.89 -
5285_g               -           1835 8643at5794           -            522   3.4e-21   74.9   0.0   2   4       2.7   4.6e+02   -1.4   0.0   213   252   950   989   937  1005 0.77 -
5285_g               -           1835 8643at5794           -            522   3.4e-21   74.9   0.0   3   4       2.3   3.8e+02   -1.1   0.0   301   375  1190  1266  1180  1271 0.80 -
5285_g               -           1835 8643at5794           -            522   3.4e-21   74.9   0.0   4   4   1.8e-14     3e-12   45.4   0.0   383   427  1316  1360  1309  1370 0.92 -
781_g                -            983 8643at5794           -            522   8.1e-21   73.7   0.2   1   3     0.044       7.4    4.5   0.0    96   137     3    45     1    53 0.85 -
781_g                -            983 8643at5794           -            522   8.1e-21   73.7   0.2   2   3   2.1e-09   3.5e-07   28.7   0.0   165   278   404   538   393   561 0.73 -
781_g                -            983 8643at5794           -            522   8.1e-21   73.7   0.2   3   3   9.4e-12   1.6e-09   36.4   0.0   371   436   911   976   902   981 0.87 -
13291_g              -           4933 8643at5794           -            522   6.1e-19   67.5   0.0   1   3   1.4e-08   2.4e-06   26.0   0.0   138   196   947  1009   939  1014 0.83 -
13291_g              -           4933 8643at5794           -            522   6.1e-19   67.5   0.0   2   3   3.2e-06   0.00054   18.2   0.0   195   252  1042  1109  1030  1113 0.77 -
13291_g              -           4933 8643at5794           -            522   6.1e-19   67.5   0.0   3   3   1.6e-06   0.00028   19.1   0.0   365   443  1652  1731  1647  1738 0.78 -
9378_g               -           4933 8643at5794           -            522   6.1e-19   67.5   0.0   1   3   1.4e-08   2.4e-06   26.0   0.0   138   196   947  1009   939  1014 0.83 -
9378_g               -           4933 8643at5794           -            522   6.1e-19   67.5   0.0   2   3   3.2e-06   0.00054   18.2   0.0   195   252  1042  1109  1030  1113 0.77 -
9378_g               -           4933 8643at5794           -            522   6.1e-19   67.5   0.0   3   3   1.6e-06   0.00028   19.1   0.0   365   443  1652  1731  1647  1738 0.78 -
5875_g               -           1652 8643at5794           -            522   3.1e-15   55.3   0.0   1   2   0.00037     0.062   11.4   0.0   121   153   104   136    90   143 0.93 -
5875_g               -           1652 8643at5794           -            522   3.1e-15   55.3   0.0   2   2   3.4e-13   5.8e-11   41.2   0.0   334   426   430   522   421   531 0.96 -
6375_g               -           1652 8643at5794           -            522   3.1e-15   55.3   0.0   1   2   0.00037     0.062   11.4   0.0   121   153   104   136    90   143 0.93 -
6375_g               -           1652 8643at5794           -            522   3.1e-15   55.3   0.0   2   2   3.4e-13   5.8e-11   41.2   0.0   334   426   430   522   421   531 0.96 -
7501_g               -           1508 8643at5794           -            522   3.8e-15   55.0   0.0   1   2   7.5e-11   1.3e-08   33.5   0.0   131   208   720   793   712   836 0.91 -
7501_g               -           1508 8643at5794           -            522   3.8e-15   55.0   0.0   2   2   1.6e-06   0.00027   19.2   0.0   247   288  1097  1141  1092  1185 0.80 -
6061_g               -           2864 8643at5794           -            522     2e-14   52.6   0.5   1   6       0.1        17    3.3   0.0    94   133   332   372   321   381 0.84 -
6061_g               -           2864 8643at5794           -            522     2e-14   52.6   0.5   2   6      0.23        40    2.1   0.0   133   166   459   492   453   500 0.89 -
6061_g               -           2864 8643at5794           -            522     2e-14   52.6   0.5   3   6     0.021       3.5    5.6   0.0   167   188   551   572   539   583 0.82 -
6061_g               -           2864 8643at5794           -            522     2e-14   52.6   0.5   4   6      0.11        19    3.2   0.0   237   263  1022  1048  1011  1081 0.82 -
6061_g               -           2864 8643at5794           -            522     2e-14   52.6   0.5   5   6   8.8e-10   1.5e-07   29.9   0.0   317   409  1644  1737  1628  1740 0.92 -
6061_g               -           2864 8643at5794           -            522     2e-14   52.6   0.5   6   6       2.8   4.7e+02   -1.4   0.0   413   437  1829  1853  1826  1858 0.82 -
6191_g               -           2864 8643at5794           -            522     2e-14   52.6   0.5   1   6       0.1        17    3.3   0.0    94   133   332   372   321   381 0.84 -
6191_g               -           2864 8643at5794           -            522     2e-14   52.6   0.5   2   6      0.23        40    2.1   0.0   133   166   459   492   453   500 0.89 -
6191_g               -           2864 8643at5794           -            522     2e-14   52.6   0.5   3   6     0.021       3.5    5.6   0.0   167   188   551   572   539   583 0.82 -
6191_g               -           2864 8643at5794           -            522     2e-14   52.6   0.5   4   6      0.11        19    3.2   0.0   237   263  1022  1048  1011  1081 0.82 -
6191_g               -           2864 8643at5794           -            522     2e-14   52.6   0.5   5   6   8.8e-10   1.5e-07   29.9   0.0   317   409  1644  1737  1628  1740 0.92 -
6191_g               -           2864 8643at5794           -            522     2e-14   52.6   0.5   6   6       2.8   4.7e+02   -1.4   0.0   413   437  1829  1853  1826  1858 0.82 -
7419_g               -           1195 8643at5794           -            522   4.8e-14   51.3   0.0   1   2   5.6e-11   9.5e-09   33.9   0.0   131   208   745   818   737   861 0.91 -
7419_g               -           1195 8643at5794           -            522   4.8e-14   51.3   0.0   2   2   2.6e-05    0.0044   15.2   0.0   247   281  1122  1159  1117  1166 0.86 -
2696_g               -           1973 8643at5794           -            522     3e-12   45.4   0.8   1   2    0.0007      0.12   10.4   0.2   125   154   854   883   842   893 0.88 -
2696_g               -           1973 8643at5794           -            522     3e-12   45.4   0.8   2   2     1e-10   1.7e-08   33.0   0.0   334   444  1183  1296  1173  1301 0.89 -
3377_g               -           1973 8643at5794           -            522     3e-12   45.4   0.8   1   2    0.0007      0.12   10.4   0.2   125   154   854   883   842   893 0.88 -
3377_g               -           1973 8643at5794           -            522     3e-12   45.4   0.8   2   2     1e-10   1.7e-08   33.0   0.0   334   444  1183  1296  1173  1301 0.89 -
4372_g               -           1589 8643at5794           -            522     2e-11   42.7   0.0   1   4   7.2e-08   1.2e-05   23.6   0.0    93   154   338   400   309   414 0.89 -
4372_g               -           1589 8643at5794           -            522     2e-11   42.7   0.0   2   4     0.012       2.1    6.3   0.0   162   191   493   522   483   530 0.79 -
4372_g               -           1589 8643at5794           -            522     2e-11   42.7   0.0   3   4      0.46        78    1.1   0.0   235   252   737   754   726   758 0.89 -
4372_g               -           1589 8643at5794           -            522     2e-11   42.7   0.0   4   4     0.022       3.8    5.5   0.0   379   430  1247  1298  1235  1318 0.78 -
8237_g               -           1589 8643at5794           -            522     2e-11   42.7   0.0   1   4   7.2e-08   1.2e-05   23.6   0.0    93   154   338   400   309   414 0.89 -
8237_g               -           1589 8643at5794           -            522     2e-11   42.7   0.0   2   4     0.012       2.1    6.3   0.0   162   191   493   522   483   530 0.79 -
8237_g               -           1589 8643at5794           -            522     2e-11   42.7   0.0   3   4      0.46        78    1.1   0.0   235   252   737   754   726   758 0.89 -
8237_g               -           1589 8643at5794           -            522     2e-11   42.7   0.0   4   4     0.022       3.8    5.5   0.0   379   430  1247  1298  1235  1318 0.78 -
395_g                -           1395 8643at5794           -            522   1.2e-10   40.1   0.4   1   3     0.065        11    4.0   0.0    96   137     3    45     1    53 0.85 -
395_g                -           1395 8643at5794           -            522   1.2e-10   40.1   0.4   2   3   3.3e-09   5.6e-07   28.0   0.0   165   278   404   538   393   561 0.73 -
395_g                -           1395 8643at5794           -            522   1.2e-10   40.1   0.4   3   3     0.055       9.3    4.2   0.0   371   396   911   936   902   940 0.81 -
3102_g               -           1766 8643at5794           -            522   1.5e-10   39.8   0.0   1   1   1.5e-12   2.6e-10   39.0   0.0   332   425   946  1039   922  1047 0.93 -
3783_g               -           1766 8643at5794           -            522   1.5e-10   39.8   0.0   1   1   1.5e-12   2.6e-10   39.0   0.0   332   425   946  1039   922  1047 0.93 -
11217_g              -           2855 8643at5794           -            522   8.1e-05   20.9   0.0   1   1   8.8e-07   0.00015   20.0   0.0   317   435  1700  1823  1682  1850 0.80 -
12014_g              -           2855 8643at5794           -            522   8.1e-05   20.9   0.0   1   1   8.8e-07   0.00015   20.0   0.0   317   435  1700  1823  1682  1850 0.80 -
574_g                -           1519 8643at5794           -            522    0.0017   16.5   0.1   1   1     2e-05    0.0033   15.6   0.1   321   421   876   985   862  1059 0.85 -
599_g                -           1519 8643at5794           -            522    0.0017   16.5   0.1   1   1     2e-05    0.0033   15.6   0.1   321   421   876   985   862  1059 0.85 -
7056_g               -           2315 8643at5794           -            522    0.0033   15.6   0.0   1   2       8.4   1.4e+03   -3.0   0.0   238   252   905   919   897   965 0.75 -
7056_g               -           2315 8643at5794           -            522    0.0033   15.6   0.0   2   2   5.7e-05    0.0096   14.0   0.0   310   379  1085  1154  1077  1165 0.88 -
7860_g               -           2315 8643at5794           -            522    0.0033   15.6   0.0   1   2       8.4   1.4e+03   -3.0   0.0   238   252   905   919   897   965 0.75 -
7860_g               -           2315 8643at5794           -            522    0.0033   15.6   0.0   2   2   5.7e-05    0.0096   14.0   0.0   310   379  1085  1154  1077  1165 0.88 -
10369_g              -            350 8643at5794           -            522     0.018   13.2   0.0   1   1   0.00022     0.037   12.1   0.0   121   160   165   204   152   216 0.87 -
12155_g              -            350 8643at5794           -            522     0.018   13.2   0.0   1   1   0.00022     0.037   12.1   0.0   121   160   165   204   152   216 0.87 -
3971_g               -           1631 8643at5794           -            522     0.018   13.1   0.0   1   3       5.4   9.1e+02   -2.4   0.0   121   154   359   392   355   401 0.78 -
3971_g               -           1631 8643at5794           -            522     0.018   13.1   0.0   2   3      0.02       3.4    5.6   0.0   215   285   530   602   517   613 0.82 -
3971_g               -           1631 8643at5794           -            522     0.018   13.1   0.0   3   3     0.075        13    3.7   0.0   320   376   684   740   665   749 0.84 -
8751_g               -           1631 8643at5794           -            522     0.018   13.1   0.0   1   3       5.4   9.1e+02   -2.4   0.0   121   154   359   392   355   401 0.78 -
8751_g               -           1631 8643at5794           -            522     0.018   13.1   0.0   2   3      0.02       3.4    5.6   0.0   215   285   530   602   517   613 0.82 -
8751_g               -           1631 8643at5794           -            522     0.018   13.1   0.0   3   3     0.075        13    3.7   0.0   320   376   684   740   665   749 0.84 -
11081_g              -           3541 8643at5794           -            522     0.053   11.6   0.3   1   3      0.39        66    1.4   0.0   127   160   912   945   903   952 0.88 -
11081_g              -           3541 8643at5794           -            522     0.053   11.6   0.3   2   3       2.3   3.9e+02   -1.2   0.0   173   225  1056  1108  1050  1117 0.85 -
11081_g              -           3541 8643at5794           -            522     0.053   11.6   0.3   3   3     0.013       2.2    6.2   0.0   343   398  2685  2742  2679  2749 0.80 -
11878_g              -           3541 8643at5794           -            522     0.053   11.6   0.3   1   3      0.39        66    1.4   0.0   127   160   912   945   903   952 0.88 -
11878_g              -           3541 8643at5794           -            522     0.053   11.6   0.3   2   3       2.3   3.9e+02   -1.2   0.0   173   225  1056  1108  1050  1117 0.85 -
11878_g              -           3541 8643at5794           -            522     0.053   11.6   0.3   3   3     0.013       2.2    6.2   0.0   343   398  2685  2742  2679  2749 0.80 -
2563_g               -           2717 8643at5794           -            522      0.07   11.2   0.0   1   2       2.1   3.5e+02   -1.0   0.0   139   191   572   620   565   624 0.81 -
2563_g               -           2717 8643at5794           -            522      0.07   11.2   0.0   2   2    0.0024      0.41    8.7   0.0   383   422  1925  1964  1921  1971 0.92 -
3244_g               -           2717 8643at5794           -            522      0.07   11.2   0.0   1   2       2.1   3.5e+02   -1.0   0.0   139   191   572   620   565   624 0.81 -
3244_g               -           2717 8643at5794           -            522      0.07   11.2   0.0   2   2    0.0024      0.41    8.7   0.0   383   422  1925  1964  1921  1971 0.92 -
#
# Program:         hmmsearch
# Version:         3.1b2 (February 2015)
# Pipeline mode:   SEARCH
# Query file:      /mnt/e/Bioinformatics/Semester2/BINP29/Malaria Project/Genomes/Parsed/busco_downloads/lineages/apicomplexa_odb10/hmms/8643at5794.hmm
# Target file:     /mnt/e/Bioinformatics/Semester2/BINP29/Malaria Project/Genomes/Parsed/Tg_new.faa
# Option settings: hmmsearch --domtblout /mnt/e/Bioinformatics/Semester2/BINP29/Malaria Project/Genomes/Parsed/Tg/run_apicomplexa_odb10/hmmer_output/initial_run_results/8643at5794.out --cpu 1 /mnt/e/Bioinformatics/Semester2/BINP29/Malaria Project/Genomes/Parsed/busco_downloads/lineages/apicomplexa_odb10/hmms/8643at5794.hmm /mnt/e/Bioinformatics/Semester2/BINP29/Malaria Project/Genomes/Parsed/Tg_new.faa 
# Current dir:     /mnt/e/Bioinformatics/Semester2/BINP29/Malaria Project/Genomes/Parsed
# Date:            Wed Mar  1 19:36:24 2023
# [ok]
