#                                                                            --- full sequence --- -------------- this domain -------------   hmm coord   ali coord   env coord
# target name        accession   tlen query name           accession   qlen   E-value  score  bias   #  of  c-Evalue  i-Evalue  score  bias  from    to  from    to  from    to  acc description of target
#------------------- ---------- ----- -------------------- ---------- ----- --------- ------ ----- --- --- --------- --------- ------ ----- ----- ----- ----- ----- ----- ----- ---- ---------------------
1870_g               -           1112 9069at5794           -            454    1e-152  508.9   0.8   1   5   9.1e-05     0.066   11.8   0.0     2    32   173   204   172   207 0.87 -
1870_g               -           1112 9069at5794           -            454    1e-152  508.9   0.8   2   5   1.5e-10   1.1e-07   30.9   0.2    24    56   296   332   283   339 0.85 -
1870_g               -           1112 9069at5794           -            454    1e-152  508.9   0.8   3   5   1.3e-08   9.6e-06   24.4   0.0    62   151   499   631   495   654 0.73 -
1870_g               -           1112 9069at5794           -            454    1e-152  508.9   0.8   4   5   1.1e-33   7.7e-31  107.1   0.0   149   269   664   817   652   835 0.85 -
1870_g               -           1112 9069at5794           -            454    1e-152  508.9   0.8   5   5     1e-99   7.3e-97  324.8   0.0   255   454   886  1109   878  1109 0.90 -
2391_g               -           1112 9069at5794           -            454    1e-152  508.9   0.8   1   5   9.1e-05     0.066   11.8   0.0     2    32   173   204   172   207 0.87 -
2391_g               -           1112 9069at5794           -            454    1e-152  508.9   0.8   2   5   1.5e-10   1.1e-07   30.9   0.2    24    56   296   332   283   339 0.85 -
2391_g               -           1112 9069at5794           -            454    1e-152  508.9   0.8   3   5   1.3e-08   9.6e-06   24.4   0.0    62   151   499   631   495   654 0.73 -
2391_g               -           1112 9069at5794           -            454    1e-152  508.9   0.8   4   5   1.1e-33   7.7e-31  107.1   0.0   149   269   664   817   652   835 0.85 -
2391_g               -           1112 9069at5794           -            454    1e-152  508.9   0.8   5   5     1e-99   7.3e-97  324.8   0.0   255   454   886  1109   878  1109 0.90 -
2813_g               -            190 9069at5794           -            454   1.2e-45  155.9   0.0   1   1     2e-48   1.4e-45  155.7   0.0   309   441     2   138     1   148 0.94 -
3494_g               -            190 9069at5794           -            454   1.2e-45  155.9   0.0   1   1     2e-48   1.4e-45  155.7   0.0   309   441     2   138     1   148 0.94 -
4152_g               -            702 9069at5794           -            454   1.2e-39  136.2   1.0   1   1   2.4e-42   1.7e-39  135.6   1.0   321   451   473   620   461   622 0.85 -
8932_g               -            702 9069at5794           -            454   1.2e-39  136.2   1.0   1   1   2.4e-42   1.7e-39  135.6   1.0   321   451   473   620   461   622 0.85 -
1624_g               -            180 9069at5794           -            454   1.2e-38  132.8   0.4   1   1   2.1e-41   1.5e-38  132.5   0.4   316   438    36   159    31   176 0.87 -
807_g                -            180 9069at5794           -            454   1.2e-38  132.8   0.4   1   1   2.1e-41   1.5e-38  132.5   0.4   316   438    36   159    31   176 0.87 -
7266_g               -            350 9069at5794           -            454   1.5e-30  106.2   0.0   1   1   2.8e-33     2e-30  105.7   0.0   303   383   116   196   106   216 0.91 -
7653_g               -            350 9069at5794           -            454   1.5e-30  106.2   0.0   1   1   2.8e-33     2e-30  105.7   0.0   303   383   116   196   106   216 0.91 -
4383_g               -            768 9069at5794           -            454     1e-27   96.9   0.0   1   1   7.3e-30   5.3e-27   94.5   0.0   307   444   134   294   122   304 0.78 -
8226_g               -            768 9069at5794           -            454     1e-27   96.9   0.0   1   1   7.3e-30   5.3e-27   94.5   0.0   307   444   134   294   122   304 0.78 -
4080_g               -            378 9069at5794           -            454   2.4e-25   89.0   0.0   1   2    0.0034       2.5    6.6   0.0   316   340   140   164   134   169 0.89 -
4080_g               -            378 9069at5794           -            454   2.4e-25   89.0   0.0   2   2   1.4e-25     1e-22   80.3   0.0   358   441   272   360   269   370 0.91 -
8860_g               -            378 9069at5794           -            454   2.4e-25   89.0   0.0   1   2    0.0034       2.5    6.6   0.0   316   340   140   164   134   169 0.89 -
8860_g               -            378 9069at5794           -            454   2.4e-25   89.0   0.0   2   2   1.4e-25     1e-22   80.3   0.0   358   441   272   360   269   370 0.91 -
6758_g               -            969 9069at5794           -            454   3.1e-14   52.4   0.0   1   2     6e-07   0.00043   19.0   0.0   353   387   168   203   163   215 0.79 -
6758_g               -            969 9069at5794           -            454   3.1e-14   52.4   0.0   2   2   1.3e-10   9.2e-08   31.1   0.0   391   441   310   360   306   371 0.92 -
5696_g               -            598 9069at5794           -            454   1.4e-13   50.2   0.0   1   1   2.6e-16   1.9e-13   49.8   0.0   316   451   359   507   340   510 0.86 -
6551_g               -            603 9069at5794           -            454   1.4e-13   50.2   0.0   1   1   2.6e-16   1.9e-13   49.8   0.0   316   451   364   512   345   515 0.86 -
8153_g               -           1953 9069at5794           -            454   1.5e-13   50.2   0.0   1   2   1.3e-06   0.00093   17.9   0.0   353   386   168   202   163   215 0.79 -
8153_g               -           1953 9069at5794           -            454   1.5e-13   50.2   0.0   2   2   2.8e-10     2e-07   29.9   0.0   391   441   310   360   306   371 0.92 -
13609_g              -            732 9069at5794           -            454   2.5e-12   46.1   0.0   1   2     1e-10   7.5e-08   31.4   0.0   310   363     3    56     1    61 0.94 -
13609_g              -            732 9069at5794           -            454   2.5e-12   46.1   0.0   2   2   4.8e-05     0.035   12.7   0.0   400   450   234   289   226   293 0.76 -
9054_g               -            732 9069at5794           -            454   2.5e-12   46.1   0.0   1   2     1e-10   7.5e-08   31.4   0.0   310   363     3    56     1    61 0.94 -
9054_g               -            732 9069at5794           -            454   2.5e-12   46.1   0.0   2   2   4.8e-05     0.035   12.7   0.0   400   450   234   289   226   293 0.76 -
3094_g               -            444 9069at5794           -            454   3.4e-11   42.4   0.7   1   2   3.4e-13   2.5e-10   39.5   0.6   350   427    84   176    69   182 0.77 -
3094_g               -            444 9069at5794           -            454   3.4e-11   42.4   0.7   2   2      0.74   5.3e+02   -1.1   0.0   422   444   206   228   199   240 0.69 -
3775_g               -            444 9069at5794           -            454   3.4e-11   42.4   0.7   1   2   3.4e-13   2.5e-10   39.5   0.6   350   427    84   176    69   182 0.77 -
3775_g               -            444 9069at5794           -            454   3.4e-11   42.4   0.7   2   2      0.74   5.3e+02   -1.1   0.0   422   444   206   228   199   240 0.69 -
#
# Program:         hmmsearch
# Version:         3.1b2 (February 2015)
# Pipeline mode:   SEARCH
# Query file:      /mnt/e/Bioinformatics/Semester2/BINP29/Malaria Project/Genomes/Parsed/busco_downloads/lineages/apicomplexa_odb10/hmms/9069at5794.hmm
# Target file:     /mnt/e/Bioinformatics/Semester2/BINP29/Malaria Project/Genomes/Parsed/Tg_new.faa
# Option settings: hmmsearch --domtblout /mnt/e/Bioinformatics/Semester2/BINP29/Malaria Project/Genomes/Parsed/Tg/run_apicomplexa_odb10/hmmer_output/initial_run_results/9069at5794.out --cpu 1 /mnt/e/Bioinformatics/Semester2/BINP29/Malaria Project/Genomes/Parsed/busco_downloads/lineages/apicomplexa_odb10/hmms/9069at5794.hmm /mnt/e/Bioinformatics/Semester2/BINP29/Malaria Project/Genomes/Parsed/Tg_new.faa 
# Current dir:     /mnt/e/Bioinformatics/Semester2/BINP29/Malaria Project/Genomes/Parsed
# Date:            Wed Mar  1 19:36:28 2023
# [ok]
