#                                                                            --- full sequence --- -------------- this domain -------------   hmm coord   ali coord   env coord
# target name        accession   tlen query name           accession   qlen   E-value  score  bias   #  of  c-Evalue  i-Evalue  score  bias  from    to  from    to  from    to  acc description of target
#------------------- ---------- ----- -------------------- ---------- ----- --------- ------ ----- --- --- --------- --------- ------ ----- ----- ----- ----- ----- ----- ----- ---- ---------------------
5749_g               -            726 9361at5794           -            434    4e-190  631.9  25.9   1   3  2.3e-154  1.9e-151  504.5   7.7     6   306    17   353    15   378 0.89 -
5749_g               -            726 9361at5794           -            434    4e-190  631.9  25.9   2   3     3e-31   2.5e-28   98.8   3.5   303   383   415   496   387   555 0.80 -
5749_g               -            726 9361at5794           -            434    4e-190  631.9  25.9   3   3   4.5e-11   3.7e-08   32.3   0.5   388   434   678   725   658   725 0.85 -
6499_g               -            726 9361at5794           -            434    4e-190  631.9  25.9   1   3  2.3e-154  1.9e-151  504.5   7.7     6   306    17   353    15   378 0.89 -
6499_g               -            726 9361at5794           -            434    4e-190  631.9  25.9   2   3     3e-31   2.5e-28   98.8   3.5   303   383   415   496   387   555 0.80 -
6499_g               -            726 9361at5794           -            434    4e-190  631.9  25.9   3   3   4.5e-11   3.7e-08   32.3   0.5   388   434   678   725   658   725 0.85 -
4554_g               -           1369 9361at5794           -            434   5.5e-09   35.0   0.1   1   2   1.5e-11   1.2e-08   33.9   0.0   154   277   532   652   524   691 0.74 -
4554_g               -           1369 9361at5794           -            434   5.5e-09   35.0   0.1   2   2       4.7   3.9e+03   -4.0   0.1   265   284   706   725   704   727 0.82 -
8569_g               -           1369 9361at5794           -            434   5.5e-09   35.0   0.1   1   2   1.5e-11   1.2e-08   33.9   0.0   154   277   532   652   524   691 0.74 -
8569_g               -           1369 9361at5794           -            434   5.5e-09   35.0   0.1   2   2       4.7   3.9e+03   -4.0   0.1   265   284   706   725   704   727 0.82 -
10356_g              -            993 9361at5794           -            434     4e-05   22.3   0.0   1   1   8.7e-08   7.3e-05   21.5   0.0   154   210   493   550   480   586 0.80 -
12168_g              -            993 9361at5794           -            434     4e-05   22.3   0.0   1   1   8.7e-08   7.3e-05   21.5   0.0   154   210   493   550   480   586 0.80 -
5885_g               -           1304 9361at5794           -            434   0.00033   19.3   6.6   1   3    0.0078       6.5    5.1   0.0   135   174   574   610   562   617 0.71 -
5885_g               -           1304 9361at5794           -            434   0.00033   19.3   6.6   2   3      0.23   1.9e+02    0.3   0.0   170   190   856   876   835   886 0.83 -
5885_g               -           1304 9361at5794           -            434   0.00033   19.3   6.6   3   3   5.3e-05     0.044   12.3   0.0   200   239   995  1035   989  1038 0.82 -
6365_g               -           1304 9361at5794           -            434   0.00033   19.3   6.6   1   3    0.0078       6.5    5.1   0.0   135   174   574   610   562   617 0.71 -
6365_g               -           1304 9361at5794           -            434   0.00033   19.3   6.6   2   3      0.23   1.9e+02    0.3   0.0   170   190   856   876   835   886 0.83 -
6365_g               -           1304 9361at5794           -            434   0.00033   19.3   6.6   3   3   5.3e-05     0.044   12.3   0.0   200   239   995  1035   989  1038 0.82 -
4832_g               -            924 9361at5794           -            434   0.00084   18.0   0.0   1   1   2.5e-06    0.0021   16.7   0.0   149   210   460   522   446   528 0.72 -
5304_g               -            924 9361at5794           -            434   0.00084   18.0   0.0   1   1   2.5e-06    0.0021   16.7   0.0   149   210   460   522   446   528 0.72 -
14395_g              -             42 9361at5794           -            434    0.0013   17.4   0.0   1   1   1.5e-06    0.0013   17.4   0.0   175   208     4    37     1    40 0.94 -
13022_g              -            472 9361at5794           -            434    0.0077   14.8   0.0   1   2   3.7e-05     0.031   12.8   0.0   147   183    94   130    75   145 0.83 -
13022_g              -            472 9361at5794           -            434    0.0077   14.8   0.0   2   2      0.85   7.1e+02   -1.6   0.0   321   342   406   427   396   432 0.87 -
9642_g               -            472 9361at5794           -            434    0.0077   14.8   0.0   1   2   3.7e-05     0.031   12.8   0.0   147   183    94   130    75   145 0.83 -
9642_g               -            472 9361at5794           -            434    0.0077   14.8   0.0   2   2      0.85   7.1e+02   -1.6   0.0   321   342   406   427   396   432 0.87 -
2214_g               -           1271 9361at5794           -            434    0.0089   14.6   0.0   1   2    0.0019       1.6    7.2   0.0   152   286   686   824   678   847 0.62 -
2214_g               -           1271 9361at5794           -            434    0.0089   14.6   0.0   2   2    0.0091       7.6    4.9   0.0   142   169   951   978   944   997 0.74 -
2044_g               -           1362 9361at5794           -            434     0.011   14.3   0.0   1   2     0.002       1.7    7.1   0.0   152   286   686   824   678   847 0.62 -
2044_g               -           1362 9361at5794           -            434     0.011   14.3   0.0   2   2    0.0098       8.2    4.8   0.0   142   169   951   978   944   997 0.74 -
3074_g               -            831 9361at5794           -            434     0.092   11.2   0.0   1   2       4.6   3.9e+03   -4.0   0.0   257   275   388   406   380   416 0.68 -
3074_g               -            831 9361at5794           -            434     0.092   11.2   0.0   2   2   0.00011     0.092   11.2   0.0   117   206   501   586   482   595 0.68 -
3755_g               -            831 9361at5794           -            434     0.092   11.2   0.0   1   2       4.6   3.9e+03   -4.0   0.0   257   275   388   406   380   416 0.68 -
3755_g               -            831 9361at5794           -            434     0.092   11.2   0.0   2   2   0.00011     0.092   11.2   0.0   117   206   501   586   482   595 0.68 -
1794_g               -            277 9361at5794           -            434       3.5    6.0   9.4   1   1    0.0077       6.4    5.2   9.4   325   408   102   190    50   201 0.72 -
977_g                -            277 9361at5794           -            434       3.5    6.0   9.4   1   1    0.0077       6.4    5.2   9.4   325   408   102   190    50   201 0.72 -
#
# Program:         hmmsearch
# Version:         3.1b2 (February 2015)
# Pipeline mode:   SEARCH
# Query file:      /mnt/e/Bioinformatics/Semester2/BINP29/Malaria Project/Genomes/Parsed/busco_downloads/lineages/apicomplexa_odb10/hmms/9361at5794.hmm
# Target file:     /mnt/e/Bioinformatics/Semester2/BINP29/Malaria Project/Genomes/Parsed/Tg_new.faa
# Option settings: hmmsearch --domtblout /mnt/e/Bioinformatics/Semester2/BINP29/Malaria Project/Genomes/Parsed/Tg/run_apicomplexa_odb10/hmmer_output/initial_run_results/9361at5794.out --cpu 1 /mnt/e/Bioinformatics/Semester2/BINP29/Malaria Project/Genomes/Parsed/busco_downloads/lineages/apicomplexa_odb10/hmms/9361at5794.hmm /mnt/e/Bioinformatics/Semester2/BINP29/Malaria Project/Genomes/Parsed/Tg_new.faa 
# Current dir:     /mnt/e/Bioinformatics/Semester2/BINP29/Malaria Project/Genomes/Parsed
# Date:            Wed Mar  1 19:36:30 2023
# [ok]
