#                                                                            --- full sequence --- -------------- this domain -------------   hmm coord   ali coord   env coord
# target name        accession   tlen query name           accession   qlen   E-value  score  bias   #  of  c-Evalue  i-Evalue  score  bias  from    to  from    to  from    to  acc description of target
#------------------- ---------- ----- -------------------- ---------- ----- --------- ------ ----- --- --- --------- --------- ------ ----- ----- ----- ----- ----- ----- ----- ---- ---------------------
4491_g               -            712 9601at5794           -            304   6.7e-89  297.9   7.5   1   7   8.2e-18   1.1e-15   57.5   0.0     1    49    79   128    79   161 0.89 -
4491_g               -            712 9601at5794           -            304   6.7e-89  297.9   7.5   2   7       0.5        65    2.4   0.1    47    62   160   175   158   179 0.87 -
4491_g               -            712 9601at5794           -            304   6.7e-89  297.9   7.5   3   7   2.1e-05    0.0028   16.8   0.0    64    88   242   268   239   277 0.80 -
4491_g               -            712 9601at5794           -            304   6.7e-89  297.9   7.5   4   7     0.062       8.1    5.4   0.0   252   283   348   381   336   388 0.75 -
4491_g               -            712 9601at5794           -            304   6.7e-89  297.9   7.5   5   7       1.5   1.9e+02    0.9   0.0   117   135   406   424   394   433 0.78 -
4491_g               -            712 9601at5794           -            304   6.7e-89  297.9   7.5   6   7     7e-37   9.1e-35  120.1   0.2   116   236   436   579   419   585 0.84 -
4491_g               -            712 9601at5794           -            304   6.7e-89  297.9   7.5   7   7   3.7e-28   4.8e-26   91.5   0.1   233   304   610   687   597   687 0.93 -
8506_g               -            712 9601at5794           -            304   6.7e-89  297.9   7.5   1   7   8.2e-18   1.1e-15   57.5   0.0     1    49    79   128    79   161 0.89 -
8506_g               -            712 9601at5794           -            304   6.7e-89  297.9   7.5   2   7       0.5        65    2.4   0.1    47    62   160   175   158   179 0.87 -
8506_g               -            712 9601at5794           -            304   6.7e-89  297.9   7.5   3   7   2.1e-05    0.0028   16.8   0.0    64    88   242   268   239   277 0.80 -
8506_g               -            712 9601at5794           -            304   6.7e-89  297.9   7.5   4   7     0.062       8.1    5.4   0.0   252   283   348   381   336   388 0.75 -
8506_g               -            712 9601at5794           -            304   6.7e-89  297.9   7.5   5   7       1.5   1.9e+02    0.9   0.0   117   135   406   424   394   433 0.78 -
8506_g               -            712 9601at5794           -            304   6.7e-89  297.9   7.5   6   7     7e-37   9.1e-35  120.1   0.2   116   236   436   579   419   585 0.84 -
8506_g               -            712 9601at5794           -            304   6.7e-89  297.9   7.5   7   7   3.7e-28   4.8e-26   91.5   0.1   233   304   610   687   597   687 0.93 -
4334_g               -           1365 9601at5794           -            304   3.5e-25   88.7   2.2   1   6    0.0019      0.24   10.4   0.0   132   170     4    42     1    48 0.91 -
4334_g               -           1365 9601at5794           -            304   3.5e-25   88.7   2.2   2   6    0.0079         1    8.3   0.0   132   176    46    90    43    98 0.92 -
4334_g               -           1365 9601at5794           -            304   3.5e-25   88.7   2.2   3   6     0.002      0.26   10.3   0.1   138   177    94   133    88   135 0.85 -
4334_g               -           1365 9601at5794           -            304   3.5e-25   88.7   2.2   4   6   2.3e-06   0.00031   19.9   0.0   134   172   132   170   126   185 0.89 -
4334_g               -           1365 9601at5794           -            304   3.5e-25   88.7   2.2   5   6    0.0012      0.15   11.1   0.0   136   174   212   250   201   256 0.85 -
4334_g               -           1365 9601at5794           -            304   3.5e-25   88.7   2.2   6   6   9.1e-08   1.2e-05   24.5   0.1   133   175   253   295   245   310 0.85 -
8274_g               -           1365 9601at5794           -            304   3.5e-25   88.7   2.2   1   6    0.0019      0.24   10.4   0.0   132   170     4    42     1    48 0.91 -
8274_g               -           1365 9601at5794           -            304   3.5e-25   88.7   2.2   2   6    0.0079         1    8.3   0.0   132   176    46    90    43    98 0.92 -
8274_g               -           1365 9601at5794           -            304   3.5e-25   88.7   2.2   3   6     0.002      0.26   10.3   0.1   138   177    94   133    88   135 0.85 -
8274_g               -           1365 9601at5794           -            304   3.5e-25   88.7   2.2   4   6   2.3e-06   0.00031   19.9   0.0   134   172   132   170   126   185 0.89 -
8274_g               -           1365 9601at5794           -            304   3.5e-25   88.7   2.2   5   6    0.0012      0.15   11.1   0.0   136   174   212   250   201   256 0.85 -
8274_g               -           1365 9601at5794           -            304   3.5e-25   88.7   2.2   6   6   9.1e-08   1.2e-05   24.5   0.1   133   175   253   295   245   310 0.85 -
10432_g              -            385 9601at5794           -            304   1.3e-19   70.4   2.6   1   4   2.6e-09   3.4e-07   29.6   0.1   231   304    90   168    74   168 0.85 -
10432_g              -            385 9601at5794           -            304   1.3e-19   70.4   2.6   2   4   5.7e-06   0.00075   18.6   0.0   133   169   133   169   128   181 0.86 -
10432_g              -            385 9601at5794           -            304   1.3e-19   70.4   2.6   3   4   8.8e-05     0.011   14.7   0.2   238   273   182   218   174   237 0.80 -
10432_g              -            385 9601at5794           -            304   1.3e-19   70.4   2.6   4   4   1.3e-05    0.0017   17.4   0.0   119   194   240   322   239   330 0.75 -
12827_g              -            385 9601at5794           -            304   1.3e-19   70.4   2.6   1   4   2.6e-09   3.4e-07   29.6   0.1   231   304    90   168    74   168 0.85 -
12827_g              -            385 9601at5794           -            304   1.3e-19   70.4   2.6   2   4   5.7e-06   0.00075   18.6   0.0   133   169   133   169   128   181 0.86 -
12827_g              -            385 9601at5794           -            304   1.3e-19   70.4   2.6   3   4   8.8e-05     0.011   14.7   0.2   238   273   182   218   174   237 0.80 -
12827_g              -            385 9601at5794           -            304   1.3e-19   70.4   2.6   4   4   1.3e-05    0.0017   17.4   0.0   119   194   240   322   239   330 0.75 -
12917_g              -           1312 9601at5794           -            304   9.2e-19   67.6   0.5   1   4    0.0016       0.2   10.6   0.0   136   194   547   613   542   658 0.73 -
12917_g              -           1312 9601at5794           -            304   9.2e-19   67.6   0.5   2   4   4.7e-06   0.00061   18.9   0.1   222   287   998  1070   987  1077 0.77 -
12917_g              -           1312 9601at5794           -            304   9.2e-19   67.6   0.5   3   4   4.3e-07   5.6e-05   22.3   0.0   235   270  1143  1177  1140  1182 0.91 -
12917_g              -           1312 9601at5794           -            304   9.2e-19   67.6   0.5   4   4     0.003      0.39    9.7   0.0   237   293  1187  1244  1181  1257 0.72 -
9745_g               -           1312 9601at5794           -            304   9.2e-19   67.6   0.5   1   4    0.0016       0.2   10.6   0.0   136   194   547   613   542   658 0.73 -
9745_g               -           1312 9601at5794           -            304   9.2e-19   67.6   0.5   2   4   4.7e-06   0.00061   18.9   0.1   222   287   998  1070   987  1077 0.77 -
9745_g               -           1312 9601at5794           -            304   9.2e-19   67.6   0.5   3   4   4.3e-07   5.6e-05   22.3   0.0   235   270  1143  1177  1140  1182 0.91 -
9745_g               -           1312 9601at5794           -            304   9.2e-19   67.6   0.5   4   4     0.003      0.39    9.7   0.0   237   293  1187  1244  1181  1257 0.72 -
1903_g               -            660 9601at5794           -            304   1.1e-18   67.4   0.0   1   3   0.00035     0.045   12.8   0.0   133   169   391   427   369   434 0.78 -
1903_g               -            660 9601at5794           -            304   1.1e-18   67.4   0.0   2   3   8.8e-12   1.2e-09   37.7   0.0   133   235   436   560   426   561 0.72 -
1903_g               -            660 9601at5794           -            304   1.1e-18   67.4   0.0   3   3     0.019       2.5    7.1   0.0   137   267   621   651   581   658 0.56 -
2359_g               -            660 9601at5794           -            304   1.1e-18   67.4   0.0   1   3   0.00035     0.045   12.8   0.0   133   169   391   427   369   434 0.78 -
2359_g               -            660 9601at5794           -            304   1.1e-18   67.4   0.0   2   3   8.8e-12   1.2e-09   37.7   0.0   133   235   436   560   426   561 0.72 -
2359_g               -            660 9601at5794           -            304   1.1e-18   67.4   0.0   3   3     0.019       2.5    7.1   0.0   137   267   621   651   581   658 0.56 -
12555_g              -            763 9601at5794           -            304   9.7e-15   54.4   0.3   1   5       2.4   3.1e+02    0.2   0.0   135   164   147   176   120   179 0.65 -
12555_g              -            763 9601at5794           -            304   9.7e-15   54.4   0.3   2   5   6.5e-07   8.5e-05   21.7   0.1   127   257   314   441   259   452 0.78 -
12555_g              -            763 9601at5794           -            304   9.7e-15   54.4   0.3   3   5     0.014       1.9    7.5   0.0   136   170   506   540   489   553 0.73 -
12555_g              -            763 9601at5794           -            304   9.7e-15   54.4   0.3   4   5       4.2   5.5e+02   -0.6   0.0   135   170   674   709   652   718 0.55 -
12555_g              -            763 9601at5794           -            304   9.7e-15   54.4   0.3   5   5   9.8e-05     0.013   14.6   0.0   132   165   724   757   712   762 0.86 -
9966_g               -            763 9601at5794           -            304   9.7e-15   54.4   0.3   1   5       2.4   3.1e+02    0.2   0.0   135   164   147   176   120   179 0.65 -
9966_g               -            763 9601at5794           -            304   9.7e-15   54.4   0.3   2   5   6.5e-07   8.5e-05   21.7   0.1   127   257   314   441   259   452 0.78 -
9966_g               -            763 9601at5794           -            304   9.7e-15   54.4   0.3   3   5     0.014       1.9    7.5   0.0   136   170   506   540   489   553 0.73 -
9966_g               -            763 9601at5794           -            304   9.7e-15   54.4   0.3   4   5       4.2   5.5e+02   -0.6   0.0   135   170   674   709   652   718 0.55 -
9966_g               -            763 9601at5794           -            304   9.7e-15   54.4   0.3   5   5   9.8e-05     0.013   14.6   0.0   132   165   724   757   712   762 0.86 -
2645_g               -            951 9601at5794           -            304   6.3e-13   48.4   0.9   1   4   3.4e-05    0.0045   16.1   0.0   236   275   658   697   654   702 0.89 -
2645_g               -            951 9601at5794           -            304   6.3e-13   48.4   0.9   2   4   6.3e-05    0.0082   15.2   0.1   235   270   701   735   697   745 0.87 -
2645_g               -            951 9601at5794           -            304   6.3e-13   48.4   0.9   3   4       4.7   6.2e+02   -0.8   0.0   138   168   787   817   760   831 0.78 -
2645_g               -            951 9601at5794           -            304   6.3e-13   48.4   0.9   4   4   0.00037     0.048   12.7   0.1   233   268   915   950   886   950 0.86 -
3326_g               -            951 9601at5794           -            304   6.3e-13   48.4   0.9   1   4   3.4e-05    0.0045   16.1   0.0   236   275   658   697   654   702 0.89 -
3326_g               -            951 9601at5794           -            304   6.3e-13   48.4   0.9   2   4   6.3e-05    0.0082   15.2   0.1   235   270   701   735   697   745 0.87 -
3326_g               -            951 9601at5794           -            304   6.3e-13   48.4   0.9   3   4       4.7   6.2e+02   -0.8   0.0   138   168   787   817   760   831 0.78 -
3326_g               -            951 9601at5794           -            304   6.3e-13   48.4   0.9   4   4   0.00037     0.048   12.7   0.1   233   268   915   950   886   950 0.86 -
10695_g              -            901 9601at5794           -            304   7.3e-13   48.2   1.0   1   4   0.00018     0.024   13.7   0.1   210   271   596   661   580   675 0.75 -
10695_g              -            901 9601at5794           -            304   7.3e-13   48.2   1.0   2   4     7e-09   9.1e-07   28.2   0.1   205   287   673   763   668   782 0.82 -
10695_g              -            901 9601at5794           -            304   7.3e-13   48.2   1.0   3   4      0.14        18    4.2   0.0   207   274   759   833   757   842 0.77 -
10695_g              -            901 9601at5794           -            304   7.3e-13   48.2   1.0   4   4       7.1   9.2e+02   -1.4   0.0   247   268   857   877   848   881 0.68 -
11492_g              -            901 9601at5794           -            304   7.3e-13   48.2   1.0   1   4   0.00018     0.024   13.7   0.1   210   271   596   661   580   675 0.75 -
11492_g              -            901 9601at5794           -            304   7.3e-13   48.2   1.0   2   4     7e-09   9.1e-07   28.2   0.1   205   287   673   763   668   782 0.82 -
11492_g              -            901 9601at5794           -            304   7.3e-13   48.2   1.0   3   4      0.14        18    4.2   0.0   207   274   759   833   757   842 0.77 -
11492_g              -            901 9601at5794           -            304   7.3e-13   48.2   1.0   4   4       7.1   9.2e+02   -1.4   0.0   247   268   857   877   848   881 0.68 -
10137_g              -            930 9601at5794           -            304   2.1e-12   46.7   6.5   1   6       4.9   6.3e+02   -0.8   0.0   120   134    31    45    14    50 0.88 -
10137_g              -            930 9601at5794           -            304   2.1e-12   46.7   6.5   2   6    0.0051      0.66    9.0   0.1   236   269   177   209   168   216 0.90 -
10137_g              -            930 9601at5794           -            304   2.1e-12   46.7   6.5   3   6     0.031       4.1    6.4   0.0   139   174   366   401   346   417 0.68 -
10137_g              -            930 9601at5794           -            304   2.1e-12   46.7   6.5   4   6   0.00021     0.028   13.5   0.0   127   170   478   521   470   526 0.89 -
10137_g              -            930 9601at5794           -            304   2.1e-12   46.7   6.5   5   6   0.00022     0.028   13.4   0.0   229   271   528   569   523   572 0.90 -
10137_g              -            930 9601at5794           -            304   2.1e-12   46.7   6.5   6   6       1.4   1.9e+02    0.9   0.0   139   174   826   861   822   863 0.86 -
12384_g              -            930 9601at5794           -            304   2.1e-12   46.7   6.5   1   6       4.9   6.3e+02   -0.8   0.0   120   134    31    45    14    50 0.88 -
12384_g              -            930 9601at5794           -            304   2.1e-12   46.7   6.5   2   6    0.0051      0.66    9.0   0.1   236   269   177   209   168   216 0.90 -
12384_g              -            930 9601at5794           -            304   2.1e-12   46.7   6.5   3   6     0.031       4.1    6.4   0.0   139   174   366   401   346   417 0.68 -
12384_g              -            930 9601at5794           -            304   2.1e-12   46.7   6.5   4   6   0.00021     0.028   13.5   0.0   127   170   478   521   470   526 0.89 -
12384_g              -            930 9601at5794           -            304   2.1e-12   46.7   6.5   5   6   0.00022     0.028   13.4   0.0   229   271   528   569   523   572 0.90 -
12384_g              -            930 9601at5794           -            304   2.1e-12   46.7   6.5   6   6       1.4   1.9e+02    0.9   0.0   139   174   826   861   822   863 0.86 -
4504_g               -            463 9601at5794           -            304   3.3e-12   46.1   0.2   1   4      0.14        18    4.3   0.0   154   170   276   292   268   301 0.81 -
4504_g               -            463 9601at5794           -            304   3.3e-12   46.1   0.2   2   4   5.1e-05    0.0067   15.5   0.0   138   175   302   339   293   353 0.68 -
4504_g               -            463 9601at5794           -            304   3.3e-12   46.1   0.2   3   4    0.0001     0.013   14.5   0.0   134   162   376   404   366   409 0.88 -
4504_g               -            463 9601at5794           -            304   3.3e-12   46.1   0.2   4   4     0.019       2.5    7.1   0.0   215   266   407   462   405   462 0.83 -
8519_g               -            463 9601at5794           -            304   3.3e-12   46.1   0.2   1   4      0.14        18    4.3   0.0   154   170   276   292   268   301 0.81 -
8519_g               -            463 9601at5794           -            304   3.3e-12   46.1   0.2   2   4   5.1e-05    0.0067   15.5   0.0   138   175   302   339   293   353 0.68 -
8519_g               -            463 9601at5794           -            304   3.3e-12   46.1   0.2   3   4    0.0001     0.013   14.5   0.0   134   162   376   404   366   409 0.88 -
8519_g               -            463 9601at5794           -            304   3.3e-12   46.1   0.2   4   4     0.019       2.5    7.1   0.0   215   266   407   462   405   462 0.83 -
4276_g               -            711 9601at5794           -            304   8.1e-09   34.9   0.7   1   2   2.9e-08   3.8e-06   26.1   0.1    94   233   153   291   146   296 0.80 -
4276_g               -            711 9601at5794           -            304   8.1e-09   34.9   0.7   2   2     0.079        10    5.0   0.0   246   293   338   385   322   390 0.80 -
8329_g               -            711 9601at5794           -            304   8.1e-09   34.9   0.7   1   2   2.9e-08   3.8e-06   26.1   0.1    94   233   153   291   146   296 0.80 -
8329_g               -            711 9601at5794           -            304   8.1e-09   34.9   0.7   2   2     0.079        10    5.0   0.0   246   293   338   385   322   390 0.80 -
2907_g               -           1270 9601at5794           -            304   1.3e-08   34.3   0.8   1   4     0.027       3.6    6.5   0.0   247   298   738   790   729   791 0.84 -
2907_g               -           1270 9601at5794           -            304   1.3e-08   34.3   0.8   2   4   4.7e-05    0.0061   15.6   0.0   235   302   776   849   770   851 0.58 -
2907_g               -           1270 9601at5794           -            304   1.3e-08   34.3   0.8   3   4   1.9e-05    0.0024   16.9   0.0   207   273   826   900   824   905 0.78 -
2907_g               -           1270 9601at5794           -            304   1.3e-08   34.3   0.8   4   4       9.1   1.2e+03   -1.7   0.0   125   156   992  1023   930  1030 0.60 -
3588_g               -           1270 9601at5794           -            304   1.3e-08   34.3   0.8   1   4     0.027       3.6    6.5   0.0   247   298   738   790   729   791 0.84 -
3588_g               -           1270 9601at5794           -            304   1.3e-08   34.3   0.8   2   4   4.7e-05    0.0061   15.6   0.0   235   302   776   849   770   851 0.58 -
3588_g               -           1270 9601at5794           -            304   1.3e-08   34.3   0.8   3   4   1.9e-05    0.0024   16.9   0.0   207   273   826   900   824   905 0.78 -
3588_g               -           1270 9601at5794           -            304   1.3e-08   34.3   0.8   4   4       9.1   1.2e+03   -1.7   0.0   125   156   992  1023   930  1030 0.60 -
2993_g               -            681 9601at5794           -            304     2e-08   33.7   0.2   1   2   1.5e-06    0.0002   20.5   0.1   138   235    77   173    43   182 0.73 -
2993_g               -            681 9601at5794           -            304     2e-08   33.7   0.2   2   2    0.0027      0.35    9.9   0.0   134   172   218   257   214   278 0.84 -
3674_g               -            681 9601at5794           -            304     2e-08   33.7   0.2   1   2   1.5e-06    0.0002   20.5   0.1   138   235    77   173    43   182 0.73 -
3674_g               -            681 9601at5794           -            304     2e-08   33.7   0.2   2   2    0.0027      0.35    9.9   0.0   134   172   218   257   214   278 0.84 -
13216_g              -           1956 9601at5794           -            304   2.2e-08   33.5   0.5   1   4     0.038         5    6.1   0.0   124   172   271   319   264   329 0.84 -
13216_g              -           1956 9601at5794           -            304   2.2e-08   33.5   0.5   2   4         1   1.3e+02    1.4   0.0   137   164   432   459   419   465 0.91 -
13216_g              -           1956 9601at5794           -            304   2.2e-08   33.5   0.5   3   4    0.0056      0.72    8.8   0.1   236   269   593   626   571   631 0.69 -
13216_g              -           1956 9601at5794           -            304   2.2e-08   33.5   0.5   4   4   0.00086      0.11   11.5   0.0   133   175   647   691   626   699 0.78 -
9449_g               -           1956 9601at5794           -            304   2.2e-08   33.5   0.5   1   4     0.038         5    6.1   0.0   124   172   271   319   264   329 0.84 -
9449_g               -           1956 9601at5794           -            304   2.2e-08   33.5   0.5   2   4         1   1.3e+02    1.4   0.0   137   164   432   459   419   465 0.91 -
9449_g               -           1956 9601at5794           -            304   2.2e-08   33.5   0.5   3   4    0.0056      0.72    8.8   0.1   236   269   593   626   571   631 0.69 -
9449_g               -           1956 9601at5794           -            304   2.2e-08   33.5   0.5   4   4   0.00086      0.11   11.5   0.0   133   175   647   691   626   699 0.78 -
10038_g              -            618 9601at5794           -            304   4.2e-08   32.6   0.2   1   2     0.021       2.8    6.9   0.0   135   172   277   315   267   321 0.73 -
10038_g              -            618 9601at5794           -            304   4.2e-08   32.6   0.2   2   2   1.2e-06   0.00015   20.9   0.0   153   270   421   548   419   553 0.74 -
12482_g              -            618 9601at5794           -            304   4.2e-08   32.6   0.2   1   2     0.021       2.8    6.9   0.0   135   172   277   315   267   321 0.73 -
12482_g              -            618 9601at5794           -            304   4.2e-08   32.6   0.2   2   2   1.2e-06   0.00015   20.9   0.0   153   270   421   548   419   553 0.74 -
6014_g               -           1018 9601at5794           -            304   3.3e-07   29.7   0.0   1   3      0.17        23    3.9   0.0   234   276   405   447   399   467 0.71 -
6014_g               -           1018 9601at5794           -            304   3.3e-07   29.7   0.0   2   3   0.00066     0.085   11.9   0.0   132   170   506   545   492   551 0.73 -
6014_g               -           1018 9601at5794           -            304   3.3e-07   29.7   0.0   3   3    0.0047      0.62    9.0   0.0   226   290   561   624   549   630 0.88 -
6237_g               -           1018 9601at5794           -            304   3.3e-07   29.7   0.0   1   3      0.17        23    3.9   0.0   234   276   405   447   399   467 0.71 -
6237_g               -           1018 9601at5794           -            304   3.3e-07   29.7   0.0   2   3   0.00066     0.085   11.9   0.0   132   170   506   545   492   551 0.73 -
6237_g               -           1018 9601at5794           -            304   3.3e-07   29.7   0.0   3   3    0.0047      0.62    9.0   0.0   226   290   561   624   549   630 0.88 -
2020_g               -           1564 9601at5794           -            304   1.5e-06   27.5   0.1   1   6      0.58        76    2.2   0.0   236   269  1004  1037  1001  1043 0.87 -
2020_g               -           1564 9601at5794           -            304   1.5e-06   27.5   0.1   2   6       3.4   4.4e+02   -0.3   0.0   251   269  1124  1142  1113  1154 0.65 -
2020_g               -           1564 9601at5794           -            304   1.5e-06   27.5   0.1   3   6     7e-05    0.0091   15.1   0.0   205   237  1158  1192  1144  1197 0.83 -
2020_g               -           1564 9601at5794           -            304   1.5e-06   27.5   0.1   4   6       5.2   6.7e+02   -0.9   0.0   155   204  1274  1328  1269  1338 0.81 -
2020_g               -           1564 9601at5794           -            304   1.5e-06   27.5   0.1   5   6       2.6   3.4e+02    0.0   0.0   253   271  1362  1380  1351  1393 0.69 -
2020_g               -           1564 9601at5794           -            304   1.5e-06   27.5   0.1   6   6       2.8   3.7e+02   -0.1   0.1    67   106  1519  1558  1509  1563 0.79 -
10787_g              -            342 9601at5794           -            304   1.5e-06   27.5   0.0   1   3     0.021       2.7    6.9   0.0   143   176    13    48     6    56 0.71 -
10787_g              -            342 9601at5794           -            304   1.5e-06   27.5   0.0   2   3      0.02       2.6    7.0   0.0   223   269    74   123    64   145 0.80 -
10787_g              -            342 9601at5794           -            304   1.5e-06   27.5   0.0   3   3    0.0027      0.35    9.8   0.0   143   194   240   299   191   302 0.87 -
11584_g              -            342 9601at5794           -            304   1.5e-06   27.5   0.0   1   3     0.021       2.7    6.9   0.0   143   176    13    48     6    56 0.71 -
11584_g              -            342 9601at5794           -            304   1.5e-06   27.5   0.0   2   3      0.02       2.6    7.0   0.0   223   269    74   123    64   145 0.80 -
11584_g              -            342 9601at5794           -            304   1.5e-06   27.5   0.0   3   3    0.0027      0.35    9.8   0.0   143   194   240   299   191   302 0.87 -
2239_g               -           1589 9601at5794           -            304   1.5e-06   27.5   0.1   1   6      0.59        77    2.2   0.0   236   269  1004  1037  1001  1043 0.87 -
2239_g               -           1589 9601at5794           -            304   1.5e-06   27.5   0.1   2   6       3.4   4.5e+02   -0.3   0.0   251   269  1124  1142  1113  1154 0.65 -
2239_g               -           1589 9601at5794           -            304   1.5e-06   27.5   0.1   3   6   7.1e-05    0.0092   15.0   0.0   205   237  1158  1192  1144  1197 0.83 -
2239_g               -           1589 9601at5794           -            304   1.5e-06   27.5   0.1   4   6       5.3   6.9e+02   -1.0   0.0   155   204  1274  1328  1269  1338 0.81 -
2239_g               -           1589 9601at5794           -            304   1.5e-06   27.5   0.1   5   6       2.7   3.5e+02    0.0   0.0   253   271  1362  1380  1351  1393 0.69 -
2239_g               -           1589 9601at5794           -            304   1.5e-06   27.5   0.1   6   6       3.2   4.1e+02   -0.2   0.1    67   105  1519  1557  1509  1574 0.81 -
13034_g              -           2694 9601at5794           -            304   2.2e-06   26.9   0.6   1   1   4.5e-08   5.9e-06   25.5   0.2   200   273  2149  2225  2130  2235 0.77 -
9631_g               -           2694 9601at5794           -            304   2.2e-06   26.9   0.6   1   1   4.5e-08   5.9e-06   25.5   0.2   200   273  2149  2225  2130  2235 0.77 -
6089_g               -            780 9601at5794           -            304   2.2e-06   26.9   0.0   1   2     0.018       2.3    7.2   0.0   244   288   205   250   193   260 0.77 -
6089_g               -            780 9601at5794           -            304   2.2e-06   26.9   0.0   2   2     2e-05    0.0026   16.8   0.0   141   181   376   416   346   433 0.87 -
6164_g               -            780 9601at5794           -            304   2.2e-06   26.9   0.0   1   2     0.018       2.3    7.2   0.0   244   288   205   250   193   260 0.77 -
6164_g               -            780 9601at5794           -            304   2.2e-06   26.9   0.0   2   2     2e-05    0.0026   16.8   0.0   141   181   376   416   346   433 0.87 -
170_g                -          10107 9601at5794           -            304   3.1e-06   26.5   0.0   1   4     0.011       1.5    7.8   0.0   129   180   192   243   145   258 0.79 -
170_g                -          10107 9601at5794           -            304   3.1e-06   26.5   0.0   2   4      0.66        86    2.0   0.0   215   268   628   685   618   693 0.71 -
170_g                -          10107 9601at5794           -            304   3.1e-06   26.5   0.0   3   4   0.00015     0.019   14.0   0.0   133   269   650   801   642   806 0.76 -
170_g                -          10107 9601at5794           -            304   3.1e-06   26.5   0.0   4   4    0.0011      0.15   11.1   0.0   187   269   745   847   708   849 0.70 -
220_g                -          10120 9601at5794           -            304   3.1e-06   26.5   0.0   1   4     0.011       1.5    7.8   0.0   129   180   205   256   158   271 0.79 -
220_g                -          10120 9601at5794           -            304   3.1e-06   26.5   0.0   2   4      0.66        86    2.0   0.0   215   268   641   698   631   706 0.71 -
220_g                -          10120 9601at5794           -            304   3.1e-06   26.5   0.0   3   4   0.00015     0.019   14.0   0.0   133   269   663   814   655   819 0.76 -
220_g                -          10120 9601at5794           -            304   3.1e-06   26.5   0.0   4   4    0.0011      0.15   11.1   0.0   187   269   758   860   721   862 0.70 -
11223_g              -            895 9601at5794           -            304   3.7e-06   26.2   0.0   1   3       3.1     4e+02   -0.2   0.0   217   238   308   329   304   341 0.82 -
11223_g              -            895 9601at5794           -            304   3.7e-06   26.2   0.0   2   3     0.034       4.4    6.3   0.0   148   234   382   407   343   423 0.72 -
11223_g              -            895 9601at5794           -            304   3.7e-06   26.2   0.0   3   3   4.9e-05    0.0064   15.6   0.0   210   269   468   533   460   537 0.86 -
12020_g              -            895 9601at5794           -            304   3.7e-06   26.2   0.0   1   3       3.1     4e+02   -0.2   0.0   217   238   308   329   304   341 0.82 -
12020_g              -            895 9601at5794           -            304   3.7e-06   26.2   0.0   2   3     0.034       4.4    6.3   0.0   148   234   382   407   343   423 0.72 -
12020_g              -            895 9601at5794           -            304   3.7e-06   26.2   0.0   3   3   4.9e-05    0.0064   15.6   0.0   210   269   468   533   460   537 0.86 -
5687_g               -           1245 9601at5794           -            304   4.1e-06   26.1   0.0   1   1     6e-08   7.8e-06   25.1   0.0   212   279  1110  1189  1079  1209 0.82 -
6560_g               -           1245 9601at5794           -            304   4.1e-06   26.1   0.0   1   1     6e-08   7.8e-06   25.1   0.0   212   279  1110  1189  1079  1209 0.82 -
10633_g              -           2211 9601at5794           -            304   5.7e-05   22.3   0.5   1   5       1.7   2.2e+02    0.7   0.0   125   170   295   342   288   347 0.81 -
10633_g              -           2211 9601at5794           -            304   5.7e-05   22.3   0.5   2   5      0.16        21    4.0   0.0   130   171   750   791   747   794 0.77 -
10633_g              -           2211 9601at5794           -            304   5.7e-05   22.3   0.5   3   5     0.013       1.6    7.7   0.0   216   274   774   836   770   864 0.81 -
10633_g              -           2211 9601at5794           -            304   5.7e-05   22.3   0.5   4   5       1.2   1.5e+02    1.2   0.0   234   283   839   890   835   901 0.80 -
10633_g              -           2211 9601at5794           -            304   5.7e-05   22.3   0.5   5   5      0.16        21    4.0   0.0   202   245  1249  1299  1235  1321 0.55 -
11430_g              -           2211 9601at5794           -            304   5.7e-05   22.3   0.5   1   5       1.7   2.2e+02    0.7   0.0   125   170   295   342   288   347 0.81 -
11430_g              -           2211 9601at5794           -            304   5.7e-05   22.3   0.5   2   5      0.16        21    4.0   0.0   130   171   750   791   747   794 0.77 -
11430_g              -           2211 9601at5794           -            304   5.7e-05   22.3   0.5   3   5     0.013       1.6    7.7   0.0   216   274   774   836   770   864 0.81 -
11430_g              -           2211 9601at5794           -            304   5.7e-05   22.3   0.5   4   5       1.2   1.5e+02    1.2   0.0   234   283   839   890   835   901 0.80 -
11430_g              -           2211 9601at5794           -            304   5.7e-05   22.3   0.5   5   5      0.16        21    4.0   0.0   202   245  1249  1299  1235  1321 0.55 -
2835_g               -            809 9601at5794           -            304   8.1e-05   21.8   1.1   1   4       5.2   6.8e+02   -0.9   0.0   254   269   368   383   363   391 0.79 -
2835_g               -            809 9601at5794           -            304   8.1e-05   21.8   1.1   2   4   6.8e-05    0.0089   15.1   0.1   129   179   429   480   410   490 0.72 -
2835_g               -            809 9601at5794           -            304   8.1e-05   21.8   1.1   3   4         3   3.8e+02   -0.1   0.0   141   175   566   601   531   612 0.72 -
2835_g               -            809 9601at5794           -            304   8.1e-05   21.8   1.1   4   4      0.85   1.1e+02    1.7   0.0   189   269   688   730   658   741 0.59 -
3516_g               -            809 9601at5794           -            304   8.1e-05   21.8   1.1   1   4       5.2   6.8e+02   -0.9   0.0   254   269   368   383   363   391 0.79 -
3516_g               -            809 9601at5794           -            304   8.1e-05   21.8   1.1   2   4   6.8e-05    0.0089   15.1   0.1   129   179   429   480   410   490 0.72 -
3516_g               -            809 9601at5794           -            304   8.1e-05   21.8   1.1   3   4         3   3.8e+02   -0.1   0.0   141   175   566   601   531   612 0.72 -
3516_g               -            809 9601at5794           -            304   8.1e-05   21.8   1.1   4   4      0.85   1.1e+02    1.7   0.0   189   269   688   730   658   741 0.59 -
583_g                -            403 9601at5794           -            304   9.6e-05   21.6   0.1   1   1   1.1e-06   0.00015   20.9   0.1    15    44   183   212   179   228 0.83 -
590_g                -            403 9601at5794           -            304   9.6e-05   21.6   0.1   1   1   1.1e-06   0.00015   20.9   0.1    15    44   183   212   179   228 0.83 -
7441_g               -            949 9601at5794           -            304    0.0001   21.5   0.1   1   3     0.029       3.8    6.5   0.0   139   175   688   724   634   750 0.64 -
7441_g               -            949 9601at5794           -            304    0.0001   21.5   0.1   2   3    0.0037      0.49    9.4   0.0   134   176   768   810   751   825 0.89 -
7441_g               -            949 9601at5794           -            304    0.0001   21.5   0.1   3   3       1.1   1.5e+02    1.2   0.0   106   135   916   947   910   948 0.83 -
7478_g               -            949 9601at5794           -            304    0.0001   21.5   0.1   1   3     0.029       3.8    6.5   0.0   139   175   688   724   634   750 0.64 -
7478_g               -            949 9601at5794           -            304    0.0001   21.5   0.1   2   3    0.0037      0.49    9.4   0.0   134   176   768   810   751   825 0.89 -
7478_g               -            949 9601at5794           -            304    0.0001   21.5   0.1   3   3       1.1   1.5e+02    1.2   0.0   106   135   916   947   910   948 0.83 -
1961_g               -            676 9601at5794           -            304   0.00012   21.3   0.1   1   3      0.71        93    1.9   0.0   143   171   355   383   350   388 0.79 -
1961_g               -            676 9601at5794           -            304   0.00012   21.3   0.1   2   3    0.0011      0.15   11.1   0.0   134   251   390   508   382   514 0.83 -
1961_g               -            676 9601at5794           -            304   0.00012   21.3   0.1   3   3    0.0084       1.1    8.2   0.0   155   232   468   549   460   557 0.66 -
2299_g               -            676 9601at5794           -            304   0.00012   21.3   0.1   1   3      0.71        93    1.9   0.0   143   171   355   383   350   388 0.79 -
2299_g               -            676 9601at5794           -            304   0.00012   21.3   0.1   2   3    0.0011      0.15   11.1   0.0   134   251   390   508   382   514 0.83 -
2299_g               -            676 9601at5794           -            304   0.00012   21.3   0.1   3   3    0.0084       1.1    8.2   0.0   155   232   468   549   460   557 0.66 -
6921_g               -           3004 9601at5794           -            304   0.00015   20.9   0.1   1   3      0.85   1.1e+02    1.6   0.0   251   270   282   301   278   313 0.77 -
6921_g               -           3004 9601at5794           -            304   0.00015   20.9   0.1   2   3      0.01       1.4    7.9   0.0   209   245  1039  1080  1021  1085 0.64 -
6921_g               -           3004 9601at5794           -            304   0.00015   20.9   0.1   3   3     0.069         9    5.2   0.0   146   176  1216  1246  1209  1258 0.79 -
7991_g               -           3004 9601at5794           -            304   0.00015   20.9   0.1   1   3      0.85   1.1e+02    1.6   0.0   251   270   282   301   278   313 0.77 -
7991_g               -           3004 9601at5794           -            304   0.00015   20.9   0.1   2   3      0.01       1.4    7.9   0.0   209   245  1039  1080  1021  1085 0.64 -
7991_g               -           3004 9601at5794           -            304   0.00015   20.9   0.1   3   3     0.069         9    5.2   0.0   146   176  1216  1246  1209  1258 0.79 -
3966_g               -            673 9601at5794           -            304   0.00016   20.8   0.2   1   3     0.039         5    6.1   0.0   215   233   178   196   132   205 0.85 -
3966_g               -            673 9601at5794           -            304   0.00016   20.8   0.2   2   3     0.002      0.26   10.3   0.1   233   270   596   632   564   636 0.90 -
3966_g               -            673 9601at5794           -            304   0.00016   20.8   0.2   3   3    0.0013      0.17   10.9   0.1   233   271   596   633   591   648 0.86 -
8746_g               -            673 9601at5794           -            304   0.00016   20.8   0.2   1   3     0.039         5    6.1   0.0   215   233   178   196   132   205 0.85 -
8746_g               -            673 9601at5794           -            304   0.00016   20.8   0.2   2   3     0.002      0.26   10.3   0.1   233   270   596   632   564   636 0.90 -
8746_g               -            673 9601at5794           -            304   0.00016   20.8   0.2   3   3    0.0013      0.17   10.9   0.1   233   271   596   633   591   648 0.86 -
5020_g               -            662 9601at5794           -            304   0.00021   20.4   0.0   1   4    0.0074      0.96    8.4   0.0   137   169   135   167   127   170 0.93 -
5020_g               -            662 9601at5794           -            304   0.00021   20.4   0.0   2   4       3.5   4.6e+02   -0.4   0.0   237   270   185   216   178   231 0.53 -
5020_g               -            662 9601at5794           -            304   0.00021   20.4   0.0   3   4      0.55        72    2.3   0.0   254   276   343   365   328   370 0.82 -
5020_g               -            662 9601at5794           -            304   0.00021   20.4   0.0   4   4      0.31        40    3.1   0.0   213   233   495   515   477   522 0.89 -
5492_g               -            662 9601at5794           -            304   0.00021   20.4   0.0   1   4    0.0074      0.96    8.4   0.0   137   169   135   167   127   170 0.93 -
5492_g               -            662 9601at5794           -            304   0.00021   20.4   0.0   2   4       3.5   4.6e+02   -0.4   0.0   237   270   185   216   178   231 0.53 -
5492_g               -            662 9601at5794           -            304   0.00021   20.4   0.0   3   4      0.55        72    2.3   0.0   254   276   343   365   328   370 0.82 -
5492_g               -            662 9601at5794           -            304   0.00021   20.4   0.0   4   4      0.31        40    3.1   0.0   213   233   495   515   477   522 0.89 -
2734_g               -           1607 9601at5794           -            304   0.00037   19.6   4.3   1   4    0.0024      0.32   10.0   0.0   248   303   660   720   649   721 0.80 -
2734_g               -           1607 9601at5794           -            304   0.00037   19.6   4.3   2   4      0.93   1.2e+02    1.5   0.0   215   233   753   771   706   792 0.55 -
2734_g               -           1607 9601at5794           -            304   0.00037   19.6   4.3   3   4      0.12        15    4.5   0.1   206   232   881   907   859   953 0.78 -
2734_g               -           1607 9601at5794           -            304   0.00037   19.6   4.3   4   4       2.6   3.3e+02    0.1   0.0   138   179   923   963   911   977 0.82 -
3415_g               -           1607 9601at5794           -            304   0.00037   19.6   4.3   1   4    0.0024      0.32   10.0   0.0   248   303   660   720   649   721 0.80 -
3415_g               -           1607 9601at5794           -            304   0.00037   19.6   4.3   2   4      0.93   1.2e+02    1.5   0.0   215   233   753   771   706   792 0.55 -
3415_g               -           1607 9601at5794           -            304   0.00037   19.6   4.3   3   4      0.12        15    4.5   0.1   206   232   881   907   859   953 0.78 -
3415_g               -           1607 9601at5794           -            304   0.00037   19.6   4.3   4   4       2.6   3.3e+02    0.1   0.0   138   179   923   963   911   977 0.82 -
4982_g               -            833 9601at5794           -            304   0.00041   19.5   0.1   1   3         2   2.6e+02    0.4   0.0   253   276   290   313   285   324 0.60 -
4982_g               -            833 9601at5794           -            304   0.00041   19.5   0.1   2   3    0.0081       1.1    8.3   0.0   138   234   325   359   317   369 0.53 -
4982_g               -            833 9601at5794           -            304   0.00041   19.5   0.1   3   3     0.035       4.5    6.2   0.0   255   288   449   484   439   510 0.54 -
5454_g               -            833 9601at5794           -            304   0.00041   19.5   0.1   1   3         2   2.6e+02    0.4   0.0   253   276   290   313   285   324 0.60 -
5454_g               -            833 9601at5794           -            304   0.00041   19.5   0.1   2   3    0.0081       1.1    8.3   0.0   138   234   325   359   317   369 0.53 -
5454_g               -            833 9601at5794           -            304   0.00041   19.5   0.1   3   3     0.035       4.5    6.2   0.0   255   288   449   484   439   510 0.54 -
5706_g               -           1996 9601at5794           -            304   0.00045   19.4   0.0   1   3         2   2.6e+02    0.5   0.0   139   171    22    56    12    82 0.75 -
5706_g               -           1996 9601at5794           -            304   0.00045   19.4   0.0   2   3       3.9   5.1e+02   -0.5   0.0   203   232   369   398   364   404 0.79 -
5706_g               -           1996 9601at5794           -            304   0.00045   19.4   0.0   3   3   0.00016      0.02   13.9   0.0   134   171  1829  1866  1792  1882 0.74 -
6541_g               -           1996 9601at5794           -            304   0.00045   19.4   0.0   1   3         2   2.6e+02    0.5   0.0   139   171    22    56    12    82 0.75 -
6541_g               -           1996 9601at5794           -            304   0.00045   19.4   0.0   2   3       3.9   5.1e+02   -0.5   0.0   203   232   369   398   364   404 0.79 -
6541_g               -           1996 9601at5794           -            304   0.00045   19.4   0.0   3   3   0.00016      0.02   13.9   0.0   134   171  1829  1866  1792  1882 0.74 -
4983_g               -           1585 9601at5794           -            304   0.00075   18.6   0.1   1   4      0.12        16    4.4   0.0   144   171   927   954   911   969 0.73 -
4983_g               -           1585 9601at5794           -            304   0.00075   18.6   0.1   2   4      0.15        19    4.1   0.0   105   163   975  1040   969  1072 0.71 -
4983_g               -           1585 9601at5794           -            304   0.00075   18.6   0.1   3   4     0.094        12    4.8   0.0   148   168  1171  1191  1115  1198 0.62 -
4983_g               -           1585 9601at5794           -            304   0.00075   18.6   0.1   4   4     0.091        12    4.8   0.0   148   170  1171  1193  1137  1257 0.77 -
5455_g               -           1585 9601at5794           -            304   0.00075   18.6   0.1   1   4      0.12        16    4.4   0.0   144   171   927   954   911   969 0.73 -
5455_g               -           1585 9601at5794           -            304   0.00075   18.6   0.1   2   4      0.15        19    4.1   0.0   105   163   975  1040   969  1072 0.71 -
5455_g               -           1585 9601at5794           -            304   0.00075   18.6   0.1   3   4     0.094        12    4.8   0.0   148   168  1171  1191  1115  1198 0.62 -
5455_g               -           1585 9601at5794           -            304   0.00075   18.6   0.1   4   4     0.091        12    4.8   0.0   148   170  1171  1193  1137  1257 0.77 -
508_g                -            772 9601at5794           -            304   0.00084   18.5   0.3   1   2   0.00027     0.036   13.1   0.0   234   270   509   545   483   554 0.84 -
508_g                -            772 9601at5794           -            304   0.00084   18.5   0.3   2   2      0.88   1.2e+02    1.6   0.0   213   232   568   587   545   606 0.62 -
665_g                -            772 9601at5794           -            304   0.00084   18.5   0.3   1   2   0.00027     0.036   13.1   0.0   234   270   509   545   483   554 0.84 -
665_g                -            772 9601at5794           -            304   0.00084   18.5   0.3   2   2      0.88   1.2e+02    1.6   0.0   213   232   568   587   545   606 0.62 -
10425_g              -            645 9601at5794           -            304   0.00087   18.4   0.0   1   1   0.00011     0.015   14.4   0.0   210   271    86   160    78   167 0.75 -
12834_g              -            645 9601at5794           -            304   0.00087   18.4   0.0   1   1   0.00011     0.015   14.4   0.0   210   271    86   160    78   167 0.75 -
12551_g              -           4485 9601at5794           -            304   0.00087   18.4   0.0   1   1   1.5e-05    0.0019   17.3   0.0   201   249  3972  4020  3925  4027 0.80 -
9970_g               -           4485 9601at5794           -            304   0.00087   18.4   0.0   1   1   1.5e-05    0.0019   17.3   0.0   201   249  3972  4020  3925  4027 0.80 -
10891_g              -            859 9601at5794           -            304     0.001   18.2   0.0   1   3      0.11        14    4.6   0.0   178   233   592   646   579   657 0.72 -
10891_g              -            859 9601at5794           -            304     0.001   18.2   0.0   2   3    0.0083       1.1    8.3   0.0   190   272   677   766   668   776 0.80 -
10891_g              -            859 9601at5794           -            304     0.001   18.2   0.0   3   3       1.5   1.9e+02    0.9   0.0   215   235   823   843   797   848 0.70 -
11688_g              -            859 9601at5794           -            304     0.001   18.2   0.0   1   3      0.11        14    4.6   0.0   178   233   592   646   579   657 0.72 -
11688_g              -            859 9601at5794           -            304     0.001   18.2   0.0   2   3    0.0083       1.1    8.3   0.0   190   272   677   766   668   776 0.80 -
11688_g              -            859 9601at5794           -            304     0.001   18.2   0.0   3   3       1.5   1.9e+02    0.9   0.0   215   235   823   843   797   848 0.70 -
1123_g               -            752 9601at5794           -            304    0.0011   18.1   0.0   1   4       3.1   4.1e+02   -0.2   0.0   144   175   160   191   157   196 0.86 -
1123_g               -            752 9601at5794           -            304    0.0011   18.1   0.0   2   4    0.0096       1.3    8.0   0.0   131   172   190   231   180   251 0.81 -
1123_g               -            752 9601at5794           -            304    0.0011   18.1   0.0   3   4     0.081        11    5.0   0.0   253   287   306   343   294   349 0.68 -
1123_g               -            752 9601at5794           -            304    0.0011   18.1   0.0   4   4       4.2   5.5e+02   -0.6   0.0   255   272   376   393   372   401 0.81 -
1515_g               -            752 9601at5794           -            304    0.0011   18.1   0.0   1   4       3.1   4.1e+02   -0.2   0.0   144   175   160   191   157   196 0.86 -
1515_g               -            752 9601at5794           -            304    0.0011   18.1   0.0   2   4    0.0096       1.3    8.0   0.0   131   172   190   231   180   251 0.81 -
1515_g               -            752 9601at5794           -            304    0.0011   18.1   0.0   3   4     0.081        11    5.0   0.0   253   287   306   343   294   349 0.68 -
1515_g               -            752 9601at5794           -            304    0.0011   18.1   0.0   4   4       4.2   5.5e+02   -0.6   0.0   255   272   376   393   372   401 0.81 -
10812_g              -           2475 9601at5794           -            304    0.0021   17.2   0.0   1   2   0.00033     0.043   12.8   0.0   233   291   290   348   283   354 0.87 -
10812_g              -           2475 9601at5794           -            304    0.0021   17.2   0.0   2   2       1.1   1.5e+02    1.2   0.0   150   230   486   504   454   515 0.59 -
11609_g              -           2475 9601at5794           -            304    0.0021   17.2   0.0   1   2   0.00033     0.043   12.8   0.0   233   291   290   348   283   354 0.87 -
11609_g              -           2475 9601at5794           -            304    0.0021   17.2   0.0   2   2       1.1   1.5e+02    1.2   0.0   150   230   486   504   454   515 0.59 -
4945_g               -           1145 9601at5794           -            304    0.0023   17.0   0.0   1   5    0.0054       0.7    8.9   0.0   206   304    23   131    12   131 0.81 -
4945_g               -           1145 9601at5794           -            304    0.0023   17.0   0.0   2   5     0.086        11    4.9   0.0   238   297   102   165    74   173 0.72 -
4945_g               -           1145 9601at5794           -            304    0.0023   17.0   0.0   3   5      0.51        67    2.4   0.0   144   181   149   186   138   196 0.81 -
4945_g               -           1145 9601at5794           -            304    0.0023   17.0   0.0   4   5       4.5   5.8e+02   -0.7   0.0   216   233   334   351   319   353 0.77 -
4945_g               -           1145 9601at5794           -            304    0.0023   17.0   0.0   5   5       9.4   1.2e+03   -1.8   0.0   243   273  1064  1097  1056  1099 0.75 -
5417_g               -           1145 9601at5794           -            304    0.0023   17.0   0.0   1   5    0.0054       0.7    8.9   0.0   206   304    23   131    12   131 0.81 -
5417_g               -           1145 9601at5794           -            304    0.0023   17.0   0.0   2   5     0.086        11    4.9   0.0   238   297   102   165    74   173 0.72 -
5417_g               -           1145 9601at5794           -            304    0.0023   17.0   0.0   3   5      0.51        67    2.4   0.0   144   181   149   186   138   196 0.81 -
5417_g               -           1145 9601at5794           -            304    0.0023   17.0   0.0   4   5       4.5   5.8e+02   -0.7   0.0   216   233   334   351   319   353 0.77 -
5417_g               -           1145 9601at5794           -            304    0.0023   17.0   0.0   5   5       9.4   1.2e+03   -1.8   0.0   243   273  1064  1097  1056  1099 0.75 -
5705_g               -            344 9601at5794           -            304    0.0028   16.7   0.0   1   1     3e-05    0.0039   16.3   0.0   133   177   277   321   238   339 0.85 -
6542_g               -            344 9601at5794           -            304    0.0028   16.7   0.0   1   1     3e-05    0.0039   16.3   0.0   133   177   277   321   238   339 0.85 -
4461_g               -            621 9601at5794           -            304    0.0035   16.4   0.1   1   3       2.4   3.1e+02    0.2   0.0   212   235   360   383   304   398 0.80 -
4461_g               -            621 9601at5794           -            304    0.0035   16.4   0.1   2   3       2.4   3.1e+02    0.2   0.0   225   269   446   494   433   535 0.51 -
4461_g               -            621 9601at5794           -            304    0.0035   16.4   0.1   3   3    0.0023      0.29   10.1   0.0   141   200   553   612   539   616 0.79 -
8476_g               -            621 9601at5794           -            304    0.0035   16.4   0.1   1   3       2.4   3.1e+02    0.2   0.0   212   235   360   383   304   398 0.80 -
8476_g               -            621 9601at5794           -            304    0.0035   16.4   0.1   2   3       2.4   3.1e+02    0.2   0.0   225   269   446   494   433   535 0.51 -
8476_g               -            621 9601at5794           -            304    0.0035   16.4   0.1   3   3    0.0023      0.29   10.1   0.0   141   200   553   612   539   616 0.79 -
6847_g               -           1354 9601at5794           -            304    0.0036   16.4   0.0   1   2    0.0025      0.32   10.0   0.0   129   174   513   558   480   571 0.76 -
6847_g               -           1354 9601at5794           -            304    0.0036   16.4   0.0   2   2      0.23        30    3.5   0.0   135   166   625   656   575   661 0.90 -
8067_g               -           1354 9601at5794           -            304    0.0036   16.4   0.0   1   2    0.0025      0.32   10.0   0.0   129   174   513   558   480   571 0.76 -
8067_g               -           1354 9601at5794           -            304    0.0036   16.4   0.0   2   2      0.23        30    3.5   0.0   135   166   625   656   575   661 0.90 -
7315_g               -           1626 9601at5794           -            304    0.0038   16.3   0.1   1   2      0.15        20    4.1   0.0   231   270   348   387   339   395 0.79 -
7315_g               -           1626 9601at5794           -            304    0.0038   16.3   0.1   2   2    0.0032      0.42    9.6   0.0    93   138   489   534   470   577 0.57 -
7604_g               -           1626 9601at5794           -            304    0.0038   16.3   0.1   1   2      0.15        20    4.1   0.0   231   270   348   387   339   395 0.79 -
7604_g               -           1626 9601at5794           -            304    0.0038   16.3   0.1   2   2    0.0032      0.42    9.6   0.0    93   138   489   534   470   577 0.57 -
5658_g               -           2126 9601at5794           -            304     0.004   16.2   0.0   1   1   6.2e-05     0.008   15.2   0.0   137   232  1721  1806  1709  1808 0.83 -
6589_g               -           2126 9601at5794           -            304     0.004   16.2   0.0   1   1   6.2e-05     0.008   15.2   0.0   137   232  1721  1806  1709  1808 0.83 -
2132_g               -            698 9601at5794           -            304    0.0077   15.3   0.0   1   2      0.15        20    4.1   0.0   129   176   560   606   537   610 0.81 -
2132_g               -            698 9601at5794           -            304    0.0077   15.3   0.0   2   2    0.0028      0.37    9.8   0.0   129   176   602   649   598   655 0.87 -
2427_g               -            698 9601at5794           -            304    0.0077   15.3   0.0   1   2      0.15        20    4.1   0.0   129   176   560   606   537   610 0.81 -
2427_g               -            698 9601at5794           -            304    0.0077   15.3   0.0   2   2    0.0028      0.37    9.8   0.0   129   176   602   649   598   655 0.87 -
12641_g              -           1853 9601at5794           -            304     0.022   13.8   0.0   1   2      0.04       5.2    6.0   0.0   237   269   379   412   374   421 0.90 -
12641_g              -           1853 9601at5794           -            304     0.022   13.8   0.0   2   2      0.24        31    3.5   0.0   241   269   427   455   422   458 0.85 -
9882_g               -           1853 9601at5794           -            304     0.022   13.8   0.0   1   2      0.04       5.2    6.0   0.0   237   269   379   412   374   421 0.90 -
9882_g               -           1853 9601at5794           -            304     0.022   13.8   0.0   2   2      0.24        31    3.5   0.0   241   269   427   455   422   458 0.85 -
6987_g               -            718 9601at5794           -            304     0.023   13.8   0.0   1   2   0.00065     0.085   11.9   0.0   235   303   497   572   487   575 0.87 -
6987_g               -            718 9601at5794           -            304     0.023   13.8   0.0   2   2       7.5   9.7e+02   -1.5   0.0   222   268   653   704   633   709 0.71 -
7925_g               -            718 9601at5794           -            304     0.023   13.8   0.0   1   2   0.00065     0.085   11.9   0.0   235   303   497   572   487   575 0.87 -
7925_g               -            718 9601at5794           -            304     0.023   13.8   0.0   2   2       7.5   9.7e+02   -1.5   0.0   222   268   653   704   633   709 0.71 -
7140_g               -            566 9601at5794           -            304     0.028   13.5   0.2   1   3      0.18        23    3.9   0.1   154   176   103   125    98   146 0.52 -
7140_g               -            566 9601at5794           -            304     0.028   13.5   0.2   2   3      0.78     1e+02    1.8   0.0   148   172   145   169   140   179 0.78 -
7140_g               -            566 9601at5794           -            304     0.028   13.5   0.2   3   3      0.16        21    4.0   0.0   145   272   288   316   270   341 0.68 -
7777_g               -            566 9601at5794           -            304     0.028   13.5   0.2   1   3      0.18        23    3.9   0.1   154   176   103   125    98   146 0.52 -
7777_g               -            566 9601at5794           -            304     0.028   13.5   0.2   2   3      0.78     1e+02    1.8   0.0   148   172   145   169   140   179 0.78 -
7777_g               -            566 9601at5794           -            304     0.028   13.5   0.2   3   3      0.16        21    4.0   0.0   145   272   288   316   270   341 0.68 -
12606_g              -           1149 9601at5794           -            304      0.03   13.4   0.4   1   2       1.9   2.5e+02    0.5   0.0   241   269   443   470   437   474 0.84 -
12606_g              -           1149 9601at5794           -            304      0.03   13.4   0.4   2   2    0.0041      0.54    9.2   0.4   119   172   512   565   484   569 0.90 -
9917_g               -           1149 9601at5794           -            304      0.03   13.4   0.4   1   2       1.9   2.5e+02    0.5   0.0   241   269   443   470   437   474 0.84 -
9917_g               -           1149 9601at5794           -            304      0.03   13.4   0.4   2   2    0.0041      0.54    9.2   0.4   119   172   512   565   484   569 0.90 -
7424_g               -            867 9601at5794           -            304     0.034   13.2   0.0   1   3       5.2   6.8e+02   -0.9   0.0   145   170   494   519   481   528 0.83 -
7424_g               -            867 9601at5794           -            304     0.034   13.2   0.0   2   3     0.031       4.1    6.4   0.0   145   180   585   620   571   630 0.83 -
7424_g               -            867 9601at5794           -            304     0.034   13.2   0.0   3   3      0.38        50    2.8   0.0   140   169   692   721   677   736 0.85 -
7496_g               -            867 9601at5794           -            304     0.034   13.2   0.0   1   3       5.2   6.8e+02   -0.9   0.0   145   170   494   519   481   528 0.83 -
7496_g               -            867 9601at5794           -            304     0.034   13.2   0.0   2   3     0.031       4.1    6.4   0.0   145   180   585   620   571   630 0.83 -
7496_g               -            867 9601at5794           -            304     0.034   13.2   0.0   3   3      0.38        50    2.8   0.0   140   169   692   721   677   736 0.85 -
11045_g              -           1827 9601at5794           -            304     0.036   13.1   0.0   1   4       6.8   8.9e+02   -1.3   0.0   236   266   610   640   590   651 0.79 -
11045_g              -           1827 9601at5794           -            304     0.036   13.1   0.0   2   4     0.016       2.1    7.3   0.0   218   286   726   799   680   812 0.69 -
11045_g              -           1827 9601at5794           -            304     0.036   13.1   0.0   3   4       2.7   3.5e+02   -0.0   0.0   139   175  1600  1634  1595  1640 0.52 -
11045_g              -           1827 9601at5794           -            304     0.036   13.1   0.0   4   4       8.2   1.1e+03   -1.6   0.0    98   134  1744  1783  1687  1787 0.66 -
11842_g              -           1827 9601at5794           -            304     0.036   13.1   0.0   1   4       6.8   8.9e+02   -1.3   0.0   236   266   610   640   590   651 0.79 -
11842_g              -           1827 9601at5794           -            304     0.036   13.1   0.0   2   4     0.016       2.1    7.3   0.0   218   286   726   799   680   812 0.69 -
11842_g              -           1827 9601at5794           -            304     0.036   13.1   0.0   3   4       2.7   3.5e+02   -0.0   0.0   139   175  1600  1634  1595  1640 0.52 -
11842_g              -           1827 9601at5794           -            304     0.036   13.1   0.0   4   4       8.2   1.1e+03   -1.6   0.0    98   134  1744  1783  1687  1787 0.66 -
1682_g               -            474 9601at5794           -            304     0.059   12.4   0.0   1   1   0.00072     0.094   11.7   0.0   212   262    55   109    51   115 0.82 -
865_g                -            474 9601at5794           -            304     0.059   12.4   0.0   1   1   0.00072     0.094   11.7   0.0   212   262    55   109    51   115 0.82 -
13224_g              -           1305 9601at5794           -            304     0.066   12.2   0.0   1   2     0.028       3.6    6.5   0.0   141   181   622   662   609   671 0.84 -
13224_g              -           1305 9601at5794           -            304     0.066   12.2   0.0   2   2      0.31        40    3.1   0.0   130   173  1076  1121  1068  1140 0.81 -
10009_g              -           1576 9601at5794           -            304      0.13   11.3   0.0   1   3      0.85   1.1e+02    1.7   0.0   138   178   121   162   104   168 0.76 -
10009_g              -           1576 9601at5794           -            304      0.13   11.3   0.0   2   3       3.7   4.8e+02   -0.5   0.0   212   236   249   273   237   290 0.79 -
10009_g              -           1576 9601at5794           -            304      0.13   11.3   0.0   3   3     0.049       6.4    5.7   0.0   227   268   294   346   256   354 0.74 -
12509_g              -           1576 9601at5794           -            304      0.13   11.3   0.0   1   3      0.85   1.1e+02    1.7   0.0   138   178   121   162   104   168 0.76 -
12509_g              -           1576 9601at5794           -            304      0.13   11.3   0.0   2   3       3.7   4.8e+02   -0.5   0.0   212   236   249   273   237   290 0.79 -
12509_g              -           1576 9601at5794           -            304      0.13   11.3   0.0   3   3     0.049       6.4    5.7   0.0   227   268   294   346   256   354 0.74 -
7061_g               -           3573 9601at5794           -            304      0.17   10.9   0.1   1   2         3   3.9e+02   -0.1   0.0   200   277    34    72    13    87 0.53 -
7061_g               -           3573 9601at5794           -            304      0.17   10.9   0.1   2   2    0.0097       1.3    8.0   0.0   217   270  3508  3566  3493  3571 0.63 -
7855_g               -           3573 9601at5794           -            304      0.17   10.9   0.1   1   2         3   3.9e+02   -0.1   0.0   200   277    34    72    13    87 0.53 -
7855_g               -           3573 9601at5794           -            304      0.17   10.9   0.1   2   2    0.0097       1.3    8.0   0.0   217   270  3508  3566  3493  3571 0.63 -
6765_g               -            684 9601at5794           -            304      0.17   10.9   0.0   1   1    0.0043      0.55    9.2   0.0   214   233   170   189   163   203 0.59 -
8147_g               -            684 9601at5794           -            304      0.17   10.9   0.0   1   1    0.0043      0.55    9.2   0.0   214   233   170   189   163   203 0.59 -
12597_g              -           2081 9601at5794           -            304      0.17   10.9   0.0   1   3     0.051       6.6    5.7   0.0   217   274   440   497   430   508 0.80 -
12597_g              -           2081 9601at5794           -            304      0.17   10.9   0.0   2   3       2.1   2.8e+02    0.4   0.0   249   269   615   636   606   690 0.59 -
12597_g              -           2081 9601at5794           -            304      0.17   10.9   0.0   3   3       5.4     7e+02   -1.0   0.0   212   230  1496  1514  1487  1518 0.82 -
9926_g               -           2081 9601at5794           -            304      0.17   10.9   0.0   1   3     0.051       6.6    5.7   0.0   217   274   440   497   430   508 0.80 -
9926_g               -           2081 9601at5794           -            304      0.17   10.9   0.0   2   3       2.1   2.8e+02    0.4   0.0   249   269   615   636   606   690 0.59 -
9926_g               -           2081 9601at5794           -            304      0.17   10.9   0.0   3   3       5.4     7e+02   -1.0   0.0   212   230  1496  1514  1487  1518 0.82 -
15731_g              -            178 9601at5794           -            304      0.19   10.7   0.0   1   1    0.0021      0.28   10.2   0.0   212   268   109   169    39   175 0.79 -
2855_g               -           1851 9601at5794           -            304      0.27   10.2   0.6   1   2         8     1e+03   -1.5   0.0   236   272  1522  1557  1519  1599 0.70 -
2855_g               -           1851 9601at5794           -            304      0.27   10.2   0.6   2   2     0.018       2.3    7.1   0.2   234   275  1700  1742  1674  1749 0.54 -
3536_g               -           1851 9601at5794           -            304      0.27   10.2   0.6   1   2         8     1e+03   -1.5   0.0   236   272  1522  1557  1519  1599 0.70 -
3536_g               -           1851 9601at5794           -            304      0.27   10.2   0.6   2   2     0.018       2.3    7.1   0.2   234   275  1700  1742  1674  1749 0.54 -
#
# Program:         hmmsearch
# Version:         3.1b2 (February 2015)
# Pipeline mode:   SEARCH
# Query file:      /mnt/e/Bioinformatics/Semester2/BINP29/Malaria Project/Genomes/Parsed/busco_downloads/lineages/apicomplexa_odb10/hmms/9601at5794.hmm
# Target file:     /mnt/e/Bioinformatics/Semester2/BINP29/Malaria Project/Genomes/Parsed/Tg_new.faa
# Option settings: hmmsearch --domtblout /mnt/e/Bioinformatics/Semester2/BINP29/Malaria Project/Genomes/Parsed/Tg/run_apicomplexa_odb10/hmmer_output/initial_run_results/9601at5794.out --cpu 1 /mnt/e/Bioinformatics/Semester2/BINP29/Malaria Project/Genomes/Parsed/busco_downloads/lineages/apicomplexa_odb10/hmms/9601at5794.hmm /mnt/e/Bioinformatics/Semester2/BINP29/Malaria Project/Genomes/Parsed/Tg_new.faa 
# Current dir:     /mnt/e/Bioinformatics/Semester2/BINP29/Malaria Project/Genomes/Parsed
# Date:            Wed Mar  1 19:36:32 2023
# [ok]
